2022-09-16 04:59:20 I Hazel Print           "Connet 20564 successfully!!!"
2022-09-16 04:59:20 I Hazel Get_alltests    "Get project name:Hazel id:20564 all testplans"
2022-09-16 04:59:21 I Hazel Get_alltests    "{9228382: {'id': 9228382, 'name': 'Audio Test Plan', 'archived': False, 'index': '9228382:Audio Test Plan'}, 8958160: {'id': 8958160, 'name': 'ESW Test Plan Hazel', 'archived': False, 'index': '8958160:ESW Test Plan Hazel'}, 8727731: {'id': 8727731, 'name': 'HW DVT Plan', 'archived': True, 'index': '8727731:HW DVT Plan'}, 8759587: {'id': 8759587, 'name': 'HW DVT Plan', 'archived': False, 'index': '8759587:HW DVT Plan'}, 9058329: {'id': 9058329, 'name': 'Packaging Verification Test plan', 'archived': False, 'index': '9058329:Packaging Verification Test plan'}, 8609683: {'id': 8609683, 'name': 'Product Verification Test Plan', 'archived': False, 'index': '8609683:Product Verification Test Plan'}, 9706640: {'id': 9706640, 'name': 'Regulatory Compliance  Plan', 'archived': False, 'index': '9706640:Regulatory Compliance  Plan'}, 9538101: {'id': 9538101, 'name': 'RF range test', 'archived': False, 'index': '9538101:RF range test'}}"
2022-09-16 04:59:21 I Hazel Get_alltests    "Get project name:Hazel id:20564 all testplans successful!!!"
2022-09-16 05:06:22 I Hazel tidy_alltestcas "1250"
2022-09-16 05:11:43 I Hazel Print           "DROP TABLE IF EXISTS testcases:successful"
2022-09-16 05:11:43 I Hazel Print           "CREATE TABLE IF NOT EXISTS testcases (                             testplan_id INT,                             testplan_name TEXT,                             testgroup_id INT,                             testgroup_name TEXT,                             testcycle_id INT,                             testcycle_name TEXT,                             rel TEXT,                             id INT,                             uniqueid TEXT,                             name TEXT,                             status TEXT,                             upstream TEXT,                             downstream TEXT,                             executionDate TEXT) ENGINE=InnoDB DEFAULT CHARSET=utf8:successful"
2022-09-16 05:11:43 I Hazel update_database "Insert testcases table successful"
2022-09-16 05:11:43 I Hazel Print           "CREATE TABLE IF NOT EXISTS tests (                             testplan_id INT,                             testplan_name TEXT,                             testplan_status TEXT,                             rel TEXT, status TEXT,                             count INT, date TEXT) ENGINE=InnoDB DEFAULT CHARSET=utf8:successful"
2022-09-16 05:11:43 I Hazel Print           "DELETE FROM tests WHERE date='2022-09-16':successful"
2022-09-16 05:11:43 I Hazel Print           "SELECT testplan_id FROM tests GROUP BY testplan_id:successful"
2022-09-16 05:11:43 I Hazel Print           "SELECT testplan_name FROM tests WHERE testplan_id=9228382 LIMIT 1:successful"
2022-09-16 05:11:43 I Hazel Print           "UPDATE tests SET testplan_status='Active' WHERE testplan_id=9228382:successful"
2022-09-16 05:11:43 I Hazel Print           "SELECT testplan_name FROM tests WHERE testplan_id=8958160 LIMIT 1:successful"
2022-09-16 05:11:43 I Hazel Print           "UPDATE tests SET testplan_status='Active' WHERE testplan_id=8958160:successful"
2022-09-16 05:11:43 I Hazel Print           "SELECT testplan_name FROM tests WHERE testplan_id=8759587 LIMIT 1:successful"
2022-09-16 05:11:43 I Hazel Print           "UPDATE tests SET testplan_status='Active' WHERE testplan_id=8759587:successful"
2022-09-16 05:11:43 I Hazel Print           "SELECT testplan_name FROM tests WHERE testplan_id=8609683 LIMIT 1:successful"
2022-09-16 05:11:43 I Hazel Print           "UPDATE tests SET testplan_status='Active' WHERE testplan_id=8609683:successful"
2022-09-16 05:11:43 I Hazel Print           "SELECT testplan_name FROM tests WHERE testplan_id=9706640 LIMIT 1:successful"
2022-09-16 05:11:43 I Hazel Print           "UPDATE tests SET testplan_status='Active' WHERE testplan_id=9706640:successful"
2022-09-16 05:11:43 I Hazel Print           "SELECT testplan_name FROM tests WHERE testplan_id=9538101 LIMIT 1:successful"
2022-09-16 05:11:43 I Hazel Print           "UPDATE tests SET testplan_status='Active' WHERE testplan_id=9538101:successful"
2022-09-16 05:11:43 I Hazel Print           "INSERT INTO tests (testplan_id, testplan_name, testplan_status, rel, status, count, date) SELECT testplan_id, testplan_name, 'Active' as testplan_status, rel, status, count((@rn := @rn + 1)) as count, '2022-09-16' as date FROM testcases cross join (select @rn := 0) const GROUP BY testplan_id, rel, status:successful"
2022-09-16 05:11:43 I Hazel update_database "Insert tests table successful"
2022-09-16 05:11:43 I Hazel Print           "CREATE TABLE IF NOT EXISTS testapproval (                                 rel TEXT, team TEXT, status TEXT, upstream TEXT, count INT, date TEXT                                 ) ENGINE=InnoDB DEFAULT CHARSET=utf8:successful"
2022-09-16 05:11:43 I Hazel Print           "DROP TABLE IF EXISTS alltestapproval:successful"
2022-09-16 05:11:43 I Hazel Print           "CREATE TABLE IF NOT EXISTS alltestapproval (                                 id INT, uniqueid TEXT, name TEXT, status TEXT, rel TEXT, team TEXT, upstream TEXT                                 ) ENGINE=InnoDB DEFAULT CHARSET=utf8:successful"
2022-09-16 05:11:43 I Hazel Print           "DELETE FROM testapproval WHERE date='2022-09-16':successful"
2022-09-16 05:11:44 I Hazel Print           "INSERT INTO testapproval (rel, team, status, count, date, upstream) SELECT rel, team, status, count((@rn := @rn + 1)) as count, '2022-09-16' as date, upstream FROM alltestapproval cross join (select @rn := 0) const GROUP BY rel, team, status, upstream:successful"
2022-09-16 05:11:59 I Hazel Get_allfeatuers "[]"
2022-09-16 05:11:59 I Hazel Print           "CREATE TABLE IF NOT EXISTS features (                                rel TEXT, status TEXT, count INT, date TEXT) ENGINE=InnoDB DEFAULT CHARSET=utf8:successful"
2022-09-16 05:11:59 I Hazel Print           "CREATE TABLE IF NOT EXISTS allfeatures (                                id INT, uniqueid TEXT, name TEXT, status TEXT, rel TEXT,test_status TEXT) ENGINE=InnoDB DEFAULT CHARSET=utf8:successful"
2022-09-16 05:11:59 I Hazel Print           "DELETE FROM features WHERE date='2022-09-16':successful"
2022-09-16 05:11:59 I Hazel Print           "DELETE FROM allfeatures WHERE id=17576711:successful"
2022-09-16 05:11:59 I Hazel Print           "DELETE FROM allfeatures WHERE id=17576707:successful"
2022-09-16 05:11:59 I Hazel Print           "DELETE FROM allfeatures WHERE id=17078494:successful"
2022-09-16 05:11:59 I Hazel Print           "DELETE FROM allfeatures WHERE id=16914615:successful"
2022-09-16 05:11:59 I Hazel Print           "DELETE FROM allfeatures WHERE id=16914612:successful"
2022-09-16 05:11:59 I Hazel Print           "DELETE FROM allfeatures WHERE id=16914609:successful"
2022-09-16 05:11:59 I Hazel Print           "DELETE FROM allfeatures WHERE id=16747896:successful"
2022-09-16 05:11:59 I Hazel Print           "DELETE FROM allfeatures WHERE id=16740241:successful"
2022-09-16 05:11:59 I Hazel Print           "DELETE FROM allfeatures WHERE id=16740211:successful"
2022-09-16 05:11:59 I Hazel Print           "DELETE FROM allfeatures WHERE id=16699922:successful"
2022-09-16 05:11:59 I Hazel Print           "DELETE FROM allfeatures WHERE id=16699920:successful"
2022-09-16 05:11:59 I Hazel Print           "DELETE FROM allfeatures WHERE id=15882040:successful"
2022-09-16 05:11:59 I Hazel Print           "DELETE FROM allfeatures WHERE id=15810503:successful"
2022-09-16 05:11:59 I Hazel Print           "DELETE FROM allfeatures WHERE id=15810493:successful"
2022-09-16 05:11:59 I Hazel Print           "INSERT INTO features (rel, status, count, date)                                 SELECT rel, status, count((@rn := @rn + 1)) as count, '2022-09-16' as date FROM allfeatures cross join (select @rn := 0) const GROUP BY rel, status:successful"
2022-09-16 05:12:18 I Hazel Get_allchangere "[{'id': 9915549, 'name': 'Lower inlay pull out requirement', 'documentKey': 'Haz-CR-9', 'statusId': 156409, 'status': 'Draft', 'priorityId': 156646, 'priority': 'Normal', 'req': 'Unassigned'}]"
2022-09-16 05:12:18 I Hazel Print           "CREATE TABLE IF NOT EXISTS changes (                                 rel TEXT, status TEXT, priority TEXT,                                 requester TEXT, date TEXT, count INT) ENGINE=InnoDB DEFAULT CHARSET=utf8:successful"
2022-09-16 05:12:18 I Hazel Print           "CREATE TABLE IF NOT EXISTS allchanges (                                 id INT, uniqueid TEXT, name TEXT,                                 status TEXT, rel TEXT, priority TEXT,                                 requester TEXT) ENGINE=InnoDB DEFAULT CHARSET=utf8:successful"
2022-09-16 05:12:18 I Hazel Print           "DELETE FROM changes WHERE date='2022-09-16':successful"
2022-09-16 05:12:18 I Hazel Print           "DELETE FROM allchanges WHERE id=9915549:successful"
2022-09-16 05:12:18 I Hazel Print           "INSERT INTO changes (                                 rel, status, priority, requester, date, count)                                 SELECT rel, status, priority, requester, '2022-09-16' as date, count((@rn := @rn + 1)) as count FROM allchanges                                 cross join (select @rn := 0) const GROUP BY rel, status, priority, requester:successful"
2022-09-16 05:12:25 I Hazel Print           "CREATE TABLE IF NOT EXISTS designspec (                            rel TEXT, team TEXT, status TEXT, count INT, date text) ENGINE=InnoDB DEFAULT CHARSET=utf8:successful"
2022-09-16 05:12:25 I Hazel Print           "CREATE TABLE IF NOT EXISTS alldesignspec (                             id INT, uniqueid TEXT, name TEXT, status TEXT, rel TEXT, team TEXT) ENGINE=InnoDB DEFAULT CHARSET=utf8:successful"
2022-09-16 05:12:25 I Hazel Print           "DELETE FROM designspec WHERE date='2022-09-16':successful"
2022-09-16 05:12:25 I Hazel Print           "INSERT INTO designspec (rel, team, status, count, date) SELECT rel, team, status, count((@rn := @rn + 1)) as count, '2022-09-16' as date FROM alldesignspec cross join (select @rn := 0) const GROUP BY rel, team, status:successful"
2022-09-16 05:12:39 I Hazel Get_alluserstor "[]"
2022-09-16 05:12:39 I Hazel Print           "CREATE TABLE IF NOT EXISTS userstories (                 rel TEXT, status TEXT, count INT, date TEXT) ENGINE=InnoDB DEFAULT CHARSET=utf8:successful"
2022-09-16 05:12:39 I Hazel Print           "CREATE TABLE IF NOT EXISTS alluserstories (                 id INT, uniqueid TEXT, name TEXT, status TEXT, rel TEXT) ENGINE=InnoDB DEFAULT CHARSET=utf8:successful"
2022-09-16 05:12:39 I Hazel Print           "DELETE FROM userstories WHERE date='2022-09-16':successful"
2022-09-16 05:12:39 I Hazel Print           "INSERT INTO userstories (rel, status, count, date) SELECT rel, status, count((@rn := @rn + 1)) as count, '2022-09-16' as date FROM alluserstories cross join (select @rn := 0) const GROUP BY rel, status:successful"
2022-09-16 05:17:19 I Hazel Print           "CREATE TABLE IF NOT EXISTS defects (                     rel TEXT, team TEXT, status TEXT, priority TEXT, count INT, date TEXT) ENGINE=InnoDB DEFAULT CHARSET=utf8:successful"
2022-09-16 05:17:19 I Hazel Print           "CREATE TABLE IF NOT EXISTS alldefects (                     id INT, uniqueid TEXT, name TEXT, status TEXT, rel TEXT, team TEXT, priority TEXT, jira TEXT, upstream TEXT) ENGINE=InnoDB DEFAULT CHARSET=utf8:successful"
2022-09-16 05:17:19 I Hazel Print           "DELETE FROM defects WHERE date='2022-09-16':successful"
2022-09-16 05:17:19 I Hazel Print           "DELETE FROM alldefects WHERE id = 8913604:successful"
2022-09-16 05:17:19 I Hazel Print           "DELETE FROM alldefects WHERE id = 9290794:successful"
2022-09-16 05:17:19 I Hazel Print           "DELETE FROM alldefects WHERE id = 9323149:successful"
2022-09-16 05:17:19 I Hazel Print           "DELETE FROM alldefects WHERE id = 9339106:successful"
2022-09-16 05:17:19 I Hazel Print           "DELETE FROM alldefects WHERE id = 9339107:successful"
2022-09-16 05:17:19 I Hazel Print           "DELETE FROM alldefects WHERE id = 9453365:successful"
2022-09-16 05:17:19 I Hazel Print           "DELETE FROM alldefects WHERE id = 9455200:successful"
2022-09-16 05:17:19 I Hazel Print           "DELETE FROM alldefects WHERE id = 9456027:successful"
2022-09-16 05:17:19 I Hazel Print           "DELETE FROM alldefects WHERE id = 9457406:successful"
2022-09-16 05:17:19 I Hazel Print           "DELETE FROM alldefects WHERE id = 9457407:successful"
2022-09-16 05:17:19 I Hazel Print           "DELETE FROM alldefects WHERE id = 9457429:successful"
2022-09-16 05:17:19 I Hazel Print           "DELETE FROM alldefects WHERE id = 9464426:successful"
2022-09-16 05:17:19 I Hazel Print           "DELETE FROM alldefects WHERE id = 9495759:successful"
2022-09-16 05:17:19 I Hazel Print           "DELETE FROM alldefects WHERE id = 9549011:successful"
2022-09-16 05:17:19 I Hazel Print           "DELETE FROM alldefects WHERE id = 9549014:successful"
2022-09-16 05:17:19 I Hazel Print           "DELETE FROM alldefects WHERE id = 9561493:successful"
2022-09-16 05:17:19 I Hazel Print           "DELETE FROM alldefects WHERE id = 9562093:successful"
2022-09-16 05:17:19 I Hazel Print           "DELETE FROM alldefects WHERE id = 9597539:successful"
2022-09-16 05:17:19 I Hazel Print           "DELETE FROM alldefects WHERE id = 9598117:successful"
2022-09-16 05:17:19 I Hazel Print           "DELETE FROM alldefects WHERE id = 9600534:successful"
2022-09-16 05:17:19 I Hazel Print           "DELETE FROM alldefects WHERE id = 9600619:successful"
2022-09-16 05:17:19 I Hazel Print           "DELETE FROM alldefects WHERE id = 9601231:successful"
2022-09-16 05:17:19 I Hazel Print           "DELETE FROM alldefects WHERE id = 9619679:successful"
2022-09-16 05:17:19 I Hazel Print           "DELETE FROM alldefects WHERE id = 9620450:successful"
2022-09-16 05:17:19 I Hazel Print           "DELETE FROM alldefects WHERE id = 9634841:successful"
2022-09-16 05:17:19 I Hazel Print           "DELETE FROM alldefects WHERE id = 9638630:successful"
2022-09-16 05:17:19 I Hazel Print           "DELETE FROM alldefects WHERE id = 9656813:successful"
2022-09-16 05:17:19 I Hazel Print           "DELETE FROM alldefects WHERE id = 9681665:successful"
2022-09-16 05:17:19 I Hazel Print           "DELETE FROM alldefects WHERE id = 9688375:successful"
2022-09-16 05:17:19 I Hazel Print           "DELETE FROM alldefects WHERE id = 9689248:successful"
2022-09-16 05:17:19 I Hazel Print           "DELETE FROM alldefects WHERE id = 9689977:successful"
2022-09-16 05:17:19 I Hazel Print           "DELETE FROM alldefects WHERE id = 9694096:successful"
2022-09-16 05:17:19 I Hazel Print           "DELETE FROM alldefects WHERE id = 9694885:successful"
2022-09-16 05:17:19 I Hazel Print           "DELETE FROM alldefects WHERE id = 9695139:successful"
2022-09-16 05:17:19 I Hazel Print           "DELETE FROM alldefects WHERE id = 9733840:successful"
2022-09-16 05:17:19 I Hazel Print           "DELETE FROM alldefects WHERE id = 9734856:successful"
2022-09-16 05:17:19 I Hazel Print           "DELETE FROM alldefects WHERE id = 9751055:successful"
2022-09-16 05:17:19 I Hazel Print           "DELETE FROM alldefects WHERE id = 9780389:successful"
2022-09-16 05:17:19 I Hazel Print           "DELETE FROM alldefects WHERE id = 9804176:successful"
2022-09-16 05:17:19 I Hazel Print           "DELETE FROM alldefects WHERE id = 9805598:successful"
2022-09-16 05:17:19 I Hazel Print           "DELETE FROM alldefects WHERE id = 9839330:successful"
2022-09-16 05:17:19 I Hazel Print           "DELETE FROM alldefects WHERE id = 9866237:successful"
2022-09-16 05:17:19 I Hazel Print           "DELETE FROM alldefects WHERE id = 9872721:successful"
2022-09-16 05:17:19 I Hazel Print           "DELETE FROM alldefects WHERE id = 9874646:successful"
2022-09-16 05:17:19 I Hazel Print           "DELETE FROM alldefects WHERE id = 9875490:successful"
2022-09-16 05:17:19 I Hazel Print           "DELETE FROM alldefects WHERE id = 9879061:successful"
2022-09-16 05:17:19 I Hazel Print           "DELETE FROM alldefects WHERE id = 9881931:successful"
2022-09-16 05:17:19 I Hazel Print           "DELETE FROM alldefects WHERE id = 9881999:successful"
2022-09-16 05:17:19 I Hazel Print           "DELETE FROM alldefects WHERE id = 9884395:successful"
2022-09-16 05:17:19 I Hazel Print           "DELETE FROM alldefects WHERE id = 9891852:successful"
2022-09-16 05:17:19 I Hazel Print           "DELETE FROM alldefects WHERE id = 9891859:successful"
2022-09-16 05:17:19 I Hazel Print           "DELETE FROM alldefects WHERE id = 9947321:successful"
2022-09-16 05:17:19 I Hazel Print           "DELETE FROM alldefects WHERE id = 9976897:successful"
2022-09-16 05:17:19 I Hazel Print           "DELETE FROM alldefects WHERE id = 10032530:successful"
2022-09-16 05:17:19 I Hazel Print           "DELETE FROM alldefects WHERE id = 10032531:successful"
2022-09-16 05:17:19 I Hazel Print           "DELETE FROM alldefects WHERE id = 10046437:successful"
2022-09-16 05:17:19 I Hazel Print           "Not enough parameters for the SQL statement"
2022-09-16 05:17:19 I Hazel Print           "INSERT INTO defects (rel, team, status, count, date, priority) SELECT rel, team, status, count((@rn := @rn + 1)) as count, '2022-09-16' as date, priority FROM alldefects cross join (select @rn := 0) const GROUP BY rel, team, status, priority:successful"
2022-09-16 05:24:06 I Hazel get_multipickli "Digital Experience – Android don't find the mainteam name from G_parameter"
2022-09-16 05:24:10 I Hazel get_multipickli "Digital Experience – IOS don't find the mainteam name from G_parameter"
2022-09-16 05:24:11 I Hazel get_multipickli "Digital Experience – SDK don't find the mainteam name from G_parameter"
2022-09-16 05:25:45 I Hazel get_multipickli "Unassigned don't find the mainteam name from G_parameter"
2022-09-16 05:31:35 I Hazel get_multipickli "Unassigned don't find the mainteam name from G_parameter"
2022-09-16 05:31:43 I Hazel get_multipickli "Digital Experience – Android don't find the mainteam name from G_parameter"
2022-09-16 05:31:43 I Hazel get_multipickli "Digital Experience – IOS don't find the mainteam name from G_parameter"
2022-09-16 05:31:47 I Hazel get_multipickli "Digital Experience – Android don't find the mainteam name from G_parameter"
2022-09-16 05:31:47 I Hazel get_multipickli "Digital Experience – IOS don't find the mainteam name from G_parameter"
2022-09-16 05:31:49 I Hazel get_multipickli "Digital Experience – Android don't find the mainteam name from G_parameter"
2022-09-16 05:31:49 I Hazel get_multipickli "Digital Experience – IOS don't find the mainteam name from G_parameter"
2022-09-16 05:31:52 I Hazel get_multipickli "Digital Experience – Android don't find the mainteam name from G_parameter"
2022-09-16 05:31:52 I Hazel get_multipickli "Digital Experience – IOS don't find the mainteam name from G_parameter"
2022-09-16 05:32:02 I Hazel get_multipickli "ESW Platform Test don't find the mainteam name from G_parameter"
2022-09-16 05:32:12 I Hazel get_multipickli "Digital Experience – Android don't find the mainteam name from G_parameter"
2022-09-16 05:32:12 I Hazel get_multipickli "Digital Experience – IOS don't find the mainteam name from G_parameter"
2022-09-16 05:32:28 I Hazel get_multipickli "Unassigned don't find the mainteam name from G_parameter"
2022-09-16 05:32:38 I Hazel get_multipickli "ESW Platform Test don't find the mainteam name from G_parameter"
2022-09-16 05:32:55 I Hazel get_multipickli "Digital Experience – Android don't find the mainteam name from G_parameter"
2022-09-16 05:32:55 I Hazel get_multipickli "Digital Experience – IOS don't find the mainteam name from G_parameter"
2022-09-16 05:32:55 I Hazel get_multipickli "Digital Experience – SDK don't find the mainteam name from G_parameter"
2022-09-16 05:32:58 I Hazel get_multipickli "Unassigned don't find the mainteam name from G_parameter"
2022-09-16 05:33:14 I Hazel get_multipickli "ESW Platform Test don't find the mainteam name from G_parameter"
2022-09-16 05:33:17 I Hazel get_multipickli "ESW Platform Test don't find the mainteam name from G_parameter"
2022-09-16 05:33:20 I Hazel get_multipickli "Unassigned don't find the mainteam name from G_parameter"
2022-09-16 05:33:20 I Hazel get_multipickli "ESW Platform Test don't find the mainteam name from G_parameter"
2022-09-16 05:33:38 I Hazel get_multipickli "ESW Platform Test don't find the mainteam name from G_parameter"
2022-09-16 05:33:42 I Hazel get_multipickli "ESW Platform Test don't find the mainteam name from G_parameter"
2022-09-16 05:34:17 I Hazel get_multipickli "Digital Experience – Android don't find the mainteam name from G_parameter"
2022-09-16 05:34:17 I Hazel get_multipickli "Digital Experience – IOS don't find the mainteam name from G_parameter"
2022-09-16 05:34:48 I Hazel get_multipickli "Digital Experience – Android don't find the mainteam name from G_parameter"
2022-09-16 05:34:48 I Hazel get_multipickli "Digital Experience – IOS don't find the mainteam name from G_parameter"
2022-09-16 05:35:08 I Hazel get_multipickli "Digital Experience – Android don't find the mainteam name from G_parameter"
2022-09-16 05:35:08 I Hazel get_multipickli "Digital Experience – IOS don't find the mainteam name from G_parameter"
2022-09-16 05:35:19 I Hazel get_multipickli "Digital Experience – Android don't find the mainteam name from G_parameter"
2022-09-16 05:35:19 I Hazel get_multipickli "Digital Experience – IOS don't find the mainteam name from G_parameter"
2022-09-16 05:38:38 I Hazel get_multipickli "Digital Experience – Android don't find the mainteam name from G_parameter"
2022-09-16 05:38:38 I Hazel get_multipickli "Digital Experience – IOS don't find the mainteam name from G_parameter"
2022-09-16 05:38:44 I Hazel get_multipickli "Digital Experience – Android don't find the mainteam name from G_parameter"
2022-09-16 05:38:44 I Hazel get_multipickli "Digital Experience – IOS don't find the mainteam name from G_parameter"
2022-09-16 05:38:48 I Hazel get_multipickli "Digital Experience – Android don't find the mainteam name from G_parameter"
2022-09-16 05:38:48 I Hazel get_multipickli "Digital Experience – IOS don't find the mainteam name from G_parameter"
2022-09-16 05:38:52 I Hazel get_multipickli "Digital Experience – Android don't find the mainteam name from G_parameter"
2022-09-16 05:38:52 I Hazel get_multipickli "Digital Experience – IOS don't find the mainteam name from G_parameter"
2022-09-16 05:38:56 I Hazel get_multipickli "Digital Experience – Android don't find the mainteam name from G_parameter"
2022-09-16 05:38:56 I Hazel get_multipickli "Digital Experience – IOS don't find the mainteam name from G_parameter"
2022-09-16 05:39:00 I Hazel get_multipickli "Digital Experience – Android don't find the mainteam name from G_parameter"
2022-09-16 05:39:00 I Hazel get_multipickli "Digital Experience – IOS don't find the mainteam name from G_parameter"
2022-09-16 05:39:03 I Hazel get_multipickli "Digital Experience – Android don't find the mainteam name from G_parameter"
2022-09-16 05:39:03 I Hazel get_multipickli "Digital Experience – IOS don't find the mainteam name from G_parameter"
2022-09-16 05:39:09 I Hazel get_multipickli "Digital Experience – Android don't find the mainteam name from G_parameter"
2022-09-16 05:39:09 I Hazel get_multipickli "Digital Experience – IOS don't find the mainteam name from G_parameter"
2022-09-16 05:39:16 I Hazel get_multipickli "Unassigned don't find the mainteam name from G_parameter"
2022-09-16 05:39:18 I Hazel get_multipickli "Digital Experience – Android don't find the mainteam name from G_parameter"
2022-09-16 05:39:21 I Hazel get_multipickli "Digital Experience – Android don't find the mainteam name from G_parameter"
2022-09-16 05:39:24 I Hazel get_multipickli "Digital Experience – Android don't find the mainteam name from G_parameter"
2022-09-16 05:39:27 I Hazel get_multipickli "Digital Experience – Android don't find the mainteam name from G_parameter"
2022-09-16 05:39:30 I Hazel get_multipickli "Digital Experience – Android don't find the mainteam name from G_parameter"
2022-09-16 05:39:32 I Hazel get_multipickli "Digital Experience – Android don't find the mainteam name from G_parameter"
2022-09-16 05:39:36 I Hazel get_multipickli "Digital Experience – Android don't find the mainteam name from G_parameter"
2022-09-16 05:39:36 I Hazel get_multipickli "Digital Experience – IOS don't find the mainteam name from G_parameter"
2022-09-16 05:39:43 I Hazel get_multipickli "Unassigned don't find the mainteam name from G_parameter"
2022-09-16 05:40:35 I Hazel get_multipickli "Unassigned don't find the mainteam name from G_parameter"
2022-09-16 05:40:35 I Hazel get_multipickli "ESW Platform Test don't find the mainteam name from G_parameter"
2022-09-16 05:40:35 I Hazel Print           "DROP TABLE IF EXISTS allrequirements:successful"
2022-09-16 05:40:35 I Hazel Print           "DROP TABLE IF EXISTS allcoverage:successful"
2022-09-16 05:40:35 I Hazel Print           "CREATE TABLE IF NOT EXISTS requirements (                        rel TEXT, status TEXT, count INT, date TEXT) ENGINE=InnoDB DEFAULT CHARSET=utf8:successful"
2022-09-16 05:40:35 I Hazel Print           "CREATE TABLE IF NOT EXISTS allrequirements (                        id INT, uniqueid TEXT, name TEXT, status TEXT, rel TEXT, upstream TEXT, downstream TEXT, team TEXT, test_status TEXT) ENGINE=InnoDB DEFAULT CHARSET=utf8:successful"
2022-09-16 05:40:35 I Hazel Print           "CREATE TABLE IF NOT EXISTS coverage (                        team text, covered int, expected int, date text) ENGINE=InnoDB DEFAULT CHARSET=utf8:successful"
2022-09-16 05:40:35 I Hazel Print           "CREATE TABLE IF NOT EXISTS allcoverage (                        id INT, uniqueid TEXT, name TEXT, status TEXT, rel TEXT, verify TEXT, missing TEXT) ENGINE=InnoDB DEFAULT CHARSET=utf8:successful"
2022-09-16 05:40:35 I Hazel Print           "DELETE FROM requirements WHERE date='2022-09-16':successful"
2022-09-16 05:40:35 I Hazel Print           "DELETE FROM coverage WHERE date='2022-09-16':successful"
2022-09-16 05:40:35 I Hazel Print           "INSERT INTO requirements (rel, status, count, date) SELECT rel, status, count((@rn := @rn + 1)) as count, '2022-09-16' as date FROM allrequirements cross join (select @rn := 0) const GROUP BY rel, status:successful"
2022-09-16 05:40:35 I Hazel Print           "CREATE TABLE IF NOT EXISTS feattest (rel TEXT, status TEXT, count TEXT, date TEXT) ENGINE=InnoDB DEFAULT CHARSET=utf8:successful"
2022-09-16 05:40:35 I Hazel Print           "CREATE TABLE IF NOT EXISTS reqtest (rel TEXT, status TEXT, count TEXT, date TEXT) ENGINE=InnoDB DEFAULT CHARSET=utf8:successful"
2022-09-16 05:40:35 I Hazel Print           "SELECT id FROM allfeatures:successful"
2022-09-16 05:40:35 I Hazel Print           "SELECT id,upstream,downstream,team FROM allrequirements:successful"
2022-09-16 05:40:35 I Hazel Print           "SELECT id FROM allcoverage:successful"
2022-09-16 05:40:35 I Hazel Print           "SELECT * FROM testcases:successful"
