2022-11-13 04:59:20 I Osbor Print           "Connet 20403 successfully!!!"
2022-11-13 04:59:20 I Osbor Get_alltests    "Get project name:Osborn id:20403 all testplans"
2022-11-13 04:59:21 I Osbor Get_alltests    "{8341707: {'id': 8341707, 'name': 'Controller HW DVT test plan', 'archived': False, 'index': '8341707:Controller HW DVT test plan'}, 8226282: {'id': 8226282, 'name': 'HS HW DVT test plan', 'archived': False, 'index': '8226282:HS HW DVT test plan'}, 9037640: {'id': 9037640, 'name': 'Osborn Mid ESW Test Plan', 'archived': False, 'index': '9037640:Osborn Mid ESW Test Plan'}, 8264933: {'id': 8264933, 'name': 'Osborn ESW Test Plan', 'archived': False, 'index': '8264933:Osborn ESW Test Plan'}, 8769952: {'id': 8769952, 'name': 'Packaging verification plan', 'archived': False, 'index': '8769952:Packaging verification plan'}, 9976079: {'id': 9976079, 'name': 'Product Maintenance test Plan', 'archived': False, 'index': '9976079:Product Maintenance test Plan'}, 8093197: {'id': 8093197, 'name': 'Product Quality Plan and PVT inputs', 'archived': False, 'index': '8093197:Product Quality Plan and PVT inputs'}, 3396973: {'id': 3396973, 'name': 'Product Verification Test Plan', 'archived': False, 'index': '3396973:Product Verification Test Plan'}, 8049692: {'id': 8049692, 'name': 'Regulatory Compliance test plan', 'archived': False, 'index': '8049692:Regulatory Compliance test plan'}, 8295691: {'id': 8295691, 'name': 'UX evaluation  plan', 'archived': False, 'index': '8295691:UX evaluation  plan'}}"
2022-11-13 04:59:21 I Osbor Get_alltests    "Get project name:Osborn id:20403 all testplans successful!!!"
2022-11-13 05:21:59 I Osbor tidy_alltestcas "1297"
2022-11-13 05:25:03 I Osbor Print           "DROP TABLE IF EXISTS testcases:successful"
2022-11-13 05:25:03 I Osbor Print           "CREATE TABLE IF NOT EXISTS testcases (                             testplan_id INT,                             testplan_name TEXT,                             testgroup_id INT,                             testgroup_name TEXT,                             testcycle_id INT,                             testcycle_name TEXT,                             rel TEXT,                             id INT,                             uniqueid TEXT,                             name TEXT,                             status TEXT,                             upstream TEXT,                             downstream TEXT,                             executionDate TEXT) ENGINE=InnoDB DEFAULT CHARSET=utf8:successful"
2022-11-13 05:25:04 I Osbor update_database "Insert testcases table successful"
2022-11-13 05:25:04 I Osbor Print           "CREATE TABLE IF NOT EXISTS tests (                             testplan_id INT,                             testplan_name TEXT,                             testplan_status TEXT,                             rel TEXT, status TEXT,                             count INT, date TEXT) ENGINE=InnoDB DEFAULT CHARSET=utf8:successful"
2022-11-13 05:25:04 I Osbor Print           "DELETE FROM tests WHERE date='2022-11-13':successful"
2022-11-13 05:25:04 I Osbor Print           "SELECT testplan_id FROM tests GROUP BY testplan_id:successful"
2022-11-13 05:25:04 I Osbor Print           "SELECT testplan_name FROM tests WHERE testplan_id=8341707 LIMIT 1:successful"
2022-11-13 05:25:04 I Osbor Print           "UPDATE tests SET testplan_status='Active' WHERE testplan_id=8341707:successful"
2022-11-13 05:25:04 I Osbor Print           "SELECT testplan_name FROM tests WHERE testplan_id=8226282 LIMIT 1:successful"
2022-11-13 05:25:04 I Osbor Print           "UPDATE tests SET testplan_status='Active' WHERE testplan_id=8226282:successful"
2022-11-13 05:25:04 I Osbor Print           "SELECT testplan_name FROM tests WHERE testplan_id=9037640 LIMIT 1:successful"
2022-11-13 05:25:04 I Osbor Print           "UPDATE tests SET testplan_status='Active' WHERE testplan_id=9037640:successful"
2022-11-13 05:25:04 I Osbor Print           "SELECT testplan_name FROM tests WHERE testplan_id=8264933 LIMIT 1:successful"
2022-11-13 05:25:04 I Osbor Print           "UPDATE tests SET testplan_status='Active' WHERE testplan_id=8264933:successful"
2022-11-13 05:25:04 I Osbor Print           "SELECT testplan_name FROM tests WHERE testplan_id=8769952 LIMIT 1:successful"
2022-11-13 05:25:04 I Osbor Print           "UPDATE tests SET testplan_status='Active' WHERE testplan_id=8769952:successful"
2022-11-13 05:25:04 I Osbor Print           "SELECT testplan_name FROM tests WHERE testplan_id=3396973 LIMIT 1:successful"
2022-11-13 05:25:04 I Osbor Print           "UPDATE tests SET testplan_status='Active' WHERE testplan_id=3396973:successful"
2022-11-13 05:25:04 I Osbor Print           "SELECT testplan_name FROM tests WHERE testplan_id=8049692 LIMIT 1:successful"
2022-11-13 05:25:04 I Osbor Print           "UPDATE tests SET testplan_status='Active' WHERE testplan_id=8049692:successful"
2022-11-13 05:25:04 I Osbor Print           "INSERT INTO tests (testplan_id, testplan_name, testplan_status, rel, status, count, date) SELECT testplan_id, testplan_name, 'Active' as testplan_status, rel, status, count((@rn := @rn + 1)) as count, '2022-11-13' as date FROM testcases cross join (select @rn := 0) const GROUP BY testplan_id, rel, status:successful"
2022-11-13 05:25:04 I Osbor update_database "Insert tests table successful"
2022-11-13 05:25:04 I Osbor Print           "CREATE TABLE IF NOT EXISTS testapproval (                                 rel TEXT, team TEXT, status TEXT, upstream TEXT, count INT, date TEXT                                 ) ENGINE=InnoDB DEFAULT CHARSET=utf8:successful"
2022-11-13 05:25:04 I Osbor Print           "DROP TABLE IF EXISTS alltestapproval:successful"
2022-11-13 05:25:04 I Osbor Print           "CREATE TABLE IF NOT EXISTS alltestapproval (                                 id INT, uniqueid TEXT, name TEXT, status TEXT, rel TEXT, team TEXT, upstream TEXT                                 ) ENGINE=InnoDB DEFAULT CHARSET=utf8:successful"
2022-11-13 05:25:04 I Osbor Print           "DELETE FROM testapproval WHERE date='2022-11-13':successful"
2022-11-13 05:25:04 I Osbor Print           "INSERT INTO testapproval (rel, team, status, count, date, upstream) SELECT rel, team, status, count((@rn := @rn + 1)) as count, '2022-11-13' as date, upstream FROM alltestapproval cross join (select @rn := 0) const GROUP BY rel, team, status, upstream:successful"
2022-11-13 05:25:06 I Osbor Get_allfeatuers "[]"
2022-11-13 05:25:06 I Osbor Print           "CREATE TABLE IF NOT EXISTS features (                                rel TEXT, status TEXT, count INT, date TEXT) ENGINE=InnoDB DEFAULT CHARSET=utf8:successful"
2022-11-13 05:25:06 I Osbor Print           "CREATE TABLE IF NOT EXISTS allfeatures (                                id INT, uniqueid TEXT, name TEXT, status TEXT, rel TEXT,test_status TEXT) ENGINE=InnoDB DEFAULT CHARSET=utf8:successful"
2022-11-13 05:25:06 I Osbor Print           "DELETE FROM features WHERE date='2022-11-13':successful"
2022-11-13 05:25:06 I Osbor Print           "DELETE FROM allfeatures WHERE id=15620102:successful"
2022-11-13 05:25:06 I Osbor Print           "DELETE FROM allfeatures WHERE id=15620101:successful"
2022-11-13 05:25:06 I Osbor Print           "DELETE FROM allfeatures WHERE id=15620100:successful"
2022-11-13 05:25:06 I Osbor Print           "DELETE FROM allfeatures WHERE id=15620099:successful"
2022-11-13 05:25:06 I Osbor Print           "DELETE FROM allfeatures WHERE id=15620098:successful"
2022-11-13 05:25:06 I Osbor Print           "DELETE FROM allfeatures WHERE id=15620097:successful"
2022-11-13 05:25:06 I Osbor Print           "DELETE FROM allfeatures WHERE id=15620096:successful"
2022-11-13 05:25:06 I Osbor Print           "DELETE FROM allfeatures WHERE id=15620095:successful"
2022-11-13 05:25:06 I Osbor Print           "DELETE FROM allfeatures WHERE id=15620094:successful"
2022-11-13 05:25:06 I Osbor Print           "DELETE FROM allfeatures WHERE id=15616789:successful"
2022-11-13 05:25:06 I Osbor Print           "DELETE FROM allfeatures WHERE id=15616784:successful"
2022-11-13 05:25:06 I Osbor Print           "DELETE FROM allfeatures WHERE id=15616780:successful"
2022-11-13 05:25:06 I Osbor Print           "DELETE FROM allfeatures WHERE id=15583113:successful"
2022-11-13 05:25:06 I Osbor Print           "DELETE FROM allfeatures WHERE id=15291790:successful"
2022-11-13 05:25:06 I Osbor Print           "DELETE FROM allfeatures WHERE id=14726265:successful"
2022-11-13 05:25:06 I Osbor Print           "DELETE FROM allfeatures WHERE id=14726259:successful"
2022-11-13 05:25:06 I Osbor Print           "DELETE FROM allfeatures WHERE id=14705805:successful"
2022-11-13 05:25:06 I Osbor Print           "DELETE FROM allfeatures WHERE id=14674875:successful"
2022-11-13 05:25:06 I Osbor Print           "DELETE FROM allfeatures WHERE id=14674809:successful"
2022-11-13 05:25:06 I Osbor Print           "DELETE FROM allfeatures WHERE id=14674776:successful"
2022-11-13 05:25:06 I Osbor Print           "DELETE FROM allfeatures WHERE id=14674728:successful"
2022-11-13 05:25:06 I Osbor Print           "DELETE FROM allfeatures WHERE id=14674668:successful"
2022-11-13 05:25:06 I Osbor Print           "DELETE FROM allfeatures WHERE id=14674608:successful"
2022-11-13 05:25:06 I Osbor Print           "DELETE FROM allfeatures WHERE id=14674593:successful"
2022-11-13 05:25:06 I Osbor Print           "DELETE FROM allfeatures WHERE id=14674578:successful"
2022-11-13 05:25:06 I Osbor Print           "DELETE FROM allfeatures WHERE id=14674542:successful"
2022-11-13 05:25:06 I Osbor Print           "DELETE FROM allfeatures WHERE id=14674263:successful"
2022-11-13 05:25:06 I Osbor Print           "DELETE FROM allfeatures WHERE id=14674182:successful"
2022-11-13 05:25:06 I Osbor Print           "DELETE FROM allfeatures WHERE id=14672754:successful"
2022-11-13 05:25:06 I Osbor Print           "DELETE FROM allfeatures WHERE id=14672682:successful"
2022-11-13 05:25:06 I Osbor Print           "DELETE FROM allfeatures WHERE id=14672667:successful"
2022-11-13 05:25:06 I Osbor Print           "DELETE FROM allfeatures WHERE id=14672616:successful"
2022-11-13 05:25:06 I Osbor Print           "DELETE FROM allfeatures WHERE id=14672457:successful"
2022-11-13 05:25:06 I Osbor Print           "DELETE FROM allfeatures WHERE id=14672439:successful"
2022-11-13 05:25:06 I Osbor Print           "DELETE FROM allfeatures WHERE id=14672430:successful"
2022-11-13 05:25:06 I Osbor Print           "DELETE FROM allfeatures WHERE id=14672370:successful"
2022-11-13 05:25:06 I Osbor Print           "DELETE FROM allfeatures WHERE id=14672358:successful"
2022-11-13 05:25:06 I Osbor Print           "DELETE FROM allfeatures WHERE id=14672283:successful"
2022-11-13 05:25:06 I Osbor Print           "DELETE FROM allfeatures WHERE id=14672163:successful"
2022-11-13 05:25:06 I Osbor Print           "DELETE FROM allfeatures WHERE id=14672118:successful"
2022-11-13 05:25:06 I Osbor Print           "DELETE FROM allfeatures WHERE id=14672100:successful"
2022-11-13 05:25:06 I Osbor Print           "DELETE FROM allfeatures WHERE id=14671359:successful"
2022-11-13 05:25:06 I Osbor Print           "DELETE FROM allfeatures WHERE id=14033466:successful"
2022-11-13 05:25:06 I Osbor Print           "INSERT INTO features (rel, status, count, date)                                 SELECT rel, status, count((@rn := @rn + 1)) as count, '2022-11-13' as date FROM allfeatures cross join (select @rn := 0) const GROUP BY rel, status:successful"
2022-11-13 05:25:08 I Osbor Get_allchangere "[{'id': 10218678, 'name': 'Boom arm rotation and Boom arm housing break strength QA requirement update', 'documentKey': 'Ob-CR-24', 'statusId': 156584, 'status': 'Proposal', 'priorityId': 156643, 'priority': 'Not defined', 'req': 'Unassigned'}]"
2022-11-13 05:25:08 I Osbor Print           "CREATE TABLE IF NOT EXISTS changes (                                 rel TEXT, status TEXT, priority TEXT,                                 requester TEXT, date TEXT, count INT) ENGINE=InnoDB DEFAULT CHARSET=utf8:successful"
2022-11-13 05:25:08 I Osbor Print           "CREATE TABLE IF NOT EXISTS allchanges (                                 id INT, uniqueid TEXT, name TEXT,                                 status TEXT, rel TEXT, priority TEXT,                                 requester TEXT) ENGINE=InnoDB DEFAULT CHARSET=utf8:successful"
2022-11-13 05:25:08 I Osbor Print           "DELETE FROM changes WHERE date='2022-11-13':successful"
2022-11-13 05:25:08 I Osbor Print           "DELETE FROM allchanges WHERE id=10218678:successful"
2022-11-13 05:25:08 I Osbor Print           "INSERT INTO changes (                                 rel, status, priority, requester, date, count)                                 SELECT rel, status, priority, requester, '2022-11-13' as date, count((@rn := @rn + 1)) as count FROM allchanges                                 cross join (select @rn := 0) const GROUP BY rel, status, priority, requester:successful"
2022-11-13 05:25:09 I Osbor Print           "CREATE TABLE IF NOT EXISTS designspec (                            rel TEXT, team TEXT, status TEXT, count INT, date text) ENGINE=InnoDB DEFAULT CHARSET=utf8:successful"
2022-11-13 05:25:09 I Osbor Print           "CREATE TABLE IF NOT EXISTS alldesignspec (                             id INT, uniqueid TEXT, name TEXT, status TEXT, rel TEXT, team TEXT) ENGINE=InnoDB DEFAULT CHARSET=utf8:successful"
2022-11-13 05:25:09 I Osbor Print           "DELETE FROM designspec WHERE date='2022-11-13':successful"
2022-11-13 05:25:09 I Osbor Print           "INSERT INTO designspec (rel, team, status, count, date) SELECT rel, team, status, count((@rn := @rn + 1)) as count, '2022-11-13' as date FROM alldesignspec cross join (select @rn := 0) const GROUP BY rel, team, status:successful"
2022-11-13 05:25:12 I Osbor Get_alluserstor "[]"
2022-11-13 05:25:12 I Osbor Print           "CREATE TABLE IF NOT EXISTS userstories (                 rel TEXT, status TEXT, count INT, date TEXT) ENGINE=InnoDB DEFAULT CHARSET=utf8:successful"
2022-11-13 05:25:12 I Osbor Print           "CREATE TABLE IF NOT EXISTS alluserstories (                 id INT, uniqueid TEXT, name TEXT, status TEXT, rel TEXT) ENGINE=InnoDB DEFAULT CHARSET=utf8:successful"
2022-11-13 05:25:12 I Osbor Print           "DELETE FROM userstories WHERE date='2022-11-13':successful"
2022-11-13 05:25:12 I Osbor Print           "INSERT INTO userstories (rel, status, count, date) SELECT rel, status, count((@rn := @rn + 1)) as count, '2022-11-13' as date FROM alluserstories cross join (select @rn := 0) const GROUP BY rel, status:successful"
2022-11-13 05:25:58 I Osbor Get_alldefects  "[{'id': 9191561, 'name': "[Plus][HP]Tap Teams button to open a link to the HP, the keypad is showing too fast, and then it's off", 'documentKey': 'Ob-BUG-99', 'statusId': 156539, 'status': 'In Progress', 'teamId': 156569, 'team': 'ESW DECT', 'priorityId': 156534, 'priority': 'Minor', 'upstream': '9062723, 9062730, 10147583', 'jira': 'https://jabra1.atlassian.net/browse/OS-622'}, {'id': 9444073, 'name': '[FT,JDO]Wrong device image on JDO', 'documentKey': 'Ob-BUG-177', 'statusId': 156538, 'status': 'Closed', 'teamId': 157345, 'team': 'DE SDK', 'priorityId': 156534, 'priority': 'Minor', 'upstream': '', 'jira': 'https://jabra1.atlassian.net/browse/OS-1092'}, {'id': 9463006, 'name': '[FT,JDO Upgrade] Error information on JDO after updating HS ', 'documentKey': 'Ob-BUG-194', 'statusId': 156536, 'status': 'Open', 'teamId': 157345, 'team': 'DE SDK', 'priorityId': 156534, 'priority': 'Minor', 'upstream': '', 'jira': 'https://jabra1.atlassian.net/browse/SDK-7098'}, {'id': 9471868, 'name': 'Osborn Mid case have bad distractor score in 45degree only.', 'documentKey': 'Ob-BUG-201', 'statusId': 156536, 'status': 'Open', 'teamId': 156853, 'team': 'Audio Engineering', 'priorityId': 156533, 'priority': 'Major', 'upstream': '', 'jira': 'https://jabra1.atlassian.net/browse/OS-1260'}, {'id': 9657436, 'name': 'Osborn Mid Tx distortion during perceived distractor test', 'documentKey': 'Ob-BUG-247', 'statusId': 156536, 'status': 'Open', 'teamId': 156853, 'team': 'Audio Engineering', 'priorityId': 156532, 'priority': 'Critical', 'upstream': '', 'jira': 'https://jabra1.atlassian.net/browse/OS-1560'}, {'id': 9681468, 'name': "[FT, hold] Press mute button can't resume call before Teams play MOH --Teams issue", 'documentKey': 'Ob-BUG-254', 'statusId': 156536, 'status': 'Open', 'teamId': 156569, 'team': 'ESW DECT', 'priorityId': 156534, 'priority': 'Minor', 'upstream': '', 'jira': 'https://jabra1.atlassian.net/browse/OS-1612'}, {'id': 9690944, 'name': "[FT, volume] Speaker volume steps doesn't follow UI", 'documentKey': 'Ob-BUG-256', 'statusId': 156536, 'status': 'Open', 'teamId': 156569, 'team': 'ESW DECT', 'priorityId': 156533, 'priority': 'Major', 'upstream': '9688993', 'jira': 'https://jabra1.atlassian.net/browse/OS-1620'}, {'id': 9691886, 'name': 'Unstable beamformer performance on Osborn mid', 'documentKey': 'Ob-BUG-258', 'statusId': 156537, 'status': 'Resolved', 'teamId': 156853, 'team': 'Audio Engineering', 'priorityId': 156533, 'priority': 'Major', 'upstream': '', 'jira': 'https://jabra1.atlassian.net/browse/OS-1625'}, {'id': 9706461, 'name': '[Test Fest][Unfriendly]Same controller name as Spiderman', 'documentKey': 'Ob-BUG-264', 'statusId': 156536, 'status': 'Open', 'teamId': 156569, 'team': 'ESW DECT', 'priorityId': 156533, 'priority': 'Major', 'upstream': '9689017', 'jira': 'https://jabra1.atlassian.net/browse/OS-1637'}, {'id': 9720426, 'name': '[SP IOP,  Teams ]DUT will turn to unmute state after resume the call ,unmuted during hold period before.', 'documentKey': 'Ob-BUG-274', 'statusId': 156536, 'status': 'Open', 'teamId': 156569, 'team': 'ESW DECT', 'priorityId': 156534, 'priority': 'Minor', 'upstream': '10200694, 10201424', 'jira': 'https://jabra1.atlassian.net/browse/OS-1659'}, {'id': 9737499, 'name': 'Osborn sends RX audio exposure 128 dB as initial value', 'documentKey': 'Ob-BUG-279', 'statusId': 156538, 'status': 'Closed', 'teamId': 156853, 'team': 'Audio Engineering', 'priorityId': 156533, 'priority': 'Major', 'upstream': '', 'jira': 'https://jabra1.atlassian.net/browse/OS-1677'}, {'id': 10113647, 'name': '[Mid][Partner certification, HP:Alcatel  300 , 400,500 and 8078s] HS  no call control ', 'documentKey': 'Ob-BUG-291', 'statusId': 156539, 'status': 'In Progress', 'teamId': 156569, 'team': 'ESW DECT', 'priorityId': 156532, 'priority': 'Critical', 'upstream': '', 'jira': 'https://jabra1.atlassian.net/browse/OS-1726'}, {'id': 10205418, 'name': "[FT, Updates, JDO] Osborn in DUF mode can't be enumerated by JDO", 'documentKey': 'Ob-BUG-292', 'statusId': 156536, 'status': 'Open', 'teamId': 156569, 'team': 'ESW DECT', 'priorityId': 156533, 'priority': 'Major', 'upstream': '10200677, 10201407', 'jira': 'https://jabra1.atlassian.net/browse/OS-1751'}, {'id': 10209626, 'name': 'CLONE - [SP IOP,  Teams ]DUT will turn to unmute state after resume the call ,unmuted during hold period before.', 'documentKey': 'Ob-BUG-293', 'statusId': 156536, 'status': 'Open', 'teamId': 156569, 'team': 'ESW DECT', 'priorityId': 156534, 'priority': 'Minor', 'upstream': '', 'jira': 'https://jabra1.atlassian.net/browse/SPIDER-1901'}, {'id': 10218713, 'name': '[FT,Smart Ringer]In quiet condition, can hear the rustling ending sound after ringtone plays from controller', 'documentKey': 'Ob-BUG-294', 'statusId': 156536, 'status': 'Open', 'teamId': 156569, 'team': 'ESW DECT', 'priorityId': 156534, 'priority': 'Minor', 'upstream': '', 'jira': 'https://jabra1.atlassian.net/browse/OS-1778'}, {'id': 10219844, 'name': "Speed dial function doesn't work", 'documentKey': 'Ob-BUG-295', 'statusId': 156536, 'status': 'Open', 'teamId': 156569, 'team': 'ESW DECT', 'priorityId': 156533, 'priority': 'Major', 'upstream': '', 'jira': 'https://jabra1.atlassian.net/browse/OS-1779'}, {'id': 10230261, 'name': "CLONE - Speed dial function doesn't work", 'documentKey': 'Ob-BUG-296', 'statusId': 156536, 'status': 'Open', 'teamId': 156569, 'team': 'ESW DECT', 'priorityId': 156533, 'priority': 'Major', 'upstream': '', 'jira': 'https://jabra1.atlassian.net/browse/OS-1780'}, {'id': 10233337, 'name': 'Osborn Mid HS-Only still has the Reboot failure with v3.9.0 and V9.3.2.1 CTO', 'documentKey': 'Ob-BUG-297', 'statusId': 156536, 'status': 'Open', 'teamId': 156569, 'team': 'ESW DECT', 'priorityId': 156533, 'priority': 'Major', 'upstream': '', 'jira': 'https://jabra1.atlassian.net/browse/OS-1781'}, {'id': 10246779, 'name': "[FT, Updates]One mid sample can't be updated", 'documentKey': 'Ob-BUG-298', 'statusId': 156536, 'status': 'Open', 'teamId': 156569, 'team': 'ESW DECT', 'priorityId': 156533, 'priority': 'Major', 'upstream': '', 'jira': 'https://jabra1.atlassian.net/browse/OS-1783'}, {'id': 10252157, 'name': 'Osborne Plus Current Consumption Test failed on suspend mode', 'documentKey': 'Ob-BUG-299', 'statusId': 156536, 'status': 'Open', 'teamId': 156569, 'team': 'ESW DECT', 'priorityId': 156534, 'priority': 'Minor', 'upstream': '10207332, 10207378', 'jira': 'https://jabra1.atlassian.net/browse/OS-1785'}]"
2022-11-13 05:25:58 I Osbor Print           "CREATE TABLE IF NOT EXISTS defects (                     rel TEXT, team TEXT, status TEXT, priority TEXT, count INT, date TEXT) ENGINE=InnoDB DEFAULT CHARSET=utf8:successful"
2022-11-13 05:25:58 I Osbor Print           "CREATE TABLE IF NOT EXISTS alldefects (                     id INT, uniqueid TEXT, name TEXT, status TEXT, rel TEXT, team TEXT, priority TEXT, jira TEXT, upstream TEXT) ENGINE=InnoDB DEFAULT CHARSET=utf8:successful"
2022-11-13 05:25:58 I Osbor Print           "DELETE FROM defects WHERE date='2022-11-13':successful"
2022-11-13 05:25:58 I Osbor Print           "DELETE FROM alldefects WHERE id = 18088524:successful"
2022-11-13 05:25:58 I Osbor Print           "DELETE FROM alldefects WHERE id = 17184678:successful"
2022-11-13 05:25:58 I Osbor Print           "DELETE FROM alldefects WHERE id = 9191561:successful"
2022-11-13 05:25:58 I Osbor Print           "DELETE FROM alldefects WHERE id = 9444073:successful"
2022-11-13 05:25:58 I Osbor Print           "DELETE FROM alldefects WHERE id = 9463006:successful"
2022-11-13 05:25:58 I Osbor Print           "DELETE FROM alldefects WHERE id = 9471868:successful"
2022-11-13 05:25:58 I Osbor Print           "DELETE FROM alldefects WHERE id = 9657436:successful"
2022-11-13 05:25:58 I Osbor Print           "DELETE FROM alldefects WHERE id = 9681468:successful"
2022-11-13 05:25:58 I Osbor Print           "DELETE FROM alldefects WHERE id = 9690944:successful"
2022-11-13 05:25:58 I Osbor Print           "DELETE FROM alldefects WHERE id = 9691886:successful"
2022-11-13 05:25:58 I Osbor Print           "DELETE FROM alldefects WHERE id = 9706461:successful"
2022-11-13 05:25:58 I Osbor Print           "DELETE FROM alldefects WHERE id = 9720426:successful"
2022-11-13 05:25:58 I Osbor Print           "DELETE FROM alldefects WHERE id = 9737499:successful"
2022-11-13 05:25:58 I Osbor Print           "DELETE FROM alldefects WHERE id = 10113647:successful"
2022-11-13 05:25:58 I Osbor Print           "DELETE FROM alldefects WHERE id = 10205418:successful"
2022-11-13 05:25:58 I Osbor Print           "DELETE FROM alldefects WHERE id = 10209626:successful"
2022-11-13 05:25:58 I Osbor Print           "DELETE FROM alldefects WHERE id = 10218713:successful"
2022-11-13 05:25:58 I Osbor Print           "DELETE FROM alldefects WHERE id = 10219844:successful"
2022-11-13 05:25:58 I Osbor Print           "DELETE FROM alldefects WHERE id = 10230261:successful"
2022-11-13 05:25:58 I Osbor Print           "DELETE FROM alldefects WHERE id = 10233337:successful"
2022-11-13 05:25:58 I Osbor Print           "DELETE FROM alldefects WHERE id = 10246779:successful"
2022-11-13 05:25:58 I Osbor Print           "DELETE FROM alldefects WHERE id = 10252157:successful"
2022-11-13 05:25:58 I Osbor Print           "Not enough parameters for the SQL statement"
2022-11-13 05:25:58 I Osbor Print           "INSERT INTO defects (rel, team, status, count, date, priority) SELECT rel, team, status, count((@rn := @rn + 1)) as count, '2022-11-13' as date, priority FROM alldefects cross join (select @rn := 0) const GROUP BY rel, team, status, priority:successful"
2022-11-13 05:27:21 I Osbor get_multipickli "Unassigned don't find the mainteam name from G_parameter"
2022-11-13 05:27:32 I Osbor get_multipickli "Unassigned don't find the mainteam name from G_parameter"
2022-11-13 05:27:39 I Osbor get_multipickli "Unassigned don't find the mainteam name from G_parameter"
2022-11-13 05:29:37 I Osbor get_multipickli "Unassigned don't find the mainteam name from G_parameter"
2022-11-13 05:29:40 I Osbor get_multipickli "Unassigned don't find the mainteam name from G_parameter"
2022-11-13 05:29:50 I Osbor get_multipickli "Unassigned don't find the mainteam name from G_parameter"
2022-11-13 05:30:10 I Osbor get_multipickli "Unassigned don't find the mainteam name from G_parameter"
2022-11-13 05:30:14 I Osbor get_multipickli "Unassigned don't find the mainteam name from G_parameter"
2022-11-13 05:30:25 I Osbor get_multipickli "Unassigned don't find the mainteam name from G_parameter"
2022-11-13 05:30:37 I Osbor get_multipickli "Unassigned don't find the mainteam name from G_parameter"
2022-11-13 05:30:52 I Osbor get_multipickli "Unassigned don't find the mainteam name from G_parameter"
2022-11-13 05:31:00 I Osbor get_multipickli "Unassigned don't find the mainteam name from G_parameter"
2022-11-13 05:31:03 I Osbor get_multipickli "Unassigned don't find the mainteam name from G_parameter"
2022-11-13 05:31:12 I Osbor get_multipickli "Unassigned don't find the mainteam name from G_parameter"
2022-11-13 05:31:14 I Osbor get_multipickli "Unassigned don't find the mainteam name from G_parameter"
2022-11-13 05:31:18 I Osbor get_multipickli "Unassigned don't find the mainteam name from G_parameter"
2022-11-13 05:33:30 I Osbor get_multipickli "Unassigned don't find the mainteam name from G_parameter"
2022-11-13 05:38:00 I Osbor get_multipickli "Unassigned don't find the mainteam name from G_parameter"
2022-11-13 05:40:35 I Osbor get_multipickli "Digital Experience – Android don't find the mainteam name from G_parameter"
2022-11-13 05:40:37 I Osbor get_multipickli "Digital Experience – IOS don't find the mainteam name from G_parameter"
2022-11-13 05:40:42 I Osbor get_multipickli "ESW Platform Test don't find the mainteam name from G_parameter"
2022-11-13 05:42:13 I Osbor get_multipickli "ESW Platform Test don't find the mainteam name from G_parameter"
2022-11-13 05:42:17 I Osbor get_multipickli "ESW Platform Test don't find the mainteam name from G_parameter"
2022-11-13 05:46:30 I Osbor get_multipickli "Unassigned don't find the mainteam name from G_parameter"
2022-11-13 05:46:36 I Osbor get_multipickli "Unassigned don't find the mainteam name from G_parameter"
2022-11-13 05:47:39 I Osbor get_multipickli "Unassigned don't find the mainteam name from G_parameter"
2022-11-13 05:47:42 I Osbor get_multipickli "Unassigned don't find the mainteam name from G_parameter"
2022-11-13 05:47:45 I Osbor get_multipickli "Unassigned don't find the mainteam name from G_parameter"
2022-11-13 05:47:47 I Osbor get_multipickli "Unassigned don't find the mainteam name from G_parameter"
2022-11-13 05:48:20 I Osbor get_multipickli "Unassigned don't find the mainteam name from G_parameter"
2022-11-13 05:48:55 I Osbor get_multipickli "Unassigned don't find the mainteam name from G_parameter"
2022-11-13 05:49:10 I Osbor get_multipickli "Unassigned don't find the mainteam name from G_parameter"
2022-11-13 05:49:22 I Osbor get_multipickli "Unassigned don't find the mainteam name from G_parameter"
2022-11-13 06:05:41 I Osbor get_multipickli "Unassigned don't find the mainteam name from G_parameter"
2022-11-13 06:05:59 I Osbor get_multipickli "Unassigned don't find the mainteam name from G_parameter"
2022-11-13 06:08:44 I Osbor get_multipickli "Unassigned don't find the mainteam name from G_parameter"
2022-11-13 06:15:07 I Osbor get_multipickli "Unassigned don't find the mainteam name from G_parameter"
2022-11-13 06:15:32 I Osbor get_multipickli "Unassigned don't find the mainteam name from G_parameter"
2022-11-13 06:15:35 I Osbor get_multipickli "Unassigned don't find the mainteam name from G_parameter"
2022-11-13 06:15:40 I Osbor get_multipickli "Unassigned don't find the mainteam name from G_parameter"
2022-11-13 06:15:54 I Osbor get_multipickli "Unassigned don't find the mainteam name from G_parameter"
2022-11-13 06:15:57 I Osbor get_multipickli "Unassigned don't find the mainteam name from G_parameter"
2022-11-13 06:16:03 I Osbor get_multipickli "Unassigned don't find the mainteam name from G_parameter"
2022-11-13 06:16:10 I Osbor get_multipickli "Unassigned don't find the mainteam name from G_parameter"
2022-11-13 06:16:17 I Osbor get_multipickli "Unassigned don't find the mainteam name from G_parameter"
2022-11-13 06:16:21 I Osbor get_multipickli "Unassigned don't find the mainteam name from G_parameter"
2022-11-13 06:16:23 I Osbor get_multipickli "Unassigned don't find the mainteam name from G_parameter"
2022-11-13 06:16:27 I Osbor get_multipickli "Unassigned don't find the mainteam name from G_parameter"
2022-11-13 06:16:28 I Osbor get_multipickli "Unassigned don't find the mainteam name from G_parameter"
2022-11-13 06:16:30 I Osbor get_multipickli "Unassigned don't find the mainteam name from G_parameter"
2022-11-13 06:17:17 I Osbor get_multipickli "Unassigned don't find the mainteam name from G_parameter"
2022-11-13 06:17:17 I Osbor Print           "DROP TABLE IF EXISTS allrequirements:successful"
2022-11-13 06:17:17 I Osbor Print           "DROP TABLE IF EXISTS allcoverage:successful"
2022-11-13 06:17:17 I Osbor Print           "CREATE TABLE IF NOT EXISTS requirements (                        rel TEXT, status TEXT, count INT, date TEXT) ENGINE=InnoDB DEFAULT CHARSET=utf8:successful"
2022-11-13 06:17:17 I Osbor Print           "CREATE TABLE IF NOT EXISTS allrequirements (                        id INT, uniqueid TEXT, name TEXT, status TEXT, rel TEXT, upstream TEXT, downstream TEXT, team TEXT, test_status TEXT) ENGINE=InnoDB DEFAULT CHARSET=utf8:successful"
2022-11-13 06:17:17 I Osbor Print           "CREATE TABLE IF NOT EXISTS coverage (                        team text, covered int, expected int, date text) ENGINE=InnoDB DEFAULT CHARSET=utf8:successful"
2022-11-13 06:17:17 I Osbor Print           "CREATE TABLE IF NOT EXISTS allcoverage (                        id INT, uniqueid TEXT, name TEXT, status TEXT, rel TEXT, verify TEXT, missing TEXT) ENGINE=InnoDB DEFAULT CHARSET=utf8:successful"
2022-11-13 06:17:17 I Osbor Print           "DELETE FROM requirements WHERE date='2022-11-13':successful"
2022-11-13 06:17:17 I Osbor Print           "DELETE FROM coverage WHERE date='2022-11-13':successful"
2022-11-13 06:17:17 I Osbor Print           "INSERT INTO requirements (rel, status, count, date) SELECT rel, status, count((@rn := @rn + 1)) as count, '2022-11-13' as date FROM allrequirements cross join (select @rn := 0) const GROUP BY rel, status:successful"
2022-11-13 06:17:17 I Osbor Print           "CREATE TABLE IF NOT EXISTS feattest (rel TEXT, status TEXT, count TEXT, date TEXT) ENGINE=InnoDB DEFAULT CHARSET=utf8:successful"
2022-11-13 06:17:17 I Osbor Print           "CREATE TABLE IF NOT EXISTS reqtest (rel TEXT, status TEXT, count TEXT, date TEXT) ENGINE=InnoDB DEFAULT CHARSET=utf8:successful"
2022-11-13 06:17:17 I Osbor Print           "SELECT id FROM allfeatures:successful"
2022-11-13 06:17:17 I Osbor Print           "SELECT id,upstream,downstream,team FROM allrequirements:successful"
2022-11-13 06:17:17 I Osbor Print           "SELECT id FROM allcoverage:successful"
2022-11-13 06:17:17 I Osbor Print           "SELECT * FROM testcases:successful"
