2022-11-17 04:59:21 I Maple Print           "Connet 20547 successfully!!!"
2022-11-17 04:59:21 I Maple Get_alltests    "Get project name:Maple id:20547 all testplans"
2022-11-17 04:59:25 I Maple Get_alltests    "{9193870: {'id': 9193870, 'name': 'Environmental Compliance test', 'archived': False, 'index': '9193870:Environmental Compliance test'}, 8496709: {'id': 8496709, 'name': 'ESW Test Plan', 'archived': False, 'index': '8496709:ESW Test Plan'}, 9889469: {'id': 9889469, 'name': 'ESW Test Plan FCS - SP1', 'archived': False, 'index': '9889469:ESW Test Plan FCS - SP1'}, 8290088: {'id': 8290088, 'name': 'HW DVT Plan', 'archived': False, 'index': '8290088:HW DVT Plan'}, 8226833: {'id': 8226833, 'name': 'Maple Product Quality Plan and PVT inputs', 'archived': False, 'index': '8226833:Maple Product Quality Plan and PVT inputs'}, 8339487: {'id': 8339487, 'name': 'Packaging Verification Test Plan', 'archived': False, 'index': '8339487:Packaging Verification Test Plan'}, 9976084: {'id': 9976084, 'name': 'Product Maintenance test Plan', 'archived': False, 'index': '9976084:Product Maintenance test Plan'}, 8286559: {'id': 8286559, 'name': 'Product Verification Test Plan', 'archived': False, 'index': '8286559:Product Verification Test Plan'}, 8625269: {'id': 8625269, 'name': 'UX Test Plan', 'archived': False, 'index': '8625269:UX Test Plan'}}"
2022-11-17 04:59:25 I Maple Get_alltests    "Get project name:Maple id:20547 all testplans successful!!!"
2022-11-17 05:07:58 I Maple tidy_alltestcas "1149"
2022-11-17 05:12:46 I Maple Print           "DROP TABLE IF EXISTS testcases:successful"
2022-11-17 05:12:46 I Maple Print           "CREATE TABLE IF NOT EXISTS testcases (                             testplan_id INT,                             testplan_name TEXT,                             testgroup_id INT,                             testgroup_name TEXT,                             testcycle_id INT,                             testcycle_name TEXT,                             rel TEXT,                             id INT,                             uniqueid TEXT,                             name TEXT,                             status TEXT,                             upstream TEXT,                             downstream TEXT,                             executionDate TEXT) ENGINE=InnoDB DEFAULT CHARSET=utf8:successful"
2022-11-17 05:12:46 I Maple update_database "Insert testcases table successful"
2022-11-17 05:12:46 I Maple Print           "CREATE TABLE IF NOT EXISTS tests (                             testplan_id INT,                             testplan_name TEXT,                             testplan_status TEXT,                             rel TEXT, status TEXT,                             count INT, date TEXT) ENGINE=InnoDB DEFAULT CHARSET=utf8:successful"
2022-11-17 05:12:46 I Maple Print           "DELETE FROM tests WHERE date='2022-11-17':successful"
2022-11-17 05:12:46 I Maple Print           "SELECT testplan_id FROM tests GROUP BY testplan_id:successful"
2022-11-17 05:12:46 I Maple Print           "SELECT testplan_name FROM tests WHERE testplan_id=9193870 LIMIT 1:successful"
2022-11-17 05:12:46 I Maple Print           "UPDATE tests SET testplan_status='Active' WHERE testplan_id=9193870:successful"
2022-11-17 05:12:46 I Maple Print           "SELECT testplan_name FROM tests WHERE testplan_id=8496709 LIMIT 1:successful"
2022-11-17 05:12:46 I Maple Print           "UPDATE tests SET testplan_status='Active' WHERE testplan_id=8496709:successful"
2022-11-17 05:12:46 I Maple Print           "SELECT testplan_name FROM tests WHERE testplan_id=9889469 LIMIT 1:successful"
2022-11-17 05:12:46 I Maple Print           "UPDATE tests SET testplan_status='Active' WHERE testplan_id=9889469:successful"
2022-11-17 05:12:47 I Maple Print           "SELECT testplan_name FROM tests WHERE testplan_id=8290088 LIMIT 1:successful"
2022-11-17 05:12:47 I Maple Print           "UPDATE tests SET testplan_status='Active' WHERE testplan_id=8290088:successful"
2022-11-17 05:12:47 I Maple Print           "SELECT testplan_name FROM tests WHERE testplan_id=8339487 LIMIT 1:successful"
2022-11-17 05:12:47 I Maple Print           "UPDATE tests SET testplan_status='Active' WHERE testplan_id=8339487:successful"
2022-11-17 05:12:47 I Maple Print           "SELECT testplan_name FROM tests WHERE testplan_id=8286559 LIMIT 1:successful"
2022-11-17 05:12:47 I Maple Print           "UPDATE tests SET testplan_status='Active' WHERE testplan_id=8286559:successful"
2022-11-17 05:12:47 I Maple Print           "SELECT testplan_name FROM tests WHERE testplan_id=8625269 LIMIT 1:successful"
2022-11-17 05:12:47 I Maple Print           "UPDATE tests SET testplan_status='Active' WHERE testplan_id=8625269:successful"
2022-11-17 05:12:47 I Maple Print           "INSERT INTO tests (testplan_id, testplan_name, testplan_status, rel, status, count, date) SELECT testplan_id, testplan_name, 'Active' as testplan_status, rel, status, count((@rn := @rn + 1)) as count, '2022-11-17' as date FROM testcases cross join (select @rn := 0) const GROUP BY testplan_id, rel, status:successful"
2022-11-17 05:12:47 I Maple update_database "Insert tests table successful"
2022-11-17 05:12:47 I Maple Print           "CREATE TABLE IF NOT EXISTS testapproval (                                 rel TEXT, team TEXT, status TEXT, upstream TEXT, count INT, date TEXT                                 ) ENGINE=InnoDB DEFAULT CHARSET=utf8:successful"
2022-11-17 05:12:47 I Maple Print           "DROP TABLE IF EXISTS alltestapproval:successful"
2022-11-17 05:12:47 I Maple Print           "CREATE TABLE IF NOT EXISTS alltestapproval (                                 id INT, uniqueid TEXT, name TEXT, status TEXT, rel TEXT, team TEXT, upstream TEXT                                 ) ENGINE=InnoDB DEFAULT CHARSET=utf8:successful"
2022-11-17 05:12:47 I Maple Print           "DELETE FROM testapproval WHERE date='2022-11-17':successful"
2022-11-17 05:12:47 I Maple Print           "INSERT INTO testapproval (rel, team, status, count, date, upstream) SELECT rel, team, status, count((@rn := @rn + 1)) as count, '2022-11-17' as date, upstream FROM alltestapproval cross join (select @rn := 0) const GROUP BY rel, team, status, upstream:successful"
2022-11-17 05:12:54 I Maple Get_allfeatuers "[{'id': 9292479, 'name': 'Secure OTA Pairing', 'documentKey': 'Map-FEAT-55', 'statusId': 156410, 'status': 'Approved'}, {'id': 8698240, 'name': 'MS Teams Certification', 'documentKey': 'Map-FEAT-38', 'statusId': 156410, 'status': 'Approved'}]"
2022-11-17 05:12:54 I Maple Print           "CREATE TABLE IF NOT EXISTS features (                                rel TEXT, status TEXT, count INT, date TEXT) ENGINE=InnoDB DEFAULT CHARSET=utf8:successful"
2022-11-17 05:12:54 I Maple Print           "CREATE TABLE IF NOT EXISTS allfeatures (                                id INT, uniqueid TEXT, name TEXT, status TEXT, rel TEXT,test_status TEXT) ENGINE=InnoDB DEFAULT CHARSET=utf8:successful"
2022-11-17 05:12:54 I Maple Print           "DELETE FROM features WHERE date='2022-11-17':successful"
2022-11-17 05:12:54 I Maple Print           "DELETE FROM allfeatures WHERE id=20851029:successful"
2022-11-17 05:12:54 I Maple Print           "DELETE FROM allfeatures WHERE id=18785666:successful"
2022-11-17 05:12:54 I Maple Print           "DELETE FROM allfeatures WHERE id=18714026:successful"
2022-11-17 05:12:54 I Maple Print           "DELETE FROM allfeatures WHERE id=18631037:successful"
2022-11-17 05:12:54 I Maple Print           "DELETE FROM allfeatures WHERE id=18620088:successful"
2022-11-17 05:12:54 I Maple Print           "DELETE FROM allfeatures WHERE id=18620076:successful"
2022-11-17 05:12:54 I Maple Print           "DELETE FROM allfeatures WHERE id=18620060:successful"
2022-11-17 05:12:54 I Maple Print           "DELETE FROM allfeatures WHERE id=18620025:successful"
2022-11-17 05:12:54 I Maple Print           "DELETE FROM allfeatures WHERE id=18618173:successful"
2022-11-17 05:12:54 I Maple Print           "DELETE FROM allfeatures WHERE id=18617760:successful"
2022-11-17 05:12:54 I Maple Print           "DELETE FROM allfeatures WHERE id=18591634:successful"
2022-11-17 05:12:54 I Maple Print           "DELETE FROM allfeatures WHERE id=9292479:successful"
2022-11-17 05:12:54 I Maple Print           "DELETE FROM allfeatures WHERE id=8698240:successful"
2022-11-17 05:12:54 I Maple Print           "INSERT INTO features (rel, status, count, date)                                 SELECT rel, status, count((@rn := @rn + 1)) as count, '2022-11-17' as date FROM allfeatures cross join (select @rn := 0) const GROUP BY rel, status:successful"
2022-11-17 05:12:58 I Maple Get_allchangere "[{'id': 9568278, 'name': 'Battery Prompt', 'documentKey': 'Map-CR-16', 'statusId': 156410, 'status': 'Approved', 'priorityId': 156643, 'priority': 'Not defined', 'req': 'UX'}, {'id': 9733673, 'name': 'Conferencing: Out of range cases', 'documentKey': 'Map-CR-20', 'statusId': 156410, 'status': 'Approved', 'priorityId': 156643, 'priority': 'Not defined', 'req': 'UX / ESW'}, {'id': 9869047, 'name': 'Change connection priority', 'documentKey': 'Map-CR-21', 'statusId': 156410, 'status': 'Approved', 'priorityId': 156643, 'priority': 'Not defined', 'req': 'UX'}]"
2022-11-17 05:12:58 I Maple Print           "CREATE TABLE IF NOT EXISTS changes (                                 rel TEXT, status TEXT, priority TEXT,                                 requester TEXT, date TEXT, count INT) ENGINE=InnoDB DEFAULT CHARSET=utf8:successful"
2022-11-17 05:12:58 I Maple Print           "CREATE TABLE IF NOT EXISTS allchanges (                                 id INT, uniqueid TEXT, name TEXT,                                 status TEXT, rel TEXT, priority TEXT,                                 requester TEXT) ENGINE=InnoDB DEFAULT CHARSET=utf8:successful"
2022-11-17 05:12:58 I Maple Print           "DELETE FROM changes WHERE date='2022-11-17':successful"
2022-11-17 05:12:58 I Maple Print           "DELETE FROM allchanges WHERE id=9568278:successful"
2022-11-17 05:12:58 I Maple Print           "DELETE FROM allchanges WHERE id=9733673:successful"
2022-11-17 05:12:58 I Maple Print           "DELETE FROM allchanges WHERE id=9869047:successful"
2022-11-17 05:12:58 I Maple Print           "INSERT INTO changes (                                 rel, status, priority, requester, date, count)                                 SELECT rel, status, priority, requester, '2022-11-17' as date, count((@rn := @rn + 1)) as count FROM allchanges                                 cross join (select @rn := 0) const GROUP BY rel, status, priority, requester:successful"
2022-11-17 05:12:59 I Maple Print           "CREATE TABLE IF NOT EXISTS designspec (                            rel TEXT, team TEXT, status TEXT, count INT, date text) ENGINE=InnoDB DEFAULT CHARSET=utf8:successful"
2022-11-17 05:12:59 I Maple Print           "CREATE TABLE IF NOT EXISTS alldesignspec (                             id INT, uniqueid TEXT, name TEXT, status TEXT, rel TEXT, team TEXT) ENGINE=InnoDB DEFAULT CHARSET=utf8:successful"
2022-11-17 05:12:59 I Maple Print           "DELETE FROM designspec WHERE date='2022-11-17':successful"
2022-11-17 05:12:59 I Maple Print           "INSERT INTO designspec (rel, team, status, count, date) SELECT rel, team, status, count((@rn := @rn + 1)) as count, '2022-11-17' as date FROM alldesignspec cross join (select @rn := 0) const GROUP BY rel, team, status:successful"
2022-11-17 05:13:03 I Maple Get_alluserstor "[]"
2022-11-17 05:13:03 I Maple Print           "CREATE TABLE IF NOT EXISTS userstories (                 rel TEXT, status TEXT, count INT, date TEXT) ENGINE=InnoDB DEFAULT CHARSET=utf8:successful"
2022-11-17 05:13:03 I Maple Print           "CREATE TABLE IF NOT EXISTS alluserstories (                 id INT, uniqueid TEXT, name TEXT, status TEXT, rel TEXT) ENGINE=InnoDB DEFAULT CHARSET=utf8:successful"
2022-11-17 05:13:03 I Maple Print           "DELETE FROM userstories WHERE date='2022-11-17':successful"
2022-11-17 05:13:03 I Maple Print           "INSERT INTO userstories (rel, status, count, date) SELECT rel, status, count((@rn := @rn + 1)) as count, '2022-11-17' as date FROM alluserstories cross join (select @rn := 0) const GROUP BY rel, status:successful"
2022-11-17 05:15:00 I Maple Get_alldefects  "[{'id': 9094676, 'name': '[Yealink HP, hook off] The call link shuts down automatically', 'documentKey': 'Map-BUG-101', 'statusId': 156538, 'status': 'Closed', 'teamId': 156569, 'team': 'ESW DECT', 'priorityId': 156535, 'priority': 'Trivial', 'upstream': '10147595, 9024385', 'jira': 'https://jabra1.atlassian.net/browse/MAP-545'}, {'id': 9129285, 'name': "[Telemetry on Mac 12.x]All Telemetry inform for buttons' event will lost in log on latest Mac12.x", 'documentKey': 'Map-BUG-121', 'statusId': 156536, 'status': 'Open', 'teamId': 156569, 'team': 'ESW DECT', 'priorityId': 156533, 'priority': 'Major', 'upstream': '8496297, 9438455, 9023450, 9195048, 9234587, 9685042, 10111170, 10200315', 'jira': 'https://jabra1.atlassian.net/browse/MAP-580'}, {'id': 9175916, 'name': ' [Teams pre-cert on Mac 12.x]Teams invocation and Team notification cleaning all fail on latest Mac12.x', 'documentKey': 'Map-BUG-151', 'statusId': 156536, 'status': 'Open', 'teamId': 156569, 'team': 'ESW DECT', 'priorityId': 156533, 'priority': 'Major', 'upstream': '9438870, 9438530, 9438866, 9570662, 9572398, 9601515, 9603681, 9685047, 9685663, 10200320, 10201209, 9438528, 9554558, 9554894, 9570660, 9572395, 9601512, 9603679, 9685044, 9685661', 'jira': 'https://jabra1.atlassian.net/browse/OS-577'}, {'id': 9239130, 'name': 'CLONE - [Teams pre-cert on Mac 12.x]Teams invocation and Team notification cleaning all fail on latest Mac12.x', 'documentKey': 'Map-BUG-245', 'statusId': 156536, 'status': 'Open', 'teamId': 156670, 'team': 'Strategic Alliances', 'priorityId': 156533, 'priority': 'Major', 'upstream': '9523779, 9522726, 9522736, 9523841, 9523894, 9523811, 9523914, 9522771, 9522789, 9522741', 'jira': 'https://jabra1.atlassian.net/browse/STRAT-286'}, {'id': 9400795, 'name': '[Teams]the latest Teams release(ring4.0 v1.5.00.8070) fail to answer the second incoming call from HS', 'documentKey': 'Map-BUG-331', 'statusId': 156536, 'status': 'Open', 'teamId': 156670, 'team': 'Strategic Alliances', 'priorityId': 156533, 'priority': 'Major', 'upstream': '8492370, 7626654, 9745084, 10111215, 10200275, 10201056, 9855509, 9438597, 9438933, 10201374, 9855871, 9855872, 9855874, 9486816, 9518542, 9542319, 9542612, 9862931, 9862942, 10200452', 'jira': 'https://jabra1.atlassian.net/browse/MAP-1453'}, {'id': 9424894, 'name': '[Partner certification][Zoom on Mac]fail to end call from HS on Mac', 'documentKey': 'Map-BUG-340', 'statusId': 156536, 'status': 'Open', 'teamId': 156569, 'team': 'ESW DECT', 'priorityId': 156532, 'priority': 'Critical', 'upstream': '9108165, 9108164, 9108177, 9108169, 9108171, 9108174, 9108168, 9108170, 9108156, 9108163, 9108162, 9108211, 9108207, 9108208, 9108195, 9108202, 9108200, 9108199, 10261631, 10261632', 'jira': 'https://jabra1.atlassian.net/browse/MAP-1482'}, {'id': 9434469, 'name': '[SP][Unify OpenScape Fusion]lose RCC after dis/reconnect HS from call', 'documentKey': 'Map-BUG-346', 'statusId': 156536, 'status': 'Open', 'teamId': 156569, 'team': 'ESW DECT', 'priorityId': 156535, 'priority': 'Trivial', 'upstream': '9367608', 'jira': 'https://jabra1.atlassian.net/browse/MAP-1525'}, {'id': 9456259, 'name': '[DQT] Maple OTA  upgrade/downgrade JDO return code 18 ', 'documentKey': 'Map-BUG-373', 'statusId': 156852, 'status': 'Ready for Review', 'teamId': 156569, 'team': 'ESW DECT', 'priorityId': 156531, 'priority': 'Blocker', 'upstream': '8495548, 9437930', 'jira': 'https://jabra1.atlassian.net/browse/MAP-1591'}, {'id': 9513993, 'name': 'Headset loses pairing after power cycle', 'documentKey': 'Map-BUG-399', 'statusId': 156538, 'status': 'Closed', 'teamId': 156569, 'team': 'ESW DECT', 'priorityId': 156535, 'priority': 'Trivial', 'upstream': '', 'jira': 'https://jabra1.atlassian.net/browse/MAP-1750'}, {'id': 9581115, 'name': '[JDO]two unexpected problem when do reset and configure from JDO Maple HS entrance', 'documentKey': 'Map-BUG-405', 'statusId': 156536, 'status': 'Open', 'teamId': 156578, 'team': 'UX', 'priorityId': 156534, 'priority': 'Minor', 'upstream': '', 'jira': 'https://jabra1.atlassian.net/browse/MAP-1776'}, {'id': 9656385, 'name': '[OTA update]device should either keep in DFU or return to last normal FW image if the HS OTA fail', 'documentKey': 'Map-BUG-408', 'statusId': 156536, 'status': 'Open', 'teamId': 156571, 'team': 'DE Online', 'priorityId': 156533, 'priority': 'Major', 'upstream': '', 'jira': 'https://jabra1.atlassian.net/browse/MAP-1798'}, {'id': 9841236, 'name': '[Volume store on Mac and Ubuntu]the true volume level in HS will up 1-2 steps after disconnect and reconnect', 'documentKey': 'Map-BUG-427', 'statusId': 156539, 'status': 'In Progress', 'teamId': 156569, 'team': 'ESW DECT', 'priorityId': 156534, 'priority': 'Minor', 'upstream': '', 'jira': 'https://jabra1.atlassian.net/browse/MAP-1914'}, {'id': 10063100, 'name': 'Maple has busy events enabled all time', 'documentKey': 'Map-BUG-432', 'statusId': 156538, 'status': 'Closed', 'teamId': 156569, 'team': 'ESW DECT', 'priorityId': 156532, 'priority': 'Critical', 'upstream': '', 'jira': 'https://jabra1.atlassian.net/browse/MAP-1967'}, {'id': 10064921, 'name': 'Maple HS update failed in Linux OS (eLux & Ubuntu)', 'documentKey': 'Map-BUG-433', 'statusId': 156541, 'status': 'In Testing', 'teamId': 156569, 'team': 'ESW DECT', 'priorityId': 156531, 'priority': 'Blocker', 'upstream': '', 'jira': 'https://jabra1.atlassian.net/browse/MAP-1970'}, {'id': 10066050, 'name': "[JDO]New JDO on Mac seems can't change and save the HS name for Maple's HS", 'documentKey': 'Map-BUG-435', 'statusId': 156536, 'status': 'Open', 'teamId': 156571, 'team': 'DE Online', 'priorityId': 156534, 'priority': 'Minor', 'upstream': '10057176', 'jira': 'https://jabra1.atlassian.net/browse/MAP-1973'}, {'id': 10066255, 'name': 'Secondary HS leave, not voice "Device disconnected"', 'documentKey': 'Map-BUG-436', 'statusId': 156539, 'status': 'In Progress', 'teamId': 156569, 'team': 'ESW DECT', 'priorityId': 156534, 'priority': 'Minor', 'upstream': '', 'jira': 'https://jabra1.atlassian.net/browse/MAP-1975'}, {'id': 10066501, 'name': 'The beginning volume level is too low after the secondary HS added into the conferencing', 'documentKey': 'Map-BUG-437', 'statusId': 156538, 'status': 'Closed', 'teamId': 156569, 'team': 'ESW DECT', 'priorityId': 156534, 'priority': 'Minor', 'upstream': '', 'jira': 'https://jabra1.atlassian.net/browse/MAP-1976'}, {'id': 10121897, 'name': 'No audio in secondary HS', 'documentKey': 'Map-BUG-439', 'statusId': 156537, 'status': 'Resolved', 'teamId': 156569, 'team': 'ESW DECT', 'priorityId': 156534, 'priority': 'Minor', 'upstream': '', 'jira': 'https://jabra1.atlassian.net/browse/MAP-2028'}, {'id': 10183642, 'name': 'Conference audio cue not playing', 'documentKey': 'Map-BUG-441', 'statusId': 156536, 'status': 'Open', 'teamId': 156569, 'team': 'ESW DECT', 'priorityId': 156534, 'priority': 'Minor', 'upstream': '', 'jira': 'https://jabra1.atlassian.net/browse/MAP-2058'}, {'id': 10200100, 'name': 'After HS OTA from v5.6.0 to v5.8.6(or nightly build), JDO will freeze in 100% dialog for a long time and then return code18 error', 'documentKey': 'Map-BUG-442', 'statusId': 156852, 'status': 'Ready for Review', 'teamId': 156569, 'team': 'ESW DECT', 'priorityId': 156533, 'priority': 'Major', 'upstream': '', 'jira': 'https://jabra1.atlassian.net/browse/MAP-2063'}]"
2022-11-17 05:15:00 I Maple Print           "CREATE TABLE IF NOT EXISTS defects (                     rel TEXT, team TEXT, status TEXT, priority TEXT, count INT, date TEXT) ENGINE=InnoDB DEFAULT CHARSET=utf8:successful"
2022-11-17 05:15:00 I Maple Print           "CREATE TABLE IF NOT EXISTS alldefects (                     id INT, uniqueid TEXT, name TEXT, status TEXT, rel TEXT, team TEXT, priority TEXT, jira TEXT, upstream TEXT) ENGINE=InnoDB DEFAULT CHARSET=utf8:successful"
2022-11-17 05:15:00 I Maple Print           "DELETE FROM defects WHERE date='2022-11-17':successful"
2022-11-17 05:15:00 I Maple Print           "DELETE FROM alldefects WHERE id = 9094676:successful"
2022-11-17 05:15:00 I Maple Print           "DELETE FROM alldefects WHERE id = 9129285:successful"
2022-11-17 05:15:00 I Maple Print           "DELETE FROM alldefects WHERE id = 9175916:successful"
2022-11-17 05:15:00 I Maple Print           "DELETE FROM alldefects WHERE id = 9239130:successful"
2022-11-17 05:15:00 I Maple Print           "DELETE FROM alldefects WHERE id = 9400795:successful"
2022-11-17 05:15:00 I Maple Print           "DELETE FROM alldefects WHERE id = 9424894:successful"
2022-11-17 05:15:00 I Maple Print           "DELETE FROM alldefects WHERE id = 9434469:successful"
2022-11-17 05:15:00 I Maple Print           "DELETE FROM alldefects WHERE id = 9456259:successful"
2022-11-17 05:15:00 I Maple Print           "DELETE FROM alldefects WHERE id = 9513993:successful"
2022-11-17 05:15:00 I Maple Print           "DELETE FROM alldefects WHERE id = 9581115:successful"
2022-11-17 05:15:00 I Maple Print           "DELETE FROM alldefects WHERE id = 9656385:successful"
2022-11-17 05:15:00 I Maple Print           "DELETE FROM alldefects WHERE id = 9841236:successful"
2022-11-17 05:15:00 I Maple Print           "DELETE FROM alldefects WHERE id = 10063100:successful"
2022-11-17 05:15:00 I Maple Print           "DELETE FROM alldefects WHERE id = 10064921:successful"
2022-11-17 05:15:00 I Maple Print           "DELETE FROM alldefects WHERE id = 10066050:successful"
2022-11-17 05:15:00 I Maple Print           "DELETE FROM alldefects WHERE id = 10066255:successful"
2022-11-17 05:15:00 I Maple Print           "DELETE FROM alldefects WHERE id = 10066501:successful"
2022-11-17 05:15:00 I Maple Print           "DELETE FROM alldefects WHERE id = 10121897:successful"
2022-11-17 05:15:00 I Maple Print           "DELETE FROM alldefects WHERE id = 10183642:successful"
2022-11-17 05:15:00 I Maple Print           "DELETE FROM alldefects WHERE id = 10200100:successful"
2022-11-17 05:15:00 I Maple Print           "Not enough parameters for the SQL statement"
2022-11-17 05:15:00 I Maple Print           "INSERT INTO defects (rel, team, status, count, date, priority) SELECT rel, team, status, count((@rn := @rn + 1)) as count, '2022-11-17' as date, priority FROM alldefects cross join (select @rn := 0) const GROUP BY rel, team, status, priority:successful"
2022-11-17 05:15:56 I Maple get_multipickli "Unassigned don't find the mainteam name from G_parameter"
2022-11-17 05:16:25 I Maple get_multipickli "Unassigned don't find the mainteam name from G_parameter"
2022-11-17 05:16:45 I Maple get_multipickli "Unassigned don't find the mainteam name from G_parameter"
2022-11-17 05:17:06 I Maple get_multipickli "Unassigned don't find the mainteam name from G_parameter"
2022-11-17 05:17:25 I Maple get_multipickli "Unassigned don't find the mainteam name from G_parameter"
2022-11-17 05:17:53 I Maple get_multipickli "Unassigned don't find the mainteam name from G_parameter"
2022-11-17 05:18:06 I Maple get_multipickli "Unassigned don't find the mainteam name from G_parameter"
2022-11-17 05:18:14 I Maple get_multipickli "Unassigned don't find the mainteam name from G_parameter"
2022-11-17 05:18:21 I Maple get_multipickli "Unassigned don't find the mainteam name from G_parameter"
2022-11-17 05:18:28 I Maple get_multipickli "Unassigned don't find the mainteam name from G_parameter"
2022-11-17 05:18:38 I Maple get_multipickli "Unassigned don't find the mainteam name from G_parameter"
2022-11-17 05:18:48 I Maple get_multipickli "Unassigned don't find the mainteam name from G_parameter"
2022-11-17 05:19:25 I Maple get_multipickli "Unassigned don't find the mainteam name from G_parameter"
2022-11-17 05:19:28 I Maple get_multipickli "Unassigned don't find the mainteam name from G_parameter"
2022-11-17 05:28:45 I Maple get_multipickli "ESW Platform Test don't find the mainteam name from G_parameter"
2022-11-17 05:28:49 I Maple get_multipickli "ESW Platform Test don't find the mainteam name from G_parameter"
2022-11-17 05:28:52 I Maple get_multipickli "ESW Platform Test don't find the mainteam name from G_parameter"
2022-11-17 05:28:55 I Maple get_multipickli "ESW Platform Test don't find the mainteam name from G_parameter"
2022-11-17 05:30:52 I Maple get_multipickli "ESW Platform Test don't find the mainteam name from G_parameter"
2022-11-17 05:32:32 I Maple get_multipickli "Unassigned don't find the mainteam name from G_parameter"
2022-11-17 05:32:50 I Maple get_multipickli "Unassigned don't find the mainteam name from G_parameter"
2022-11-17 05:32:53 I Maple get_multipickli "Unassigned don't find the mainteam name from G_parameter"
2022-11-17 05:32:57 I Maple get_multipickli "Unassigned don't find the mainteam name from G_parameter"
2022-11-17 05:33:00 I Maple get_multipickli "Unassigned don't find the mainteam name from G_parameter"
2022-11-17 05:33:03 I Maple get_multipickli "Unassigned don't find the mainteam name from G_parameter"
2022-11-17 05:33:07 I Maple get_multipickli "Unassigned don't find the mainteam name from G_parameter"
2022-11-17 05:33:13 I Maple get_multipickli "Unassigned don't find the mainteam name from G_parameter"
2022-11-17 05:33:21 I Maple get_multipickli "Unassigned don't find the mainteam name from G_parameter"
2022-11-17 05:33:46 I Maple get_multipickli "Unassigned don't find the mainteam name from G_parameter"
2022-11-17 05:34:50 I Maple get_multipickli "Unassigned don't find the mainteam name from G_parameter"
2022-11-17 05:34:55 I Maple get_multipickli "Unassigned don't find the mainteam name from G_parameter"
2022-11-17 05:35:06 I Maple get_multipickli "ESW Platform Test don't find the mainteam name from G_parameter"
2022-11-17 05:35:19 I Maple get_multipickli "Unassigned don't find the mainteam name from G_parameter"
2022-11-17 05:35:24 I Maple get_multipickli "Digital Experience – Android don't find the mainteam name from G_parameter"
2022-11-17 05:35:26 I Maple get_multipickli "Digital Experience – IOS don't find the mainteam name from G_parameter"
2022-11-17 05:35:46 I Maple get_multipickli "ESW Platform Test don't find the mainteam name from G_parameter"
2022-11-17 05:36:04 I Maple Print           "DROP TABLE IF EXISTS allrequirements:successful"
2022-11-17 05:36:04 I Maple Print           "DROP TABLE IF EXISTS allcoverage:successful"
2022-11-17 05:36:04 I Maple Print           "CREATE TABLE IF NOT EXISTS requirements (                        rel TEXT, status TEXT, count INT, date TEXT) ENGINE=InnoDB DEFAULT CHARSET=utf8:successful"
2022-11-17 05:36:04 I Maple Print           "CREATE TABLE IF NOT EXISTS allrequirements (                        id INT, uniqueid TEXT, name TEXT, status TEXT, rel TEXT, upstream TEXT, downstream TEXT, team TEXT, test_status TEXT) ENGINE=InnoDB DEFAULT CHARSET=utf8:successful"
2022-11-17 05:36:04 I Maple Print           "CREATE TABLE IF NOT EXISTS coverage (                        team text, covered int, expected int, date text) ENGINE=InnoDB DEFAULT CHARSET=utf8:successful"
2022-11-17 05:36:04 I Maple Print           "CREATE TABLE IF NOT EXISTS allcoverage (                        id INT, uniqueid TEXT, name TEXT, status TEXT, rel TEXT, verify TEXT, missing TEXT) ENGINE=InnoDB DEFAULT CHARSET=utf8:successful"
2022-11-17 05:36:04 I Maple Print           "DELETE FROM requirements WHERE date='2022-11-17':successful"
2022-11-17 05:36:04 I Maple Print           "DELETE FROM coverage WHERE date='2022-11-17':successful"
2022-11-17 05:36:05 I Maple Print           "INSERT INTO requirements (rel, status, count, date) SELECT rel, status, count((@rn := @rn + 1)) as count, '2022-11-17' as date FROM allrequirements cross join (select @rn := 0) const GROUP BY rel, status:successful"
2022-11-17 05:36:05 I Maple Print           "CREATE TABLE IF NOT EXISTS feattest (rel TEXT, status TEXT, count TEXT, date TEXT) ENGINE=InnoDB DEFAULT CHARSET=utf8:successful"
2022-11-17 05:36:05 I Maple Print           "CREATE TABLE IF NOT EXISTS reqtest (rel TEXT, status TEXT, count TEXT, date TEXT) ENGINE=InnoDB DEFAULT CHARSET=utf8:successful"
2022-11-17 05:36:05 I Maple Print           "SELECT id FROM allfeatures:successful"
2022-11-17 05:36:05 I Maple Print           "SELECT id,upstream,downstream,team FROM allrequirements:successful"
2022-11-17 05:36:05 I Maple Print           "SELECT id FROM allcoverage:successful"
2022-11-17 05:36:05 I Maple Print           "SELECT * FROM testcases:successful"
