2022-11-21 04:59:18 I Anaco Print           "Connet 20434 successfully!!!"
2022-11-21 04:59:18 I Anaco Get_alltests    "Get project name:Anaconda id:20434 all testplans"
2022-11-21 04:59:21 I Anaco Get_alltests    "{8703112: {'id': 8703112, 'name': 'Anaconda - Functional Non-Functional and AI Video Quality 3DNR  IZ Test Plan VP2', 'archived': False, 'index': '8703112:Anaconda - Functional Non-Functional and AI Video Quality 3DNR  IZ Test Plan VP2'}, 8703669: {'id': 8703669, 'name': 'Anaconda - IOP and Reliability Test Plan VP2', 'archived': False, 'index': '8703669:Anaconda - IOP and Reliability Test Plan VP2'}, 9348642: {'id': 9348642, 'name': 'Anaconda New Hardware verification', 'archived': False, 'index': '9348642:Anaconda New Hardware verification'}, 8041459: {'id': 8041459, 'name': 'Anaconda_3m cable TT', 'archived': False, 'index': '8041459:Anaconda_3m cable TT'}, 5285136: {'id': 5285136, 'name': 'demo', 'archived': True, 'index': '5285136:demo'}, 7315521: {'id': 7315521, 'name': 'Duplicate of White Board application test plan', 'archived': True, 'index': '7315521:Duplicate of White Board application test plan'}, 4251146: {'id': 4251146, 'name': 'ESW Test Plan', 'archived': False, 'index': '4251146:ESW Test Plan'}, 6033876: {'id': 6033876, 'name': 'ESW Test Plan VP1', 'archived': False, 'index': '6033876:ESW Test Plan VP1'}, 7784607: {'id': 7784607, 'name': 'Extension cable  Anaconda Test plan', 'archived': False, 'index': '7784607:Extension cable  Anaconda Test plan'}, 9232508: {'id': 9232508, 'name': 'Panacast 1.8m C-C cableTwo highspeed pairs HW Test', 'archived': False, 'index': '9232508:Panacast 1.8m C-C cableTwo highspeed pairs HW Test'}, 8617595: {'id': 8617595, 'name': 'Panacast 1.8m cable packaging test plan', 'archived': False, 'index': '8617595:Panacast 1.8m cable packaging test plan'}, 8559484: {'id': 8559484, 'name': 'Panacast 1.8m cable Product Verification Test Plan', 'archived': False, 'index': '8559484:Panacast 1.8m cable Product Verification Test Plan'}, 7315557: {'id': 7315557, 'name': 'PanaCast Vision With Deep Zoom Based Whiteboard', 'archived': False, 'index': '7315557:PanaCast Vision With Deep Zoom Based Whiteboard'}, 5242308: {'id': 5242308, 'name': 'Product Maintenance test plan', 'archived': False, 'index': '5242308:Product Maintenance test plan'}, 3904102: {'id': 3904102, 'name': 'Product Verification Test Plan', 'archived': False, 'index': '3904102:Product Verification Test Plan'}, 3898513: {'id': 3898513, 'name': 'Regulatory Compliance Test Plan', 'archived': False, 'index': '3898513:Regulatory Compliance Test Plan'}, 8609459: {'id': 8609459, 'name': 'Test Plan - Panacast 1.8m Cable ', 'archived': False, 'index': '8609459:Test Plan - Panacast 1.8m Cable '}, 3865926: {'id': 3865926, 'name': 'Test plan - US production', 'archived': False, 'index': '3865926:Test plan - US production'}, 3865929: {'id': 3865929, 'name': 'Test plan - v-tech production', 'archived': False, 'index': '3865929:Test plan - v-tech production'}, 9232579: {'id': 9232579, 'name': 'USB3.0 1.8m C-C CableFour high speed pairs HW Test', 'archived': False, 'index': '9232579:USB3.0 1.8m C-C CableFour high speed pairs HW Test'}, 9233875: {'id': 9233875, 'name': 'USB3.0 3.0m C-A CableFour high speed pairs HW Test', 'archived': False, 'index': '9233875:USB3.0 3.0m C-A CableFour high speed pairs HW Test'}, 4989864: {'id': 4989864, 'name': 'White Board application test plan', 'archived': False, 'index': '4989864:White Board application test plan'}}"
2022-11-21 04:59:21 I Anaco Get_alltests    "Get project name:Anaconda id:20434 all testplans successful!!!"
2022-11-21 09:52:25 E Anaco Print           "HTTPSConnectionPool(host='jabra.jamacloud.com', port=443): Max retries exceeded with url: /rest/v1/items/6740534/parent (Caused by NewConnectionError('<urllib3.connection.VerifiedHTTPSConnection object at 0x073D6EB0>: Failed to establish a new connection: [Errno 11001] getaddrinfo failed'))"
2022-11-21 11:21:31 I Anaco tidy_alltestcas "9880"
2022-11-21 11:42:55 I Anaco Print           "DROP TABLE IF EXISTS testcases:successful"
2022-11-21 11:42:55 I Anaco Print           "CREATE TABLE IF NOT EXISTS testcases (                             testplan_id INT,                             testplan_name TEXT,                             testgroup_id INT,                             testgroup_name TEXT,                             testcycle_id INT,                             testcycle_name TEXT,                             rel TEXT,                             id INT,                             uniqueid TEXT,                             name TEXT,                             status TEXT,                             upstream TEXT,                             downstream TEXT,                             executionDate TEXT) ENGINE=InnoDB DEFAULT CHARSET=utf8:successful"
2022-11-21 11:42:57 I Anaco update_database "Insert testcases table successful"
2022-11-21 11:42:57 I Anaco Print           "CREATE TABLE IF NOT EXISTS tests (                             testplan_id INT,                             testplan_name TEXT,                             testplan_status TEXT,                             rel TEXT, status TEXT,                             count INT, date TEXT) ENGINE=InnoDB DEFAULT CHARSET=utf8:successful"
2022-11-21 11:42:57 I Anaco Print           "DELETE FROM tests WHERE date='2022-11-21':successful"
2022-11-21 11:42:57 I Anaco Print           "SELECT testplan_id FROM tests GROUP BY testplan_id:successful"
2022-11-21 11:42:57 I Anaco Print           "SELECT testplan_name FROM tests WHERE testplan_id=8703112 LIMIT 1:successful"
2022-11-21 11:42:57 I Anaco Print           "UPDATE tests SET testplan_status='Active' WHERE testplan_id=8703112:successful"
2022-11-21 11:42:57 I Anaco Print           "SELECT testplan_name FROM tests WHERE testplan_id=8703669 LIMIT 1:successful"
2022-11-21 11:42:57 I Anaco Print           "UPDATE tests SET testplan_status='Active' WHERE testplan_id=8703669:successful"
2022-11-21 11:42:57 I Anaco Print           "SELECT testplan_name FROM tests WHERE testplan_id=9348642 LIMIT 1:successful"
2022-11-21 11:42:57 I Anaco Print           "UPDATE tests SET testplan_status='Active' WHERE testplan_id=9348642:successful"
2022-11-21 11:42:57 I Anaco Print           "SELECT testplan_name FROM tests WHERE testplan_id=8041459 LIMIT 1:successful"
2022-11-21 11:42:57 I Anaco Print           "UPDATE tests SET testplan_status='Active' WHERE testplan_id=8041459:successful"
2022-11-21 11:42:57 I Anaco Print           "SELECT testplan_name FROM tests WHERE testplan_id=4251146 LIMIT 1:successful"
2022-11-21 11:42:57 I Anaco Print           "UPDATE tests SET testplan_status='Active' WHERE testplan_id=4251146:successful"
2022-11-21 11:42:57 I Anaco Print           "SELECT testplan_name FROM tests WHERE testplan_id=6033876 LIMIT 1:successful"
2022-11-21 11:42:57 I Anaco Print           "UPDATE tests SET testplan_status='Active' WHERE testplan_id=6033876:successful"
2022-11-21 11:42:57 I Anaco Print           "SELECT testplan_name FROM tests WHERE testplan_id=7784607 LIMIT 1:successful"
2022-11-21 11:42:57 I Anaco Print           "UPDATE tests SET testplan_status='Active' WHERE testplan_id=7784607:successful"
2022-11-21 11:42:57 I Anaco Print           "SELECT testplan_name FROM tests WHERE testplan_id=9232508 LIMIT 1:successful"
2022-11-21 11:42:57 I Anaco Print           "UPDATE tests SET testplan_status='Active' WHERE testplan_id=9232508:successful"
2022-11-21 11:42:57 I Anaco Print           "SELECT testplan_name FROM tests WHERE testplan_id=8617595 LIMIT 1:successful"
2022-11-21 11:42:57 I Anaco Print           "UPDATE tests SET testplan_status='Active' WHERE testplan_id=8617595:successful"
2022-11-21 11:42:57 I Anaco Print           "SELECT testplan_name FROM tests WHERE testplan_id=8559484 LIMIT 1:successful"
2022-11-21 11:42:57 I Anaco Print           "UPDATE tests SET testplan_status='Active' WHERE testplan_id=8559484:successful"
2022-11-21 11:42:57 I Anaco Print           "SELECT testplan_name FROM tests WHERE testplan_id=7315557 LIMIT 1:successful"
2022-11-21 11:42:57 I Anaco Print           "UPDATE tests SET testplan_status='Active' WHERE testplan_id=7315557:successful"
2022-11-21 11:42:57 I Anaco Print           "SELECT testplan_name FROM tests WHERE testplan_id=5242308 LIMIT 1:successful"
2022-11-21 11:42:57 I Anaco Print           "UPDATE tests SET testplan_status='Active' WHERE testplan_id=5242308:successful"
2022-11-21 11:42:57 I Anaco Print           "SELECT testplan_name FROM tests WHERE testplan_id=3904102 LIMIT 1:successful"
2022-11-21 11:42:57 I Anaco Print           "UPDATE tests SET testplan_status='Active' WHERE testplan_id=3904102:successful"
2022-11-21 11:42:57 I Anaco Print           "SELECT testplan_name FROM tests WHERE testplan_id=3898513 LIMIT 1:successful"
2022-11-21 11:42:57 I Anaco Print           "UPDATE tests SET testplan_status='Active' WHERE testplan_id=3898513:successful"
2022-11-21 11:42:57 I Anaco Print           "SELECT testplan_name FROM tests WHERE testplan_id=8609459 LIMIT 1:successful"
2022-11-21 11:42:57 I Anaco Print           "UPDATE tests SET testplan_status='Active' WHERE testplan_id=8609459:successful"
2022-11-21 11:42:57 I Anaco Print           "SELECT testplan_name FROM tests WHERE testplan_id=9232579 LIMIT 1:successful"
2022-11-21 11:42:57 I Anaco Print           "UPDATE tests SET testplan_status='Active' WHERE testplan_id=9232579:successful"
2022-11-21 11:42:57 I Anaco Print           "SELECT testplan_name FROM tests WHERE testplan_id=9233875 LIMIT 1:successful"
2022-11-21 11:42:57 I Anaco Print           "UPDATE tests SET testplan_status='Active' WHERE testplan_id=9233875:successful"
2022-11-21 11:42:57 I Anaco Print           "SELECT testplan_name FROM tests WHERE testplan_id=4989864 LIMIT 1:successful"
2022-11-21 11:42:57 I Anaco Print           "UPDATE tests SET testplan_status='Active' WHERE testplan_id=4989864:successful"
2022-11-21 11:42:57 I Anaco Print           "INSERT INTO tests (testplan_id, testplan_name, testplan_status, rel, status, count, date) SELECT testplan_id, testplan_name, 'Active' as testplan_status, rel, status, count((@rn := @rn + 1)) as count, '2022-11-21' as date FROM testcases cross join (select @rn := 0) const GROUP BY testplan_id, rel, status:successful"
2022-11-21 11:42:57 I Anaco update_database "Insert tests table successful"
2022-11-21 11:42:57 I Anaco Print           "CREATE TABLE IF NOT EXISTS testapproval (                                 rel TEXT, team TEXT, status TEXT, upstream TEXT, count INT, date TEXT                                 ) ENGINE=InnoDB DEFAULT CHARSET=utf8:successful"
2022-11-21 11:42:57 I Anaco Print           "DROP TABLE IF EXISTS alltestapproval:successful"
2022-11-21 11:42:57 I Anaco Print           "CREATE TABLE IF NOT EXISTS alltestapproval (                                 id INT, uniqueid TEXT, name TEXT, status TEXT, rel TEXT, team TEXT, upstream TEXT                                 ) ENGINE=InnoDB DEFAULT CHARSET=utf8:successful"
2022-11-21 11:42:57 I Anaco Print           "DELETE FROM testapproval WHERE date='2022-11-21':successful"
2022-11-21 11:42:58 I Anaco Print           "INSERT INTO testapproval (rel, team, status, count, date, upstream) SELECT rel, team, status, count((@rn := @rn + 1)) as count, '2022-11-21' as date, upstream FROM alltestapproval cross join (select @rn := 0) const GROUP BY rel, team, status, upstream:successful"
2022-11-21 11:43:00 I Anaco Get_allfeatuers "[]"
2022-11-21 11:43:00 I Anaco Print           "CREATE TABLE IF NOT EXISTS features (                                rel TEXT, status TEXT, count INT, date TEXT) ENGINE=InnoDB DEFAULT CHARSET=utf8:successful"
2022-11-21 11:43:00 I Anaco Print           "CREATE TABLE IF NOT EXISTS allfeatures (                                id INT, uniqueid TEXT, name TEXT, status TEXT, rel TEXT,test_status TEXT) ENGINE=InnoDB DEFAULT CHARSET=utf8:successful"
2022-11-21 11:43:00 I Anaco Print           "DELETE FROM features WHERE date='2022-11-21':successful"
2022-11-21 11:43:00 I Anaco Print           "DELETE FROM allfeatures WHERE id=8895371:successful"
2022-11-21 11:43:00 I Anaco Print           "INSERT INTO features (rel, status, count, date)                                 SELECT rel, status, count((@rn := @rn + 1)) as count, '2022-11-21' as date FROM allfeatures cross join (select @rn := 0) const GROUP BY rel, status:successful"
2022-11-21 11:43:00 I Anaco Get_allchangere "[]"
2022-11-21 11:43:00 I Anaco Print           "CREATE TABLE IF NOT EXISTS changes (                                 rel TEXT, status TEXT, priority TEXT,                                 requester TEXT, date TEXT, count INT) ENGINE=InnoDB DEFAULT CHARSET=utf8:successful"
2022-11-21 11:43:00 I Anaco Print           "CREATE TABLE IF NOT EXISTS allchanges (                                 id INT, uniqueid TEXT, name TEXT,                                 status TEXT, rel TEXT, priority TEXT,                                 requester TEXT) ENGINE=InnoDB DEFAULT CHARSET=utf8:successful"
2022-11-21 11:43:01 I Anaco Print           "DELETE FROM changes WHERE date='2022-11-21':successful"
2022-11-21 11:43:01 I Anaco Print           "INSERT INTO changes (                                 rel, status, priority, requester, date, count)                                 SELECT rel, status, priority, requester, '2022-11-21' as date, count((@rn := @rn + 1)) as count FROM allchanges                                 cross join (select @rn := 0) const GROUP BY rel, status, priority, requester:successful"
2022-11-21 11:43:01 I Anaco Print           "CREATE TABLE IF NOT EXISTS designspec (                            rel TEXT, team TEXT, status TEXT, count INT, date text) ENGINE=InnoDB DEFAULT CHARSET=utf8:successful"
2022-11-21 11:43:01 I Anaco Print           "CREATE TABLE IF NOT EXISTS alldesignspec (                             id INT, uniqueid TEXT, name TEXT, status TEXT, rel TEXT, team TEXT) ENGINE=InnoDB DEFAULT CHARSET=utf8:successful"
2022-11-21 11:43:01 I Anaco Print           "DELETE FROM designspec WHERE date='2022-11-21':successful"
2022-11-21 11:43:01 I Anaco Print           "INSERT INTO designspec (rel, team, status, count, date) SELECT rel, team, status, count((@rn := @rn + 1)) as count, '2022-11-21' as date FROM alldesignspec cross join (select @rn := 0) const GROUP BY rel, team, status:successful"
2022-11-21 11:43:02 I Anaco Get_alluserstor "[]"
2022-11-21 11:43:02 I Anaco Print           "CREATE TABLE IF NOT EXISTS userstories (                 rel TEXT, status TEXT, count INT, date TEXT) ENGINE=InnoDB DEFAULT CHARSET=utf8:successful"
2022-11-21 11:43:02 I Anaco Print           "CREATE TABLE IF NOT EXISTS alluserstories (                 id INT, uniqueid TEXT, name TEXT, status TEXT, rel TEXT) ENGINE=InnoDB DEFAULT CHARSET=utf8:successful"
2022-11-21 11:43:02 I Anaco Print           "DELETE FROM userstories WHERE date='2022-11-21':successful"
2022-11-21 11:43:02 I Anaco Print           "INSERT INTO userstories (rel, status, count, date) SELECT rel, status, count((@rn := @rn + 1)) as count, '2022-11-21' as date FROM alluserstories cross join (select @rn := 0) const GROUP BY rel, status:successful"
2022-11-21 11:43:03 I Anaco Get_alldefects  "[]"
2022-11-21 11:43:03 I Anaco Print           "CREATE TABLE IF NOT EXISTS defects (                     rel TEXT, team TEXT, status TEXT, priority TEXT, count INT, date TEXT) ENGINE=InnoDB DEFAULT CHARSET=utf8:successful"
2022-11-21 11:43:03 I Anaco Print           "CREATE TABLE IF NOT EXISTS alldefects (                     id INT, uniqueid TEXT, name TEXT, status TEXT, rel TEXT, team TEXT, priority TEXT, jira TEXT, upstream TEXT) ENGINE=InnoDB DEFAULT CHARSET=utf8:successful"
2022-11-21 11:43:03 I Anaco Print           "DELETE FROM defects WHERE date='2022-11-21':successful"
2022-11-21 11:43:03 I Anaco Print           "INSERT INTO defects (rel, team, status, count, date, priority) SELECT rel, team, status, count((@rn := @rn + 1)) as count, '2022-11-21' as date, priority FROM alldefects cross join (select @rn := 0) const GROUP BY rel, team, status, priority:successful"
2022-11-21 11:44:08 I Anaco get_multipickli "Unassigned don't find the mainteam name from G_parameter"
2022-11-21 11:44:31 I Anaco get_multipickli "Unassigned don't find the mainteam name from G_parameter"
2022-11-21 11:54:01 I Anaco get_multipickli "Unassigned don't find the mainteam name from G_parameter"
2022-11-21 11:55:42 I Anaco get_multipickli "Unassigned don't find the mainteam name from G_parameter"
2022-11-21 11:56:44 I Anaco get_multipickli "Unassigned don't find the mainteam name from G_parameter"
2022-11-21 12:07:41 I Anaco get_multipickli "Unassigned don't find the mainteam name from G_parameter"
2022-11-21 12:26:39 I Anaco get_multipickli "Unassigned don't find the mainteam name from G_parameter"
2022-11-21 12:31:32 I Anaco get_multipickli "Unassigned don't find the mainteam name from G_parameter"
2022-11-21 12:39:17 I Anaco get_multipickli "Unassigned don't find the mainteam name from G_parameter"
2022-11-21 13:07:15 I Anaco get_multipickli "Unassigned don't find the mainteam name from G_parameter"
2022-11-21 13:08:22 I Anaco get_multipickli "Unassigned don't find the mainteam name from G_parameter"
2022-11-21 13:16:11 I Anaco get_multipickli "Unassigned don't find the mainteam name from G_parameter"
2022-11-21 13:27:50 I Anaco get_multipickli "Unassigned don't find the mainteam name from G_parameter"
2022-11-21 13:28:45 I Anaco get_multipickli "Unassigned don't find the mainteam name from G_parameter"
2022-11-21 13:32:57 I Anaco get_multipickli "Unassigned don't find the mainteam name from G_parameter"
2022-11-21 13:49:33 I Anaco Print           "DROP TABLE IF EXISTS allrequirements:successful"
2022-11-21 13:49:33 I Anaco Print           "DROP TABLE IF EXISTS allcoverage:successful"
2022-11-21 13:49:33 I Anaco Print           "CREATE TABLE IF NOT EXISTS requirements (                        rel TEXT, status TEXT, count INT, date TEXT) ENGINE=InnoDB DEFAULT CHARSET=utf8:successful"
2022-11-21 13:49:33 I Anaco Print           "CREATE TABLE IF NOT EXISTS allrequirements (                        id INT, uniqueid TEXT, name TEXT, status TEXT, rel TEXT, upstream TEXT, downstream TEXT, team TEXT, test_status TEXT) ENGINE=InnoDB DEFAULT CHARSET=utf8:successful"
2022-11-21 13:49:33 I Anaco Print           "CREATE TABLE IF NOT EXISTS coverage (                        team text, covered int, expected int, date text) ENGINE=InnoDB DEFAULT CHARSET=utf8:successful"
2022-11-21 13:49:33 I Anaco Print           "CREATE TABLE IF NOT EXISTS allcoverage (                        id INT, uniqueid TEXT, name TEXT, status TEXT, rel TEXT, verify TEXT, missing TEXT) ENGINE=InnoDB DEFAULT CHARSET=utf8:successful"
2022-11-21 13:49:33 I Anaco Print           "DELETE FROM requirements WHERE date='2022-11-21':successful"
2022-11-21 13:49:33 I Anaco Print           "DELETE FROM coverage WHERE date='2022-11-21':successful"
2022-11-21 13:49:33 I Anaco Print           "INSERT INTO requirements (rel, status, count, date) SELECT rel, status, count((@rn := @rn + 1)) as count, '2022-11-21' as date FROM allrequirements cross join (select @rn := 0) const GROUP BY rel, status:successful"
2022-11-21 13:49:33 I Anaco Print           "CREATE TABLE IF NOT EXISTS feattest (rel TEXT, status TEXT, count TEXT, date TEXT) ENGINE=InnoDB DEFAULT CHARSET=utf8:successful"
2022-11-21 13:49:33 I Anaco Print           "CREATE TABLE IF NOT EXISTS reqtest (rel TEXT, status TEXT, count TEXT, date TEXT) ENGINE=InnoDB DEFAULT CHARSET=utf8:successful"
2022-11-21 13:49:33 I Anaco Print           "SELECT id FROM allfeatures:successful"
2022-11-21 13:49:33 I Anaco Print           "SELECT id,upstream,downstream,team FROM allrequirements:successful"
2022-11-21 13:49:33 I Anaco Print           "SELECT id FROM allcoverage:successful"
2022-11-21 13:49:33 I Anaco Print           "SELECT * FROM testcases:successful"
