2023-01-21 09:02:22 I Canar Print           "Connet 20563 successfully!!!"
2023-01-21 09:02:22 I Canar Get_alltests    "Get project name:Canary id:20563 all testplans"
2023-01-21 09:02:24 I Canar Get_alltests    "{9508431: {'id': 9508431, 'name': 'ESW Test Plan', 'archived': False, 'index': '9508431:ESW Test Plan'}, 9246564: {'id': 9246564, 'name': 'HW Test Plan', 'archived': False, 'index': '9246564:HW Test Plan'}, 8686340: {'id': 8686340, 'name': 'Product Verification Test Plan', 'archived': False, 'index': '8686340:Product Verification Test Plan'}}"
2023-01-21 09:02:24 I Canar Get_alltests    "Get project name:Canary id:20563 all testplans successful!!!"
2023-01-21 09:04:06 I Canar tidy_alltestcas "418"
2023-01-21 09:05:21 I Canar Print           "DROP TABLE IF EXISTS testcases:successful"
2023-01-21 09:05:21 I Canar Print           "CREATE TABLE IF NOT EXISTS testcases (                             testplan_id INT,                             testplan_name TEXT,                             testgroup_id INT,                             testgroup_name TEXT,                             testcycle_id INT,                             testcycle_name TEXT,                             rel TEXT,                             id INT,                             uniqueid TEXT,                             name TEXT,                             status TEXT,                             upstream TEXT,                             downstream TEXT,                             executionDate TEXT) ENGINE=InnoDB DEFAULT CHARSET=utf8:successful"
2023-01-21 09:05:21 I Canar update_database "Insert testcases table successful"
2023-01-21 09:05:21 I Canar Print           "CREATE TABLE IF NOT EXISTS tests (                             testplan_id INT,                             testplan_name TEXT,                             testplan_status TEXT,                             rel TEXT, status TEXT,                             count INT, date TEXT) ENGINE=InnoDB DEFAULT CHARSET=utf8:successful"
2023-01-21 09:05:21 I Canar Print           "DELETE FROM tests WHERE date='2023-01-21':successful"
2023-01-21 09:05:21 I Canar Print           "SELECT testplan_id FROM tests GROUP BY testplan_id:successful"
2023-01-21 09:05:21 I Canar Print           "SELECT testplan_name FROM tests WHERE testplan_id=9508431 LIMIT 1:successful"
2023-01-21 09:05:21 I Canar Print           "UPDATE tests SET testplan_status='Active' WHERE testplan_id=9508431:successful"
2023-01-21 09:05:21 I Canar Print           "SELECT testplan_name FROM tests WHERE testplan_id=9246564 LIMIT 1:successful"
2023-01-21 09:05:21 I Canar Print           "UPDATE tests SET testplan_status='Active' WHERE testplan_id=9246564:successful"
2023-01-21 09:05:21 I Canar Print           "SELECT testplan_name FROM tests WHERE testplan_id=8686340 LIMIT 1:successful"
2023-01-21 09:05:21 I Canar Print           "UPDATE tests SET testplan_status='Active' WHERE testplan_id=8686340:successful"
2023-01-21 09:05:21 I Canar Print           "INSERT INTO tests (testplan_id, testplan_name, testplan_status, rel, status, count, date) SELECT testplan_id, testplan_name, 'Active' as testplan_status, rel, status, count((@rn := @rn + 1)) as count, '2023-01-21' as date FROM testcases cross join (select @rn := 0) const GROUP BY testplan_id, rel, status:successful"
2023-01-21 09:05:21 I Canar update_database "Insert tests table successful"
2023-01-21 09:05:21 I Canar Print           "CREATE TABLE IF NOT EXISTS testapproval (                                 rel TEXT, team TEXT, status TEXT, upstream TEXT, count INT, date TEXT                                 ) ENGINE=InnoDB DEFAULT CHARSET=utf8:successful"
2023-01-21 09:05:21 I Canar Print           "DROP TABLE IF EXISTS alltestapproval:successful"
2023-01-21 09:05:21 I Canar Print           "CREATE TABLE IF NOT EXISTS alltestapproval (                                 id INT, uniqueid TEXT, name TEXT, status TEXT, rel TEXT, team TEXT, upstream TEXT                                 ) ENGINE=InnoDB DEFAULT CHARSET=utf8:successful"
2023-01-21 09:05:21 I Canar Print           "DELETE FROM testapproval WHERE date='2023-01-21':successful"
2023-01-21 09:05:21 I Canar Print           "INSERT INTO testapproval (rel, team, status, count, date, upstream) SELECT rel, team, status, count((@rn := @rn + 1)) as count, '2023-01-21' as date, upstream FROM alltestapproval cross join (select @rn := 0) const GROUP BY rel, team, status, upstream:successful"
2023-01-21 09:05:27 I Canar Get_allfeatuers "[]"
2023-01-21 09:05:27 I Canar Print           "CREATE TABLE IF NOT EXISTS features (                                rel TEXT, status TEXT, count INT, date TEXT) ENGINE=InnoDB DEFAULT CHARSET=utf8:successful"
2023-01-21 09:05:27 I Canar Print           "CREATE TABLE IF NOT EXISTS allfeatures (                                id INT, uniqueid TEXT, name TEXT, status TEXT, rel TEXT,test_status TEXT) ENGINE=InnoDB DEFAULT CHARSET=utf8:successful"
2023-01-21 09:05:27 I Canar Print           "DELETE FROM features WHERE date='2023-01-21':successful"
2023-01-21 09:05:27 I Canar Print           "DELETE FROM allfeatures WHERE id=18734323:successful"
2023-01-21 09:05:27 I Canar Print           "DELETE FROM allfeatures WHERE id=17510212:successful"
2023-01-21 09:05:27 I Canar Print           "INSERT INTO features (rel, status, count, date)                                 SELECT rel, status, count((@rn := @rn + 1)) as count, '2023-01-21' as date FROM allfeatures cross join (select @rn := 0) const GROUP BY rel, status:successful"
2023-01-21 09:05:29 I Canar Get_allchangere "[]"
2023-01-21 09:05:29 I Canar Print           "CREATE TABLE IF NOT EXISTS changes (                                 rel TEXT, status TEXT, priority TEXT,                                 requester TEXT, date TEXT, count INT) ENGINE=InnoDB DEFAULT CHARSET=utf8:successful"
2023-01-21 09:05:29 I Canar Print           "CREATE TABLE IF NOT EXISTS allchanges (                                 id INT, uniqueid TEXT, name TEXT,                                 status TEXT, rel TEXT, priority TEXT,                                 requester TEXT) ENGINE=InnoDB DEFAULT CHARSET=utf8:successful"
2023-01-21 09:05:29 I Canar Print           "DELETE FROM changes WHERE date='2023-01-21':successful"
2023-01-21 09:05:29 I Canar Print           "INSERT INTO changes (                                 rel, status, priority, requester, date, count)                                 SELECT rel, status, priority, requester, '2023-01-21' as date, count((@rn := @rn + 1)) as count FROM allchanges                                 cross join (select @rn := 0) const GROUP BY rel, status, priority, requester:successful"
2023-01-21 09:05:31 I Canar Print           "CREATE TABLE IF NOT EXISTS designspec (                            rel TEXT, team TEXT, status TEXT, count INT, date text) ENGINE=InnoDB DEFAULT CHARSET=utf8:successful"
2023-01-21 09:05:31 I Canar Print           "CREATE TABLE IF NOT EXISTS alldesignspec (                             id INT, uniqueid TEXT, name TEXT, status TEXT, rel TEXT, team TEXT) ENGINE=InnoDB DEFAULT CHARSET=utf8:successful"
2023-01-21 09:05:31 I Canar Print           "DELETE FROM designspec WHERE date='2023-01-21':successful"
2023-01-21 09:05:31 I Canar Print           "INSERT INTO designspec (rel, team, status, count, date) SELECT rel, team, status, count((@rn := @rn + 1)) as count, '2023-01-21' as date FROM alldesignspec cross join (select @rn := 0) const GROUP BY rel, team, status:successful"
2023-01-21 09:05:33 I Canar Get_alluserstor "[]"
2023-01-21 09:05:33 I Canar Print           "CREATE TABLE IF NOT EXISTS userstories (                 rel TEXT, status TEXT, count INT, date TEXT) ENGINE=InnoDB DEFAULT CHARSET=utf8:successful"
2023-01-21 09:05:33 I Canar Print           "CREATE TABLE IF NOT EXISTS alluserstories (                 id INT, uniqueid TEXT, name TEXT, status TEXT, rel TEXT) ENGINE=InnoDB DEFAULT CHARSET=utf8:successful"
2023-01-21 09:05:33 I Canar Print           "DELETE FROM userstories WHERE date='2023-01-21':successful"
2023-01-21 09:05:33 I Canar Print           "INSERT INTO userstories (rel, status, count, date) SELECT rel, status, count((@rn := @rn + 1)) as count, '2023-01-21' as date FROM alluserstories cross join (select @rn := 0) const GROUP BY rel, status:successful"
2023-01-21 09:05:57 I Canar Get_alldefects  "[{'id': 9636976, 'name': '[ios sound+ OTA] The earbud is connected to sound+ to upgrade, the earbud has started to flash purple light, but the upgrade progress bar is not displayed', 'documentKey': 'Cana-BUG-16', 'statusId': 156538, 'status': 'Closed', 'teamId': 156570, 'team': 'DE Mobile Apps', 'priorityId': 156535, 'priority': 'Trivial', 'upstream': '', 'jira': 'https://jabra1.atlassian.net/browse/CANA-874'}, {'id': 9637120, 'name': '[Play][ios sound+]Enter sound+ to play music, wake up the voice assistant, exit the voice assistant and wait for 10 seconds, the music will automatically pause', 'documentKey': 'Cana-BUG-149', 'statusId': 156537, 'status': 'Resolved', 'teamId': 156570, 'team': 'DE Mobile Apps', 'priorityId': 156533, 'priority': 'Major', 'upstream': '', 'jira': 'https://jabra1.atlassian.net/browse/CANA-981'}, {'id': 10379806, 'name': 'CLONE - In the Mono mode, incoming calls are not automatically answered after taking the earbud into ear', 'documentKey': 'Cana-BUG-745', 'statusId': 156536, 'status': 'Open', 'teamId': 157251, 'team': 'ESW BT', 'priorityId': 156533, 'priority': 'Major', 'upstream': '', 'jira': 'https://jabra1.atlassian.net/browse/CANA-1103'}, {'id': 10460876, 'name': 'Elite 5/Connect 5t disconnect in Teams after 10min.', 'documentKey': 'Cana-BUG-746', 'statusId': 156536, 'status': 'Open', 'teamId': 156574, 'team': 'QA', 'priorityId': 156535, 'priority': 'Trivial', 'upstream': '', 'jira': 'https://jabra1.atlassian.net/browse/CANA-1104'}]"
2023-01-21 09:05:57 I Canar Print           "CREATE TABLE IF NOT EXISTS defects (                     rel TEXT, team TEXT, status TEXT, priority TEXT, count INT, date TEXT) ENGINE=InnoDB DEFAULT CHARSET=utf8:successful"
2023-01-21 09:05:57 I Canar Print           "CREATE TABLE IF NOT EXISTS alldefects (                     id INT, uniqueid TEXT, name TEXT, status TEXT, rel TEXT, team TEXT, priority TEXT, jira TEXT, upstream TEXT) ENGINE=InnoDB DEFAULT CHARSET=utf8:successful"
2023-01-21 09:05:57 I Canar Print           "DELETE FROM defects WHERE date='2023-01-21':successful"
2023-01-21 09:05:57 I Canar Print           "DELETE FROM alldefects WHERE id = 9636976:successful"
2023-01-21 09:05:57 I Canar Print           "DELETE FROM alldefects WHERE id = 9637120:successful"
2023-01-21 09:05:57 I Canar Print           "DELETE FROM alldefects WHERE id = 10379806:successful"
2023-01-21 09:05:57 I Canar Print           "DELETE FROM alldefects WHERE id = 10460876:successful"
2023-01-21 09:05:57 I Canar Print           "Not enough parameters for the SQL statement"
2023-01-21 09:05:57 I Canar Print           "INSERT INTO defects (rel, team, status, count, date, priority) SELECT rel, team, status, count((@rn := @rn + 1)) as count, '2023-01-21' as date, priority FROM alldefects cross join (select @rn := 0) const GROUP BY rel, team, status, priority:successful"
2023-01-21 09:11:46 I Canar get_multipickli "Unassigned don't find the mainteam name from G_parameter"
2023-01-21 09:16:40 I Canar get_multipickli "Unassigned don't find the mainteam name from G_parameter"
2023-01-21 09:17:18 I Canar get_multipickli "ESW Platform Test don't find the mainteam name from G_parameter"
2023-01-21 09:18:01 I Canar get_multipickli "Unassigned don't find the mainteam name from G_parameter"
2023-01-21 09:18:06 I Canar get_multipickli "Unassigned don't find the mainteam name from G_parameter"
2023-01-21 09:18:10 I Canar get_multipickli "Unassigned don't find the mainteam name from G_parameter"
2023-01-21 09:18:15 I Canar get_multipickli "Unassigned don't find the mainteam name from G_parameter"
2023-01-21 09:18:20 I Canar get_multipickli "Unassigned don't find the mainteam name from G_parameter"
2023-01-21 09:18:25 I Canar get_multipickli "Unassigned don't find the mainteam name from G_parameter"
2023-01-21 09:18:30 I Canar get_multipickli "Unassigned don't find the mainteam name from G_parameter"
2023-01-21 09:18:35 I Canar get_multipickli "Unassigned don't find the mainteam name from G_parameter"
2023-01-21 09:18:41 I Canar get_multipickli "Unassigned don't find the mainteam name from G_parameter"
2023-01-21 09:18:45 I Canar get_multipickli "Unassigned don't find the mainteam name from G_parameter"
2023-01-21 09:18:49 I Canar get_multipickli "Unassigned don't find the mainteam name from G_parameter"
2023-01-21 09:18:55 I Canar get_multipickli "Unassigned don't find the mainteam name from G_parameter"
2023-01-21 09:19:01 I Canar get_multipickli "Unassigned don't find the mainteam name from G_parameter"
2023-01-21 09:19:06 I Canar get_multipickli "Unassigned don't find the mainteam name from G_parameter"
2023-01-21 09:19:11 I Canar get_multipickli "Unassigned don't find the mainteam name from G_parameter"
2023-01-21 09:19:16 I Canar get_multipickli "Unassigned don't find the mainteam name from G_parameter"
2023-01-21 09:19:21 I Canar get_multipickli "Unassigned don't find the mainteam name from G_parameter"
2023-01-21 09:19:26 I Canar get_multipickli "Unassigned don't find the mainteam name from G_parameter"
2023-01-21 09:19:31 I Canar get_multipickli "Unassigned don't find the mainteam name from G_parameter"
2023-01-21 09:19:36 I Canar get_multipickli "Unassigned don't find the mainteam name from G_parameter"
2023-01-21 09:19:40 I Canar get_multipickli "Unassigned don't find the mainteam name from G_parameter"
2023-01-21 09:19:45 I Canar get_multipickli "Unassigned don't find the mainteam name from G_parameter"
2023-01-21 09:19:51 I Canar get_multipickli "Unassigned don't find the mainteam name from G_parameter"
2023-01-21 09:19:56 I Canar get_multipickli "Unassigned don't find the mainteam name from G_parameter"
2023-01-21 09:20:01 I Canar get_multipickli "Unassigned don't find the mainteam name from G_parameter"
2023-01-21 09:20:06 I Canar get_multipickli "Unassigned don't find the mainteam name from G_parameter"
2023-01-21 09:20:12 I Canar get_multipickli "Unassigned don't find the mainteam name from G_parameter"
2023-01-21 09:20:29 I Canar get_multipickli "Unassigned don't find the mainteam name from G_parameter"
2023-01-21 09:20:48 I Canar get_multipickli "Unassigned don't find the mainteam name from G_parameter"
2023-01-21 09:21:06 I Canar get_multipickli "Unassigned don't find the mainteam name from G_parameter"
2023-01-21 09:21:23 I Canar get_multipickli "Unassigned don't find the mainteam name from G_parameter"
2023-01-21 09:25:53 I Canar get_multipickli "Digital Experience – Android don't find the mainteam name from G_parameter"
2023-01-21 09:25:55 I Canar get_multipickli "Digital Experience – IOS don't find the mainteam name from G_parameter"
2023-01-21 09:26:00 I Canar get_multipickli "Digital Experience – Android don't find the mainteam name from G_parameter"
2023-01-21 09:26:00 I Canar get_multipickli "Digital Experience – IOS don't find the mainteam name from G_parameter"
2023-01-21 09:26:05 I Canar get_multipickli "Digital Experience – Android don't find the mainteam name from G_parameter"
2023-01-21 09:26:05 I Canar get_multipickli "Digital Experience – IOS don't find the mainteam name from G_parameter"
2023-01-21 09:26:11 I Canar get_multipickli "Digital Experience – Android don't find the mainteam name from G_parameter"
2023-01-21 09:26:11 I Canar get_multipickli "Digital Experience – IOS don't find the mainteam name from G_parameter"
2023-01-21 09:26:16 I Canar get_multipickli "Digital Experience – Android don't find the mainteam name from G_parameter"
2023-01-21 09:26:16 I Canar get_multipickli "Digital Experience – IOS don't find the mainteam name from G_parameter"
2023-01-21 09:26:21 I Canar get_multipickli "Digital Experience – Android don't find the mainteam name from G_parameter"
2023-01-21 09:26:21 I Canar get_multipickli "Digital Experience – IOS don't find the mainteam name from G_parameter"
2023-01-21 09:26:26 I Canar get_multipickli "Digital Experience – Android don't find the mainteam name from G_parameter"
2023-01-21 09:26:26 I Canar get_multipickli "Digital Experience – IOS don't find the mainteam name from G_parameter"
2023-01-21 09:26:43 I Canar get_multipickli "Digital Experience – Android don't find the mainteam name from G_parameter"
2023-01-21 09:26:43 I Canar get_multipickli "Digital Experience – IOS don't find the mainteam name from G_parameter"
2023-01-21 09:26:49 I Canar get_multipickli "Digital Experience – Android don't find the mainteam name from G_parameter"
2023-01-21 09:26:55 I Canar get_multipickli "Digital Experience – Android don't find the mainteam name from G_parameter"
2023-01-21 09:27:04 I Canar get_multipickli "Digital Experience – Android don't find the mainteam name from G_parameter"
2023-01-21 09:27:11 I Canar get_multipickli "Digital Experience – Android don't find the mainteam name from G_parameter"
2023-01-21 09:27:16 I Canar get_multipickli "Digital Experience – Android don't find the mainteam name from G_parameter"
2023-01-21 09:27:21 I Canar get_multipickli "Digital Experience – Android don't find the mainteam name from G_parameter"
2023-01-21 09:27:41 I Canar get_multipickli "Unassigned don't find the mainteam name from G_parameter"
2023-01-21 09:27:41 I Canar get_multipickli "ESW Platform Test don't find the mainteam name from G_parameter"
2023-01-21 09:27:57 I Canar get_multipickli "Digital Experience – Android don't find the mainteam name from G_parameter"
2023-01-21 09:27:57 I Canar get_multipickli "Digital Experience – IOS don't find the mainteam name from G_parameter"
2023-01-21 09:29:12 I Canar get_multipickli "Unassigned don't find the mainteam name from G_parameter"
2023-01-21 09:29:12 I Canar Print           "DROP TABLE IF EXISTS allrequirements:successful"
2023-01-21 09:29:12 I Canar Print           "DROP TABLE IF EXISTS allcoverage:successful"
2023-01-21 09:29:12 I Canar Print           "CREATE TABLE IF NOT EXISTS requirements (                        rel TEXT, status TEXT, count INT, date TEXT) ENGINE=InnoDB DEFAULT CHARSET=utf8:successful"
2023-01-21 09:29:12 I Canar Print           "CREATE TABLE IF NOT EXISTS allrequirements (                        id INT, uniqueid TEXT, name TEXT, status TEXT, rel TEXT, upstream TEXT, downstream TEXT, team TEXT, test_status TEXT) ENGINE=InnoDB DEFAULT CHARSET=utf8:successful"
2023-01-21 09:29:12 I Canar Print           "CREATE TABLE IF NOT EXISTS coverage (                        team text, covered int, expected int, date text) ENGINE=InnoDB DEFAULT CHARSET=utf8:successful"
2023-01-21 09:29:12 I Canar Print           "CREATE TABLE IF NOT EXISTS allcoverage (                        id INT, uniqueid TEXT, name TEXT, status TEXT, rel TEXT, verify TEXT, missing TEXT) ENGINE=InnoDB DEFAULT CHARSET=utf8:successful"
2023-01-21 09:29:12 I Canar Print           "DELETE FROM requirements WHERE date='2023-01-21':successful"
2023-01-21 09:29:12 I Canar Print           "DELETE FROM coverage WHERE date='2023-01-21':successful"
2023-01-21 09:29:12 I Canar Print           "INSERT INTO requirements (rel, status, count, date) SELECT rel, status, count((@rn := @rn + 1)) as count, '2023-01-21' as date FROM allrequirements cross join (select @rn := 0) const GROUP BY rel, status:successful"
2023-01-21 09:29:12 I Canar Print           "CREATE TABLE IF NOT EXISTS feattest (rel TEXT, status TEXT, count TEXT, date TEXT) ENGINE=InnoDB DEFAULT CHARSET=utf8:successful"
2023-01-21 09:29:12 I Canar Print           "CREATE TABLE IF NOT EXISTS reqtest (rel TEXT, status TEXT, count TEXT, date TEXT) ENGINE=InnoDB DEFAULT CHARSET=utf8:successful"
2023-01-21 09:29:12 I Canar Print           "SELECT id FROM allfeatures:successful"
2023-01-21 09:29:12 I Canar Print           "SELECT id,upstream,downstream,team FROM allrequirements:successful"
2023-01-21 09:29:12 I Canar Print           "SELECT id FROM allcoverage:successful"
2023-01-21 09:29:12 I Canar Print           "SELECT * FROM testcases:successful"
