2023-01-21 04:59:20 I Darwi Print           "Connet 20402 successfully!!!"
2023-01-21 04:59:20 I Darwi Get_alltests    "Get project name:Darwin id:20402 all testplans"
2023-01-21 04:59:24 I Darwi Get_alltests    "{3507556: {'id': 3507556, 'name': 'Audio test plan', 'archived': False, 'index': '3507556:Audio test plan'}, 7563315: {'id': 7563315, 'name': 'Darwin - new cable test plan', 'archived': False, 'index': '7563315:Darwin - new cable test plan'}, 4247021: {'id': 4247021, 'name': 'Darwin PKG Transportation Test Plan', 'archived': False, 'index': '4247021:Darwin PKG Transportation Test Plan'}, 6047346: {'id': 6047346, 'name': 'Darwin SP1 ESW Test plan', 'archived': True, 'index': '6047346:Darwin SP1 ESW Test plan'}, 7077003: {'id': 7077003, 'name': 'Darwin SP2 ESW Test plan', 'archived': False, 'index': '7077003:Darwin SP2 ESW Test plan'}, 8030446: {'id': 8030446, 'name': 'Darwin SR03 ESW Test plan', 'archived': False, 'index': '8030446:Darwin SR03 ESW Test plan'}, 7192848: {'id': 7192848, 'name': 'Darwin VP1 ESW Test plan Telemetry', 'archived': False, 'index': '7192848:Darwin VP1 ESW Test plan Telemetry'}, 3507761: {'id': 3507761, 'name': 'ESW Test Plan', 'archived': False, 'index': '3507761:ESW Test Plan'}, 9744930: {'id': 9744930, 'name': 'ESW Test Plan - Motion sensor removal', 'archived': False, 'index': '9744930:ESW Test Plan - Motion sensor removal'}, 8583971: {'id': 8583971, 'name': 'ESW Testplan Genesys certification test', 'archived': False, 'index': '8583971:ESW Testplan Genesys certification test'}, 7401408: {'id': 7401408, 'name': 'ESW UC device in Teams', 'archived': False, 'index': '7401408:ESW UC device in Teams'}, 3522854: {'id': 3522854, 'name': 'HW Test plan', 'archived': False, 'index': '3522854:HW Test plan'}, 3498152: {'id': 3498152, 'name': 'Mechanics mock up test plan', 'archived': False, 'index': '3498152:Mechanics mock up test plan'}, 8283952: {'id': 8283952, 'name': 'Mitel Evolve2 40 Stereo UC ESW Test plan', 'archived': False, 'index': '8283952:Mitel Evolve2 40 Stereo UC ESW Test plan'}, 3555207: {'id': 3555207, 'name': 'MT Test Plan', 'archived': False, 'index': '3555207:MT Test Plan'}, 3996271: {'id': 3996271, 'name': 'Product Maintenance test plan', 'archived': False, 'index': '3996271:Product Maintenance test plan'}, 3395625: {'id': 3395625, 'name': 'Product Verification Test Plan', 'archived': False, 'index': '3395625:Product Verification Test Plan'}, 3493067: {'id': 3493067, 'name': 'QA test plan', 'archived': False, 'index': '3493067:QA test plan'}, 3578879: {'id': 3578879, 'name': 'Regulatory Compliance test plan', 'archived': False, 'index': '3578879:Regulatory Compliance test plan'}, 8055438: {'id': 8055438, 'name': 'SE Product Verification Test Plan', 'archived': False, 'index': '8055438:SE Product Verification Test Plan'}, 4874502: {'id': 4874502, 'name': 'UX', 'archived': False, 'index': '4874502:UX'}}"
2023-01-21 04:59:24 I Darwi Get_alltests    "Get project name:Darwin id:20402 all testplans successful!!!"
2023-01-21 05:21:43 I Darwi tidy_alltestcas "1848"
2023-01-21 05:26:41 I Darwi Print           "DROP TABLE IF EXISTS testcases:successful"
2023-01-21 05:26:41 I Darwi Print           "CREATE TABLE IF NOT EXISTS testcases (                             testplan_id INT,                             testplan_name TEXT,                             testgroup_id INT,                             testgroup_name TEXT,                             testcycle_id INT,                             testcycle_name TEXT,                             rel TEXT,                             id INT,                             uniqueid TEXT,                             name TEXT,                             status TEXT,                             upstream TEXT,                             downstream TEXT,                             executionDate TEXT) ENGINE=InnoDB DEFAULT CHARSET=utf8:successful"
2023-01-21 05:26:41 I Darwi update_database "Insert testcases table successful"
2023-01-21 05:26:41 I Darwi Print           "CREATE TABLE IF NOT EXISTS tests (                             testplan_id INT,                             testplan_name TEXT,                             testplan_status TEXT,                             rel TEXT, status TEXT,                             count INT, date TEXT) ENGINE=InnoDB DEFAULT CHARSET=utf8:successful"
2023-01-21 05:26:41 I Darwi Print           "DELETE FROM tests WHERE date='2023-01-21':successful"
2023-01-21 05:26:41 I Darwi Print           "SELECT testplan_id FROM tests GROUP BY testplan_id:successful"
2023-01-21 05:26:41 I Darwi Print           "SELECT testplan_name FROM tests WHERE testplan_id=3507556 LIMIT 1:successful"
2023-01-21 05:26:41 I Darwi Print           "UPDATE tests SET testplan_status='Active' WHERE testplan_id=3507556:successful"
2023-01-21 05:26:41 I Darwi Print           "SELECT testplan_name FROM tests WHERE testplan_id=7563315 LIMIT 1:successful"
2023-01-21 05:26:41 I Darwi Print           "UPDATE tests SET testplan_status='Active' WHERE testplan_id=7563315:successful"
2023-01-21 05:26:41 I Darwi Print           "SELECT testplan_name FROM tests WHERE testplan_id=4247021 LIMIT 1:successful"
2023-01-21 05:26:41 I Darwi Print           "UPDATE tests SET testplan_status='Active' WHERE testplan_id=4247021:successful"
2023-01-21 05:26:41 I Darwi Print           "SELECT testplan_name FROM tests WHERE testplan_id=7077003 LIMIT 1:successful"
2023-01-21 05:26:41 I Darwi Print           "UPDATE tests SET testplan_status='Active' WHERE testplan_id=7077003:successful"
2023-01-21 05:26:41 I Darwi Print           "SELECT testplan_name FROM tests WHERE testplan_id=8030446 LIMIT 1:successful"
2023-01-21 05:26:41 I Darwi Print           "UPDATE tests SET testplan_status='Active' WHERE testplan_id=8030446:successful"
2023-01-21 05:26:41 I Darwi Print           "SELECT testplan_name FROM tests WHERE testplan_id=7192848 LIMIT 1:successful"
2023-01-21 05:26:41 I Darwi Print           "UPDATE tests SET testplan_status='Active' WHERE testplan_id=7192848:successful"
2023-01-21 05:26:41 I Darwi Print           "SELECT testplan_name FROM tests WHERE testplan_id=3507761 LIMIT 1:successful"
2023-01-21 05:26:41 I Darwi Print           "UPDATE tests SET testplan_status='Active' WHERE testplan_id=3507761:successful"
2023-01-21 05:26:41 I Darwi Print           "SELECT testplan_name FROM tests WHERE testplan_id=9744930 LIMIT 1:successful"
2023-01-21 05:26:42 I Darwi Print           "UPDATE tests SET testplan_status='Active' WHERE testplan_id=9744930:successful"
2023-01-21 05:26:42 I Darwi Print           "SELECT testplan_name FROM tests WHERE testplan_id=8583971 LIMIT 1:successful"
2023-01-21 05:26:42 I Darwi Print           "UPDATE tests SET testplan_status='Active' WHERE testplan_id=8583971:successful"
2023-01-21 05:26:42 I Darwi Print           "SELECT testplan_name FROM tests WHERE testplan_id=7401408 LIMIT 1:successful"
2023-01-21 05:26:42 I Darwi Print           "UPDATE tests SET testplan_status='Active' WHERE testplan_id=7401408:successful"
2023-01-21 05:26:42 I Darwi Print           "SELECT testplan_name FROM tests WHERE testplan_id=3522854 LIMIT 1:successful"
2023-01-21 05:26:42 I Darwi Print           "UPDATE tests SET testplan_status='Active' WHERE testplan_id=3522854:successful"
2023-01-21 05:26:42 I Darwi Print           "SELECT testplan_name FROM tests WHERE testplan_id=3498152 LIMIT 1:successful"
2023-01-21 05:26:42 I Darwi Print           "UPDATE tests SET testplan_status='Active' WHERE testplan_id=3498152:successful"
2023-01-21 05:26:42 I Darwi Print           "SELECT testplan_name FROM tests WHERE testplan_id=8283952 LIMIT 1:successful"
2023-01-21 05:26:42 I Darwi Print           "UPDATE tests SET testplan_status='Active' WHERE testplan_id=8283952:successful"
2023-01-21 05:26:42 I Darwi Print           "SELECT testplan_name FROM tests WHERE testplan_id=3555207 LIMIT 1:successful"
2023-01-21 05:26:42 I Darwi Print           "UPDATE tests SET testplan_status='Active' WHERE testplan_id=3555207:successful"
2023-01-21 05:26:42 I Darwi Print           "SELECT testplan_name FROM tests WHERE testplan_id=3996271 LIMIT 1:successful"
2023-01-21 05:26:42 I Darwi Print           "UPDATE tests SET testplan_status='Active' WHERE testplan_id=3996271:successful"
2023-01-21 05:26:42 I Darwi Print           "SELECT testplan_name FROM tests WHERE testplan_id=3395625 LIMIT 1:successful"
2023-01-21 05:26:42 I Darwi Print           "UPDATE tests SET testplan_status='Active' WHERE testplan_id=3395625:successful"
2023-01-21 05:26:42 I Darwi Print           "SELECT testplan_name FROM tests WHERE testplan_id=3493067 LIMIT 1:successful"
2023-01-21 05:26:42 I Darwi Print           "UPDATE tests SET testplan_status='Active' WHERE testplan_id=3493067:successful"
2023-01-21 05:26:42 I Darwi Print           "SELECT testplan_name FROM tests WHERE testplan_id=3578879 LIMIT 1:successful"
2023-01-21 05:26:42 I Darwi Print           "UPDATE tests SET testplan_status='Active' WHERE testplan_id=3578879:successful"
2023-01-21 05:26:42 I Darwi Print           "SELECT testplan_name FROM tests WHERE testplan_id=8055438 LIMIT 1:successful"
2023-01-21 05:26:42 I Darwi Print           "UPDATE tests SET testplan_status='Active' WHERE testplan_id=8055438:successful"
2023-01-21 05:26:42 I Darwi Print           "INSERT INTO tests (testplan_id, testplan_name, testplan_status, rel, status, count, date) SELECT testplan_id, testplan_name, 'Active' as testplan_status, rel, status, count((@rn := @rn + 1)) as count, '2023-01-21' as date FROM testcases cross join (select @rn := 0) const GROUP BY testplan_id, rel, status:successful"
2023-01-21 05:26:42 I Darwi update_database "Insert tests table successful"
2023-01-21 05:26:42 I Darwi Print           "CREATE TABLE IF NOT EXISTS testapproval (                                 rel TEXT, team TEXT, status TEXT, upstream TEXT, count INT, date TEXT                                 ) ENGINE=InnoDB DEFAULT CHARSET=utf8:successful"
2023-01-21 05:26:42 I Darwi Print           "DROP TABLE IF EXISTS alltestapproval:successful"
2023-01-21 05:26:42 I Darwi Print           "CREATE TABLE IF NOT EXISTS alltestapproval (                                 id INT, uniqueid TEXT, name TEXT, status TEXT, rel TEXT, team TEXT, upstream TEXT                                 ) ENGINE=InnoDB DEFAULT CHARSET=utf8:successful"
2023-01-21 05:26:42 I Darwi Print           "DELETE FROM testapproval WHERE date='2023-01-21':successful"
2023-01-21 05:26:42 I Darwi Print           "INSERT INTO testapproval (rel, team, status, count, date, upstream) SELECT rel, team, status, count((@rn := @rn + 1)) as count, '2023-01-21' as date, upstream FROM alltestapproval cross join (select @rn := 0) const GROUP BY rel, team, status, upstream:successful"
2023-01-21 05:26:52 I Darwi Get_allfeatuers "[]"
2023-01-21 05:26:52 I Darwi Print           "CREATE TABLE IF NOT EXISTS features (                                rel TEXT, status TEXT, count INT, date TEXT) ENGINE=InnoDB DEFAULT CHARSET=utf8:successful"
2023-01-21 05:26:52 I Darwi Print           "CREATE TABLE IF NOT EXISTS allfeatures (                                id INT, uniqueid TEXT, name TEXT, status TEXT, rel TEXT,test_status TEXT) ENGINE=InnoDB DEFAULT CHARSET=utf8:successful"
2023-01-21 05:26:52 I Darwi Print           "DELETE FROM features WHERE date='2023-01-21':successful"
2023-01-21 05:26:52 I Darwi Print           "DELETE FROM allfeatures WHERE id=7736161:successful"
2023-01-21 05:26:52 I Darwi Print           "DELETE FROM allfeatures WHERE id=7440109:successful"
2023-01-21 05:26:52 I Darwi Print           "DELETE FROM allfeatures WHERE id=7396441:successful"
2023-01-21 05:26:52 I Darwi Print           "DELETE FROM allfeatures WHERE id=7392774:successful"
2023-01-21 05:26:52 I Darwi Print           "DELETE FROM allfeatures WHERE id=7392710:successful"
2023-01-21 05:26:52 I Darwi Print           "INSERT INTO features (rel, status, count, date)                                 SELECT rel, status, count((@rn := @rn + 1)) as count, '2023-01-21' as date FROM allfeatures cross join (select @rn := 0) const GROUP BY rel, status:successful"
2023-01-21 05:26:56 I Darwi Get_allchangere "[]"
2023-01-21 05:26:56 I Darwi Print           "CREATE TABLE IF NOT EXISTS changes (                                 rel TEXT, status TEXT, priority TEXT,                                 requester TEXT, date TEXT, count INT) ENGINE=InnoDB DEFAULT CHARSET=utf8:successful"
2023-01-21 05:26:56 I Darwi Print           "CREATE TABLE IF NOT EXISTS allchanges (                                 id INT, uniqueid TEXT, name TEXT,                                 status TEXT, rel TEXT, priority TEXT,                                 requester TEXT) ENGINE=InnoDB DEFAULT CHARSET=utf8:successful"
2023-01-21 05:26:56 I Darwi Print           "DELETE FROM changes WHERE date='2023-01-21':successful"
2023-01-21 05:26:56 I Darwi Print           "INSERT INTO changes (                                 rel, status, priority, requester, date, count)                                 SELECT rel, status, priority, requester, '2023-01-21' as date, count((@rn := @rn + 1)) as count FROM allchanges                                 cross join (select @rn := 0) const GROUP BY rel, status, priority, requester:successful"
2023-01-21 05:27:00 I Darwi Print           "CREATE TABLE IF NOT EXISTS designspec (                            rel TEXT, team TEXT, status TEXT, count INT, date text) ENGINE=InnoDB DEFAULT CHARSET=utf8:successful"
2023-01-21 05:27:00 I Darwi Print           "CREATE TABLE IF NOT EXISTS alldesignspec (                             id INT, uniqueid TEXT, name TEXT, status TEXT, rel TEXT, team TEXT) ENGINE=InnoDB DEFAULT CHARSET=utf8:successful"
2023-01-21 05:27:00 I Darwi Print           "DELETE FROM designspec WHERE date='2023-01-21':successful"
2023-01-21 05:27:00 I Darwi Print           "INSERT INTO designspec (rel, team, status, count, date) SELECT rel, team, status, count((@rn := @rn + 1)) as count, '2023-01-21' as date FROM alldesignspec cross join (select @rn := 0) const GROUP BY rel, team, status:successful"
2023-01-21 05:27:08 I Darwi Get_alluserstor "[]"
2023-01-21 05:27:08 I Darwi Print           "CREATE TABLE IF NOT EXISTS userstories (                 rel TEXT, status TEXT, count INT, date TEXT) ENGINE=InnoDB DEFAULT CHARSET=utf8:successful"
2023-01-21 05:27:08 I Darwi Print           "CREATE TABLE IF NOT EXISTS alluserstories (                 id INT, uniqueid TEXT, name TEXT, status TEXT, rel TEXT) ENGINE=InnoDB DEFAULT CHARSET=utf8:successful"
2023-01-21 05:27:08 I Darwi Print           "DELETE FROM userstories WHERE date='2023-01-21':successful"
2023-01-21 05:27:08 I Darwi Print           "INSERT INTO userstories (rel, status, count, date) SELECT rel, status, count((@rn := @rn + 1)) as count, '2023-01-21' as date FROM alluserstories cross join (select @rn := 0) const GROUP BY rel, status:successful"
2023-01-21 05:29:08 I Darwi Get_alldefects  "[{'id': 5864985, 'name': '[Darwin] - When the DUT link with Link 950, it will sometimes hook on automatically after swap between calls.', 'documentKey': 'Dw-BUG-249', 'statusId': 156538, 'status': 'Closed', 'teamId': 156569, 'team': 'ESW DECT', 'priorityId': 156534, 'priority': 'Minor', 'upstream': '', 'jira': 'https://jabra1.atlassian.net/browse/HULK-619'}, {'id': 6939424, 'name': '[OS][Re-enumerate]HS will re-enumerate if tapping MFB button with Sound Microphone page opened on OS', 'documentKey': 'Dw-BUG-296', 'statusId': 156538, 'status': 'Closed', 'teamId': 156569, 'team': 'ESW DECT', 'priorityId': 156533, 'priority': 'Major', 'upstream': '', 'jira': 'https://jabra1.atlassian.net/browse/DAR-475'}, {'id': 8515753, 'name': '[HP Thinclient eLux 6.9][Volume store]the volume store not work well on eLux6.9', 'documentKey': 'Dw-BUG-392', 'statusId': 156536, 'status': 'Open', 'teamId': 156569, 'team': 'ESW DECT', 'priorityId': 156534, 'priority': 'Minor', 'upstream': '5984613, 8714605, 10201005, 9685569, 10201006, 10299952, 10300052, 10201494, 8930497, 9638718, 9024490, 10201000, 8509794, 8689867, 8614877, 8509795, 8587167, 8614872, 9196836, 8509793', 'jira': 'https://jabra1.atlassian.net/browse/DAR-707'}, {'id': 8515769, 'name': '[volume]the volume always go to max tone on eLux6.9 when first enumerate', 'documentKey': 'Dw-BUG-393', 'statusId': 156536, 'status': 'Open', 'teamId': 156569, 'team': 'ESW DECT', 'priorityId': 156534, 'priority': 'Minor', 'upstream': '5984613, 10206482, 8502677', 'jira': 'https://jabra1.atlassian.net/browse/DAR-708'}, {'id': 9175545, 'name': "CLONE - [SP IOP][Zoom][SA] can't hold and unhold call from HS", 'documentKey': 'Dw-BUG-435', 'statusId': 156536, 'status': 'Open', 'teamId': 156569, 'team': 'ESW DECT', 'priorityId': 156534, 'priority': 'Minor', 'upstream': '10201005, 9685569, 10201006, 10299952, 9605061, 9602432, 10300052, 9686426, 10201494, 9638718, 10201000, 9638716, 9855871, 9685573, 10201010, 10201011, 10201491, 9605065, 10201497, 9855872', 'jira': 'https://jabra1.atlassian.net/browse/OS-572'}, {'id': 10055385, 'name': "CLONE - [SP IOP][Zoom][SA] can't hold and unhold call from HS", 'documentKey': 'Dw-BUG-448', 'statusId': 156537, 'status': 'Resolved', 'teamId': 157251, 'team': 'ESW BT', 'priorityId': 156534, 'priority': 'Minor', 'upstream': '10025513, 10025611, 10025674, 10025714, 10073612, 10073693, 10426348, 10426351, 10025595, 10073634', 'jira': 'https://jabra1.atlassian.net/browse/STRAT-329'}, {'id': 10247040, 'name': 'CLONE - [SDK Demo][Button takeover]only support "MMI_ACTION_TAP" for Volume Up/Down button, no "MMI_ACTION_PRESS"', 'documentKey': 'Dw-BUG-450', 'statusId': 156539, 'status': 'In Progress', 'teamId': 157345, 'team': 'DE SDK', 'priorityId': 156534, 'priority': 'Minor', 'upstream': '', 'jira': 'https://jabra1.atlassian.net/browse/DAR-900'}]"
2023-01-21 05:29:08 I Darwi Print           "CREATE TABLE IF NOT EXISTS defects (                     rel TEXT, team TEXT, status TEXT, priority TEXT, count INT, date TEXT) ENGINE=InnoDB DEFAULT CHARSET=utf8:successful"
2023-01-21 05:29:08 I Darwi Print           "CREATE TABLE IF NOT EXISTS alldefects (                     id INT, uniqueid TEXT, name TEXT, status TEXT, rel TEXT, team TEXT, priority TEXT, jira TEXT, upstream TEXT) ENGINE=InnoDB DEFAULT CHARSET=utf8:successful"
2023-01-21 05:29:08 I Darwi Print           "DELETE FROM defects WHERE date='2023-01-21':successful"
2023-01-21 05:29:08 I Darwi Print           "DELETE FROM alldefects WHERE id = 5864985:successful"
2023-01-21 05:29:08 I Darwi Print           "DELETE FROM alldefects WHERE id = 6939424:successful"
2023-01-21 05:29:08 I Darwi Print           "DELETE FROM alldefects WHERE id = 8515753:successful"
2023-01-21 05:29:08 I Darwi Print           "DELETE FROM alldefects WHERE id = 8515769:successful"
2023-01-21 05:29:08 I Darwi Print           "DELETE FROM alldefects WHERE id = 9175545:successful"
2023-01-21 05:29:08 I Darwi Print           "DELETE FROM alldefects WHERE id = 10055385:successful"
2023-01-21 05:29:08 I Darwi Print           "DELETE FROM alldefects WHERE id = 10247040:successful"
2023-01-21 05:29:08 I Darwi Print           "Not enough parameters for the SQL statement"
2023-01-21 05:29:08 I Darwi Print           "INSERT INTO defects (rel, team, status, count, date, priority) SELECT rel, team, status, count((@rn := @rn + 1)) as count, '2023-01-21' as date, priority FROM alldefects cross join (select @rn := 0) const GROUP BY rel, team, status, priority:successful"
2023-01-21 05:44:35 I Darwi get_multipickli "Unassigned don't find the mainteam name from G_parameter"
2023-01-21 05:44:40 I Darwi get_multipickli "Unassigned don't find the mainteam name from G_parameter"
2023-01-21 05:44:55 I Darwi get_multipickli "Unassigned don't find the mainteam name from G_parameter"
2023-01-21 05:45:24 I Darwi get_multipickli "Unassigned don't find the mainteam name from G_parameter"
2023-01-21 05:45:30 I Darwi get_multipickli "Unassigned don't find the mainteam name from G_parameter"
2023-01-21 05:45:47 I Darwi get_multipickli "Unassigned don't find the mainteam name from G_parameter"
2023-01-21 05:46:03 I Darwi get_multipickli "Unassigned don't find the mainteam name from G_parameter"
2023-01-21 05:46:25 I Darwi get_multipickli "Unassigned don't find the mainteam name from G_parameter"
2023-01-21 05:46:38 I Darwi get_multipickli "Unassigned don't find the mainteam name from G_parameter"
2023-01-21 05:46:47 I Darwi get_multipickli "Unassigned don't find the mainteam name from G_parameter"
2023-01-21 05:47:02 I Darwi get_multipickli "Unassigned don't find the mainteam name from G_parameter"
2023-01-21 05:47:07 I Darwi get_multipickli "Unassigned don't find the mainteam name from G_parameter"
2023-01-21 05:47:12 I Darwi get_multipickli "Unassigned don't find the mainteam name from G_parameter"
2023-01-21 05:49:23 I Darwi get_multipickli "Digital Experience – Android don't find the mainteam name from G_parameter"
2023-01-21 05:49:30 I Darwi get_multipickli "Digital Experience – IOS don't find the mainteam name from G_parameter"
2023-01-21 05:49:36 I Darwi get_multipickli "Digital Experience – Android don't find the mainteam name from G_parameter"
2023-01-21 05:49:36 I Darwi get_multipickli "Digital Experience – IOS don't find the mainteam name from G_parameter"
2023-01-21 06:04:23 I Darwi get_multipickli "Digital Experience – Android don't find the mainteam name from G_parameter"
2023-01-21 06:04:23 I Darwi get_multipickli "Digital Experience – IOS don't find the mainteam name from G_parameter"
2023-01-21 06:05:15 I Darwi get_multipickli "Digital Experience – Android don't find the mainteam name from G_parameter"
2023-01-21 06:05:15 I Darwi get_multipickli "Digital Experience – IOS don't find the mainteam name from G_parameter"
2023-01-21 06:05:21 I Darwi get_multipickli "Digital Experience – Android don't find the mainteam name from G_parameter"
2023-01-21 06:05:21 I Darwi get_multipickli "Digital Experience – IOS don't find the mainteam name from G_parameter"
2023-01-21 06:07:31 I Darwi Print           "DROP TABLE IF EXISTS allrequirements:successful"
2023-01-21 06:07:31 I Darwi Print           "DROP TABLE IF EXISTS allcoverage:successful"
2023-01-21 06:07:31 I Darwi Print           "CREATE TABLE IF NOT EXISTS requirements (                        rel TEXT, status TEXT, count INT, date TEXT) ENGINE=InnoDB DEFAULT CHARSET=utf8:successful"
2023-01-21 06:07:31 I Darwi Print           "CREATE TABLE IF NOT EXISTS allrequirements (                        id INT, uniqueid TEXT, name TEXT, status TEXT, rel TEXT, upstream TEXT, downstream TEXT, team TEXT, test_status TEXT) ENGINE=InnoDB DEFAULT CHARSET=utf8:successful"
2023-01-21 06:07:31 I Darwi Print           "CREATE TABLE IF NOT EXISTS coverage (                        team text, covered int, expected int, date text) ENGINE=InnoDB DEFAULT CHARSET=utf8:successful"
2023-01-21 06:07:31 I Darwi Print           "CREATE TABLE IF NOT EXISTS allcoverage (                        id INT, uniqueid TEXT, name TEXT, status TEXT, rel TEXT, verify TEXT, missing TEXT) ENGINE=InnoDB DEFAULT CHARSET=utf8:successful"
2023-01-21 06:07:31 I Darwi Print           "DELETE FROM requirements WHERE date='2023-01-21':successful"
2023-01-21 06:07:31 I Darwi Print           "DELETE FROM coverage WHERE date='2023-01-21':successful"
2023-01-21 06:07:31 I Darwi Print           "INSERT INTO requirements (rel, status, count, date) SELECT rel, status, count((@rn := @rn + 1)) as count, '2023-01-21' as date FROM allrequirements cross join (select @rn := 0) const GROUP BY rel, status:successful"
2023-01-21 06:07:31 I Darwi Print           "CREATE TABLE IF NOT EXISTS feattest (rel TEXT, status TEXT, count TEXT, date TEXT) ENGINE=InnoDB DEFAULT CHARSET=utf8:successful"
2023-01-21 06:07:31 I Darwi Print           "CREATE TABLE IF NOT EXISTS reqtest (rel TEXT, status TEXT, count TEXT, date TEXT) ENGINE=InnoDB DEFAULT CHARSET=utf8:successful"
2023-01-21 06:07:31 I Darwi Print           "SELECT id FROM allfeatures:successful"
2023-01-21 06:07:31 I Darwi Print           "SELECT id,upstream,downstream,team FROM allrequirements:successful"
2023-01-21 06:07:31 I Darwi Print           "SELECT id FROM allcoverage:successful"
2023-01-21 06:07:31 I Darwi Print           "SELECT * FROM testcases:successful"
