2023-01-21 08:32:38 I Hazel Print           "Connet 20564 successfully!!!"
2023-01-21 08:32:38 I Hazel Get_alltests    "Get project name:Hazel id:20564 all testplans"
2023-01-21 08:32:40 I Hazel Get_alltests    "{9228382: {'id': 9228382, 'name': 'Audio Test Plan', 'archived': False, 'index': '9228382:Audio Test Plan'}, 8958160: {'id': 8958160, 'name': 'ESW Test Plan Hazel', 'archived': False, 'index': '8958160:ESW Test Plan Hazel'}, 8727731: {'id': 8727731, 'name': 'HW DVT Plan', 'archived': True, 'index': '8727731:HW DVT Plan'}, 8759587: {'id': 8759587, 'name': 'HW DVT Plan', 'archived': False, 'index': '8759587:HW DVT Plan'}, 9058329: {'id': 9058329, 'name': 'Packaging Verification Test plan', 'archived': False, 'index': '9058329:Packaging Verification Test plan'}, 10331347: {'id': 10331347, 'name': 'Product Maintenance test plan', 'archived': False, 'index': '10331347:Product Maintenance test plan'}, 8609683: {'id': 8609683, 'name': 'Product Verification Test Plan', 'archived': False, 'index': '8609683:Product Verification Test Plan'}, 9706640: {'id': 9706640, 'name': 'Regulatory Compliance  Plan', 'archived': False, 'index': '9706640:Regulatory Compliance  Plan'}, 9538101: {'id': 9538101, 'name': 'RF range test', 'archived': False, 'index': '9538101:RF range test'}}"
2023-01-21 08:32:40 I Hazel Get_alltests    "Get project name:Hazel id:20564 all testplans successful!!!"
2023-01-21 08:36:51 I Hazel tidy_alltestcas "1249"
2023-01-21 08:39:35 I Hazel Print           "DROP TABLE IF EXISTS testcases:successful"
2023-01-21 08:39:35 I Hazel Print           "CREATE TABLE IF NOT EXISTS testcases (                             testplan_id INT,                             testplan_name TEXT,                             testgroup_id INT,                             testgroup_name TEXT,                             testcycle_id INT,                             testcycle_name TEXT,                             rel TEXT,                             id INT,                             uniqueid TEXT,                             name TEXT,                             status TEXT,                             upstream TEXT,                             downstream TEXT,                             executionDate TEXT) ENGINE=InnoDB DEFAULT CHARSET=utf8:successful"
2023-01-21 08:39:35 I Hazel update_database "Insert testcases table successful"
2023-01-21 08:39:35 I Hazel Print           "CREATE TABLE IF NOT EXISTS tests (                             testplan_id INT,                             testplan_name TEXT,                             testplan_status TEXT,                             rel TEXT, status TEXT,                             count INT, date TEXT) ENGINE=InnoDB DEFAULT CHARSET=utf8:successful"
2023-01-21 08:39:35 I Hazel Print           "DELETE FROM tests WHERE date='2023-01-21':successful"
2023-01-21 08:39:35 I Hazel Print           "SELECT testplan_id FROM tests GROUP BY testplan_id:successful"
2023-01-21 08:39:35 I Hazel Print           "SELECT testplan_name FROM tests WHERE testplan_id=9228382 LIMIT 1:successful"
2023-01-21 08:39:35 I Hazel Print           "UPDATE tests SET testplan_status='Active' WHERE testplan_id=9228382:successful"
2023-01-21 08:39:35 I Hazel Print           "SELECT testplan_name FROM tests WHERE testplan_id=8958160 LIMIT 1:successful"
2023-01-21 08:39:35 I Hazel Print           "UPDATE tests SET testplan_status='Active' WHERE testplan_id=8958160:successful"
2023-01-21 08:39:35 I Hazel Print           "SELECT testplan_name FROM tests WHERE testplan_id=8759587 LIMIT 1:successful"
2023-01-21 08:39:35 I Hazel Print           "UPDATE tests SET testplan_status='Active' WHERE testplan_id=8759587:successful"
2023-01-21 08:39:35 I Hazel Print           "SELECT testplan_name FROM tests WHERE testplan_id=8609683 LIMIT 1:successful"
2023-01-21 08:39:35 I Hazel Print           "UPDATE tests SET testplan_status='Active' WHERE testplan_id=8609683:successful"
2023-01-21 08:39:35 I Hazel Print           "SELECT testplan_name FROM tests WHERE testplan_id=9706640 LIMIT 1:successful"
2023-01-21 08:39:35 I Hazel Print           "UPDATE tests SET testplan_status='Active' WHERE testplan_id=9706640:successful"
2023-01-21 08:39:35 I Hazel Print           "SELECT testplan_name FROM tests WHERE testplan_id=9538101 LIMIT 1:successful"
2023-01-21 08:39:35 I Hazel Print           "UPDATE tests SET testplan_status='Active' WHERE testplan_id=9538101:successful"
2023-01-21 08:39:35 I Hazel Print           "INSERT INTO tests (testplan_id, testplan_name, testplan_status, rel, status, count, date) SELECT testplan_id, testplan_name, 'Active' as testplan_status, rel, status, count((@rn := @rn + 1)) as count, '2023-01-21' as date FROM testcases cross join (select @rn := 0) const GROUP BY testplan_id, rel, status:successful"
2023-01-21 08:39:35 I Hazel update_database "Insert tests table successful"
2023-01-21 08:39:35 I Hazel Print           "CREATE TABLE IF NOT EXISTS testapproval (                                 rel TEXT, team TEXT, status TEXT, upstream TEXT, count INT, date TEXT                                 ) ENGINE=InnoDB DEFAULT CHARSET=utf8:successful"
2023-01-21 08:39:35 I Hazel Print           "DROP TABLE IF EXISTS alltestapproval:successful"
2023-01-21 08:39:35 I Hazel Print           "CREATE TABLE IF NOT EXISTS alltestapproval (                                 id INT, uniqueid TEXT, name TEXT, status TEXT, rel TEXT, team TEXT, upstream TEXT                                 ) ENGINE=InnoDB DEFAULT CHARSET=utf8:successful"
2023-01-21 08:39:35 I Hazel Print           "DELETE FROM testapproval WHERE date='2023-01-21':successful"
2023-01-21 08:39:36 I Hazel Print           "INSERT INTO testapproval (rel, team, status, count, date, upstream) SELECT rel, team, status, count((@rn := @rn + 1)) as count, '2023-01-21' as date, upstream FROM alltestapproval cross join (select @rn := 0) const GROUP BY rel, team, status, upstream:successful"
2023-01-21 08:39:41 I Hazel Get_allfeatuers "[]"
2023-01-21 08:39:41 I Hazel Print           "CREATE TABLE IF NOT EXISTS features (                                rel TEXT, status TEXT, count INT, date TEXT) ENGINE=InnoDB DEFAULT CHARSET=utf8:successful"
2023-01-21 08:39:41 I Hazel Print           "CREATE TABLE IF NOT EXISTS allfeatures (                                id INT, uniqueid TEXT, name TEXT, status TEXT, rel TEXT,test_status TEXT) ENGINE=InnoDB DEFAULT CHARSET=utf8:successful"
2023-01-21 08:39:41 I Hazel Print           "DELETE FROM features WHERE date='2023-01-21':successful"
2023-01-21 08:39:41 I Hazel Print           "DELETE FROM allfeatures WHERE id=17576711:successful"
2023-01-21 08:39:41 I Hazel Print           "DELETE FROM allfeatures WHERE id=17576707:successful"
2023-01-21 08:39:41 I Hazel Print           "DELETE FROM allfeatures WHERE id=17078494:successful"
2023-01-21 08:39:41 I Hazel Print           "DELETE FROM allfeatures WHERE id=16914615:successful"
2023-01-21 08:39:41 I Hazel Print           "DELETE FROM allfeatures WHERE id=16914612:successful"
2023-01-21 08:39:41 I Hazel Print           "DELETE FROM allfeatures WHERE id=16914609:successful"
2023-01-21 08:39:41 I Hazel Print           "DELETE FROM allfeatures WHERE id=16747896:successful"
2023-01-21 08:39:41 I Hazel Print           "DELETE FROM allfeatures WHERE id=16740241:successful"
2023-01-21 08:39:41 I Hazel Print           "DELETE FROM allfeatures WHERE id=16740211:successful"
2023-01-21 08:39:41 I Hazel Print           "DELETE FROM allfeatures WHERE id=16699922:successful"
2023-01-21 08:39:41 I Hazel Print           "DELETE FROM allfeatures WHERE id=16699920:successful"
2023-01-21 08:39:41 I Hazel Print           "DELETE FROM allfeatures WHERE id=15882040:successful"
2023-01-21 08:39:41 I Hazel Print           "DELETE FROM allfeatures WHERE id=15810503:successful"
2023-01-21 08:39:41 I Hazel Print           "DELETE FROM allfeatures WHERE id=15810493:successful"
2023-01-21 08:39:41 I Hazel Print           "INSERT INTO features (rel, status, count, date)                                 SELECT rel, status, count((@rn := @rn + 1)) as count, '2023-01-21' as date FROM allfeatures cross join (select @rn := 0) const GROUP BY rel, status:successful"
2023-01-21 08:39:43 I Hazel Get_allchangere "[]"
2023-01-21 08:39:43 I Hazel Print           "CREATE TABLE IF NOT EXISTS changes (                                 rel TEXT, status TEXT, priority TEXT,                                 requester TEXT, date TEXT, count INT) ENGINE=InnoDB DEFAULT CHARSET=utf8:successful"
2023-01-21 08:39:43 I Hazel Print           "CREATE TABLE IF NOT EXISTS allchanges (                                 id INT, uniqueid TEXT, name TEXT,                                 status TEXT, rel TEXT, priority TEXT,                                 requester TEXT) ENGINE=InnoDB DEFAULT CHARSET=utf8:successful"
2023-01-21 08:39:43 I Hazel Print           "DELETE FROM changes WHERE date='2023-01-21':successful"
2023-01-21 08:39:43 I Hazel Print           "INSERT INTO changes (                                 rel, status, priority, requester, date, count)                                 SELECT rel, status, priority, requester, '2023-01-21' as date, count((@rn := @rn + 1)) as count FROM allchanges                                 cross join (select @rn := 0) const GROUP BY rel, status, priority, requester:successful"
2023-01-21 08:39:44 I Hazel Print           "CREATE TABLE IF NOT EXISTS designspec (                            rel TEXT, team TEXT, status TEXT, count INT, date text) ENGINE=InnoDB DEFAULT CHARSET=utf8:successful"
2023-01-21 08:39:44 I Hazel Print           "CREATE TABLE IF NOT EXISTS alldesignspec (                             id INT, uniqueid TEXT, name TEXT, status TEXT, rel TEXT, team TEXT) ENGINE=InnoDB DEFAULT CHARSET=utf8:successful"
2023-01-21 08:39:44 I Hazel Print           "DELETE FROM designspec WHERE date='2023-01-21':successful"
2023-01-21 08:39:44 I Hazel Print           "INSERT INTO designspec (rel, team, status, count, date) SELECT rel, team, status, count((@rn := @rn + 1)) as count, '2023-01-21' as date FROM alldesignspec cross join (select @rn := 0) const GROUP BY rel, team, status:successful"
2023-01-21 08:39:46 I Hazel Get_alluserstor "[]"
2023-01-21 08:39:46 I Hazel Print           "CREATE TABLE IF NOT EXISTS userstories (                 rel TEXT, status TEXT, count INT, date TEXT) ENGINE=InnoDB DEFAULT CHARSET=utf8:successful"
2023-01-21 08:39:46 I Hazel Print           "CREATE TABLE IF NOT EXISTS alluserstories (                 id INT, uniqueid TEXT, name TEXT, status TEXT, rel TEXT) ENGINE=InnoDB DEFAULT CHARSET=utf8:successful"
2023-01-21 08:39:46 I Hazel Print           "DELETE FROM userstories WHERE date='2023-01-21':successful"
2023-01-21 08:39:46 I Hazel Print           "INSERT INTO userstories (rel, status, count, date) SELECT rel, status, count((@rn := @rn + 1)) as count, '2023-01-21' as date FROM alluserstories cross join (select @rn := 0) const GROUP BY rel, status:successful"
2023-01-21 08:40:21 I Hazel Get_alldefects  "[{'id': 9455200, 'name': 'FW transfer (FOTA) takes very long time using Android', 'documentKey': 'Haz-BUG-100', 'statusId': 156536, 'status': 'Open', 'teamId': 156570, 'team': 'DE Mobile Apps', 'priorityId': 156533, 'priority': 'Major', 'upstream': '', 'jira': 'https://jabra1.atlassian.net/browse/HAZ-183'}, {'id': 10032530, 'name': 'CLONE - Not able to configure right button 3-tap action', 'documentKey': 'Haz-BUG-255', 'statusId': 156538, 'status': 'Closed', 'teamId': 156570, 'team': 'DE Mobile Apps', 'priorityId': 156535, 'priority': 'Trivial', 'upstream': '', 'jira': 'https://jabra1.atlassian.net/browse/HAZ-401'}, {'id': 10299711, 'name': 'Gap between bottom cover and lid ', 'documentKey': 'Haz-BUG-283', 'statusId': 156536, 'status': 'Open', 'teamId': 157194, 'team': 'Manufacturing Quality', 'priorityId': 156533, 'priority': 'Major', 'upstream': '', 'jira': 'https://jabra1.atlassian.net/browse/HAZ-441'}, {'id': 10376284, 'name': 'Reading GNP device info fails and breaks the connection', 'documentKey': 'Haz-BUG-284', 'statusId': 156536, 'status': 'Open', 'teamId': 157251, 'team': 'ESW BT', 'priorityId': 156535, 'priority': 'Trivial', 'upstream': '', 'jira': 'https://jabra1.atlassian.net/browse/PBT-9584'}, {'id': 10439966, 'name': 'Link380 CANNOT play/pause the music after clicking the play/pause button on a BT headset paired to BT dongle on Chrome OS', 'documentKey': 'Haz-BUG-285', 'statusId': 156536, 'status': 'Open', 'teamId': 157251, 'team': 'ESW BT', 'priorityId': 156533, 'priority': 'Major', 'upstream': '', 'jira': 'https://jabra1.atlassian.net/browse/SAGA-391'}, {'id': 10440621, 'name': 'CLONE - Evolve2 CANNOT play/pause after clicking button on Chrome OS connected via BT donge', 'documentKey': 'Haz-BUG-286', 'statusId': 156538, 'status': 'Closed', 'teamId': 157251, 'team': 'ESW BT', 'priorityId': 156535, 'priority': 'Trivial', 'upstream': '', 'jira': 'https://jabra1.atlassian.net/browse/HAZ-444'}]"
2023-01-21 08:40:21 I Hazel Print           "CREATE TABLE IF NOT EXISTS defects (                     rel TEXT, team TEXT, status TEXT, priority TEXT, count INT, date TEXT) ENGINE=InnoDB DEFAULT CHARSET=utf8:successful"
2023-01-21 08:40:21 I Hazel Print           "CREATE TABLE IF NOT EXISTS alldefects (                     id INT, uniqueid TEXT, name TEXT, status TEXT, rel TEXT, team TEXT, priority TEXT, jira TEXT, upstream TEXT) ENGINE=InnoDB DEFAULT CHARSET=utf8:successful"
2023-01-21 08:40:21 I Hazel Print           "DELETE FROM defects WHERE date='2023-01-21':successful"
2023-01-21 08:40:21 I Hazel Print           "DELETE FROM alldefects WHERE id = 9455200:successful"
2023-01-21 08:40:21 I Hazel Print           "DELETE FROM alldefects WHERE id = 10032530:successful"
2023-01-21 08:40:21 I Hazel Print           "DELETE FROM alldefects WHERE id = 10299711:successful"
2023-01-21 08:40:21 I Hazel Print           "DELETE FROM alldefects WHERE id = 10376284:successful"
2023-01-21 08:40:21 I Hazel Print           "DELETE FROM alldefects WHERE id = 10439966:successful"
2023-01-21 08:40:21 I Hazel Print           "DELETE FROM alldefects WHERE id = 10440621:successful"
2023-01-21 08:40:21 I Hazel Print           "Not enough parameters for the SQL statement"
2023-01-21 08:40:21 I Hazel Print           "INSERT INTO defects (rel, team, status, count, date, priority) SELECT rel, team, status, count((@rn := @rn + 1)) as count, '2023-01-21' as date, priority FROM alldefects cross join (select @rn := 0) const GROUP BY rel, team, status, priority:successful"
2023-01-21 08:46:46 I Hazel get_multipickli "Digital Experience – Android don't find the mainteam name from G_parameter"
2023-01-21 08:46:50 I Hazel get_multipickli "Digital Experience – IOS don't find the mainteam name from G_parameter"
2023-01-21 08:46:52 I Hazel get_multipickli "Digital Experience – SDK don't find the mainteam name from G_parameter"
2023-01-21 08:49:22 I Hazel get_multipickli "Unassigned don't find the mainteam name from G_parameter"
2023-01-21 08:58:33 I Hazel get_multipickli "Unassigned don't find the mainteam name from G_parameter"
2023-01-21 08:58:48 I Hazel get_multipickli "Digital Experience – Android don't find the mainteam name from G_parameter"
2023-01-21 08:58:48 I Hazel get_multipickli "Digital Experience – IOS don't find the mainteam name from G_parameter"
2023-01-21 08:58:54 I Hazel get_multipickli "Digital Experience – Android don't find the mainteam name from G_parameter"
2023-01-21 08:58:54 I Hazel get_multipickli "Digital Experience – IOS don't find the mainteam name from G_parameter"
2023-01-21 08:58:59 I Hazel get_multipickli "Digital Experience – Android don't find the mainteam name from G_parameter"
2023-01-21 08:58:59 I Hazel get_multipickli "Digital Experience – IOS don't find the mainteam name from G_parameter"
2023-01-21 08:59:04 I Hazel get_multipickli "Digital Experience – Android don't find the mainteam name from G_parameter"
2023-01-21 08:59:04 I Hazel get_multipickli "Digital Experience – IOS don't find the mainteam name from G_parameter"
2023-01-21 08:59:19 I Hazel get_multipickli "ESW Platform Test don't find the mainteam name from G_parameter"
2023-01-21 08:59:34 I Hazel get_multipickli "Digital Experience – Android don't find the mainteam name from G_parameter"
2023-01-21 08:59:34 I Hazel get_multipickli "Digital Experience – IOS don't find the mainteam name from G_parameter"
2023-01-21 09:00:53 I Hazel get_multipickli "Unassigned don't find the mainteam name from G_parameter"
2023-01-21 09:01:48 I Hazel get_multipickli "ESW Platform Test don't find the mainteam name from G_parameter"
2023-01-21 09:02:37 I Hazel get_multipickli "Digital Experience – Android don't find the mainteam name from G_parameter"
2023-01-21 09:02:37 I Hazel get_multipickli "Digital Experience – IOS don't find the mainteam name from G_parameter"
2023-01-21 09:02:37 I Hazel get_multipickli "Digital Experience – SDK don't find the mainteam name from G_parameter"
2023-01-21 09:02:43 I Hazel get_multipickli "Unassigned don't find the mainteam name from G_parameter"
2023-01-21 09:03:14 I Hazel get_multipickli "ESW Platform Test don't find the mainteam name from G_parameter"
2023-01-21 09:03:18 I Hazel get_multipickli "ESW Platform Test don't find the mainteam name from G_parameter"
2023-01-21 09:03:23 I Hazel get_multipickli "Unassigned don't find the mainteam name from G_parameter"
2023-01-21 09:03:23 I Hazel get_multipickli "ESW Platform Test don't find the mainteam name from G_parameter"
2023-01-21 09:03:50 I Hazel get_multipickli "ESW Platform Test don't find the mainteam name from G_parameter"
2023-01-21 09:04:04 I Hazel get_multipickli "ESW Platform Test don't find the mainteam name from G_parameter"
2023-01-21 09:05:56 I Hazel get_multipickli "Digital Experience – Android don't find the mainteam name from G_parameter"
2023-01-21 09:05:56 I Hazel get_multipickli "Digital Experience – IOS don't find the mainteam name from G_parameter"
2023-01-21 09:06:23 I Hazel get_multipickli "Digital Experience – Android don't find the mainteam name from G_parameter"
2023-01-21 09:06:23 I Hazel get_multipickli "Digital Experience – IOS don't find the mainteam name from G_parameter"
2023-01-21 09:06:57 I Hazel get_multipickli "Digital Experience – Android don't find the mainteam name from G_parameter"
2023-01-21 09:06:57 I Hazel get_multipickli "Digital Experience – IOS don't find the mainteam name from G_parameter"
2023-01-21 09:07:15 I Hazel get_multipickli "Digital Experience – Android don't find the mainteam name from G_parameter"
2023-01-21 09:07:15 I Hazel get_multipickli "Digital Experience – IOS don't find the mainteam name from G_parameter"
2023-01-21 09:12:29 I Hazel get_multipickli "Digital Experience – Android don't find the mainteam name from G_parameter"
2023-01-21 09:12:29 I Hazel get_multipickli "Digital Experience – IOS don't find the mainteam name from G_parameter"
2023-01-21 09:12:35 I Hazel get_multipickli "Digital Experience – Android don't find the mainteam name from G_parameter"
2023-01-21 09:12:35 I Hazel get_multipickli "Digital Experience – IOS don't find the mainteam name from G_parameter"
2023-01-21 09:12:41 I Hazel get_multipickli "Digital Experience – Android don't find the mainteam name from G_parameter"
2023-01-21 09:12:41 I Hazel get_multipickli "Digital Experience – IOS don't find the mainteam name from G_parameter"
2023-01-21 09:12:46 I Hazel get_multipickli "Digital Experience – Android don't find the mainteam name from G_parameter"
2023-01-21 09:12:46 I Hazel get_multipickli "Digital Experience – IOS don't find the mainteam name from G_parameter"
2023-01-21 09:12:52 I Hazel get_multipickli "Digital Experience – Android don't find the mainteam name from G_parameter"
2023-01-21 09:12:52 I Hazel get_multipickli "Digital Experience – IOS don't find the mainteam name from G_parameter"
2023-01-21 09:12:57 I Hazel get_multipickli "Digital Experience – Android don't find the mainteam name from G_parameter"
2023-01-21 09:12:57 I Hazel get_multipickli "Digital Experience – IOS don't find the mainteam name from G_parameter"
2023-01-21 09:13:02 I Hazel get_multipickli "Digital Experience – Android don't find the mainteam name from G_parameter"
2023-01-21 09:13:02 I Hazel get_multipickli "Digital Experience – IOS don't find the mainteam name from G_parameter"
2023-01-21 09:13:12 I Hazel get_multipickli "Digital Experience – Android don't find the mainteam name from G_parameter"
2023-01-21 09:13:12 I Hazel get_multipickli "Digital Experience – IOS don't find the mainteam name from G_parameter"
2023-01-21 09:13:22 I Hazel get_multipickli "Unassigned don't find the mainteam name from G_parameter"
2023-01-21 09:13:27 I Hazel get_multipickli "Digital Experience – Android don't find the mainteam name from G_parameter"
2023-01-21 09:13:32 I Hazel get_multipickli "Digital Experience – Android don't find the mainteam name from G_parameter"
2023-01-21 09:13:37 I Hazel get_multipickli "Digital Experience – Android don't find the mainteam name from G_parameter"
2023-01-21 09:13:42 I Hazel get_multipickli "Digital Experience – Android don't find the mainteam name from G_parameter"
2023-01-21 09:13:48 I Hazel get_multipickli "Digital Experience – Android don't find the mainteam name from G_parameter"
2023-01-21 09:13:53 I Hazel get_multipickli "Digital Experience – Android don't find the mainteam name from G_parameter"
2023-01-21 09:13:59 I Hazel get_multipickli "Digital Experience – Android don't find the mainteam name from G_parameter"
2023-01-21 09:13:59 I Hazel get_multipickli "Digital Experience – IOS don't find the mainteam name from G_parameter"
2023-01-21 09:14:09 I Hazel get_multipickli "Unassigned don't find the mainteam name from G_parameter"
2023-01-21 09:15:29 I Hazel get_multipickli "Unassigned don't find the mainteam name from G_parameter"
2023-01-21 09:15:29 I Hazel get_multipickli "ESW Platform Test don't find the mainteam name from G_parameter"
2023-01-21 09:15:29 I Hazel Print           "DROP TABLE IF EXISTS allrequirements:successful"
2023-01-21 09:15:29 I Hazel Print           "DROP TABLE IF EXISTS allcoverage:successful"
2023-01-21 09:15:29 I Hazel Print           "CREATE TABLE IF NOT EXISTS requirements (                        rel TEXT, status TEXT, count INT, date TEXT) ENGINE=InnoDB DEFAULT CHARSET=utf8:successful"
2023-01-21 09:15:29 I Hazel Print           "CREATE TABLE IF NOT EXISTS allrequirements (                        id INT, uniqueid TEXT, name TEXT, status TEXT, rel TEXT, upstream TEXT, downstream TEXT, team TEXT, test_status TEXT) ENGINE=InnoDB DEFAULT CHARSET=utf8:successful"
2023-01-21 09:15:29 I Hazel Print           "CREATE TABLE IF NOT EXISTS coverage (                        team text, covered int, expected int, date text) ENGINE=InnoDB DEFAULT CHARSET=utf8:successful"
2023-01-21 09:15:29 I Hazel Print           "CREATE TABLE IF NOT EXISTS allcoverage (                        id INT, uniqueid TEXT, name TEXT, status TEXT, rel TEXT, verify TEXT, missing TEXT) ENGINE=InnoDB DEFAULT CHARSET=utf8:successful"
2023-01-21 09:15:29 I Hazel Print           "DELETE FROM requirements WHERE date='2023-01-21':successful"
2023-01-21 09:15:29 I Hazel Print           "DELETE FROM coverage WHERE date='2023-01-21':successful"
2023-01-21 09:15:29 I Hazel Print           "INSERT INTO requirements (rel, status, count, date) SELECT rel, status, count((@rn := @rn + 1)) as count, '2023-01-21' as date FROM allrequirements cross join (select @rn := 0) const GROUP BY rel, status:successful"
2023-01-21 09:15:29 I Hazel Print           "CREATE TABLE IF NOT EXISTS feattest (rel TEXT, status TEXT, count TEXT, date TEXT) ENGINE=InnoDB DEFAULT CHARSET=utf8:successful"
2023-01-21 09:15:29 I Hazel Print           "CREATE TABLE IF NOT EXISTS reqtest (rel TEXT, status TEXT, count TEXT, date TEXT) ENGINE=InnoDB DEFAULT CHARSET=utf8:successful"
2023-01-21 09:15:29 I Hazel Print           "SELECT id FROM allfeatures:successful"
2023-01-21 09:15:29 I Hazel Print           "SELECT id,upstream,downstream,team FROM allrequirements:successful"
2023-01-21 09:15:29 I Hazel Print           "SELECT id FROM allcoverage:successful"
2023-01-21 09:15:29 I Hazel Print           "SELECT * FROM testcases:successful"
