2023-01-21 04:59:20 I Link3 Print           "Connet 20318 successfully!!!"
2023-01-21 04:59:20 I Link3 Get_alltests    "Get project name:Link370 id:20318 all testplans"
2023-01-21 04:59:22 I Link3 Get_alltests    "{4692397: {'id': 4692397, 'name': 'ESW Test Plan for Ontario BT Knob Fix', 'archived': False, 'index': '4692397:ESW Test Plan for Ontario BT Knob Fix'}, 5682063: {'id': 5682063, 'name': 'ESW Test Plan for VP1', 'archived': False, 'index': '5682063:ESW Test Plan for VP1'}, 3562297: {'id': 3562297, 'name': 'ESW Test Plan Staples Co-branding Neptune', 'archived': False, 'index': '3562297:ESW Test Plan Staples Co-branding Neptune'}, 3562298: {'id': 3562298, 'name': 'ESW Test Plan Teams variant', 'archived': False, 'index': '3562298:ESW Test Plan Teams variant'}, 3176385: {'id': 3176385, 'name': 'ESW-CCO SR2 test plan', 'archived': False, 'index': '3176385:ESW-CCO SR2 test plan'}, 2468460: {'id': 2468460, 'name': 'ESW-CCO Test Plan', 'archived': False, 'index': '2468460:ESW-CCO Test Plan'}, 2412260: {'id': 2412260, 'name': 'Ontario Quality Plan', 'archived': False, 'index': '2412260:Ontario Quality Plan'}, 3661048: {'id': 3661048, 'name': 'Product maintanence test', 'archived': False, 'index': '3661048:Product maintanence test'}}"
2023-01-21 04:59:22 I Link3 Get_alltests    "Get project name:Link370 id:20318 all testplans successful!!!"
2023-01-21 05:12:26 I Link3 tidy_alltestcas "2536"
2023-01-21 05:20:07 I Link3 Print           "DROP TABLE IF EXISTS testcases:successful"
2023-01-21 05:20:07 I Link3 Print           "CREATE TABLE IF NOT EXISTS testcases (                             testplan_id INT,                             testplan_name TEXT,                             testgroup_id INT,                             testgroup_name TEXT,                             testcycle_id INT,                             testcycle_name TEXT,                             rel TEXT,                             id INT,                             uniqueid TEXT,                             name TEXT,                             status TEXT,                             upstream TEXT,                             downstream TEXT,                             executionDate TEXT) ENGINE=InnoDB DEFAULT CHARSET=utf8:successful"
2023-01-21 05:20:07 I Link3 update_database "Insert testcases table successful"
2023-01-21 05:20:07 I Link3 Print           "CREATE TABLE IF NOT EXISTS tests (                             testplan_id INT,                             testplan_name TEXT,                             testplan_status TEXT,                             rel TEXT, status TEXT,                             count INT, date TEXT) ENGINE=InnoDB DEFAULT CHARSET=utf8:successful"
2023-01-21 05:20:07 I Link3 Print           "DELETE FROM tests WHERE date='2023-01-21':successful"
2023-01-21 05:20:07 I Link3 Print           "SELECT testplan_id FROM tests GROUP BY testplan_id:successful"
2023-01-21 05:20:07 I Link3 Print           "SELECT testplan_name FROM tests WHERE testplan_id=4692397 LIMIT 1:successful"
2023-01-21 05:20:08 I Link3 Print           "UPDATE tests SET testplan_status='Active' WHERE testplan_id=4692397:successful"
2023-01-21 05:20:08 I Link3 Print           "SELECT testplan_name FROM tests WHERE testplan_id=5682063 LIMIT 1:successful"
2023-01-21 05:20:08 I Link3 Print           "UPDATE tests SET testplan_status='Active' WHERE testplan_id=5682063:successful"
2023-01-21 05:20:08 I Link3 Print           "SELECT testplan_name FROM tests WHERE testplan_id=3562297 LIMIT 1:successful"
2023-01-21 05:20:08 I Link3 Print           "UPDATE tests SET testplan_status='Active' WHERE testplan_id=3562297:successful"
2023-01-21 05:20:08 I Link3 Print           "SELECT testplan_name FROM tests WHERE testplan_id=3562298 LIMIT 1:successful"
2023-01-21 05:20:08 I Link3 Print           "UPDATE tests SET testplan_status='Active' WHERE testplan_id=3562298:successful"
2023-01-21 05:20:08 I Link3 Print           "SELECT testplan_name FROM tests WHERE testplan_id=3176385 LIMIT 1:successful"
2023-01-21 05:20:08 I Link3 Print           "UPDATE tests SET testplan_status='Active' WHERE testplan_id=3176385:successful"
2023-01-21 05:20:08 I Link3 Print           "SELECT testplan_name FROM tests WHERE testplan_id=2468460 LIMIT 1:successful"
2023-01-21 05:20:08 I Link3 Print           "UPDATE tests SET testplan_status='Active' WHERE testplan_id=2468460:successful"
2023-01-21 05:20:08 I Link3 Print           "SELECT testplan_name FROM tests WHERE testplan_id=2412260 LIMIT 1:successful"
2023-01-21 05:20:08 I Link3 Print           "UPDATE tests SET testplan_status='Active' WHERE testplan_id=2412260:successful"
2023-01-21 05:20:08 I Link3 Print           "SELECT testplan_name FROM tests WHERE testplan_id=3661048 LIMIT 1:successful"
2023-01-21 05:20:08 I Link3 Print           "UPDATE tests SET testplan_status='Active' WHERE testplan_id=3661048:successful"
2023-01-21 05:20:08 I Link3 Print           "INSERT INTO tests (testplan_id, testplan_name, testplan_status, rel, status, count, date) SELECT testplan_id, testplan_name, 'Active' as testplan_status, rel, status, count((@rn := @rn + 1)) as count, '2023-01-21' as date FROM testcases cross join (select @rn := 0) const GROUP BY testplan_id, rel, status:successful"
2023-01-21 05:20:08 I Link3 update_database "Insert tests table successful"
2023-01-21 05:20:08 I Link3 Print           "CREATE TABLE IF NOT EXISTS testapproval (                                 rel TEXT, team TEXT, status TEXT, upstream TEXT, count INT, date TEXT                                 ) ENGINE=InnoDB DEFAULT CHARSET=utf8:successful"
2023-01-21 05:20:08 I Link3 Print           "DROP TABLE IF EXISTS alltestapproval:successful"
2023-01-21 05:20:08 I Link3 Print           "CREATE TABLE IF NOT EXISTS alltestapproval (                                 id INT, uniqueid TEXT, name TEXT, status TEXT, rel TEXT, team TEXT, upstream TEXT                                 ) ENGINE=InnoDB DEFAULT CHARSET=utf8:successful"
2023-01-21 05:20:08 I Link3 Print           "DELETE FROM testapproval WHERE date='2023-01-21':successful"
2023-01-21 05:20:08 I Link3 Print           "INSERT INTO testapproval (rel, team, status, count, date, upstream) SELECT rel, team, status, count((@rn := @rn + 1)) as count, '2023-01-21' as date, upstream FROM alltestapproval cross join (select @rn := 0) const GROUP BY rel, team, status, upstream:successful"
2023-01-21 05:20:20 I Link3 Get_allfeatuers "[]"
2023-01-21 05:20:20 I Link3 Print           "CREATE TABLE IF NOT EXISTS features (                                rel TEXT, status TEXT, count INT, date TEXT) ENGINE=InnoDB DEFAULT CHARSET=utf8:successful"
2023-01-21 05:20:20 I Link3 Print           "CREATE TABLE IF NOT EXISTS allfeatures (                                id INT, uniqueid TEXT, name TEXT, status TEXT, rel TEXT,test_status TEXT) ENGINE=InnoDB DEFAULT CHARSET=utf8:successful"
2023-01-21 05:20:20 I Link3 Print           "DELETE FROM features WHERE date='2023-01-21':successful"
2023-01-21 05:20:20 I Link3 Print           "INSERT INTO features (rel, status, count, date)                                 SELECT rel, status, count((@rn := @rn + 1)) as count, '2023-01-21' as date FROM allfeatures cross join (select @rn := 0) const GROUP BY rel, status:successful"
2023-01-21 05:20:25 I Link3 Get_allchangere "[]"
2023-01-21 05:20:25 I Link3 Print           "CREATE TABLE IF NOT EXISTS changes (                                 rel TEXT, status TEXT, priority TEXT,                                 requester TEXT, date TEXT, count INT) ENGINE=InnoDB DEFAULT CHARSET=utf8:successful"
2023-01-21 05:20:25 I Link3 Print           "CREATE TABLE IF NOT EXISTS allchanges (                                 id INT, uniqueid TEXT, name TEXT,                                 status TEXT, rel TEXT, priority TEXT,                                 requester TEXT) ENGINE=InnoDB DEFAULT CHARSET=utf8:successful"
2023-01-21 05:20:25 I Link3 Print           "DELETE FROM changes WHERE date='2023-01-21':successful"
2023-01-21 05:20:25 I Link3 Print           "INSERT INTO changes (                                 rel, status, priority, requester, date, count)                                 SELECT rel, status, priority, requester, '2023-01-21' as date, count((@rn := @rn + 1)) as count FROM allchanges                                 cross join (select @rn := 0) const GROUP BY rel, status, priority, requester:successful"
2023-01-21 05:20:30 I Link3 Print           "CREATE TABLE IF NOT EXISTS designspec (                            rel TEXT, team TEXT, status TEXT, count INT, date text) ENGINE=InnoDB DEFAULT CHARSET=utf8:successful"
2023-01-21 05:20:30 I Link3 Print           "CREATE TABLE IF NOT EXISTS alldesignspec (                             id INT, uniqueid TEXT, name TEXT, status TEXT, rel TEXT, team TEXT) ENGINE=InnoDB DEFAULT CHARSET=utf8:successful"
2023-01-21 05:20:30 I Link3 Print           "DELETE FROM designspec WHERE date='2023-01-21':successful"
2023-01-21 05:20:30 I Link3 Print           "INSERT INTO designspec (rel, team, status, count, date) SELECT rel, team, status, count((@rn := @rn + 1)) as count, '2023-01-21' as date FROM alldesignspec cross join (select @rn := 0) const GROUP BY rel, team, status:successful"
2023-01-21 05:20:39 I Link3 Get_alluserstor "[]"
2023-01-21 05:20:39 I Link3 Print           "CREATE TABLE IF NOT EXISTS userstories (                 rel TEXT, status TEXT, count INT, date TEXT) ENGINE=InnoDB DEFAULT CHARSET=utf8:successful"
2023-01-21 05:20:39 I Link3 Print           "CREATE TABLE IF NOT EXISTS alluserstories (                 id INT, uniqueid TEXT, name TEXT, status TEXT, rel TEXT) ENGINE=InnoDB DEFAULT CHARSET=utf8:successful"
2023-01-21 05:20:39 I Link3 Print           "DELETE FROM userstories WHERE date='2023-01-21':successful"
2023-01-21 05:20:39 I Link3 Print           "INSERT INTO userstories (rel, status, count, date) SELECT rel, status, count((@rn := @rn + 1)) as count, '2023-01-21' as date FROM alluserstories cross join (select @rn := 0) const GROUP BY rel, status:successful"
2023-01-21 05:20:47 I Link3 Get_alldefects  "[]"
2023-01-21 05:20:47 I Link3 Print           "CREATE TABLE IF NOT EXISTS defects (                     rel TEXT, team TEXT, status TEXT, priority TEXT, count INT, date TEXT) ENGINE=InnoDB DEFAULT CHARSET=utf8:successful"
2023-01-21 05:20:47 I Link3 Print           "CREATE TABLE IF NOT EXISTS alldefects (                     id INT, uniqueid TEXT, name TEXT, status TEXT, rel TEXT, team TEXT, priority TEXT, jira TEXT, upstream TEXT) ENGINE=InnoDB DEFAULT CHARSET=utf8:successful"
2023-01-21 05:20:47 I Link3 Print           "DELETE FROM defects WHERE date='2023-01-21':successful"
2023-01-21 05:20:47 I Link3 Print           "INSERT INTO defects (rel, team, status, count, date, priority) SELECT rel, team, status, count((@rn := @rn + 1)) as count, '2023-01-21' as date, priority FROM alldefects cross join (select @rn := 0) const GROUP BY rel, team, status, priority:successful"
2023-01-21 05:26:26 I Link3 get_multipickli "Unassigned don't find the mainteam name from G_parameter"
2023-01-21 05:38:33 I Link3 get_multipickli "Unassigned don't find the mainteam name from G_parameter"
2023-01-21 05:44:41 I Link3 get_multipickli "Unassigned don't find the mainteam name from G_parameter"
2023-01-21 05:50:04 I Link3 get_multipickli "Unassigned don't find the mainteam name from G_parameter"
2023-01-21 05:56:38 I Link3 get_multipickli "Unassigned don't find the mainteam name from G_parameter"
2023-01-21 06:00:18 I Link3 Print           "DROP TABLE IF EXISTS allrequirements:successful"
2023-01-21 06:00:18 I Link3 Print           "DROP TABLE IF EXISTS allcoverage:successful"
2023-01-21 06:00:18 I Link3 Print           "CREATE TABLE IF NOT EXISTS requirements (                        rel TEXT, status TEXT, count INT, date TEXT) ENGINE=InnoDB DEFAULT CHARSET=utf8:successful"
2023-01-21 06:00:18 I Link3 Print           "CREATE TABLE IF NOT EXISTS allrequirements (                        id INT, uniqueid TEXT, name TEXT, status TEXT, rel TEXT, upstream TEXT, downstream TEXT, team TEXT, test_status TEXT) ENGINE=InnoDB DEFAULT CHARSET=utf8:successful"
2023-01-21 06:00:18 I Link3 Print           "CREATE TABLE IF NOT EXISTS coverage (                        team text, covered int, expected int, date text) ENGINE=InnoDB DEFAULT CHARSET=utf8:successful"
2023-01-21 06:00:18 I Link3 Print           "CREATE TABLE IF NOT EXISTS allcoverage (                        id INT, uniqueid TEXT, name TEXT, status TEXT, rel TEXT, verify TEXT, missing TEXT) ENGINE=InnoDB DEFAULT CHARSET=utf8:successful"
2023-01-21 06:00:18 I Link3 Print           "DELETE FROM requirements WHERE date='2023-01-21':successful"
2023-01-21 06:00:18 I Link3 Print           "DELETE FROM coverage WHERE date='2023-01-21':successful"
2023-01-21 06:00:18 I Link3 Print           "INSERT INTO requirements (rel, status, count, date) SELECT rel, status, count((@rn := @rn + 1)) as count, '2023-01-21' as date FROM allrequirements cross join (select @rn := 0) const GROUP BY rel, status:successful"
2023-01-21 06:00:18 I Link3 Print           "CREATE TABLE IF NOT EXISTS feattest (rel TEXT, status TEXT, count TEXT, date TEXT) ENGINE=InnoDB DEFAULT CHARSET=utf8:successful"
2023-01-21 06:00:18 I Link3 Print           "CREATE TABLE IF NOT EXISTS reqtest (rel TEXT, status TEXT, count TEXT, date TEXT) ENGINE=InnoDB DEFAULT CHARSET=utf8:successful"
2023-01-21 06:00:18 I Link3 Print           "SELECT id FROM allfeatures:successful"
2023-01-21 06:00:18 I Link3 Print           "SELECT id,upstream,downstream,team FROM allrequirements:successful"
2023-01-21 06:00:18 I Link3 Print           "SELECT id FROM allcoverage:successful"
2023-01-21 06:00:18 I Link3 Print           "SELECT * FROM testcases:successful"
