2023-01-21 07:28:38 I Mamba Print           "Connet 20538 successfully!!!"
2023-01-21 07:28:38 I Mamba Get_alltests    "Get project name:Mamba id:20538 all testplans"
2023-01-21 07:28:45 I Mamba Get_alltests    "{8227316: {'id': 8227316, 'name': 'Audio Test Plan', 'archived': False, 'index': '8227316:Audio Test Plan'}, 8791986: {'id': 8791986, 'name': 'Automation - Video - Regression', 'archived': False, 'index': '8791986:Automation - Video - Regression'}, 9689199: {'id': 9689199, 'name': 'ESW HW Changes Test plan', 'archived': False, 'index': '9689199:ESW HW Changes Test plan'}, 9427565: {'id': 9427565, 'name': 'ESW JPMC Test Plan', 'archived': False, 'index': '9427565:ESW JPMC Test Plan'}, 8814645: {'id': 8814645, 'name': 'ESW SR01 Test plan', 'archived': False, 'index': '8814645:ESW SR01 Test plan'}, 9238565: {'id': 9238565, 'name': 'ESW SR02 Test plan', 'archived': False, 'index': '9238565:ESW SR02 Test plan'}, 8043144: {'id': 8043144, 'name': 'ESW Test plan', 'archived': False, 'index': '8043144:ESW Test plan'}, 9460892: {'id': 9460892, 'name': 'ESW VP1 Test plan', 'archived': False, 'index': '9460892:ESW VP1 Test plan'}, 9110026: {'id': 9110026, 'name': 'Hubs Docs and Cables testing', 'archived': False, 'index': '9110026:Hubs Docs and Cables testing'}, 8515027: {'id': 8515027, 'name': 'Mamba Packaging Transportation test', 'archived': False, 'index': '8515027:Mamba Packaging Transportation test'}, 8293344: {'id': 8293344, 'name': 'Mamba Video Test Plan - AI Features Video Quality PIP  PIZ', 'archived': False, 'index': '8293344:Mamba Video Test Plan - AI Features Video Quality PIP  PIZ'}, 8045396: {'id': 8045396, 'name': 'Mamba Video Test Plan - Functional', 'archived': False, 'index': '8045396:Mamba Video Test Plan - Functional'}, 8294054: {'id': 8294054, 'name': 'Mamba Video Test Plan - Inter-Operability', 'archived': False, 'index': '8294054:Mamba Video Test Plan - Inter-Operability'}, 8294056: {'id': 8294056, 'name': 'Mamba Video Test Plan - Non Functional', 'archived': False, 'index': '8294056:Mamba Video Test Plan - Non Functional'}, 8294074: {'id': 8294074, 'name': 'Mamba Video Test Plan - Reliability', 'archived': False, 'index': '8294074:Mamba Video Test Plan - Reliability'}, 7719315: {'id': 7719315, 'name': 'MT Test Plan', 'archived': False, 'index': '7719315:MT Test Plan'}, 9181743: {'id': 9181743, 'name': 'Product Maintenance test plan', 'archived': False, 'index': '9181743:Product Maintenance test plan'}, 7194312: {'id': 7194312, 'name': 'Product Verification Test Plan', 'archived': False, 'index': '7194312:Product Verification Test Plan'}, 7652286: {'id': 7652286, 'name': 'Regulatory Certification Test Plan', 'archived': False, 'index': '7652286:Regulatory Certification Test Plan'}, 9695171: {'id': 9695171, 'name': 'Video Test Plan - HW Changes - Inter-Operability', 'archived': False, 'index': '9695171:Video Test Plan - HW Changes - Inter-Operability'}, 9695450: {'id': 9695450, 'name': 'Video Test Plan - HW Changes - Non Functional', 'archived': False, 'index': '9695450:Video Test Plan - HW Changes - Non Functional'}, 9707874: {'id': 9707874, 'name': 'Video Test Plan - HW Changes - Reliability', 'archived': False, 'index': '9707874:Video Test Plan - HW Changes - Reliability'}, 9428082: {'id': 9428082, 'name': 'Video Test Plan - JPMC - Inter-Operability', 'archived': False, 'index': '9428082:Video Test Plan - JPMC - Inter-Operability'}, 9428081: {'id': 9428081, 'name': 'Video Test Plan - JPMC - Non Functional', 'archived': False, 'index': '9428081:Video Test Plan - JPMC - Non Functional'}, 9428064: {'id': 9428064, 'name': 'Video Test Plan - JPMC - Reliability', 'archived': False, 'index': '9428064:Video Test Plan - JPMC - Reliability'}, 9421569: {'id': 9421569, 'name': 'Video Test Plan - JPMC- Functional ', 'archived': False, 'index': '9421569:Video Test Plan - JPMC- Functional '}, 8826930: {'id': 8826930, 'name': 'Video Test Plan - SR01 - AI Features Video Quality PIP  PIZ', 'archived': False, 'index': '8826930:Video Test Plan - SR01 - AI Features Video Quality PIP  PIZ'}, 8826934: {'id': 8826934, 'name': 'Video Test Plan - SR01 - Functional', 'archived': False, 'index': '8826934:Video Test Plan - SR01 - Functional'}, 8826937: {'id': 8826937, 'name': 'Video Test Plan - SR01 - Inter-Operability', 'archived': False, 'index': '8826937:Video Test Plan - SR01 - Inter-Operability'}, 8826942: {'id': 8826942, 'name': 'Video Test Plan - SR01 - Non Functional', 'archived': False, 'index': '8826942:Video Test Plan - SR01 - Non Functional'}, 8826944: {'id': 8826944, 'name': 'Video Test Plan - SR01 - Reliability', 'archived': False, 'index': '8826944:Video Test Plan - SR01 - Reliability'}, 9249706: {'id': 9249706, 'name': 'Video Test Plan - SR02 - Functional', 'archived': False, 'index': '9249706:Video Test Plan - SR02 - Functional'}, 9239364: {'id': 9239364, 'name': 'Video Test Plan - SR02 - Inter-Operability', 'archived': False, 'index': '9239364:Video Test Plan - SR02 - Inter-Operability'}, 9239349: {'id': 9239349, 'name': 'Video Test Plan - SR02 - Non Functional', 'archived': False, 'index': '9239349:Video Test Plan - SR02 - Non Functional'}, 9239114: {'id': 9239114, 'name': 'Video Test Plan - SR02 - Reliability', 'archived': False, 'index': '9239114:Video Test Plan - SR02 - Reliability'}, 9582081: {'id': 9582081, 'name': 'Video Test Plan - VP1 - AIBGBPIPPIZVQ-Functional', 'archived': False, 'index': '9582081:Video Test Plan - VP1 - AIBGBPIPPIZVQ-Functional'}, 9582091: {'id': 9582091, 'name': 'Video Test Plan - VP1 - Functional ', 'archived': False, 'index': '9582091:Video Test Plan - VP1 - Functional '}, 9496202: {'id': 9496202, 'name': 'Video Test Plan - VP1 - Inter-Operability', 'archived': False, 'index': '9496202:Video Test Plan - VP1 - Inter-Operability'}, 9496824: {'id': 9496824, 'name': 'Video Test Plan - VP1 - Non Functional', 'archived': False, 'index': '9496824:Video Test Plan - VP1 - Non Functional'}, 9497815: {'id': 9497815, 'name': 'Video Test Plan - VP1 - Reliability', 'archived': False, 'index': '9497815:Video Test Plan - VP1 - Reliability'}, 9735348: {'id': 9735348, 'name': 'Video-HW Changes-AIPIPPIZ VQ and LED Behavior-Functional', 'archived': False, 'index': '9735348:Video-HW Changes-AIPIPPIZ VQ and LED Behavior-Functional'}, 9735351: {'id': 9735351, 'name': 'Video-HW Changes-Functional ', 'archived': False, 'index': '9735351:Video-HW Changes-Functional '}}"
2023-01-21 07:28:45 I Mamba Get_alltests    "Get project name:Mamba id:20538 all testplans successful!!!"
2023-01-21 08:00:36 I Mamba tidy_alltestcas "6276"
2023-01-21 08:15:50 I Mamba Print           "DROP TABLE IF EXISTS testcases:successful"
2023-01-21 08:15:50 I Mamba Print           "CREATE TABLE IF NOT EXISTS testcases (                             testplan_id INT,                             testplan_name TEXT,                             testgroup_id INT,                             testgroup_name TEXT,                             testcycle_id INT,                             testcycle_name TEXT,                             rel TEXT,                             id INT,                             uniqueid TEXT,                             name TEXT,                             status TEXT,                             upstream TEXT,                             downstream TEXT,                             executionDate TEXT) ENGINE=InnoDB DEFAULT CHARSET=utf8:successful"
2023-01-21 08:15:51 I Mamba update_database "Insert testcases table successful"
2023-01-21 08:15:51 I Mamba Print           "CREATE TABLE IF NOT EXISTS tests (                             testplan_id INT,                             testplan_name TEXT,                             testplan_status TEXT,                             rel TEXT, status TEXT,                             count INT, date TEXT) ENGINE=InnoDB DEFAULT CHARSET=utf8:successful"
2023-01-21 08:15:51 I Mamba Print           "DELETE FROM tests WHERE date='2023-01-21':successful"
2023-01-21 08:15:51 I Mamba Print           "SELECT testplan_id FROM tests GROUP BY testplan_id:successful"
2023-01-21 08:15:51 I Mamba Print           "SELECT testplan_name FROM tests WHERE testplan_id=8227316 LIMIT 1:successful"
2023-01-21 08:15:51 I Mamba Print           "UPDATE tests SET testplan_status='Active' WHERE testplan_id=8227316:successful"
2023-01-21 08:15:51 I Mamba Print           "SELECT testplan_name FROM tests WHERE testplan_id=8791986 LIMIT 1:successful"
2023-01-21 08:15:51 I Mamba Print           "UPDATE tests SET testplan_status='Active' WHERE testplan_id=8791986:successful"
2023-01-21 08:15:51 I Mamba Print           "SELECT testplan_name FROM tests WHERE testplan_id=9689199 LIMIT 1:successful"
2023-01-21 08:15:51 I Mamba Print           "UPDATE tests SET testplan_status='Active' WHERE testplan_id=9689199:successful"
2023-01-21 08:15:51 I Mamba Print           "SELECT testplan_name FROM tests WHERE testplan_id=9427565 LIMIT 1:successful"
2023-01-21 08:15:51 I Mamba Print           "UPDATE tests SET testplan_status='Active' WHERE testplan_id=9427565:successful"
2023-01-21 08:15:51 I Mamba Print           "SELECT testplan_name FROM tests WHERE testplan_id=8814645 LIMIT 1:successful"
2023-01-21 08:15:51 I Mamba Print           "UPDATE tests SET testplan_status='Active' WHERE testplan_id=8814645:successful"
2023-01-21 08:15:51 I Mamba Print           "SELECT testplan_name FROM tests WHERE testplan_id=9238565 LIMIT 1:successful"
2023-01-21 08:15:51 I Mamba Print           "UPDATE tests SET testplan_status='Active' WHERE testplan_id=9238565:successful"
2023-01-21 08:15:51 I Mamba Print           "SELECT testplan_name FROM tests WHERE testplan_id=8043144 LIMIT 1:successful"
2023-01-21 08:15:51 I Mamba Print           "UPDATE tests SET testplan_status='Active' WHERE testplan_id=8043144:successful"
2023-01-21 08:15:51 I Mamba Print           "SELECT testplan_name FROM tests WHERE testplan_id=9460892 LIMIT 1:successful"
2023-01-21 08:15:51 I Mamba Print           "UPDATE tests SET testplan_status='Active' WHERE testplan_id=9460892:successful"
2023-01-21 08:15:51 I Mamba Print           "SELECT testplan_name FROM tests WHERE testplan_id=9110026 LIMIT 1:successful"
2023-01-21 08:15:51 I Mamba Print           "UPDATE tests SET testplan_status='Active' WHERE testplan_id=9110026:successful"
2023-01-21 08:15:51 I Mamba Print           "SELECT testplan_name FROM tests WHERE testplan_id=8515027 LIMIT 1:successful"
2023-01-21 08:15:51 I Mamba Print           "UPDATE tests SET testplan_status='Active' WHERE testplan_id=8515027:successful"
2023-01-21 08:15:51 I Mamba Print           "SELECT testplan_name FROM tests WHERE testplan_id=8293344 LIMIT 1:successful"
2023-01-21 08:15:51 I Mamba Print           "UPDATE tests SET testplan_status='Active' WHERE testplan_id=8293344:successful"
2023-01-21 08:15:51 I Mamba Print           "SELECT testplan_name FROM tests WHERE testplan_id=8045396 LIMIT 1:successful"
2023-01-21 08:15:51 I Mamba Print           "UPDATE tests SET testplan_status='Active' WHERE testplan_id=8045396:successful"
2023-01-21 08:15:51 I Mamba Print           "SELECT testplan_name FROM tests WHERE testplan_id=8294054 LIMIT 1:successful"
2023-01-21 08:15:51 I Mamba Print           "UPDATE tests SET testplan_status='Active' WHERE testplan_id=8294054:successful"
2023-01-21 08:15:51 I Mamba Print           "SELECT testplan_name FROM tests WHERE testplan_id=8294056 LIMIT 1:successful"
2023-01-21 08:15:51 I Mamba Print           "UPDATE tests SET testplan_status='Active' WHERE testplan_id=8294056:successful"
2023-01-21 08:15:51 I Mamba Print           "SELECT testplan_name FROM tests WHERE testplan_id=8294074 LIMIT 1:successful"
2023-01-21 08:15:51 I Mamba Print           "UPDATE tests SET testplan_status='Active' WHERE testplan_id=8294074:successful"
2023-01-21 08:15:51 I Mamba Print           "SELECT testplan_name FROM tests WHERE testplan_id=7719315 LIMIT 1:successful"
2023-01-21 08:15:51 I Mamba Print           "UPDATE tests SET testplan_status='Active' WHERE testplan_id=7719315:successful"
2023-01-21 08:15:51 I Mamba Print           "SELECT testplan_name FROM tests WHERE testplan_id=9181743 LIMIT 1:successful"
2023-01-21 08:15:51 I Mamba Print           "UPDATE tests SET testplan_status='Active' WHERE testplan_id=9181743:successful"
2023-01-21 08:15:51 I Mamba Print           "SELECT testplan_name FROM tests WHERE testplan_id=7194312 LIMIT 1:successful"
2023-01-21 08:15:51 I Mamba Print           "UPDATE tests SET testplan_status='Active' WHERE testplan_id=7194312:successful"
2023-01-21 08:15:51 I Mamba Print           "SELECT testplan_name FROM tests WHERE testplan_id=7652286 LIMIT 1:successful"
2023-01-21 08:15:51 I Mamba Print           "UPDATE tests SET testplan_status='Active' WHERE testplan_id=7652286:successful"
2023-01-21 08:15:51 I Mamba Print           "SELECT testplan_name FROM tests WHERE testplan_id=9695171 LIMIT 1:successful"
2023-01-21 08:15:51 I Mamba Print           "UPDATE tests SET testplan_status='Active' WHERE testplan_id=9695171:successful"
2023-01-21 08:15:51 I Mamba Print           "SELECT testplan_name FROM tests WHERE testplan_id=9695450 LIMIT 1:successful"
2023-01-21 08:15:51 I Mamba Print           "UPDATE tests SET testplan_status='Active' WHERE testplan_id=9695450:successful"
2023-01-21 08:15:51 I Mamba Print           "SELECT testplan_name FROM tests WHERE testplan_id=9707874 LIMIT 1:successful"
2023-01-21 08:15:51 I Mamba Print           "UPDATE tests SET testplan_status='Active' WHERE testplan_id=9707874:successful"
2023-01-21 08:15:51 I Mamba Print           "SELECT testplan_name FROM tests WHERE testplan_id=9428082 LIMIT 1:successful"
2023-01-21 08:15:51 I Mamba Print           "UPDATE tests SET testplan_status='Active' WHERE testplan_id=9428082:successful"
2023-01-21 08:15:51 I Mamba Print           "SELECT testplan_name FROM tests WHERE testplan_id=9428081 LIMIT 1:successful"
2023-01-21 08:15:51 I Mamba Print           "UPDATE tests SET testplan_status='Active' WHERE testplan_id=9428081:successful"
2023-01-21 08:15:52 I Mamba Print           "SELECT testplan_name FROM tests WHERE testplan_id=9428064 LIMIT 1:successful"
2023-01-21 08:15:52 I Mamba Print           "UPDATE tests SET testplan_status='Active' WHERE testplan_id=9428064:successful"
2023-01-21 08:15:52 I Mamba Print           "SELECT testplan_name FROM tests WHERE testplan_id=9421569 LIMIT 1:successful"
2023-01-21 08:15:52 I Mamba Print           "UPDATE tests SET testplan_status='Active' WHERE testplan_id=9421569:successful"
2023-01-21 08:15:52 I Mamba Print           "SELECT testplan_name FROM tests WHERE testplan_id=8826930 LIMIT 1:successful"
2023-01-21 08:15:52 I Mamba Print           "UPDATE tests SET testplan_status='Active' WHERE testplan_id=8826930:successful"
2023-01-21 08:15:52 I Mamba Print           "SELECT testplan_name FROM tests WHERE testplan_id=8826934 LIMIT 1:successful"
2023-01-21 08:15:52 I Mamba Print           "UPDATE tests SET testplan_status='Active' WHERE testplan_id=8826934:successful"
2023-01-21 08:15:52 I Mamba Print           "SELECT testplan_name FROM tests WHERE testplan_id=8826937 LIMIT 1:successful"
2023-01-21 08:15:52 I Mamba Print           "UPDATE tests SET testplan_status='Active' WHERE testplan_id=8826937:successful"
2023-01-21 08:15:52 I Mamba Print           "SELECT testplan_name FROM tests WHERE testplan_id=8826942 LIMIT 1:successful"
2023-01-21 08:15:52 I Mamba Print           "UPDATE tests SET testplan_status='Active' WHERE testplan_id=8826942:successful"
2023-01-21 08:15:52 I Mamba Print           "SELECT testplan_name FROM tests WHERE testplan_id=8826944 LIMIT 1:successful"
2023-01-21 08:15:52 I Mamba Print           "UPDATE tests SET testplan_status='Active' WHERE testplan_id=8826944:successful"
2023-01-21 08:15:52 I Mamba Print           "SELECT testplan_name FROM tests WHERE testplan_id=9249706 LIMIT 1:successful"
2023-01-21 08:15:52 I Mamba Print           "UPDATE tests SET testplan_status='Active' WHERE testplan_id=9249706:successful"
2023-01-21 08:15:52 I Mamba Print           "SELECT testplan_name FROM tests WHERE testplan_id=9239364 LIMIT 1:successful"
2023-01-21 08:15:52 I Mamba Print           "UPDATE tests SET testplan_status='Active' WHERE testplan_id=9239364:successful"
2023-01-21 08:15:52 I Mamba Print           "SELECT testplan_name FROM tests WHERE testplan_id=9239349 LIMIT 1:successful"
2023-01-21 08:15:52 I Mamba Print           "UPDATE tests SET testplan_status='Active' WHERE testplan_id=9239349:successful"
2023-01-21 08:15:52 I Mamba Print           "SELECT testplan_name FROM tests WHERE testplan_id=9239114 LIMIT 1:successful"
2023-01-21 08:15:52 I Mamba Print           "UPDATE tests SET testplan_status='Active' WHERE testplan_id=9239114:successful"
2023-01-21 08:15:52 I Mamba Print           "SELECT testplan_name FROM tests WHERE testplan_id=9582081 LIMIT 1:successful"
2023-01-21 08:15:52 I Mamba Print           "UPDATE tests SET testplan_status='Active' WHERE testplan_id=9582081:successful"
2023-01-21 08:15:52 I Mamba Print           "SELECT testplan_name FROM tests WHERE testplan_id=9582091 LIMIT 1:successful"
2023-01-21 08:15:52 I Mamba Print           "UPDATE tests SET testplan_status='Active' WHERE testplan_id=9582091:successful"
2023-01-21 08:15:52 I Mamba Print           "SELECT testplan_name FROM tests WHERE testplan_id=9496202 LIMIT 1:successful"
2023-01-21 08:15:52 I Mamba Print           "UPDATE tests SET testplan_status='Active' WHERE testplan_id=9496202:successful"
2023-01-21 08:15:52 I Mamba Print           "SELECT testplan_name FROM tests WHERE testplan_id=9496824 LIMIT 1:successful"
2023-01-21 08:15:52 I Mamba Print           "UPDATE tests SET testplan_status='Active' WHERE testplan_id=9496824:successful"
2023-01-21 08:15:52 I Mamba Print           "SELECT testplan_name FROM tests WHERE testplan_id=9497815 LIMIT 1:successful"
2023-01-21 08:15:52 I Mamba Print           "UPDATE tests SET testplan_status='Active' WHERE testplan_id=9497815:successful"
2023-01-21 08:15:52 I Mamba Print           "SELECT testplan_name FROM tests WHERE testplan_id=9735348 LIMIT 1:successful"
2023-01-21 08:15:52 I Mamba Print           "UPDATE tests SET testplan_status='Active' WHERE testplan_id=9735348:successful"
2023-01-21 08:15:52 I Mamba Print           "SELECT testplan_name FROM tests WHERE testplan_id=9735351 LIMIT 1:successful"
2023-01-21 08:15:52 I Mamba Print           "UPDATE tests SET testplan_status='Active' WHERE testplan_id=9735351:successful"
2023-01-21 08:15:52 I Mamba Print           "INSERT INTO tests (testplan_id, testplan_name, testplan_status, rel, status, count, date) SELECT testplan_id, testplan_name, 'Active' as testplan_status, rel, status, count((@rn := @rn + 1)) as count, '2023-01-21' as date FROM testcases cross join (select @rn := 0) const GROUP BY testplan_id, rel, status:successful"
2023-01-21 08:15:52 I Mamba update_database "Insert tests table successful"
2023-01-21 08:15:52 I Mamba Print           "CREATE TABLE IF NOT EXISTS testapproval (                                 rel TEXT, team TEXT, status TEXT, upstream TEXT, count INT, date TEXT                                 ) ENGINE=InnoDB DEFAULT CHARSET=utf8:successful"
2023-01-21 08:15:52 I Mamba Print           "DROP TABLE IF EXISTS alltestapproval:successful"
2023-01-21 08:15:52 I Mamba Print           "CREATE TABLE IF NOT EXISTS alltestapproval (                                 id INT, uniqueid TEXT, name TEXT, status TEXT, rel TEXT, team TEXT, upstream TEXT                                 ) ENGINE=InnoDB DEFAULT CHARSET=utf8:successful"
2023-01-21 08:15:52 I Mamba Print           "DELETE FROM testapproval WHERE date='2023-01-21':successful"
2023-01-21 08:15:52 I Mamba Print           "INSERT INTO testapproval (rel, team, status, count, date, upstream) SELECT rel, team, status, count((@rn := @rn + 1)) as count, '2023-01-21' as date, upstream FROM alltestapproval cross join (select @rn := 0) const GROUP BY rel, team, status, upstream:successful"
2023-01-21 08:15:59 I Mamba Get_allfeatuers "[]"
2023-01-21 08:15:59 I Mamba Print           "CREATE TABLE IF NOT EXISTS features (                                rel TEXT, status TEXT, count INT, date TEXT) ENGINE=InnoDB DEFAULT CHARSET=utf8:successful"
2023-01-21 08:15:59 I Mamba Print           "CREATE TABLE IF NOT EXISTS allfeatures (                                id INT, uniqueid TEXT, name TEXT, status TEXT, rel TEXT,test_status TEXT) ENGINE=InnoDB DEFAULT CHARSET=utf8:successful"
2023-01-21 08:15:59 I Mamba Print           "DELETE FROM features WHERE date='2023-01-21':successful"
2023-01-21 08:15:59 I Mamba Print           "DELETE FROM allfeatures WHERE id=21237647:successful"
2023-01-21 08:15:59 I Mamba Print           "DELETE FROM allfeatures WHERE id=16096000:successful"
2023-01-21 08:15:59 I Mamba Print           "DELETE FROM allfeatures WHERE id=16095892:successful"
2023-01-21 08:15:59 I Mamba Print           "DELETE FROM allfeatures WHERE id=15971573:successful"
2023-01-21 08:15:59 I Mamba Print           "DELETE FROM allfeatures WHERE id=15932329:successful"
2023-01-21 08:15:59 I Mamba Print           "DELETE FROM allfeatures WHERE id=15916571:successful"
2023-01-21 08:15:59 I Mamba Print           "DELETE FROM allfeatures WHERE id=15833538:successful"
2023-01-21 08:15:59 I Mamba Print           "DELETE FROM allfeatures WHERE id=15833518:successful"
2023-01-21 08:15:59 I Mamba Print           "DELETE FROM allfeatures WHERE id=15833018:successful"
2023-01-21 08:15:59 I Mamba Print           "DELETE FROM allfeatures WHERE id=15833016:successful"
2023-01-21 08:15:59 I Mamba Print           "DELETE FROM allfeatures WHERE id=15737215:successful"
2023-01-21 08:15:59 I Mamba Print           "DELETE FROM allfeatures WHERE id=15728286:successful"
2023-01-21 08:15:59 I Mamba Print           "DELETE FROM allfeatures WHERE id=15728256:successful"
2023-01-21 08:15:59 I Mamba Print           "DELETE FROM allfeatures WHERE id=15668206:successful"
2023-01-21 08:15:59 I Mamba Print           "DELETE FROM allfeatures WHERE id=15602410:successful"
2023-01-21 08:15:59 I Mamba Print           "DELETE FROM allfeatures WHERE id=15602385:successful"
2023-01-21 08:15:59 I Mamba Print           "DELETE FROM allfeatures WHERE id=15585780:successful"
2023-01-21 08:15:59 I Mamba Print           "DELETE FROM allfeatures WHERE id=15585694:successful"
2023-01-21 08:15:59 I Mamba Print           "DELETE FROM allfeatures WHERE id=15553255:successful"
2023-01-21 08:15:59 I Mamba Print           "DELETE FROM allfeatures WHERE id=15553254:successful"
2023-01-21 08:15:59 I Mamba Print           "DELETE FROM allfeatures WHERE id=15553238:successful"
2023-01-21 08:15:59 I Mamba Print           "DELETE FROM allfeatures WHERE id=15553181:successful"
2023-01-21 08:15:59 I Mamba Print           "DELETE FROM allfeatures WHERE id=15536334:successful"
2023-01-21 08:15:59 I Mamba Print           "DELETE FROM allfeatures WHERE id=15536311:successful"
2023-01-21 08:15:59 I Mamba Print           "DELETE FROM allfeatures WHERE id=15536288:successful"
2023-01-21 08:15:59 I Mamba Print           "DELETE FROM allfeatures WHERE id=15536287:successful"
2023-01-21 08:15:59 I Mamba Print           "DELETE FROM allfeatures WHERE id=15536274:successful"
2023-01-21 08:15:59 I Mamba Print           "DELETE FROM allfeatures WHERE id=15529040:successful"
2023-01-21 08:15:59 I Mamba Print           "DELETE FROM allfeatures WHERE id=15529039:successful"
2023-01-21 08:15:59 I Mamba Print           "DELETE FROM allfeatures WHERE id=15529015:successful"
2023-01-21 08:15:59 I Mamba Print           "DELETE FROM allfeatures WHERE id=15528997:successful"
2023-01-21 08:15:59 I Mamba Print           "DELETE FROM allfeatures WHERE id=15528996:successful"
2023-01-21 08:15:59 I Mamba Print           "DELETE FROM allfeatures WHERE id=15528995:successful"
2023-01-21 08:15:59 I Mamba Print           "DELETE FROM allfeatures WHERE id=15527717:successful"
2023-01-21 08:15:59 I Mamba Print           "DELETE FROM allfeatures WHERE id=15527715:successful"
2023-01-21 08:15:59 I Mamba Print           "DELETE FROM allfeatures WHERE id=15527713:successful"
2023-01-21 08:15:59 I Mamba Print           "DELETE FROM allfeatures WHERE id=15527708:successful"
2023-01-21 08:15:59 I Mamba Print           "DELETE FROM allfeatures WHERE id=15527699:successful"
2023-01-21 08:15:59 I Mamba Print           "DELETE FROM allfeatures WHERE id=15474648:successful"
2023-01-21 08:15:59 I Mamba Print           "DELETE FROM allfeatures WHERE id=15414102:successful"
2023-01-21 08:15:59 I Mamba Print           "DELETE FROM allfeatures WHERE id=15414083:successful"
2023-01-21 08:15:59 I Mamba Print           "DELETE FROM allfeatures WHERE id=15312955:successful"
2023-01-21 08:15:59 I Mamba Print           "DELETE FROM allfeatures WHERE id=15312951:successful"
2023-01-21 08:15:59 I Mamba Print           "DELETE FROM allfeatures WHERE id=15249941:successful"
2023-01-21 08:15:59 I Mamba Print           "DELETE FROM allfeatures WHERE id=15249934:successful"
2023-01-21 08:15:59 I Mamba Print           "DELETE FROM allfeatures WHERE id=15245389:successful"
2023-01-21 08:15:59 I Mamba Print           "DELETE FROM allfeatures WHERE id=15245363:successful"
2023-01-21 08:15:59 I Mamba Print           "DELETE FROM allfeatures WHERE id=15244863:successful"
2023-01-21 08:15:59 I Mamba Print           "DELETE FROM allfeatures WHERE id=15243557:successful"
2023-01-21 08:15:59 I Mamba Print           "DELETE FROM allfeatures WHERE id=15219540:successful"
2023-01-21 08:15:59 I Mamba Print           "DELETE FROM allfeatures WHERE id=15112509:successful"
2023-01-21 08:15:59 I Mamba Print           "DELETE FROM allfeatures WHERE id=15087369:successful"
2023-01-21 08:15:59 I Mamba Print           "DELETE FROM allfeatures WHERE id=14626845:successful"
2023-01-21 08:15:59 I Mamba Print           "DELETE FROM allfeatures WHERE id=14626842:successful"
2023-01-21 08:15:59 I Mamba Print           "DELETE FROM allfeatures WHERE id=14626809:successful"
2023-01-21 08:15:59 I Mamba Print           "DELETE FROM allfeatures WHERE id=14626806:successful"
2023-01-21 08:15:59 I Mamba Print           "DELETE FROM allfeatures WHERE id=14626752:successful"
2023-01-21 08:15:59 I Mamba Print           "DELETE FROM allfeatures WHERE id=14626701:successful"
2023-01-21 08:15:59 I Mamba Print           "DELETE FROM allfeatures WHERE id=14626692:successful"
2023-01-21 08:15:59 I Mamba Print           "DELETE FROM allfeatures WHERE id=14626518:successful"
2023-01-21 08:15:59 I Mamba Print           "DELETE FROM allfeatures WHERE id=14626512:successful"
2023-01-21 08:15:59 I Mamba Print           "DELETE FROM allfeatures WHERE id=14626392:successful"
2023-01-21 08:15:59 I Mamba Print           "DELETE FROM allfeatures WHERE id=13946673:successful"
2023-01-21 08:15:59 I Mamba Print           "INSERT INTO features (rel, status, count, date)                                 SELECT rel, status, count((@rn := @rn + 1)) as count, '2023-01-21' as date FROM allfeatures cross join (select @rn := 0) const GROUP BY rel, status:successful"
2023-01-21 08:16:01 I Mamba Get_allchangere "[]"
2023-01-21 08:16:01 I Mamba Print           "CREATE TABLE IF NOT EXISTS changes (                                 rel TEXT, status TEXT, priority TEXT,                                 requester TEXT, date TEXT, count INT) ENGINE=InnoDB DEFAULT CHARSET=utf8:successful"
2023-01-21 08:16:01 I Mamba Print           "CREATE TABLE IF NOT EXISTS allchanges (                                 id INT, uniqueid TEXT, name TEXT,                                 status TEXT, rel TEXT, priority TEXT,                                 requester TEXT) ENGINE=InnoDB DEFAULT CHARSET=utf8:successful"
2023-01-21 08:16:01 I Mamba Print           "DELETE FROM changes WHERE date='2023-01-21':successful"
2023-01-21 08:16:01 I Mamba Print           "INSERT INTO changes (                                 rel, status, priority, requester, date, count)                                 SELECT rel, status, priority, requester, '2023-01-21' as date, count((@rn := @rn + 1)) as count FROM allchanges                                 cross join (select @rn := 0) const GROUP BY rel, status, priority, requester:successful"
2023-01-21 08:16:02 I Mamba Print           "CREATE TABLE IF NOT EXISTS designspec (                            rel TEXT, team TEXT, status TEXT, count INT, date text) ENGINE=InnoDB DEFAULT CHARSET=utf8:successful"
2023-01-21 08:16:02 I Mamba Print           "CREATE TABLE IF NOT EXISTS alldesignspec (                             id INT, uniqueid TEXT, name TEXT, status TEXT, rel TEXT, team TEXT) ENGINE=InnoDB DEFAULT CHARSET=utf8:successful"
2023-01-21 08:16:02 I Mamba Print           "DELETE FROM designspec WHERE date='2023-01-21':successful"
2023-01-21 08:16:02 I Mamba Print           "INSERT INTO designspec (rel, team, status, count, date) SELECT rel, team, status, count((@rn := @rn + 1)) as count, '2023-01-21' as date FROM alldesignspec cross join (select @rn := 0) const GROUP BY rel, team, status:successful"
2023-01-21 08:16:05 I Mamba Get_alluserstor "[]"
2023-01-21 08:16:05 I Mamba Print           "CREATE TABLE IF NOT EXISTS userstories (                 rel TEXT, status TEXT, count INT, date TEXT) ENGINE=InnoDB DEFAULT CHARSET=utf8:successful"
2023-01-21 08:16:05 I Mamba Print           "CREATE TABLE IF NOT EXISTS alluserstories (                 id INT, uniqueid TEXT, name TEXT, status TEXT, rel TEXT) ENGINE=InnoDB DEFAULT CHARSET=utf8:successful"
2023-01-21 08:16:05 I Mamba Print           "DELETE FROM userstories WHERE date='2023-01-21':successful"
2023-01-21 08:16:05 I Mamba Print           "INSERT INTO userstories (rel, status, count, date) SELECT rel, status, count((@rn := @rn + 1)) as count, '2023-01-21' as date FROM alluserstories cross join (select @rn := 0) const GROUP BY rel, status:successful"
2023-01-21 08:17:06 I Mamba Get_alldefects  "[{'id': 9577148, 'name': '[VP1-FT-BGB-AI]-DUT in BGB mode enabled Black and Grey back ground blur Masking/Blending are not proper and inconsistent ', 'documentKey': 'mamba-BUG-368', 'statusId': 156539, 'status': 'In Progress', 'teamId': 156610, 'team': 'GPM', 'priorityId': 156533, 'priority': 'Major', 'upstream': '', 'jira': 'https://jabra1.atlassian.net/browse/MAM-1066'}, {'id': 9577163, 'name': '[VP1-FT-BGB-AI]-DUT Video unblur a Person  is back ground along with person in Foreground while Background blur/segmentation enabled.', 'documentKey': 'mamba-BUG-371', 'statusId': 156539, 'status': 'In Progress', 'teamId': 156610, 'team': 'GPM', 'priorityId': 156532, 'priority': 'Critical', 'upstream': '', 'jira': 'https://jabra1.atlassian.net/browse/MAM-1069'}, {'id': 9577170, 'name': '[VP1-FT-BGB-AI]-Enabling PIP while BGB enabled Breaks the PIP feature and BGB feature behavior with result like Frame Shuttered/Split chromatic frame.', 'documentKey': 'mamba-BUG-372', 'statusId': 156538, 'status': 'Closed', 'teamId': 156571, 'team': 'DE Online', 'priorityId': 156533, 'priority': 'Major', 'upstream': '', 'jira': 'https://jabra1.atlassian.net/browse/MAM-1070'}, {'id': 10043394, 'name': '[FT_FWU] FW update for PID 3029/302A has NOT yet been supported by PCSW', 'documentKey': 'mamba-BUG-402', 'statusId': 156538, 'status': 'Closed', 'teamId': 157344, 'team': 'DE Integration', 'priorityId': 156533, 'priority': 'Major', 'upstream': '9865578, 9865613, 9865585, 10048903', 'jira': 'https://jabra1.atlassian.net/browse/MAM-1136'}, {'id': 10342651, 'name': 'Mamba issue after expanding GNP frame size from 32 bytes to 63 bytes', 'documentKey': 'mamba-BUG-412', 'statusId': 156538, 'status': 'Closed', 'teamId': 157047, 'team': 'Video Engineering', 'priorityId': 156531, 'priority': 'Blocker', 'upstream': '', 'jira': 'https://jabra1.atlassian.net/browse/MAM-1169'}, {'id': 10395437, 'name': '[MAMBA- LED] Able to see Green LED instead of Red LED when audio is muted', 'documentKey': 'mamba-BUG-413', 'statusId': 156536, 'status': 'Open', 'teamId': 156610, 'team': 'GPM', 'priorityId': 156535, 'priority': 'Trivial', 'upstream': '', 'jira': 'https://jabra1.atlassian.net/browse/MAM-1174'}, {'id': 10400091, 'name': 'Observed video freeze in Teams call while performing video stop/start in Mac OS on USB 2.0 port. ', 'documentKey': 'mamba-BUG-414', 'statusId': 156537, 'status': 'Resolved', 'teamId': 157047, 'team': 'Video Engineering', 'priorityId': 156533, 'priority': 'Major', 'upstream': '', 'jira': 'https://jabra1.atlassian.net/browse/MAM-1175'}, {'id': 10400651, 'name': '[BGB,FPS]Low frame rate when Mamba is working on BGB mode.', 'documentKey': 'mamba-BUG-415', 'statusId': 156539, 'status': 'In Progress', 'teamId': 157047, 'team': 'Video Engineering', 'priorityId': 156533, 'priority': 'Major', 'upstream': '', 'jira': 'https://jabra1.atlassian.net/browse/MAM-1173'}, {'id': 10400652, 'name': '[PIP,FPS]Low frame rate when Mamba is working on PIP mode or USB2.0', 'documentKey': 'mamba-BUG-416', 'statusId': 156536, 'status': 'Open', 'teamId': 156610, 'team': 'GPM', 'priorityId': 156534, 'priority': 'Minor', 'upstream': '', 'jira': 'https://jabra1.atlassian.net/browse/MAM-1172'}, {'id': 10412921, 'name': '[MAMBA - 4.1.3 ] Observed continuous oscillations in the video stream when turning ON Vivid', 'documentKey': 'mamba-BUG-417', 'statusId': 156537, 'status': 'Resolved', 'teamId': 157047, 'team': 'Video Engineering', 'priorityId': 156534, 'priority': 'Minor', 'upstream': '', 'jira': 'https://jabra1.atlassian.net/browse/MAM-1177'}, {'id': 10414115, 'name': '[BGB]Video freeze on SP call when working on USB2.0 and with background enabled.', 'documentKey': 'mamba-BUG-418', 'statusId': 156539, 'status': 'In Progress', 'teamId': 157047, 'team': 'Video Engineering', 'priorityId': 156532, 'priority': 'Critical', 'upstream': '', 'jira': 'https://jabra1.atlassian.net/browse/MAM-1176'}, {'id': 10416746, 'name': '[Mamba - 4.1.3] -Observed flashes on the video stream when entered into deep zoom.', 'documentKey': 'mamba-BUG-419', 'statusId': 156537, 'status': 'Resolved', 'teamId': 157047, 'team': 'Video Engineering', 'priorityId': 156534, 'priority': 'Minor', 'upstream': '', 'jira': 'https://jabra1.atlassian.net/browse/MAM-1178'}, {'id': 10417076, 'name': '[Mamba - 4.1.3] Observed MX Reboot while video is streaming ', 'documentKey': 'mamba-BUG-420', 'statusId': 156536, 'status': 'Open', 'teamId': 157047, 'team': 'Video Engineering', 'priorityId': 156532, 'priority': 'Critical', 'upstream': '', 'jira': 'https://jabra1.atlassian.net/browse/MAM-1179'}, {'id': 10418482, 'name': '[BGB] Observed Colored flicker (Distortion) when Background is enabled with White, or Grey as a solid color and a person is moving in the FOV while PIZ is ON', 'documentKey': 'mamba-BUG-421', 'statusId': 156537, 'status': 'Resolved', 'teamId': 157047, 'team': 'Video Engineering', 'priorityId': 156533, 'priority': 'Major', 'upstream': '', 'jira': 'https://jabra1.atlassian.net/browse/MAM-1180'}, {'id': 10418838, 'name': '[MAMBA-4.1.3-BGB] Background Blur segmentation experience is not good compared to Microsoft Teams & Zoom apps', 'documentKey': 'mamba-BUG-422', 'statusId': 156536, 'status': 'Open', 'teamId': 157047, 'team': 'Video Engineering', 'priorityId': 156533, 'priority': 'Major', 'upstream': '', 'jira': 'https://jabra1.atlassian.net/browse/MAM-1181'}, {'id': 10420548, 'name': "[Settings]Mamba VP1 v4.1.3 doesn't support 4K enable/disable (it responds Nack to Allow_4K command)", 'documentKey': 'mamba-BUG-423', 'statusId': 156538, 'status': 'Closed', 'teamId': 157047, 'team': 'Video Engineering', 'priorityId': 156533, 'priority': 'Major', 'upstream': '', 'jira': 'https://jabra1.atlassian.net/browse/MAM-1171'}, {'id': 10424183, 'name': '[BGB] Video freezing once when keep a video stream on RCT Tool about 1h+ with USB3.0 ', 'documentKey': 'mamba-BUG-424', 'statusId': 156536, 'status': 'Open', 'teamId': 157047, 'team': 'Video Engineering', 'priorityId': 156533, 'priority': 'Major', 'upstream': '', 'jira': 'https://jabra1.atlassian.net/browse/MAM-1182'}, {'id': 10431000, 'name': '[BGB]Observed one time that BGB not functioning during Teams call', 'documentKey': 'mamba-BUG-425', 'statusId': 156536, 'status': 'Open', 'teamId': 157047, 'team': 'Video Engineering', 'priorityId': 156533, 'priority': 'Major', 'upstream': '', 'jira': 'https://jabra1.atlassian.net/browse/MAM-1183'}, {'id': 10434212, 'name': '[BGB]Failed to capture video from PanaCast20 after minimizing the RCT window and reopen it', 'documentKey': 'mamba-BUG-426', 'statusId': 156537, 'status': 'Resolved', 'teamId': 157047, 'team': 'Video Engineering', 'priorityId': 156533, 'priority': 'Major', 'upstream': '', 'jira': 'https://jabra1.atlassian.net/browse/MAM-1184'}]"
2023-01-21 08:17:06 I Mamba Print           "CREATE TABLE IF NOT EXISTS defects (                     rel TEXT, team TEXT, status TEXT, priority TEXT, count INT, date TEXT) ENGINE=InnoDB DEFAULT CHARSET=utf8:successful"
2023-01-21 08:17:06 I Mamba Print           "CREATE TABLE IF NOT EXISTS alldefects (                     id INT, uniqueid TEXT, name TEXT, status TEXT, rel TEXT, team TEXT, priority TEXT, jira TEXT, upstream TEXT) ENGINE=InnoDB DEFAULT CHARSET=utf8:successful"
2023-01-21 08:17:06 I Mamba Print           "DELETE FROM defects WHERE date='2023-01-21':successful"
2023-01-21 08:17:06 I Mamba Print           "DELETE FROM alldefects WHERE id = 16209215:successful"
2023-01-21 08:17:06 I Mamba Print           "DELETE FROM alldefects WHERE id = 16209214:successful"
2023-01-21 08:17:06 I Mamba Print           "DELETE FROM alldefects WHERE id = 16209212:successful"
2023-01-21 08:17:06 I Mamba Print           "DELETE FROM alldefects WHERE id = 9577148:successful"
2023-01-21 08:17:06 I Mamba Print           "DELETE FROM alldefects WHERE id = 9577163:successful"
2023-01-21 08:17:06 I Mamba Print           "DELETE FROM alldefects WHERE id = 9577170:successful"
2023-01-21 08:17:06 I Mamba Print           "DELETE FROM alldefects WHERE id = 10043394:successful"
2023-01-21 08:17:06 I Mamba Print           "DELETE FROM alldefects WHERE id = 10342651:successful"
2023-01-21 08:17:06 I Mamba Print           "DELETE FROM alldefects WHERE id = 10395437:successful"
2023-01-21 08:17:06 I Mamba Print           "DELETE FROM alldefects WHERE id = 10400091:successful"
2023-01-21 08:17:06 I Mamba Print           "DELETE FROM alldefects WHERE id = 10400651:successful"
2023-01-21 08:17:06 I Mamba Print           "DELETE FROM alldefects WHERE id = 10400652:successful"
2023-01-21 08:17:06 I Mamba Print           "DELETE FROM alldefects WHERE id = 10412921:successful"
2023-01-21 08:17:06 I Mamba Print           "DELETE FROM alldefects WHERE id = 10414115:successful"
2023-01-21 08:17:06 I Mamba Print           "DELETE FROM alldefects WHERE id = 10416746:successful"
2023-01-21 08:17:06 I Mamba Print           "DELETE FROM alldefects WHERE id = 10417076:successful"
2023-01-21 08:17:06 I Mamba Print           "DELETE FROM alldefects WHERE id = 10418482:successful"
2023-01-21 08:17:06 I Mamba Print           "DELETE FROM alldefects WHERE id = 10418838:successful"
2023-01-21 08:17:06 I Mamba Print           "DELETE FROM alldefects WHERE id = 10420548:successful"
2023-01-21 08:17:06 I Mamba Print           "DELETE FROM alldefects WHERE id = 10424183:successful"
2023-01-21 08:17:06 I Mamba Print           "DELETE FROM alldefects WHERE id = 10431000:successful"
2023-01-21 08:17:06 I Mamba Print           "DELETE FROM alldefects WHERE id = 10434212:successful"
2023-01-21 08:17:06 I Mamba Print           "Not enough parameters for the SQL statement"
2023-01-21 08:17:06 I Mamba Print           "INSERT INTO defects (rel, team, status, count, date, priority) SELECT rel, team, status, count((@rn := @rn + 1)) as count, '2023-01-21' as date, priority FROM alldefects cross join (select @rn := 0) const GROUP BY rel, team, status, priority:successful"
2023-01-21 08:28:35 I Mamba get_multipickli "Unassigned don't find the mainteam name from G_parameter"
2023-01-21 08:28:42 I Mamba get_multipickli "Unassigned don't find the mainteam name from G_parameter"
2023-01-21 08:28:52 I Mamba get_multipickli "Unassigned don't find the mainteam name from G_parameter"
2023-01-21 08:29:02 I Mamba get_multipickli "Unassigned don't find the mainteam name from G_parameter"
2023-01-21 08:29:10 I Mamba get_multipickli "Unassigned don't find the mainteam name from G_parameter"
2023-01-21 08:29:19 I Mamba get_multipickli "Unassigned don't find the mainteam name from G_parameter"
2023-01-21 08:29:29 I Mamba get_multipickli "Unassigned don't find the mainteam name from G_parameter"
2023-01-21 08:29:36 I Mamba get_multipickli "Unassigned don't find the mainteam name from G_parameter"
2023-01-21 08:29:54 I Mamba get_multipickli "ESW Platform Test don't find the mainteam name from G_parameter"
2023-01-21 08:29:59 I Mamba get_multipickli "ESW Platform Test don't find the mainteam name from G_parameter"
2023-01-21 08:30:06 I Mamba get_multipickli "ESW Platform Test don't find the mainteam name from G_parameter"
2023-01-21 08:30:12 I Mamba get_multipickli "ESW Platform Test don't find the mainteam name from G_parameter"
2023-01-21 08:30:17 I Mamba get_multipickli "ESW Platform Test don't find the mainteam name from G_parameter"
2023-01-21 08:30:23 I Mamba get_multipickli "ESW Platform Test don't find the mainteam name from G_parameter"
2023-01-21 08:30:31 I Mamba get_multipickli "ESW Platform Test don't find the mainteam name from G_parameter"
2023-01-21 08:30:36 I Mamba get_multipickli "ESW Platform Test don't find the mainteam name from G_parameter"
2023-01-21 08:30:44 I Mamba get_multipickli "ESW Platform Test don't find the mainteam name from G_parameter"
2023-01-21 08:30:50 I Mamba get_multipickli "ESW Platform Test don't find the mainteam name from G_parameter"
2023-01-21 08:30:55 I Mamba get_multipickli "ESW Platform Test don't find the mainteam name from G_parameter"
2023-01-21 08:31:01 I Mamba get_multipickli "ESW Platform Test don't find the mainteam name from G_parameter"
2023-01-21 08:31:06 I Mamba get_multipickli "ESW Platform Test don't find the mainteam name from G_parameter"
2023-01-21 08:31:11 I Mamba get_multipickli "ESW Platform Test don't find the mainteam name from G_parameter"
2023-01-21 08:31:17 I Mamba get_multipickli "ESW Platform Test don't find the mainteam name from G_parameter"
2023-01-21 08:31:22 I Mamba get_multipickli "ESW Platform Test don't find the mainteam name from G_parameter"
2023-01-21 08:31:30 I Mamba get_multipickli "ESW Platform Test don't find the mainteam name from G_parameter"
2023-01-21 08:31:38 I Mamba get_multipickli "ESW Platform Test don't find the mainteam name from G_parameter"
2023-01-21 08:31:43 I Mamba get_multipickli "ESW Platform Test don't find the mainteam name from G_parameter"
2023-01-21 08:31:49 I Mamba get_multipickli "ESW Platform Test don't find the mainteam name from G_parameter"
2023-01-21 08:31:54 I Mamba get_multipickli "ESW Platform Test don't find the mainteam name from G_parameter"
2023-01-21 08:32:01 I Mamba get_multipickli "ESW Platform Test don't find the mainteam name from G_parameter"
2023-01-21 08:38:37 I Mamba get_multipickli "Unassigned don't find the mainteam name from G_parameter"
2023-01-21 08:44:48 I Mamba get_multipickli "Unassigned don't find the mainteam name from G_parameter"
2023-01-21 08:44:53 I Mamba get_multipickli "Unassigned don't find the mainteam name from G_parameter"
2023-01-21 08:45:31 I Mamba get_multipickli "Unassigned don't find the mainteam name from G_parameter"
2023-01-21 08:47:22 I Mamba get_multipickli "Unassigned don't find the mainteam name from G_parameter"
2023-01-21 08:47:29 I Mamba get_multipickli "Unassigned don't find the mainteam name from G_parameter"
2023-01-21 08:48:57 I Mamba get_multipickli "Unassigned don't find the mainteam name from G_parameter"
2023-01-21 08:49:48 I Mamba get_multipickli "Unassigned don't find the mainteam name from G_parameter"
2023-01-21 08:50:01 I Mamba get_multipickli "Unassigned don't find the mainteam name from G_parameter"
2023-01-21 08:50:06 I Mamba get_multipickli "Unassigned don't find the mainteam name from G_parameter"
2023-01-21 08:50:25 I Mamba get_multipickli "Unassigned don't find the mainteam name from G_parameter"
2023-01-21 08:50:56 I Mamba get_multipickli "Unassigned don't find the mainteam name from G_parameter"
2023-01-21 08:51:02 I Mamba get_multipickli "Unassigned don't find the mainteam name from G_parameter"
2023-01-21 08:51:17 I Mamba get_multipickli "Unassigned don't find the mainteam name from G_parameter"
2023-01-21 08:51:34 I Mamba get_multipickli "Unassigned don't find the mainteam name from G_parameter"
2023-01-21 08:52:02 I Mamba get_multipickli "Unassigned don't find the mainteam name from G_parameter"
2023-01-21 08:52:16 I Mamba get_multipickli "Unassigned don't find the mainteam name from G_parameter"
2023-01-21 08:52:21 I Mamba get_multipickli "Unassigned don't find the mainteam name from G_parameter"
2023-01-21 08:52:31 I Mamba get_multipickli "Unassigned don't find the mainteam name from G_parameter"
2023-01-21 08:52:36 I Mamba get_multipickli "Unassigned don't find the mainteam name from G_parameter"
2023-01-21 08:52:41 I Mamba get_multipickli "Unassigned don't find the mainteam name from G_parameter"
2023-01-21 08:54:37 I Mamba get_multipickli "ESW Platform Test don't find the mainteam name from G_parameter"
2023-01-21 08:55:23 I Mamba get_multipickli "Digital Experience – SDK don't find the mainteam name from G_parameter"
2023-01-21 08:58:05 I Mamba get_multipickli "Digital Experience – SDK don't find the mainteam name from G_parameter"
2023-01-21 08:58:33 I Mamba get_multipickli "Unassigned don't find the mainteam name from G_parameter"
2023-01-21 08:58:38 I Mamba get_multipickli "Unassigned don't find the mainteam name from G_parameter"
2023-01-21 09:02:30 I Mamba get_multipickli "Unassigned don't find the mainteam name from G_parameter"
2023-01-21 09:02:37 I Mamba get_multipickli "Unassigned don't find the mainteam name from G_parameter"
2023-01-21 09:08:18 I Mamba get_multipickli "Digital Experience – SDK don't find the mainteam name from G_parameter"
2023-01-21 09:08:24 I Mamba get_multipickli "Digital Experience – SDK don't find the mainteam name from G_parameter"
2023-01-21 09:08:35 I Mamba get_multipickli "Unassigned don't find the mainteam name from G_parameter"
2023-01-21 09:08:46 I Mamba get_multipickli "ESW Platform Test don't find the mainteam name from G_parameter"
2023-01-21 09:08:51 I Mamba get_multipickli "ESW Platform Test don't find the mainteam name from G_parameter"
2023-01-21 09:09:00 I Mamba get_multipickli "Digital Experience – SDK don't find the mainteam name from G_parameter"
2023-01-21 09:09:11 I Mamba get_multipickli "ESW Platform Test don't find the mainteam name from G_parameter"
2023-01-21 09:09:45 I Mamba get_multipickli "ESW Platform Test don't find the mainteam name from G_parameter"
2023-01-21 09:09:51 I Mamba get_multipickli "Digital Experience – SDK don't find the mainteam name from G_parameter"
2023-01-21 09:10:13 I Mamba get_multipickli "ESW Platform Test don't find the mainteam name from G_parameter"
2023-01-21 09:10:18 I Mamba get_multipickli "Digital Experience – SDK don't find the mainteam name from G_parameter"
2023-01-21 09:10:23 I Mamba get_multipickli "Unassigned don't find the mainteam name from G_parameter"
2023-01-21 09:10:23 I Mamba get_multipickli "ESW Platform Test don't find the mainteam name from G_parameter"
2023-01-21 09:10:29 I Mamba get_multipickli "ESW Platform Test don't find the mainteam name from G_parameter"
2023-01-21 09:10:43 I Mamba get_multipickli "ESW Platform Test don't find the mainteam name from G_parameter"
2023-01-21 09:10:53 I Mamba get_multipickli "ESW Platform Test don't find the mainteam name from G_parameter"
2023-01-21 09:10:58 I Mamba get_multipickli "ESW Platform Test don't find the mainteam name from G_parameter"
2023-01-21 09:11:50 I Mamba get_multipickli "ESW Platform Test don't find the mainteam name from G_parameter"
2023-01-21 09:12:03 I Mamba get_multipickli "Unassigned don't find the mainteam name from G_parameter"
2023-01-21 09:12:56 I Mamba get_multipickli "Unassigned don't find the mainteam name from G_parameter"
2023-01-21 09:13:13 I Mamba get_multipickli "ESW Platform Test don't find the mainteam name from G_parameter"
2023-01-21 09:13:18 I Mamba get_multipickli "Unassigned don't find the mainteam name from G_parameter"
2023-01-21 09:13:28 I Mamba get_multipickli "ESW Platform Test don't find the mainteam name from G_parameter"
2023-01-21 09:13:33 I Mamba get_multipickli "ESW Platform Test don't find the mainteam name from G_parameter"
2023-01-21 09:13:41 I Mamba get_multipickli "ESW Platform Test don't find the mainteam name from G_parameter"
2023-01-21 09:13:47 I Mamba get_multipickli "ESW Platform Test don't find the mainteam name from G_parameter"
2023-01-21 09:13:58 I Mamba get_multipickli "ESW Platform Test don't find the mainteam name from G_parameter"
2023-01-21 09:14:03 I Mamba get_multipickli "ESW Platform Test don't find the mainteam name from G_parameter"
2023-01-21 09:14:08 I Mamba get_multipickli "ESW Platform Test don't find the mainteam name from G_parameter"
2023-01-21 09:14:13 I Mamba get_multipickli "ESW Platform Test don't find the mainteam name from G_parameter"
2023-01-21 09:14:19 I Mamba get_multipickli "ESW Platform Test don't find the mainteam name from G_parameter"
2023-01-21 09:14:29 I Mamba get_multipickli "Unassigned don't find the mainteam name from G_parameter"
2023-01-21 09:14:40 I Mamba get_multipickli "ESW Platform Test don't find the mainteam name from G_parameter"
2023-01-21 09:15:11 I Mamba get_multipickli "Digital Experience – SDK don't find the mainteam name from G_parameter"
2023-01-21 09:15:16 I Mamba get_multipickli "ESW Platform Test don't find the mainteam name from G_parameter"
2023-01-21 09:15:21 I Mamba get_multipickli "ESW Platform Test don't find the mainteam name from G_parameter"
2023-01-21 09:15:27 I Mamba get_multipickli "ESW Platform Test don't find the mainteam name from G_parameter"
2023-01-21 09:16:59 I Mamba get_multipickli "Unassigned don't find the mainteam name from G_parameter"
2023-01-21 09:17:52 I Mamba Print           "DROP TABLE IF EXISTS allrequirements:successful"
2023-01-21 09:17:52 I Mamba Print           "DROP TABLE IF EXISTS allcoverage:successful"
2023-01-21 09:17:52 I Mamba Print           "CREATE TABLE IF NOT EXISTS requirements (                        rel TEXT, status TEXT, count INT, date TEXT) ENGINE=InnoDB DEFAULT CHARSET=utf8:successful"
2023-01-21 09:17:52 I Mamba Print           "CREATE TABLE IF NOT EXISTS allrequirements (                        id INT, uniqueid TEXT, name TEXT, status TEXT, rel TEXT, upstream TEXT, downstream TEXT, team TEXT, test_status TEXT) ENGINE=InnoDB DEFAULT CHARSET=utf8:successful"
2023-01-21 09:17:52 I Mamba Print           "CREATE TABLE IF NOT EXISTS coverage (                        team text, covered int, expected int, date text) ENGINE=InnoDB DEFAULT CHARSET=utf8:successful"
2023-01-21 09:17:52 I Mamba Print           "CREATE TABLE IF NOT EXISTS allcoverage (                        id INT, uniqueid TEXT, name TEXT, status TEXT, rel TEXT, verify TEXT, missing TEXT) ENGINE=InnoDB DEFAULT CHARSET=utf8:successful"
2023-01-21 09:17:52 I Mamba Print           "DELETE FROM requirements WHERE date='2023-01-21':successful"
2023-01-21 09:17:52 I Mamba Print           "DELETE FROM coverage WHERE date='2023-01-21':successful"
2023-01-21 09:17:52 I Mamba Print           "INSERT INTO requirements (rel, status, count, date) SELECT rel, status, count((@rn := @rn + 1)) as count, '2023-01-21' as date FROM allrequirements cross join (select @rn := 0) const GROUP BY rel, status:successful"
2023-01-21 09:17:52 I Mamba Print           "CREATE TABLE IF NOT EXISTS feattest (rel TEXT, status TEXT, count TEXT, date TEXT) ENGINE=InnoDB DEFAULT CHARSET=utf8:successful"
2023-01-21 09:17:52 I Mamba Print           "CREATE TABLE IF NOT EXISTS reqtest (rel TEXT, status TEXT, count TEXT, date TEXT) ENGINE=InnoDB DEFAULT CHARSET=utf8:successful"
2023-01-21 09:17:52 I Mamba Print           "SELECT id FROM allfeatures:successful"
2023-01-21 09:17:52 I Mamba Print           "SELECT id,upstream,downstream,team FROM allrequirements:successful"
2023-01-21 09:17:52 I Mamba Print           "SELECT id FROM allcoverage:successful"
2023-01-21 09:17:52 I Mamba Print           "SELECT * FROM testcases:successful"
