2023-01-21 08:54:53 I Maple Print           "Connet 20547 successfully!!!"
2023-01-21 08:54:53 I Maple Get_alltests    "Get project name:Maple id:20547 all testplans"
2023-01-21 08:54:57 I Maple Get_alltests    "{9193870: {'id': 9193870, 'name': 'Environmental Compliance test', 'archived': False, 'index': '9193870:Environmental Compliance test'}, 8496709: {'id': 8496709, 'name': 'ESW Test Plan', 'archived': False, 'index': '8496709:ESW Test Plan'}, 9889469: {'id': 9889469, 'name': 'ESW Test Plan FCS - SP1', 'archived': False, 'index': '9889469:ESW Test Plan FCS - SP1'}, 8290088: {'id': 8290088, 'name': 'HW DVT Plan', 'archived': False, 'index': '8290088:HW DVT Plan'}, 8226833: {'id': 8226833, 'name': 'Maple Product Quality Plan and PVT inputs', 'archived': False, 'index': '8226833:Maple Product Quality Plan and PVT inputs'}, 8339487: {'id': 8339487, 'name': 'Packaging Verification Test Plan', 'archived': False, 'index': '8339487:Packaging Verification Test Plan'}, 9976084: {'id': 9976084, 'name': 'Product Maintenance test Plan', 'archived': False, 'index': '9976084:Product Maintenance test Plan'}, 8286559: {'id': 8286559, 'name': 'Product Verification Test Plan', 'archived': False, 'index': '8286559:Product Verification Test Plan'}, 8625269: {'id': 8625269, 'name': 'UX Test Plan', 'archived': False, 'index': '8625269:UX Test Plan'}}"
2023-01-21 08:54:57 I Maple Get_alltests    "Get project name:Maple id:20547 all testplans successful!!!"
2023-01-21 08:59:40 I Maple tidy_alltestcas "1149"
2023-01-21 09:02:20 I Maple Print           "DROP TABLE IF EXISTS testcases:successful"
2023-01-21 09:02:20 I Maple Print           "CREATE TABLE IF NOT EXISTS testcases (                             testplan_id INT,                             testplan_name TEXT,                             testgroup_id INT,                             testgroup_name TEXT,                             testcycle_id INT,                             testcycle_name TEXT,                             rel TEXT,                             id INT,                             uniqueid TEXT,                             name TEXT,                             status TEXT,                             upstream TEXT,                             downstream TEXT,                             executionDate TEXT) ENGINE=InnoDB DEFAULT CHARSET=utf8:successful"
2023-01-21 09:02:20 I Maple update_database "Insert testcases table successful"
2023-01-21 09:02:20 I Maple Print           "CREATE TABLE IF NOT EXISTS tests (                             testplan_id INT,                             testplan_name TEXT,                             testplan_status TEXT,                             rel TEXT, status TEXT,                             count INT, date TEXT) ENGINE=InnoDB DEFAULT CHARSET=utf8:successful"
2023-01-21 09:02:20 I Maple Print           "DELETE FROM tests WHERE date='2023-01-21':successful"
2023-01-21 09:02:20 I Maple Print           "SELECT testplan_id FROM tests GROUP BY testplan_id:successful"
2023-01-21 09:02:20 I Maple Print           "SELECT testplan_name FROM tests WHERE testplan_id=9193870 LIMIT 1:successful"
2023-01-21 09:02:20 I Maple Print           "UPDATE tests SET testplan_status='Active' WHERE testplan_id=9193870:successful"
2023-01-21 09:02:20 I Maple Print           "SELECT testplan_name FROM tests WHERE testplan_id=8496709 LIMIT 1:successful"
2023-01-21 09:02:20 I Maple Print           "UPDATE tests SET testplan_status='Active' WHERE testplan_id=8496709:successful"
2023-01-21 09:02:20 I Maple Print           "SELECT testplan_name FROM tests WHERE testplan_id=9889469 LIMIT 1:successful"
2023-01-21 09:02:20 I Maple Print           "UPDATE tests SET testplan_status='Active' WHERE testplan_id=9889469:successful"
2023-01-21 09:02:20 I Maple Print           "SELECT testplan_name FROM tests WHERE testplan_id=8290088 LIMIT 1:successful"
2023-01-21 09:02:20 I Maple Print           "UPDATE tests SET testplan_status='Active' WHERE testplan_id=8290088:successful"
2023-01-21 09:02:20 I Maple Print           "SELECT testplan_name FROM tests WHERE testplan_id=8339487 LIMIT 1:successful"
2023-01-21 09:02:20 I Maple Print           "UPDATE tests SET testplan_status='Active' WHERE testplan_id=8339487:successful"
2023-01-21 09:02:20 I Maple Print           "SELECT testplan_name FROM tests WHERE testplan_id=9976084 LIMIT 1:successful"
2023-01-21 09:02:20 I Maple Print           "UPDATE tests SET testplan_status='Active' WHERE testplan_id=9976084:successful"
2023-01-21 09:02:20 I Maple Print           "SELECT testplan_name FROM tests WHERE testplan_id=8286559 LIMIT 1:successful"
2023-01-21 09:02:20 I Maple Print           "UPDATE tests SET testplan_status='Active' WHERE testplan_id=8286559:successful"
2023-01-21 09:02:20 I Maple Print           "SELECT testplan_name FROM tests WHERE testplan_id=8625269 LIMIT 1:successful"
2023-01-21 09:02:20 I Maple Print           "UPDATE tests SET testplan_status='Active' WHERE testplan_id=8625269:successful"
2023-01-21 09:02:20 I Maple Print           "INSERT INTO tests (testplan_id, testplan_name, testplan_status, rel, status, count, date) SELECT testplan_id, testplan_name, 'Active' as testplan_status, rel, status, count((@rn := @rn + 1)) as count, '2023-01-21' as date FROM testcases cross join (select @rn := 0) const GROUP BY testplan_id, rel, status:successful"
2023-01-21 09:02:20 I Maple update_database "Insert tests table successful"
2023-01-21 09:02:20 I Maple Print           "CREATE TABLE IF NOT EXISTS testapproval (                                 rel TEXT, team TEXT, status TEXT, upstream TEXT, count INT, date TEXT                                 ) ENGINE=InnoDB DEFAULT CHARSET=utf8:successful"
2023-01-21 09:02:20 I Maple Print           "DROP TABLE IF EXISTS alltestapproval:successful"
2023-01-21 09:02:20 I Maple Print           "CREATE TABLE IF NOT EXISTS alltestapproval (                                 id INT, uniqueid TEXT, name TEXT, status TEXT, rel TEXT, team TEXT, upstream TEXT                                 ) ENGINE=InnoDB DEFAULT CHARSET=utf8:successful"
2023-01-21 09:02:20 I Maple Print           "DELETE FROM testapproval WHERE date='2023-01-21':successful"
2023-01-21 09:02:20 I Maple Print           "INSERT INTO testapproval (rel, team, status, count, date, upstream) SELECT rel, team, status, count((@rn := @rn + 1)) as count, '2023-01-21' as date, upstream FROM alltestapproval cross join (select @rn := 0) const GROUP BY rel, team, status, upstream:successful"
2023-01-21 09:02:24 I Maple Get_allfeatuers "[]"
2023-01-21 09:02:24 I Maple Print           "CREATE TABLE IF NOT EXISTS features (                                rel TEXT, status TEXT, count INT, date TEXT) ENGINE=InnoDB DEFAULT CHARSET=utf8:successful"
2023-01-21 09:02:24 I Maple Print           "CREATE TABLE IF NOT EXISTS allfeatures (                                id INT, uniqueid TEXT, name TEXT, status TEXT, rel TEXT,test_status TEXT) ENGINE=InnoDB DEFAULT CHARSET=utf8:successful"
2023-01-21 09:02:24 I Maple Print           "DELETE FROM features WHERE date='2023-01-21':successful"
2023-01-21 09:02:24 I Maple Print           "DELETE FROM allfeatures WHERE id=20851029:successful"
2023-01-21 09:02:24 I Maple Print           "DELETE FROM allfeatures WHERE id=18785666:successful"
2023-01-21 09:02:24 I Maple Print           "DELETE FROM allfeatures WHERE id=18714026:successful"
2023-01-21 09:02:24 I Maple Print           "DELETE FROM allfeatures WHERE id=18631037:successful"
2023-01-21 09:02:24 I Maple Print           "DELETE FROM allfeatures WHERE id=18620088:successful"
2023-01-21 09:02:24 I Maple Print           "DELETE FROM allfeatures WHERE id=18620076:successful"
2023-01-21 09:02:24 I Maple Print           "DELETE FROM allfeatures WHERE id=18620060:successful"
2023-01-21 09:02:24 I Maple Print           "DELETE FROM allfeatures WHERE id=18620025:successful"
2023-01-21 09:02:24 I Maple Print           "DELETE FROM allfeatures WHERE id=18618173:successful"
2023-01-21 09:02:24 I Maple Print           "DELETE FROM allfeatures WHERE id=18617760:successful"
2023-01-21 09:02:24 I Maple Print           "DELETE FROM allfeatures WHERE id=18591634:successful"
2023-01-21 09:02:24 I Maple Print           "INSERT INTO features (rel, status, count, date)                                 SELECT rel, status, count((@rn := @rn + 1)) as count, '2023-01-21' as date FROM allfeatures cross join (select @rn := 0) const GROUP BY rel, status:successful"
2023-01-21 09:02:26 I Maple Get_allchangere "[]"
2023-01-21 09:02:26 I Maple Print           "CREATE TABLE IF NOT EXISTS changes (                                 rel TEXT, status TEXT, priority TEXT,                                 requester TEXT, date TEXT, count INT) ENGINE=InnoDB DEFAULT CHARSET=utf8:successful"
2023-01-21 09:02:26 I Maple Print           "CREATE TABLE IF NOT EXISTS allchanges (                                 id INT, uniqueid TEXT, name TEXT,                                 status TEXT, rel TEXT, priority TEXT,                                 requester TEXT) ENGINE=InnoDB DEFAULT CHARSET=utf8:successful"
2023-01-21 09:02:26 I Maple Print           "DELETE FROM changes WHERE date='2023-01-21':successful"
2023-01-21 09:02:26 I Maple Print           "INSERT INTO changes (                                 rel, status, priority, requester, date, count)                                 SELECT rel, status, priority, requester, '2023-01-21' as date, count((@rn := @rn + 1)) as count FROM allchanges                                 cross join (select @rn := 0) const GROUP BY rel, status, priority, requester:successful"
2023-01-21 09:02:28 I Maple Print           "CREATE TABLE IF NOT EXISTS designspec (                            rel TEXT, team TEXT, status TEXT, count INT, date text) ENGINE=InnoDB DEFAULT CHARSET=utf8:successful"
2023-01-21 09:02:28 I Maple Print           "CREATE TABLE IF NOT EXISTS alldesignspec (                             id INT, uniqueid TEXT, name TEXT, status TEXT, rel TEXT, team TEXT) ENGINE=InnoDB DEFAULT CHARSET=utf8:successful"
2023-01-21 09:02:28 I Maple Print           "DELETE FROM designspec WHERE date='2023-01-21':successful"
2023-01-21 09:02:28 I Maple Print           "INSERT INTO designspec (rel, team, status, count, date) SELECT rel, team, status, count((@rn := @rn + 1)) as count, '2023-01-21' as date FROM alldesignspec cross join (select @rn := 0) const GROUP BY rel, team, status:successful"
2023-01-21 09:02:32 I Maple Get_alluserstor "[]"
2023-01-21 09:02:32 I Maple Print           "CREATE TABLE IF NOT EXISTS userstories (                 rel TEXT, status TEXT, count INT, date TEXT) ENGINE=InnoDB DEFAULT CHARSET=utf8:successful"
2023-01-21 09:02:32 I Maple Print           "CREATE TABLE IF NOT EXISTS alluserstories (                 id INT, uniqueid TEXT, name TEXT, status TEXT, rel TEXT) ENGINE=InnoDB DEFAULT CHARSET=utf8:successful"
2023-01-21 09:02:32 I Maple Print           "DELETE FROM userstories WHERE date='2023-01-21':successful"
2023-01-21 09:02:33 I Maple Print           "INSERT INTO userstories (rel, status, count, date) SELECT rel, status, count((@rn := @rn + 1)) as count, '2023-01-21' as date FROM alluserstories cross join (select @rn := 0) const GROUP BY rel, status:successful"
2023-01-21 09:03:12 I Maple Get_alldefects  "[{'id': 9400795, 'name': '[Teams]the latest Teams release(ring4.0 v1.5.00.8070) fail to answer the second incoming call from HS', 'documentKey': 'Map-BUG-331', 'statusId': 156536, 'status': 'Open', 'teamId': 156670, 'team': 'Strategic Alliances', 'priorityId': 156533, 'priority': 'Major', 'upstream': '8492370, 7626654, 9745084, 10111215, 10200275, 10201056, 9855509, 9438597, 9438933, 9685349, 9685774, 9759274, 10146768, 10146777, 10201374, 9855871, 9855872, 9855874, 9486816, 9518542', 'jira': 'https://jabra1.atlassian.net/browse/MAP-1453'}, {'id': 9841236, 'name': '[Volume store on Mac and Ubuntu]the true volume level in HS will up 1-2 steps after disconnect and reconnect', 'documentKey': 'Map-BUG-427', 'statusId': 156536, 'status': 'Open', 'teamId': 156569, 'team': 'ESW DECT', 'priorityId': 156534, 'priority': 'Minor', 'upstream': '10371137', 'jira': 'https://jabra1.atlassian.net/browse/MAP-1914'}, {'id': 10032460, 'name': 'CLONE - [FT][Volume store] volume store on Mac failed if do the disconnect and reconnect after changed volume', 'documentKey': 'Map-BUG-431', 'statusId': 156536, 'status': 'Open', 'teamId': 156569, 'team': 'ESW DECT', 'priorityId': 156533, 'priority': 'Major', 'upstream': '10198376, 10307865, 10370935', 'jira': 'https://jabra1.atlassian.net/browse/MAP-1955'}, {'id': 10064921, 'name': 'Maple HS update failed in Linux OS (eLux & Ubuntu)', 'documentKey': 'Map-BUG-433', 'statusId': 156538, 'status': 'Closed', 'teamId': 156569, 'team': 'ESW DECT', 'priorityId': 156531, 'priority': 'Blocker', 'upstream': '', 'jira': 'https://jabra1.atlassian.net/browse/MAP-1970'}, {'id': 10278170, 'name': '[Event]Unexpected agentSpeaking=true event while muting device for Link 400 and Engage 75', 'documentKey': 'Map-BUG-449', 'statusId': 156536, 'status': 'Open', 'teamId': 157345, 'team': 'DE SDK', 'priorityId': 156533, 'priority': 'Major', 'upstream': '', 'jira': 'https://jabra1.atlassian.net/browse/MAP-2089'}, {'id': 10328119, 'name': '[FT]No connect state sound played when tap volume button from HS if set to "Tone"', 'documentKey': 'Map-BUG-455', 'statusId': 156536, 'status': 'Open', 'teamId': 156569, 'team': 'ESW DECT', 'priorityId': 156533, 'priority': 'Major', 'upstream': '10307497', 'jira': 'https://jabra1.atlassian.net/browse/MAP-2122'}, {'id': 10335213, 'name': "[JDO recover]JDO's recover button not work for Maple dongle", 'documentKey': 'Map-BUG-457', 'statusId': 156536, 'status': 'Open', 'teamId': 156569, 'team': 'ESW DECT', 'priorityId': 156533, 'priority': 'Major', 'upstream': '10307733', 'jira': 'https://jabra1.atlassian.net/browse/MAP-2124'}, {'id': 10399791, 'name': '[JDO]When Maple dongle paired with LW HS, JDO in red environment will wrong notice 1.9.0 is the required FW to updated?', 'documentKey': 'Map-BUG-462', 'statusId': 156536, 'status': 'Open', 'teamId': 156569, 'team': 'ESW DECT', 'priorityId': 156534, 'priority': 'Minor', 'upstream': '', 'jira': 'https://jabra1.atlassian.net/browse/MAP-2135'}, {'id': 10438819, 'name': 'v1.13.0 leads Maple Link400 PCBA FW DL failed, but CTO FW upgrade has no issue', 'documentKey': 'Map-BUG-463', 'statusId': 156538, 'status': 'Closed', 'teamId': 156569, 'team': 'ESW DECT', 'priorityId': 156531, 'priority': 'Blocker', 'upstream': '', 'jira': 'https://jabra1.atlassian.net/browse/MAP-2136'}]"
2023-01-21 09:03:12 I Maple Print           "CREATE TABLE IF NOT EXISTS defects (                     rel TEXT, team TEXT, status TEXT, priority TEXT, count INT, date TEXT) ENGINE=InnoDB DEFAULT CHARSET=utf8:successful"
2023-01-21 09:03:12 I Maple Print           "CREATE TABLE IF NOT EXISTS alldefects (                     id INT, uniqueid TEXT, name TEXT, status TEXT, rel TEXT, team TEXT, priority TEXT, jira TEXT, upstream TEXT) ENGINE=InnoDB DEFAULT CHARSET=utf8:successful"
2023-01-21 09:03:12 I Maple Print           "DELETE FROM defects WHERE date='2023-01-21':successful"
2023-01-21 09:03:12 I Maple Print           "DELETE FROM alldefects WHERE id = 9400795:successful"
2023-01-21 09:03:12 I Maple Print           "DELETE FROM alldefects WHERE id = 9841236:successful"
2023-01-21 09:03:12 I Maple Print           "DELETE FROM alldefects WHERE id = 10032460:successful"
2023-01-21 09:03:12 I Maple Print           "DELETE FROM alldefects WHERE id = 10064921:successful"
2023-01-21 09:03:12 I Maple Print           "DELETE FROM alldefects WHERE id = 10278170:successful"
2023-01-21 09:03:12 I Maple Print           "DELETE FROM alldefects WHERE id = 10328119:successful"
2023-01-21 09:03:12 I Maple Print           "DELETE FROM alldefects WHERE id = 10335213:successful"
2023-01-21 09:03:12 I Maple Print           "DELETE FROM alldefects WHERE id = 10399791:successful"
2023-01-21 09:03:12 I Maple Print           "DELETE FROM alldefects WHERE id = 10438819:successful"
2023-01-21 09:03:12 I Maple Print           "Not enough parameters for the SQL statement"
2023-01-21 09:03:12 I Maple Print           "INSERT INTO defects (rel, team, status, count, date, priority) SELECT rel, team, status, count((@rn := @rn + 1)) as count, '2023-01-21' as date, priority FROM alldefects cross join (select @rn := 0) const GROUP BY rel, team, status, priority:successful"
2023-01-21 09:03:42 I Maple get_multipickli "Unassigned don't find the mainteam name from G_parameter"
2023-01-21 09:03:49 I Maple get_multipickli "Unassigned don't find the mainteam name from G_parameter"
2023-01-21 09:03:58 I Maple get_multipickli "Unassigned don't find the mainteam name from G_parameter"
2023-01-21 09:04:20 I Maple get_multipickli "Unassigned don't find the mainteam name from G_parameter"
2023-01-21 09:04:48 I Maple get_multipickli "Unassigned don't find the mainteam name from G_parameter"
2023-01-21 09:05:19 I Maple get_multipickli "Unassigned don't find the mainteam name from G_parameter"
2023-01-21 09:05:28 I Maple get_multipickli "Unassigned don't find the mainteam name from G_parameter"
2023-01-21 09:05:32 I Maple get_multipickli "Unassigned don't find the mainteam name from G_parameter"
2023-01-21 09:05:37 I Maple get_multipickli "Unassigned don't find the mainteam name from G_parameter"
2023-01-21 09:05:43 I Maple get_multipickli "Unassigned don't find the mainteam name from G_parameter"
2023-01-21 09:05:48 I Maple get_multipickli "Unassigned don't find the mainteam name from G_parameter"
2023-01-21 09:05:53 I Maple get_multipickli "Unassigned don't find the mainteam name from G_parameter"
2023-01-21 09:06:24 I Maple get_multipickli "Unassigned don't find the mainteam name from G_parameter"
2023-01-21 09:06:29 I Maple get_multipickli "Unassigned don't find the mainteam name from G_parameter"
2023-01-21 09:15:20 I Maple get_multipickli "ESW Platform Test don't find the mainteam name from G_parameter"
2023-01-21 09:15:26 I Maple get_multipickli "ESW Platform Test don't find the mainteam name from G_parameter"
2023-01-21 09:15:31 I Maple get_multipickli "ESW Platform Test don't find the mainteam name from G_parameter"
2023-01-21 09:15:37 I Maple get_multipickli "ESW Platform Test don't find the mainteam name from G_parameter"
2023-01-21 09:18:28 I Maple get_multipickli "ESW Platform Test don't find the mainteam name from G_parameter"
2023-01-21 09:22:27 I Maple get_multipickli "Unassigned don't find the mainteam name from G_parameter"
2023-01-21 09:23:46 I Maple get_multipickli "Unassigned don't find the mainteam name from G_parameter"
2023-01-21 09:24:05 I Maple get_multipickli "Unassigned don't find the mainteam name from G_parameter"
2023-01-21 09:24:14 I Maple get_multipickli "Unassigned don't find the mainteam name from G_parameter"
2023-01-21 09:24:18 I Maple get_multipickli "Unassigned don't find the mainteam name from G_parameter"
2023-01-21 09:24:24 I Maple get_multipickli "Unassigned don't find the mainteam name from G_parameter"
2023-01-21 09:24:29 I Maple get_multipickli "Unassigned don't find the mainteam name from G_parameter"
2023-01-21 09:24:39 I Maple get_multipickli "Unassigned don't find the mainteam name from G_parameter"
2023-01-21 09:24:49 I Maple get_multipickli "Unassigned don't find the mainteam name from G_parameter"
2023-01-21 09:25:16 I Maple get_multipickli "Unassigned don't find the mainteam name from G_parameter"
2023-01-21 09:26:27 I Maple get_multipickli "Unassigned don't find the mainteam name from G_parameter"
2023-01-21 09:26:37 I Maple get_multipickli "Unassigned don't find the mainteam name from G_parameter"
2023-01-21 09:26:58 I Maple get_multipickli "ESW Platform Test don't find the mainteam name from G_parameter"
2023-01-21 09:27:23 I Maple get_multipickli "Unassigned don't find the mainteam name from G_parameter"
2023-01-21 09:27:30 I Maple get_multipickli "Digital Experience – Android don't find the mainteam name from G_parameter"
2023-01-21 09:27:33 I Maple get_multipickli "Digital Experience – IOS don't find the mainteam name from G_parameter"
2023-01-21 09:27:57 I Maple get_multipickli "ESW Platform Test don't find the mainteam name from G_parameter"
2023-01-21 09:28:23 I Maple Print           "DROP TABLE IF EXISTS allrequirements:successful"
2023-01-21 09:28:23 I Maple Print           "DROP TABLE IF EXISTS allcoverage:successful"
2023-01-21 09:28:23 I Maple Print           "CREATE TABLE IF NOT EXISTS requirements (                        rel TEXT, status TEXT, count INT, date TEXT) ENGINE=InnoDB DEFAULT CHARSET=utf8:successful"
2023-01-21 09:28:23 I Maple Print           "CREATE TABLE IF NOT EXISTS allrequirements (                        id INT, uniqueid TEXT, name TEXT, status TEXT, rel TEXT, upstream TEXT, downstream TEXT, team TEXT, test_status TEXT) ENGINE=InnoDB DEFAULT CHARSET=utf8:successful"
2023-01-21 09:28:23 I Maple Print           "CREATE TABLE IF NOT EXISTS coverage (                        team text, covered int, expected int, date text) ENGINE=InnoDB DEFAULT CHARSET=utf8:successful"
2023-01-21 09:28:23 I Maple Print           "CREATE TABLE IF NOT EXISTS allcoverage (                        id INT, uniqueid TEXT, name TEXT, status TEXT, rel TEXT, verify TEXT, missing TEXT) ENGINE=InnoDB DEFAULT CHARSET=utf8:successful"
2023-01-21 09:28:23 I Maple Print           "DELETE FROM requirements WHERE date='2023-01-21':successful"
2023-01-21 09:28:23 I Maple Print           "DELETE FROM coverage WHERE date='2023-01-21':successful"
2023-01-21 09:28:23 I Maple Print           "INSERT INTO requirements (rel, status, count, date) SELECT rel, status, count((@rn := @rn + 1)) as count, '2023-01-21' as date FROM allrequirements cross join (select @rn := 0) const GROUP BY rel, status:successful"
2023-01-21 09:28:23 I Maple Print           "CREATE TABLE IF NOT EXISTS feattest (rel TEXT, status TEXT, count TEXT, date TEXT) ENGINE=InnoDB DEFAULT CHARSET=utf8:successful"
2023-01-21 09:28:23 I Maple Print           "CREATE TABLE IF NOT EXISTS reqtest (rel TEXT, status TEXT, count TEXT, date TEXT) ENGINE=InnoDB DEFAULT CHARSET=utf8:successful"
2023-01-21 09:28:23 I Maple Print           "SELECT id FROM allfeatures:successful"
2023-01-21 09:28:23 I Maple Print           "SELECT id,upstream,downstream,team FROM allrequirements:successful"
2023-01-21 09:28:23 I Maple Print           "SELECT id FROM allcoverage:successful"
2023-01-21 09:28:23 I Maple Print           "SELECT * FROM testcases:successful"
