2023-01-21 06:33:51 I Titan Print           "Connet 20423 successfully!!!"
2023-01-21 06:33:51 I Titan Get_alltests    "Get project name:Titan id:20423 all testplans"
2023-01-21 06:33:55 I Titan Get_alltests    "{3538869: {'id': 3538869, 'name': 'Audio test plan', 'archived': False, 'index': '3538869:Audio test plan'}, 3681211: {'id': 3681211, 'name': 'ESW Test Plan for Titan', 'archived': False, 'index': '3681211:ESW Test Plan for Titan'}, 5901936: {'id': 5901936, 'name': 'ESW Test Plan for Titan VP1SR5', 'archived': False, 'index': '5901936:ESW Test Plan for Titan VP1SR5'}, 6416642: {'id': 6416642, 'name': 'ESW Test Plan for Titan VP1SR6', 'archived': False, 'index': '6416642:ESW Test Plan for Titan VP1SR6'}, 7481679: {'id': 7481679, 'name': 'ESW Test Plan for Titan VP2SR7', 'archived': False, 'index': '7481679:ESW Test Plan for Titan VP2SR7'}, 3608639: {'id': 3608639, 'name': 'HW Test plan', 'archived': False, 'index': '3608639:HW Test plan'}, 3996298: {'id': 3996298, 'name': 'Product Maintenance test plan', 'archived': False, 'index': '3996298:Product Maintenance test plan'}, 4787992: {'id': 4787992, 'name': 'Product Verification Drop Test plan', 'archived': False, 'index': '4787992:Product Verification Drop Test plan'}, 3556318: {'id': 3556318, 'name': 'Product Verification Test Plan', 'archived': False, 'index': '3556318:Product Verification Test Plan'}, 3830503: {'id': 3830503, 'name': 'Regulatory Compliance Test Plan', 'archived': False, 'index': '3830503:Regulatory Compliance Test Plan'}, 8037716: {'id': 8037716, 'name': 'SE Product Verification Test Plan', 'archived': False, 'index': '8037716:SE Product Verification Test Plan'}, 4313192: {'id': 4313192, 'name': 'Titan packaging transportation test ', 'archived': False, 'index': '4313192:Titan packaging transportation test '}, 5682183: {'id': 5682183, 'name': 'Titan WLC packaging transportation test', 'archived': False, 'index': '5682183:Titan WLC packaging transportation test'}, 5642757: {'id': 5642757, 'name': 'UX Execution Test Plan', 'archived': False, 'index': '5642757:UX Execution Test Plan'}}"
2023-01-21 06:33:55 I Titan Get_alltests    "Get project name:Titan id:20423 all testplans successful!!!"
2023-01-21 06:45:02 I Titan tidy_alltestcas "2279"
2023-01-21 06:51:47 I Titan Print           "DROP TABLE IF EXISTS testcases:successful"
2023-01-21 06:51:47 I Titan Print           "CREATE TABLE IF NOT EXISTS testcases (                             testplan_id INT,                             testplan_name TEXT,                             testgroup_id INT,                             testgroup_name TEXT,                             testcycle_id INT,                             testcycle_name TEXT,                             rel TEXT,                             id INT,                             uniqueid TEXT,                             name TEXT,                             status TEXT,                             upstream TEXT,                             downstream TEXT,                             executionDate TEXT) ENGINE=InnoDB DEFAULT CHARSET=utf8:successful"
2023-01-21 06:51:47 I Titan update_database "Insert testcases table successful"
2023-01-21 06:51:47 I Titan Print           "CREATE TABLE IF NOT EXISTS tests (                             testplan_id INT,                             testplan_name TEXT,                             testplan_status TEXT,                             rel TEXT, status TEXT,                             count INT, date TEXT) ENGINE=InnoDB DEFAULT CHARSET=utf8:successful"
2023-01-21 06:51:48 I Titan Print           "DELETE FROM tests WHERE date='2023-01-21':successful"
2023-01-21 06:51:48 I Titan Print           "SELECT testplan_id FROM tests GROUP BY testplan_id:successful"
2023-01-21 06:51:48 I Titan Print           "SELECT testplan_name FROM tests WHERE testplan_id=3538869 LIMIT 1:successful"
2023-01-21 06:51:48 I Titan Print           "UPDATE tests SET testplan_status='Active' WHERE testplan_id=3538869:successful"
2023-01-21 06:51:48 I Titan Print           "SELECT testplan_name FROM tests WHERE testplan_id=3681211 LIMIT 1:successful"
2023-01-21 06:51:48 I Titan Print           "UPDATE tests SET testplan_status='Active' WHERE testplan_id=3681211:successful"
2023-01-21 06:51:48 I Titan Print           "SELECT testplan_name FROM tests WHERE testplan_id=5901936 LIMIT 1:successful"
2023-01-21 06:51:48 I Titan Print           "UPDATE tests SET testplan_status='Active' WHERE testplan_id=5901936:successful"
2023-01-21 06:51:48 I Titan Print           "SELECT testplan_name FROM tests WHERE testplan_id=6416642 LIMIT 1:successful"
2023-01-21 06:51:48 I Titan Print           "UPDATE tests SET testplan_status='Active' WHERE testplan_id=6416642:successful"
2023-01-21 06:51:48 I Titan Print           "SELECT testplan_name FROM tests WHERE testplan_id=7481679 LIMIT 1:successful"
2023-01-21 06:51:48 I Titan Print           "UPDATE tests SET testplan_status='Active' WHERE testplan_id=7481679:successful"
2023-01-21 06:51:48 I Titan Print           "SELECT testplan_name FROM tests WHERE testplan_id=3996298 LIMIT 1:successful"
2023-01-21 06:51:48 I Titan Print           "UPDATE tests SET testplan_status='Active' WHERE testplan_id=3996298:successful"
2023-01-21 06:51:48 I Titan Print           "SELECT testplan_name FROM tests WHERE testplan_id=4787992 LIMIT 1:successful"
2023-01-21 06:51:48 I Titan Print           "UPDATE tests SET testplan_status='Active' WHERE testplan_id=4787992:successful"
2023-01-21 06:51:48 I Titan Print           "SELECT testplan_name FROM tests WHERE testplan_id=3556318 LIMIT 1:successful"
2023-01-21 06:51:48 I Titan Print           "UPDATE tests SET testplan_status='Active' WHERE testplan_id=3556318:successful"
2023-01-21 06:51:48 I Titan Print           "SELECT testplan_name FROM tests WHERE testplan_id=3830503 LIMIT 1:successful"
2023-01-21 06:51:48 I Titan Print           "UPDATE tests SET testplan_status='Active' WHERE testplan_id=3830503:successful"
2023-01-21 06:51:48 I Titan Print           "SELECT testplan_name FROM tests WHERE testplan_id=8037716 LIMIT 1:successful"
2023-01-21 06:51:48 I Titan Print           "UPDATE tests SET testplan_status='Active' WHERE testplan_id=8037716:successful"
2023-01-21 06:51:48 I Titan Print           "SELECT testplan_name FROM tests WHERE testplan_id=4313192 LIMIT 1:successful"
2023-01-21 06:51:48 I Titan Print           "UPDATE tests SET testplan_status='Active' WHERE testplan_id=4313192:successful"
2023-01-21 06:51:48 I Titan Print           "SELECT testplan_name FROM tests WHERE testplan_id=5682183 LIMIT 1:successful"
2023-01-21 06:51:48 I Titan Print           "UPDATE tests SET testplan_status='Active' WHERE testplan_id=5682183:successful"
2023-01-21 06:51:48 I Titan Print           "SELECT testplan_name FROM tests WHERE testplan_id=5642757 LIMIT 1:successful"
2023-01-21 06:51:48 I Titan Print           "UPDATE tests SET testplan_status='Active' WHERE testplan_id=5642757:successful"
2023-01-21 06:51:48 I Titan Print           "INSERT INTO tests (testplan_id, testplan_name, testplan_status, rel, status, count, date) SELECT testplan_id, testplan_name, 'Active' as testplan_status, rel, status, count((@rn := @rn + 1)) as count, '2023-01-21' as date FROM testcases cross join (select @rn := 0) const GROUP BY testplan_id, rel, status:successful"
2023-01-21 06:51:48 I Titan update_database "Insert tests table successful"
2023-01-21 06:51:48 I Titan Print           "CREATE TABLE IF NOT EXISTS testapproval (                                 rel TEXT, team TEXT, status TEXT, upstream TEXT, count INT, date TEXT                                 ) ENGINE=InnoDB DEFAULT CHARSET=utf8:successful"
2023-01-21 06:51:48 I Titan Print           "DROP TABLE IF EXISTS alltestapproval:successful"
2023-01-21 06:51:48 I Titan Print           "CREATE TABLE IF NOT EXISTS alltestapproval (                                 id INT, uniqueid TEXT, name TEXT, status TEXT, rel TEXT, team TEXT, upstream TEXT                                 ) ENGINE=InnoDB DEFAULT CHARSET=utf8:successful"
2023-01-21 06:51:48 I Titan Print           "DELETE FROM testapproval WHERE date='2023-01-21':successful"
2023-01-21 06:51:48 I Titan Print           "INSERT INTO testapproval (rel, team, status, count, date, upstream) SELECT rel, team, status, count((@rn := @rn + 1)) as count, '2023-01-21' as date, upstream FROM alltestapproval cross join (select @rn := 0) const GROUP BY rel, team, status, upstream:successful"
2023-01-21 06:51:54 I Titan Get_allfeatuers "[]"
2023-01-21 06:51:54 I Titan Print           "CREATE TABLE IF NOT EXISTS features (                                rel TEXT, status TEXT, count INT, date TEXT) ENGINE=InnoDB DEFAULT CHARSET=utf8:successful"
2023-01-21 06:51:54 I Titan Print           "CREATE TABLE IF NOT EXISTS allfeatures (                                id INT, uniqueid TEXT, name TEXT, status TEXT, rel TEXT,test_status TEXT) ENGINE=InnoDB DEFAULT CHARSET=utf8:successful"
2023-01-21 06:51:54 I Titan Print           "DELETE FROM features WHERE date='2023-01-21':successful"
2023-01-21 06:51:54 I Titan Print           "DELETE FROM allfeatures WHERE id=13016278:successful"
2023-01-21 06:51:54 I Titan Print           "DELETE FROM allfeatures WHERE id=9065792:successful"
2023-01-21 06:51:54 I Titan Print           "DELETE FROM allfeatures WHERE id=8125170:successful"
2023-01-21 06:51:54 I Titan Print           "DELETE FROM allfeatures WHERE id=7498060:successful"
2023-01-21 06:51:54 I Titan Print           "INSERT INTO features (rel, status, count, date)                                 SELECT rel, status, count((@rn := @rn + 1)) as count, '2023-01-21' as date FROM allfeatures cross join (select @rn := 0) const GROUP BY rel, status:successful"
2023-01-21 06:51:57 I Titan Get_allchangere "[]"
2023-01-21 06:51:57 I Titan Print           "CREATE TABLE IF NOT EXISTS changes (                                 rel TEXT, status TEXT, priority TEXT,                                 requester TEXT, date TEXT, count INT) ENGINE=InnoDB DEFAULT CHARSET=utf8:successful"
2023-01-21 06:51:57 I Titan Print           "CREATE TABLE IF NOT EXISTS allchanges (                                 id INT, uniqueid TEXT, name TEXT,                                 status TEXT, rel TEXT, priority TEXT,                                 requester TEXT) ENGINE=InnoDB DEFAULT CHARSET=utf8:successful"
2023-01-21 06:51:57 I Titan Print           "DELETE FROM changes WHERE date='2023-01-21':successful"
2023-01-21 06:51:57 I Titan Print           "INSERT INTO changes (                                 rel, status, priority, requester, date, count)                                 SELECT rel, status, priority, requester, '2023-01-21' as date, count((@rn := @rn + 1)) as count FROM allchanges                                 cross join (select @rn := 0) const GROUP BY rel, status, priority, requester:successful"
2023-01-21 06:51:59 I Titan Print           "CREATE TABLE IF NOT EXISTS designspec (                            rel TEXT, team TEXT, status TEXT, count INT, date text) ENGINE=InnoDB DEFAULT CHARSET=utf8:successful"
2023-01-21 06:51:59 I Titan Print           "CREATE TABLE IF NOT EXISTS alldesignspec (                             id INT, uniqueid TEXT, name TEXT, status TEXT, rel TEXT, team TEXT) ENGINE=InnoDB DEFAULT CHARSET=utf8:successful"
2023-01-21 06:51:59 I Titan Print           "DELETE FROM designspec WHERE date='2023-01-21':successful"
2023-01-21 06:51:59 I Titan Print           "INSERT INTO designspec (rel, team, status, count, date) SELECT rel, team, status, count((@rn := @rn + 1)) as count, '2023-01-21' as date FROM alldesignspec cross join (select @rn := 0) const GROUP BY rel, team, status:successful"
2023-01-21 06:52:03 I Titan Get_alluserstor "[]"
2023-01-21 06:52:03 I Titan Print           "CREATE TABLE IF NOT EXISTS userstories (                 rel TEXT, status TEXT, count INT, date TEXT) ENGINE=InnoDB DEFAULT CHARSET=utf8:successful"
2023-01-21 06:52:03 I Titan Print           "CREATE TABLE IF NOT EXISTS alluserstories (                 id INT, uniqueid TEXT, name TEXT, status TEXT, rel TEXT) ENGINE=InnoDB DEFAULT CHARSET=utf8:successful"
2023-01-21 06:52:03 I Titan Print           "DELETE FROM userstories WHERE date='2023-01-21':successful"
2023-01-21 06:52:03 I Titan Print           "INSERT INTO userstories (rel, status, count, date) SELECT rel, status, count((@rn := @rn + 1)) as count, '2023-01-21' as date FROM alluserstories cross join (select @rn := 0) const GROUP BY rel, status:successful"
2023-01-21 06:52:07 I Titan Get_alldefects  "[]"
2023-01-21 06:52:07 I Titan Print           "CREATE TABLE IF NOT EXISTS defects (                     rel TEXT, team TEXT, status TEXT, priority TEXT, count INT, date TEXT) ENGINE=InnoDB DEFAULT CHARSET=utf8:successful"
2023-01-21 06:52:07 I Titan Print           "CREATE TABLE IF NOT EXISTS alldefects (                     id INT, uniqueid TEXT, name TEXT, status TEXT, rel TEXT, team TEXT, priority TEXT, jira TEXT, upstream TEXT) ENGINE=InnoDB DEFAULT CHARSET=utf8:successful"
2023-01-21 06:52:07 I Titan Print           "DELETE FROM defects WHERE date='2023-01-21':successful"
2023-01-21 06:52:07 I Titan Print           "DELETE FROM alldefects WHERE id = 9197232:successful"
2023-01-21 06:52:07 I Titan Print           "INSERT INTO defects (rel, team, status, count, date, priority) SELECT rel, team, status, count((@rn := @rn + 1)) as count, '2023-01-21' as date, priority FROM alldefects cross join (select @rn := 0) const GROUP BY rel, team, status, priority:successful"
2023-01-21 07:04:26 I Titan get_multipickli "Unassigned don't find the mainteam name from G_parameter"
2023-01-21 07:14:48 I Titan get_multipickli "Unassigned don't find the mainteam name from G_parameter"
2023-01-21 07:15:17 I Titan get_multipickli "Unassigned don't find the mainteam name from G_parameter"
2023-01-21 07:16:53 I Titan get_multipickli "Unassigned don't find the mainteam name from G_parameter"
2023-01-21 07:18:50 I Titan get_multipickli "Unassigned don't find the mainteam name from G_parameter"
2023-01-21 07:19:09 I Titan get_multipickli "Unassigned don't find the mainteam name from G_parameter"
2023-01-21 07:20:05 I Titan get_multipickli "Unassigned don't find the mainteam name from G_parameter"
2023-01-21 07:21:01 I Titan get_multipickli "Unassigned don't find the mainteam name from G_parameter"
2023-01-21 07:22:18 I Titan get_multipickli "Unassigned don't find the mainteam name from G_parameter"
2023-01-21 07:22:56 I Titan get_multipickli "Unassigned don't find the mainteam name from G_parameter"
2023-01-21 07:23:15 I Titan get_multipickli "Unassigned don't find the mainteam name from G_parameter"
2023-01-21 07:23:52 I Titan get_multipickli "Unassigned don't find the mainteam name from G_parameter"
2023-01-21 07:24:11 I Titan get_multipickli "Unassigned don't find the mainteam name from G_parameter"
2023-01-21 07:24:30 I Titan get_multipickli "Unassigned don't find the mainteam name from G_parameter"
2023-01-21 07:29:55 I Titan get_multipickli "Digital Experience – Android don't find the mainteam name from G_parameter"
2023-01-21 07:29:57 I Titan get_multipickli "Digital Experience – IOS don't find the mainteam name from G_parameter"
2023-01-21 07:30:04 I Titan get_multipickli "Digital Experience – Android don't find the mainteam name from G_parameter"
2023-01-21 07:30:04 I Titan get_multipickli "Digital Experience – IOS don't find the mainteam name from G_parameter"
2023-01-21 07:30:11 I Titan get_multipickli "Digital Experience – Android don't find the mainteam name from G_parameter"
2023-01-21 07:30:11 I Titan get_multipickli "Digital Experience – IOS don't find the mainteam name from G_parameter"
2023-01-21 07:30:18 I Titan get_multipickli "Digital Experience – Android don't find the mainteam name from G_parameter"
2023-01-21 07:30:18 I Titan get_multipickli "Digital Experience – IOS don't find the mainteam name from G_parameter"
2023-01-21 07:30:28 I Titan get_multipickli "Digital Experience – Android don't find the mainteam name from G_parameter"
2023-01-21 07:30:28 I Titan get_multipickli "Digital Experience – IOS don't find the mainteam name from G_parameter"
2023-01-21 07:30:33 I Titan get_multipickli "Digital Experience – Android don't find the mainteam name from G_parameter"
2023-01-21 07:30:33 I Titan get_multipickli "Digital Experience – IOS don't find the mainteam name from G_parameter"
2023-01-21 07:32:29 I Titan get_multipickli "Digital Experience – Android don't find the mainteam name from G_parameter"
2023-01-21 07:32:29 I Titan get_multipickli "Digital Experience – IOS don't find the mainteam name from G_parameter"
2023-01-21 07:32:45 I Titan get_multipickli "Digital Experience – Android don't find the mainteam name from G_parameter"
2023-01-21 07:32:45 I Titan get_multipickli "Digital Experience – IOS don't find the mainteam name from G_parameter"
2023-01-21 07:32:50 I Titan get_multipickli "Digital Experience – Android don't find the mainteam name from G_parameter"
2023-01-21 07:32:50 I Titan get_multipickli "Digital Experience – IOS don't find the mainteam name from G_parameter"
2023-01-21 07:42:30 I Titan get_multipickli "Unassigned don't find the mainteam name from G_parameter"
2023-01-21 07:45:42 I Titan get_multipickli "Unassigned don't find the mainteam name from G_parameter"
2023-01-21 07:45:58 I Titan get_multipickli "Unassigned don't find the mainteam name from G_parameter"
2023-01-21 07:46:23 I Titan get_multipickli "Unassigned don't find the mainteam name from G_parameter"
2023-01-21 07:47:13 I Titan get_multipickli "Unassigned don't find the mainteam name from G_parameter"
2023-01-21 07:47:19 I Titan get_multipickli "Unassigned don't find the mainteam name from G_parameter"
2023-01-21 07:47:35 I Titan get_multipickli "Unassigned don't find the mainteam name from G_parameter"
2023-01-21 07:47:57 I Titan get_multipickli "Unassigned don't find the mainteam name from G_parameter"
2023-01-21 07:48:22 I Titan get_multipickli "Unassigned don't find the mainteam name from G_parameter"
2023-01-21 07:48:33 I Titan get_multipickli "Unassigned don't find the mainteam name from G_parameter"
2023-01-21 07:48:38 I Titan get_multipickli "Unassigned don't find the mainteam name from G_parameter"
2023-01-21 07:48:53 I Titan get_multipickli "Unassigned don't find the mainteam name from G_parameter"
2023-01-21 07:49:01 I Titan get_multipickli "Unassigned don't find the mainteam name from G_parameter"
2023-01-21 07:49:09 I Titan get_multipickli "Unassigned don't find the mainteam name from G_parameter"
2023-01-21 07:53:03 I Titan get_multipickli "Digital Experience – Android don't find the mainteam name from G_parameter"
2023-01-21 07:53:03 I Titan get_multipickli "Digital Experience – IOS don't find the mainteam name from G_parameter"
2023-01-21 07:53:24 I Titan get_multipickli "Digital Experience – Android don't find the mainteam name from G_parameter"
2023-01-21 07:53:24 I Titan get_multipickli "Digital Experience – IOS don't find the mainteam name from G_parameter"
2023-01-21 07:53:45 I Titan get_multipickli "Digital Experience – Android don't find the mainteam name from G_parameter"
2023-01-21 07:53:45 I Titan get_multipickli "Digital Experience – IOS don't find the mainteam name from G_parameter"
2023-01-21 07:54:06 I Titan get_multipickli "Digital Experience – Android don't find the mainteam name from G_parameter"
2023-01-21 07:54:06 I Titan get_multipickli "Digital Experience – IOS don't find the mainteam name from G_parameter"
2023-01-21 07:54:46 I Titan get_multipickli "Digital Experience – Android don't find the mainteam name from G_parameter"
2023-01-21 07:54:46 I Titan get_multipickli "Digital Experience – IOS don't find the mainteam name from G_parameter"
2023-01-21 07:54:57 I Titan get_multipickli "Digital Experience – Android don't find the mainteam name from G_parameter"
2023-01-21 07:54:57 I Titan get_multipickli "Digital Experience – IOS don't find the mainteam name from G_parameter"
2023-01-21 07:56:42 I Titan get_multipickli "Digital Experience – Android don't find the mainteam name from G_parameter"
2023-01-21 07:56:42 I Titan get_multipickli "Digital Experience – IOS don't find the mainteam name from G_parameter"
2023-01-21 07:57:01 I Titan get_multipickli "Digital Experience – Android don't find the mainteam name from G_parameter"
2023-01-21 07:57:01 I Titan get_multipickli "Digital Experience – IOS don't find the mainteam name from G_parameter"
2023-01-21 07:57:08 I Titan get_multipickli "Digital Experience – Android don't find the mainteam name from G_parameter"
2023-01-21 07:57:08 I Titan get_multipickli "Digital Experience – IOS don't find the mainteam name from G_parameter"
2023-01-21 07:59:59 I Titan get_multipickli "Digital Experience – Android don't find the mainteam name from G_parameter"
2023-01-21 07:59:59 I Titan get_multipickli "Digital Experience – IOS don't find the mainteam name from G_parameter"
2023-01-21 08:02:12 I Titan get_multipickli "Digital Experience – Android don't find the mainteam name from G_parameter"
2023-01-21 08:02:12 I Titan get_multipickli "Digital Experience – IOS don't find the mainteam name from G_parameter"
2023-01-21 08:02:50 I Titan get_multipickli "Digital Experience – Android don't find the mainteam name from G_parameter"
2023-01-21 08:02:50 I Titan get_multipickli "Digital Experience – IOS don't find the mainteam name from G_parameter"
2023-01-21 08:07:10 I Titan get_multipickli "Digital Experience – Android don't find the mainteam name from G_parameter"
2023-01-21 08:07:10 I Titan get_multipickli "Digital Experience – IOS don't find the mainteam name from G_parameter"
2023-01-21 08:07:39 I Titan get_multipickli "Digital Experience – Android don't find the mainteam name from G_parameter"
2023-01-21 08:07:39 I Titan get_multipickli "Digital Experience – IOS don't find the mainteam name from G_parameter"
2023-01-21 08:08:08 I Titan get_multipickli "Digital Experience – Android don't find the mainteam name from G_parameter"
2023-01-21 08:08:08 I Titan get_multipickli "Digital Experience – IOS don't find the mainteam name from G_parameter"
2023-01-21 08:16:30 I Titan get_multipickli "Digital Experience – Android don't find the mainteam name from G_parameter"
2023-01-21 08:16:30 I Titan get_multipickli "Digital Experience – IOS don't find the mainteam name from G_parameter"
2023-01-21 08:16:36 I Titan get_multipickli "Digital Experience – Android don't find the mainteam name from G_parameter"
2023-01-21 08:16:36 I Titan get_multipickli "Digital Experience – IOS don't find the mainteam name from G_parameter"
2023-01-21 08:16:41 I Titan get_multipickli "Digital Experience – Android don't find the mainteam name from G_parameter"
2023-01-21 08:16:41 I Titan get_multipickli "Digital Experience – IOS don't find the mainteam name from G_parameter"
2023-01-21 08:16:46 I Titan get_multipickli "Digital Experience – Android don't find the mainteam name from G_parameter"
2023-01-21 08:16:46 I Titan get_multipickli "Digital Experience – IOS don't find the mainteam name from G_parameter"
2023-01-21 08:16:52 I Titan get_multipickli "Digital Experience – Android don't find the mainteam name from G_parameter"
2023-01-21 08:16:52 I Titan get_multipickli "Digital Experience – IOS don't find the mainteam name from G_parameter"
2023-01-21 08:16:57 I Titan get_multipickli "Digital Experience – Android don't find the mainteam name from G_parameter"
2023-01-21 08:16:57 I Titan get_multipickli "Digital Experience – IOS don't find the mainteam name from G_parameter"
2023-01-21 08:17:03 I Titan get_multipickli "Digital Experience – Android don't find the mainteam name from G_parameter"
2023-01-21 08:17:03 I Titan get_multipickli "Digital Experience – IOS don't find the mainteam name from G_parameter"
2023-01-21 08:17:14 I Titan get_multipickli "Digital Experience – Android don't find the mainteam name from G_parameter"
2023-01-21 08:17:14 I Titan get_multipickli "Digital Experience – IOS don't find the mainteam name from G_parameter"
2023-01-21 08:18:18 I Titan get_multipickli "Digital Experience – Android don't find the mainteam name from G_parameter"
2023-01-21 08:18:18 I Titan get_multipickli "Digital Experience – IOS don't find the mainteam name from G_parameter"
2023-01-21 08:18:53 I Titan get_multipickli "Digital Experience – Android don't find the mainteam name from G_parameter"
2023-01-21 08:18:53 I Titan get_multipickli "Digital Experience – IOS don't find the mainteam name from G_parameter"
2023-01-21 08:19:21 I Titan get_multipickli "Digital Experience – Android don't find the mainteam name from G_parameter"
2023-01-21 08:19:21 I Titan get_multipickli "Digital Experience – IOS don't find the mainteam name from G_parameter"
2023-01-21 08:20:28 I Titan get_multipickli "Digital Experience – Android don't find the mainteam name from G_parameter"
2023-01-21 08:20:28 I Titan get_multipickli "Digital Experience – IOS don't find the mainteam name from G_parameter"
2023-01-21 08:20:38 I Titan get_multipickli "Unassigned don't find the mainteam name from G_parameter"
2023-01-21 08:20:43 I Titan get_multipickli "Unassigned don't find the mainteam name from G_parameter"
2023-01-21 08:20:49 I Titan get_multipickli "Unassigned don't find the mainteam name from G_parameter"
2023-01-21 08:20:54 I Titan get_multipickli "Digital Experience – Android don't find the mainteam name from G_parameter"
2023-01-21 08:20:54 I Titan get_multipickli "Digital Experience – IOS don't find the mainteam name from G_parameter"
2023-01-21 08:21:10 I Titan get_multipickli "Digital Experience – Android don't find the mainteam name from G_parameter"
2023-01-21 08:21:10 I Titan get_multipickli "Digital Experience – IOS don't find the mainteam name from G_parameter"
2023-01-21 08:21:12 I Titan get_multipickli "Digital Experience – SDK don't find the mainteam name from G_parameter"
2023-01-21 08:21:17 I Titan get_multipickli "Digital Experience – Android don't find the mainteam name from G_parameter"
2023-01-21 08:21:17 I Titan get_multipickli "Digital Experience – IOS don't find the mainteam name from G_parameter"
2023-01-21 08:21:17 I Titan get_multipickli "Digital Experience – SDK don't find the mainteam name from G_parameter"
2023-01-21 08:21:28 I Titan get_multipickli "Digital Experience – Android don't find the mainteam name from G_parameter"
2023-01-21 08:21:28 I Titan get_multipickli "Digital Experience – IOS don't find the mainteam name from G_parameter"
2023-01-21 08:21:28 I Titan get_multipickli "Digital Experience – SDK don't find the mainteam name from G_parameter"
2023-01-21 08:22:50 I Titan get_multipickli "Digital Experience – Android don't find the mainteam name from G_parameter"
2023-01-21 08:22:50 I Titan get_multipickli "Digital Experience – IOS don't find the mainteam name from G_parameter"
2023-01-21 08:22:55 I Titan get_multipickli "Digital Experience – Android don't find the mainteam name from G_parameter"
2023-01-21 08:22:55 I Titan get_multipickli "Digital Experience – IOS don't find the mainteam name from G_parameter"
2023-01-21 08:23:01 I Titan get_multipickli "Digital Experience – Android don't find the mainteam name from G_parameter"
2023-01-21 08:23:01 I Titan get_multipickli "Digital Experience – IOS don't find the mainteam name from G_parameter"
2023-01-21 08:23:06 I Titan get_multipickli "Digital Experience – Android don't find the mainteam name from G_parameter"
2023-01-21 08:23:06 I Titan get_multipickli "Digital Experience – IOS don't find the mainteam name from G_parameter"
2023-01-21 08:23:11 I Titan get_multipickli "Digital Experience – Android don't find the mainteam name from G_parameter"
2023-01-21 08:23:11 I Titan get_multipickli "Digital Experience – IOS don't find the mainteam name from G_parameter"
2023-01-21 08:23:16 I Titan get_multipickli "Digital Experience – Android don't find the mainteam name from G_parameter"
2023-01-21 08:23:16 I Titan get_multipickli "Digital Experience – IOS don't find the mainteam name from G_parameter"
2023-01-21 08:23:21 I Titan get_multipickli "Digital Experience – Android don't find the mainteam name from G_parameter"
2023-01-21 08:23:21 I Titan get_multipickli "Digital Experience – IOS don't find the mainteam name from G_parameter"
2023-01-21 08:23:31 I Titan get_multipickli "Digital Experience – Android don't find the mainteam name from G_parameter"
2023-01-21 08:23:31 I Titan get_multipickli "Digital Experience – IOS don't find the mainteam name from G_parameter"
2023-01-21 08:23:55 I Titan get_multipickli "Digital Experience – Android don't find the mainteam name from G_parameter"
2023-01-21 08:23:55 I Titan get_multipickli "Digital Experience – IOS don't find the mainteam name from G_parameter"
2023-01-21 08:24:06 I Titan get_multipickli "Digital Experience – Android don't find the mainteam name from G_parameter"
2023-01-21 08:24:06 I Titan get_multipickli "Digital Experience – IOS don't find the mainteam name from G_parameter"
2023-01-21 08:25:05 I Titan get_multipickli "Digital Experience – Android don't find the mainteam name from G_parameter"
2023-01-21 08:25:05 I Titan get_multipickli "Digital Experience – IOS don't find the mainteam name from G_parameter"
2023-01-21 08:25:10 I Titan get_multipickli "Digital Experience – Android don't find the mainteam name from G_parameter"
2023-01-21 08:25:10 I Titan get_multipickli "Digital Experience – IOS don't find the mainteam name from G_parameter"
2023-01-21 08:25:16 I Titan get_multipickli "Digital Experience – Android don't find the mainteam name from G_parameter"
2023-01-21 08:25:16 I Titan get_multipickli "Digital Experience – IOS don't find the mainteam name from G_parameter"
2023-01-21 08:28:07 I Titan get_multipickli "Digital Experience – Android don't find the mainteam name from G_parameter"
2023-01-21 08:28:07 I Titan get_multipickli "Digital Experience – IOS don't find the mainteam name from G_parameter"
2023-01-21 08:28:12 I Titan get_multipickli "Digital Experience – Android don't find the mainteam name from G_parameter"
2023-01-21 08:28:12 I Titan get_multipickli "Digital Experience – IOS don't find the mainteam name from G_parameter"
2023-01-21 08:28:16 I Titan get_multipickli "Digital Experience – Android don't find the mainteam name from G_parameter"
2023-01-21 08:28:16 I Titan get_multipickli "Digital Experience – IOS don't find the mainteam name from G_parameter"
2023-01-21 08:28:21 I Titan get_multipickli "Digital Experience – Android don't find the mainteam name from G_parameter"
2023-01-21 08:28:21 I Titan get_multipickli "Digital Experience – IOS don't find the mainteam name from G_parameter"
2023-01-21 08:28:26 I Titan get_multipickli "Digital Experience – Android don't find the mainteam name from G_parameter"
2023-01-21 08:28:26 I Titan get_multipickli "Digital Experience – IOS don't find the mainteam name from G_parameter"
2023-01-21 08:28:31 I Titan get_multipickli "Digital Experience – Android don't find the mainteam name from G_parameter"
2023-01-21 08:28:31 I Titan get_multipickli "Digital Experience – IOS don't find the mainteam name from G_parameter"
2023-01-21 08:28:35 I Titan get_multipickli "Digital Experience – Android don't find the mainteam name from G_parameter"
2023-01-21 08:28:35 I Titan get_multipickli "Digital Experience – IOS don't find the mainteam name from G_parameter"
2023-01-21 08:28:45 I Titan get_multipickli "Digital Experience – Android don't find the mainteam name from G_parameter"
2023-01-21 08:28:45 I Titan get_multipickli "Digital Experience – IOS don't find the mainteam name from G_parameter"
2023-01-21 08:30:11 I Titan get_multipickli "Digital Experience – Android don't find the mainteam name from G_parameter"
2023-01-21 08:30:11 I Titan get_multipickli "Digital Experience – IOS don't find the mainteam name from G_parameter"
2023-01-21 08:30:52 I Titan get_multipickli "Digital Experience – Android don't find the mainteam name from G_parameter"
2023-01-21 08:30:52 I Titan get_multipickli "Digital Experience – IOS don't find the mainteam name from G_parameter"
2023-01-21 08:32:31 I Titan get_multipickli "Digital Experience – Android don't find the mainteam name from G_parameter"
2023-01-21 08:32:31 I Titan get_multipickli "Digital Experience – IOS don't find the mainteam name from G_parameter"
2023-01-21 08:32:37 I Titan Print           "DROP TABLE IF EXISTS allrequirements:successful"
2023-01-21 08:32:38 I Titan Print           "DROP TABLE IF EXISTS allcoverage:successful"
2023-01-21 08:32:38 I Titan Print           "CREATE TABLE IF NOT EXISTS requirements (                        rel TEXT, status TEXT, count INT, date TEXT) ENGINE=InnoDB DEFAULT CHARSET=utf8:successful"
2023-01-21 08:32:38 I Titan Print           "CREATE TABLE IF NOT EXISTS allrequirements (                        id INT, uniqueid TEXT, name TEXT, status TEXT, rel TEXT, upstream TEXT, downstream TEXT, team TEXT, test_status TEXT) ENGINE=InnoDB DEFAULT CHARSET=utf8:successful"
2023-01-21 08:32:38 I Titan Print           "CREATE TABLE IF NOT EXISTS coverage (                        team text, covered int, expected int, date text) ENGINE=InnoDB DEFAULT CHARSET=utf8:successful"
2023-01-21 08:32:38 I Titan Print           "CREATE TABLE IF NOT EXISTS allcoverage (                        id INT, uniqueid TEXT, name TEXT, status TEXT, rel TEXT, verify TEXT, missing TEXT) ENGINE=InnoDB DEFAULT CHARSET=utf8:successful"
2023-01-21 08:32:38 I Titan Print           "DELETE FROM requirements WHERE date='2023-01-21':successful"
2023-01-21 08:32:38 I Titan Print           "DELETE FROM coverage WHERE date='2023-01-21':successful"
2023-01-21 08:32:38 I Titan Print           "INSERT INTO requirements (rel, status, count, date) SELECT rel, status, count((@rn := @rn + 1)) as count, '2023-01-21' as date FROM allrequirements cross join (select @rn := 0) const GROUP BY rel, status:successful"
2023-01-21 08:32:38 I Titan Print           "CREATE TABLE IF NOT EXISTS feattest (rel TEXT, status TEXT, count TEXT, date TEXT) ENGINE=InnoDB DEFAULT CHARSET=utf8:successful"
2023-01-21 08:32:38 I Titan Print           "CREATE TABLE IF NOT EXISTS reqtest (rel TEXT, status TEXT, count TEXT, date TEXT) ENGINE=InnoDB DEFAULT CHARSET=utf8:successful"
2023-01-21 08:32:38 I Titan Print           "SELECT id FROM allfeatures:successful"
2023-01-21 08:32:38 I Titan Print           "SELECT id,upstream,downstream,team FROM allrequirements:successful"
2023-01-21 08:32:38 I Titan Print           "SELECT id FROM allcoverage:successful"
2023-01-21 08:32:38 I Titan Print           "SELECT * FROM testcases:successful"
