2022-09-27 04:59:27 I Odin  Print           "Connet 20550 successfully!!!"
2022-09-27 04:59:27 I Odin  Get_alltests    "Get project name:Odin id:20550 all testplans"
2022-09-27 04:59:28 I Odin  Get_alltests    "{7979358: {'id': 7979358, 'name': 'Product Verification Test Plan', 'archived': False, 'index': '7979358:Product Verification Test Plan'}, 8559429: {'id': 8559429, 'name': 'UX Test Plan', 'archived': False, 'index': '8559429:UX Test Plan'}}"
2022-09-27 04:59:28 I Odin  Get_alltests    "Get project name:Odin id:20550 all testplans successful!!!"
2022-09-27 05:03:56 I Odin  tidy_alltestcas "101"
2022-09-27 05:07:26 I Odin  Print           "DROP TABLE IF EXISTS testcases:successful"
2022-09-27 05:07:26 I Odin  Print           "CREATE TABLE IF NOT EXISTS testcases (                             testplan_id INT,                             testplan_name TEXT,                             testgroup_id INT,                             testgroup_name TEXT,                             testcycle_id INT,                             testcycle_name TEXT,                             rel TEXT,                             id INT,                             uniqueid TEXT,                             name TEXT,                             status TEXT,                             upstream TEXT,                             downstream TEXT,                             executionDate TEXT) ENGINE=InnoDB DEFAULT CHARSET=utf8:successful"
2022-09-27 05:07:26 I Odin  update_database "Insert testcases table successful"
2022-09-27 05:07:26 I Odin  Print           "CREATE TABLE IF NOT EXISTS tests (                             testplan_id INT,                             testplan_name TEXT,                             testplan_status TEXT,                             rel TEXT, status TEXT,                             count INT, date TEXT) ENGINE=InnoDB DEFAULT CHARSET=utf8:successful"
2022-09-27 05:07:26 I Odin  Print           "DELETE FROM tests WHERE date='2022-09-27':successful"
2022-09-27 05:07:26 I Odin  Print           "SELECT testplan_id FROM tests GROUP BY testplan_id:successful"
2022-09-27 05:07:26 I Odin  Print           "SELECT testplan_name FROM tests WHERE testplan_id=7979358 LIMIT 1:successful"
2022-09-27 05:07:26 I Odin  Print           "UPDATE tests SET testplan_status='Active' WHERE testplan_id=7979358:successful"
2022-09-27 05:07:26 I Odin  Print           "SELECT testplan_name FROM tests WHERE testplan_id=8559429 LIMIT 1:successful"
2022-09-27 05:07:26 I Odin  Print           "UPDATE tests SET testplan_status='Active' WHERE testplan_id=8559429:successful"
2022-09-27 05:07:27 I Odin  Print           "INSERT INTO tests (testplan_id, testplan_name, testplan_status, rel, status, count, date) SELECT testplan_id, testplan_name, 'Active' as testplan_status, rel, status, count((@rn := @rn + 1)) as count, '2022-09-27' as date FROM testcases cross join (select @rn := 0) const GROUP BY testplan_id, rel, status:successful"
2022-09-27 05:07:27 I Odin  update_database "Insert tests table successful"
2022-09-27 05:07:27 I Odin  Print           "CREATE TABLE IF NOT EXISTS testapproval (                                 rel TEXT, team TEXT, status TEXT, upstream TEXT, count INT, date TEXT                                 ) ENGINE=InnoDB DEFAULT CHARSET=utf8:successful"
2022-09-27 05:07:27 I Odin  Print           "DROP TABLE IF EXISTS alltestapproval:successful"
2022-09-27 05:07:27 I Odin  Print           "CREATE TABLE IF NOT EXISTS alltestapproval (                                 id INT, uniqueid TEXT, name TEXT, status TEXT, rel TEXT, team TEXT, upstream TEXT                                 ) ENGINE=InnoDB DEFAULT CHARSET=utf8:successful"
2022-09-27 05:07:27 I Odin  Print           "DELETE FROM testapproval WHERE date='2022-09-27':successful"
2022-09-27 05:07:28 I Odin  Print           "INSERT INTO testapproval (rel, team, status, count, date, upstream) SELECT rel, team, status, count((@rn := @rn + 1)) as count, '2022-09-27' as date, upstream FROM alltestapproval cross join (select @rn := 0) const GROUP BY rel, team, status, upstream:successful"
2022-09-27 05:07:34 I Odin  Get_allfeatuers "[{'id': 7888176, 'name': 'MySound - Hearing test in Sound+ (Platform BT)', 'documentKey': 'Od-FEAT-39', 'statusId': 156410, 'status': 'Approved'}, {'id': 10091199, 'name': 'MySound - Music & Communications mode (feature name may change !)', 'documentKey': 'Od-FEAT-316', 'statusId': 156409, 'status': 'Draft'}, {'id': 7888113, 'name': 'Device configuration changes synced to applications', 'documentKey': 'Od-FEAT-18', 'statusId': 156410, 'status': 'Approved'}, {'id': 7888092, 'name': 'Button takeover legacy support', 'documentKey': 'Od-FEAT-11', 'statusId': 156410, 'status': 'Approved'}, {'id': 7889124, 'name': 'Acoustic Protection Performance', 'documentKey': 'Od-FEAT-78', 'statusId': 156410, 'status': 'Approved'}, {'id': 9994365, 'name': 'Adjustable ANC', 'documentKey': 'Od-FEAT-305', 'statusId': 156409, 'status': 'Draft'}, {'id': 7889097, 'name': 'IEC 62368  (Part 1) Acoustic Energy Radiation', 'documentKey': 'Od-FEAT-69', 'statusId': 156410, 'status': 'Approved'}, {'id': 10078339, 'name': 'Fraunhofer LC3+ codec', 'documentKey': 'Od-FEAT-315', 'statusId': 156409, 'status': 'Draft'}, {'id': 9858184, 'name': 'Intel Bluetooth Accessory Certification', 'documentKey': 'Od-FEAT-304', 'statusId': 156584, 'status': 'Proposal'}, {'id': 10077886, 'name': 'Tencent Certification v.2.0 (Headsets) - Audio', 'documentKey': 'Od-FEAT-314', 'statusId': 156584, 'status': 'Proposal'}, {'id': 8167461, 'name': 'Windnoise Performance', 'documentKey': 'Od-FEAT-285', 'statusId': 156409, 'status': 'Draft'}, {'id': 10019925, 'name': 'Dynamic Virtual Surround Sound audio, with headtracking (DVSS)', 'documentKey': 'Od-FEAT-307', 'statusId': 156409, 'status': 'Draft'}, {'id': 10091663, 'name': 'Amazon Alexa Voice Assistance Certification - Audio', 'documentKey': 'Od-FEAT-317', 'statusId': 156409, 'status': 'Draft'}, {'id': 10077768, 'name': 'Natural Hearthrough', 'documentKey': 'Od-FEAT-309', 'statusId': 156409, 'status': 'Draft'}, {'id': 10077769, 'name': 'Conversation Mode', 'documentKey': 'Od-FEAT-310', 'statusId': 156409, 'status': 'Draft'}, {'id': 10077770, 'name': 'MySound Hearthrough', 'documentKey': 'Od-FEAT-311', 'statusId': 156409, 'status': 'Draft'}, {'id': 10077771, 'name': 'Automatic Awareness Mode', 'documentKey': 'Od-FEAT-312', 'statusId': 156409, 'status': 'Draft'}, {'id': 10077772, 'name': 'Speech Attention Mode', 'documentKey': 'Od-FEAT-313', 'statusId': 156409, 'status': 'Draft'}, {'id': 8036525, 'name': 'Sidetone - Low Latency Noise Reduction', 'documentKey': 'Od-FEAT-259', 'statusId': 156410, 'status': 'Approved'}, {'id': 8036537, 'name': 'Case Specific Adjustable ANC', 'documentKey': 'Od-FEAT-268', 'statusId': 156410, 'status': 'Approved'}, {'id': 8176716, 'name': 'robust ANC/Hearthrough in Wind', 'documentKey': 'Od-FEAT-286', 'statusId': 156410, 'status': 'Approved'}, {'id': 7888191, 'name': 'Platform', 'documentKey': 'Od-FEAT-44', 'statusId': 156409, 'status': 'Draft'}, {'id': 10099106, 'name': 'Compatible with Cypress wireless charging pad', 'documentKey': 'Od-FEAT-318', 'statusId': 156409, 'status': 'Draft'}, {'id': 7888137, 'name': 'Global Design Quality Standard', 'documentKey': 'Od-FEAT-26', 'statusId': 156410, 'status': 'Approved'}, {'id': 7888161, 'name': 'MFi certified', 'documentKey': 'Od-FEAT-34', 'statusId': 156410, 'status': 'Approved'}, {'id': 7888209, 'name': 'Regulatory approvals', 'documentKey': 'Od-FEAT-50', 'statusId': 156410, 'status': 'Approved'}, {'id': 9994408, 'name': 'TCO9 certification', 'documentKey': 'Od-FEAT-306', 'statusId': 156584, 'status': 'Proposal'}, {'id': 9775870, 'name': 'LE Audio Unicast', 'documentKey': 'Od-FEAT-296', 'statusId': 156409, 'status': 'Draft'}, {'id': 10077033, 'name': 'Smart Programmable Button (UC variant only)', 'documentKey': 'Od-FEAT-308', 'statusId': 156409, 'status': 'Draft'}, {'id': 8167051, 'name': 'UI Configurable Buttons // MyControls', 'documentKey': 'Od-FEAT-284', 'statusId': 156412, 'status': 'Rejected'}]"
2022-09-27 05:07:34 I Odin  Print           "CREATE TABLE IF NOT EXISTS features (                                rel TEXT, status TEXT, count INT, date TEXT) ENGINE=InnoDB DEFAULT CHARSET=utf8:successful"
2022-09-27 05:07:34 I Odin  Print           "CREATE TABLE IF NOT EXISTS allfeatures (                                id INT, uniqueid TEXT, name TEXT, status TEXT, rel TEXT,test_status TEXT) ENGINE=InnoDB DEFAULT CHARSET=utf8:successful"
2022-09-27 05:07:34 I Odin  Print           "DELETE FROM features WHERE date='2022-09-27':successful"
2022-09-27 05:07:34 I Odin  Print           "DELETE FROM allfeatures WHERE id=20389163:successful"
2022-09-27 05:07:34 I Odin  Print           "DELETE FROM allfeatures WHERE id=20388816:successful"
2022-09-27 05:07:34 I Odin  Print           "DELETE FROM allfeatures WHERE id=20388807:successful"
2022-09-27 05:07:34 I Odin  Print           "DELETE FROM allfeatures WHERE id=20364798:successful"
2022-09-27 05:07:34 I Odin  Print           "DELETE FROM allfeatures WHERE id=20363469:successful"
2022-09-27 05:07:34 I Odin  Print           "DELETE FROM allfeatures WHERE id=19961485:successful"
2022-09-27 05:07:34 I Odin  Print           "DELETE FROM allfeatures WHERE id=19852323:successful"
2022-09-27 05:07:34 I Odin  Print           "DELETE FROM allfeatures WHERE id=17281075:successful"
2022-09-27 05:07:34 I Odin  Print           "DELETE FROM allfeatures WHERE id=16747580:successful"
2022-09-27 05:07:34 I Odin  Print           "DELETE FROM allfeatures WHERE id=16540015:successful"
2022-09-27 05:07:34 I Odin  Print           "DELETE FROM allfeatures WHERE id=16539943:successful"
2022-09-27 05:07:34 I Odin  Print           "DELETE FROM allfeatures WHERE id=16539914:successful"
2022-09-27 05:07:34 I Odin  Print           "DELETE FROM allfeatures WHERE id=15806998:successful"
2022-09-27 05:07:34 I Odin  Print           "DELETE FROM allfeatures WHERE id=15727115:successful"
2022-09-27 05:07:34 I Odin  Print           "DELETE FROM allfeatures WHERE id=15727112:successful"
2022-09-27 05:07:34 I Odin  Print           "DELETE FROM allfeatures WHERE id=15727109:successful"
2022-09-27 05:07:34 I Odin  Print           "DELETE FROM allfeatures WHERE id=15727106:successful"
2022-09-27 05:07:34 I Odin  Print           "DELETE FROM allfeatures WHERE id=15727102:successful"
2022-09-27 05:07:34 I Odin  Print           "DELETE FROM allfeatures WHERE id=15727092:successful"
2022-09-27 05:07:34 I Odin  Print           "DELETE FROM allfeatures WHERE id=15639185:successful"
2022-09-27 05:07:34 I Odin  Print           "DELETE FROM allfeatures WHERE id=15632120:successful"
2022-09-27 05:07:34 I Odin  Print           "DELETE FROM allfeatures WHERE id=15631971:successful"
2022-09-27 05:07:34 I Odin  Print           "DELETE FROM allfeatures WHERE id=15631674:successful"
2022-09-27 05:07:34 I Odin  Print           "DELETE FROM allfeatures WHERE id=15305113:successful"
2022-09-27 05:07:34 I Odin  Print           "DELETE FROM allfeatures WHERE id=15305106:successful"
2022-09-27 05:07:34 I Odin  Print           "DELETE FROM allfeatures WHERE id=15305098:successful"
2022-09-27 05:07:34 I Odin  Print           "DELETE FROM allfeatures WHERE id=15305092:successful"
2022-09-27 05:07:34 I Odin  Print           "DELETE FROM allfeatures WHERE id=15305088:successful"
2022-09-27 05:07:34 I Odin  Print           "DELETE FROM allfeatures WHERE id=15305083:successful"
2022-09-27 05:07:34 I Odin  Print           "DELETE FROM allfeatures WHERE id=15305078:successful"
2022-09-27 05:07:34 I Odin  Print           "DELETE FROM allfeatures WHERE id=15305073:successful"
2022-09-27 05:07:34 I Odin  Print           "DELETE FROM allfeatures WHERE id=15305069:successful"
2022-09-27 05:07:34 I Odin  Print           "DELETE FROM allfeatures WHERE id=15305051:successful"
2022-09-27 05:07:34 I Odin  Print           "DELETE FROM allfeatures WHERE id=15305045:successful"
2022-09-27 05:07:34 I Odin  Print           "DELETE FROM allfeatures WHERE id=15305040:successful"
2022-09-27 05:07:34 I Odin  Print           "DELETE FROM allfeatures WHERE id=15305026:successful"
2022-09-27 05:07:34 I Odin  Print           "DELETE FROM allfeatures WHERE id=15305018:successful"
2022-09-27 05:07:34 I Odin  Print           "DELETE FROM allfeatures WHERE id=15305004:successful"
2022-09-27 05:07:34 I Odin  Print           "DELETE FROM allfeatures WHERE id=15304999:successful"
2022-09-27 05:07:34 I Odin  Print           "DELETE FROM allfeatures WHERE id=15304994:successful"
2022-09-27 05:07:34 I Odin  Print           "DELETE FROM allfeatures WHERE id=15304989:successful"
2022-09-27 05:07:34 I Odin  Print           "DELETE FROM allfeatures WHERE id=15304981:successful"
2022-09-27 05:07:34 I Odin  Print           "DELETE FROM allfeatures WHERE id=15304975:successful"
2022-09-27 05:07:34 I Odin  Print           "DELETE FROM allfeatures WHERE id=15304966:successful"
2022-09-27 05:07:34 I Odin  Print           "DELETE FROM allfeatures WHERE id=15304943:successful"
2022-09-27 05:07:34 I Odin  Print           "DELETE FROM allfeatures WHERE id=15083052:successful"
2022-09-27 05:07:34 I Odin  Print           "DELETE FROM allfeatures WHERE id=7888176:successful"
2022-09-27 05:07:34 I Odin  Print           "DELETE FROM allfeatures WHERE id=10091199:successful"
2022-09-27 05:07:34 I Odin  Print           "DELETE FROM allfeatures WHERE id=7888113:successful"
2022-09-27 05:07:34 I Odin  Print           "DELETE FROM allfeatures WHERE id=7888092:successful"
2022-09-27 05:07:34 I Odin  Print           "DELETE FROM allfeatures WHERE id=7889124:successful"
2022-09-27 05:07:34 I Odin  Print           "DELETE FROM allfeatures WHERE id=9994365:successful"
2022-09-27 05:07:34 I Odin  Print           "DELETE FROM allfeatures WHERE id=7889097:successful"
2022-09-27 05:07:34 I Odin  Print           "DELETE FROM allfeatures WHERE id=10078339:successful"
2022-09-27 05:07:34 I Odin  Print           "DELETE FROM allfeatures WHERE id=9858184:successful"
2022-09-27 05:07:34 I Odin  Print           "DELETE FROM allfeatures WHERE id=10077886:successful"
2022-09-27 05:07:34 I Odin  Print           "DELETE FROM allfeatures WHERE id=8167461:successful"
2022-09-27 05:07:34 I Odin  Print           "DELETE FROM allfeatures WHERE id=10019925:successful"
2022-09-27 05:07:34 I Odin  Print           "DELETE FROM allfeatures WHERE id=10091663:successful"
2022-09-27 05:07:34 I Odin  Print           "DELETE FROM allfeatures WHERE id=10077768:successful"
2022-09-27 05:07:34 I Odin  Print           "DELETE FROM allfeatures WHERE id=10077769:successful"
2022-09-27 05:07:34 I Odin  Print           "DELETE FROM allfeatures WHERE id=10077770:successful"
2022-09-27 05:07:34 I Odin  Print           "DELETE FROM allfeatures WHERE id=10077771:successful"
2022-09-27 05:07:34 I Odin  Print           "DELETE FROM allfeatures WHERE id=10077772:successful"
2022-09-27 05:07:34 I Odin  Print           "DELETE FROM allfeatures WHERE id=8036525:successful"
2022-09-27 05:07:34 I Odin  Print           "DELETE FROM allfeatures WHERE id=8036537:successful"
2022-09-27 05:07:34 I Odin  Print           "DELETE FROM allfeatures WHERE id=8176716:successful"
2022-09-27 05:07:34 I Odin  Print           "DELETE FROM allfeatures WHERE id=7888191:successful"
2022-09-27 05:07:34 I Odin  Print           "DELETE FROM allfeatures WHERE id=10099106:successful"
2022-09-27 05:07:34 I Odin  Print           "DELETE FROM allfeatures WHERE id=7888137:successful"
2022-09-27 05:07:34 I Odin  Print           "DELETE FROM allfeatures WHERE id=7888161:successful"
2022-09-27 05:07:34 I Odin  Print           "DELETE FROM allfeatures WHERE id=7888209:successful"
2022-09-27 05:07:34 I Odin  Print           "DELETE FROM allfeatures WHERE id=9994408:successful"
2022-09-27 05:07:34 I Odin  Print           "DELETE FROM allfeatures WHERE id=9775870:successful"
2022-09-27 05:07:34 I Odin  Print           "DELETE FROM allfeatures WHERE id=10077033:successful"
2022-09-27 05:07:34 I Odin  Print           "DELETE FROM allfeatures WHERE id=8167051:successful"
2022-09-27 05:07:34 I Odin  Print           "INSERT INTO features (rel, status, count, date)                                 SELECT rel, status, count((@rn := @rn + 1)) as count, '2022-09-27' as date FROM allfeatures cross join (select @rn := 0) const GROUP BY rel, status:successful"
2022-09-27 05:07:35 I Odin  Get_allchangere "[]"
2022-09-27 05:07:35 I Odin  Print           "CREATE TABLE IF NOT EXISTS changes (                                 rel TEXT, status TEXT, priority TEXT,                                 requester TEXT, date TEXT, count INT) ENGINE=InnoDB DEFAULT CHARSET=utf8:successful"
2022-09-27 05:07:36 I Odin  Print           "CREATE TABLE IF NOT EXISTS allchanges (                                 id INT, uniqueid TEXT, name TEXT,                                 status TEXT, rel TEXT, priority TEXT,                                 requester TEXT) ENGINE=InnoDB DEFAULT CHARSET=utf8:successful"
2022-09-27 05:07:36 I Odin  Print           "DELETE FROM changes WHERE date='2022-09-27':successful"
2022-09-27 05:07:36 I Odin  Print           "INSERT INTO changes (                                 rel, status, priority, requester, date, count)                                 SELECT rel, status, priority, requester, '2022-09-27' as date, count((@rn := @rn + 1)) as count FROM allchanges                                 cross join (select @rn := 0) const GROUP BY rel, status, priority, requester:successful"
2022-09-27 05:07:37 I Odin  Print           "CREATE TABLE IF NOT EXISTS designspec (                            rel TEXT, team TEXT, status TEXT, count INT, date text) ENGINE=InnoDB DEFAULT CHARSET=utf8:successful"
2022-09-27 05:07:37 I Odin  Print           "CREATE TABLE IF NOT EXISTS alldesignspec (                             id INT, uniqueid TEXT, name TEXT, status TEXT, rel TEXT, team TEXT) ENGINE=InnoDB DEFAULT CHARSET=utf8:successful"
2022-09-27 05:07:37 I Odin  Print           "DELETE FROM designspec WHERE date='2022-09-27':successful"
2022-09-27 05:07:38 I Odin  Print           "INSERT INTO designspec (rel, team, status, count, date) SELECT rel, team, status, count((@rn := @rn + 1)) as count, '2022-09-27' as date FROM alldesignspec cross join (select @rn := 0) const GROUP BY rel, team, status:successful"
2022-09-27 05:07:39 I Odin  Get_alluserstor "[]"
2022-09-27 05:07:39 I Odin  Print           "CREATE TABLE IF NOT EXISTS userstories (                 rel TEXT, status TEXT, count INT, date TEXT) ENGINE=InnoDB DEFAULT CHARSET=utf8:successful"
2022-09-27 05:07:40 I Odin  Print           "CREATE TABLE IF NOT EXISTS alluserstories (                 id INT, uniqueid TEXT, name TEXT, status TEXT, rel TEXT) ENGINE=InnoDB DEFAULT CHARSET=utf8:successful"
2022-09-27 05:07:40 I Odin  Print           "DELETE FROM userstories WHERE date='2022-09-27':successful"
2022-09-27 05:07:40 I Odin  Print           "INSERT INTO userstories (rel, status, count, date) SELECT rel, status, count((@rn := @rn + 1)) as count, '2022-09-27' as date FROM alluserstories cross join (select @rn := 0) const GROUP BY rel, status:successful"
2022-09-27 05:07:41 I Odin  Get_alldefects  "[]"
2022-09-27 05:07:41 I Odin  Print           "CREATE TABLE IF NOT EXISTS defects (                     rel TEXT, team TEXT, status TEXT, priority TEXT, count INT, date TEXT) ENGINE=InnoDB DEFAULT CHARSET=utf8:successful"
2022-09-27 05:07:41 I Odin  Print           "CREATE TABLE IF NOT EXISTS alldefects (                     id INT, uniqueid TEXT, name TEXT, status TEXT, rel TEXT, team TEXT, priority TEXT, jira TEXT, upstream TEXT) ENGINE=InnoDB DEFAULT CHARSET=utf8:successful"
2022-09-27 05:07:41 I Odin  Print           "DELETE FROM defects WHERE date='2022-09-27':successful"
2022-09-27 05:07:42 I Odin  Print           "INSERT INTO defects (rel, team, status, count, date, priority) SELECT rel, team, status, count((@rn := @rn + 1)) as count, '2022-09-27' as date, priority FROM alldefects cross join (select @rn := 0) const GROUP BY rel, team, status, priority:successful"
2022-09-27 05:09:51 I Odin  get_multipickli "Unassigned don't find the mainteam name from G_parameter"
2022-09-27 05:09:53 I Odin  get_multipickli "Unassigned don't find the mainteam name from G_parameter"
2022-09-27 05:10:00 I Odin  get_multipickli "Unassigned don't find the mainteam name from G_parameter"
2022-09-27 05:10:06 I Odin  get_multipickli "Unassigned don't find the mainteam name from G_parameter"
2022-09-27 05:11:43 I Odin  get_multipickli "Unassigned don't find the mainteam name from G_parameter"
2022-09-27 05:12:05 I Odin  get_multipickli "Unassigned don't find the mainteam name from G_parameter"
2022-09-27 05:14:05 I Odin  get_multipickli "Unassigned don't find the mainteam name from G_parameter"
2022-09-27 05:14:52 I Odin  get_multipickli "Unassigned don't find the mainteam name from G_parameter"
2022-09-27 05:17:08 I Odin  get_multipickli "Unassigned don't find the mainteam name from G_parameter"
2022-09-27 05:17:15 I Odin  get_multipickli "Unassigned don't find the mainteam name from G_parameter"
2022-09-27 05:17:48 I Odin  get_multipickli "Unassigned don't find the mainteam name from G_parameter"
2022-09-27 05:18:10 I Odin  get_multipickli "Unassigned don't find the mainteam name from G_parameter"
2022-09-27 05:18:25 I Odin  get_multipickli "Unassigned don't find the mainteam name from G_parameter"
2022-09-27 05:18:27 I Odin  get_multipickli "Unassigned don't find the mainteam name from G_parameter"
2022-09-27 05:18:30 I Odin  get_multipickli "Unassigned don't find the mainteam name from G_parameter"
2022-09-27 05:18:32 I Odin  get_multipickli "Unassigned don't find the mainteam name from G_parameter"
2022-09-27 05:18:33 I Odin  get_multipickli "Unassigned don't find the mainteam name from G_parameter"
2022-09-27 05:18:42 I Odin  get_multipickli "Unassigned don't find the mainteam name from G_parameter"
2022-09-27 05:18:44 I Odin  get_multipickli "Unassigned don't find the mainteam name from G_parameter"
2022-09-27 05:18:45 I Odin  get_multipickli "Unassigned don't find the mainteam name from G_parameter"
2022-09-27 05:18:46 I Odin  get_multipickli "Unassigned don't find the mainteam name from G_parameter"
2022-09-27 05:18:47 I Odin  get_multipickli "Unassigned don't find the mainteam name from G_parameter"
2022-09-27 05:18:48 I Odin  get_multipickli "Unassigned don't find the mainteam name from G_parameter"
2022-09-27 05:18:56 I Odin  get_multipickli "Unassigned don't find the mainteam name from G_parameter"
2022-09-27 05:19:06 I Odin  get_multipickli "Unassigned don't find the mainteam name from G_parameter"
2022-09-27 05:19:32 I Odin  get_multipickli "Unassigned don't find the mainteam name from G_parameter"
2022-09-27 05:19:59 I Odin  get_multipickli "Unassigned don't find the mainteam name from G_parameter"
2022-09-27 05:20:20 I Odin  get_multipickli "Unassigned don't find the mainteam name from G_parameter"
2022-09-27 05:20:37 I Odin  get_multipickli "Unassigned don't find the mainteam name from G_parameter"
2022-09-27 05:20:55 I Odin  get_multipickli "Unassigned don't find the mainteam name from G_parameter"
2022-09-27 05:21:14 I Odin  get_multipickli "Unassigned don't find the mainteam name from G_parameter"
2022-09-27 05:21:29 I Odin  get_multipickli "Unassigned don't find the mainteam name from G_parameter"
2022-09-27 05:21:37 I Odin  get_multipickli "Unassigned don't find the mainteam name from G_parameter"
2022-09-27 05:21:44 I Odin  get_multipickli "Unassigned don't find the mainteam name from G_parameter"
2022-09-27 05:21:50 I Odin  get_multipickli "Unassigned don't find the mainteam name from G_parameter"
2022-09-27 05:21:52 I Odin  get_multipickli "Unassigned don't find the mainteam name from G_parameter"
2022-09-27 05:22:07 I Odin  get_multipickli "Unassigned don't find the mainteam name from G_parameter"
2022-09-27 05:22:09 I Odin  get_multipickli "Unassigned don't find the mainteam name from G_parameter"
2022-09-27 05:22:12 I Odin  get_multipickli "Unassigned don't find the mainteam name from G_parameter"
2022-09-27 05:22:28 I Odin  get_multipickli "Unassigned don't find the mainteam name from G_parameter"
2022-09-27 05:22:44 I Odin  get_multipickli "Unassigned don't find the mainteam name from G_parameter"
2022-09-27 05:23:12 I Odin  get_multipickli "Unassigned don't find the mainteam name from G_parameter"
2022-09-27 05:25:46 I Odin  get_multipickli "Unassigned don't find the mainteam name from G_parameter"
2022-09-27 05:25:48 I Odin  get_multipickli "Unassigned don't find the mainteam name from G_parameter"
2022-09-27 05:25:50 I Odin  get_multipickli "Unassigned don't find the mainteam name from G_parameter"
2022-09-27 05:25:52 I Odin  get_multipickli "Unassigned don't find the mainteam name from G_parameter"
2022-09-27 05:26:58 I Odin  get_multipickli "Unassigned don't find the mainteam name from G_parameter"
2022-09-27 05:27:14 I Odin  get_multipickli "Unassigned don't find the mainteam name from G_parameter"
2022-09-27 05:27:17 I Odin  get_multipickli "Unassigned don't find the mainteam name from G_parameter"
2022-09-27 05:27:19 I Odin  get_multipickli "Unassigned don't find the mainteam name from G_parameter"
2022-09-27 05:27:21 I Odin  get_multipickli "Unassigned don't find the mainteam name from G_parameter"
2022-09-27 05:27:26 I Odin  get_multipickli "Unassigned don't find the mainteam name from G_parameter"
2022-09-27 05:31:09 I Odin  get_multipickli "Unassigned don't find the mainteam name from G_parameter"
2022-09-27 05:35:47 I Odin  get_multipickli "Unassigned don't find the mainteam name from G_parameter"
2022-09-27 05:36:14 I Odin  get_multipickli "Digital Experience – Android don't find the mainteam name from G_parameter"
2022-09-27 05:36:16 I Odin  get_multipickli "Digital Experience – IOS don't find the mainteam name from G_parameter"
2022-09-27 05:36:22 I Odin  get_multipickli "Digital Experience – Android don't find the mainteam name from G_parameter"
2022-09-27 05:36:22 I Odin  get_multipickli "Digital Experience – IOS don't find the mainteam name from G_parameter"
2022-09-27 05:36:25 I Odin  get_multipickli "Digital Experience – Android don't find the mainteam name from G_parameter"
2022-09-27 05:36:25 I Odin  get_multipickli "Digital Experience – IOS don't find the mainteam name from G_parameter"
2022-09-27 05:36:27 I Odin  get_multipickli "Digital Experience – Android don't find the mainteam name from G_parameter"
2022-09-27 05:36:27 I Odin  get_multipickli "Digital Experience – IOS don't find the mainteam name from G_parameter"
2022-09-27 05:36:57 I Odin  get_multipickli "ESW Platform Test don't find the mainteam name from G_parameter"
2022-09-27 05:37:45 I Odin  get_multipickli "Unassigned don't find the mainteam name from G_parameter"
2022-09-27 05:37:51 I Odin  get_multipickli "Unassigned don't find the mainteam name from G_parameter"
2022-09-27 05:37:56 I Odin  get_multipickli "Unassigned don't find the mainteam name from G_parameter"
2022-09-27 05:38:03 I Odin  get_multipickli "Unassigned don't find the mainteam name from G_parameter"
2022-09-27 05:38:03 I Odin  get_multipickli "Digital Experience – IOS don't find the mainteam name from G_parameter"
2022-09-27 05:38:03 I Odin  get_multipickli "Digital Experience – SDK don't find the mainteam name from G_parameter"
2022-09-27 05:40:31 I Odin  get_multipickli "Unassigned don't find the mainteam name from G_parameter"
2022-09-27 05:42:28 I Odin  get_multipickli "Digital Experience – Android don't find the mainteam name from G_parameter"
2022-09-27 05:42:28 I Odin  get_multipickli "Digital Experience – IOS don't find the mainteam name from G_parameter"
2022-09-27 05:42:35 I Odin  get_multipickli "Digital Experience – Android don't find the mainteam name from G_parameter"
2022-09-27 05:42:35 I Odin  get_multipickli "Digital Experience – IOS don't find the mainteam name from G_parameter"
2022-09-27 05:42:37 I Odin  get_multipickli "Digital Experience – Android don't find the mainteam name from G_parameter"
2022-09-27 05:42:37 I Odin  get_multipickli "Digital Experience – IOS don't find the mainteam name from G_parameter"
2022-09-27 05:42:59 I Odin  get_multipickli "Unassigned don't find the mainteam name from G_parameter"
2022-09-27 05:43:39 I Odin  get_multipickli "Digital Experience – Android don't find the mainteam name from G_parameter"
2022-09-27 05:43:39 I Odin  get_multipickli "Digital Experience – IOS don't find the mainteam name from G_parameter"
2022-09-27 05:43:49 I Odin  get_multipickli "Digital Experience – Android don't find the mainteam name from G_parameter"
2022-09-27 05:43:49 I Odin  get_multipickli "Digital Experience – IOS don't find the mainteam name from G_parameter"
2022-09-27 05:44:49 I Odin  get_multipickli "Digital Experience – Android don't find the mainteam name from G_parameter"
2022-09-27 05:44:49 I Odin  get_multipickli "Digital Experience – IOS don't find the mainteam name from G_parameter"
2022-09-27 05:44:50 I Odin  get_multipickli "Digital Experience – Android don't find the mainteam name from G_parameter"
2022-09-27 05:44:50 I Odin  get_multipickli "Digital Experience – IOS don't find the mainteam name from G_parameter"
2022-09-27 05:45:16 I Odin  get_multipickli "Digital Experience – Android don't find the mainteam name from G_parameter"
2022-09-27 05:45:16 I Odin  get_multipickli "Digital Experience – IOS don't find the mainteam name from G_parameter"
2022-09-27 05:45:19 I Odin  get_multipickli "Digital Experience – Android don't find the mainteam name from G_parameter"
2022-09-27 05:45:19 I Odin  get_multipickli "Digital Experience – IOS don't find the mainteam name from G_parameter"
2022-09-27 05:45:21 I Odin  get_multipickli "Digital Experience – Android don't find the mainteam name from G_parameter"
2022-09-27 05:45:21 I Odin  get_multipickli "Digital Experience – IOS don't find the mainteam name from G_parameter"
2022-09-27 05:45:27 I Odin  get_multipickli "Digital Experience – Android don't find the mainteam name from G_parameter"
2022-09-27 05:45:27 I Odin  get_multipickli "Digital Experience – IOS don't find the mainteam name from G_parameter"
2022-09-27 05:45:34 I Odin  get_multipickli "Digital Experience – Android don't find the mainteam name from G_parameter"
2022-09-27 05:45:34 I Odin  get_multipickli "Digital Experience – IOS don't find the mainteam name from G_parameter"
2022-09-27 05:45:43 I Odin  get_multipickli "Unassigned don't find the mainteam name from G_parameter"
2022-09-27 05:46:10 I Odin  get_multipickli "Unassigned don't find the mainteam name from G_parameter"
2022-09-27 05:46:25 I Odin  get_multipickli "Unassigned don't find the mainteam name from G_parameter"
2022-09-27 05:46:46 I Odin  get_multipickli "Unassigned don't find the mainteam name from G_parameter"
2022-09-27 05:47:12 I Odin  get_multipickli "Unassigned don't find the mainteam name from G_parameter"
2022-09-27 05:47:44 I Odin  get_multipickli "Unassigned don't find the mainteam name from G_parameter"
2022-09-27 05:47:46 I Odin  get_multipickli "Unassigned don't find the mainteam name from G_parameter"
2022-09-27 05:47:52 I Odin  get_multipickli "Unassigned don't find the mainteam name from G_parameter"
2022-09-27 05:47:53 I Odin  get_multipickli "Unassigned don't find the mainteam name from G_parameter"
2022-09-27 05:47:56 I Odin  get_multipickli "Unassigned don't find the mainteam name from G_parameter"
2022-09-27 05:47:58 I Odin  get_multipickli "Unassigned don't find the mainteam name from G_parameter"
2022-09-27 05:47:59 I Odin  get_multipickli "Unassigned don't find the mainteam name from G_parameter"
2022-09-27 05:48:10 I Odin  get_multipickli "Unassigned don't find the mainteam name from G_parameter"
2022-09-27 05:48:14 I Odin  get_multipickli "Unassigned don't find the mainteam name from G_parameter"
2022-09-27 05:48:17 I Odin  get_multipickli "Unassigned don't find the mainteam name from G_parameter"
2022-09-27 05:48:58 I Odin  get_multipickli "Unassigned don't find the mainteam name from G_parameter"
2022-09-27 05:49:10 I Odin  get_multipickli "Digital Experience – Android don't find the mainteam name from G_parameter"
2022-09-27 05:49:10 I Odin  get_multipickli "Digital Experience – IOS don't find the mainteam name from G_parameter"
2022-09-27 05:49:13 I Odin  get_multipickli "Digital Experience – Android don't find the mainteam name from G_parameter"
2022-09-27 05:49:13 I Odin  get_multipickli "Digital Experience – IOS don't find the mainteam name from G_parameter"
2022-09-27 05:50:45 I Odin  get_multipickli "ESW Platform Test don't find the mainteam name from G_parameter"
2022-09-27 05:51:07 I Odin  get_multipickli "Unassigned don't find the mainteam name from G_parameter"
2022-09-27 05:51:13 I Odin  Print           "DROP TABLE IF EXISTS allrequirements:successful"
2022-09-27 05:51:13 I Odin  Print           "DROP TABLE IF EXISTS allcoverage:successful"
2022-09-27 05:51:13 I Odin  Print           "CREATE TABLE IF NOT EXISTS requirements (                        rel TEXT, status TEXT, count INT, date TEXT) ENGINE=InnoDB DEFAULT CHARSET=utf8:successful"
2022-09-27 05:51:13 I Odin  Print           "CREATE TABLE IF NOT EXISTS allrequirements (                        id INT, uniqueid TEXT, name TEXT, status TEXT, rel TEXT, upstream TEXT, downstream TEXT, team TEXT, test_status TEXT) ENGINE=InnoDB DEFAULT CHARSET=utf8:successful"
2022-09-27 05:51:13 I Odin  Print           "CREATE TABLE IF NOT EXISTS coverage (                        team text, covered int, expected int, date text) ENGINE=InnoDB DEFAULT CHARSET=utf8:successful"
2022-09-27 05:51:13 I Odin  Print           "CREATE TABLE IF NOT EXISTS allcoverage (                        id INT, uniqueid TEXT, name TEXT, status TEXT, rel TEXT, verify TEXT, missing TEXT) ENGINE=InnoDB DEFAULT CHARSET=utf8:successful"
2022-09-27 05:51:13 I Odin  Print           "DELETE FROM requirements WHERE date='2022-09-27':successful"
2022-09-27 05:51:13 I Odin  Print           "DELETE FROM coverage WHERE date='2022-09-27':successful"
2022-09-27 05:51:13 I Odin  Print           "INSERT INTO requirements (rel, status, count, date) SELECT rel, status, count((@rn := @rn + 1)) as count, '2022-09-27' as date FROM allrequirements cross join (select @rn := 0) const GROUP BY rel, status:successful"
2022-09-27 05:51:13 I Odin  Print           "CREATE TABLE IF NOT EXISTS feattest (rel TEXT, status TEXT, count TEXT, date TEXT) ENGINE=InnoDB DEFAULT CHARSET=utf8:successful"
2022-09-27 05:51:13 I Odin  Print           "CREATE TABLE IF NOT EXISTS reqtest (rel TEXT, status TEXT, count TEXT, date TEXT) ENGINE=InnoDB DEFAULT CHARSET=utf8:successful"
2022-09-27 05:51:13 I Odin  Print           "SELECT id FROM allfeatures:successful"
2022-09-27 05:51:13 I Odin  Print           "SELECT id,upstream,downstream,team FROM allrequirements:successful"
2022-09-27 05:51:13 I Odin  Print           "SELECT id FROM allcoverage:successful"
2022-09-27 05:51:13 I Odin  Print           "SELECT * FROM testcases:successful"
