2023-01-24 09:17:14 I Cypre Print           "Connet 20596 successfully!!!"
2023-01-24 09:17:14 I Cypre Get_alltests    "Get project name:Cypress id:20596 all testplans"
2023-01-24 09:17:17 I Cypre Get_alltests    "{10132963: {'id': 10132963, 'name': 'Audio test plan', 'archived': False, 'index': '10132963:Audio test plan'}, 9464381: {'id': 9464381, 'name': 'ESW Test Plan', 'archived': False, 'index': '9464381:ESW Test Plan'}, 9437977: {'id': 9437977, 'name': 'HW DVT Plan', 'archived': False, 'index': '9437977:HW DVT Plan'}, 9878823: {'id': 9878823, 'name': 'Packaging Test Plan', 'archived': False, 'index': '9878823:Packaging Test Plan'}, 9236187: {'id': 9236187, 'name': 'Product Verification Test Plan', 'archived': False, 'index': '9236187:Product Verification Test Plan'}, 9482881: {'id': 9482881, 'name': 'Regulatory Compliance Plan', 'archived': False, 'index': '9482881:Regulatory Compliance Plan'}, 9527168: {'id': 9527168, 'name': 'RF Test Plan', 'archived': False, 'index': '9527168:RF Test Plan'}}"
2023-01-24 09:17:17 I Cypre Get_alltests    "Get project name:Cypress id:20596 all testplans successful!!!"
2023-01-24 09:22:27 I Cypre tidy_alltestcas "1876"
2023-01-24 09:26:31 I Cypre Print           "DROP TABLE IF EXISTS testcases:successful"
2023-01-24 09:26:31 I Cypre Print           "CREATE TABLE IF NOT EXISTS testcases (                             testplan_id INT,                             testplan_name TEXT,                             testgroup_id INT,                             testgroup_name TEXT,                             testcycle_id INT,                             testcycle_name TEXT,                             rel TEXT,                             id INT,                             uniqueid TEXT,                             name TEXT,                             status TEXT,                             upstream TEXT,                             downstream TEXT,                             executionDate TEXT) ENGINE=InnoDB DEFAULT CHARSET=utf8:successful"
2023-01-24 09:26:31 I Cypre update_database "Insert testcases table successful"
2023-01-24 09:26:31 I Cypre Print           "CREATE TABLE IF NOT EXISTS tests (                             testplan_id INT,                             testplan_name TEXT,                             testplan_status TEXT,                             rel TEXT, status TEXT,                             count INT, date TEXT) ENGINE=InnoDB DEFAULT CHARSET=utf8:successful"
2023-01-24 09:26:31 I Cypre Print           "DELETE FROM tests WHERE date='2023-01-24':successful"
2023-01-24 09:26:31 I Cypre Print           "SELECT testplan_id FROM tests GROUP BY testplan_id:successful"
2023-01-24 09:26:31 I Cypre Print           "SELECT testplan_name FROM tests WHERE testplan_id=10132963 LIMIT 1:successful"
2023-01-24 09:26:31 I Cypre Print           "UPDATE tests SET testplan_status='Active' WHERE testplan_id=10132963:successful"
2023-01-24 09:26:31 I Cypre Print           "SELECT testplan_name FROM tests WHERE testplan_id=9464381 LIMIT 1:successful"
2023-01-24 09:26:31 I Cypre Print           "UPDATE tests SET testplan_status='Active' WHERE testplan_id=9464381:successful"
2023-01-24 09:26:31 I Cypre Print           "SELECT testplan_name FROM tests WHERE testplan_id=9437977 LIMIT 1:successful"
2023-01-24 09:26:31 I Cypre Print           "UPDATE tests SET testplan_status='Active' WHERE testplan_id=9437977:successful"
2023-01-24 09:26:31 I Cypre Print           "SELECT testplan_name FROM tests WHERE testplan_id=9878823 LIMIT 1:successful"
2023-01-24 09:26:31 I Cypre Print           "UPDATE tests SET testplan_status='Active' WHERE testplan_id=9878823:successful"
2023-01-24 09:26:31 I Cypre Print           "SELECT testplan_name FROM tests WHERE testplan_id=9236187 LIMIT 1:successful"
2023-01-24 09:26:31 I Cypre Print           "UPDATE tests SET testplan_status='Active' WHERE testplan_id=9236187:successful"
2023-01-24 09:26:31 I Cypre Print           "SELECT testplan_name FROM tests WHERE testplan_id=9482881 LIMIT 1:successful"
2023-01-24 09:26:31 I Cypre Print           "UPDATE tests SET testplan_status='Active' WHERE testplan_id=9482881:successful"
2023-01-24 09:26:31 I Cypre Print           "SELECT testplan_name FROM tests WHERE testplan_id=9527168 LIMIT 1:successful"
2023-01-24 09:26:31 I Cypre Print           "UPDATE tests SET testplan_status='Active' WHERE testplan_id=9527168:successful"
2023-01-24 09:26:31 I Cypre Print           "INSERT INTO tests (testplan_id, testplan_name, testplan_status, rel, status, count, date) SELECT testplan_id, testplan_name, 'Active' as testplan_status, rel, status, count((@rn := @rn + 1)) as count, '2023-01-24' as date FROM testcases cross join (select @rn := 0) const GROUP BY testplan_id, rel, status:successful"
2023-01-24 09:26:31 I Cypre update_database "Insert tests table successful"
2023-01-24 09:26:31 I Cypre Print           "CREATE TABLE IF NOT EXISTS testapproval (                                 rel TEXT, team TEXT, status TEXT, upstream TEXT, count INT, date TEXT                                 ) ENGINE=InnoDB DEFAULT CHARSET=utf8:successful"
2023-01-24 09:26:31 I Cypre Print           "DROP TABLE IF EXISTS alltestapproval:successful"
2023-01-24 09:26:31 I Cypre Print           "CREATE TABLE IF NOT EXISTS alltestapproval (                                 id INT, uniqueid TEXT, name TEXT, status TEXT, rel TEXT, team TEXT, upstream TEXT                                 ) ENGINE=InnoDB DEFAULT CHARSET=utf8:successful"
2023-01-24 09:26:31 I Cypre Print           "DELETE FROM testapproval WHERE date='2023-01-24':successful"
2023-01-24 09:26:32 I Cypre Print           "INSERT INTO testapproval (rel, team, status, count, date, upstream) SELECT rel, team, status, count((@rn := @rn + 1)) as count, '2023-01-24' as date, upstream FROM alltestapproval cross join (select @rn := 0) const GROUP BY rel, team, status, upstream:successful"
2023-01-24 09:26:35 I Cypre Get_allfeatuers "[]"
2023-01-24 09:26:35 I Cypre Print           "CREATE TABLE IF NOT EXISTS features (                                rel TEXT, status TEXT, count INT, date TEXT) ENGINE=InnoDB DEFAULT CHARSET=utf8:successful"
2023-01-24 09:26:35 I Cypre Print           "CREATE TABLE IF NOT EXISTS allfeatures (                                id INT, uniqueid TEXT, name TEXT, status TEXT, rel TEXT,test_status TEXT) ENGINE=InnoDB DEFAULT CHARSET=utf8:successful"
2023-01-24 09:26:35 I Cypre Print           "DELETE FROM features WHERE date='2023-01-24':successful"
2023-01-24 09:26:35 I Cypre Print           "DELETE FROM allfeatures WHERE id=18970216:successful"
2023-01-24 09:26:35 I Cypre Print           "DELETE FROM allfeatures WHERE id=18942693:successful"
2023-01-24 09:26:35 I Cypre Print           "DELETE FROM allfeatures WHERE id=18747239:successful"
2023-01-24 09:26:35 I Cypre Print           "DELETE FROM allfeatures WHERE id=18461166:successful"
2023-01-24 09:26:35 I Cypre Print           "DELETE FROM allfeatures WHERE id=18359586:successful"
2023-01-24 09:26:35 I Cypre Print           "DELETE FROM allfeatures WHERE id=17606202:successful"
2023-01-24 09:26:35 I Cypre Print           "DELETE FROM allfeatures WHERE id=17606128:successful"
2023-01-24 09:26:35 I Cypre Print           "DELETE FROM allfeatures WHERE id=17605354:successful"
2023-01-24 09:26:35 I Cypre Print           "INSERT INTO features (rel, status, count, date)                                 SELECT rel, status, count((@rn := @rn + 1)) as count, '2023-01-24' as date FROM allfeatures cross join (select @rn := 0) const GROUP BY rel, status:successful"
2023-01-24 09:26:39 I Cypre Get_allchangere "[{'id': 10370475, 'name': 'Cypress app configuration update', 'documentKey': 'Cyp-CR-17', 'statusId': 156410, 'status': 'Approved', 'priorityId': 156643, 'priority': 'Not defined', 'req': 'UX'}]"
2023-01-24 09:26:39 I Cypre Print           "CREATE TABLE IF NOT EXISTS changes (                                 rel TEXT, status TEXT, priority TEXT,                                 requester TEXT, date TEXT, count INT) ENGINE=InnoDB DEFAULT CHARSET=utf8:successful"
2023-01-24 09:26:39 I Cypre Print           "CREATE TABLE IF NOT EXISTS allchanges (                                 id INT, uniqueid TEXT, name TEXT,                                 status TEXT, rel TEXT, priority TEXT,                                 requester TEXT) ENGINE=InnoDB DEFAULT CHARSET=utf8:successful"
2023-01-24 09:26:39 I Cypre Print           "DELETE FROM changes WHERE date='2023-01-24':successful"
2023-01-24 09:26:39 I Cypre Print           "DELETE FROM allchanges WHERE id=10370475:successful"
2023-01-24 09:26:39 I Cypre Print           "INSERT INTO changes (                                 rel, status, priority, requester, date, count)                                 SELECT rel, status, priority, requester, '2023-01-24' as date, count((@rn := @rn + 1)) as count FROM allchanges                                 cross join (select @rn := 0) const GROUP BY rel, status, priority, requester:successful"
2023-01-24 09:26:58 I Cypre Print           "CREATE TABLE IF NOT EXISTS designspec (                            rel TEXT, team TEXT, status TEXT, count INT, date text) ENGINE=InnoDB DEFAULT CHARSET=utf8:successful"
2023-01-24 09:26:58 I Cypre Print           "CREATE TABLE IF NOT EXISTS alldesignspec (                             id INT, uniqueid TEXT, name TEXT, status TEXT, rel TEXT, team TEXT) ENGINE=InnoDB DEFAULT CHARSET=utf8:successful"
2023-01-24 09:26:58 I Cypre Print           "DELETE FROM designspec WHERE date='2023-01-24':successful"
2023-01-24 09:26:58 I Cypre Print           "DELETE FROM alldesignspec WHERE id=9872474:successful"
2023-01-24 09:26:58 I Cypre Print           "DELETE FROM alldesignspec WHERE id=10338869:successful"
2023-01-24 09:26:58 I Cypre Print           "DELETE FROM alldesignspec WHERE id=9492245:successful"
2023-01-24 09:26:58 I Cypre Print           "DELETE FROM alldesignspec WHERE id=10341269:successful"
2023-01-24 09:26:58 I Cypre Print           "DELETE FROM alldesignspec WHERE id=10341742:successful"
2023-01-24 09:26:58 I Cypre Print           "DELETE FROM alldesignspec WHERE id=10338927:successful"
2023-01-24 09:26:58 I Cypre Print           "DELETE FROM alldesignspec WHERE id=10341060:successful"
2023-01-24 09:26:58 I Cypre Print           "DELETE FROM alldesignspec WHERE id=10375839:successful"
2023-01-24 09:26:58 I Cypre Print           "DELETE FROM alldesignspec WHERE id=9517280:successful"
2023-01-24 09:26:58 I Cypre Print           "DELETE FROM alldesignspec WHERE id=9517387:successful"
2023-01-24 09:26:58 I Cypre Print           "DELETE FROM alldesignspec WHERE id=10341813:successful"
2023-01-24 09:26:58 I Cypre Print           "DELETE FROM alldesignspec WHERE id=10341803:successful"
2023-01-24 09:26:58 I Cypre Print           "DELETE FROM alldesignspec WHERE id=9872532:successful"
2023-01-24 09:26:58 I Cypre Print           "DELETE FROM alldesignspec WHERE id=9866975:successful"
2023-01-24 09:26:58 I Cypre Print           "DELETE FROM alldesignspec WHERE id=9867199:successful"
2023-01-24 09:26:58 I Cypre Print           "DELETE FROM alldesignspec WHERE id=10335009:successful"
2023-01-24 09:26:58 I Cypre Print           "DELETE FROM alldesignspec WHERE id=10375101:successful"
2023-01-24 09:26:58 I Cypre Print           "DELETE FROM alldesignspec WHERE id=10375038:successful"
2023-01-24 09:26:58 I Cypre Print           "DELETE FROM alldesignspec WHERE id=10335180:successful"
2023-01-24 09:26:58 I Cypre Print           "DELETE FROM alldesignspec WHERE id=10337086:successful"
2023-01-24 09:26:58 I Cypre Print           "DELETE FROM alldesignspec WHERE id=10375069:successful"
2023-01-24 09:26:58 I Cypre Print           "DELETE FROM alldesignspec WHERE id=10337143:successful"
2023-01-24 09:26:58 I Cypre Print           "INSERT INTO designspec (rel, team, status, count, date) SELECT rel, team, status, count((@rn := @rn + 1)) as count, '2023-01-24' as date FROM alldesignspec cross join (select @rn := 0) const GROUP BY rel, team, status:successful"
2023-01-24 09:27:02 I Cypre Get_alluserstor "[]"
2023-01-24 09:27:02 I Cypre Print           "CREATE TABLE IF NOT EXISTS userstories (                 rel TEXT, status TEXT, count INT, date TEXT) ENGINE=InnoDB DEFAULT CHARSET=utf8:successful"
2023-01-24 09:27:02 I Cypre Print           "CREATE TABLE IF NOT EXISTS alluserstories (                 id INT, uniqueid TEXT, name TEXT, status TEXT, rel TEXT) ENGINE=InnoDB DEFAULT CHARSET=utf8:successful"
2023-01-24 09:27:02 I Cypre Print           "DELETE FROM userstories WHERE date='2023-01-24':successful"
2023-01-24 09:27:02 I Cypre Print           "INSERT INTO userstories (rel, status, count, date) SELECT rel, status, count((@rn := @rn + 1)) as count, '2023-01-24' as date FROM alluserstories cross join (select @rn := 0) const GROUP BY rel, status:successful"
2023-01-24 09:31:51 I Cypre Print           "CREATE TABLE IF NOT EXISTS defects (                     rel TEXT, team TEXT, status TEXT, priority TEXT, count INT, date TEXT) ENGINE=InnoDB DEFAULT CHARSET=utf8:successful"
2023-01-24 09:31:51 I Cypre Print           "CREATE TABLE IF NOT EXISTS alldefects (                     id INT, uniqueid TEXT, name TEXT, status TEXT, rel TEXT, team TEXT, priority TEXT, jira TEXT, upstream TEXT) ENGINE=InnoDB DEFAULT CHARSET=utf8:successful"
2023-01-24 09:31:51 I Cypre Print           "DELETE FROM defects WHERE date='2023-01-24':successful"
2023-01-24 09:31:51 I Cypre Print           "DELETE FROM alldefects WHERE id = 10059392:successful"
2023-01-24 09:31:51 I Cypre Print           "DELETE FROM alldefects WHERE id = 10075528:successful"
2023-01-24 09:31:51 I Cypre Print           "DELETE FROM alldefects WHERE id = 10075542:successful"
2023-01-24 09:31:51 I Cypre Print           "DELETE FROM alldefects WHERE id = 10077014:successful"
2023-01-24 09:31:51 I Cypre Print           "DELETE FROM alldefects WHERE id = 10084042:successful"
2023-01-24 09:31:51 I Cypre Print           "DELETE FROM alldefects WHERE id = 10084101:successful"
2023-01-24 09:31:51 I Cypre Print           "DELETE FROM alldefects WHERE id = 10084127:successful"
2023-01-24 09:31:51 I Cypre Print           "DELETE FROM alldefects WHERE id = 10084160:successful"
2023-01-24 09:31:51 I Cypre Print           "DELETE FROM alldefects WHERE id = 10084176:successful"
2023-01-24 09:31:51 I Cypre Print           "DELETE FROM alldefects WHERE id = 10084190:successful"
2023-01-24 09:31:51 I Cypre Print           "DELETE FROM alldefects WHERE id = 10084522:successful"
2023-01-24 09:31:51 I Cypre Print           "DELETE FROM alldefects WHERE id = 10089735:successful"
2023-01-24 09:31:51 I Cypre Print           "DELETE FROM alldefects WHERE id = 10134862:successful"
2023-01-24 09:31:51 I Cypre Print           "DELETE FROM alldefects WHERE id = 10135238:successful"
2023-01-24 09:31:51 I Cypre Print           "DELETE FROM alldefects WHERE id = 10135340:successful"
2023-01-24 09:31:51 I Cypre Print           "DELETE FROM alldefects WHERE id = 10157991:successful"
2023-01-24 09:31:51 I Cypre Print           "DELETE FROM alldefects WHERE id = 10170398:successful"
2023-01-24 09:31:51 I Cypre Print           "DELETE FROM alldefects WHERE id = 10172102:successful"
2023-01-24 09:31:51 I Cypre Print           "DELETE FROM alldefects WHERE id = 10183993:successful"
2023-01-24 09:31:51 I Cypre Print           "DELETE FROM alldefects WHERE id = 10192654:successful"
2023-01-24 09:31:51 I Cypre Print           "DELETE FROM alldefects WHERE id = 10233138:successful"
2023-01-24 09:31:51 I Cypre Print           "DELETE FROM alldefects WHERE id = 10246592:successful"
2023-01-24 09:31:51 I Cypre Print           "DELETE FROM alldefects WHERE id = 10251602:successful"
2023-01-24 09:31:51 I Cypre Print           "DELETE FROM alldefects WHERE id = 10251930:successful"
2023-01-24 09:31:51 I Cypre Print           "DELETE FROM alldefects WHERE id = 10255958:successful"
2023-01-24 09:31:51 I Cypre Print           "DELETE FROM alldefects WHERE id = 10277174:successful"
2023-01-24 09:31:51 I Cypre Print           "DELETE FROM alldefects WHERE id = 10277256:successful"
2023-01-24 09:31:51 I Cypre Print           "DELETE FROM alldefects WHERE id = 10277546:successful"
2023-01-24 09:31:51 I Cypre Print           "DELETE FROM alldefects WHERE id = 10277611:successful"
2023-01-24 09:31:51 I Cypre Print           "DELETE FROM alldefects WHERE id = 10284926:successful"
2023-01-24 09:31:51 I Cypre Print           "DELETE FROM alldefects WHERE id = 10287765:successful"
2023-01-24 09:31:51 I Cypre Print           "DELETE FROM alldefects WHERE id = 10297257:successful"
2023-01-24 09:31:51 I Cypre Print           "DELETE FROM alldefects WHERE id = 10300653:successful"
2023-01-24 09:31:51 I Cypre Print           "DELETE FROM alldefects WHERE id = 10305169:successful"
2023-01-24 09:31:51 I Cypre Print           "DELETE FROM alldefects WHERE id = 10306011:successful"
2023-01-24 09:31:51 I Cypre Print           "DELETE FROM alldefects WHERE id = 10307777:successful"
2023-01-24 09:31:51 I Cypre Print           "DELETE FROM alldefects WHERE id = 10307782:successful"
2023-01-24 09:31:51 I Cypre Print           "DELETE FROM alldefects WHERE id = 10309262:successful"
2023-01-24 09:31:51 I Cypre Print           "DELETE FROM alldefects WHERE id = 10309279:successful"
2023-01-24 09:31:51 I Cypre Print           "DELETE FROM alldefects WHERE id = 10309420:successful"
2023-01-24 09:31:51 I Cypre Print           "DELETE FROM alldefects WHERE id = 10309448:successful"
2023-01-24 09:31:51 I Cypre Print           "DELETE FROM alldefects WHERE id = 10309579:successful"
2023-01-24 09:31:51 I Cypre Print           "DELETE FROM alldefects WHERE id = 10309824:successful"
2023-01-24 09:31:51 I Cypre Print           "DELETE FROM alldefects WHERE id = 10309843:successful"
2023-01-24 09:31:51 I Cypre Print           "DELETE FROM alldefects WHERE id = 10310201:successful"
2023-01-24 09:31:51 I Cypre Print           "DELETE FROM alldefects WHERE id = 10314280:successful"
2023-01-24 09:31:51 I Cypre Print           "DELETE FROM alldefects WHERE id = 10314457:successful"
2023-01-24 09:31:51 I Cypre Print           "DELETE FROM alldefects WHERE id = 10325630:successful"
2023-01-24 09:31:51 I Cypre Print           "DELETE FROM alldefects WHERE id = 10329088:successful"
2023-01-24 09:31:51 I Cypre Print           "DELETE FROM alldefects WHERE id = 10331177:successful"
2023-01-24 09:31:51 I Cypre Print           "DELETE FROM alldefects WHERE id = 10334325:successful"
2023-01-24 09:31:51 I Cypre Print           "DELETE FROM alldefects WHERE id = 10342244:successful"
2023-01-24 09:31:51 I Cypre Print           "DELETE FROM alldefects WHERE id = 10342256:successful"
2023-01-24 09:31:51 I Cypre Print           "DELETE FROM alldefects WHERE id = 10342321:successful"
2023-01-24 09:31:51 I Cypre Print           "DELETE FROM alldefects WHERE id = 10342333:successful"
2023-01-24 09:31:51 I Cypre Print           "DELETE FROM alldefects WHERE id = 10342388:successful"
2023-01-24 09:31:51 I Cypre Print           "DELETE FROM alldefects WHERE id = 10342396:successful"
2023-01-24 09:31:51 I Cypre Print           "DELETE FROM alldefects WHERE id = 10342400:successful"
2023-01-24 09:31:51 I Cypre Print           "DELETE FROM alldefects WHERE id = 10342402:successful"
2023-01-24 09:31:51 I Cypre Print           "DELETE FROM alldefects WHERE id = 10342411:successful"
2023-01-24 09:31:51 I Cypre Print           "DELETE FROM alldefects WHERE id = 10342412:successful"
2023-01-24 09:31:51 I Cypre Print           "DELETE FROM alldefects WHERE id = 10348893:successful"
2023-01-24 09:31:51 I Cypre Print           "DELETE FROM alldefects WHERE id = 10367048:successful"
2023-01-24 09:31:51 I Cypre Print           "DELETE FROM alldefects WHERE id = 10370424:successful"
2023-01-24 09:31:51 I Cypre Print           "DELETE FROM alldefects WHERE id = 10370543:successful"
2023-01-24 09:31:51 I Cypre Print           "DELETE FROM alldefects WHERE id = 10372506:successful"
2023-01-24 09:31:51 I Cypre Print           "DELETE FROM alldefects WHERE id = 10372512:successful"
2023-01-24 09:31:51 I Cypre Print           "DELETE FROM alldefects WHERE id = 10372667:successful"
2023-01-24 09:31:51 I Cypre Print           "DELETE FROM alldefects WHERE id = 10372816:successful"
2023-01-24 09:31:51 I Cypre Print           "DELETE FROM alldefects WHERE id = 10372903:successful"
2023-01-24 09:31:51 I Cypre Print           "DELETE FROM alldefects WHERE id = 10375701:successful"
2023-01-24 09:31:51 I Cypre Print           "DELETE FROM alldefects WHERE id = 10377145:successful"
2023-01-24 09:31:51 I Cypre Print           "DELETE FROM alldefects WHERE id = 10380254:successful"
2023-01-24 09:31:51 I Cypre Print           "DELETE FROM alldefects WHERE id = 10380356:successful"
2023-01-24 09:31:51 I Cypre Print           "DELETE FROM alldefects WHERE id = 10380389:successful"
2023-01-24 09:31:51 I Cypre Print           "DELETE FROM alldefects WHERE id = 10380425:successful"
2023-01-24 09:31:51 I Cypre Print           "DELETE FROM alldefects WHERE id = 10382020:successful"
2023-01-24 09:31:51 I Cypre Print           "DELETE FROM alldefects WHERE id = 10382032:successful"
2023-01-24 09:31:51 I Cypre Print           "DELETE FROM alldefects WHERE id = 10382779:successful"
2023-01-24 09:31:51 I Cypre Print           "DELETE FROM alldefects WHERE id = 10382782:successful"
2023-01-24 09:31:51 I Cypre Print           "DELETE FROM alldefects WHERE id = 10382797:successful"
2023-01-24 09:31:51 I Cypre Print           "DELETE FROM alldefects WHERE id = 10382803:successful"
2023-01-24 09:31:51 I Cypre Print           "DELETE FROM alldefects WHERE id = 10382806:successful"
2023-01-24 09:31:51 I Cypre Print           "DELETE FROM alldefects WHERE id = 10382821:successful"
2023-01-24 09:31:51 I Cypre Print           "DELETE FROM alldefects WHERE id = 10382833:successful"
2023-01-24 09:31:51 I Cypre Print           "DELETE FROM alldefects WHERE id = 10382837:successful"
2023-01-24 09:31:51 I Cypre Print           "DELETE FROM alldefects WHERE id = 10382842:successful"
2023-01-24 09:31:51 I Cypre Print           "DELETE FROM alldefects WHERE id = 10382847:successful"
2023-01-24 09:31:51 I Cypre Print           "DELETE FROM alldefects WHERE id = 10395424:successful"
2023-01-24 09:31:51 I Cypre Print           "DELETE FROM alldefects WHERE id = 10416050:successful"
2023-01-24 09:31:51 I Cypre Print           "DELETE FROM alldefects WHERE id = 10416491:successful"
2023-01-24 09:31:51 I Cypre Print           "DELETE FROM alldefects WHERE id = 10416498:successful"
2023-01-24 09:31:51 I Cypre Print           "DELETE FROM alldefects WHERE id = 10416503:successful"
2023-01-24 09:31:51 I Cypre Print           "DELETE FROM alldefects WHERE id = 10418142:successful"
2023-01-24 09:31:51 I Cypre Print           "DELETE FROM alldefects WHERE id = 10418438:successful"
2023-01-24 09:31:51 I Cypre Print           "DELETE FROM alldefects WHERE id = 10421752:successful"
2023-01-24 09:31:51 I Cypre Print           "DELETE FROM alldefects WHERE id = 10425319:successful"
2023-01-24 09:31:51 I Cypre Print           "DELETE FROM alldefects WHERE id = 10425337:successful"
2023-01-24 09:31:51 I Cypre Print           "DELETE FROM alldefects WHERE id = 10425369:successful"
2023-01-24 09:31:51 I Cypre Print           "DELETE FROM alldefects WHERE id = 10425645:successful"
2023-01-24 09:31:51 I Cypre Print           "DELETE FROM alldefects WHERE id = 10425650:successful"
2023-01-24 09:31:51 I Cypre Print           "DELETE FROM alldefects WHERE id = 10425657:successful"
2023-01-24 09:31:51 I Cypre Print           "DELETE FROM alldefects WHERE id = 10425660:successful"
2023-01-24 09:31:51 I Cypre Print           "DELETE FROM alldefects WHERE id = 10425671:successful"
2023-01-24 09:31:51 I Cypre Print           "DELETE FROM alldefects WHERE id = 10425695:successful"
2023-01-24 09:31:51 I Cypre Print           "DELETE FROM alldefects WHERE id = 10425702:successful"
2023-01-24 09:31:51 I Cypre Print           "DELETE FROM alldefects WHERE id = 10425716:successful"
2023-01-24 09:31:51 I Cypre Print           "DELETE FROM alldefects WHERE id = 10425724:successful"
2023-01-24 09:31:51 I Cypre Print           "DELETE FROM alldefects WHERE id = 10425729:successful"
2023-01-24 09:31:51 I Cypre Print           "DELETE FROM alldefects WHERE id = 10425752:successful"
2023-01-24 09:31:51 I Cypre Print           "DELETE FROM alldefects WHERE id = 10425761:successful"
2023-01-24 09:31:51 I Cypre Print           "DELETE FROM alldefects WHERE id = 10425948:successful"
2023-01-24 09:31:51 I Cypre Print           "DELETE FROM alldefects WHERE id = 10425957:successful"
2023-01-24 09:31:51 I Cypre Print           "DELETE FROM alldefects WHERE id = 10425969:successful"
2023-01-24 09:31:51 I Cypre Print           "DELETE FROM alldefects WHERE id = 10425983:successful"
2023-01-24 09:31:51 I Cypre Print           "DELETE FROM alldefects WHERE id = 10428463:successful"
2023-01-24 09:31:51 I Cypre Print           "DELETE FROM alldefects WHERE id = 10428474:successful"
2023-01-24 09:31:51 I Cypre Print           "DELETE FROM alldefects WHERE id = 10430026:successful"
2023-01-24 09:31:51 I Cypre Print           "DELETE FROM alldefects WHERE id = 10433007:successful"
2023-01-24 09:31:51 I Cypre Print           "DELETE FROM alldefects WHERE id = 10437333:successful"
2023-01-24 09:31:51 I Cypre Print           "DELETE FROM alldefects WHERE id = 10437340:successful"
2023-01-24 09:31:51 I Cypre Print           "DELETE FROM alldefects WHERE id = 10437347:successful"
2023-01-24 09:31:51 I Cypre Print           "DELETE FROM alldefects WHERE id = 10440647:successful"
2023-01-24 09:31:51 I Cypre Print           "DELETE FROM alldefects WHERE id = 10442503:successful"
2023-01-24 09:31:51 I Cypre Print           "DELETE FROM alldefects WHERE id = 10442519:successful"
2023-01-24 09:31:51 I Cypre Print           "DELETE FROM alldefects WHERE id = 10445934:successful"
2023-01-24 09:31:51 I Cypre Print           "DELETE FROM alldefects WHERE id = 10447081:successful"
2023-01-24 09:31:51 I Cypre Print           "DELETE FROM alldefects WHERE id = 10451980:successful"
2023-01-24 09:31:51 I Cypre Print           "DELETE FROM alldefects WHERE id = 10452084:successful"
2023-01-24 09:31:51 I Cypre Print           "DELETE FROM alldefects WHERE id = 10452575:successful"
2023-01-24 09:31:51 I Cypre Print           "DELETE FROM alldefects WHERE id = 10454972:successful"
2023-01-24 09:31:51 I Cypre Print           "DELETE FROM alldefects WHERE id = 10456519:successful"
2023-01-24 09:31:51 I Cypre Print           "DELETE FROM alldefects WHERE id = 10457388:successful"
2023-01-24 09:31:51 I Cypre Print           "DELETE FROM alldefects WHERE id = 10463654:successful"
2023-01-24 09:31:51 I Cypre Print           "Not enough parameters for the SQL statement"
2023-01-24 09:31:51 I Cypre Print           "INSERT INTO defects (rel, team, status, count, date, priority) SELECT rel, team, status, count((@rn := @rn + 1)) as count, '2023-01-24' as date, priority FROM alldefects cross join (select @rn := 0) const GROUP BY rel, team, status, priority:successful"
2023-01-24 09:38:57 I Cypre get_multipickli "Unassigned don't find the mainteam name from G_parameter"
2023-01-24 09:40:56 I Cypre get_multipickli "Unassigned don't find the mainteam name from G_parameter"
2023-01-24 09:41:05 I Cypre get_multipickli "Unassigned don't find the mainteam name from G_parameter"
2023-01-24 09:41:45 I Cypre get_multipickli "Unassigned don't find the mainteam name from G_parameter"
2023-01-24 09:43:05 I Cypre get_multipickli "Unassigned don't find the mainteam name from G_parameter"
2023-01-24 09:43:11 I Cypre get_multipickli "Unassigned don't find the mainteam name from G_parameter"
2023-01-24 09:43:25 I Cypre get_multipickli "Unassigned don't find the mainteam name from G_parameter"
2023-01-24 09:43:56 I Cypre get_multipickli "Unassigned don't find the mainteam name from G_parameter"
2023-01-24 09:44:02 I Cypre get_multipickli "Unassigned don't find the mainteam name from G_parameter"
2023-01-24 09:44:09 I Cypre get_multipickli "Unassigned don't find the mainteam name from G_parameter"
2023-01-24 09:44:14 I Cypre get_multipickli "Unassigned don't find the mainteam name from G_parameter"
2023-01-24 09:44:58 I Cypre get_multipickli "Unassigned don't find the mainteam name from G_parameter"
2023-01-24 09:45:02 I Cypre get_multipickli "Unassigned don't find the mainteam name from G_parameter"
2023-01-24 09:45:41 I Cypre get_multipickli "Unassigned don't find the mainteam name from G_parameter"
2023-01-24 09:48:23 I Cypre get_multipickli "Unassigned don't find the mainteam name from G_parameter"
2023-01-24 09:48:27 I Cypre get_multipickli "Unassigned don't find the mainteam name from G_parameter"
2023-01-24 09:48:31 I Cypre get_multipickli "Unassigned don't find the mainteam name from G_parameter"
2023-01-24 09:51:32 E Cypre Print           "HTTPSConnectionPool(host='jabra.jamacloud.com', port=443): Max retries exceeded with url: /rest/v1/items/8915424/downstreamrelated (Caused by NewConnectionError('<urllib3.connection.VerifiedHTTPSConnection object at 0x058C1D90>: Failed to establish a new connection: [Errno 11001] getaddrinfo failed'))"
2023-01-24 09:51:54 I Cypre get_multipickli "Unassigned don't find the mainteam name from G_parameter"
2023-01-24 09:53:46 I Cypre get_multipickli "Unassigned don't find the mainteam name from G_parameter"
2023-01-24 09:53:49 I Cypre get_multipickli "Unassigned don't find the mainteam name from G_parameter"
2023-01-24 09:54:20 I Cypre get_multipickli "ESW Platform Test don't find the mainteam name from G_parameter"
2023-01-24 09:54:23 I Cypre get_multipickli "ESW Platform Test don't find the mainteam name from G_parameter"
2023-01-24 09:54:27 I Cypre get_multipickli "ESW Platform Test don't find the mainteam name from G_parameter"
2023-01-24 09:54:35 I Cypre get_multipickli "ESW Platform Test don't find the mainteam name from G_parameter"
2023-01-24 09:54:38 I Cypre get_multipickli "ESW Platform Test don't find the mainteam name from G_parameter"
2023-01-24 09:54:40 I Cypre get_multipickli "ESW Platform Test don't find the mainteam name from G_parameter"
2023-01-24 09:54:43 I Cypre get_multipickli "ESW Platform Test don't find the mainteam name from G_parameter"
2023-01-24 09:54:51 I Cypre get_multipickli "Digital Experience – Android don't find the mainteam name from G_parameter"
2023-01-24 09:54:51 I Cypre get_multipickli "Digital Experience – IOS don't find the mainteam name from G_parameter"
2023-01-24 09:54:55 I Cypre get_multipickli "Digital Experience – Android don't find the mainteam name from G_parameter"
2023-01-24 09:54:55 I Cypre get_multipickli "Digital Experience – IOS don't find the mainteam name from G_parameter"
2023-01-24 09:55:14 I Cypre get_multipickli "Digital Experience – Android don't find the mainteam name from G_parameter"
2023-01-24 09:55:14 I Cypre get_multipickli "Digital Experience – IOS don't find the mainteam name from G_parameter"
2023-01-24 09:55:24 I Cypre get_multipickli "Digital Experience – Android don't find the mainteam name from G_parameter"
2023-01-24 09:55:24 I Cypre get_multipickli "Digital Experience – IOS don't find the mainteam name from G_parameter"
2023-01-24 09:55:29 I Cypre get_multipickli "Digital Experience – Android don't find the mainteam name from G_parameter"
2023-01-24 09:55:29 I Cypre get_multipickli "Digital Experience – IOS don't find the mainteam name from G_parameter"
2023-01-24 09:57:12 I Cypre get_multipickli "Unassigned don't find the mainteam name from G_parameter"
2023-01-24 09:57:31 I Cypre get_multipickli "Digital Experience – Android don't find the mainteam name from G_parameter"
2023-01-24 09:57:31 I Cypre get_multipickli "Digital Experience – IOS don't find the mainteam name from G_parameter"
2023-01-24 09:57:45 I Cypre get_multipickli "Unassigned don't find the mainteam name from G_parameter"
2023-01-24 09:57:46 I Cypre get_multipickli "Digital Experience – SDK don't find the mainteam name from G_parameter"
2023-01-24 09:58:00 I Cypre get_multipickli "Digital Experience – Android don't find the mainteam name from G_parameter"
2023-01-24 09:58:00 I Cypre get_multipickli "Digital Experience – IOS don't find the mainteam name from G_parameter"
2023-01-24 09:58:41 I Cypre get_multipickli "Unassigned don't find the mainteam name from G_parameter"
2023-01-24 09:59:06 I Cypre get_multipickli "Unassigned don't find the mainteam name from G_parameter"
2023-01-24 09:59:18 I Cypre get_multipickli "Unassigned don't find the mainteam name from G_parameter"
2023-01-24 09:59:59 I Cypre get_multipickli "Unassigned don't find the mainteam name from G_parameter"
2023-01-24 10:00:20 I Cypre get_multipickli "Digital Experience – Android don't find the mainteam name from G_parameter"
2023-01-24 10:00:20 I Cypre get_multipickli "Digital Experience – IOS don't find the mainteam name from G_parameter"
2023-01-24 10:00:26 I Cypre get_multipickli "Digital Experience – Android don't find the mainteam name from G_parameter"
2023-01-24 10:00:26 I Cypre get_multipickli "Digital Experience – IOS don't find the mainteam name from G_parameter"
2023-01-24 10:01:02 I Cypre get_multipickli "Unassigned don't find the mainteam name from G_parameter"
2023-01-24 10:01:31 I Cypre get_multipickli "Unassigned don't find the mainteam name from G_parameter"
2023-01-24 10:01:34 I Cypre get_multipickli "Unassigned don't find the mainteam name from G_parameter"
2023-01-24 10:01:54 I Cypre get_multipickli "Digital Experience – Android don't find the mainteam name from G_parameter"
2023-01-24 10:01:54 I Cypre get_multipickli "Digital Experience – IOS don't find the mainteam name from G_parameter"
2023-01-24 10:01:56 I Cypre get_multipickli "Digital Experience – Android don't find the mainteam name from G_parameter"
2023-01-24 10:01:56 I Cypre get_multipickli "Digital Experience – IOS don't find the mainteam name from G_parameter"
2023-01-24 10:02:05 I Cypre get_multipickli "Digital Experience – Android don't find the mainteam name from G_parameter"
2023-01-24 10:02:05 I Cypre get_multipickli "Digital Experience – IOS don't find the mainteam name from G_parameter"
2023-01-24 10:02:08 I Cypre get_multipickli "Digital Experience – Android don't find the mainteam name from G_parameter"
2023-01-24 10:02:08 I Cypre get_multipickli "Digital Experience – IOS don't find the mainteam name from G_parameter"
2023-01-24 10:02:11 I Cypre get_multipickli "Digital Experience – Android don't find the mainteam name from G_parameter"
2023-01-24 10:02:11 I Cypre get_multipickli "Digital Experience – IOS don't find the mainteam name from G_parameter"
2023-01-24 10:02:13 I Cypre get_multipickli "Digital Experience – Android don't find the mainteam name from G_parameter"
2023-01-24 10:02:13 I Cypre get_multipickli "Digital Experience – IOS don't find the mainteam name from G_parameter"
2023-01-24 10:02:16 I Cypre get_multipickli "Digital Experience – Android don't find the mainteam name from G_parameter"
2023-01-24 10:02:16 I Cypre get_multipickli "Digital Experience – IOS don't find the mainteam name from G_parameter"
2023-01-24 10:02:19 I Cypre get_multipickli "Digital Experience – Android don't find the mainteam name from G_parameter"
2023-01-24 10:02:19 I Cypre get_multipickli "Digital Experience – IOS don't find the mainteam name from G_parameter"
2023-01-24 10:02:25 I Cypre get_multipickli "Digital Experience – SDK don't find the mainteam name from G_parameter"
2023-01-24 10:02:50 I Cypre get_multipickli "Digital Experience – Android don't find the mainteam name from G_parameter"
2023-01-24 10:02:50 I Cypre get_multipickli "Digital Experience – IOS don't find the mainteam name from G_parameter"
2023-01-24 10:02:53 I Cypre get_multipickli "Digital Experience – Android don't find the mainteam name from G_parameter"
2023-01-24 10:02:53 I Cypre get_multipickli "Digital Experience – IOS don't find the mainteam name from G_parameter"
2023-01-24 10:02:56 I Cypre get_multipickli "Digital Experience – Android don't find the mainteam name from G_parameter"
2023-01-24 10:02:56 I Cypre get_multipickli "Digital Experience – IOS don't find the mainteam name from G_parameter"
2023-01-24 10:03:21 I Cypre get_multipickli "Unassigned don't find the mainteam name from G_parameter"
2023-01-24 10:03:30 I Cypre get_multipickli "Unassigned don't find the mainteam name from G_parameter"
2023-01-24 10:04:11 I Cypre get_multipickli "Digital Experience – Android don't find the mainteam name from G_parameter"
2023-01-24 10:04:11 I Cypre get_multipickli "Digital Experience – IOS don't find the mainteam name from G_parameter"
2023-01-24 10:04:19 I Cypre get_multipickli "Digital Experience – Android don't find the mainteam name from G_parameter"
2023-01-24 10:04:19 I Cypre get_multipickli "Digital Experience – IOS don't find the mainteam name from G_parameter"
2023-01-24 10:04:50 I Cypre get_multipickli "Unassigned don't find the mainteam name from G_parameter"
2023-01-24 10:05:38 I Cypre Print           "DROP TABLE IF EXISTS allrequirements:successful"
2023-01-24 10:05:38 I Cypre Print           "DROP TABLE IF EXISTS allcoverage:successful"
2023-01-24 10:05:38 I Cypre Print           "CREATE TABLE IF NOT EXISTS requirements (                        rel TEXT, status TEXT, count INT, date TEXT) ENGINE=InnoDB DEFAULT CHARSET=utf8:successful"
2023-01-24 10:05:38 I Cypre Print           "CREATE TABLE IF NOT EXISTS allrequirements (                        id INT, uniqueid TEXT, name TEXT, status TEXT, rel TEXT, upstream TEXT, downstream TEXT, team TEXT, test_status TEXT) ENGINE=InnoDB DEFAULT CHARSET=utf8:successful"
2023-01-24 10:05:38 I Cypre Print           "CREATE TABLE IF NOT EXISTS coverage (                        team text, covered int, expected int, date text) ENGINE=InnoDB DEFAULT CHARSET=utf8:successful"
2023-01-24 10:05:38 I Cypre Print           "CREATE TABLE IF NOT EXISTS allcoverage (                        id INT, uniqueid TEXT, name TEXT, status TEXT, rel TEXT, verify TEXT, missing TEXT) ENGINE=InnoDB DEFAULT CHARSET=utf8:successful"
2023-01-24 10:05:38 I Cypre Print           "DELETE FROM requirements WHERE date='2023-01-24':successful"
2023-01-24 10:05:38 I Cypre Print           "DELETE FROM coverage WHERE date='2023-01-24':successful"
2023-01-24 10:05:38 I Cypre Print           "INSERT INTO requirements (rel, status, count, date) SELECT rel, status, count((@rn := @rn + 1)) as count, '2023-01-24' as date FROM allrequirements cross join (select @rn := 0) const GROUP BY rel, status:successful"
2023-01-24 10:05:38 I Cypre Print           "CREATE TABLE IF NOT EXISTS feattest (rel TEXT, status TEXT, count TEXT, date TEXT) ENGINE=InnoDB DEFAULT CHARSET=utf8:successful"
2023-01-24 10:05:38 I Cypre Print           "CREATE TABLE IF NOT EXISTS reqtest (rel TEXT, status TEXT, count TEXT, date TEXT) ENGINE=InnoDB DEFAULT CHARSET=utf8:successful"
2023-01-24 10:05:38 I Cypre Print           "SELECT id FROM allfeatures:successful"
2023-01-24 10:05:38 I Cypre Print           "SELECT id,upstream,downstream,team FROM allrequirements:successful"
2023-01-24 10:05:38 I Cypre Print           "SELECT id FROM allcoverage:successful"
2023-01-24 10:05:38 I Cypre Print           "SELECT * FROM testcases:successful"
