2023-01-24 09:30:26 I Polar Print           "Connet 20620 successfully!!!"
2023-01-24 09:30:26 I Polar Get_alltests    "Get project name:Polaris id:20620 all testplans"
2023-01-24 09:30:28 I Polar Get_alltests    "{}"
2023-01-24 09:30:28 I Polar Get_alltests    "Get project name:Polaris id:20620 all testplans successful!!!"
2023-01-24 09:30:28 I Polar tidy_alltestcas "0"
2023-01-24 09:30:28 I Polar Print           "DROP TABLE IF EXISTS testcases:successful"
2023-01-24 09:30:28 I Polar Print           "CREATE TABLE IF NOT EXISTS testcases (                             testplan_id INT,                             testplan_name TEXT,                             testgroup_id INT,                             testgroup_name TEXT,                             testcycle_id INT,                             testcycle_name TEXT,                             rel TEXT,                             id INT,                             uniqueid TEXT,                             name TEXT,                             status TEXT,                             upstream TEXT,                             downstream TEXT,                             executionDate TEXT) ENGINE=InnoDB DEFAULT CHARSET=utf8:successful"
2023-01-24 09:30:28 I Polar update_database "Insert testcases table successful"
2023-01-24 09:30:28 I Polar Print           "CREATE TABLE IF NOT EXISTS tests (                             testplan_id INT,                             testplan_name TEXT,                             testplan_status TEXT,                             rel TEXT, status TEXT,                             count INT, date TEXT) ENGINE=InnoDB DEFAULT CHARSET=utf8:successful"
2023-01-24 09:30:28 I Polar Print           "DELETE FROM tests WHERE date='2023-01-24':successful"
2023-01-24 09:30:28 I Polar Print           "SELECT testplan_id FROM tests GROUP BY testplan_id:successful"
2023-01-24 09:30:28 I Polar Print           "INSERT INTO tests (testplan_id, testplan_name, testplan_status, rel, status, count, date) SELECT testplan_id, testplan_name, 'Active' as testplan_status, rel, status, count((@rn := @rn + 1)) as count, '2023-01-24' as date FROM testcases cross join (select @rn := 0) const GROUP BY testplan_id, rel, status:successful"
2023-01-24 09:30:28 I Polar update_database "Insert tests table successful"
2023-01-24 09:30:28 I Polar Print           "CREATE TABLE IF NOT EXISTS testapproval (                                 rel TEXT, team TEXT, status TEXT, upstream TEXT, count INT, date TEXT                                 ) ENGINE=InnoDB DEFAULT CHARSET=utf8:successful"
2023-01-24 09:30:28 I Polar Print           "DROP TABLE IF EXISTS alltestapproval:successful"
2023-01-24 09:30:28 I Polar Print           "CREATE TABLE IF NOT EXISTS alltestapproval (                                 id INT, uniqueid TEXT, name TEXT, status TEXT, rel TEXT, team TEXT, upstream TEXT                                 ) ENGINE=InnoDB DEFAULT CHARSET=utf8:successful"
2023-01-24 09:30:28 I Polar Print           "DELETE FROM testapproval WHERE date='2023-01-24':successful"
2023-01-24 09:30:28 I Polar Print           "INSERT INTO testapproval (rel, team, status, count, date, upstream) SELECT rel, team, status, count((@rn := @rn + 1)) as count, '2023-01-24' as date, upstream FROM alltestapproval cross join (select @rn := 0) const GROUP BY rel, team, status, upstream:successful"
2023-01-24 09:30:31 I Polar Get_allfeatuers "[]"
2023-01-24 09:30:31 I Polar Print           "CREATE TABLE IF NOT EXISTS features (                                rel TEXT, status TEXT, count INT, date TEXT) ENGINE=InnoDB DEFAULT CHARSET=utf8:successful"
2023-01-24 09:30:31 I Polar Print           "CREATE TABLE IF NOT EXISTS allfeatures (                                id INT, uniqueid TEXT, name TEXT, status TEXT, rel TEXT,test_status TEXT) ENGINE=InnoDB DEFAULT CHARSET=utf8:successful"
2023-01-24 09:30:31 I Polar Print           "DELETE FROM features WHERE date='2023-01-24':successful"
2023-01-24 09:30:31 I Polar Print           "DELETE FROM allfeatures WHERE id=20976567:successful"
2023-01-24 09:30:31 I Polar Print           "DELETE FROM allfeatures WHERE id=20623227:successful"
2023-01-24 09:30:31 I Polar Print           "DELETE FROM allfeatures WHERE id=20497723:successful"
2023-01-24 09:30:31 I Polar Print           "DELETE FROM allfeatures WHERE id=20497687:successful"
2023-01-24 09:30:31 I Polar Print           "DELETE FROM allfeatures WHERE id=20495173:successful"
2023-01-24 09:30:31 I Polar Print           "DELETE FROM allfeatures WHERE id=20490902:successful"
2023-01-24 09:30:31 I Polar Print           "DELETE FROM allfeatures WHERE id=20490894:successful"
2023-01-24 09:30:31 I Polar Print           "DELETE FROM allfeatures WHERE id=20490889:successful"
2023-01-24 09:30:31 I Polar Print           "DELETE FROM allfeatures WHERE id=20485504:successful"
2023-01-24 09:30:31 I Polar Print           "DELETE FROM allfeatures WHERE id=20455724:successful"
2023-01-24 09:30:31 I Polar Print           "DELETE FROM allfeatures WHERE id=20455679:successful"
2023-01-24 09:30:31 I Polar Print           "DELETE FROM allfeatures WHERE id=20389169:successful"
2023-01-24 09:30:31 I Polar Print           "DELETE FROM allfeatures WHERE id=20227819:successful"
2023-01-24 09:30:31 I Polar Print           "DELETE FROM allfeatures WHERE id=20199518:successful"
2023-01-24 09:30:31 I Polar Print           "DELETE FROM allfeatures WHERE id=19616757:successful"
2023-01-24 09:30:31 I Polar Print           "INSERT INTO features (rel, status, count, date)                                 SELECT rel, status, count((@rn := @rn + 1)) as count, '2023-01-24' as date FROM allfeatures cross join (select @rn := 0) const GROUP BY rel, status:successful"
2023-01-24 09:30:33 I Polar Get_allchangere "[]"
2023-01-24 09:30:33 I Polar Print           "CREATE TABLE IF NOT EXISTS changes (                                 rel TEXT, status TEXT, priority TEXT,                                 requester TEXT, date TEXT, count INT) ENGINE=InnoDB DEFAULT CHARSET=utf8:successful"
2023-01-24 09:30:33 I Polar Print           "CREATE TABLE IF NOT EXISTS allchanges (                                 id INT, uniqueid TEXT, name TEXT,                                 status TEXT, rel TEXT, priority TEXT,                                 requester TEXT) ENGINE=InnoDB DEFAULT CHARSET=utf8:successful"
2023-01-24 09:30:33 I Polar Print           "DELETE FROM changes WHERE date='2023-01-24':successful"
2023-01-24 09:30:33 I Polar Print           "INSERT INTO changes (                                 rel, status, priority, requester, date, count)                                 SELECT rel, status, priority, requester, '2023-01-24' as date, count((@rn := @rn + 1)) as count FROM allchanges                                 cross join (select @rn := 0) const GROUP BY rel, status, priority, requester:successful"
2023-01-24 09:30:35 I Polar Print           "CREATE TABLE IF NOT EXISTS designspec (                            rel TEXT, team TEXT, status TEXT, count INT, date text) ENGINE=InnoDB DEFAULT CHARSET=utf8:successful"
2023-01-24 09:30:35 I Polar Print           "CREATE TABLE IF NOT EXISTS alldesignspec (                             id INT, uniqueid TEXT, name TEXT, status TEXT, rel TEXT, team TEXT) ENGINE=InnoDB DEFAULT CHARSET=utf8:successful"
2023-01-24 09:30:35 I Polar Print           "DELETE FROM designspec WHERE date='2023-01-24':successful"
2023-01-24 09:30:35 I Polar Print           "INSERT INTO designspec (rel, team, status, count, date) SELECT rel, team, status, count((@rn := @rn + 1)) as count, '2023-01-24' as date FROM alldesignspec cross join (select @rn := 0) const GROUP BY rel, team, status:successful"
2023-01-24 09:30:38 I Polar Get_alluserstor "[]"
2023-01-24 09:30:38 I Polar Print           "CREATE TABLE IF NOT EXISTS userstories (                 rel TEXT, status TEXT, count INT, date TEXT) ENGINE=InnoDB DEFAULT CHARSET=utf8:successful"
2023-01-24 09:30:38 I Polar Print           "CREATE TABLE IF NOT EXISTS alluserstories (                 id INT, uniqueid TEXT, name TEXT, status TEXT, rel TEXT) ENGINE=InnoDB DEFAULT CHARSET=utf8:successful"
2023-01-24 09:30:38 I Polar Print           "DELETE FROM userstories WHERE date='2023-01-24':successful"
2023-01-24 09:30:38 I Polar Print           "INSERT INTO userstories (rel, status, count, date) SELECT rel, status, count((@rn := @rn + 1)) as count, '2023-01-24' as date FROM alluserstories cross join (select @rn := 0) const GROUP BY rel, status:successful"
2023-01-24 09:30:42 I Polar Get_alldefects  "[]"
2023-01-24 09:30:42 I Polar Print           "CREATE TABLE IF NOT EXISTS defects (                     rel TEXT, team TEXT, status TEXT, priority TEXT, count INT, date TEXT) ENGINE=InnoDB DEFAULT CHARSET=utf8:successful"
2023-01-24 09:30:42 I Polar Print           "CREATE TABLE IF NOT EXISTS alldefects (                     id INT, uniqueid TEXT, name TEXT, status TEXT, rel TEXT, team TEXT, priority TEXT, jira TEXT, upstream TEXT) ENGINE=InnoDB DEFAULT CHARSET=utf8:successful"
2023-01-24 09:30:42 I Polar Print           "DELETE FROM defects WHERE date='2023-01-24':successful"
2023-01-24 09:30:42 I Polar Print           "INSERT INTO defects (rel, team, status, count, date, priority) SELECT rel, team, status, count((@rn := @rn + 1)) as count, '2023-01-24' as date, priority FROM alldefects cross join (select @rn := 0) const GROUP BY rel, team, status, priority:successful"
2023-01-24 09:32:06 I Polar get_multipickli "Unassigned don't find the mainteam name from G_parameter"
2023-01-24 09:32:11 I Polar get_multipickli "Unassigned don't find the mainteam name from G_parameter"
2023-01-24 09:32:15 I Polar get_multipickli "Unassigned don't find the mainteam name from G_parameter"
2023-01-24 09:33:20 I Polar get_multipickli "Unassigned don't find the mainteam name from G_parameter"
2023-01-24 09:34:37 I Polar get_multipickli "Unassigned don't find the mainteam name from G_parameter"
2023-01-24 09:34:46 I Polar get_multipickli "Unassigned don't find the mainteam name from G_parameter"
2023-01-24 09:34:51 I Polar get_multipickli "Unassigned don't find the mainteam name from G_parameter"
2023-01-24 09:35:44 I Polar get_multipickli "Unassigned don't find the mainteam name from G_parameter"
2023-01-24 09:35:56 I Polar get_multipickli "Unassigned don't find the mainteam name from G_parameter"
2023-01-24 09:36:15 I Polar get_multipickli "Unassigned don't find the mainteam name from G_parameter"
2023-01-24 09:36:40 I Polar get_multipickli "Unassigned don't find the mainteam name from G_parameter"
2023-01-24 09:36:58 I Polar get_multipickli "Unassigned don't find the mainteam name from G_parameter"
2023-01-24 09:37:17 I Polar get_multipickli "Unassigned don't find the mainteam name from G_parameter"
2023-01-24 09:37:36 I Polar get_multipickli "Unassigned don't find the mainteam name from G_parameter"
2023-01-24 09:37:55 I Polar get_multipickli "Unassigned don't find the mainteam name from G_parameter"
2023-01-24 09:38:14 I Polar get_multipickli "Unassigned don't find the mainteam name from G_parameter"
2023-01-24 09:39:10 I Polar get_multipickli "Unassigned don't find the mainteam name from G_parameter"
2023-01-24 09:40:35 I Polar get_multipickli "Unassigned don't find the mainteam name from G_parameter"
2023-01-24 09:40:40 I Polar get_multipickli "Unassigned don't find the mainteam name from G_parameter"
2023-01-24 09:40:45 I Polar get_multipickli "Unassigned don't find the mainteam name from G_parameter"
2023-01-24 09:40:50 I Polar get_multipickli "Unassigned don't find the mainteam name from G_parameter"
2023-01-24 09:40:55 I Polar get_multipickli "Unassigned don't find the mainteam name from G_parameter"
2023-01-24 09:40:59 I Polar get_multipickli "Unassigned don't find the mainteam name from G_parameter"
2023-01-24 09:41:03 I Polar get_multipickli "Unassigned don't find the mainteam name from G_parameter"
2023-01-24 09:41:09 I Polar get_multipickli "Unassigned don't find the mainteam name from G_parameter"
2023-01-24 09:41:16 I Polar get_multipickli "Unassigned don't find the mainteam name from G_parameter"
2023-01-24 09:41:19 I Polar get_multipickli "Unassigned don't find the mainteam name from G_parameter"
2023-01-24 09:41:23 I Polar get_multipickli "Unassigned don't find the mainteam name from G_parameter"
2023-01-24 09:41:28 I Polar get_multipickli "Unassigned don't find the mainteam name from G_parameter"
2023-01-24 09:41:33 I Polar get_multipickli "Unassigned don't find the mainteam name from G_parameter"
2023-01-24 09:41:39 I Polar get_multipickli "Unassigned don't find the mainteam name from G_parameter"
2023-01-24 09:41:45 I Polar get_multipickli "Unassigned don't find the mainteam name from G_parameter"
2023-01-24 09:41:50 I Polar get_multipickli "Unassigned don't find the mainteam name from G_parameter"
2023-01-24 09:41:55 I Polar get_multipickli "Unassigned don't find the mainteam name from G_parameter"
2023-01-24 09:41:59 I Polar get_multipickli "Unassigned don't find the mainteam name from G_parameter"
2023-01-24 09:42:07 I Polar get_multipickli "Unassigned don't find the mainteam name from G_parameter"
2023-01-24 09:42:16 I Polar get_multipickli "Unassigned don't find the mainteam name from G_parameter"
2023-01-24 09:42:23 I Polar get_multipickli "Unassigned don't find the mainteam name from G_parameter"
2023-01-24 09:42:29 I Polar get_multipickli "Unassigned don't find the mainteam name from G_parameter"
2023-01-24 09:42:34 I Polar get_multipickli "Unassigned don't find the mainteam name from G_parameter"
2023-01-24 09:42:39 I Polar get_multipickli "Unassigned don't find the mainteam name from G_parameter"
2023-01-24 09:42:46 I Polar get_multipickli "Unassigned don't find the mainteam name from G_parameter"
2023-01-24 09:42:52 I Polar get_multipickli "Unassigned don't find the mainteam name from G_parameter"
2023-01-24 09:42:59 I Polar get_multipickli "Unassigned don't find the mainteam name from G_parameter"
2023-01-24 09:43:06 I Polar get_multipickli "Unassigned don't find the mainteam name from G_parameter"
2023-01-24 09:43:11 I Polar get_multipickli "Unassigned don't find the mainteam name from G_parameter"
2023-01-24 09:43:18 I Polar get_multipickli "Unassigned don't find the mainteam name from G_parameter"
2023-01-24 09:43:25 I Polar get_multipickli "Unassigned don't find the mainteam name from G_parameter"
2023-01-24 09:43:31 I Polar get_multipickli "Unassigned don't find the mainteam name from G_parameter"
2023-01-24 09:43:37 I Polar get_multipickli "Unassigned don't find the mainteam name from G_parameter"
2023-01-24 09:43:45 I Polar get_multipickli "Unassigned don't find the mainteam name from G_parameter"
2023-01-24 09:44:14 I Polar get_multipickli "Unassigned don't find the mainteam name from G_parameter"
2023-01-24 09:44:19 I Polar get_multipickli "Unassigned don't find the mainteam name from G_parameter"
2023-01-24 09:44:24 I Polar get_multipickli "Unassigned don't find the mainteam name from G_parameter"
2023-01-24 09:44:28 I Polar get_multipickli "Unassigned don't find the mainteam name from G_parameter"
2023-01-24 09:44:33 I Polar get_multipickli "Unassigned don't find the mainteam name from G_parameter"
2023-01-24 09:44:37 I Polar get_multipickli "Unassigned don't find the mainteam name from G_parameter"
2023-01-24 09:44:42 I Polar get_multipickli "Unassigned don't find the mainteam name from G_parameter"
2023-01-24 09:45:05 I Polar get_multipickli "Unassigned don't find the mainteam name from G_parameter"
2023-01-24 09:45:09 I Polar get_multipickli "Unassigned don't find the mainteam name from G_parameter"
2023-01-24 09:45:13 I Polar get_multipickli "Unassigned don't find the mainteam name from G_parameter"
2023-01-24 09:45:18 I Polar get_multipickli "Unassigned don't find the mainteam name from G_parameter"
2023-01-24 09:45:23 I Polar get_multipickli "Unassigned don't find the mainteam name from G_parameter"
2023-01-24 09:45:27 I Polar get_multipickli "Unassigned don't find the mainteam name from G_parameter"
2023-01-24 09:51:32 E Polar Print           "HTTPSConnectionPool(host='jabra.jamacloud.com', port=443): Max retries exceeded with url: /rest/v1/items/10171362/parent (Caused by NewConnectionError('<urllib3.connection.VerifiedHTTPSConnection object at 0x04E83790>: Failed to establish a new connection: [Errno 11001] getaddrinfo failed'))"
2023-01-24 09:53:52 I Polar get_multipickli "ESW Platform Test don't find the mainteam name from G_parameter"
2023-01-24 09:53:55 I Polar get_multipickli "ESW Platform Test don't find the mainteam name from G_parameter"
2023-01-24 09:53:58 I Polar get_multipickli "ESW Platform Test don't find the mainteam name from G_parameter"
2023-01-24 09:54:18 I Polar get_multipickli "ESW Platform Test don't find the mainteam name from G_parameter"
2023-01-24 09:54:20 I Polar get_multipickli "ESW Platform Test don't find the mainteam name from G_parameter"
2023-01-24 09:54:23 I Polar get_multipickli "ESW Platform Test don't find the mainteam name from G_parameter"
2023-01-24 09:54:36 I Polar get_multipickli "Digital Experience – Android don't find the mainteam name from G_parameter"
2023-01-24 09:54:37 I Polar get_multipickli "Digital Experience – IOS don't find the mainteam name from G_parameter"
2023-01-24 09:54:39 I Polar get_multipickli "Digital Experience – SDK don't find the mainteam name from G_parameter"
2023-01-24 09:54:47 I Polar get_multipickli "Digital Experience – Android don't find the mainteam name from G_parameter"
2023-01-24 09:54:48 I Polar get_multipickli "Digital Experience – IOS don't find the mainteam name from G_parameter"
2023-01-24 09:54:50 I Polar get_multipickli "Unassigned don't find the mainteam name from G_parameter"
2023-01-24 09:54:52 I Polar get_multipickli "Digital Experience – Android don't find the mainteam name from G_parameter"
2023-01-24 09:54:52 I Polar get_multipickli "Digital Experience – IOS don't find the mainteam name from G_parameter"
2023-01-24 09:54:58 I Polar get_multipickli "Digital Experience – Android don't find the mainteam name from G_parameter"
2023-01-24 09:54:58 I Polar get_multipickli "Digital Experience – IOS don't find the mainteam name from G_parameter"
2023-01-24 09:55:01 I Polar get_multipickli "Digital Experience – Android don't find the mainteam name from G_parameter"
2023-01-24 09:55:01 I Polar get_multipickli "Digital Experience – IOS don't find the mainteam name from G_parameter"
2023-01-24 09:58:26 I Polar get_multipickli "Unassigned don't find the mainteam name from G_parameter"
2023-01-24 09:58:29 I Polar get_multipickli "Unassigned don't find the mainteam name from G_parameter"
2023-01-24 09:58:39 I Polar get_multipickli "Unassigned don't find the mainteam name from G_parameter"
2023-01-24 10:00:18 I Polar get_multipickli "Unassigned don't find the mainteam name from G_parameter"
2023-01-24 10:00:26 I Polar get_multipickli "Unassigned don't find the mainteam name from G_parameter"
2023-01-24 10:02:01 I Polar get_multipickli "Unassigned don't find the mainteam name from G_parameter"
2023-01-24 10:02:04 I Polar get_multipickli "Unassigned don't find the mainteam name from G_parameter"
2023-01-24 10:02:07 I Polar get_multipickli "Unassigned don't find the mainteam name from G_parameter"
2023-01-24 10:02:12 I Polar get_multipickli "Unassigned don't find the mainteam name from G_parameter"
2023-01-24 10:02:14 I Polar get_multipickli "Unassigned don't find the mainteam name from G_parameter"
2023-01-24 10:02:19 I Polar get_multipickli "Unassigned don't find the mainteam name from G_parameter"
2023-01-24 10:03:50 I Polar get_multipickli "Digital Experience – Android don't find the mainteam name from G_parameter"
2023-01-24 10:03:50 I Polar get_multipickli "Digital Experience – IOS don't find the mainteam name from G_parameter"
2023-01-24 10:04:04 I Polar get_multipickli "Digital Experience – Android don't find the mainteam name from G_parameter"
2023-01-24 10:04:04 I Polar get_multipickli "Digital Experience – IOS don't find the mainteam name from G_parameter"
2023-01-24 10:04:23 I Polar get_multipickli "Digital Experience – Android don't find the mainteam name from G_parameter"
2023-01-24 10:04:23 I Polar get_multipickli "Digital Experience – IOS don't find the mainteam name from G_parameter"
2023-01-24 10:04:34 I Polar get_multipickli "Digital Experience – Android don't find the mainteam name from G_parameter"
2023-01-24 10:04:34 I Polar get_multipickli "Digital Experience – IOS don't find the mainteam name from G_parameter"
2023-01-24 10:04:53 I Polar get_multipickli "Digital Experience – Android don't find the mainteam name from G_parameter"
2023-01-24 10:04:53 I Polar get_multipickli "Digital Experience – IOS don't find the mainteam name from G_parameter"
2023-01-24 10:04:53 I Polar get_multipickli "Digital Experience – SDK don't find the mainteam name from G_parameter"
2023-01-24 10:04:58 I Polar get_multipickli "Unassigned don't find the mainteam name from G_parameter"
2023-01-24 10:05:41 I Polar get_multipickli "Unassigned don't find the mainteam name from G_parameter"
2023-01-24 10:05:51 I Polar get_multipickli "Unassigned don't find the mainteam name from G_parameter"
2023-01-24 10:05:53 I Polar get_multipickli "Digital Experience – Android don't find the mainteam name from G_parameter"
2023-01-24 10:05:53 I Polar get_multipickli "Digital Experience – IOS don't find the mainteam name from G_parameter"
2023-01-24 10:05:54 I Polar get_multipickli "Digital Experience – Android don't find the mainteam name from G_parameter"
2023-01-24 10:05:54 I Polar get_multipickli "Digital Experience – IOS don't find the mainteam name from G_parameter"
2023-01-24 10:05:56 I Polar get_multipickli "Digital Experience – Android don't find the mainteam name from G_parameter"
2023-01-24 10:05:56 I Polar get_multipickli "Digital Experience – IOS don't find the mainteam name from G_parameter"
2023-01-24 10:05:58 I Polar get_multipickli "Digital Experience – Android don't find the mainteam name from G_parameter"
2023-01-24 10:05:58 I Polar get_multipickli "Digital Experience – IOS don't find the mainteam name from G_parameter"
2023-01-24 10:06:00 I Polar get_multipickli "Digital Experience – Android don't find the mainteam name from G_parameter"
2023-01-24 10:06:00 I Polar get_multipickli "Digital Experience – IOS don't find the mainteam name from G_parameter"
2023-01-24 10:06:02 I Polar get_multipickli "Digital Experience – Android don't find the mainteam name from G_parameter"
2023-01-24 10:06:02 I Polar get_multipickli "Digital Experience – IOS don't find the mainteam name from G_parameter"
2023-01-24 10:06:04 I Polar get_multipickli "Digital Experience – Android don't find the mainteam name from G_parameter"
2023-01-24 10:06:04 I Polar get_multipickli "Digital Experience – IOS don't find the mainteam name from G_parameter"
2023-01-24 10:06:08 I Polar get_multipickli "Unassigned don't find the mainteam name from G_parameter"
2023-01-24 10:06:10 I Polar get_multipickli "Digital Experience – Android don't find the mainteam name from G_parameter"
2023-01-24 10:06:10 I Polar get_multipickli "Digital Experience – IOS don't find the mainteam name from G_parameter"
2023-01-24 10:06:12 I Polar get_multipickli "Digital Experience – Android don't find the mainteam name from G_parameter"
2023-01-24 10:06:13 I Polar get_multipickli "Digital Experience – Android don't find the mainteam name from G_parameter"
2023-01-24 10:06:15 I Polar get_multipickli "Digital Experience – Android don't find the mainteam name from G_parameter"
2023-01-24 10:06:17 I Polar get_multipickli "Digital Experience – Android don't find the mainteam name from G_parameter"
2023-01-24 10:06:18 I Polar get_multipickli "Digital Experience – Android don't find the mainteam name from G_parameter"
2023-01-24 10:06:20 I Polar get_multipickli "Digital Experience – Android don't find the mainteam name from G_parameter"
2023-01-24 10:06:48 I Polar Print           "DROP TABLE IF EXISTS allrequirements:successful"
2023-01-24 10:06:48 I Polar Print           "DROP TABLE IF EXISTS allcoverage:successful"
2023-01-24 10:06:48 I Polar Print           "CREATE TABLE IF NOT EXISTS requirements (                        rel TEXT, status TEXT, count INT, date TEXT) ENGINE=InnoDB DEFAULT CHARSET=utf8:successful"
2023-01-24 10:06:48 I Polar Print           "CREATE TABLE IF NOT EXISTS allrequirements (                        id INT, uniqueid TEXT, name TEXT, status TEXT, rel TEXT, upstream TEXT, downstream TEXT, team TEXT, test_status TEXT) ENGINE=InnoDB DEFAULT CHARSET=utf8:successful"
2023-01-24 10:06:48 I Polar Print           "CREATE TABLE IF NOT EXISTS coverage (                        team text, covered int, expected int, date text) ENGINE=InnoDB DEFAULT CHARSET=utf8:successful"
2023-01-24 10:06:48 I Polar Print           "CREATE TABLE IF NOT EXISTS allcoverage (                        id INT, uniqueid TEXT, name TEXT, status TEXT, rel TEXT, verify TEXT, missing TEXT) ENGINE=InnoDB DEFAULT CHARSET=utf8:successful"
2023-01-24 10:06:48 I Polar Print           "DELETE FROM requirements WHERE date='2023-01-24':successful"
2023-01-24 10:06:48 I Polar Print           "DELETE FROM coverage WHERE date='2023-01-24':successful"
2023-01-24 10:06:48 I Polar Print           "INSERT INTO requirements (rel, status, count, date) SELECT rel, status, count((@rn := @rn + 1)) as count, '2023-01-24' as date FROM allrequirements cross join (select @rn := 0) const GROUP BY rel, status:successful"
2023-01-24 10:06:48 I Polar Print           "CREATE TABLE IF NOT EXISTS feattest (rel TEXT, status TEXT, count TEXT, date TEXT) ENGINE=InnoDB DEFAULT CHARSET=utf8:successful"
2023-01-24 10:06:48 I Polar Print           "CREATE TABLE IF NOT EXISTS reqtest (rel TEXT, status TEXT, count TEXT, date TEXT) ENGINE=InnoDB DEFAULT CHARSET=utf8:successful"
2023-01-24 10:06:48 I Polar Print           "SELECT id FROM allfeatures:successful"
2023-01-24 10:06:48 I Polar Print           "SELECT id,upstream,downstream,team FROM allrequirements:successful"
2023-01-24 10:06:48 I Polar Print           "SELECT id FROM allcoverage:successful"
2023-01-24 10:06:48 I Polar Print           "SELECT * FROM testcases:successful"
