2023-01-22 07:37:44 I FRO   Print           "Connet 20558 successfully!!!"
2023-01-22 07:37:44 I FRO   Get_alltests    "Get project name:FRO id:20558 all testplans"
2023-01-22 07:37:54 I FRO   Get_alltests    "{8250349: {'id': 8250349, 'name': 'Product Verification Test Plan', 'archived': False, 'index': '8250349:Product Verification Test Plan'}}"
2023-01-22 07:37:54 I FRO   Get_alltests    "Get project name:FRO id:20558 all testplans successful!!!"
2023-01-22 07:38:55 I FRO   tidy_alltestcas "31"
2023-01-22 07:39:05 I FRO   Print           "DROP TABLE IF EXISTS testcases:successful"
2023-01-22 07:39:05 I FRO   Print           "CREATE TABLE IF NOT EXISTS testcases (                             testplan_id INT,                             testplan_name TEXT,                             testgroup_id INT,                             testgroup_name TEXT,                             testcycle_id INT,                             testcycle_name TEXT,                             rel TEXT,                             id INT,                             uniqueid TEXT,                             name TEXT,                             status TEXT,                             upstream TEXT,                             downstream TEXT,                             executionDate TEXT) ENGINE=InnoDB DEFAULT CHARSET=utf8:successful"
2023-01-22 07:39:05 I FRO   update_database "Insert testcases table successful"
2023-01-22 07:39:05 I FRO   Print           "CREATE TABLE IF NOT EXISTS tests (                             testplan_id INT,                             testplan_name TEXT,                             testplan_status TEXT,                             rel TEXT, status TEXT,                             count INT, date TEXT) ENGINE=InnoDB DEFAULT CHARSET=utf8:successful"
2023-01-22 07:39:05 I FRO   Print           "DELETE FROM tests WHERE date='2023-01-22':successful"
2023-01-22 07:39:05 I FRO   Print           "SELECT testplan_id FROM tests GROUP BY testplan_id:successful"
2023-01-22 07:39:05 I FRO   Print           "SELECT testplan_name FROM tests WHERE testplan_id=8250349 LIMIT 1:successful"
2023-01-22 07:39:05 I FRO   Print           "UPDATE tests SET testplan_status='Active' WHERE testplan_id=8250349:successful"
2023-01-22 07:39:05 I FRO   Print           "INSERT INTO tests (testplan_id, testplan_name, testplan_status, rel, status, count, date) SELECT testplan_id, testplan_name, 'Active' as testplan_status, rel, status, count((@rn := @rn + 1)) as count, '2023-01-22' as date FROM testcases cross join (select @rn := 0) const GROUP BY testplan_id, rel, status:successful"
2023-01-22 07:39:05 I FRO   update_database "Insert tests table successful"
2023-01-22 07:39:05 I FRO   Print           "CREATE TABLE IF NOT EXISTS testapproval (                                 rel TEXT, team TEXT, status TEXT, upstream TEXT, count INT, date TEXT                                 ) ENGINE=InnoDB DEFAULT CHARSET=utf8:successful"
2023-01-22 07:39:05 I FRO   Print           "DROP TABLE IF EXISTS alltestapproval:successful"
2023-01-22 07:39:05 I FRO   Print           "CREATE TABLE IF NOT EXISTS alltestapproval (                                 id INT, uniqueid TEXT, name TEXT, status TEXT, rel TEXT, team TEXT, upstream TEXT                                 ) ENGINE=InnoDB DEFAULT CHARSET=utf8:successful"
2023-01-22 07:39:05 I FRO   Print           "DELETE FROM testapproval WHERE date='2023-01-22':successful"
2023-01-22 07:39:05 I FRO   Print           "INSERT INTO testapproval (rel, team, status, count, date, upstream) SELECT rel, team, status, count((@rn := @rn + 1)) as count, '2023-01-22' as date, upstream FROM alltestapproval cross join (select @rn := 0) const GROUP BY rel, team, status, upstream:successful"
2023-01-22 07:39:18 I FRO   Get_allfeatuers "[]"
2023-01-22 07:39:18 I FRO   Print           "CREATE TABLE IF NOT EXISTS features (                                rel TEXT, status TEXT, count INT, date TEXT) ENGINE=InnoDB DEFAULT CHARSET=utf8:successful"
2023-01-22 07:39:18 I FRO   Print           "CREATE TABLE IF NOT EXISTS allfeatures (                                id INT, uniqueid TEXT, name TEXT, status TEXT, rel TEXT,test_status TEXT) ENGINE=InnoDB DEFAULT CHARSET=utf8:successful"
2023-01-22 07:39:18 I FRO   Print           "DELETE FROM features WHERE date='2023-01-22':successful"
2023-01-22 07:39:18 I FRO   Print           "DELETE FROM allfeatures WHERE id=15807102:successful"
2023-01-22 07:39:18 I FRO   Print           "DELETE FROM allfeatures WHERE id=15807101:successful"
2023-01-22 07:39:18 I FRO   Print           "DELETE FROM allfeatures WHERE id=15807031:successful"
2023-01-22 07:39:18 I FRO   Print           "DELETE FROM allfeatures WHERE id=15803971:successful"
2023-01-22 07:39:18 I FRO   Print           "DELETE FROM allfeatures WHERE id=15778771:successful"
2023-01-22 07:39:18 I FRO   Print           "DELETE FROM allfeatures WHERE id=15778714:successful"
2023-01-22 07:39:18 I FRO   Print           "DELETE FROM allfeatures WHERE id=15777372:successful"
2023-01-22 07:39:18 I FRO   Print           "DELETE FROM allfeatures WHERE id=15777006:successful"
2023-01-22 07:39:18 I FRO   Print           "DELETE FROM allfeatures WHERE id=15776996:successful"
2023-01-22 07:39:18 I FRO   Print           "DELETE FROM allfeatures WHERE id=15776228:successful"
2023-01-22 07:39:18 I FRO   Print           "DELETE FROM allfeatures WHERE id=15771315:successful"
2023-01-22 07:39:18 I FRO   Print           "DELETE FROM allfeatures WHERE id=15763879:successful"
2023-01-22 07:39:18 I FRO   Print           "DELETE FROM allfeatures WHERE id=15763793:successful"
2023-01-22 07:39:18 I FRO   Print           "DELETE FROM allfeatures WHERE id=15723859:successful"
2023-01-22 07:39:18 I FRO   Print           "DELETE FROM allfeatures WHERE id=15714554:successful"
2023-01-22 07:39:18 I FRO   Print           "DELETE FROM allfeatures WHERE id=15693814:successful"
2023-01-22 07:39:18 I FRO   Print           "DELETE FROM allfeatures WHERE id=15692849:successful"
2023-01-22 07:39:18 I FRO   Print           "DELETE FROM allfeatures WHERE id=15691813:successful"
2023-01-22 07:39:18 I FRO   Print           "DELETE FROM allfeatures WHERE id=15431242:successful"
2023-01-22 07:39:18 I FRO   Print           "INSERT INTO features (rel, status, count, date)                                 SELECT rel, status, count((@rn := @rn + 1)) as count, '2023-01-22' as date FROM allfeatures cross join (select @rn := 0) const GROUP BY rel, status:successful"
2023-01-22 07:39:25 I FRO   Get_allchangere "[]"
2023-01-22 07:39:25 I FRO   Print           "CREATE TABLE IF NOT EXISTS changes (                                 rel TEXT, status TEXT, priority TEXT,                                 requester TEXT, date TEXT, count INT) ENGINE=InnoDB DEFAULT CHARSET=utf8:successful"
2023-01-22 07:39:25 I FRO   Print           "CREATE TABLE IF NOT EXISTS allchanges (                                 id INT, uniqueid TEXT, name TEXT,                                 status TEXT, rel TEXT, priority TEXT,                                 requester TEXT) ENGINE=InnoDB DEFAULT CHARSET=utf8:successful"
2023-01-22 07:39:25 I FRO   Print           "DELETE FROM changes WHERE date='2023-01-22':successful"
2023-01-22 07:39:25 I FRO   Print           "INSERT INTO changes (                                 rel, status, priority, requester, date, count)                                 SELECT rel, status, priority, requester, '2023-01-22' as date, count((@rn := @rn + 1)) as count FROM allchanges                                 cross join (select @rn := 0) const GROUP BY rel, status, priority, requester:successful"
2023-01-22 07:39:31 I FRO   Print           "CREATE TABLE IF NOT EXISTS designspec (                            rel TEXT, team TEXT, status TEXT, count INT, date text) ENGINE=InnoDB DEFAULT CHARSET=utf8:successful"
2023-01-22 07:39:31 I FRO   Print           "CREATE TABLE IF NOT EXISTS alldesignspec (                             id INT, uniqueid TEXT, name TEXT, status TEXT, rel TEXT, team TEXT) ENGINE=InnoDB DEFAULT CHARSET=utf8:successful"
2023-01-22 07:39:31 I FRO   Print           "DELETE FROM designspec WHERE date='2023-01-22':successful"
2023-01-22 07:39:31 I FRO   Print           "INSERT INTO designspec (rel, team, status, count, date) SELECT rel, team, status, count((@rn := @rn + 1)) as count, '2023-01-22' as date FROM alldesignspec cross join (select @rn := 0) const GROUP BY rel, team, status:successful"
2023-01-22 07:39:37 I FRO   Get_alluserstor "[]"
2023-01-22 07:39:37 I FRO   Print           "CREATE TABLE IF NOT EXISTS userstories (                 rel TEXT, status TEXT, count INT, date TEXT) ENGINE=InnoDB DEFAULT CHARSET=utf8:successful"
2023-01-22 07:39:37 I FRO   Print           "CREATE TABLE IF NOT EXISTS alluserstories (                 id INT, uniqueid TEXT, name TEXT, status TEXT, rel TEXT) ENGINE=InnoDB DEFAULT CHARSET=utf8:successful"
2023-01-22 07:39:37 I FRO   Print           "DELETE FROM userstories WHERE date='2023-01-22':successful"
2023-01-22 07:39:37 I FRO   Print           "INSERT INTO userstories (rel, status, count, date) SELECT rel, status, count((@rn := @rn + 1)) as count, '2023-01-22' as date FROM alluserstories cross join (select @rn := 0) const GROUP BY rel, status:successful"
2023-01-22 07:39:42 I FRO   Get_alldefects  "[]"
2023-01-22 07:39:42 I FRO   Print           "CREATE TABLE IF NOT EXISTS defects (                     rel TEXT, team TEXT, status TEXT, priority TEXT, count INT, date TEXT) ENGINE=InnoDB DEFAULT CHARSET=utf8:successful"
2023-01-22 07:39:42 I FRO   Print           "CREATE TABLE IF NOT EXISTS alldefects (                     id INT, uniqueid TEXT, name TEXT, status TEXT, rel TEXT, team TEXT, priority TEXT, jira TEXT, upstream TEXT) ENGINE=InnoDB DEFAULT CHARSET=utf8:successful"
2023-01-22 07:39:42 I FRO   Print           "DELETE FROM defects WHERE date='2023-01-22':successful"
2023-01-22 07:39:42 I FRO   Print           "INSERT INTO defects (rel, team, status, count, date, priority) SELECT rel, team, status, count((@rn := @rn + 1)) as count, '2023-01-22' as date, priority FROM alldefects cross join (select @rn := 0) const GROUP BY rel, team, status, priority:successful"
2023-01-22 07:45:23 I FRO   get_multipickli "Unassigned don't find the mainteam name from G_parameter"
2023-01-22 07:49:28 I FRO   get_multipickli "Unassigned don't find the mainteam name from G_parameter"
2023-01-22 07:52:58 I FRO   get_multipickli "Unassigned don't find the mainteam name from G_parameter"
2023-01-22 07:55:23 I FRO   get_multipickli "Digital Experience – Android don't find the mainteam name from G_parameter"
2023-01-22 07:55:30 I FRO   get_multipickli "Digital Experience – IOS don't find the mainteam name from G_parameter"
2023-01-22 07:56:22 I FRO   get_multipickli "Digital Experience – Android don't find the mainteam name from G_parameter"
2023-01-22 07:56:22 I FRO   get_multipickli "Digital Experience – IOS don't find the mainteam name from G_parameter"
2023-01-22 07:56:27 I FRO   get_multipickli "Unassigned don't find the mainteam name from G_parameter"
2023-01-22 07:56:27 I FRO   get_multipickli "Digital Experience – Android don't find the mainteam name from G_parameter"
2023-01-22 07:56:27 I FRO   get_multipickli "Digital Experience – IOS don't find the mainteam name from G_parameter"
2023-01-22 08:00:05 I FRO   get_multipickli "Digital Experience – SDK don't find the mainteam name from G_parameter"
2023-01-22 08:00:12 I FRO   get_multipickli "Digital Experience – SDK don't find the mainteam name from G_parameter"
2023-01-22 08:00:19 I FRO   get_multipickli "Digital Experience – SDK don't find the mainteam name from G_parameter"
2023-01-22 08:00:28 I FRO   get_multipickli "Digital Experience – SDK don't find the mainteam name from G_parameter"
2023-01-22 08:01:18 I FRO   get_multipickli "Digital Experience – SDK don't find the mainteam name from G_parameter"
2023-01-22 08:13:46 I FRO   get_multipickli "Unassigned don't find the mainteam name from G_parameter"
2023-01-22 08:14:42 I FRO   get_multipickli "Unassigned don't find the mainteam name from G_parameter"
2023-01-22 08:15:57 I FRO   get_multipickli "Unassigned don't find the mainteam name from G_parameter"
2023-01-22 08:16:49 I FRO   get_multipickli "ESW Platform Test don't find the mainteam name from G_parameter"
2023-01-22 08:17:00 I FRO   get_multipickli "Unassigned don't find the mainteam name from G_parameter"
2023-01-22 08:17:10 I FRO   get_multipickli "Unassigned don't find the mainteam name from G_parameter"
2023-01-22 08:17:25 I FRO   get_multipickli "Unassigned don't find the mainteam name from G_parameter"
2023-01-22 08:17:41 I FRO   get_multipickli "Unassigned don't find the mainteam name from G_parameter"
2023-01-22 08:17:57 I FRO   get_multipickli "Digital Experience – Android don't find the mainteam name from G_parameter"
2023-01-22 08:17:58 I FRO   get_multipickli "Digital Experience – IOS don't find the mainteam name from G_parameter"
2023-01-22 08:18:14 I FRO   get_multipickli "Unassigned don't find the mainteam name from G_parameter"
2023-01-22 08:18:19 I FRO   get_multipickli "Unassigned don't find the mainteam name from G_parameter"
2023-01-22 08:18:29 I FRO   get_multipickli "Unassigned don't find the mainteam name from G_parameter"
2023-01-22 08:18:34 I FRO   get_multipickli "Digital Experience – Android don't find the mainteam name from G_parameter"
2023-01-22 08:18:34 I FRO   get_multipickli "Digital Experience – IOS don't find the mainteam name from G_parameter"
2023-01-22 08:18:44 I FRO   get_multipickli "Unassigned don't find the mainteam name from G_parameter"
2023-01-22 08:18:54 I FRO   get_multipickli "Unassigned don't find the mainteam name from G_parameter"
2023-01-22 08:19:00 I FRO   get_multipickli "Unassigned don't find the mainteam name from G_parameter"
2023-01-22 08:19:32 I FRO   get_multipickli "Digital Experience – Android don't find the mainteam name from G_parameter"
2023-01-22 08:19:32 I FRO   get_multipickli "Digital Experience – IOS don't find the mainteam name from G_parameter"
2023-01-22 08:19:53 I FRO   get_multipickli "Unassigned don't find the mainteam name from G_parameter"
2023-01-22 08:19:58 I FRO   get_multipickli "Unassigned don't find the mainteam name from G_parameter"
2023-01-22 08:20:14 I FRO   get_multipickli "Unassigned don't find the mainteam name from G_parameter"
2023-01-22 08:20:40 I FRO   get_multipickli "Digital Experience – Android don't find the mainteam name from G_parameter"
2023-01-22 08:20:40 I FRO   get_multipickli "Digital Experience – IOS don't find the mainteam name from G_parameter"
2023-01-22 08:25:25 I FRO   get_multipickli "Digital Experience – Android don't find the mainteam name from G_parameter"
2023-01-22 08:25:25 I FRO   get_multipickli "Digital Experience – IOS don't find the mainteam name from G_parameter"
2023-01-22 08:25:36 I FRO   get_multipickli "Digital Experience – Android don't find the mainteam name from G_parameter"
2023-01-22 08:25:36 I FRO   get_multipickli "Digital Experience – IOS don't find the mainteam name from G_parameter"
2023-01-22 08:25:41 I FRO   get_multipickli "Digital Experience – Android don't find the mainteam name from G_parameter"
2023-01-22 08:25:41 I FRO   get_multipickli "Digital Experience – IOS don't find the mainteam name from G_parameter"
2023-01-22 08:25:46 I FRO   get_multipickli "Digital Experience – Android don't find the mainteam name from G_parameter"
2023-01-22 08:25:46 I FRO   get_multipickli "Digital Experience – IOS don't find the mainteam name from G_parameter"
2023-01-22 08:25:52 I FRO   get_multipickli "Digital Experience – Android don't find the mainteam name from G_parameter"
2023-01-22 08:25:52 I FRO   get_multipickli "Digital Experience – IOS don't find the mainteam name from G_parameter"
2023-01-22 08:27:49 I FRO   get_multipickli "Digital Experience – Android don't find the mainteam name from G_parameter"
2023-01-22 08:27:49 I FRO   get_multipickli "Digital Experience – IOS don't find the mainteam name from G_parameter"
2023-01-22 08:28:47 I FRO   get_multipickli "Unassigned don't find the mainteam name from G_parameter"
2023-01-22 08:28:52 I FRO   get_multipickli "Unassigned don't find the mainteam name from G_parameter"
2023-01-22 08:29:07 I FRO   get_multipickli "Unassigned don't find the mainteam name from G_parameter"
2023-01-22 08:29:12 I FRO   get_multipickli "Unassigned don't find the mainteam name from G_parameter"
2023-01-22 08:29:54 I FRO   get_multipickli "Unassigned don't find the mainteam name from G_parameter"
2023-01-22 08:30:02 I FRO   get_multipickli "Unassigned don't find the mainteam name from G_parameter"
2023-01-22 08:30:20 I FRO   get_multipickli "Unassigned don't find the mainteam name from G_parameter"
2023-01-22 08:33:14 I FRO   Print           "DROP TABLE IF EXISTS allrequirements:successful"
2023-01-22 08:33:14 I FRO   Print           "DROP TABLE IF EXISTS allcoverage:successful"
2023-01-22 08:33:14 I FRO   Print           "CREATE TABLE IF NOT EXISTS requirements (                        rel TEXT, status TEXT, count INT, date TEXT) ENGINE=InnoDB DEFAULT CHARSET=utf8:successful"
2023-01-22 08:33:14 I FRO   Print           "CREATE TABLE IF NOT EXISTS allrequirements (                        id INT, uniqueid TEXT, name TEXT, status TEXT, rel TEXT, upstream TEXT, downstream TEXT, team TEXT, test_status TEXT) ENGINE=InnoDB DEFAULT CHARSET=utf8:successful"
2023-01-22 08:33:14 I FRO   Print           "CREATE TABLE IF NOT EXISTS coverage (                        team text, covered int, expected int, date text) ENGINE=InnoDB DEFAULT CHARSET=utf8:successful"
2023-01-22 08:33:14 I FRO   Print           "CREATE TABLE IF NOT EXISTS allcoverage (                        id INT, uniqueid TEXT, name TEXT, status TEXT, rel TEXT, verify TEXT, missing TEXT) ENGINE=InnoDB DEFAULT CHARSET=utf8:successful"
2023-01-22 08:33:14 I FRO   Print           "DELETE FROM requirements WHERE date='2023-01-22':successful"
2023-01-22 08:33:14 I FRO   Print           "DELETE FROM coverage WHERE date='2023-01-22':successful"
2023-01-22 08:33:14 I FRO   Print           "INSERT INTO requirements (rel, status, count, date) SELECT rel, status, count((@rn := @rn + 1)) as count, '2023-01-22' as date FROM allrequirements cross join (select @rn := 0) const GROUP BY rel, status:successful"
2023-01-22 08:33:14 I FRO   Print           "CREATE TABLE IF NOT EXISTS feattest (rel TEXT, status TEXT, count TEXT, date TEXT) ENGINE=InnoDB DEFAULT CHARSET=utf8:successful"
2023-01-22 08:33:14 I FRO   Print           "CREATE TABLE IF NOT EXISTS reqtest (rel TEXT, status TEXT, count TEXT, date TEXT) ENGINE=InnoDB DEFAULT CHARSET=utf8:successful"
2023-01-22 08:33:14 I FRO   Print           "SELECT id FROM allfeatures:successful"
2023-01-22 08:33:14 I FRO   Print           "SELECT id,upstream,downstream,team FROM allrequirements:successful"
2023-01-22 08:33:14 I FRO   Print           "SELECT id FROM allcoverage:successful"
2023-01-22 08:33:14 I FRO   Print           "SELECT * FROM testcases:successful"
