2023-01-22 04:59:20 I Momen Print           "Connet 20345 successfully!!!"
2023-01-22 04:59:20 I Momen Get_alltests    "Get project name:Moments id:20345 all testplans"
2023-01-22 04:59:30 I Momen Get_alltests    "{2865867: {'id': 2865867, 'name': 'Alexa Voice Service Certification - Sound App', 'archived': True, 'index': '2865867:Alexa Voice Service Certification - Sound App'}, 3092006: {'id': 3092006, 'name': 'Automation Test', 'archived': True, 'index': '3092006:Automation Test'}, 9399443: {'id': 9399443, 'name': 'Canary Partner Certification App Test', 'archived': True, 'index': '9399443:Canary Partner Certification App Test'}, 9212397: {'id': 9212397, 'name': 'Feature Branch - Gaia SDK for iOS', 'archived': True, 'index': '9212397:Feature Branch - Gaia SDK for iOS'}, 2891431: {'id': 2891431, 'name': 'Jabra Moments FCS Release Candidate', 'archived': True, 'index': '2891431:Jabra Moments FCS Release Candidate'}, 3600509: {'id': 3600509, 'name': 'SmartSound perceived quality test', 'archived': True, 'index': '3600509:SmartSound perceived quality test'}, 3018987: {'id': 3018987, 'name': 'Sound 1.1  Bezos 2.2.0 Confidence Test', 'archived': True, 'index': '3018987:Sound 1.1  Bezos 2.2.0 Confidence Test'}, 2961125: {'id': 2961125, 'name': 'Sound 1.1 Release Test', 'archived': True, 'index': '2961125:Sound 1.1 Release Test'}, 3020821: {'id': 3020821, 'name': 'Sound 2.0 Release Test', 'archived': True, 'index': '3020821:Sound 2.0 Release Test'}, 3098198: {'id': 3098198, 'name': 'Sound 2.0.x headset FW confidence tests', 'archived': True, 'index': '3098198:Sound 2.0.x headset FW confidence tests'}, 3105246: {'id': 3105246, 'name': 'Sound 2.1.x Release Test', 'archived': True, 'index': '3105246:Sound 2.1.x Release Test'}, 3144223: {'id': 3144223, 'name': 'Sound 2.2.x Release Test', 'archived': True, 'index': '3144223:Sound 2.2.x Release Test'}, 3184627: {'id': 3184627, 'name': 'Sound 2.3.x Release Test', 'archived': True, 'index': '3184627:Sound 2.3.x Release Test'}, 3266370: {'id': 3266370, 'name': 'Sound 2.4.x Release Test', 'archived': True, 'index': '3266370:Sound 2.4.x Release Test'}, 3369595: {'id': 3369595, 'name': 'Sound 2.5.x Release Test', 'archived': True, 'index': '3369595:Sound 2.5.x Release Test'}, 3402938: {'id': 3402938, 'name': 'Sound 2.6.x Release Test', 'archived': True, 'index': '3402938:Sound 2.6.x Release Test'}, 3444539: {'id': 3444539, 'name': 'Sound 2.7.x Release Test', 'archived': True, 'index': '3444539:Sound 2.7.x Release Test'}, 3493207: {'id': 3493207, 'name': 'Sound 2.8.x Regression Test', 'archived': True, 'index': '3493207:Sound 2.8.x Regression Test'}, 3520832: {'id': 3520832, 'name': 'Sound 2.8.x Release Test', 'archived': True, 'index': '3520832:Sound 2.8.x Release Test'}, 3557063: {'id': 3557063, 'name': 'Sound 2.9.x Release Test', 'archived': True, 'index': '3557063:Sound 2.9.x Release Test'}, 3600502: {'id': 3600502, 'name': 'Sound 3.0.x Release Test', 'archived': True, 'index': '3600502:Sound 3.0.x Release Test'}, 3957553: {'id': 3957553, 'name': 'Sound 3.1.x Release Test', 'archived': True, 'index': '3957553:Sound 3.1.x Release Test'}, 4006987: {'id': 4006987, 'name': 'Sound 3.2.x Release Test', 'archived': True, 'index': '4006987:Sound 3.2.x Release Test'}, 4147501: {'id': 4147501, 'name': 'Sound 3.3.x Release Test', 'archived': True, 'index': '4147501:Sound 3.3.x Release Test'}, 4264382: {'id': 4264382, 'name': 'Sound 3.4.x Release Test', 'archived': True, 'index': '4264382:Sound 3.4.x Release Test'}, 4583904: {'id': 4583904, 'name': 'Sound 3.6.x Release Test', 'archived': True, 'index': '4583904:Sound 3.6.x Release Test'}, 4609590: {'id': 4609590, 'name': 'Sound 3.7.x Release Test', 'archived': True, 'index': '4609590:Sound 3.7.x Release Test'}, 5237679: {'id': 5237679, 'name': 'Sound 3.8.x Release Test', 'archived': True, 'index': '5237679:Sound 3.8.x Release Test'}, 5278269: {'id': 5278269, 'name': 'Sound 3.9.x Release Test', 'archived': True, 'index': '5278269:Sound 3.9.x Release Test'}, 5511912: {'id': 5511912, 'name': 'Sound 4.0.x Release Test', 'archived': True, 'index': '5511912:Sound 4.0.x Release Test'}, 5932290: {'id': 5932290, 'name': 'Sound 4.1.x Release Test', 'archived': True, 'index': '5932290:Sound 4.1.x Release Test'}, 8037358: {'id': 8037358, 'name': 'Sound 4.10.x Release Test', 'archived': True, 'index': '8037358:Sound 4.10.x Release Test'}, 8236283: {'id': 8236283, 'name': 'Sound 4.11.x Release Test', 'archived': True, 'index': '8236283:Sound 4.11.x Release Test'}, 8542890: {'id': 8542890, 'name': 'Sound 4.12.x Release Test', 'archived': True, 'index': '8542890:Sound 4.12.x Release Test'}, 6293811: {'id': 6293811, 'name': 'Sound 4.2.x Release Test', 'archived': True, 'index': '6293811:Sound 4.2.x Release Test'}, 6472697: {'id': 6472697, 'name': 'Sound 4.3.x Release Test', 'archived': True, 'index': '6472697:Sound 4.3.x Release Test'}, 6791036: {'id': 6791036, 'name': 'Sound 4.4.x Release Test', 'archived': True, 'index': '6791036:Sound 4.4.x Release Test'}, 7080645: {'id': 7080645, 'name': 'Sound 4.5.x Release Test', 'archived': True, 'index': '7080645:Sound 4.5.x Release Test'}, 7358622: {'id': 7358622, 'name': 'Sound 4.6.x Release Test', 'archived': True, 'index': '7358622:Sound 4.6.x Release Test'}, 7447479: {'id': 7447479, 'name': 'Sound 4.7.x Release Test', 'archived': True, 'index': '7447479:Sound 4.7.x Release Test'}, 7784499: {'id': 7784499, 'name': 'Sound 4.8.x Release Test', 'archived': True, 'index': '7784499:Sound 4.8.x Release Test'}, 7917939: {'id': 7917939, 'name': 'Sound 4.9.x Release Test', 'archived': True, 'index': '7917939:Sound 4.9.x Release Test'}, 8617811: {'id': 8617811, 'name': 'Sound 5.0.x Release Test', 'archived': False, 'index': '8617811:Sound 5.0.x Release Test'}, 8735711: {'id': 8735711, 'name': 'Sound 5.1.x Release Test', 'archived': False, 'index': '8735711:Sound 5.1.x Release Test'}, 10315397: {'id': 10315397, 'name': 'Sound 5.10.x Release Test', 'archived': False, 'index': '10315397:Sound 5.10.x Release Test'}, 10371043: {'id': 10371043, 'name': 'Sound 5.11.x Release Test', 'archived': False, 'index': '10371043:Sound 5.11.x Release Test'}, 8809163: {'id': 8809163, 'name': 'Sound 5.2.x Release Test', 'archived': False, 'index': '8809163:Sound 5.2.x Release Test'}, 8961244: {'id': 8961244, 'name': 'Sound 5.3.x Release Test', 'archived': False, 'index': '8961244:Sound 5.3.x Release Test'}, 9059299: {'id': 9059299, 'name': 'Sound 5.4.x Release Test', 'archived': False, 'index': '9059299:Sound 5.4.x Release Test'}, 9269547: {'id': 9269547, 'name': 'Sound 5.5.x Release Test', 'archived': False, 'index': '9269547:Sound 5.5.x Release Test'}, 9518330: {'id': 9518330, 'name': 'Sound 5.6.x Release test', 'archived': False, 'index': '9518330:Sound 5.6.x Release test'}, 9518334: {'id': 9518334, 'name': 'Sound 5.7.x Release Test', 'archived': False, 'index': '9518334:Sound 5.7.x Release Test'}, 9518335: {'id': 9518335, 'name': 'Sound 5.8.x Release Test', 'archived': False, 'index': '9518335:Sound 5.8.x Release Test'}, 10191819: {'id': 10191819, 'name': 'Sound 5.9.x Release Test', 'archived': False, 'index': '10191819:Sound 5.9.x Release Test'}, 8571788: {'id': 8571788, 'name': 'Sound AstraErasmus FCS', 'archived': True, 'index': '8571788:Sound AstraErasmus FCS'}, 8431284: {'id': 8431284, 'name': 'Sound Miniapp FlamingoPeacock Release Test', 'archived': True, 'index': '8431284:Sound Miniapp FlamingoPeacock Release Test'}, 8346173: {'id': 8346173, 'name': 'Sound onboarding regression test', 'archived': True, 'index': '8346173:Sound onboarding regression test'}, 8294734: {'id': 8294734, 'name': 'Sound PI11 Features Test Plan', 'archived': True, 'index': '8294734:Sound PI11 Features Test Plan'}, 8561487: {'id': 8561487, 'name': 'Sound PI12.Auris Features Test Plan', 'archived': True, 'index': '8561487:Sound PI12.Auris Features Test Plan'}, 8705697: {'id': 8705697, 'name': 'Sound PI12.Omni Features Test Plan', 'archived': True, 'index': '8705697:Sound PI12.Omni Features Test Plan'}, 8869485: {'id': 8869485, 'name': 'Sound PI13.Auris Features Test', 'archived': True, 'index': '8869485:Sound PI13.Auris Features Test'}, 8966842: {'id': 8966842, 'name': 'Sound PI14.Auris Features', 'archived': True, 'index': '8966842:Sound PI14.Auris Features'}, 9393799: {'id': 9393799, 'name': 'Sound PI15.Auris Features', 'archived': False, 'index': '9393799:Sound PI15.Auris Features'}, 5359974: {'id': 5359974, 'name': 'Sound PI5 Features Test Plan', 'archived': True, 'index': '5359974:Sound PI5 Features Test Plan'}, 5769129: {'id': 5769129, 'name': 'Sound PI6 Features Test Plan', 'archived': True, 'index': '5769129:Sound PI6 Features Test Plan'}, 7358628: {'id': 7358628, 'name': 'Sound PI8 Features Test Plan', 'archived': True, 'index': '7358628:Sound PI8 Features Test Plan'}, 7963914: {'id': 7963914, 'name': 'Sound PI9 Features Test Plan', 'archived': True, 'index': '7963914:Sound PI9 Features Test Plan'}, 10314555: {'id': 10314555, 'name': 'Swan FCS Regression test', 'archived': False, 'index': '10314555:Swan FCS Regression test'}, 10174068: {'id': 10174068, 'name': 'Test Test Cycle', 'archived': False, 'index': '10174068:Test Test Cycle'}}"
2023-01-22 04:59:30 I Momen Get_alltests    "Get project name:Moments id:20345 all testplans successful!!!"
2023-01-22 05:13:48 I Momen tidy_alltestcas "264"
2023-01-22 05:16:06 I Momen Print           "DROP TABLE IF EXISTS testcases:successful"
2023-01-22 05:16:06 I Momen Print           "CREATE TABLE IF NOT EXISTS testcases (                             testplan_id INT,                             testplan_name TEXT,                             testgroup_id INT,                             testgroup_name TEXT,                             testcycle_id INT,                             testcycle_name TEXT,                             rel TEXT,                             id INT,                             uniqueid TEXT,                             name TEXT,                             status TEXT,                             upstream TEXT,                             downstream TEXT,                             executionDate TEXT) ENGINE=InnoDB DEFAULT CHARSET=utf8:successful"
2023-01-22 05:16:06 I Momen update_database "Insert testcases table successful"
2023-01-22 05:16:06 I Momen Print           "CREATE TABLE IF NOT EXISTS tests (                             testplan_id INT,                             testplan_name TEXT,                             testplan_status TEXT,                             rel TEXT, status TEXT,                             count INT, date TEXT) ENGINE=InnoDB DEFAULT CHARSET=utf8:successful"
2023-01-22 05:16:06 I Momen Print           "DELETE FROM tests WHERE date='2023-01-22':successful"
2023-01-22 05:16:06 I Momen Print           "SELECT testplan_id FROM tests GROUP BY testplan_id:successful"
2023-01-22 05:16:06 I Momen Print           "SELECT testplan_name FROM tests WHERE testplan_id=2865867 LIMIT 1:successful"
2023-01-22 05:16:06 I Momen Print           "UPDATE tests SET testplan_status='Inactive' WHERE testplan_id=2865867:successful"
2023-01-22 05:16:06 I Momen Print           "SELECT testplan_name FROM tests WHERE testplan_id=9399443 LIMIT 1:successful"
2023-01-22 05:16:06 I Momen Print           "UPDATE tests SET testplan_status='Inactive' WHERE testplan_id=9399443:successful"
2023-01-22 05:16:06 I Momen Print           "SELECT testplan_name FROM tests WHERE testplan_id=9212397 LIMIT 1:successful"
2023-01-22 05:16:06 I Momen Print           "UPDATE tests SET testplan_status='Inactive' WHERE testplan_id=9212397:successful"
2023-01-22 05:16:06 I Momen Print           "SELECT testplan_name FROM tests WHERE testplan_id=4147501 LIMIT 1:successful"
2023-01-22 05:16:06 I Momen Print           "UPDATE tests SET testplan_status='Inactive' WHERE testplan_id=4147501:successful"
2023-01-22 05:16:07 I Momen Print           "SELECT testplan_name FROM tests WHERE testplan_id=4264382 LIMIT 1:successful"
2023-01-22 05:16:07 I Momen Print           "UPDATE tests SET testplan_status='Inactive' WHERE testplan_id=4264382:successful"
2023-01-22 05:16:07 I Momen Print           "SELECT testplan_name FROM tests WHERE testplan_id=4583904 LIMIT 1:successful"
2023-01-22 05:16:07 I Momen Print           "UPDATE tests SET testplan_status='Inactive' WHERE testplan_id=4583904:successful"
2023-01-22 05:16:07 I Momen Print           "SELECT testplan_name FROM tests WHERE testplan_id=4609590 LIMIT 1:successful"
2023-01-22 05:16:07 I Momen Print           "UPDATE tests SET testplan_status='Inactive' WHERE testplan_id=4609590:successful"
2023-01-22 05:16:07 I Momen Print           "SELECT testplan_name FROM tests WHERE testplan_id=5237679 LIMIT 1:successful"
2023-01-22 05:16:07 I Momen Print           "UPDATE tests SET testplan_status='Inactive' WHERE testplan_id=5237679:successful"
2023-01-22 05:16:07 I Momen Print           "SELECT testplan_name FROM tests WHERE testplan_id=5278269 LIMIT 1:successful"
2023-01-22 05:16:07 I Momen Print           "UPDATE tests SET testplan_status='Inactive' WHERE testplan_id=5278269:successful"
2023-01-22 05:16:07 I Momen Print           "SELECT testplan_name FROM tests WHERE testplan_id=5511912 LIMIT 1:successful"
2023-01-22 05:16:07 I Momen Print           "UPDATE tests SET testplan_status='Inactive' WHERE testplan_id=5511912:successful"
2023-01-22 05:16:07 I Momen Print           "SELECT testplan_name FROM tests WHERE testplan_id=5932290 LIMIT 1:successful"
2023-01-22 05:16:07 I Momen Print           "UPDATE tests SET testplan_status='Inactive' WHERE testplan_id=5932290:successful"
2023-01-22 05:16:07 I Momen Print           "SELECT testplan_name FROM tests WHERE testplan_id=8037358 LIMIT 1:successful"
2023-01-22 05:16:07 I Momen Print           "UPDATE tests SET testplan_status='Inactive' WHERE testplan_id=8037358:successful"
2023-01-22 05:16:07 I Momen Print           "SELECT testplan_name FROM tests WHERE testplan_id=8236283 LIMIT 1:successful"
2023-01-22 05:16:07 I Momen Print           "UPDATE tests SET testplan_status='Inactive' WHERE testplan_id=8236283:successful"
2023-01-22 05:16:07 I Momen Print           "SELECT testplan_name FROM tests WHERE testplan_id=8542890 LIMIT 1:successful"
2023-01-22 05:16:07 I Momen Print           "UPDATE tests SET testplan_status='Inactive' WHERE testplan_id=8542890:successful"
2023-01-22 05:16:07 I Momen Print           "SELECT testplan_name FROM tests WHERE testplan_id=6293811 LIMIT 1:successful"
2023-01-22 05:16:07 I Momen Print           "UPDATE tests SET testplan_status='Inactive' WHERE testplan_id=6293811:successful"
2023-01-22 05:16:07 I Momen Print           "SELECT testplan_name FROM tests WHERE testplan_id=6472697 LIMIT 1:successful"
2023-01-22 05:16:07 I Momen Print           "UPDATE tests SET testplan_status='Inactive' WHERE testplan_id=6472697:successful"
2023-01-22 05:16:07 I Momen Print           "SELECT testplan_name FROM tests WHERE testplan_id=6791036 LIMIT 1:successful"
2023-01-22 05:16:07 I Momen Print           "UPDATE tests SET testplan_status='Inactive' WHERE testplan_id=6791036:successful"
2023-01-22 05:16:07 I Momen Print           "SELECT testplan_name FROM tests WHERE testplan_id=7080645 LIMIT 1:successful"
2023-01-22 05:16:07 I Momen Print           "UPDATE tests SET testplan_status='Inactive' WHERE testplan_id=7080645:successful"
2023-01-22 05:16:07 I Momen Print           "SELECT testplan_name FROM tests WHERE testplan_id=7358622 LIMIT 1:successful"
2023-01-22 05:16:07 I Momen Print           "UPDATE tests SET testplan_status='Inactive' WHERE testplan_id=7358622:successful"
2023-01-22 05:16:07 I Momen Print           "SELECT testplan_name FROM tests WHERE testplan_id=7447479 LIMIT 1:successful"
2023-01-22 05:16:08 I Momen Print           "UPDATE tests SET testplan_status='Inactive' WHERE testplan_id=7447479:successful"
2023-01-22 05:16:08 I Momen Print           "SELECT testplan_name FROM tests WHERE testplan_id=7784499 LIMIT 1:successful"
2023-01-22 05:16:08 I Momen Print           "UPDATE tests SET testplan_status='Inactive' WHERE testplan_id=7784499:successful"
2023-01-22 05:16:08 I Momen Print           "SELECT testplan_name FROM tests WHERE testplan_id=7917939 LIMIT 1:successful"
2023-01-22 05:16:08 I Momen Print           "UPDATE tests SET testplan_status='Inactive' WHERE testplan_id=7917939:successful"
2023-01-22 05:16:08 I Momen Print           "SELECT testplan_name FROM tests WHERE testplan_id=8617811 LIMIT 1:successful"
2023-01-22 05:16:08 I Momen Print           "UPDATE tests SET testplan_status='Active' WHERE testplan_id=8617811:successful"
2023-01-22 05:16:08 I Momen Print           "SELECT testplan_name FROM tests WHERE testplan_id=8735711 LIMIT 1:successful"
2023-01-22 05:16:08 I Momen Print           "UPDATE tests SET testplan_status='Active' WHERE testplan_id=8735711:successful"
2023-01-22 05:16:08 I Momen Print           "SELECT testplan_name FROM tests WHERE testplan_id=10315397 LIMIT 1:successful"
2023-01-22 05:16:08 I Momen Print           "UPDATE tests SET testplan_status='Active' WHERE testplan_id=10315397:successful"
2023-01-22 05:16:08 I Momen Print           "SELECT testplan_name FROM tests WHERE testplan_id=10371043 LIMIT 1:successful"
2023-01-22 05:16:08 I Momen Print           "UPDATE tests SET testplan_status='Active' WHERE testplan_id=10371043:successful"
2023-01-22 05:16:08 I Momen Print           "SELECT testplan_name FROM tests WHERE testplan_id=8809163 LIMIT 1:successful"
2023-01-22 05:16:08 I Momen Print           "UPDATE tests SET testplan_status='Active' WHERE testplan_id=8809163:successful"
2023-01-22 05:16:08 I Momen Print           "SELECT testplan_name FROM tests WHERE testplan_id=8961244 LIMIT 1:successful"
2023-01-22 05:16:08 I Momen Print           "UPDATE tests SET testplan_status='Active' WHERE testplan_id=8961244:successful"
2023-01-22 05:16:08 I Momen Print           "SELECT testplan_name FROM tests WHERE testplan_id=9059299 LIMIT 1:successful"
2023-01-22 05:16:08 I Momen Print           "UPDATE tests SET testplan_status='Active' WHERE testplan_id=9059299:successful"
2023-01-22 05:16:08 I Momen Print           "SELECT testplan_name FROM tests WHERE testplan_id=9269547 LIMIT 1:successful"
2023-01-22 05:16:08 I Momen Print           "UPDATE tests SET testplan_status='Active' WHERE testplan_id=9269547:successful"
2023-01-22 05:16:08 I Momen Print           "SELECT testplan_name FROM tests WHERE testplan_id=9518330 LIMIT 1:successful"
2023-01-22 05:16:08 I Momen Print           "UPDATE tests SET testplan_status='Active' WHERE testplan_id=9518330:successful"
2023-01-22 05:16:09 I Momen Print           "SELECT testplan_name FROM tests WHERE testplan_id=9518334 LIMIT 1:successful"
2023-01-22 05:16:09 I Momen Print           "UPDATE tests SET testplan_status='Active' WHERE testplan_id=9518334:successful"
2023-01-22 05:16:09 I Momen Print           "SELECT testplan_name FROM tests WHERE testplan_id=9518335 LIMIT 1:successful"
2023-01-22 05:16:09 I Momen Print           "UPDATE tests SET testplan_status='Active' WHERE testplan_id=9518335:successful"
2023-01-22 05:16:09 I Momen Print           "SELECT testplan_name FROM tests WHERE testplan_id=10191819 LIMIT 1:successful"
2023-01-22 05:16:09 I Momen Print           "UPDATE tests SET testplan_status='Active' WHERE testplan_id=10191819:successful"
2023-01-22 05:16:09 I Momen Print           "SELECT testplan_name FROM tests WHERE testplan_id=8571788 LIMIT 1:successful"
2023-01-22 05:16:09 I Momen Print           "UPDATE tests SET testplan_status='Inactive' WHERE testplan_id=8571788:successful"
2023-01-22 05:16:09 I Momen Print           "SELECT testplan_name FROM tests WHERE testplan_id=8431284 LIMIT 1:successful"
2023-01-22 05:16:09 I Momen Print           "UPDATE tests SET testplan_status='Inactive' WHERE testplan_id=8431284:successful"
2023-01-22 05:16:09 I Momen Print           "SELECT testplan_name FROM tests WHERE testplan_id=8346173 LIMIT 1:successful"
2023-01-22 05:16:09 I Momen Print           "UPDATE tests SET testplan_status='Inactive' WHERE testplan_id=8346173:successful"
2023-01-22 05:16:09 I Momen Print           "SELECT testplan_name FROM tests WHERE testplan_id=8294734 LIMIT 1:successful"
2023-01-22 05:16:09 I Momen Print           "UPDATE tests SET testplan_status='Inactive' WHERE testplan_id=8294734:successful"
2023-01-22 05:16:09 I Momen Print           "SELECT testplan_name FROM tests WHERE testplan_id=8561487 LIMIT 1:successful"
2023-01-22 05:16:09 I Momen Print           "UPDATE tests SET testplan_status='Inactive' WHERE testplan_id=8561487:successful"
2023-01-22 05:16:09 I Momen Print           "SELECT testplan_name FROM tests WHERE testplan_id=8705697 LIMIT 1:successful"
2023-01-22 05:16:09 I Momen Print           "UPDATE tests SET testplan_status='Inactive' WHERE testplan_id=8705697:successful"
2023-01-22 05:16:09 I Momen Print           "SELECT testplan_name FROM tests WHERE testplan_id=8869485 LIMIT 1:successful"
2023-01-22 05:16:09 I Momen Print           "UPDATE tests SET testplan_status='Inactive' WHERE testplan_id=8869485:successful"
2023-01-22 05:16:09 I Momen Print           "SELECT testplan_name FROM tests WHERE testplan_id=8966842 LIMIT 1:successful"
2023-01-22 05:16:09 I Momen Print           "UPDATE tests SET testplan_status='Inactive' WHERE testplan_id=8966842:successful"
2023-01-22 05:16:09 I Momen Print           "SELECT testplan_name FROM tests WHERE testplan_id=9393799 LIMIT 1:successful"
2023-01-22 05:16:09 I Momen Print           "UPDATE tests SET testplan_status='Active' WHERE testplan_id=9393799:successful"
2023-01-22 05:16:09 I Momen Print           "SELECT testplan_name FROM tests WHERE testplan_id=5359974 LIMIT 1:successful"
2023-01-22 05:16:09 I Momen Print           "UPDATE tests SET testplan_status='Inactive' WHERE testplan_id=5359974:successful"
2023-01-22 05:16:09 I Momen Print           "SELECT testplan_name FROM tests WHERE testplan_id=5769129 LIMIT 1:successful"
2023-01-22 05:16:09 I Momen Print           "UPDATE tests SET testplan_status='Inactive' WHERE testplan_id=5769129:successful"
2023-01-22 05:16:09 I Momen Print           "SELECT testplan_name FROM tests WHERE testplan_id=7358628 LIMIT 1:successful"
2023-01-22 05:16:09 I Momen Print           "UPDATE tests SET testplan_status='Inactive' WHERE testplan_id=7358628:successful"
2023-01-22 05:16:09 I Momen Print           "SELECT testplan_name FROM tests WHERE testplan_id=7963914 LIMIT 1:successful"
2023-01-22 05:16:10 I Momen Print           "UPDATE tests SET testplan_status='Inactive' WHERE testplan_id=7963914:successful"
2023-01-22 05:16:10 I Momen Print           "SELECT testplan_name FROM tests WHERE testplan_id=10314555 LIMIT 1:successful"
2023-01-22 05:16:10 I Momen Print           "UPDATE tests SET testplan_status='Active' WHERE testplan_id=10314555:successful"
2023-01-22 05:16:10 I Momen Print           "SELECT testplan_name FROM tests WHERE testplan_id=10174068 LIMIT 1:successful"
2023-01-22 05:16:10 I Momen Print           "UPDATE tests SET testplan_status='Active' WHERE testplan_id=10174068:successful"
2023-01-22 05:16:10 I Momen Print           "INSERT INTO tests (testplan_id, testplan_name, testplan_status, rel, status, count, date) SELECT testplan_id, testplan_name, 'Active' as testplan_status, rel, status, count((@rn := @rn + 1)) as count, '2023-01-22' as date FROM testcases cross join (select @rn := 0) const GROUP BY testplan_id, rel, status:successful"
2023-01-22 05:16:10 I Momen update_database "Insert tests table successful"
2023-01-22 05:16:10 I Momen Print           "CREATE TABLE IF NOT EXISTS testapproval (                                 rel TEXT, team TEXT, status TEXT, upstream TEXT, count INT, date TEXT                                 ) ENGINE=InnoDB DEFAULT CHARSET=utf8:successful"
2023-01-22 05:16:10 I Momen Print           "DROP TABLE IF EXISTS alltestapproval:successful"
2023-01-22 05:16:10 I Momen Print           "CREATE TABLE IF NOT EXISTS alltestapproval (                                 id INT, uniqueid TEXT, name TEXT, status TEXT, rel TEXT, team TEXT, upstream TEXT                                 ) ENGINE=InnoDB DEFAULT CHARSET=utf8:successful"
2023-01-22 05:16:10 I Momen Print           "DELETE FROM testapproval WHERE date='2023-01-22':successful"
2023-01-22 05:16:10 I Momen Print           "INSERT INTO testapproval (rel, team, status, count, date, upstream) SELECT rel, team, status, count((@rn := @rn + 1)) as count, '2023-01-22' as date, upstream FROM alltestapproval cross join (select @rn := 0) const GROUP BY rel, team, status, upstream:successful"
2023-01-22 05:16:25 I Momen Get_allfeatuers "[]"
2023-01-22 05:16:25 I Momen Print           "CREATE TABLE IF NOT EXISTS features (                                rel TEXT, status TEXT, count INT, date TEXT) ENGINE=InnoDB DEFAULT CHARSET=utf8:successful"
2023-01-22 05:16:25 I Momen Print           "CREATE TABLE IF NOT EXISTS allfeatures (                                id INT, uniqueid TEXT, name TEXT, status TEXT, rel TEXT,test_status TEXT) ENGINE=InnoDB DEFAULT CHARSET=utf8:successful"
2023-01-22 05:16:25 I Momen Print           "DELETE FROM features WHERE date='2023-01-22':successful"
2023-01-22 05:16:25 I Momen Print           "DELETE FROM allfeatures WHERE id=7488712:successful"
2023-01-22 05:16:25 I Momen Print           "DELETE FROM allfeatures WHERE id=7158478:successful"
2023-01-22 05:16:25 I Momen Print           "DELETE FROM allfeatures WHERE id=6460160:successful"
2023-01-22 05:16:25 I Momen Print           "INSERT INTO features (rel, status, count, date)                                 SELECT rel, status, count((@rn := @rn + 1)) as count, '2023-01-22' as date FROM allfeatures cross join (select @rn := 0) const GROUP BY rel, status:successful"
2023-01-22 05:16:33 I Momen Get_allchangere "[]"
2023-01-22 05:16:33 I Momen Print           "CREATE TABLE IF NOT EXISTS changes (                                 rel TEXT, status TEXT, priority TEXT,                                 requester TEXT, date TEXT, count INT) ENGINE=InnoDB DEFAULT CHARSET=utf8:successful"
2023-01-22 05:16:33 I Momen Print           "CREATE TABLE IF NOT EXISTS allchanges (                                 id INT, uniqueid TEXT, name TEXT,                                 status TEXT, rel TEXT, priority TEXT,                                 requester TEXT) ENGINE=InnoDB DEFAULT CHARSET=utf8:successful"
2023-01-22 05:16:33 I Momen Print           "DELETE FROM changes WHERE date='2023-01-22':successful"
2023-01-22 05:16:33 I Momen Print           "INSERT INTO changes (                                 rel, status, priority, requester, date, count)                                 SELECT rel, status, priority, requester, '2023-01-22' as date, count((@rn := @rn + 1)) as count FROM allchanges                                 cross join (select @rn := 0) const GROUP BY rel, status, priority, requester:successful"
2023-01-22 05:16:41 I Momen Print           "CREATE TABLE IF NOT EXISTS designspec (                            rel TEXT, team TEXT, status TEXT, count INT, date text) ENGINE=InnoDB DEFAULT CHARSET=utf8:successful"
2023-01-22 05:16:41 I Momen Print           "CREATE TABLE IF NOT EXISTS alldesignspec (                             id INT, uniqueid TEXT, name TEXT, status TEXT, rel TEXT, team TEXT) ENGINE=InnoDB DEFAULT CHARSET=utf8:successful"
2023-01-22 05:16:41 I Momen Print           "DELETE FROM designspec WHERE date='2023-01-22':successful"
2023-01-22 05:16:41 I Momen Print           "INSERT INTO designspec (rel, team, status, count, date) SELECT rel, team, status, count((@rn := @rn + 1)) as count, '2023-01-22' as date FROM alldesignspec cross join (select @rn := 0) const GROUP BY rel, team, status:successful"
Traceback (most recent call last):
  File "E:\New Jira_Jama\Jama_jira_script\REST_Jama20201207.py", line 196, in fetch_data
    jamadata.Get_and_Save()
  File "E:\New Jira_Jama\Jama_jira_script\Subprogress.py", line 458, in Get_and_Save
    self.Get_alluserstories()
  File "E:\New Jira_Jama\Jama_jira_script\Subprogress.py", line 584, in Get_alluserstories
    self.P_changeuserstories = self.get_futher_information_userstories(self.P_changeuserstories)
  File "E:\New Jira_Jama\Jama_jira_script\Subprogress.py", line 574, in get_futher_information_userstories
    item["status"] = self.get_picklistoptions(item["statusId"])
KeyError: 'statusId'
