2023-01-22 09:29:07 I Polar Print           "Connet 20620 successfully!!!"
2023-01-22 09:29:07 I Polar Get_alltests    "Get project name:Polaris id:20620 all testplans"
2023-01-22 09:29:09 I Polar Get_alltests    "{}"
2023-01-22 09:29:09 I Polar Get_alltests    "Get project name:Polaris id:20620 all testplans successful!!!"
2023-01-22 09:29:09 I Polar tidy_alltestcas "0"
2023-01-22 09:29:09 I Polar Print           "DROP TABLE IF EXISTS testcases:successful"
2023-01-22 09:29:09 I Polar Print           "CREATE TABLE IF NOT EXISTS testcases (                             testplan_id INT,                             testplan_name TEXT,                             testgroup_id INT,                             testgroup_name TEXT,                             testcycle_id INT,                             testcycle_name TEXT,                             rel TEXT,                             id INT,                             uniqueid TEXT,                             name TEXT,                             status TEXT,                             upstream TEXT,                             downstream TEXT,                             executionDate TEXT) ENGINE=InnoDB DEFAULT CHARSET=utf8:successful"
2023-01-22 09:29:09 I Polar update_database "Insert testcases table successful"
2023-01-22 09:29:09 I Polar Print           "CREATE TABLE IF NOT EXISTS tests (                             testplan_id INT,                             testplan_name TEXT,                             testplan_status TEXT,                             rel TEXT, status TEXT,                             count INT, date TEXT) ENGINE=InnoDB DEFAULT CHARSET=utf8:successful"
2023-01-22 09:29:09 I Polar Print           "DELETE FROM tests WHERE date='2023-01-22':successful"
2023-01-22 09:29:09 I Polar Print           "SELECT testplan_id FROM tests GROUP BY testplan_id:successful"
2023-01-22 09:29:09 I Polar Print           "INSERT INTO tests (testplan_id, testplan_name, testplan_status, rel, status, count, date) SELECT testplan_id, testplan_name, 'Active' as testplan_status, rel, status, count((@rn := @rn + 1)) as count, '2023-01-22' as date FROM testcases cross join (select @rn := 0) const GROUP BY testplan_id, rel, status:successful"
2023-01-22 09:29:09 I Polar update_database "Insert tests table successful"
2023-01-22 09:29:09 I Polar Print           "CREATE TABLE IF NOT EXISTS testapproval (                                 rel TEXT, team TEXT, status TEXT, upstream TEXT, count INT, date TEXT                                 ) ENGINE=InnoDB DEFAULT CHARSET=utf8:successful"
2023-01-22 09:29:09 I Polar Print           "DROP TABLE IF EXISTS alltestapproval:successful"
2023-01-22 09:29:09 I Polar Print           "CREATE TABLE IF NOT EXISTS alltestapproval (                                 id INT, uniqueid TEXT, name TEXT, status TEXT, rel TEXT, team TEXT, upstream TEXT                                 ) ENGINE=InnoDB DEFAULT CHARSET=utf8:successful"
2023-01-22 09:29:09 I Polar Print           "DELETE FROM testapproval WHERE date='2023-01-22':successful"
2023-01-22 09:29:09 I Polar Print           "INSERT INTO testapproval (rel, team, status, count, date, upstream) SELECT rel, team, status, count((@rn := @rn + 1)) as count, '2023-01-22' as date, upstream FROM alltestapproval cross join (select @rn := 0) const GROUP BY rel, team, status, upstream:successful"
2023-01-22 09:29:13 I Polar Get_allfeatuers "[]"
2023-01-22 09:29:13 I Polar Print           "CREATE TABLE IF NOT EXISTS features (                                rel TEXT, status TEXT, count INT, date TEXT) ENGINE=InnoDB DEFAULT CHARSET=utf8:successful"
2023-01-22 09:29:13 I Polar Print           "CREATE TABLE IF NOT EXISTS allfeatures (                                id INT, uniqueid TEXT, name TEXT, status TEXT, rel TEXT,test_status TEXT) ENGINE=InnoDB DEFAULT CHARSET=utf8:successful"
2023-01-22 09:29:13 I Polar Print           "DELETE FROM features WHERE date='2023-01-22':successful"
2023-01-22 09:29:13 I Polar Print           "DELETE FROM allfeatures WHERE id=20976567:successful"
2023-01-22 09:29:13 I Polar Print           "DELETE FROM allfeatures WHERE id=20623227:successful"
2023-01-22 09:29:13 I Polar Print           "DELETE FROM allfeatures WHERE id=20497723:successful"
2023-01-22 09:29:13 I Polar Print           "DELETE FROM allfeatures WHERE id=20497687:successful"
2023-01-22 09:29:13 I Polar Print           "DELETE FROM allfeatures WHERE id=20495173:successful"
2023-01-22 09:29:13 I Polar Print           "DELETE FROM allfeatures WHERE id=20490902:successful"
2023-01-22 09:29:13 I Polar Print           "DELETE FROM allfeatures WHERE id=20490894:successful"
2023-01-22 09:29:13 I Polar Print           "DELETE FROM allfeatures WHERE id=20490889:successful"
2023-01-22 09:29:13 I Polar Print           "DELETE FROM allfeatures WHERE id=20485504:successful"
2023-01-22 09:29:13 I Polar Print           "DELETE FROM allfeatures WHERE id=20455724:successful"
2023-01-22 09:29:13 I Polar Print           "DELETE FROM allfeatures WHERE id=20455679:successful"
2023-01-22 09:29:13 I Polar Print           "DELETE FROM allfeatures WHERE id=20389169:successful"
2023-01-22 09:29:13 I Polar Print           "DELETE FROM allfeatures WHERE id=20227819:successful"
2023-01-22 09:29:13 I Polar Print           "DELETE FROM allfeatures WHERE id=20199518:successful"
2023-01-22 09:29:13 I Polar Print           "DELETE FROM allfeatures WHERE id=19616757:successful"
2023-01-22 09:29:13 I Polar Print           "INSERT INTO features (rel, status, count, date)                                 SELECT rel, status, count((@rn := @rn + 1)) as count, '2023-01-22' as date FROM allfeatures cross join (select @rn := 0) const GROUP BY rel, status:successful"
2023-01-22 09:29:14 I Polar Get_allchangere "[]"
2023-01-22 09:29:14 I Polar Print           "CREATE TABLE IF NOT EXISTS changes (                                 rel TEXT, status TEXT, priority TEXT,                                 requester TEXT, date TEXT, count INT) ENGINE=InnoDB DEFAULT CHARSET=utf8:successful"
2023-01-22 09:29:14 I Polar Print           "CREATE TABLE IF NOT EXISTS allchanges (                                 id INT, uniqueid TEXT, name TEXT,                                 status TEXT, rel TEXT, priority TEXT,                                 requester TEXT) ENGINE=InnoDB DEFAULT CHARSET=utf8:successful"
2023-01-22 09:29:14 I Polar Print           "DELETE FROM changes WHERE date='2023-01-22':successful"
2023-01-22 09:29:14 I Polar Print           "INSERT INTO changes (                                 rel, status, priority, requester, date, count)                                 SELECT rel, status, priority, requester, '2023-01-22' as date, count((@rn := @rn + 1)) as count FROM allchanges                                 cross join (select @rn := 0) const GROUP BY rel, status, priority, requester:successful"
2023-01-22 09:29:16 I Polar Print           "CREATE TABLE IF NOT EXISTS designspec (                            rel TEXT, team TEXT, status TEXT, count INT, date text) ENGINE=InnoDB DEFAULT CHARSET=utf8:successful"
2023-01-22 09:29:16 I Polar Print           "CREATE TABLE IF NOT EXISTS alldesignspec (                             id INT, uniqueid TEXT, name TEXT, status TEXT, rel TEXT, team TEXT) ENGINE=InnoDB DEFAULT CHARSET=utf8:successful"
2023-01-22 09:29:16 I Polar Print           "DELETE FROM designspec WHERE date='2023-01-22':successful"
2023-01-22 09:29:16 I Polar Print           "INSERT INTO designspec (rel, team, status, count, date) SELECT rel, team, status, count((@rn := @rn + 1)) as count, '2023-01-22' as date FROM alldesignspec cross join (select @rn := 0) const GROUP BY rel, team, status:successful"
2023-01-22 09:29:19 I Polar Get_alluserstor "[]"
2023-01-22 09:29:19 I Polar Print           "CREATE TABLE IF NOT EXISTS userstories (                 rel TEXT, status TEXT, count INT, date TEXT) ENGINE=InnoDB DEFAULT CHARSET=utf8:successful"
2023-01-22 09:29:19 I Polar Print           "CREATE TABLE IF NOT EXISTS alluserstories (                 id INT, uniqueid TEXT, name TEXT, status TEXT, rel TEXT) ENGINE=InnoDB DEFAULT CHARSET=utf8:successful"
2023-01-22 09:29:19 I Polar Print           "DELETE FROM userstories WHERE date='2023-01-22':successful"
2023-01-22 09:29:19 I Polar Print           "INSERT INTO userstories (rel, status, count, date) SELECT rel, status, count((@rn := @rn + 1)) as count, '2023-01-22' as date FROM alluserstories cross join (select @rn := 0) const GROUP BY rel, status:successful"
2023-01-22 09:29:23 I Polar Get_alldefects  "[]"
2023-01-22 09:29:23 I Polar Print           "CREATE TABLE IF NOT EXISTS defects (                     rel TEXT, team TEXT, status TEXT, priority TEXT, count INT, date TEXT) ENGINE=InnoDB DEFAULT CHARSET=utf8:successful"
2023-01-22 09:29:23 I Polar Print           "CREATE TABLE IF NOT EXISTS alldefects (                     id INT, uniqueid TEXT, name TEXT, status TEXT, rel TEXT, team TEXT, priority TEXT, jira TEXT, upstream TEXT) ENGINE=InnoDB DEFAULT CHARSET=utf8:successful"
2023-01-22 09:29:23 I Polar Print           "DELETE FROM defects WHERE date='2023-01-22':successful"
2023-01-22 09:29:23 I Polar Print           "INSERT INTO defects (rel, team, status, count, date, priority) SELECT rel, team, status, count((@rn := @rn + 1)) as count, '2023-01-22' as date, priority FROM alldefects cross join (select @rn := 0) const GROUP BY rel, team, status, priority:successful"
2023-01-22 09:30:46 I Polar get_multipickli "Unassigned don't find the mainteam name from G_parameter"
2023-01-22 09:30:50 I Polar get_multipickli "Unassigned don't find the mainteam name from G_parameter"
2023-01-22 09:30:54 I Polar get_multipickli "Unassigned don't find the mainteam name from G_parameter"
2023-01-22 09:31:51 I Polar get_multipickli "Unassigned don't find the mainteam name from G_parameter"
2023-01-22 09:33:09 I Polar get_multipickli "Unassigned don't find the mainteam name from G_parameter"
2023-01-22 09:33:20 I Polar get_multipickli "Unassigned don't find the mainteam name from G_parameter"
2023-01-22 09:33:24 I Polar get_multipickli "Unassigned don't find the mainteam name from G_parameter"
2023-01-22 09:34:07 I Polar get_multipickli "Unassigned don't find the mainteam name from G_parameter"
2023-01-22 09:34:19 I Polar get_multipickli "Unassigned don't find the mainteam name from G_parameter"
2023-01-22 09:34:47 I Polar get_multipickli "Unassigned don't find the mainteam name from G_parameter"
2023-01-22 09:34:57 I Polar get_multipickli "Unassigned don't find the mainteam name from G_parameter"
2023-01-22 09:35:03 I Polar get_multipickli "Unassigned don't find the mainteam name from G_parameter"
2023-01-22 09:35:08 I Polar get_multipickli "Unassigned don't find the mainteam name from G_parameter"
2023-01-22 09:35:16 I Polar get_multipickli "Unassigned don't find the mainteam name from G_parameter"
2023-01-22 09:35:35 I Polar get_multipickli "Unassigned don't find the mainteam name from G_parameter"
2023-01-22 09:35:54 I Polar get_multipickli "Unassigned don't find the mainteam name from G_parameter"
2023-01-22 09:36:53 I Polar get_multipickli "Unassigned don't find the mainteam name from G_parameter"
2023-01-22 09:38:49 I Polar get_multipickli "Unassigned don't find the mainteam name from G_parameter"
2023-01-22 09:38:53 I Polar get_multipickli "Unassigned don't find the mainteam name from G_parameter"
2023-01-22 09:38:58 I Polar get_multipickli "Unassigned don't find the mainteam name from G_parameter"
2023-01-22 09:39:03 I Polar get_multipickli "Unassigned don't find the mainteam name from G_parameter"
2023-01-22 09:39:08 I Polar get_multipickli "Unassigned don't find the mainteam name from G_parameter"
2023-01-22 09:39:13 I Polar get_multipickli "Unassigned don't find the mainteam name from G_parameter"
2023-01-22 09:39:18 I Polar get_multipickli "Unassigned don't find the mainteam name from G_parameter"
2023-01-22 09:39:24 I Polar get_multipickli "Unassigned don't find the mainteam name from G_parameter"
2023-01-22 09:39:29 I Polar get_multipickli "Unassigned don't find the mainteam name from G_parameter"
2023-01-22 09:39:34 I Polar get_multipickli "Unassigned don't find the mainteam name from G_parameter"
2023-01-22 09:39:40 I Polar get_multipickli "Unassigned don't find the mainteam name from G_parameter"
2023-01-22 09:39:45 I Polar get_multipickli "Unassigned don't find the mainteam name from G_parameter"
2023-01-22 09:39:50 I Polar get_multipickli "Unassigned don't find the mainteam name from G_parameter"
2023-01-22 09:39:55 I Polar get_multipickli "Unassigned don't find the mainteam name from G_parameter"
2023-01-22 09:40:01 I Polar get_multipickli "Unassigned don't find the mainteam name from G_parameter"
2023-01-22 09:40:06 I Polar get_multipickli "Unassigned don't find the mainteam name from G_parameter"
2023-01-22 09:40:12 I Polar get_multipickli "Unassigned don't find the mainteam name from G_parameter"
2023-01-22 09:40:18 I Polar get_multipickli "Unassigned don't find the mainteam name from G_parameter"
2023-01-22 09:40:26 I Polar get_multipickli "Unassigned don't find the mainteam name from G_parameter"
2023-01-22 09:40:34 I Polar get_multipickli "Unassigned don't find the mainteam name from G_parameter"
2023-01-22 09:40:43 I Polar get_multipickli "Unassigned don't find the mainteam name from G_parameter"
2023-01-22 09:40:49 I Polar get_multipickli "Unassigned don't find the mainteam name from G_parameter"
2023-01-22 09:40:54 I Polar get_multipickli "Unassigned don't find the mainteam name from G_parameter"
2023-01-22 09:40:59 I Polar get_multipickli "Unassigned don't find the mainteam name from G_parameter"
2023-01-22 09:41:05 I Polar get_multipickli "Unassigned don't find the mainteam name from G_parameter"
2023-01-22 09:41:09 I Polar get_multipickli "Unassigned don't find the mainteam name from G_parameter"
2023-01-22 09:41:15 I Polar get_multipickli "Unassigned don't find the mainteam name from G_parameter"
2023-01-22 09:41:20 I Polar get_multipickli "Unassigned don't find the mainteam name from G_parameter"
2023-01-22 09:41:25 I Polar get_multipickli "Unassigned don't find the mainteam name from G_parameter"
2023-01-22 09:41:30 I Polar get_multipickli "Unassigned don't find the mainteam name from G_parameter"
2023-01-22 09:41:35 I Polar get_multipickli "Unassigned don't find the mainteam name from G_parameter"
2023-01-22 09:41:40 I Polar get_multipickli "Unassigned don't find the mainteam name from G_parameter"
2023-01-22 09:41:45 I Polar get_multipickli "Unassigned don't find the mainteam name from G_parameter"
2023-01-22 09:41:52 I Polar get_multipickli "Unassigned don't find the mainteam name from G_parameter"
2023-01-22 09:42:14 I Polar get_multipickli "Unassigned don't find the mainteam name from G_parameter"
2023-01-22 09:42:18 I Polar get_multipickli "Unassigned don't find the mainteam name from G_parameter"
2023-01-22 09:42:23 I Polar get_multipickli "Unassigned don't find the mainteam name from G_parameter"
2023-01-22 09:42:28 I Polar get_multipickli "Unassigned don't find the mainteam name from G_parameter"
2023-01-22 09:42:36 I Polar get_multipickli "Unassigned don't find the mainteam name from G_parameter"
2023-01-22 09:42:55 I Polar get_multipickli "Unassigned don't find the mainteam name from G_parameter"
2023-01-22 09:43:14 I Polar get_multipickli "Unassigned don't find the mainteam name from G_parameter"
2023-01-22 09:43:57 I Polar get_multipickli "Unassigned don't find the mainteam name from G_parameter"
2023-01-22 09:44:02 I Polar get_multipickli "Unassigned don't find the mainteam name from G_parameter"
2023-01-22 09:44:05 I Polar get_multipickli "Unassigned don't find the mainteam name from G_parameter"
2023-01-22 09:44:09 I Polar get_multipickli "Unassigned don't find the mainteam name from G_parameter"
2023-01-22 09:44:14 I Polar get_multipickli "Unassigned don't find the mainteam name from G_parameter"
2023-01-22 09:44:18 I Polar get_multipickli "Unassigned don't find the mainteam name from G_parameter"
2023-01-22 09:51:24 I Polar get_multipickli "ESW Platform Test don't find the mainteam name from G_parameter"
2023-01-22 09:51:27 I Polar get_multipickli "ESW Platform Test don't find the mainteam name from G_parameter"
2023-01-22 09:51:30 I Polar get_multipickli "ESW Platform Test don't find the mainteam name from G_parameter"
2023-01-22 09:51:50 I Polar get_multipickli "ESW Platform Test don't find the mainteam name from G_parameter"
2023-01-22 09:51:53 I Polar get_multipickli "ESW Platform Test don't find the mainteam name from G_parameter"
2023-01-22 09:51:57 I Polar get_multipickli "ESW Platform Test don't find the mainteam name from G_parameter"
2023-01-22 09:52:11 I Polar get_multipickli "Digital Experience – Android don't find the mainteam name from G_parameter"
2023-01-22 09:52:12 I Polar get_multipickli "Digital Experience – IOS don't find the mainteam name from G_parameter"
2023-01-22 09:52:14 I Polar get_multipickli "Digital Experience – SDK don't find the mainteam name from G_parameter"
2023-01-22 09:52:23 I Polar get_multipickli "Digital Experience – Android don't find the mainteam name from G_parameter"
2023-01-22 09:52:24 I Polar get_multipickli "Digital Experience – IOS don't find the mainteam name from G_parameter"
2023-01-22 09:52:26 I Polar get_multipickli "Unassigned don't find the mainteam name from G_parameter"
2023-01-22 09:52:29 I Polar get_multipickli "Digital Experience – Android don't find the mainteam name from G_parameter"
2023-01-22 09:52:29 I Polar get_multipickli "Digital Experience – IOS don't find the mainteam name from G_parameter"
2023-01-22 09:52:35 I Polar get_multipickli "Digital Experience – Android don't find the mainteam name from G_parameter"
2023-01-22 09:52:35 I Polar get_multipickli "Digital Experience – IOS don't find the mainteam name from G_parameter"
2023-01-22 09:52:37 I Polar get_multipickli "Digital Experience – Android don't find the mainteam name from G_parameter"
2023-01-22 09:52:37 I Polar get_multipickli "Digital Experience – IOS don't find the mainteam name from G_parameter"
2023-01-22 09:55:31 I Polar get_multipickli "Unassigned don't find the mainteam name from G_parameter"
2023-01-22 09:55:33 I Polar get_multipickli "Unassigned don't find the mainteam name from G_parameter"
2023-01-22 09:55:40 I Polar get_multipickli "Unassigned don't find the mainteam name from G_parameter"
2023-01-22 09:57:17 I Polar get_multipickli "Unassigned don't find the mainteam name from G_parameter"
2023-01-22 09:57:25 I Polar get_multipickli "Unassigned don't find the mainteam name from G_parameter"
2023-01-22 09:58:59 I Polar get_multipickli "Unassigned don't find the mainteam name from G_parameter"
2023-01-22 09:59:03 I Polar get_multipickli "Unassigned don't find the mainteam name from G_parameter"
2023-01-22 09:59:06 I Polar get_multipickli "Unassigned don't find the mainteam name from G_parameter"
2023-01-22 09:59:11 I Polar get_multipickli "Unassigned don't find the mainteam name from G_parameter"
2023-01-22 09:59:14 I Polar get_multipickli "Unassigned don't find the mainteam name from G_parameter"
2023-01-22 09:59:19 I Polar get_multipickli "Unassigned don't find the mainteam name from G_parameter"
2023-01-22 10:00:54 I Polar get_multipickli "Digital Experience – Android don't find the mainteam name from G_parameter"
2023-01-22 10:00:54 I Polar get_multipickli "Digital Experience – IOS don't find the mainteam name from G_parameter"
2023-01-22 10:01:09 I Polar get_multipickli "Digital Experience – Android don't find the mainteam name from G_parameter"
2023-01-22 10:01:09 I Polar get_multipickli "Digital Experience – IOS don't find the mainteam name from G_parameter"
2023-01-22 10:01:30 I Polar get_multipickli "Digital Experience – Android don't find the mainteam name from G_parameter"
2023-01-22 10:01:30 I Polar get_multipickli "Digital Experience – IOS don't find the mainteam name from G_parameter"
2023-01-22 10:01:42 I Polar get_multipickli "Digital Experience – Android don't find the mainteam name from G_parameter"
2023-01-22 10:01:42 I Polar get_multipickli "Digital Experience – IOS don't find the mainteam name from G_parameter"
2023-01-22 10:02:03 I Polar get_multipickli "Digital Experience – Android don't find the mainteam name from G_parameter"
2023-01-22 10:02:03 I Polar get_multipickli "Digital Experience – IOS don't find the mainteam name from G_parameter"
2023-01-22 10:02:03 I Polar get_multipickli "Digital Experience – SDK don't find the mainteam name from G_parameter"
2023-01-22 10:02:10 I Polar get_multipickli "Unassigned don't find the mainteam name from G_parameter"
2023-01-22 10:02:53 I Polar get_multipickli "Unassigned don't find the mainteam name from G_parameter"
2023-01-22 10:03:04 I Polar get_multipickli "Unassigned don't find the mainteam name from G_parameter"
2023-01-22 10:03:05 I Polar get_multipickli "Digital Experience – Android don't find the mainteam name from G_parameter"
2023-01-22 10:03:05 I Polar get_multipickli "Digital Experience – IOS don't find the mainteam name from G_parameter"
2023-01-22 10:03:07 I Polar get_multipickli "Digital Experience – Android don't find the mainteam name from G_parameter"
2023-01-22 10:03:07 I Polar get_multipickli "Digital Experience – IOS don't find the mainteam name from G_parameter"
2023-01-22 10:03:09 I Polar get_multipickli "Digital Experience – Android don't find the mainteam name from G_parameter"
2023-01-22 10:03:09 I Polar get_multipickli "Digital Experience – IOS don't find the mainteam name from G_parameter"
2023-01-22 10:03:10 I Polar get_multipickli "Digital Experience – Android don't find the mainteam name from G_parameter"
2023-01-22 10:03:10 I Polar get_multipickli "Digital Experience – IOS don't find the mainteam name from G_parameter"
2023-01-22 10:03:12 I Polar get_multipickli "Digital Experience – Android don't find the mainteam name from G_parameter"
2023-01-22 10:03:12 I Polar get_multipickli "Digital Experience – IOS don't find the mainteam name from G_parameter"
2023-01-22 10:03:13 I Polar get_multipickli "Digital Experience – Android don't find the mainteam name from G_parameter"
2023-01-22 10:03:13 I Polar get_multipickli "Digital Experience – IOS don't find the mainteam name from G_parameter"
2023-01-22 10:03:15 I Polar get_multipickli "Digital Experience – Android don't find the mainteam name from G_parameter"
2023-01-22 10:03:15 I Polar get_multipickli "Digital Experience – IOS don't find the mainteam name from G_parameter"
2023-01-22 10:03:18 I Polar get_multipickli "Unassigned don't find the mainteam name from G_parameter"
2023-01-22 10:03:19 I Polar get_multipickli "Digital Experience – Android don't find the mainteam name from G_parameter"
2023-01-22 10:03:19 I Polar get_multipickli "Digital Experience – IOS don't find the mainteam name from G_parameter"
2023-01-22 10:03:21 I Polar get_multipickli "Digital Experience – Android don't find the mainteam name from G_parameter"
2023-01-22 10:03:23 I Polar get_multipickli "Digital Experience – Android don't find the mainteam name from G_parameter"
2023-01-22 10:03:24 I Polar get_multipickli "Digital Experience – Android don't find the mainteam name from G_parameter"
2023-01-22 10:03:26 I Polar get_multipickli "Digital Experience – Android don't find the mainteam name from G_parameter"
2023-01-22 10:03:27 I Polar get_multipickli "Digital Experience – Android don't find the mainteam name from G_parameter"
2023-01-22 10:03:29 I Polar get_multipickli "Digital Experience – Android don't find the mainteam name from G_parameter"
2023-01-22 10:03:58 I Polar Print           "DROP TABLE IF EXISTS allrequirements:successful"
2023-01-22 10:03:58 I Polar Print           "DROP TABLE IF EXISTS allcoverage:successful"
2023-01-22 10:03:58 I Polar Print           "CREATE TABLE IF NOT EXISTS requirements (                        rel TEXT, status TEXT, count INT, date TEXT) ENGINE=InnoDB DEFAULT CHARSET=utf8:successful"
2023-01-22 10:03:58 I Polar Print           "CREATE TABLE IF NOT EXISTS allrequirements (                        id INT, uniqueid TEXT, name TEXT, status TEXT, rel TEXT, upstream TEXT, downstream TEXT, team TEXT, test_status TEXT) ENGINE=InnoDB DEFAULT CHARSET=utf8:successful"
2023-01-22 10:03:58 I Polar Print           "CREATE TABLE IF NOT EXISTS coverage (                        team text, covered int, expected int, date text) ENGINE=InnoDB DEFAULT CHARSET=utf8:successful"
2023-01-22 10:03:58 I Polar Print           "CREATE TABLE IF NOT EXISTS allcoverage (                        id INT, uniqueid TEXT, name TEXT, status TEXT, rel TEXT, verify TEXT, missing TEXT) ENGINE=InnoDB DEFAULT CHARSET=utf8:successful"
2023-01-22 10:03:58 I Polar Print           "DELETE FROM requirements WHERE date='2023-01-22':successful"
2023-01-22 10:03:58 I Polar Print           "DELETE FROM coverage WHERE date='2023-01-22':successful"
2023-01-22 10:03:58 I Polar Print           "INSERT INTO requirements (rel, status, count, date) SELECT rel, status, count((@rn := @rn + 1)) as count, '2023-01-22' as date FROM allrequirements cross join (select @rn := 0) const GROUP BY rel, status:successful"
2023-01-22 10:03:58 I Polar Print           "CREATE TABLE IF NOT EXISTS feattest (rel TEXT, status TEXT, count TEXT, date TEXT) ENGINE=InnoDB DEFAULT CHARSET=utf8:successful"
2023-01-22 10:03:58 I Polar Print           "CREATE TABLE IF NOT EXISTS reqtest (rel TEXT, status TEXT, count TEXT, date TEXT) ENGINE=InnoDB DEFAULT CHARSET=utf8:successful"
2023-01-22 10:03:58 I Polar Print           "SELECT id FROM allfeatures:successful"
2023-01-22 10:03:58 I Polar Print           "SELECT id,upstream,downstream,team FROM allrequirements:successful"
2023-01-22 10:03:58 I Polar Print           "SELECT id FROM allcoverage:successful"
2023-01-22 10:03:58 I Polar Print           "SELECT * FROM testcases:successful"
