2022-12-24 04:59:21 I Odin  Print           "Connet 20550 successfully!!!"
2022-12-24 04:59:21 I Odin  Get_alltests    "Get project name:Odin id:20550 all testplans"
2022-12-24 04:59:22 I Odin  Get_alltests    "{7979358: {'id': 7979358, 'name': 'Product Verification Test Plan', 'archived': False, 'index': '7979358:Product Verification Test Plan'}, 8559429: {'id': 8559429, 'name': 'UX Test Plan', 'archived': False, 'index': '8559429:UX Test Plan'}}"
2022-12-24 04:59:22 I Odin  Get_alltests    "Get project name:Odin id:20550 all testplans successful!!!"
2022-12-24 05:03:51 I Odin  tidy_alltestcas "101"
2022-12-24 05:05:30 I Odin  Print           "DROP TABLE IF EXISTS testcases:successful"
2022-12-24 05:05:30 I Odin  Print           "CREATE TABLE IF NOT EXISTS testcases (                             testplan_id INT,                             testplan_name TEXT,                             testgroup_id INT,                             testgroup_name TEXT,                             testcycle_id INT,                             testcycle_name TEXT,                             rel TEXT,                             id INT,                             uniqueid TEXT,                             name TEXT,                             status TEXT,                             upstream TEXT,                             downstream TEXT,                             executionDate TEXT) ENGINE=InnoDB DEFAULT CHARSET=utf8:successful"
2022-12-24 05:05:30 I Odin  update_database "Insert testcases table successful"
2022-12-24 05:05:30 I Odin  Print           "CREATE TABLE IF NOT EXISTS tests (                             testplan_id INT,                             testplan_name TEXT,                             testplan_status TEXT,                             rel TEXT, status TEXT,                             count INT, date TEXT) ENGINE=InnoDB DEFAULT CHARSET=utf8:successful"
2022-12-24 05:05:30 I Odin  Print           "DELETE FROM tests WHERE date='2022-12-24':successful"
2022-12-24 05:05:30 I Odin  Print           "SELECT testplan_id FROM tests GROUP BY testplan_id:successful"
2022-12-24 05:05:30 I Odin  Print           "SELECT testplan_name FROM tests WHERE testplan_id=7979358 LIMIT 1:successful"
2022-12-24 05:05:30 I Odin  Print           "UPDATE tests SET testplan_status='Active' WHERE testplan_id=7979358:successful"
2022-12-24 05:05:30 I Odin  Print           "SELECT testplan_name FROM tests WHERE testplan_id=8559429 LIMIT 1:successful"
2022-12-24 05:05:30 I Odin  Print           "UPDATE tests SET testplan_status='Active' WHERE testplan_id=8559429:successful"
2022-12-24 05:05:30 I Odin  Print           "INSERT INTO tests (testplan_id, testplan_name, testplan_status, rel, status, count, date) SELECT testplan_id, testplan_name, 'Active' as testplan_status, rel, status, count((@rn := @rn + 1)) as count, '2022-12-24' as date FROM testcases cross join (select @rn := 0) const GROUP BY testplan_id, rel, status:successful"
2022-12-24 05:05:30 I Odin  update_database "Insert tests table successful"
2022-12-24 05:05:30 I Odin  Print           "CREATE TABLE IF NOT EXISTS testapproval (                                 rel TEXT, team TEXT, status TEXT, upstream TEXT, count INT, date TEXT                                 ) ENGINE=InnoDB DEFAULT CHARSET=utf8:successful"
2022-12-24 05:05:30 I Odin  Print           "DROP TABLE IF EXISTS alltestapproval:successful"
2022-12-24 05:05:30 I Odin  Print           "CREATE TABLE IF NOT EXISTS alltestapproval (                                 id INT, uniqueid TEXT, name TEXT, status TEXT, rel TEXT, team TEXT, upstream TEXT                                 ) ENGINE=InnoDB DEFAULT CHARSET=utf8:successful"
2022-12-24 05:05:30 I Odin  Print           "DELETE FROM testapproval WHERE date='2022-12-24':successful"
2022-12-24 05:05:30 I Odin  Print           "INSERT INTO testapproval (rel, team, status, count, date, upstream) SELECT rel, team, status, count((@rn := @rn + 1)) as count, '2022-12-24' as date, upstream FROM alltestapproval cross join (select @rn := 0) const GROUP BY rel, team, status, upstream:successful"
2022-12-24 05:05:35 I Odin  Get_allfeatuers "[]"
2022-12-24 05:05:35 I Odin  Print           "CREATE TABLE IF NOT EXISTS features (                                rel TEXT, status TEXT, count INT, date TEXT) ENGINE=InnoDB DEFAULT CHARSET=utf8:successful"
2022-12-24 05:05:35 I Odin  Print           "CREATE TABLE IF NOT EXISTS allfeatures (                                id INT, uniqueid TEXT, name TEXT, status TEXT, rel TEXT,test_status TEXT) ENGINE=InnoDB DEFAULT CHARSET=utf8:successful"
2022-12-24 05:05:35 I Odin  Print           "DELETE FROM features WHERE date='2022-12-24':successful"
2022-12-24 05:05:35 I Odin  Print           "DELETE FROM allfeatures WHERE id=20438488:successful"
2022-12-24 05:05:35 I Odin  Print           "DELETE FROM allfeatures WHERE id=20436984:successful"
2022-12-24 05:05:35 I Odin  Print           "DELETE FROM allfeatures WHERE id=20402475:successful"
2022-12-24 05:05:35 I Odin  Print           "DELETE FROM allfeatures WHERE id=20402441:successful"
2022-12-24 05:05:35 I Odin  Print           "DELETE FROM allfeatures WHERE id=20389163:successful"
2022-12-24 05:05:35 I Odin  Print           "DELETE FROM allfeatures WHERE id=20388816:successful"
2022-12-24 05:05:35 I Odin  Print           "DELETE FROM allfeatures WHERE id=20388807:successful"
2022-12-24 05:05:35 I Odin  Print           "DELETE FROM allfeatures WHERE id=20364798:successful"
2022-12-24 05:05:35 I Odin  Print           "DELETE FROM allfeatures WHERE id=20363469:successful"
2022-12-24 05:05:35 I Odin  Print           "DELETE FROM allfeatures WHERE id=19961485:successful"
2022-12-24 05:05:35 I Odin  Print           "DELETE FROM allfeatures WHERE id=19852323:successful"
2022-12-24 05:05:35 I Odin  Print           "DELETE FROM allfeatures WHERE id=17281075:successful"
2022-12-24 05:05:35 I Odin  Print           "DELETE FROM allfeatures WHERE id=16747580:successful"
2022-12-24 05:05:35 I Odin  Print           "DELETE FROM allfeatures WHERE id=16540015:successful"
2022-12-24 05:05:35 I Odin  Print           "DELETE FROM allfeatures WHERE id=16539943:successful"
2022-12-24 05:05:35 I Odin  Print           "DELETE FROM allfeatures WHERE id=16539914:successful"
2022-12-24 05:05:35 I Odin  Print           "DELETE FROM allfeatures WHERE id=15806998:successful"
2022-12-24 05:05:35 I Odin  Print           "DELETE FROM allfeatures WHERE id=15727115:successful"
2022-12-24 05:05:35 I Odin  Print           "DELETE FROM allfeatures WHERE id=15727112:successful"
2022-12-24 05:05:35 I Odin  Print           "DELETE FROM allfeatures WHERE id=15727109:successful"
2022-12-24 05:05:35 I Odin  Print           "DELETE FROM allfeatures WHERE id=15727106:successful"
2022-12-24 05:05:35 I Odin  Print           "DELETE FROM allfeatures WHERE id=15727102:successful"
2022-12-24 05:05:35 I Odin  Print           "DELETE FROM allfeatures WHERE id=15727092:successful"
2022-12-24 05:05:35 I Odin  Print           "DELETE FROM allfeatures WHERE id=15639185:successful"
2022-12-24 05:05:35 I Odin  Print           "DELETE FROM allfeatures WHERE id=15632120:successful"
2022-12-24 05:05:35 I Odin  Print           "DELETE FROM allfeatures WHERE id=15631971:successful"
2022-12-24 05:05:35 I Odin  Print           "DELETE FROM allfeatures WHERE id=15631674:successful"
2022-12-24 05:05:35 I Odin  Print           "DELETE FROM allfeatures WHERE id=15305113:successful"
2022-12-24 05:05:35 I Odin  Print           "DELETE FROM allfeatures WHERE id=15305106:successful"
2022-12-24 05:05:35 I Odin  Print           "DELETE FROM allfeatures WHERE id=15305098:successful"
2022-12-24 05:05:35 I Odin  Print           "DELETE FROM allfeatures WHERE id=15305092:successful"
2022-12-24 05:05:35 I Odin  Print           "DELETE FROM allfeatures WHERE id=15305088:successful"
2022-12-24 05:05:35 I Odin  Print           "DELETE FROM allfeatures WHERE id=15305083:successful"
2022-12-24 05:05:35 I Odin  Print           "DELETE FROM allfeatures WHERE id=15305078:successful"
2022-12-24 05:05:35 I Odin  Print           "DELETE FROM allfeatures WHERE id=15305073:successful"
2022-12-24 05:05:35 I Odin  Print           "DELETE FROM allfeatures WHERE id=15305069:successful"
2022-12-24 05:05:35 I Odin  Print           "DELETE FROM allfeatures WHERE id=15305051:successful"
2022-12-24 05:05:35 I Odin  Print           "DELETE FROM allfeatures WHERE id=15305045:successful"
2022-12-24 05:05:35 I Odin  Print           "DELETE FROM allfeatures WHERE id=15305040:successful"
2022-12-24 05:05:35 I Odin  Print           "DELETE FROM allfeatures WHERE id=15305026:successful"
2022-12-24 05:05:35 I Odin  Print           "DELETE FROM allfeatures WHERE id=15305018:successful"
2022-12-24 05:05:35 I Odin  Print           "DELETE FROM allfeatures WHERE id=15305004:successful"
2022-12-24 05:05:35 I Odin  Print           "DELETE FROM allfeatures WHERE id=15304999:successful"
2022-12-24 05:05:35 I Odin  Print           "DELETE FROM allfeatures WHERE id=15304994:successful"
2022-12-24 05:05:35 I Odin  Print           "DELETE FROM allfeatures WHERE id=15304989:successful"
2022-12-24 05:05:35 I Odin  Print           "DELETE FROM allfeatures WHERE id=15304981:successful"
2022-12-24 05:05:35 I Odin  Print           "DELETE FROM allfeatures WHERE id=15304975:successful"
2022-12-24 05:05:35 I Odin  Print           "DELETE FROM allfeatures WHERE id=15304966:successful"
2022-12-24 05:05:35 I Odin  Print           "DELETE FROM allfeatures WHERE id=15304943:successful"
2022-12-24 05:05:35 I Odin  Print           "DELETE FROM allfeatures WHERE id=15083052:successful"
2022-12-24 05:05:35 I Odin  Print           "INSERT INTO features (rel, status, count, date)                                 SELECT rel, status, count((@rn := @rn + 1)) as count, '2022-12-24' as date FROM allfeatures cross join (select @rn := 0) const GROUP BY rel, status:successful"
2022-12-24 05:05:36 I Odin  Get_allchangere "[]"
2022-12-24 05:05:36 I Odin  Print           "CREATE TABLE IF NOT EXISTS changes (                                 rel TEXT, status TEXT, priority TEXT,                                 requester TEXT, date TEXT, count INT) ENGINE=InnoDB DEFAULT CHARSET=utf8:successful"
2022-12-24 05:05:36 I Odin  Print           "CREATE TABLE IF NOT EXISTS allchanges (                                 id INT, uniqueid TEXT, name TEXT,                                 status TEXT, rel TEXT, priority TEXT,                                 requester TEXT) ENGINE=InnoDB DEFAULT CHARSET=utf8:successful"
2022-12-24 05:05:36 I Odin  Print           "DELETE FROM changes WHERE date='2022-12-24':successful"
2022-12-24 05:05:36 I Odin  Print           "INSERT INTO changes (                                 rel, status, priority, requester, date, count)                                 SELECT rel, status, priority, requester, '2022-12-24' as date, count((@rn := @rn + 1)) as count FROM allchanges                                 cross join (select @rn := 0) const GROUP BY rel, status, priority, requester:successful"
2022-12-24 05:05:38 I Odin  Print           "CREATE TABLE IF NOT EXISTS designspec (                            rel TEXT, team TEXT, status TEXT, count INT, date text) ENGINE=InnoDB DEFAULT CHARSET=utf8:successful"
2022-12-24 05:05:38 I Odin  Print           "CREATE TABLE IF NOT EXISTS alldesignspec (                             id INT, uniqueid TEXT, name TEXT, status TEXT, rel TEXT, team TEXT) ENGINE=InnoDB DEFAULT CHARSET=utf8:successful"
2022-12-24 05:05:38 I Odin  Print           "DELETE FROM designspec WHERE date='2022-12-24':successful"
2022-12-24 05:05:38 I Odin  Print           "INSERT INTO designspec (rel, team, status, count, date) SELECT rel, team, status, count((@rn := @rn + 1)) as count, '2022-12-24' as date FROM alldesignspec cross join (select @rn := 0) const GROUP BY rel, team, status:successful"
2022-12-24 05:05:39 I Odin  Get_alluserstor "[]"
2022-12-24 05:05:39 I Odin  Print           "CREATE TABLE IF NOT EXISTS userstories (                 rel TEXT, status TEXT, count INT, date TEXT) ENGINE=InnoDB DEFAULT CHARSET=utf8:successful"
2022-12-24 05:05:39 I Odin  Print           "CREATE TABLE IF NOT EXISTS alluserstories (                 id INT, uniqueid TEXT, name TEXT, status TEXT, rel TEXT) ENGINE=InnoDB DEFAULT CHARSET=utf8:successful"
2022-12-24 05:05:39 I Odin  Print           "DELETE FROM userstories WHERE date='2022-12-24':successful"
2022-12-24 05:05:39 I Odin  Print           "INSERT INTO userstories (rel, status, count, date) SELECT rel, status, count((@rn := @rn + 1)) as count, '2022-12-24' as date FROM alluserstories cross join (select @rn := 0) const GROUP BY rel, status:successful"
2022-12-24 05:05:41 I Odin  Get_alldefects  "[]"
2022-12-24 05:05:41 I Odin  Print           "CREATE TABLE IF NOT EXISTS defects (                     rel TEXT, team TEXT, status TEXT, priority TEXT, count INT, date TEXT) ENGINE=InnoDB DEFAULT CHARSET=utf8:successful"
2022-12-24 05:05:41 I Odin  Print           "CREATE TABLE IF NOT EXISTS alldefects (                     id INT, uniqueid TEXT, name TEXT, status TEXT, rel TEXT, team TEXT, priority TEXT, jira TEXT, upstream TEXT) ENGINE=InnoDB DEFAULT CHARSET=utf8:successful"
2022-12-24 05:05:41 I Odin  Print           "DELETE FROM defects WHERE date='2022-12-24':successful"
2022-12-24 05:05:41 I Odin  Print           "INSERT INTO defects (rel, team, status, count, date, priority) SELECT rel, team, status, count((@rn := @rn + 1)) as count, '2022-12-24' as date, priority FROM alldefects cross join (select @rn := 0) const GROUP BY rel, team, status, priority:successful"
2022-12-24 05:07:33 I Odin  get_multipickli "Unassigned don't find the mainteam name from G_parameter"
2022-12-24 05:07:34 I Odin  get_multipickli "Unassigned don't find the mainteam name from G_parameter"
2022-12-24 05:07:37 I Odin  get_multipickli "Unassigned don't find the mainteam name from G_parameter"
2022-12-24 05:07:39 I Odin  get_multipickli "Unassigned don't find the mainteam name from G_parameter"
2022-12-24 05:10:47 I Odin  get_multipickli "Unassigned don't find the mainteam name from G_parameter"
2022-12-24 05:12:49 I Odin  get_multipickli "Unassigned don't find the mainteam name from G_parameter"
2022-12-24 05:17:14 I Odin  get_multipickli "Unassigned don't find the mainteam name from G_parameter"
2022-12-24 05:18:03 I Odin  get_multipickli "Unassigned don't find the mainteam name from G_parameter"
2022-12-24 05:19:15 I Odin  get_multipickli "Unassigned don't find the mainteam name from G_parameter"
2022-12-24 05:19:34 I Odin  get_multipickli "Unassigned don't find the mainteam name from G_parameter"
2022-12-24 05:19:56 I Odin  get_multipickli "Unassigned don't find the mainteam name from G_parameter"
2022-12-24 05:20:17 I Odin  get_multipickli "Unassigned don't find the mainteam name from G_parameter"
2022-12-24 05:20:38 I Odin  get_multipickli "Unassigned don't find the mainteam name from G_parameter"
2022-12-24 05:20:58 I Odin  get_multipickli "Unassigned don't find the mainteam name from G_parameter"
2022-12-24 05:21:18 I Odin  get_multipickli "Unassigned don't find the mainteam name from G_parameter"
2022-12-24 05:21:37 I Odin  get_multipickli "Unassigned don't find the mainteam name from G_parameter"
2022-12-24 05:21:46 I Odin  get_multipickli "Unassigned don't find the mainteam name from G_parameter"
2022-12-24 05:21:54 I Odin  get_multipickli "Unassigned don't find the mainteam name from G_parameter"
2022-12-24 05:22:03 I Odin  get_multipickli "Unassigned don't find the mainteam name from G_parameter"
2022-12-24 05:22:11 I Odin  get_multipickli "Unassigned don't find the mainteam name from G_parameter"
2022-12-24 05:22:14 I Odin  get_multipickli "Unassigned don't find the mainteam name from G_parameter"
2022-12-24 05:22:18 I Odin  get_multipickli "Unassigned don't find the mainteam name from G_parameter"
2022-12-24 05:22:21 I Odin  get_multipickli "Unassigned don't find the mainteam name from G_parameter"
2022-12-24 05:22:24 I Odin  get_multipickli "Unassigned don't find the mainteam name from G_parameter"
2022-12-24 05:22:28 I Odin  get_multipickli "Unassigned don't find the mainteam name from G_parameter"
2022-12-24 05:22:33 I Odin  get_multipickli "Unassigned don't find the mainteam name from G_parameter"
2022-12-24 05:22:41 I Odin  get_multipickli "Unassigned don't find the mainteam name from G_parameter"
2022-12-24 05:22:47 I Odin  get_multipickli "Unassigned don't find the mainteam name from G_parameter"
2022-12-24 05:22:54 I Odin  get_multipickli "Unassigned don't find the mainteam name from G_parameter"
2022-12-24 05:23:01 I Odin  get_multipickli "Unassigned don't find the mainteam name from G_parameter"
2022-12-24 05:23:08 I Odin  get_multipickli "Unassigned don't find the mainteam name from G_parameter"
2022-12-24 05:23:13 I Odin  get_multipickli "Unassigned don't find the mainteam name from G_parameter"
2022-12-24 05:23:16 I Odin  get_multipickli "Unassigned don't find the mainteam name from G_parameter"
2022-12-24 05:23:21 I Odin  get_multipickli "Unassigned don't find the mainteam name from G_parameter"
2022-12-24 05:23:24 I Odin  get_multipickli "Unassigned don't find the mainteam name from G_parameter"
2022-12-24 05:23:28 I Odin  get_multipickli "Unassigned don't find the mainteam name from G_parameter"
2022-12-24 05:23:31 I Odin  get_multipickli "Unassigned don't find the mainteam name from G_parameter"
2022-12-24 05:23:37 I Odin  get_multipickli "Unassigned don't find the mainteam name from G_parameter"
2022-12-24 05:23:39 I Odin  get_multipickli "Unassigned don't find the mainteam name from G_parameter"
2022-12-24 05:23:42 I Odin  get_multipickli "Unassigned don't find the mainteam name from G_parameter"
2022-12-24 05:23:48 I Odin  get_multipickli "Unassigned don't find the mainteam name from G_parameter"
2022-12-24 05:24:02 I Odin  get_multipickli "Unassigned don't find the mainteam name from G_parameter"
2022-12-24 05:26:31 I Odin  get_multipickli "Unassigned don't find the mainteam name from G_parameter"
2022-12-24 05:26:44 I Odin  get_multipickli "Unassigned don't find the mainteam name from G_parameter"
2022-12-24 05:26:49 I Odin  get_multipickli "Unassigned don't find the mainteam name from G_parameter"
2022-12-24 05:26:57 I Odin  get_multipickli "Unassigned don't find the mainteam name from G_parameter"
2022-12-24 05:30:58 I Odin  get_multipickli "Unassigned don't find the mainteam name from G_parameter"
2022-12-24 05:31:05 I Odin  get_multipickli "Unassigned don't find the mainteam name from G_parameter"
2022-12-24 05:31:12 I Odin  get_multipickli "Unassigned don't find the mainteam name from G_parameter"
2022-12-24 05:31:22 I Odin  get_multipickli "Unassigned don't find the mainteam name from G_parameter"
2022-12-24 05:31:27 I Odin  get_multipickli "Unassigned don't find the mainteam name from G_parameter"
2022-12-24 05:31:31 I Odin  get_multipickli "Unassigned don't find the mainteam name from G_parameter"
2022-12-24 05:34:45 I Odin  get_multipickli "Unassigned don't find the mainteam name from G_parameter"
2022-12-24 05:36:44 I Odin  get_multipickli "Unassigned don't find the mainteam name from G_parameter"
2022-12-24 05:37:31 I Odin  get_multipickli "Digital Experience – Android don't find the mainteam name from G_parameter"
2022-12-24 05:37:33 I Odin  get_multipickli "Digital Experience – IOS don't find the mainteam name from G_parameter"
2022-12-24 05:37:44 I Odin  get_multipickli "Digital Experience – Android don't find the mainteam name from G_parameter"
2022-12-24 05:37:44 I Odin  get_multipickli "Digital Experience – IOS don't find the mainteam name from G_parameter"
2022-12-24 05:37:47 I Odin  get_multipickli "Digital Experience – Android don't find the mainteam name from G_parameter"
2022-12-24 05:37:47 I Odin  get_multipickli "Digital Experience – IOS don't find the mainteam name from G_parameter"
2022-12-24 05:37:50 I Odin  get_multipickli "Digital Experience – Android don't find the mainteam name from G_parameter"
2022-12-24 05:37:50 I Odin  get_multipickli "Digital Experience – IOS don't find the mainteam name from G_parameter"
2022-12-24 05:38:22 I Odin  get_multipickli "ESW Platform Test don't find the mainteam name from G_parameter"
2022-12-24 05:39:37 I Odin  get_multipickli "Unassigned don't find the mainteam name from G_parameter"
2022-12-24 05:39:41 I Odin  get_multipickli "Unassigned don't find the mainteam name from G_parameter"
2022-12-24 05:39:44 I Odin  get_multipickli "Unassigned don't find the mainteam name from G_parameter"
2022-12-24 05:39:49 I Odin  get_multipickli "Unassigned don't find the mainteam name from G_parameter"
2022-12-24 05:39:49 I Odin  get_multipickli "Digital Experience – IOS don't find the mainteam name from G_parameter"
2022-12-24 05:39:50 I Odin  get_multipickli "Digital Experience – SDK don't find the mainteam name from G_parameter"
2022-12-24 05:42:57 I Odin  get_multipickli "Unassigned don't find the mainteam name from G_parameter"
2022-12-24 05:43:57 I Odin  get_multipickli "Digital Experience – Android don't find the mainteam name from G_parameter"
2022-12-24 05:43:57 I Odin  get_multipickli "Digital Experience – IOS don't find the mainteam name from G_parameter"
2022-12-24 05:44:07 I Odin  get_multipickli "Digital Experience – Android don't find the mainteam name from G_parameter"
2022-12-24 05:44:07 I Odin  get_multipickli "Digital Experience – IOS don't find the mainteam name from G_parameter"
2022-12-24 05:44:11 I Odin  get_multipickli "Digital Experience – Android don't find the mainteam name from G_parameter"
2022-12-24 05:44:11 I Odin  get_multipickli "Digital Experience – IOS don't find the mainteam name from G_parameter"
2022-12-24 05:44:27 I Odin  get_multipickli "Unassigned don't find the mainteam name from G_parameter"
2022-12-24 05:45:03 I Odin  get_multipickli "Digital Experience – Android don't find the mainteam name from G_parameter"
2022-12-24 05:45:03 I Odin  get_multipickli "Digital Experience – IOS don't find the mainteam name from G_parameter"
2022-12-24 05:45:10 I Odin  get_multipickli "Digital Experience – Android don't find the mainteam name from G_parameter"
2022-12-24 05:45:10 I Odin  get_multipickli "Digital Experience – IOS don't find the mainteam name from G_parameter"
2022-12-24 05:45:59 I Odin  get_multipickli "Digital Experience – Android don't find the mainteam name from G_parameter"
2022-12-24 05:45:59 I Odin  get_multipickli "Digital Experience – IOS don't find the mainteam name from G_parameter"
2022-12-24 05:46:01 I Odin  get_multipickli "Digital Experience – Android don't find the mainteam name from G_parameter"
2022-12-24 05:46:01 I Odin  get_multipickli "Digital Experience – IOS don't find the mainteam name from G_parameter"
2022-12-24 05:46:09 I Odin  get_multipickli "Digital Experience – Android don't find the mainteam name from G_parameter"
2022-12-24 05:46:09 I Odin  get_multipickli "Digital Experience – IOS don't find the mainteam name from G_parameter"
2022-12-24 05:46:12 I Odin  get_multipickli "Digital Experience – Android don't find the mainteam name from G_parameter"
2022-12-24 05:46:12 I Odin  get_multipickli "Digital Experience – IOS don't find the mainteam name from G_parameter"
2022-12-24 05:46:15 I Odin  get_multipickli "Digital Experience – Android don't find the mainteam name from G_parameter"
2022-12-24 05:46:15 I Odin  get_multipickli "Digital Experience – IOS don't find the mainteam name from G_parameter"
2022-12-24 05:46:18 I Odin  get_multipickli "Digital Experience – Android don't find the mainteam name from G_parameter"
2022-12-24 05:46:18 I Odin  get_multipickli "Digital Experience – IOS don't find the mainteam name from G_parameter"
2022-12-24 05:46:20 I Odin  get_multipickli "Digital Experience – Android don't find the mainteam name from G_parameter"
2022-12-24 05:46:20 I Odin  get_multipickli "Digital Experience – IOS don't find the mainteam name from G_parameter"
2022-12-24 05:46:34 I Odin  get_multipickli "Unassigned don't find the mainteam name from G_parameter"
2022-12-24 05:47:10 I Odin  get_multipickli "Unassigned don't find the mainteam name from G_parameter"
2022-12-24 05:47:22 I Odin  get_multipickli "Unassigned don't find the mainteam name from G_parameter"
2022-12-24 05:47:36 I Odin  get_multipickli "Unassigned don't find the mainteam name from G_parameter"
2022-12-24 05:47:39 I Odin  get_multipickli "Unassigned don't find the mainteam name from G_parameter"
2022-12-24 05:48:30 I Odin  get_multipickli "Unassigned don't find the mainteam name from G_parameter"
2022-12-24 05:49:33 I Odin  get_multipickli "Unassigned don't find the mainteam name from G_parameter"
2022-12-24 05:49:38 I Odin  get_multipickli "Unassigned don't find the mainteam name from G_parameter"
2022-12-24 05:49:49 I Odin  get_multipickli "Unassigned don't find the mainteam name from G_parameter"
2022-12-24 05:49:52 I Odin  get_multipickli "Unassigned don't find the mainteam name from G_parameter"
2022-12-24 05:49:56 I Odin  get_multipickli "Unassigned don't find the mainteam name from G_parameter"
2022-12-24 05:50:00 I Odin  get_multipickli "Unassigned don't find the mainteam name from G_parameter"
2022-12-24 05:50:04 I Odin  get_multipickli "Unassigned don't find the mainteam name from G_parameter"
2022-12-24 05:50:25 I Odin  get_multipickli "Unassigned don't find the mainteam name from G_parameter"
2022-12-24 05:50:34 I Odin  get_multipickli "Unassigned don't find the mainteam name from G_parameter"
2022-12-24 05:50:36 I Odin  get_multipickli "Unassigned don't find the mainteam name from G_parameter"
2022-12-24 05:51:45 I Odin  get_multipickli "Unassigned don't find the mainteam name from G_parameter"
2022-12-24 05:52:23 I Odin  get_multipickli "Digital Experience – Android don't find the mainteam name from G_parameter"
2022-12-24 05:52:23 I Odin  get_multipickli "Digital Experience – IOS don't find the mainteam name from G_parameter"
2022-12-24 05:52:30 I Odin  get_multipickli "Digital Experience – Android don't find the mainteam name from G_parameter"
2022-12-24 05:52:30 I Odin  get_multipickli "Digital Experience – IOS don't find the mainteam name from G_parameter"
2022-12-24 05:53:58 I Odin  get_multipickli "Unassigned don't find the mainteam name from G_parameter"
2022-12-24 05:54:40 I Odin  get_multipickli "ESW Platform Test don't find the mainteam name from G_parameter"
2022-12-24 05:55:04 I Odin  get_multipickli "Unassigned don't find the mainteam name from G_parameter"
2022-12-24 05:55:12 I Odin  Print           "DROP TABLE IF EXISTS allrequirements:successful"
2022-12-24 05:55:12 I Odin  Print           "DROP TABLE IF EXISTS allcoverage:successful"
2022-12-24 05:55:12 I Odin  Print           "CREATE TABLE IF NOT EXISTS requirements (                        rel TEXT, status TEXT, count INT, date TEXT) ENGINE=InnoDB DEFAULT CHARSET=utf8:successful"
2022-12-24 05:55:12 I Odin  Print           "CREATE TABLE IF NOT EXISTS allrequirements (                        id INT, uniqueid TEXT, name TEXT, status TEXT, rel TEXT, upstream TEXT, downstream TEXT, team TEXT, test_status TEXT) ENGINE=InnoDB DEFAULT CHARSET=utf8:successful"
2022-12-24 05:55:12 I Odin  Print           "CREATE TABLE IF NOT EXISTS coverage (                        team text, covered int, expected int, date text) ENGINE=InnoDB DEFAULT CHARSET=utf8:successful"
2022-12-24 05:55:12 I Odin  Print           "CREATE TABLE IF NOT EXISTS allcoverage (                        id INT, uniqueid TEXT, name TEXT, status TEXT, rel TEXT, verify TEXT, missing TEXT) ENGINE=InnoDB DEFAULT CHARSET=utf8:successful"
2022-12-24 05:55:12 I Odin  Print           "DELETE FROM requirements WHERE date='2022-12-24':successful"
2022-12-24 05:55:12 I Odin  Print           "DELETE FROM coverage WHERE date='2022-12-24':successful"
2022-12-24 05:55:12 I Odin  Print           "INSERT INTO requirements (rel, status, count, date) SELECT rel, status, count((@rn := @rn + 1)) as count, '2022-12-24' as date FROM allrequirements cross join (select @rn := 0) const GROUP BY rel, status:successful"
2022-12-24 05:55:12 I Odin  Print           "CREATE TABLE IF NOT EXISTS feattest (rel TEXT, status TEXT, count TEXT, date TEXT) ENGINE=InnoDB DEFAULT CHARSET=utf8:successful"
2022-12-24 05:55:12 I Odin  Print           "CREATE TABLE IF NOT EXISTS reqtest (rel TEXT, status TEXT, count TEXT, date TEXT) ENGINE=InnoDB DEFAULT CHARSET=utf8:successful"
2022-12-24 05:55:12 I Odin  Print           "SELECT id FROM allfeatures:successful"
2022-12-24 05:55:12 I Odin  Print           "SELECT id,upstream,downstream,team FROM allrequirements:successful"
2022-12-24 05:55:12 I Odin  Print           "SELECT id FROM allcoverage:successful"
2022-12-24 05:55:12 I Odin  Print           "SELECT * FROM testcases:successful"
