2023-01-09 11:25:52 I Cypre Print           "Connet 20596 successfully!!!"
2023-01-09 11:25:52 I Cypre Get_alltests    "Get project name:Cypress id:20596 all testplans"
2023-01-09 11:25:56 I Cypre Get_alltests    "{10132963: {'id': 10132963, 'name': 'Audio test plan', 'archived': False, 'index': '10132963:Audio test plan'}, 9464381: {'id': 9464381, 'name': 'ESW Test Plan', 'archived': False, 'index': '9464381:ESW Test Plan'}, 9437977: {'id': 9437977, 'name': 'HW DVT Plan', 'archived': False, 'index': '9437977:HW DVT Plan'}, 9878823: {'id': 9878823, 'name': 'Packaging Test Plan', 'archived': False, 'index': '9878823:Packaging Test Plan'}, 9236187: {'id': 9236187, 'name': 'Product Verification Test Plan', 'archived': False, 'index': '9236187:Product Verification Test Plan'}, 9482881: {'id': 9482881, 'name': 'Regulatory Compliance Plan', 'archived': False, 'index': '9482881:Regulatory Compliance Plan'}, 9527168: {'id': 9527168, 'name': 'RF Test Plan', 'archived': False, 'index': '9527168:RF Test Plan'}}"
2023-01-09 11:25:56 I Cypre Get_alltests    "Get project name:Cypress id:20596 all testplans successful!!!"
2023-01-09 11:30:50 I Cypre tidy_alltestcas "1876"
2023-01-09 11:34:59 I Cypre Print           "DROP TABLE IF EXISTS testcases:successful"
2023-01-09 11:34:59 I Cypre Print           "CREATE TABLE IF NOT EXISTS testcases (                             testplan_id INT,                             testplan_name TEXT,                             testgroup_id INT,                             testgroup_name TEXT,                             testcycle_id INT,                             testcycle_name TEXT,                             rel TEXT,                             id INT,                             uniqueid TEXT,                             name TEXT,                             status TEXT,                             upstream TEXT,                             downstream TEXT,                             executionDate TEXT) ENGINE=InnoDB DEFAULT CHARSET=utf8:successful"
2023-01-09 11:35:00 I Cypre update_database "Insert testcases table successful"
2023-01-09 11:35:00 I Cypre Print           "CREATE TABLE IF NOT EXISTS tests (                             testplan_id INT,                             testplan_name TEXT,                             testplan_status TEXT,                             rel TEXT, status TEXT,                             count INT, date TEXT) ENGINE=InnoDB DEFAULT CHARSET=utf8:successful"
2023-01-09 11:35:00 I Cypre Print           "DELETE FROM tests WHERE date='2023-01-09':successful"
2023-01-09 11:35:00 I Cypre Print           "SELECT testplan_id FROM tests GROUP BY testplan_id:successful"
2023-01-09 11:35:00 I Cypre Print           "SELECT testplan_name FROM tests WHERE testplan_id=9437977 LIMIT 1:successful"
2023-01-09 11:35:00 I Cypre Print           "UPDATE tests SET testplan_status='Active' WHERE testplan_id=9437977:successful"
2023-01-09 11:35:00 I Cypre Print           "SELECT testplan_name FROM tests WHERE testplan_id=9236187 LIMIT 1:successful"
2023-01-09 11:35:00 I Cypre Print           "UPDATE tests SET testplan_status='Active' WHERE testplan_id=9236187:successful"
2023-01-09 11:35:00 I Cypre Print           "SELECT testplan_name FROM tests WHERE testplan_id=9527168 LIMIT 1:successful"
2023-01-09 11:35:00 I Cypre Print           "UPDATE tests SET testplan_status='Active' WHERE testplan_id=9527168:successful"
2023-01-09 11:35:00 I Cypre Print           "INSERT INTO tests (testplan_id, testplan_name, testplan_status, rel, status, count, date) SELECT testplan_id, testplan_name, 'Active' as testplan_status, rel, status, count((@rn := @rn + 1)) as count, '2023-01-09' as date FROM testcases cross join (select @rn := 0) const GROUP BY testplan_id, rel, status:successful"
2023-01-09 11:35:00 I Cypre update_database "Insert tests table successful"
2023-01-09 11:35:00 I Cypre Print           "CREATE TABLE IF NOT EXISTS testapproval (                                 rel TEXT, team TEXT, status TEXT, upstream TEXT, count INT, date TEXT                                 ) ENGINE=InnoDB DEFAULT CHARSET=utf8:successful"
2023-01-09 11:35:00 I Cypre Print           "DROP TABLE IF EXISTS alltestapproval:successful"
2023-01-09 11:35:00 I Cypre Print           "CREATE TABLE IF NOT EXISTS alltestapproval (                                 id INT, uniqueid TEXT, name TEXT, status TEXT, rel TEXT, team TEXT, upstream TEXT                                 ) ENGINE=InnoDB DEFAULT CHARSET=utf8:successful"
2023-01-09 11:35:00 I Cypre Print           "DELETE FROM testapproval WHERE date='2023-01-09':successful"
2023-01-09 11:35:00 I Cypre Print           "INSERT INTO testapproval (rel, team, status, count, date, upstream) SELECT rel, team, status, count((@rn := @rn + 1)) as count, '2023-01-09' as date, upstream FROM alltestapproval cross join (select @rn := 0) const GROUP BY rel, team, status, upstream:successful"
2023-01-09 11:35:04 I Cypre Get_allfeatuers "[{'id': 8922408, 'name': 'MS Teams V4 Certification (Headsets) - Audio', 'documentKey': 'Cyp-FEAT-9', 'statusId': 156410, 'status': 'Approved'}, {'id': 8922413, 'name': 'Zoom Certification - Audio', 'documentKey': 'Cyp-FEAT-11', 'statusId': 156410, 'status': 'Approved'}, {'id': 8922423, 'name': 'Acoustic Protection', 'documentKey': 'Cyp-FEAT-21', 'statusId': 156410, 'status': 'Approved'}, {'id': 8923086, 'name': 'Regulatory approvals', 'documentKey': 'Cyp-FEAT-52', 'statusId': 156410, 'status': 'Approved'}, {'id': 8922305, 'name': 'Application Controlled Paring (MFi)', 'documentKey': 'Cyp-FEAT-1', 'statusId': 156410, 'status': 'Approved'}]"
2023-01-09 11:35:04 I Cypre Print           "CREATE TABLE IF NOT EXISTS features (                                rel TEXT, status TEXT, count INT, date TEXT) ENGINE=InnoDB DEFAULT CHARSET=utf8:successful"
2023-01-09 11:35:04 I Cypre Print           "CREATE TABLE IF NOT EXISTS allfeatures (                                id INT, uniqueid TEXT, name TEXT, status TEXT, rel TEXT,test_status TEXT) ENGINE=InnoDB DEFAULT CHARSET=utf8:successful"
2023-01-09 11:35:04 I Cypre Print           "DELETE FROM features WHERE date='2023-01-09':successful"
2023-01-09 11:35:04 I Cypre Print           "DELETE FROM allfeatures WHERE id=18970216:successful"
2023-01-09 11:35:04 I Cypre Print           "DELETE FROM allfeatures WHERE id=18942693:successful"
2023-01-09 11:35:04 I Cypre Print           "DELETE FROM allfeatures WHERE id=18747239:successful"
2023-01-09 11:35:04 I Cypre Print           "DELETE FROM allfeatures WHERE id=18461166:successful"
2023-01-09 11:35:04 I Cypre Print           "DELETE FROM allfeatures WHERE id=18359586:successful"
2023-01-09 11:35:04 I Cypre Print           "DELETE FROM allfeatures WHERE id=17606202:successful"
2023-01-09 11:35:04 I Cypre Print           "DELETE FROM allfeatures WHERE id=17606128:successful"
2023-01-09 11:35:04 I Cypre Print           "DELETE FROM allfeatures WHERE id=17605354:successful"
2023-01-09 11:35:04 I Cypre Print           "DELETE FROM allfeatures WHERE id=8922408:successful"
2023-01-09 11:35:04 I Cypre Print           "DELETE FROM allfeatures WHERE id=8922413:successful"
2023-01-09 11:35:04 I Cypre Print           "DELETE FROM allfeatures WHERE id=8922423:successful"
2023-01-09 11:35:04 I Cypre Print           "DELETE FROM allfeatures WHERE id=8923086:successful"
2023-01-09 11:35:04 I Cypre Print           "DELETE FROM allfeatures WHERE id=8922305:successful"
2023-01-09 11:35:04 I Cypre Print           "INSERT INTO features (rel, status, count, date)                                 SELECT rel, status, count((@rn := @rn + 1)) as count, '2023-01-09' as date FROM allfeatures cross join (select @rn := 0) const GROUP BY rel, status:successful"
2023-01-09 11:35:08 I Cypre Get_allchangere "[{'id': 10370475, 'name': 'Cypress app configuration update', 'documentKey': 'Cyp-CR-17', 'statusId': 156410, 'status': 'Approved', 'priorityId': 156643, 'priority': 'Not defined', 'req': 'UX'}]"
2023-01-09 11:35:08 I Cypre Print           "CREATE TABLE IF NOT EXISTS changes (                                 rel TEXT, status TEXT, priority TEXT,                                 requester TEXT, date TEXT, count INT) ENGINE=InnoDB DEFAULT CHARSET=utf8:successful"
2023-01-09 11:35:08 I Cypre Print           "CREATE TABLE IF NOT EXISTS allchanges (                                 id INT, uniqueid TEXT, name TEXT,                                 status TEXT, rel TEXT, priority TEXT,                                 requester TEXT) ENGINE=InnoDB DEFAULT CHARSET=utf8:successful"
2023-01-09 11:35:08 I Cypre Print           "DELETE FROM changes WHERE date='2023-01-09':successful"
2023-01-09 11:35:08 I Cypre Print           "DELETE FROM allchanges WHERE id=10370475:successful"
2023-01-09 11:35:08 I Cypre Print           "INSERT INTO changes (                                 rel, status, priority, requester, date, count)                                 SELECT rel, status, priority, requester, '2023-01-09' as date, count((@rn := @rn + 1)) as count FROM allchanges                                 cross join (select @rn := 0) const GROUP BY rel, status, priority, requester:successful"
2023-01-09 11:35:26 I Cypre Print           "CREATE TABLE IF NOT EXISTS designspec (                            rel TEXT, team TEXT, status TEXT, count INT, date text) ENGINE=InnoDB DEFAULT CHARSET=utf8:successful"
2023-01-09 11:35:26 I Cypre Print           "CREATE TABLE IF NOT EXISTS alldesignspec (                             id INT, uniqueid TEXT, name TEXT, status TEXT, rel TEXT, team TEXT) ENGINE=InnoDB DEFAULT CHARSET=utf8:successful"
2023-01-09 11:35:26 I Cypre Print           "DELETE FROM designspec WHERE date='2023-01-09':successful"
2023-01-09 11:35:26 I Cypre Print           "DELETE FROM alldesignspec WHERE id=9872474:successful"
2023-01-09 11:35:26 I Cypre Print           "DELETE FROM alldesignspec WHERE id=10338869:successful"
2023-01-09 11:35:26 I Cypre Print           "DELETE FROM alldesignspec WHERE id=9492245:successful"
2023-01-09 11:35:26 I Cypre Print           "DELETE FROM alldesignspec WHERE id=10341269:successful"
2023-01-09 11:35:26 I Cypre Print           "DELETE FROM alldesignspec WHERE id=10341742:successful"
2023-01-09 11:35:26 I Cypre Print           "DELETE FROM alldesignspec WHERE id=10338927:successful"
2023-01-09 11:35:26 I Cypre Print           "DELETE FROM alldesignspec WHERE id=10341060:successful"
2023-01-09 11:35:26 I Cypre Print           "DELETE FROM alldesignspec WHERE id=10375839:successful"
2023-01-09 11:35:26 I Cypre Print           "DELETE FROM alldesignspec WHERE id=9517280:successful"
2023-01-09 11:35:26 I Cypre Print           "DELETE FROM alldesignspec WHERE id=9517387:successful"
2023-01-09 11:35:26 I Cypre Print           "DELETE FROM alldesignspec WHERE id=10341813:successful"
2023-01-09 11:35:26 I Cypre Print           "DELETE FROM alldesignspec WHERE id=10341803:successful"
2023-01-09 11:35:26 I Cypre Print           "DELETE FROM alldesignspec WHERE id=9872532:successful"
2023-01-09 11:35:26 I Cypre Print           "DELETE FROM alldesignspec WHERE id=9866975:successful"
2023-01-09 11:35:26 I Cypre Print           "DELETE FROM alldesignspec WHERE id=9867199:successful"
2023-01-09 11:35:26 I Cypre Print           "DELETE FROM alldesignspec WHERE id=10335009:successful"
2023-01-09 11:35:26 I Cypre Print           "DELETE FROM alldesignspec WHERE id=10375101:successful"
2023-01-09 11:35:26 I Cypre Print           "DELETE FROM alldesignspec WHERE id=10374865:successful"
2023-01-09 11:35:26 I Cypre Print           "DELETE FROM alldesignspec WHERE id=10375038:successful"
2023-01-09 11:35:26 I Cypre Print           "DELETE FROM alldesignspec WHERE id=10335180:successful"
2023-01-09 11:35:26 I Cypre Print           "DELETE FROM alldesignspec WHERE id=10337086:successful"
2023-01-09 11:35:26 I Cypre Print           "DELETE FROM alldesignspec WHERE id=10375069:successful"
2023-01-09 11:35:26 I Cypre Print           "DELETE FROM alldesignspec WHERE id=10337143:successful"
2023-01-09 11:35:26 I Cypre Print           "INSERT INTO designspec (rel, team, status, count, date) SELECT rel, team, status, count((@rn := @rn + 1)) as count, '2023-01-09' as date FROM alldesignspec cross join (select @rn := 0) const GROUP BY rel, team, status:successful"
2023-01-09 11:35:28 I Cypre Get_alluserstor "[]"
2023-01-09 11:35:28 I Cypre Print           "CREATE TABLE IF NOT EXISTS userstories (                 rel TEXT, status TEXT, count INT, date TEXT) ENGINE=InnoDB DEFAULT CHARSET=utf8:successful"
2023-01-09 11:35:28 I Cypre Print           "CREATE TABLE IF NOT EXISTS alluserstories (                 id INT, uniqueid TEXT, name TEXT, status TEXT, rel TEXT) ENGINE=InnoDB DEFAULT CHARSET=utf8:successful"
2023-01-09 11:35:28 I Cypre Print           "DELETE FROM userstories WHERE date='2023-01-09':successful"
2023-01-09 11:35:28 I Cypre Print           "INSERT INTO userstories (rel, status, count, date) SELECT rel, status, count((@rn := @rn + 1)) as count, '2023-01-09' as date FROM alluserstories cross join (select @rn := 0) const GROUP BY rel, status:successful"
2023-01-09 11:54:50 I Cypre Print           "CREATE TABLE IF NOT EXISTS defects (                     rel TEXT, team TEXT, status TEXT, priority TEXT, count INT, date TEXT) ENGINE=InnoDB DEFAULT CHARSET=utf8:successful"
2023-01-09 11:54:50 I Cypre Print           "CREATE TABLE IF NOT EXISTS alldefects (                     id INT, uniqueid TEXT, name TEXT, status TEXT, rel TEXT, team TEXT, priority TEXT, jira TEXT, upstream TEXT) ENGINE=InnoDB DEFAULT CHARSET=utf8:successful"
2023-01-09 11:54:50 I Cypre Print           "DELETE FROM defects WHERE date='2023-01-09':successful"
2023-01-09 11:54:50 I Cypre Print           "INSERT INTO defects (rel, team, status, count, date, priority) SELECT rel, team, status, count((@rn := @rn + 1)) as count, '2023-01-09' as date, priority FROM alldefects cross join (select @rn := 0) const GROUP BY rel, team, status, priority:successful"
2023-01-09 11:59:40 I Cypre get_multipickli "Unassigned don't find the mainteam name from G_parameter"
2023-01-09 12:00:42 I Cypre get_multipickli "Unassigned don't find the mainteam name from G_parameter"
2023-01-09 12:00:51 I Cypre get_multipickli "Unassigned don't find the mainteam name from G_parameter"
2023-01-09 12:01:28 I Cypre get_multipickli "Unassigned don't find the mainteam name from G_parameter"
2023-01-09 12:02:27 I Cypre get_multipickli "Unassigned don't find the mainteam name from G_parameter"
2023-01-09 12:02:32 I Cypre get_multipickli "Unassigned don't find the mainteam name from G_parameter"
2023-01-09 12:02:41 I Cypre get_multipickli "Unassigned don't find the mainteam name from G_parameter"
2023-01-09 12:03:06 I Cypre get_multipickli "Unassigned don't find the mainteam name from G_parameter"
2023-01-09 12:03:10 I Cypre get_multipickli "Unassigned don't find the mainteam name from G_parameter"
2023-01-09 12:03:15 I Cypre get_multipickli "Unassigned don't find the mainteam name from G_parameter"
2023-01-09 12:03:19 I Cypre get_multipickli "Unassigned don't find the mainteam name from G_parameter"
2023-01-09 12:04:04 I Cypre get_multipickli "Unassigned don't find the mainteam name from G_parameter"
2023-01-09 12:04:08 I Cypre get_multipickli "Unassigned don't find the mainteam name from G_parameter"
2023-01-09 12:04:48 I Cypre get_multipickli "Unassigned don't find the mainteam name from G_parameter"
2023-01-09 12:05:54 I Cypre get_multipickli "Unassigned don't find the mainteam name from G_parameter"
2023-01-09 12:05:58 I Cypre get_multipickli "Unassigned don't find the mainteam name from G_parameter"
2023-01-09 12:06:02 I Cypre get_multipickli "Unassigned don't find the mainteam name from G_parameter"
2023-01-09 12:09:45 I Cypre get_multipickli "Unassigned don't find the mainteam name from G_parameter"
2023-01-09 12:11:37 I Cypre get_multipickli "Unassigned don't find the mainteam name from G_parameter"
2023-01-09 12:11:40 I Cypre get_multipickli "Unassigned don't find the mainteam name from G_parameter"
2023-01-09 12:12:11 I Cypre get_multipickli "ESW Platform Test don't find the mainteam name from G_parameter"
2023-01-09 12:12:14 I Cypre get_multipickli "ESW Platform Test don't find the mainteam name from G_parameter"
2023-01-09 12:12:19 I Cypre get_multipickli "ESW Platform Test don't find the mainteam name from G_parameter"
2023-01-09 12:12:28 I Cypre get_multipickli "ESW Platform Test don't find the mainteam name from G_parameter"
2023-01-09 12:12:33 I Cypre get_multipickli "ESW Platform Test don't find the mainteam name from G_parameter"
2023-01-09 12:12:36 I Cypre get_multipickli "ESW Platform Test don't find the mainteam name from G_parameter"
2023-01-09 12:12:39 I Cypre get_multipickli "ESW Platform Test don't find the mainteam name from G_parameter"
2023-01-09 12:12:49 I Cypre get_multipickli "Digital Experience – Android don't find the mainteam name from G_parameter"
2023-01-09 12:12:50 I Cypre get_multipickli "Digital Experience – IOS don't find the mainteam name from G_parameter"
2023-01-09 12:12:55 I Cypre get_multipickli "Digital Experience – Android don't find the mainteam name from G_parameter"
2023-01-09 12:12:55 I Cypre get_multipickli "Digital Experience – IOS don't find the mainteam name from G_parameter"
2023-01-09 12:13:20 I Cypre get_multipickli "Digital Experience – Android don't find the mainteam name from G_parameter"
2023-01-09 12:13:20 I Cypre get_multipickli "Digital Experience – IOS don't find the mainteam name from G_parameter"
2023-01-09 12:13:33 I Cypre get_multipickli "Digital Experience – Android don't find the mainteam name from G_parameter"
2023-01-09 12:13:33 I Cypre get_multipickli "Digital Experience – IOS don't find the mainteam name from G_parameter"
2023-01-09 12:13:40 I Cypre get_multipickli "Digital Experience – Android don't find the mainteam name from G_parameter"
2023-01-09 12:13:40 I Cypre get_multipickli "Digital Experience – IOS don't find the mainteam name from G_parameter"
2023-01-09 12:15:28 I Cypre get_multipickli "Unassigned don't find the mainteam name from G_parameter"
2023-01-09 12:15:47 I Cypre get_multipickli "Digital Experience – Android don't find the mainteam name from G_parameter"
2023-01-09 12:15:47 I Cypre get_multipickli "Digital Experience – IOS don't find the mainteam name from G_parameter"
2023-01-09 12:16:00 I Cypre get_multipickli "Unassigned don't find the mainteam name from G_parameter"
2023-01-09 12:16:01 I Cypre get_multipickli "Digital Experience – SDK don't find the mainteam name from G_parameter"
2023-01-09 12:16:15 I Cypre get_multipickli "Digital Experience – Android don't find the mainteam name from G_parameter"
2023-01-09 12:16:15 I Cypre get_multipickli "Digital Experience – IOS don't find the mainteam name from G_parameter"
2023-01-09 12:17:02 I Cypre get_multipickli "Unassigned don't find the mainteam name from G_parameter"
2023-01-09 12:17:29 I Cypre get_multipickli "Unassigned don't find the mainteam name from G_parameter"
2023-01-09 12:17:43 I Cypre get_multipickli "Unassigned don't find the mainteam name from G_parameter"
2023-01-09 12:18:32 I Cypre get_multipickli "Unassigned don't find the mainteam name from G_parameter"
2023-01-09 12:18:56 I Cypre get_multipickli "Digital Experience – Android don't find the mainteam name from G_parameter"
2023-01-09 12:18:56 I Cypre get_multipickli "Digital Experience – IOS don't find the mainteam name from G_parameter"
2023-01-09 12:19:03 I Cypre get_multipickli "Digital Experience – Android don't find the mainteam name from G_parameter"
2023-01-09 12:19:03 I Cypre get_multipickli "Digital Experience – IOS don't find the mainteam name from G_parameter"
2023-01-09 12:19:48 I Cypre get_multipickli "Unassigned don't find the mainteam name from G_parameter"
2023-01-09 12:20:23 I Cypre get_multipickli "Unassigned don't find the mainteam name from G_parameter"
2023-01-09 12:20:27 I Cypre get_multipickli "Unassigned don't find the mainteam name from G_parameter"
2023-01-09 12:20:54 I Cypre get_multipickli "Digital Experience – Android don't find the mainteam name from G_parameter"
2023-01-09 12:20:54 I Cypre get_multipickli "Digital Experience – IOS don't find the mainteam name from G_parameter"
2023-01-09 12:20:58 I Cypre get_multipickli "Digital Experience – Android don't find the mainteam name from G_parameter"
2023-01-09 12:20:58 I Cypre get_multipickli "Digital Experience – IOS don't find the mainteam name from G_parameter"
2023-01-09 12:21:10 I Cypre get_multipickli "Digital Experience – Android don't find the mainteam name from G_parameter"
2023-01-09 12:21:10 I Cypre get_multipickli "Digital Experience – IOS don't find the mainteam name from G_parameter"
2023-01-09 12:21:14 I Cypre get_multipickli "Digital Experience – Android don't find the mainteam name from G_parameter"
2023-01-09 12:21:14 I Cypre get_multipickli "Digital Experience – IOS don't find the mainteam name from G_parameter"
2023-01-09 12:21:18 I Cypre get_multipickli "Digital Experience – Android don't find the mainteam name from G_parameter"
2023-01-09 12:21:18 I Cypre get_multipickli "Digital Experience – IOS don't find the mainteam name from G_parameter"
2023-01-09 12:21:22 I Cypre get_multipickli "Digital Experience – Android don't find the mainteam name from G_parameter"
2023-01-09 12:21:22 I Cypre get_multipickli "Digital Experience – IOS don't find the mainteam name from G_parameter"
2023-01-09 12:21:26 I Cypre get_multipickli "Digital Experience – Android don't find the mainteam name from G_parameter"
2023-01-09 12:21:26 I Cypre get_multipickli "Digital Experience – IOS don't find the mainteam name from G_parameter"
2023-01-09 12:21:29 I Cypre get_multipickli "Digital Experience – Android don't find the mainteam name from G_parameter"
2023-01-09 12:21:29 I Cypre get_multipickli "Digital Experience – IOS don't find the mainteam name from G_parameter"
2023-01-09 12:21:36 I Cypre get_multipickli "Digital Experience – SDK don't find the mainteam name from G_parameter"
2023-01-09 12:22:02 I Cypre get_multipickli "Digital Experience – Android don't find the mainteam name from G_parameter"
2023-01-09 12:22:02 I Cypre get_multipickli "Digital Experience – IOS don't find the mainteam name from G_parameter"
2023-01-09 12:22:05 I Cypre get_multipickli "Digital Experience – Android don't find the mainteam name from G_parameter"
2023-01-09 12:22:05 I Cypre get_multipickli "Digital Experience – IOS don't find the mainteam name from G_parameter"
2023-01-09 12:22:08 I Cypre get_multipickli "Digital Experience – Android don't find the mainteam name from G_parameter"
2023-01-09 12:22:08 I Cypre get_multipickli "Digital Experience – IOS don't find the mainteam name from G_parameter"
2023-01-09 12:22:33 I Cypre get_multipickli "Unassigned don't find the mainteam name from G_parameter"
2023-01-09 12:22:41 I Cypre get_multipickli "Unassigned don't find the mainteam name from G_parameter"
2023-01-09 12:23:22 I Cypre get_multipickli "Digital Experience – Android don't find the mainteam name from G_parameter"
2023-01-09 12:23:22 I Cypre get_multipickli "Digital Experience – IOS don't find the mainteam name from G_parameter"
2023-01-09 12:23:32 I Cypre get_multipickli "Digital Experience – Android don't find the mainteam name from G_parameter"
2023-01-09 12:23:32 I Cypre get_multipickli "Digital Experience – IOS don't find the mainteam name from G_parameter"
2023-01-09 12:24:02 I Cypre get_multipickli "Unassigned don't find the mainteam name from G_parameter"
2023-01-09 12:24:57 I Cypre Print           "DROP TABLE IF EXISTS allrequirements:successful"
2023-01-09 12:24:57 I Cypre Print           "DROP TABLE IF EXISTS allcoverage:successful"
2023-01-09 12:24:57 I Cypre Print           "CREATE TABLE IF NOT EXISTS requirements (                        rel TEXT, status TEXT, count INT, date TEXT) ENGINE=InnoDB DEFAULT CHARSET=utf8:successful"
2023-01-09 12:24:58 I Cypre Print           "CREATE TABLE IF NOT EXISTS allrequirements (                        id INT, uniqueid TEXT, name TEXT, status TEXT, rel TEXT, upstream TEXT, downstream TEXT, team TEXT, test_status TEXT) ENGINE=InnoDB DEFAULT CHARSET=utf8:successful"
2023-01-09 12:24:58 I Cypre Print           "CREATE TABLE IF NOT EXISTS coverage (                        team text, covered int, expected int, date text) ENGINE=InnoDB DEFAULT CHARSET=utf8:successful"
2023-01-09 12:24:58 I Cypre Print           "CREATE TABLE IF NOT EXISTS allcoverage (                        id INT, uniqueid TEXT, name TEXT, status TEXT, rel TEXT, verify TEXT, missing TEXT) ENGINE=InnoDB DEFAULT CHARSET=utf8:successful"
2023-01-09 12:24:58 I Cypre Print           "DELETE FROM requirements WHERE date='2023-01-09':successful"
2023-01-09 12:24:58 I Cypre Print           "DELETE FROM coverage WHERE date='2023-01-09':successful"
2023-01-09 12:24:58 I Cypre Print           "INSERT INTO requirements (rel, status, count, date) SELECT rel, status, count((@rn := @rn + 1)) as count, '2023-01-09' as date FROM allrequirements cross join (select @rn := 0) const GROUP BY rel, status:successful"
2023-01-09 12:24:58 I Cypre Print           "CREATE TABLE IF NOT EXISTS feattest (rel TEXT, status TEXT, count TEXT, date TEXT) ENGINE=InnoDB DEFAULT CHARSET=utf8:successful"
2023-01-09 12:24:58 I Cypre Print           "CREATE TABLE IF NOT EXISTS reqtest (rel TEXT, status TEXT, count TEXT, date TEXT) ENGINE=InnoDB DEFAULT CHARSET=utf8:successful"
2023-01-09 12:24:58 I Cypre Print           "SELECT id FROM allfeatures:successful"
2023-01-09 12:24:58 I Cypre Print           "SELECT id,upstream,downstream,team FROM allrequirements:successful"
2023-01-09 12:24:58 I Cypre Print           "SELECT id FROM allcoverage:successful"
2023-01-09 12:24:58 I Cypre Print           "SELECT * FROM testcases:successful"
