2023-01-09 11:29:28 I Etna  Print           "Connet 20602 successfully!!!"
2023-01-09 11:29:28 I Etna  Get_alltests    "Get project name:Etna id:20602 all testplans"
2023-01-09 11:29:29 I Etna  Get_alltests    "{}"
2023-01-09 11:29:29 I Etna  Get_alltests    "Get project name:Etna id:20602 all testplans successful!!!"
2023-01-09 11:29:29 I Etna  tidy_alltestcas "0"
2023-01-09 11:29:29 I Etna  Print           "DROP TABLE IF EXISTS testcases:successful"
2023-01-09 11:29:29 I Etna  Print           "CREATE TABLE IF NOT EXISTS testcases (                             testplan_id INT,                             testplan_name TEXT,                             testgroup_id INT,                             testgroup_name TEXT,                             testcycle_id INT,                             testcycle_name TEXT,                             rel TEXT,                             id INT,                             uniqueid TEXT,                             name TEXT,                             status TEXT,                             upstream TEXT,                             downstream TEXT,                             executionDate TEXT) ENGINE=InnoDB DEFAULT CHARSET=utf8:successful"
2023-01-09 11:29:29 I Etna  update_database "Insert testcases table successful"
2023-01-09 11:29:29 I Etna  Print           "CREATE TABLE IF NOT EXISTS tests (                             testplan_id INT,                             testplan_name TEXT,                             testplan_status TEXT,                             rel TEXT, status TEXT,                             count INT, date TEXT) ENGINE=InnoDB DEFAULT CHARSET=utf8:successful"
2023-01-09 11:29:29 I Etna  Print           "DELETE FROM tests WHERE date='2023-01-09':successful"
2023-01-09 11:29:29 I Etna  Print           "SELECT testplan_id FROM tests GROUP BY testplan_id:successful"
2023-01-09 11:29:29 I Etna  Print           "INSERT INTO tests (testplan_id, testplan_name, testplan_status, rel, status, count, date) SELECT testplan_id, testplan_name, 'Active' as testplan_status, rel, status, count((@rn := @rn + 1)) as count, '2023-01-09' as date FROM testcases cross join (select @rn := 0) const GROUP BY testplan_id, rel, status:successful"
2023-01-09 11:29:29 I Etna  update_database "Insert tests table successful"
2023-01-09 11:29:29 I Etna  Print           "CREATE TABLE IF NOT EXISTS testapproval (                                 rel TEXT, team TEXT, status TEXT, upstream TEXT, count INT, date TEXT                                 ) ENGINE=InnoDB DEFAULT CHARSET=utf8:successful"
2023-01-09 11:29:29 I Etna  Print           "DROP TABLE IF EXISTS alltestapproval:successful"
2023-01-09 11:29:29 I Etna  Print           "CREATE TABLE IF NOT EXISTS alltestapproval (                                 id INT, uniqueid TEXT, name TEXT, status TEXT, rel TEXT, team TEXT, upstream TEXT                                 ) ENGINE=InnoDB DEFAULT CHARSET=utf8:successful"
2023-01-09 11:29:29 I Etna  Print           "DELETE FROM testapproval WHERE date='2023-01-09':successful"
2023-01-09 11:29:30 I Etna  Print           "INSERT INTO testapproval (rel, team, status, count, date, upstream) SELECT rel, team, status, count((@rn := @rn + 1)) as count, '2023-01-09' as date, upstream FROM alltestapproval cross join (select @rn := 0) const GROUP BY rel, team, status, upstream:successful"
2023-01-09 11:29:33 I Etna  Get_allfeatuers "[]"
2023-01-09 11:29:33 I Etna  Print           "CREATE TABLE IF NOT EXISTS features (                                rel TEXT, status TEXT, count INT, date TEXT) ENGINE=InnoDB DEFAULT CHARSET=utf8:successful"
2023-01-09 11:29:33 I Etna  Print           "CREATE TABLE IF NOT EXISTS allfeatures (                                id INT, uniqueid TEXT, name TEXT, status TEXT, rel TEXT,test_status TEXT) ENGINE=InnoDB DEFAULT CHARSET=utf8:successful"
2023-01-09 11:29:33 I Etna  Print           "DELETE FROM features WHERE date='2023-01-09':successful"
2023-01-09 11:29:33 I Etna  Print           "DELETE FROM allfeatures WHERE id=20046545:successful"
2023-01-09 11:29:33 I Etna  Print           "DELETE FROM allfeatures WHERE id=19794172:successful"
2023-01-09 11:29:33 I Etna  Print           "DELETE FROM allfeatures WHERE id=19780733:successful"
2023-01-09 11:29:33 I Etna  Print           "DELETE FROM allfeatures WHERE id=19780367:successful"
2023-01-09 11:29:33 I Etna  Print           "DELETE FROM allfeatures WHERE id=19770697:successful"
2023-01-09 11:29:33 I Etna  Print           "DELETE FROM allfeatures WHERE id=19492388:successful"
2023-01-09 11:29:33 I Etna  Print           "DELETE FROM allfeatures WHERE id=19404843:successful"
2023-01-09 11:29:33 I Etna  Print           "DELETE FROM allfeatures WHERE id=19296670:successful"
2023-01-09 11:29:33 I Etna  Print           "DELETE FROM allfeatures WHERE id=19296645:successful"
2023-01-09 11:29:33 I Etna  Print           "DELETE FROM allfeatures WHERE id=19270597:successful"
2023-01-09 11:29:33 I Etna  Print           "DELETE FROM allfeatures WHERE id=19173609:successful"
2023-01-09 11:29:33 I Etna  Print           "INSERT INTO features (rel, status, count, date)                                 SELECT rel, status, count((@rn := @rn + 1)) as count, '2023-01-09' as date FROM allfeatures cross join (select @rn := 0) const GROUP BY rel, status:successful"
2023-01-09 11:29:35 I Etna  Get_allchangere "[]"
2023-01-09 11:29:35 I Etna  Print           "CREATE TABLE IF NOT EXISTS changes (                                 rel TEXT, status TEXT, priority TEXT,                                 requester TEXT, date TEXT, count INT) ENGINE=InnoDB DEFAULT CHARSET=utf8:successful"
2023-01-09 11:29:35 I Etna  Print           "CREATE TABLE IF NOT EXISTS allchanges (                                 id INT, uniqueid TEXT, name TEXT,                                 status TEXT, rel TEXT, priority TEXT,                                 requester TEXT) ENGINE=InnoDB DEFAULT CHARSET=utf8:successful"
2023-01-09 11:29:35 I Etna  Print           "DELETE FROM changes WHERE date='2023-01-09':successful"
2023-01-09 11:29:35 I Etna  Print           "INSERT INTO changes (                                 rel, status, priority, requester, date, count)                                 SELECT rel, status, priority, requester, '2023-01-09' as date, count((@rn := @rn + 1)) as count FROM allchanges                                 cross join (select @rn := 0) const GROUP BY rel, status, priority, requester:successful"
2023-01-09 11:29:37 I Etna  Print           "CREATE TABLE IF NOT EXISTS designspec (                            rel TEXT, team TEXT, status TEXT, count INT, date text) ENGINE=InnoDB DEFAULT CHARSET=utf8:successful"
2023-01-09 11:29:37 I Etna  Print           "CREATE TABLE IF NOT EXISTS alldesignspec (                             id INT, uniqueid TEXT, name TEXT, status TEXT, rel TEXT, team TEXT) ENGINE=InnoDB DEFAULT CHARSET=utf8:successful"
2023-01-09 11:29:37 I Etna  Print           "DELETE FROM designspec WHERE date='2023-01-09':successful"
2023-01-09 11:29:37 I Etna  Print           "INSERT INTO designspec (rel, team, status, count, date) SELECT rel, team, status, count((@rn := @rn + 1)) as count, '2023-01-09' as date FROM alldesignspec cross join (select @rn := 0) const GROUP BY rel, team, status:successful"
2023-01-09 11:29:40 I Etna  Get_alluserstor "[]"
2023-01-09 11:29:40 I Etna  Print           "CREATE TABLE IF NOT EXISTS userstories (                 rel TEXT, status TEXT, count INT, date TEXT) ENGINE=InnoDB DEFAULT CHARSET=utf8:successful"
2023-01-09 11:29:40 I Etna  Print           "CREATE TABLE IF NOT EXISTS alluserstories (                 id INT, uniqueid TEXT, name TEXT, status TEXT, rel TEXT) ENGINE=InnoDB DEFAULT CHARSET=utf8:successful"
2023-01-09 11:29:40 I Etna  Print           "DELETE FROM userstories WHERE date='2023-01-09':successful"
2023-01-09 11:29:40 I Etna  Print           "INSERT INTO userstories (rel, status, count, date) SELECT rel, status, count((@rn := @rn + 1)) as count, '2023-01-09' as date FROM alluserstories cross join (select @rn := 0) const GROUP BY rel, status:successful"
2023-01-09 11:29:42 I Etna  Get_alldefects  "[]"
2023-01-09 11:29:42 I Etna  Print           "CREATE TABLE IF NOT EXISTS defects (                     rel TEXT, team TEXT, status TEXT, priority TEXT, count INT, date TEXT) ENGINE=InnoDB DEFAULT CHARSET=utf8:successful"
2023-01-09 11:29:42 I Etna  Print           "CREATE TABLE IF NOT EXISTS alldefects (                     id INT, uniqueid TEXT, name TEXT, status TEXT, rel TEXT, team TEXT, priority TEXT, jira TEXT, upstream TEXT) ENGINE=InnoDB DEFAULT CHARSET=utf8:successful"
2023-01-09 11:29:42 I Etna  Print           "DELETE FROM defects WHERE date='2023-01-09':successful"
2023-01-09 11:29:42 I Etna  Print           "INSERT INTO defects (rel, team, status, count, date, priority) SELECT rel, team, status, count((@rn := @rn + 1)) as count, '2023-01-09' as date, priority FROM alldefects cross join (select @rn := 0) const GROUP BY rel, team, status, priority:successful"
2023-01-09 11:32:19 I Etna  get_multipickli "Unassigned don't find the mainteam name from G_parameter"
2023-01-09 11:32:38 I Etna  get_multipickli "Unassigned don't find the mainteam name from G_parameter"
2023-01-09 11:33:22 I Etna  get_multipickli "Unassigned don't find the mainteam name from G_parameter"
2023-01-09 11:45:10 I Etna  get_multipickli "Unassigned don't find the mainteam name from G_parameter"
2023-01-09 11:45:54 I Etna  get_multipickli "ESW Platform Test don't find the mainteam name from G_parameter"
2023-01-09 11:46:00 I Etna  get_multipickli "Unassigned don't find the mainteam name from G_parameter"
2023-01-09 11:46:59 I Etna  get_multipickli "Unassigned don't find the mainteam name from G_parameter"
2023-01-09 11:47:19 I Etna  get_multipickli "ESW Platform Test don't find the mainteam name from G_parameter"
2023-01-09 11:47:24 I Etna  get_multipickli "Unassigned don't find the mainteam name from G_parameter"
2023-01-09 11:47:33 I Etna  get_multipickli "ESW Platform Test don't find the mainteam name from G_parameter"
2023-01-09 11:47:39 I Etna  get_multipickli "ESW Platform Test don't find the mainteam name from G_parameter"
2023-01-09 11:47:45 I Etna  get_multipickli "ESW Platform Test don't find the mainteam name from G_parameter"
2023-01-09 11:47:50 I Etna  get_multipickli "Unassigned don't find the mainteam name from G_parameter"
2023-01-09 11:48:14 I Etna  get_multipickli "Digital Experience – SDK don't find the mainteam name from G_parameter"
2023-01-09 11:48:24 I Etna  get_multipickli "Unassigned don't find the mainteam name from G_parameter"
2023-01-09 11:48:31 I Etna  get_multipickli "Unassigned don't find the mainteam name from G_parameter"
2023-01-09 11:48:55 I Etna  get_multipickli "Unassigned don't find the mainteam name from G_parameter"
2023-01-09 11:49:06 I Etna  get_multipickli "ESW Platform Test don't find the mainteam name from G_parameter"
2023-01-09 11:49:33 I Etna  get_multipickli "Unassigned don't find the mainteam name from G_parameter"
2023-01-09 11:49:50 I Etna  Print           "DROP TABLE IF EXISTS allrequirements:successful"
2023-01-09 11:49:50 I Etna  Print           "DROP TABLE IF EXISTS allcoverage:successful"
2023-01-09 11:49:50 I Etna  Print           "CREATE TABLE IF NOT EXISTS requirements (                        rel TEXT, status TEXT, count INT, date TEXT) ENGINE=InnoDB DEFAULT CHARSET=utf8:successful"
2023-01-09 11:49:50 I Etna  Print           "CREATE TABLE IF NOT EXISTS allrequirements (                        id INT, uniqueid TEXT, name TEXT, status TEXT, rel TEXT, upstream TEXT, downstream TEXT, team TEXT, test_status TEXT) ENGINE=InnoDB DEFAULT CHARSET=utf8:successful"
2023-01-09 11:49:50 I Etna  Print           "CREATE TABLE IF NOT EXISTS coverage (                        team text, covered int, expected int, date text) ENGINE=InnoDB DEFAULT CHARSET=utf8:successful"
2023-01-09 11:49:50 I Etna  Print           "CREATE TABLE IF NOT EXISTS allcoverage (                        id INT, uniqueid TEXT, name TEXT, status TEXT, rel TEXT, verify TEXT, missing TEXT) ENGINE=InnoDB DEFAULT CHARSET=utf8:successful"
2023-01-09 11:49:50 I Etna  Print           "DELETE FROM requirements WHERE date='2023-01-09':successful"
2023-01-09 11:49:50 I Etna  Print           "DELETE FROM coverage WHERE date='2023-01-09':successful"
2023-01-09 11:49:50 I Etna  Print           "INSERT INTO requirements (rel, status, count, date) SELECT rel, status, count((@rn := @rn + 1)) as count, '2023-01-09' as date FROM allrequirements cross join (select @rn := 0) const GROUP BY rel, status:successful"
2023-01-09 11:49:50 I Etna  Print           "CREATE TABLE IF NOT EXISTS feattest (rel TEXT, status TEXT, count TEXT, date TEXT) ENGINE=InnoDB DEFAULT CHARSET=utf8:successful"
2023-01-09 11:49:50 I Etna  Print           "CREATE TABLE IF NOT EXISTS reqtest (rel TEXT, status TEXT, count TEXT, date TEXT) ENGINE=InnoDB DEFAULT CHARSET=utf8:successful"
