2023-01-09 09:50:37 I FRO   Print           "Connet 20558 successfully!!!"
2023-01-09 09:50:37 I FRO   Get_alltests    "Get project name:FRO id:20558 all testplans"
2023-01-09 09:50:43 I FRO   Get_alltests    "{8250349: {'id': 8250349, 'name': 'Product Verification Test Plan', 'archived': False, 'index': '8250349:Product Verification Test Plan'}}"
2023-01-09 09:50:43 I FRO   Get_alltests    "Get project name:FRO id:20558 all testplans successful!!!"
2023-01-09 09:52:03 I FRO   tidy_alltestcas "31"
2023-01-09 09:52:12 I FRO   Print           "DROP TABLE IF EXISTS testcases:successful"
2023-01-09 09:52:12 I FRO   Print           "CREATE TABLE IF NOT EXISTS testcases (                             testplan_id INT,                             testplan_name TEXT,                             testgroup_id INT,                             testgroup_name TEXT,                             testcycle_id INT,                             testcycle_name TEXT,                             rel TEXT,                             id INT,                             uniqueid TEXT,                             name TEXT,                             status TEXT,                             upstream TEXT,                             downstream TEXT,                             executionDate TEXT) ENGINE=InnoDB DEFAULT CHARSET=utf8:successful"
2023-01-09 09:52:12 I FRO   update_database "Insert testcases table successful"
2023-01-09 09:52:12 I FRO   Print           "CREATE TABLE IF NOT EXISTS tests (                             testplan_id INT,                             testplan_name TEXT,                             testplan_status TEXT,                             rel TEXT, status TEXT,                             count INT, date TEXT) ENGINE=InnoDB DEFAULT CHARSET=utf8:successful"
2023-01-09 09:52:12 I FRO   Print           "DELETE FROM tests WHERE date='2023-01-09':successful"
2023-01-09 09:52:12 I FRO   Print           "SELECT testplan_id FROM tests GROUP BY testplan_id:successful"
2023-01-09 09:52:12 I FRO   Print           "SELECT testplan_name FROM tests WHERE testplan_id=8250349 LIMIT 1:successful"
2023-01-09 09:52:12 I FRO   Print           "UPDATE tests SET testplan_status='Active' WHERE testplan_id=8250349:successful"
2023-01-09 09:52:12 I FRO   Print           "INSERT INTO tests (testplan_id, testplan_name, testplan_status, rel, status, count, date) SELECT testplan_id, testplan_name, 'Active' as testplan_status, rel, status, count((@rn := @rn + 1)) as count, '2023-01-09' as date FROM testcases cross join (select @rn := 0) const GROUP BY testplan_id, rel, status:successful"
2023-01-09 09:52:12 I FRO   update_database "Insert tests table successful"
2023-01-09 09:52:12 I FRO   Print           "CREATE TABLE IF NOT EXISTS testapproval (                                 rel TEXT, team TEXT, status TEXT, upstream TEXT, count INT, date TEXT                                 ) ENGINE=InnoDB DEFAULT CHARSET=utf8:successful"
2023-01-09 09:52:12 I FRO   Print           "DROP TABLE IF EXISTS alltestapproval:successful"
2023-01-09 09:52:12 I FRO   Print           "CREATE TABLE IF NOT EXISTS alltestapproval (                                 id INT, uniqueid TEXT, name TEXT, status TEXT, rel TEXT, team TEXT, upstream TEXT                                 ) ENGINE=InnoDB DEFAULT CHARSET=utf8:successful"
2023-01-09 09:52:12 I FRO   Print           "DELETE FROM testapproval WHERE date='2023-01-09':successful"
2023-01-09 09:52:12 I FRO   Print           "INSERT INTO testapproval (rel, team, status, count, date, upstream) SELECT rel, team, status, count((@rn := @rn + 1)) as count, '2023-01-09' as date, upstream FROM alltestapproval cross join (select @rn := 0) const GROUP BY rel, team, status, upstream:successful"
2023-01-09 09:52:27 I FRO   Get_allfeatuers "[]"
2023-01-09 09:52:27 I FRO   Print           "CREATE TABLE IF NOT EXISTS features (                                rel TEXT, status TEXT, count INT, date TEXT) ENGINE=InnoDB DEFAULT CHARSET=utf8:successful"
2023-01-09 09:52:27 I FRO   Print           "CREATE TABLE IF NOT EXISTS allfeatures (                                id INT, uniqueid TEXT, name TEXT, status TEXT, rel TEXT,test_status TEXT) ENGINE=InnoDB DEFAULT CHARSET=utf8:successful"
2023-01-09 09:52:27 I FRO   Print           "DELETE FROM features WHERE date='2023-01-09':successful"
2023-01-09 09:52:27 I FRO   Print           "DELETE FROM allfeatures WHERE id=15807102:successful"
2023-01-09 09:52:27 I FRO   Print           "DELETE FROM allfeatures WHERE id=15807101:successful"
2023-01-09 09:52:27 I FRO   Print           "DELETE FROM allfeatures WHERE id=15807031:successful"
2023-01-09 09:52:27 I FRO   Print           "DELETE FROM allfeatures WHERE id=15803971:successful"
2023-01-09 09:52:27 I FRO   Print           "DELETE FROM allfeatures WHERE id=15778771:successful"
2023-01-09 09:52:27 I FRO   Print           "DELETE FROM allfeatures WHERE id=15778714:successful"
2023-01-09 09:52:27 I FRO   Print           "DELETE FROM allfeatures WHERE id=15777372:successful"
2023-01-09 09:52:27 I FRO   Print           "DELETE FROM allfeatures WHERE id=15777006:successful"
2023-01-09 09:52:27 I FRO   Print           "DELETE FROM allfeatures WHERE id=15776996:successful"
2023-01-09 09:52:27 I FRO   Print           "DELETE FROM allfeatures WHERE id=15776228:successful"
2023-01-09 09:52:27 I FRO   Print           "DELETE FROM allfeatures WHERE id=15771315:successful"
2023-01-09 09:52:27 I FRO   Print           "DELETE FROM allfeatures WHERE id=15763879:successful"
2023-01-09 09:52:27 I FRO   Print           "DELETE FROM allfeatures WHERE id=15763793:successful"
2023-01-09 09:52:27 I FRO   Print           "DELETE FROM allfeatures WHERE id=15723859:successful"
2023-01-09 09:52:27 I FRO   Print           "DELETE FROM allfeatures WHERE id=15714554:successful"
2023-01-09 09:52:27 I FRO   Print           "DELETE FROM allfeatures WHERE id=15693814:successful"
2023-01-09 09:52:27 I FRO   Print           "DELETE FROM allfeatures WHERE id=15692849:successful"
2023-01-09 09:52:27 I FRO   Print           "DELETE FROM allfeatures WHERE id=15691813:successful"
2023-01-09 09:52:27 I FRO   Print           "DELETE FROM allfeatures WHERE id=15431242:successful"
2023-01-09 09:52:27 I FRO   Print           "INSERT INTO features (rel, status, count, date)                                 SELECT rel, status, count((@rn := @rn + 1)) as count, '2023-01-09' as date FROM allfeatures cross join (select @rn := 0) const GROUP BY rel, status:successful"
2023-01-09 09:52:34 I FRO   Get_allchangere "[]"
2023-01-09 09:52:34 I FRO   Print           "CREATE TABLE IF NOT EXISTS changes (                                 rel TEXT, status TEXT, priority TEXT,                                 requester TEXT, date TEXT, count INT) ENGINE=InnoDB DEFAULT CHARSET=utf8:successful"
2023-01-09 09:52:34 I FRO   Print           "CREATE TABLE IF NOT EXISTS allchanges (                                 id INT, uniqueid TEXT, name TEXT,                                 status TEXT, rel TEXT, priority TEXT,                                 requester TEXT) ENGINE=InnoDB DEFAULT CHARSET=utf8:successful"
2023-01-09 09:52:34 I FRO   Print           "DELETE FROM changes WHERE date='2023-01-09':successful"
2023-01-09 09:52:34 I FRO   Print           "INSERT INTO changes (                                 rel, status, priority, requester, date, count)                                 SELECT rel, status, priority, requester, '2023-01-09' as date, count((@rn := @rn + 1)) as count FROM allchanges                                 cross join (select @rn := 0) const GROUP BY rel, status, priority, requester:successful"
2023-01-09 09:52:40 I FRO   Print           "CREATE TABLE IF NOT EXISTS designspec (                            rel TEXT, team TEXT, status TEXT, count INT, date text) ENGINE=InnoDB DEFAULT CHARSET=utf8:successful"
2023-01-09 09:52:40 I FRO   Print           "CREATE TABLE IF NOT EXISTS alldesignspec (                             id INT, uniqueid TEXT, name TEXT, status TEXT, rel TEXT, team TEXT) ENGINE=InnoDB DEFAULT CHARSET=utf8:successful"
2023-01-09 09:52:40 I FRO   Print           "DELETE FROM designspec WHERE date='2023-01-09':successful"
2023-01-09 09:52:40 I FRO   Print           "INSERT INTO designspec (rel, team, status, count, date) SELECT rel, team, status, count((@rn := @rn + 1)) as count, '2023-01-09' as date FROM alldesignspec cross join (select @rn := 0) const GROUP BY rel, team, status:successful"
2023-01-09 09:52:47 I FRO   Get_alluserstor "[]"
2023-01-09 09:52:47 I FRO   Print           "CREATE TABLE IF NOT EXISTS userstories (                 rel TEXT, status TEXT, count INT, date TEXT) ENGINE=InnoDB DEFAULT CHARSET=utf8:successful"
2023-01-09 09:52:47 I FRO   Print           "CREATE TABLE IF NOT EXISTS alluserstories (                 id INT, uniqueid TEXT, name TEXT, status TEXT, rel TEXT) ENGINE=InnoDB DEFAULT CHARSET=utf8:successful"
2023-01-09 09:52:47 I FRO   Print           "DELETE FROM userstories WHERE date='2023-01-09':successful"
2023-01-09 09:52:47 I FRO   Print           "INSERT INTO userstories (rel, status, count, date) SELECT rel, status, count((@rn := @rn + 1)) as count, '2023-01-09' as date FROM alluserstories cross join (select @rn := 0) const GROUP BY rel, status:successful"
2023-01-09 09:53:01 I FRO   Get_alldefects  "[]"
2023-01-09 09:53:01 I FRO   Print           "CREATE TABLE IF NOT EXISTS defects (                     rel TEXT, team TEXT, status TEXT, priority TEXT, count INT, date TEXT) ENGINE=InnoDB DEFAULT CHARSET=utf8:successful"
2023-01-09 09:53:01 I FRO   Print           "CREATE TABLE IF NOT EXISTS alldefects (                     id INT, uniqueid TEXT, name TEXT, status TEXT, rel TEXT, team TEXT, priority TEXT, jira TEXT, upstream TEXT) ENGINE=InnoDB DEFAULT CHARSET=utf8:successful"
2023-01-09 09:53:01 I FRO   Print           "DELETE FROM defects WHERE date='2023-01-09':successful"
2023-01-09 09:53:01 I FRO   Print           "INSERT INTO defects (rel, team, status, count, date, priority) SELECT rel, team, status, count((@rn := @rn + 1)) as count, '2023-01-09' as date, priority FROM alldefects cross join (select @rn := 0) const GROUP BY rel, team, status, priority:successful"
2023-01-09 09:59:17 I FRO   get_multipickli "Unassigned don't find the mainteam name from G_parameter"
2023-01-09 10:03:21 I FRO   get_multipickli "Unassigned don't find the mainteam name from G_parameter"
2023-01-09 10:05:55 I FRO   get_multipickli "Unassigned don't find the mainteam name from G_parameter"
2023-01-09 10:06:39 I FRO   get_multipickli "Digital Experience – Android don't find the mainteam name from G_parameter"
2023-01-09 10:06:42 I FRO   get_multipickli "Digital Experience – IOS don't find the mainteam name from G_parameter"
2023-01-09 10:07:48 I FRO   get_multipickli "Digital Experience – Android don't find the mainteam name from G_parameter"
2023-01-09 10:07:48 I FRO   get_multipickli "Digital Experience – IOS don't find the mainteam name from G_parameter"
2023-01-09 10:07:56 E FRO   Print           "HTTPSConnectionPool(host='jabra.jamacloud.com', port=443): Max retries exceeded with url: /rest/v1/items/8135299/downstreamrelated (Caused by NewConnectionError('<urllib3.connection.VerifiedHTTPSConnection object at 0x0C1C86B0>: Failed to establish a new connection: [Errno 11001] getaddrinfo failed'))"
2023-01-09 10:08:08 I FRO   get_multipickli "Unassigned don't find the mainteam name from G_parameter"
2023-01-09 10:08:08 I FRO   get_multipickli "Digital Experience – Android don't find the mainteam name from G_parameter"
2023-01-09 10:08:08 I FRO   get_multipickli "Digital Experience – IOS don't find the mainteam name from G_parameter"
2023-01-09 10:13:53 I FRO   get_multipickli "Digital Experience – SDK don't find the mainteam name from G_parameter"
2023-01-09 10:14:03 I FRO   get_multipickli "Digital Experience – SDK don't find the mainteam name from G_parameter"
2023-01-09 10:14:12 I FRO   get_multipickli "Digital Experience – SDK don't find the mainteam name from G_parameter"
2023-01-09 10:14:18 I FRO   get_multipickli "Digital Experience – SDK don't find the mainteam name from G_parameter"
2023-01-09 10:15:06 I FRO   get_multipickli "Digital Experience – SDK don't find the mainteam name from G_parameter"
2023-01-09 10:22:56 I FRO   get_multipickli "Unassigned don't find the mainteam name from G_parameter"
2023-01-09 10:23:54 I FRO   get_multipickli "Unassigned don't find the mainteam name from G_parameter"
2023-01-09 10:25:10 I FRO   get_multipickli "Unassigned don't find the mainteam name from G_parameter"
2023-01-09 10:26:12 I FRO   get_multipickli "ESW Platform Test don't find the mainteam name from G_parameter"
2023-01-09 10:26:49 I FRO   get_multipickli "Unassigned don't find the mainteam name from G_parameter"
2023-01-09 10:27:26 I FRO   get_multipickli "Unassigned don't find the mainteam name from G_parameter"
2023-01-09 10:28:23 I FRO   get_multipickli "Unassigned don't find the mainteam name from G_parameter"
2023-01-09 10:29:19 I FRO   get_multipickli "Unassigned don't find the mainteam name from G_parameter"
2023-01-09 10:30:15 I FRO   get_multipickli "Digital Experience – Android don't find the mainteam name from G_parameter"
2023-01-09 10:30:21 I FRO   get_multipickli "Digital Experience – IOS don't find the mainteam name from G_parameter"
2023-01-09 10:31:17 I FRO   get_multipickli "Unassigned don't find the mainteam name from G_parameter"
2023-01-09 10:31:37 I FRO   get_multipickli "Unassigned don't find the mainteam name from G_parameter"
2023-01-09 10:32:14 I FRO   get_multipickli "Unassigned don't find the mainteam name from G_parameter"
2023-01-09 10:32:34 I FRO   get_multipickli "Digital Experience – Android don't find the mainteam name from G_parameter"
2023-01-09 10:32:34 I FRO   get_multipickli "Digital Experience – IOS don't find the mainteam name from G_parameter"
2023-01-09 10:33:11 I FRO   get_multipickli "Unassigned don't find the mainteam name from G_parameter"
2023-01-09 10:33:49 I FRO   get_multipickli "Unassigned don't find the mainteam name from G_parameter"
2023-01-09 10:34:02 I FRO   get_multipickli "Unassigned don't find the mainteam name from G_parameter"
2023-01-09 10:34:34 I FRO   get_multipickli "Digital Experience – Android don't find the mainteam name from G_parameter"
2023-01-09 10:34:34 I FRO   get_multipickli "Digital Experience – IOS don't find the mainteam name from G_parameter"
2023-01-09 10:34:55 I FRO   get_multipickli "Unassigned don't find the mainteam name from G_parameter"
2023-01-09 10:35:01 I FRO   get_multipickli "Unassigned don't find the mainteam name from G_parameter"
2023-01-09 10:35:17 I FRO   get_multipickli "Unassigned don't find the mainteam name from G_parameter"
2023-01-09 10:35:44 I FRO   get_multipickli "Digital Experience – Android don't find the mainteam name from G_parameter"
2023-01-09 10:35:44 I FRO   get_multipickli "Digital Experience – IOS don't find the mainteam name from G_parameter"
2023-01-09 10:40:25 I FRO   get_multipickli "Digital Experience – Android don't find the mainteam name from G_parameter"
2023-01-09 10:40:25 I FRO   get_multipickli "Digital Experience – IOS don't find the mainteam name from G_parameter"
2023-01-09 10:40:35 I FRO   get_multipickli "Digital Experience – Android don't find the mainteam name from G_parameter"
2023-01-09 10:40:35 I FRO   get_multipickli "Digital Experience – IOS don't find the mainteam name from G_parameter"
2023-01-09 10:40:39 I FRO   get_multipickli "Digital Experience – Android don't find the mainteam name from G_parameter"
2023-01-09 10:40:39 I FRO   get_multipickli "Digital Experience – IOS don't find the mainteam name from G_parameter"
2023-01-09 10:40:45 I FRO   get_multipickli "Digital Experience – Android don't find the mainteam name from G_parameter"
2023-01-09 10:40:45 I FRO   get_multipickli "Digital Experience – IOS don't find the mainteam name from G_parameter"
2023-01-09 10:40:50 I FRO   get_multipickli "Digital Experience – Android don't find the mainteam name from G_parameter"
2023-01-09 10:40:50 I FRO   get_multipickli "Digital Experience – IOS don't find the mainteam name from G_parameter"
2023-01-09 10:42:46 I FRO   get_multipickli "Digital Experience – Android don't find the mainteam name from G_parameter"
2023-01-09 10:42:46 I FRO   get_multipickli "Digital Experience – IOS don't find the mainteam name from G_parameter"
2023-01-09 10:43:29 I FRO   get_multipickli "Unassigned don't find the mainteam name from G_parameter"
2023-01-09 10:43:34 I FRO   get_multipickli "Unassigned don't find the mainteam name from G_parameter"
2023-01-09 10:44:07 I FRO   get_multipickli "Unassigned don't find the mainteam name from G_parameter"
2023-01-09 10:44:12 I FRO   get_multipickli "Unassigned don't find the mainteam name from G_parameter"
2023-01-09 10:44:49 I FRO   get_multipickli "Unassigned don't find the mainteam name from G_parameter"
2023-01-09 10:44:56 I FRO   get_multipickli "Unassigned don't find the mainteam name from G_parameter"
2023-01-09 10:45:15 I FRO   get_multipickli "Unassigned don't find the mainteam name from G_parameter"
2023-01-09 10:48:27 I FRO   Print           "DROP TABLE IF EXISTS allrequirements:successful"
2023-01-09 10:48:27 I FRO   Print           "DROP TABLE IF EXISTS allcoverage:successful"
2023-01-09 10:48:27 I FRO   Print           "CREATE TABLE IF NOT EXISTS requirements (                        rel TEXT, status TEXT, count INT, date TEXT) ENGINE=InnoDB DEFAULT CHARSET=utf8:successful"
2023-01-09 10:48:27 I FRO   Print           "CREATE TABLE IF NOT EXISTS allrequirements (                        id INT, uniqueid TEXT, name TEXT, status TEXT, rel TEXT, upstream TEXT, downstream TEXT, team TEXT, test_status TEXT) ENGINE=InnoDB DEFAULT CHARSET=utf8:successful"
2023-01-09 10:48:27 I FRO   Print           "CREATE TABLE IF NOT EXISTS coverage (                        team text, covered int, expected int, date text) ENGINE=InnoDB DEFAULT CHARSET=utf8:successful"
2023-01-09 10:48:27 I FRO   Print           "CREATE TABLE IF NOT EXISTS allcoverage (                        id INT, uniqueid TEXT, name TEXT, status TEXT, rel TEXT, verify TEXT, missing TEXT) ENGINE=InnoDB DEFAULT CHARSET=utf8:successful"
2023-01-09 10:48:27 I FRO   Print           "DELETE FROM requirements WHERE date='2023-01-09':successful"
2023-01-09 10:48:27 I FRO   Print           "DELETE FROM coverage WHERE date='2023-01-09':successful"
2023-01-09 10:48:27 I FRO   Print           "INSERT INTO requirements (rel, status, count, date) SELECT rel, status, count((@rn := @rn + 1)) as count, '2023-01-09' as date FROM allrequirements cross join (select @rn := 0) const GROUP BY rel, status:successful"
2023-01-09 10:48:27 I FRO   Print           "CREATE TABLE IF NOT EXISTS feattest (rel TEXT, status TEXT, count TEXT, date TEXT) ENGINE=InnoDB DEFAULT CHARSET=utf8:successful"
2023-01-09 10:48:27 I FRO   Print           "CREATE TABLE IF NOT EXISTS reqtest (rel TEXT, status TEXT, count TEXT, date TEXT) ENGINE=InnoDB DEFAULT CHARSET=utf8:successful"
2023-01-09 10:48:27 I FRO   Print           "SELECT id FROM allfeatures:successful"
2023-01-09 10:48:27 I FRO   Print           "SELECT id,upstream,downstream,team FROM allrequirements:successful"
2023-01-09 10:48:27 I FRO   Print           "SELECT id FROM allcoverage:successful"
2023-01-09 10:48:28 I FRO   Print           "SELECT * FROM testcases:successful"
