2023-01-09 07:19:54 I Platf Print           "Connet 20396 successfully!!!"
2023-01-09 07:19:54 I Platf Get_alltests    "Get project name:Platform Audio id:20396 all testplans"
2023-01-09 07:20:04 I Platf Get_alltests    "{4048261: {'id': 4048261, 'name': 'Audio Test Plan', 'archived': False, 'index': '4048261:Audio Test Plan'}, 7371315: {'id': 7371315, 'name': 'Project Test Plan', 'archived': False, 'index': '7371315:Project Test Plan'}}"
2023-01-09 07:20:04 I Platf Get_alltests    "Get project name:Platform Audio id:20396 all testplans successful!!!"
2023-01-09 07:21:14 I Platf tidy_alltestcas "34"
2023-01-09 07:22:03 I Platf Print           "DROP TABLE IF EXISTS testcases:successful"
2023-01-09 07:22:03 I Platf Print           "CREATE TABLE IF NOT EXISTS testcases (                             testplan_id INT,                             testplan_name TEXT,                             testgroup_id INT,                             testgroup_name TEXT,                             testcycle_id INT,                             testcycle_name TEXT,                             rel TEXT,                             id INT,                             uniqueid TEXT,                             name TEXT,                             status TEXT,                             upstream TEXT,                             downstream TEXT,                             executionDate TEXT) ENGINE=InnoDB DEFAULT CHARSET=utf8:successful"
2023-01-09 07:22:03 I Platf update_database "Insert testcases table successful"
2023-01-09 07:22:03 I Platf Print           "CREATE TABLE IF NOT EXISTS tests (                             testplan_id INT,                             testplan_name TEXT,                             testplan_status TEXT,                             rel TEXT, status TEXT,                             count INT, date TEXT) ENGINE=InnoDB DEFAULT CHARSET=utf8:successful"
2023-01-09 07:22:03 I Platf Print           "DELETE FROM tests WHERE date='2023-01-09':successful"
2023-01-09 07:22:03 I Platf Print           "SELECT testplan_id FROM tests GROUP BY testplan_id:successful"
2023-01-09 07:22:03 I Platf Print           "SELECT testplan_name FROM tests WHERE testplan_id=4048261 LIMIT 1:successful"
2023-01-09 07:22:03 I Platf Print           "UPDATE tests SET testplan_status='Active' WHERE testplan_id=4048261:successful"
2023-01-09 07:22:03 I Platf Print           "SELECT testplan_name FROM tests WHERE testplan_id=7371315 LIMIT 1:successful"
2023-01-09 07:22:03 I Platf Print           "UPDATE tests SET testplan_status='Active' WHERE testplan_id=7371315:successful"
2023-01-09 07:22:03 I Platf Print           "INSERT INTO tests (testplan_id, testplan_name, testplan_status, rel, status, count, date) SELECT testplan_id, testplan_name, 'Active' as testplan_status, rel, status, count((@rn := @rn + 1)) as count, '2023-01-09' as date FROM testcases cross join (select @rn := 0) const GROUP BY testplan_id, rel, status:successful"
2023-01-09 07:22:03 I Platf update_database "Insert tests table successful"
2023-01-09 07:22:03 I Platf Print           "CREATE TABLE IF NOT EXISTS testapproval (                                 rel TEXT, team TEXT, status TEXT, upstream TEXT, count INT, date TEXT                                 ) ENGINE=InnoDB DEFAULT CHARSET=utf8:successful"
2023-01-09 07:22:03 I Platf Print           "DROP TABLE IF EXISTS alltestapproval:successful"
2023-01-09 07:22:03 I Platf Print           "CREATE TABLE IF NOT EXISTS alltestapproval (                                 id INT, uniqueid TEXT, name TEXT, status TEXT, rel TEXT, team TEXT, upstream TEXT                                 ) ENGINE=InnoDB DEFAULT CHARSET=utf8:successful"
2023-01-09 07:22:03 I Platf Print           "DELETE FROM testapproval WHERE date='2023-01-09':successful"
2023-01-09 07:22:03 I Platf Print           "INSERT INTO testapproval (rel, team, status, count, date, upstream) SELECT rel, team, status, count((@rn := @rn + 1)) as count, '2023-01-09' as date, upstream FROM alltestapproval cross join (select @rn := 0) const GROUP BY rel, team, status, upstream:successful"
2023-01-09 07:22:08 I Platf Get_allfeatuers "[{'id': 9478888, 'name': 'Zoom Certification v2.0 (Headsets) - Audio', 'documentKey': 'PlA-FEAT-301', 'statusId': 156409, 'status': 'Draft'}, {'id': 9240104, 'name': 'Rx In-ear closed ANC with good performance tier', 'documentKey': 'PlA-FEAT-266', 'statusId': 156410, 'status': 'Approved'}, {'id': 9240510, 'name': 'Rx On-Ear ANC with good performance tier', 'documentKey': 'PlA-FEAT-273', 'statusId': 156409, 'status': 'Draft'}, {'id': 9240508, 'name': 'Rx On-Ear ANC with better performance tier', 'documentKey': 'PlA-FEAT-272', 'statusId': 156409, 'status': 'Draft'}, {'id': 9240489, 'name': 'Rx On-Ear ANC with best performance tier', 'documentKey': 'PlA-FEAT-271', 'statusId': 156409, 'status': 'Draft'}, {'id': 9240528, 'name': 'Rx On-Ear ANC with good performance tier', 'documentKey': 'PlA-FEAT-280', 'statusId': 156409, 'status': 'Draft'}, {'id': 9240525, 'name': 'Rx On-Ear ANC with better performance tier', 'documentKey': 'PlA-FEAT-277', 'statusId': 156409, 'status': 'Draft'}, {'id': 9240519, 'name': 'Rx On-Ear ANC with best performance tier', 'documentKey': 'PlA-FEAT-274', 'statusId': 156409, 'status': 'Draft'}, {'id': 9240529, 'name': 'Rx Over-Ear ANC with good performance tier', 'documentKey': 'PlA-FEAT-281', 'statusId': 156409, 'status': 'Draft'}, {'id': 9240526, 'name': 'Rx Over-Ear ANC with better performance tier', 'documentKey': 'PlA-FEAT-278', 'statusId': 156409, 'status': 'Draft'}, {'id': 9240520, 'name': 'Rx Over-Ear ANC with high performance tier', 'documentKey': 'PlA-FEAT-275', 'statusId': 156409, 'status': 'Draft'}, {'id': 9240530, 'name': 'Rx Over-Ear ANC with good performance tier', 'documentKey': 'PlA-FEAT-282', 'statusId': 156409, 'status': 'Draft'}, {'id': 9240527, 'name': 'Rx Over-Ear ANC with better performance tier', 'documentKey': 'PlA-FEAT-279', 'statusId': 156409, 'status': 'Draft'}, {'id': 9240521, 'name': 'Rx Over-Ear ANC with best performance tier', 'documentKey': 'PlA-FEAT-276', 'statusId': 156409, 'status': 'Draft'}]"
2023-01-09 07:22:08 I Platf Print           "CREATE TABLE IF NOT EXISTS features (                                rel TEXT, status TEXT, count INT, date TEXT) ENGINE=InnoDB DEFAULT CHARSET=utf8:successful"
2023-01-09 07:22:08 I Platf Print           "CREATE TABLE IF NOT EXISTS allfeatures (                                id INT, uniqueid TEXT, name TEXT, status TEXT, rel TEXT,test_status TEXT) ENGINE=InnoDB DEFAULT CHARSET=utf8:successful"
2023-01-09 07:22:08 I Platf Print           "DELETE FROM features WHERE date='2023-01-09':successful"
2023-01-09 07:22:08 I Platf Print           "DELETE FROM allfeatures WHERE id=19297583:successful"
2023-01-09 07:22:08 I Platf Print           "DELETE FROM allfeatures WHERE id=19296308:successful"
2023-01-09 07:22:08 I Platf Print           "DELETE FROM allfeatures WHERE id=19296302:successful"
2023-01-09 07:22:08 I Platf Print           "DELETE FROM allfeatures WHERE id=19296298:successful"
2023-01-09 07:22:08 I Platf Print           "DELETE FROM allfeatures WHERE id=19296162:successful"
2023-01-09 07:22:08 I Platf Print           "DELETE FROM allfeatures WHERE id=18903194:successful"
2023-01-09 07:22:08 I Platf Print           "DELETE FROM allfeatures WHERE id=18796457:successful"
2023-01-09 07:22:08 I Platf Print           "DELETE FROM allfeatures WHERE id=18796455:successful"
2023-01-09 07:22:08 I Platf Print           "DELETE FROM allfeatures WHERE id=18663833:successful"
2023-01-09 07:22:08 I Platf Print           "DELETE FROM allfeatures WHERE id=18651824:successful"
2023-01-09 07:22:08 I Platf Print           "DELETE FROM allfeatures WHERE id=18651805:successful"
2023-01-09 07:22:08 I Platf Print           "DELETE FROM allfeatures WHERE id=18453270:successful"
2023-01-09 07:22:08 I Platf Print           "DELETE FROM allfeatures WHERE id=18453268:successful"
2023-01-09 07:22:08 I Platf Print           "DELETE FROM allfeatures WHERE id=18453267:successful"
2023-01-09 07:22:08 I Platf Print           "DELETE FROM allfeatures WHERE id=18452234:successful"
2023-01-09 07:22:08 I Platf Print           "DELETE FROM allfeatures WHERE id=18452227:successful"
2023-01-09 07:22:08 I Platf Print           "DELETE FROM allfeatures WHERE id=18451958:successful"
2023-01-09 07:22:08 I Platf Print           "DELETE FROM allfeatures WHERE id=18451870:successful"
2023-01-09 07:22:08 I Platf Print           "DELETE FROM allfeatures WHERE id=18449929:successful"
2023-01-09 07:22:08 I Platf Print           "DELETE FROM allfeatures WHERE id=18449928:successful"
2023-01-09 07:22:08 I Platf Print           "DELETE FROM allfeatures WHERE id=18441742:successful"
2023-01-09 07:22:08 I Platf Print           "DELETE FROM allfeatures WHERE id=18280213:successful"
2023-01-09 07:22:08 I Platf Print           "DELETE FROM allfeatures WHERE id=17887413:successful"
2023-01-09 07:22:08 I Platf Print           "DELETE FROM allfeatures WHERE id=17860490:successful"
2023-01-09 07:22:08 I Platf Print           "DELETE FROM allfeatures WHERE id=17270642:successful"
2023-01-09 07:22:08 I Platf Print           "DELETE FROM allfeatures WHERE id=17199767:successful"
2023-01-09 07:22:08 I Platf Print           "DELETE FROM allfeatures WHERE id=16818154:successful"
2023-01-09 07:22:08 I Platf Print           "DELETE FROM allfeatures WHERE id=16797442:successful"
2023-01-09 07:22:08 I Platf Print           "DELETE FROM allfeatures WHERE id=16797198:successful"
2023-01-09 07:22:08 I Platf Print           "DELETE FROM allfeatures WHERE id=16716069:successful"
2023-01-09 07:22:08 I Platf Print           "DELETE FROM allfeatures WHERE id=16716065:successful"
2023-01-09 07:22:08 I Platf Print           "DELETE FROM allfeatures WHERE id=16668586:successful"
2023-01-09 07:22:08 I Platf Print           "DELETE FROM allfeatures WHERE id=15659508:successful"
2023-01-09 07:22:08 I Platf Print           "DELETE FROM allfeatures WHERE id=14776629:successful"
2023-01-09 07:22:08 I Platf Print           "DELETE FROM allfeatures WHERE id=13999176:successful"
2023-01-09 07:22:08 I Platf Print           "DELETE FROM allfeatures WHERE id=13927665:successful"
2023-01-09 07:22:08 I Platf Print           "DELETE FROM allfeatures WHERE id=13847532:successful"
2023-01-09 07:22:08 I Platf Print           "DELETE FROM allfeatures WHERE id=13772670:successful"
2023-01-09 07:22:08 I Platf Print           "DELETE FROM allfeatures WHERE id=13591098:successful"
2023-01-09 07:22:08 I Platf Print           "DELETE FROM allfeatures WHERE id=10319781:successful"
2023-01-09 07:22:08 I Platf Print           "DELETE FROM allfeatures WHERE id=9873450:successful"
2023-01-09 07:22:08 I Platf Print           "DELETE FROM allfeatures WHERE id=8880511:successful"
2023-01-09 07:22:08 I Platf Print           "DELETE FROM allfeatures WHERE id=8880508:successful"
2023-01-09 07:22:08 I Platf Print           "DELETE FROM allfeatures WHERE id=8880019:successful"
2023-01-09 07:22:08 I Platf Print           "DELETE FROM allfeatures WHERE id=8623168:successful"
2023-01-09 07:22:08 I Platf Print           "DELETE FROM allfeatures WHERE id=8590906:successful"
2023-01-09 07:22:08 I Platf Print           "DELETE FROM allfeatures WHERE id=7585397:successful"
2023-01-09 07:22:08 I Platf Print           "DELETE FROM allfeatures WHERE id=7585396:successful"
2023-01-09 07:22:08 I Platf Print           "DELETE FROM allfeatures WHERE id=7585395:successful"
2023-01-09 07:22:08 I Platf Print           "DELETE FROM allfeatures WHERE id=7528980:successful"
2023-01-09 07:22:08 I Platf Print           "DELETE FROM allfeatures WHERE id=7296886:successful"
2023-01-09 07:22:08 I Platf Print           "DELETE FROM allfeatures WHERE id=7166233:successful"
2023-01-09 07:22:08 I Platf Print           "DELETE FROM allfeatures WHERE id=7163196:successful"
2023-01-09 07:22:08 I Platf Print           "DELETE FROM allfeatures WHERE id=7163195:successful"
2023-01-09 07:22:08 I Platf Print           "DELETE FROM allfeatures WHERE id=7100343:successful"
2023-01-09 07:22:08 I Platf Print           "DELETE FROM allfeatures WHERE id=9478888:successful"
2023-01-09 07:22:08 I Platf Print           "DELETE FROM allfeatures WHERE id=9240104:successful"
2023-01-09 07:22:08 I Platf Print           "DELETE FROM allfeatures WHERE id=9240510:successful"
2023-01-09 07:22:08 I Platf Print           "DELETE FROM allfeatures WHERE id=9240508:successful"
2023-01-09 07:22:08 I Platf Print           "DELETE FROM allfeatures WHERE id=9240489:successful"
2023-01-09 07:22:08 I Platf Print           "DELETE FROM allfeatures WHERE id=9240528:successful"
2023-01-09 07:22:08 I Platf Print           "DELETE FROM allfeatures WHERE id=9240525:successful"
2023-01-09 07:22:08 I Platf Print           "DELETE FROM allfeatures WHERE id=9240519:successful"
2023-01-09 07:22:08 I Platf Print           "DELETE FROM allfeatures WHERE id=9240529:successful"
2023-01-09 07:22:08 I Platf Print           "DELETE FROM allfeatures WHERE id=9240526:successful"
2023-01-09 07:22:08 I Platf Print           "DELETE FROM allfeatures WHERE id=9240520:successful"
2023-01-09 07:22:08 I Platf Print           "DELETE FROM allfeatures WHERE id=9240530:successful"
2023-01-09 07:22:08 I Platf Print           "DELETE FROM allfeatures WHERE id=9240527:successful"
2023-01-09 07:22:08 I Platf Print           "DELETE FROM allfeatures WHERE id=9240521:successful"
2023-01-09 07:22:08 I Platf Print           "INSERT INTO features (rel, status, count, date)                                 SELECT rel, status, count((@rn := @rn + 1)) as count, '2023-01-09' as date FROM allfeatures cross join (select @rn := 0) const GROUP BY rel, status:successful"
2023-01-09 07:22:11 I Platf Get_allchangere "[]"
2023-01-09 07:22:11 I Platf Print           "CREATE TABLE IF NOT EXISTS changes (                                 rel TEXT, status TEXT, priority TEXT,                                 requester TEXT, date TEXT, count INT) ENGINE=InnoDB DEFAULT CHARSET=utf8:successful"
2023-01-09 07:22:11 I Platf Print           "CREATE TABLE IF NOT EXISTS allchanges (                                 id INT, uniqueid TEXT, name TEXT,                                 status TEXT, rel TEXT, priority TEXT,                                 requester TEXT) ENGINE=InnoDB DEFAULT CHARSET=utf8:successful"
2023-01-09 07:22:11 I Platf Print           "DELETE FROM changes WHERE date='2023-01-09':successful"
2023-01-09 07:22:11 I Platf Print           "INSERT INTO changes (                                 rel, status, priority, requester, date, count)                                 SELECT rel, status, priority, requester, '2023-01-09' as date, count((@rn := @rn + 1)) as count FROM allchanges                                 cross join (select @rn := 0) const GROUP BY rel, status, priority, requester:successful"
2023-01-09 07:22:12 I Platf Print           "CREATE TABLE IF NOT EXISTS designspec (                            rel TEXT, team TEXT, status TEXT, count INT, date text) ENGINE=InnoDB DEFAULT CHARSET=utf8:successful"
2023-01-09 07:22:12 I Platf Print           "CREATE TABLE IF NOT EXISTS alldesignspec (                             id INT, uniqueid TEXT, name TEXT, status TEXT, rel TEXT, team TEXT) ENGINE=InnoDB DEFAULT CHARSET=utf8:successful"
2023-01-09 07:22:12 I Platf Print           "DELETE FROM designspec WHERE date='2023-01-09':successful"
2023-01-09 07:22:12 I Platf Print           "INSERT INTO designspec (rel, team, status, count, date) SELECT rel, team, status, count((@rn := @rn + 1)) as count, '2023-01-09' as date FROM alldesignspec cross join (select @rn := 0) const GROUP BY rel, team, status:successful"
2023-01-09 07:22:14 I Platf Get_alluserstor "[]"
2023-01-09 07:22:14 I Platf Print           "CREATE TABLE IF NOT EXISTS userstories (                 rel TEXT, status TEXT, count INT, date TEXT) ENGINE=InnoDB DEFAULT CHARSET=utf8:successful"
2023-01-09 07:22:14 I Platf Print           "CREATE TABLE IF NOT EXISTS alluserstories (                 id INT, uniqueid TEXT, name TEXT, status TEXT, rel TEXT) ENGINE=InnoDB DEFAULT CHARSET=utf8:successful"
2023-01-09 07:22:14 I Platf Print           "DELETE FROM userstories WHERE date='2023-01-09':successful"
2023-01-09 07:22:14 I Platf Print           "INSERT INTO userstories (rel, status, count, date) SELECT rel, status, count((@rn := @rn + 1)) as count, '2023-01-09' as date FROM alluserstories cross join (select @rn := 0) const GROUP BY rel, status:successful"
2023-01-09 07:22:16 I Platf Get_alldefects  "[]"
2023-01-09 07:22:16 I Platf Print           "CREATE TABLE IF NOT EXISTS defects (                     rel TEXT, team TEXT, status TEXT, priority TEXT, count INT, date TEXT) ENGINE=InnoDB DEFAULT CHARSET=utf8:successful"
2023-01-09 07:22:16 I Platf Print           "CREATE TABLE IF NOT EXISTS alldefects (                     id INT, uniqueid TEXT, name TEXT, status TEXT, rel TEXT, team TEXT, priority TEXT, jira TEXT, upstream TEXT) ENGINE=InnoDB DEFAULT CHARSET=utf8:successful"
2023-01-09 07:22:16 I Platf Print           "DELETE FROM defects WHERE date='2023-01-09':successful"
2023-01-09 07:22:16 I Platf Print           "INSERT INTO defects (rel, team, status, count, date, priority) SELECT rel, team, status, count((@rn := @rn + 1)) as count, '2023-01-09' as date, priority FROM alldefects cross join (select @rn := 0) const GROUP BY rel, team, status, priority:successful"
2023-01-09 07:30:06 I Platf get_multipickli "Unassigned don't find the mainteam name from G_parameter"
2023-01-09 07:30:29 I Platf get_multipickli "Unassigned don't find the mainteam name from G_parameter"
2023-01-09 07:35:39 I Platf get_multipickli "Unassigned don't find the mainteam name from G_parameter"
2023-01-09 07:44:38 I Platf get_multipickli "Unassigned don't find the mainteam name from G_parameter"
2023-01-09 07:44:43 I Platf get_multipickli "Unassigned don't find the mainteam name from G_parameter"
2023-01-09 07:44:48 I Platf get_multipickli "Unassigned don't find the mainteam name from G_parameter"
2023-01-09 07:44:53 I Platf get_multipickli "Unassigned don't find the mainteam name from G_parameter"
2023-01-09 07:44:59 I Platf get_multipickli "Unassigned don't find the mainteam name from G_parameter"
2023-01-09 07:45:06 I Platf get_multipickli "Unassigned don't find the mainteam name from G_parameter"
2023-01-09 07:45:15 I Platf get_multipickli "Unassigned don't find the mainteam name from G_parameter"
2023-01-09 07:45:23 I Platf get_multipickli "Unassigned don't find the mainteam name from G_parameter"
2023-01-09 08:05:31 I Platf get_multipickli "Unassigned don't find the mainteam name from G_parameter"
2023-01-09 08:05:36 I Platf get_multipickli "Unassigned don't find the mainteam name from G_parameter"
2023-01-09 08:05:41 I Platf get_multipickli "Unassigned don't find the mainteam name from G_parameter"
2023-01-09 08:05:47 I Platf get_multipickli "Unassigned don't find the mainteam name from G_parameter"
2023-01-09 08:05:52 I Platf get_multipickli "Unassigned don't find the mainteam name from G_parameter"
2023-01-09 08:05:57 I Platf get_multipickli "Unassigned don't find the mainteam name from G_parameter"
2023-01-09 08:06:03 I Platf get_multipickli "Unassigned don't find the mainteam name from G_parameter"
2023-01-09 08:06:51 I Platf get_multipickli "Unassigned don't find the mainteam name from G_parameter"
2023-01-09 08:06:57 I Platf get_multipickli "Unassigned don't find the mainteam name from G_parameter"
2023-01-09 08:07:03 I Platf get_multipickli "Unassigned don't find the mainteam name from G_parameter"
2023-01-09 08:08:46 I Platf get_multipickli "Unassigned don't find the mainteam name from G_parameter"
2023-01-09 08:11:26 I Platf get_multipickli "Unassigned don't find the mainteam name from G_parameter"
2023-01-09 08:12:01 I Platf get_multipickli "Unassigned don't find the mainteam name from G_parameter"
2023-01-09 08:12:37 I Platf get_multipickli "Unassigned don't find the mainteam name from G_parameter"
2023-01-09 08:13:12 I Platf get_multipickli "Unassigned don't find the mainteam name from G_parameter"
2023-01-09 08:13:51 I Platf get_multipickli "Unassigned don't find the mainteam name from G_parameter"
2023-01-09 08:14:30 I Platf get_multipickli "Unassigned don't find the mainteam name from G_parameter"
2023-01-09 08:19:04 I Platf get_multipickli "Unassigned don't find the mainteam name from G_parameter"
2023-01-09 08:20:26 I Platf get_multipickli "Unassigned don't find the mainteam name from G_parameter"
2023-01-09 08:20:39 I Platf get_multipickli "Unassigned don't find the mainteam name from G_parameter"
2023-01-09 08:21:41 I Platf get_multipickli "Unassigned don't find the mainteam name from G_parameter"
2023-01-09 08:21:57 I Platf get_multipickli "Unassigned don't find the mainteam name from G_parameter"
2023-01-09 08:22:16 I Platf get_multipickli "Unassigned don't find the mainteam name from G_parameter"
2023-01-09 08:22:25 I Platf get_multipickli "Unassigned don't find the mainteam name from G_parameter"
2023-01-09 08:22:29 I Platf get_multipickli "Unassigned don't find the mainteam name from G_parameter"
2023-01-09 08:22:35 I Platf get_multipickli "Unassigned don't find the mainteam name from G_parameter"
2023-01-09 08:22:44 I Platf get_multipickli "Unassigned don't find the mainteam name from G_parameter"
2023-01-09 08:22:54 I Platf get_multipickli "Unassigned don't find the mainteam name from G_parameter"
2023-01-09 08:23:02 I Platf get_multipickli "Unassigned don't find the mainteam name from G_parameter"
2023-01-09 08:23:08 I Platf get_multipickli "Unassigned don't find the mainteam name from G_parameter"
2023-01-09 08:23:19 I Platf get_multipickli "Unassigned don't find the mainteam name from G_parameter"
2023-01-09 08:23:23 I Platf get_multipickli "Unassigned don't find the mainteam name from G_parameter"
2023-01-09 08:23:47 I Platf get_multipickli "Unassigned don't find the mainteam name from G_parameter"
2023-01-09 08:25:02 I Platf get_multipickli "Unassigned don't find the mainteam name from G_parameter"
2023-01-09 08:25:18 I Platf get_multipickli "Unassigned don't find the mainteam name from G_parameter"
2023-01-09 08:25:23 I Platf get_multipickli "Unassigned don't find the mainteam name from G_parameter"
2023-01-09 08:25:32 I Platf get_multipickli "Unassigned don't find the mainteam name from G_parameter"
2023-01-09 08:25:41 I Platf get_multipickli "Unassigned don't find the mainteam name from G_parameter"
2023-01-09 08:25:47 I Platf get_multipickli "Unassigned don't find the mainteam name from G_parameter"
2023-01-09 08:25:53 I Platf get_multipickli "Unassigned don't find the mainteam name from G_parameter"
2023-01-09 08:26:02 I Platf get_multipickli "Unassigned don't find the mainteam name from G_parameter"
2023-01-09 08:26:10 I Platf get_multipickli "Unassigned don't find the mainteam name from G_parameter"
2023-01-09 08:26:16 I Platf get_multipickli "Unassigned don't find the mainteam name from G_parameter"
2023-01-09 08:26:23 I Platf get_multipickli "Unassigned don't find the mainteam name from G_parameter"
2023-01-09 08:26:33 I Platf get_multipickli "Unassigned don't find the mainteam name from G_parameter"
2023-01-09 08:26:38 I Platf get_multipickli "Unassigned don't find the mainteam name from G_parameter"
2023-01-09 08:26:43 I Platf get_multipickli "Unassigned don't find the mainteam name from G_parameter"
2023-01-09 08:26:48 I Platf get_multipickli "Unassigned don't find the mainteam name from G_parameter"
2023-01-09 08:26:52 I Platf get_multipickli "Unassigned don't find the mainteam name from G_parameter"
2023-01-09 08:27:09 I Platf get_multipickli "Unassigned don't find the mainteam name from G_parameter"
2023-01-09 08:27:28 I Platf get_multipickli "Unassigned don't find the mainteam name from G_parameter"
2023-01-09 08:27:49 I Platf get_multipickli "Unassigned don't find the mainteam name from G_parameter"
2023-01-09 08:28:10 I Platf get_multipickli "Unassigned don't find the mainteam name from G_parameter"
2023-01-09 08:28:31 I Platf get_multipickli "Unassigned don't find the mainteam name from G_parameter"
2023-01-09 08:28:52 I Platf get_multipickli "Unassigned don't find the mainteam name from G_parameter"
2023-01-09 08:29:11 I Platf get_multipickli "Unassigned don't find the mainteam name from G_parameter"
2023-01-09 08:29:33 I Platf get_multipickli "Unassigned don't find the mainteam name from G_parameter"
2023-01-09 08:29:44 I Platf get_multipickli "Unassigned don't find the mainteam name from G_parameter"
2023-01-09 08:29:50 I Platf get_multipickli "Unassigned don't find the mainteam name from G_parameter"
2023-01-09 08:29:58 I Platf get_multipickli "Unassigned don't find the mainteam name from G_parameter"
2023-01-09 08:30:08 I Platf get_multipickli "Unassigned don't find the mainteam name from G_parameter"
2023-01-09 08:30:14 I Platf get_multipickli "Unassigned don't find the mainteam name from G_parameter"
2023-01-09 08:30:19 I Platf get_multipickli "Unassigned don't find the mainteam name from G_parameter"
2023-01-09 08:30:25 I Platf get_multipickli "Unassigned don't find the mainteam name from G_parameter"
2023-01-09 08:30:30 I Platf get_multipickli "Unassigned don't find the mainteam name from G_parameter"
2023-01-09 08:30:41 I Platf get_multipickli "Unassigned don't find the mainteam name from G_parameter"
2023-01-09 08:30:50 I Platf get_multipickli "Unassigned don't find the mainteam name from G_parameter"
2023-01-09 08:30:55 I Platf get_multipickli "Unassigned don't find the mainteam name from G_parameter"
2023-01-09 08:31:00 I Platf get_multipickli "Unassigned don't find the mainteam name from G_parameter"
2023-01-09 08:31:06 I Platf get_multipickli "Unassigned don't find the mainteam name from G_parameter"
2023-01-09 08:31:12 I Platf get_multipickli "Unassigned don't find the mainteam name from G_parameter"
2023-01-09 08:31:17 I Platf get_multipickli "Unassigned don't find the mainteam name from G_parameter"
2023-01-09 08:31:23 I Platf get_multipickli "Unassigned don't find the mainteam name from G_parameter"
2023-01-09 08:31:29 I Platf get_multipickli "Unassigned don't find the mainteam name from G_parameter"
2023-01-09 08:31:36 I Platf get_multipickli "Unassigned don't find the mainteam name from G_parameter"
2023-01-09 08:32:14 I Platf get_multipickli "Unassigned don't find the mainteam name from G_parameter"
2023-01-09 08:32:18 I Platf get_multipickli "Unassigned don't find the mainteam name from G_parameter"
2023-01-09 08:32:23 I Platf get_multipickli "Unassigned don't find the mainteam name from G_parameter"
2023-01-09 08:32:25 I Platf get_multipickli "Unassigned don't find the mainteam name from G_parameter"
2023-01-09 08:32:31 I Platf get_multipickli "Unassigned don't find the mainteam name from G_parameter"
2023-01-09 08:32:42 I Platf get_multipickli "Unassigned don't find the mainteam name from G_parameter"
2023-01-09 08:32:53 I Platf get_multipickli "Unassigned don't find the mainteam name from G_parameter"
2023-01-09 08:33:36 I Platf get_multipickli "Unassigned don't find the mainteam name from G_parameter"
2023-01-09 08:33:45 I Platf get_multipickli "Unassigned don't find the mainteam name from G_parameter"
2023-01-09 08:33:54 I Platf get_multipickli "Unassigned don't find the mainteam name from G_parameter"
2023-01-09 08:34:02 I Platf get_multipickli "Unassigned don't find the mainteam name from G_parameter"
2023-01-09 08:34:11 I Platf get_multipickli "Unassigned don't find the mainteam name from G_parameter"
2023-01-09 08:34:18 I Platf get_multipickli "Unassigned don't find the mainteam name from G_parameter"
2023-01-09 08:35:51 I Platf get_multipickli "Unassigned don't find the mainteam name from G_parameter"
2023-01-09 08:35:57 I Platf get_multipickli "Unassigned don't find the mainteam name from G_parameter"
2023-01-09 08:36:03 I Platf get_multipickli "Unassigned don't find the mainteam name from G_parameter"
2023-01-09 08:36:08 I Platf get_multipickli "Unassigned don't find the mainteam name from G_parameter"
2023-01-09 08:36:13 I Platf get_multipickli "Unassigned don't find the mainteam name from G_parameter"
2023-01-09 08:36:19 I Platf get_multipickli "Unassigned don't find the mainteam name from G_parameter"
2023-01-09 08:36:25 I Platf get_multipickli "Unassigned don't find the mainteam name from G_parameter"
2023-01-09 08:39:26 I Platf Print           "DROP TABLE IF EXISTS allrequirements:successful"
2023-01-09 08:39:27 I Platf Print           "DROP TABLE IF EXISTS allcoverage:successful"
2023-01-09 08:39:27 I Platf Print           "CREATE TABLE IF NOT EXISTS requirements (                        rel TEXT, status TEXT, count INT, date TEXT) ENGINE=InnoDB DEFAULT CHARSET=utf8:successful"
2023-01-09 08:39:27 I Platf Print           "CREATE TABLE IF NOT EXISTS allrequirements (                        id INT, uniqueid TEXT, name TEXT, status TEXT, rel TEXT, upstream TEXT, downstream TEXT, team TEXT, test_status TEXT) ENGINE=InnoDB DEFAULT CHARSET=utf8:successful"
2023-01-09 08:39:27 I Platf Print           "CREATE TABLE IF NOT EXISTS coverage (                        team text, covered int, expected int, date text) ENGINE=InnoDB DEFAULT CHARSET=utf8:successful"
2023-01-09 08:39:27 I Platf Print           "CREATE TABLE IF NOT EXISTS allcoverage (                        id INT, uniqueid TEXT, name TEXT, status TEXT, rel TEXT, verify TEXT, missing TEXT) ENGINE=InnoDB DEFAULT CHARSET=utf8:successful"
2023-01-09 08:39:27 I Platf Print           "DELETE FROM requirements WHERE date='2023-01-09':successful"
2023-01-09 08:39:27 I Platf Print           "DELETE FROM coverage WHERE date='2023-01-09':successful"
2023-01-09 08:39:27 I Platf Print           "INSERT INTO requirements (rel, status, count, date) SELECT rel, status, count((@rn := @rn + 1)) as count, '2023-01-09' as date FROM allrequirements cross join (select @rn := 0) const GROUP BY rel, status:successful"
2023-01-09 08:39:27 I Platf Print           "CREATE TABLE IF NOT EXISTS feattest (rel TEXT, status TEXT, count TEXT, date TEXT) ENGINE=InnoDB DEFAULT CHARSET=utf8:successful"
2023-01-09 08:39:27 I Platf Print           "CREATE TABLE IF NOT EXISTS reqtest (rel TEXT, status TEXT, count TEXT, date TEXT) ENGINE=InnoDB DEFAULT CHARSET=utf8:successful"
2023-01-09 08:39:27 I Platf Print           "SELECT id FROM allfeatures:successful"
2023-01-09 08:39:27 I Platf Print           "SELECT id,upstream,downstream,team FROM allrequirements:successful"
2023-01-09 08:39:27 I Platf Print           "SELECT id FROM allcoverage:successful"
2023-01-09 08:39:27 I Platf Print           "SELECT * FROM testcases:successful"
