2023-02-02 08:35:56 I Hazel Print           "Connet 20564 successfully!!!"
2023-02-02 08:35:56 I Hazel Get_alltests    "Get project name:Hazel id:20564 all testplans"
2023-02-02 08:35:59 I Hazel Get_alltests    "{9228382: {'id': 9228382, 'name': 'Audio Test Plan', 'archived': False, 'index': '9228382:Audio Test Plan'}, 8958160: {'id': 8958160, 'name': 'ESW Test Plan Hazel', 'archived': False, 'index': '8958160:ESW Test Plan Hazel'}, 8727731: {'id': 8727731, 'name': 'HW DVT Plan', 'archived': True, 'index': '8727731:HW DVT Plan'}, 8759587: {'id': 8759587, 'name': 'HW DVT Plan', 'archived': False, 'index': '8759587:HW DVT Plan'}, 9058329: {'id': 9058329, 'name': 'Packaging Verification Test plan', 'archived': False, 'index': '9058329:Packaging Verification Test plan'}, 10331347: {'id': 10331347, 'name': 'Product Maintenance test plan', 'archived': False, 'index': '10331347:Product Maintenance test plan'}, 8609683: {'id': 8609683, 'name': 'Product Verification Test Plan', 'archived': False, 'index': '8609683:Product Verification Test Plan'}, 9706640: {'id': 9706640, 'name': 'Regulatory Compliance  Plan', 'archived': False, 'index': '9706640:Regulatory Compliance  Plan'}, 9538101: {'id': 9538101, 'name': 'RF range test', 'archived': False, 'index': '9538101:RF range test'}}"
2023-02-02 08:35:59 I Hazel Get_alltests    "Get project name:Hazel id:20564 all testplans successful!!!"
2023-02-02 08:40:45 I Hazel tidy_alltestcas "1250"
2023-02-02 08:43:37 I Hazel Print           "DROP TABLE IF EXISTS testcases:successful"
2023-02-02 08:43:37 I Hazel Print           "CREATE TABLE IF NOT EXISTS testcases (                             testplan_id INT,                             testplan_name TEXT,                             testgroup_id INT,                             testgroup_name TEXT,                             testcycle_id INT,                             testcycle_name TEXT,                             rel TEXT,                             id INT,                             uniqueid TEXT,                             name TEXT,                             status TEXT,                             upstream TEXT,                             downstream TEXT,                             executionDate TEXT) ENGINE=InnoDB DEFAULT CHARSET=utf8:successful"
2023-02-02 08:43:38 I Hazel update_database "Insert testcases table successful"
2023-02-02 08:43:38 I Hazel Print           "CREATE TABLE IF NOT EXISTS tests (                             testplan_id INT,                             testplan_name TEXT,                             testplan_status TEXT,                             rel TEXT, status TEXT,                             count INT, date TEXT) ENGINE=InnoDB DEFAULT CHARSET=utf8:successful"
2023-02-02 08:43:38 I Hazel Print           "DELETE FROM tests WHERE date='2023-02-02':successful"
2023-02-02 08:43:38 I Hazel Print           "SELECT testplan_id FROM tests GROUP BY testplan_id:successful"
2023-02-02 08:43:38 I Hazel Print           "SELECT testplan_name FROM tests WHERE testplan_id=9228382 LIMIT 1:successful"
2023-02-02 08:43:38 I Hazel Print           "UPDATE tests SET testplan_status='Active' WHERE testplan_id=9228382:successful"
2023-02-02 08:43:38 I Hazel Print           "SELECT testplan_name FROM tests WHERE testplan_id=8958160 LIMIT 1:successful"
2023-02-02 08:43:38 I Hazel Print           "UPDATE tests SET testplan_status='Active' WHERE testplan_id=8958160:successful"
2023-02-02 08:43:38 I Hazel Print           "SELECT testplan_name FROM tests WHERE testplan_id=8759587 LIMIT 1:successful"
2023-02-02 08:43:38 I Hazel Print           "UPDATE tests SET testplan_status='Active' WHERE testplan_id=8759587:successful"
2023-02-02 08:43:38 I Hazel Print           "SELECT testplan_name FROM tests WHERE testplan_id=8609683 LIMIT 1:successful"
2023-02-02 08:43:38 I Hazel Print           "UPDATE tests SET testplan_status='Active' WHERE testplan_id=8609683:successful"
2023-02-02 08:43:38 I Hazel Print           "SELECT testplan_name FROM tests WHERE testplan_id=9706640 LIMIT 1:successful"
2023-02-02 08:43:38 I Hazel Print           "UPDATE tests SET testplan_status='Active' WHERE testplan_id=9706640:successful"
2023-02-02 08:43:38 I Hazel Print           "SELECT testplan_name FROM tests WHERE testplan_id=9538101 LIMIT 1:successful"
2023-02-02 08:43:38 I Hazel Print           "UPDATE tests SET testplan_status='Active' WHERE testplan_id=9538101:successful"
2023-02-02 08:43:38 I Hazel Print           "INSERT INTO tests (testplan_id, testplan_name, testplan_status, rel, status, count, date) SELECT testplan_id, testplan_name, 'Active' as testplan_status, rel, status, count((@rn := @rn + 1)) as count, '2023-02-02' as date FROM testcases cross join (select @rn := 0) const GROUP BY testplan_id, rel, status:successful"
2023-02-02 08:43:38 I Hazel update_database "Insert tests table successful"
2023-02-02 08:43:38 I Hazel Print           "CREATE TABLE IF NOT EXISTS testapproval (                                 rel TEXT, team TEXT, status TEXT, upstream TEXT, count INT, date TEXT                                 ) ENGINE=InnoDB DEFAULT CHARSET=utf8:successful"
2023-02-02 08:43:38 I Hazel Print           "DROP TABLE IF EXISTS alltestapproval:successful"
2023-02-02 08:43:38 I Hazel Print           "CREATE TABLE IF NOT EXISTS alltestapproval (                                 id INT, uniqueid TEXT, name TEXT, status TEXT, rel TEXT, team TEXT, upstream TEXT                                 ) ENGINE=InnoDB DEFAULT CHARSET=utf8:successful"
2023-02-02 08:43:38 I Hazel Print           "DELETE FROM testapproval WHERE date='2023-02-02':successful"
2023-02-02 08:43:39 I Hazel Print           "INSERT INTO testapproval (rel, team, status, count, date, upstream) SELECT rel, team, status, count((@rn := @rn + 1)) as count, '2023-02-02' as date, upstream FROM alltestapproval cross join (select @rn := 0) const GROUP BY rel, team, status, upstream:successful"
2023-02-02 08:43:41 I Hazel Get_allfeatuers "[]"
2023-02-02 08:43:41 I Hazel Print           "CREATE TABLE IF NOT EXISTS features (                                rel TEXT, status TEXT, count INT, date TEXT) ENGINE=InnoDB DEFAULT CHARSET=utf8:successful"
2023-02-02 08:43:41 I Hazel Print           "CREATE TABLE IF NOT EXISTS allfeatures (                                id INT, uniqueid TEXT, name TEXT, status TEXT, rel TEXT,test_status TEXT) ENGINE=InnoDB DEFAULT CHARSET=utf8:successful"
2023-02-02 08:43:41 I Hazel Print           "DELETE FROM features WHERE date='2023-02-02':successful"
2023-02-02 08:43:41 I Hazel Print           "DELETE FROM allfeatures WHERE id=17576711:successful"
2023-02-02 08:43:41 I Hazel Print           "DELETE FROM allfeatures WHERE id=17576707:successful"
2023-02-02 08:43:41 I Hazel Print           "DELETE FROM allfeatures WHERE id=17078494:successful"
2023-02-02 08:43:41 I Hazel Print           "DELETE FROM allfeatures WHERE id=16914615:successful"
2023-02-02 08:43:41 I Hazel Print           "DELETE FROM allfeatures WHERE id=16914612:successful"
2023-02-02 08:43:41 I Hazel Print           "DELETE FROM allfeatures WHERE id=16914609:successful"
2023-02-02 08:43:41 I Hazel Print           "DELETE FROM allfeatures WHERE id=16747896:successful"
2023-02-02 08:43:41 I Hazel Print           "DELETE FROM allfeatures WHERE id=16740241:successful"
2023-02-02 08:43:41 I Hazel Print           "DELETE FROM allfeatures WHERE id=16740211:successful"
2023-02-02 08:43:41 I Hazel Print           "DELETE FROM allfeatures WHERE id=16699922:successful"
2023-02-02 08:43:41 I Hazel Print           "DELETE FROM allfeatures WHERE id=16699920:successful"
2023-02-02 08:43:41 I Hazel Print           "DELETE FROM allfeatures WHERE id=15882040:successful"
2023-02-02 08:43:41 I Hazel Print           "DELETE FROM allfeatures WHERE id=15810503:successful"
2023-02-02 08:43:41 I Hazel Print           "DELETE FROM allfeatures WHERE id=15810493:successful"
2023-02-02 08:43:41 I Hazel Print           "INSERT INTO features (rel, status, count, date)                                 SELECT rel, status, count((@rn := @rn + 1)) as count, '2023-02-02' as date FROM allfeatures cross join (select @rn := 0) const GROUP BY rel, status:successful"
2023-02-02 08:43:42 I Hazel Get_allchangere "[]"
2023-02-02 08:43:42 I Hazel Print           "CREATE TABLE IF NOT EXISTS changes (                                 rel TEXT, status TEXT, priority TEXT,                                 requester TEXT, date TEXT, count INT) ENGINE=InnoDB DEFAULT CHARSET=utf8:successful"
2023-02-02 08:43:42 I Hazel Print           "CREATE TABLE IF NOT EXISTS allchanges (                                 id INT, uniqueid TEXT, name TEXT,                                 status TEXT, rel TEXT, priority TEXT,                                 requester TEXT) ENGINE=InnoDB DEFAULT CHARSET=utf8:successful"
2023-02-02 08:43:42 I Hazel Print           "DELETE FROM changes WHERE date='2023-02-02':successful"
2023-02-02 08:43:42 I Hazel Print           "INSERT INTO changes (                                 rel, status, priority, requester, date, count)                                 SELECT rel, status, priority, requester, '2023-02-02' as date, count((@rn := @rn + 1)) as count FROM allchanges                                 cross join (select @rn := 0) const GROUP BY rel, status, priority, requester:successful"
2023-02-02 08:43:45 I Hazel Print           "CREATE TABLE IF NOT EXISTS designspec (                            rel TEXT, team TEXT, status TEXT, count INT, date text) ENGINE=InnoDB DEFAULT CHARSET=utf8:successful"
2023-02-02 08:43:45 I Hazel Print           "CREATE TABLE IF NOT EXISTS alldesignspec (                             id INT, uniqueid TEXT, name TEXT, status TEXT, rel TEXT, team TEXT) ENGINE=InnoDB DEFAULT CHARSET=utf8:successful"
2023-02-02 08:43:45 I Hazel Print           "DELETE FROM designspec WHERE date='2023-02-02':successful"
2023-02-02 08:43:45 I Hazel Print           "INSERT INTO designspec (rel, team, status, count, date) SELECT rel, team, status, count((@rn := @rn + 1)) as count, '2023-02-02' as date FROM alldesignspec cross join (select @rn := 0) const GROUP BY rel, team, status:successful"
2023-02-02 08:43:49 I Hazel Get_alluserstor "[]"
2023-02-02 08:43:49 I Hazel Print           "CREATE TABLE IF NOT EXISTS userstories (                 rel TEXT, status TEXT, count INT, date TEXT) ENGINE=InnoDB DEFAULT CHARSET=utf8:successful"
2023-02-02 08:43:49 I Hazel Print           "CREATE TABLE IF NOT EXISTS alluserstories (                 id INT, uniqueid TEXT, name TEXT, status TEXT, rel TEXT) ENGINE=InnoDB DEFAULT CHARSET=utf8:successful"
2023-02-02 08:43:49 I Hazel Print           "DELETE FROM userstories WHERE date='2023-02-02':successful"
2023-02-02 08:43:49 I Hazel Print           "INSERT INTO userstories (rel, status, count, date) SELECT rel, status, count((@rn := @rn + 1)) as count, '2023-02-02' as date FROM alluserstories cross join (select @rn := 0) const GROUP BY rel, status:successful"
2023-02-02 08:44:43 I Hazel Get_alldefects  "[{'id': 9455200, 'name': 'FW transfer (FOTA) takes very long time using Android', 'documentKey': 'Haz-BUG-100', 'statusId': 156538, 'status': 'Closed', 'teamId': 156570, 'team': 'DE Mobile Apps', 'priorityId': 156533, 'priority': 'Major', 'upstream': '', 'jira': 'https://jabra1.atlassian.net/browse/HAZ-183'}, {'id': 9634841, 'name': 'Automatic UI swap in app not existing !', 'documentKey': 'Haz-BUG-191', 'statusId': 156537, 'status': 'Resolved', 'teamId': 156570, 'team': 'DE Mobile Apps', 'priorityId': 156534, 'priority': 'Minor', 'upstream': '', 'jira': 'https://jabra1.atlassian.net/browse/HAZ-322'}, {'id': 9849215, 'name': 'Moments will not see earbuds updated if use other one than used for the update', 'documentKey': 'Haz-BUG-239', 'statusId': 156538, 'status': 'Closed', 'teamId': 156570, 'team': 'DE Mobile Apps', 'priorityId': 156533, 'priority': 'Major', 'upstream': '', 'jira': 'https://jabra1.atlassian.net/browse/HAZ-378'}, {'id': 10032530, 'name': 'CLONE - Not able to configure right button 3-tap action', 'documentKey': 'Haz-BUG-255', 'statusId': 156538, 'status': 'Closed', 'teamId': 156570, 'team': 'DE Mobile Apps', 'priorityId': 156535, 'priority': 'Trivial', 'upstream': '', 'jira': 'https://jabra1.atlassian.net/browse/HAZ-401'}, {'id': 10094446, 'name': 'i: The right earbud command  are applied to the left earbud although the two earbuds are taken out of the cradle.', 'documentKey': 'Haz-BUG-265', 'statusId': 156536, 'status': 'Open', 'teamId': 156570, 'team': 'DE Mobile Apps', 'priorityId': 156533, 'priority': 'Major', 'upstream': '', 'jira': 'https://jabra1.atlassian.net/browse/HAZ-410'}, {'id': 10234014, 'name': 'Hazel FW 1.1.0 - gesture "hold active call" actually ends call', 'documentKey': 'Haz-BUG-273', 'statusId': 156538, 'status': 'Closed', 'teamId': 157251, 'team': 'ESW BT', 'priorityId': 156532, 'priority': 'Critical', 'upstream': '', 'jira': 'https://jabra1.atlassian.net/browse/HAZ-430'}, {'id': 10238023, 'name': 'Cloned: Sound+ app - please remove Teams logo on left earbud MyControl for Media', 'documentKey': 'Haz-BUG-274', 'statusId': 156536, 'status': 'Open', 'teamId': 156570, 'team': 'DE Mobile Apps', 'priorityId': 156534, 'priority': 'Minor', 'upstream': '', 'jira': 'https://jabra1.atlassian.net/browse/HAZ-431'}, {'id': 10299711, 'name': 'Gap between bottom cover and lid ', 'documentKey': 'Haz-BUG-283', 'statusId': 156536, 'status': 'Open', 'teamId': 157194, 'team': 'Manufacturing Quality', 'priorityId': 156533, 'priority': 'Major', 'upstream': '', 'jira': 'https://jabra1.atlassian.net/browse/HAZ-441'}, {'id': 10439966, 'name': 'Link380 CANNOT play/pause the music after clicking the play/pause button on a BT headset paired to BT dongle on Chrome OS', 'documentKey': 'Haz-BUG-285', 'statusId': 156536, 'status': 'Open', 'teamId': 157251, 'team': 'ESW BT', 'priorityId': 156533, 'priority': 'Major', 'upstream': '', 'jira': 'https://jabra1.atlassian.net/browse/SAGA-391'}, {'id': 10440621, 'name': 'CLONE - Evolve2 CANNOT play/pause after clicking button on Chrome OS connected via BT donge', 'documentKey': 'Haz-BUG-286', 'statusId': 156538, 'status': 'Closed', 'teamId': 157251, 'team': 'ESW BT', 'priorityId': 156535, 'priority': 'Trivial', 'upstream': '', 'jira': 'https://jabra1.atlassian.net/browse/HAZ-444'}, {'id': 10469895, 'name': 'TX has problems while on the go (in bus and train and wind)', 'documentKey': 'Haz-BUG-287', 'statusId': 156536, 'status': 'Open', 'teamId': 156853, 'team': 'Audio Engineering', 'priorityId': 156532, 'priority': 'Critical', 'upstream': '', 'jira': 'https://jabra1.atlassian.net/browse/HAZ-446'}, {'id': 10478784, 'name': "Can't play music on Evolve2 Buds when LINK 380 is docked to the PC", 'documentKey': 'Haz-BUG-288', 'statusId': 156536, 'status': 'Open', 'teamId': 157251, 'team': 'ESW BT', 'priorityId': 156533, 'priority': 'Major', 'upstream': '', 'jira': 'https://jabra1.atlassian.net/browse/HAZ-454'}]"
2023-02-02 08:44:44 I Hazel Print           "CREATE TABLE IF NOT EXISTS defects (                     rel TEXT, team TEXT, status TEXT, priority TEXT, count INT, date TEXT) ENGINE=InnoDB DEFAULT CHARSET=utf8:successful"
2023-02-02 08:44:44 I Hazel Print           "CREATE TABLE IF NOT EXISTS alldefects (                     id INT, uniqueid TEXT, name TEXT, status TEXT, rel TEXT, team TEXT, priority TEXT, jira TEXT, upstream TEXT) ENGINE=InnoDB DEFAULT CHARSET=utf8:successful"
2023-02-02 08:44:45 I Hazel Print           "DELETE FROM defects WHERE date='2023-02-02':successful"
2023-02-02 08:44:45 I Hazel Print           "DELETE FROM alldefects WHERE id = 9455200:successful"
2023-02-02 08:44:45 I Hazel Print           "DELETE FROM alldefects WHERE id = 9634841:successful"
2023-02-02 08:44:45 I Hazel Print           "DELETE FROM alldefects WHERE id = 9849215:successful"
2023-02-02 08:44:45 I Hazel Print           "DELETE FROM alldefects WHERE id = 10032530:successful"
2023-02-02 08:44:45 I Hazel Print           "DELETE FROM alldefects WHERE id = 10094446:successful"
2023-02-02 08:44:45 I Hazel Print           "DELETE FROM alldefects WHERE id = 10234014:successful"
2023-02-02 08:44:45 I Hazel Print           "DELETE FROM alldefects WHERE id = 10238023:successful"
2023-02-02 08:44:45 I Hazel Print           "DELETE FROM alldefects WHERE id = 10299711:successful"
2023-02-02 08:44:45 I Hazel Print           "DELETE FROM alldefects WHERE id = 10439966:successful"
2023-02-02 08:44:45 I Hazel Print           "DELETE FROM alldefects WHERE id = 10440621:successful"
2023-02-02 08:44:45 I Hazel Print           "DELETE FROM alldefects WHERE id = 10469895:successful"
2023-02-02 08:44:45 I Hazel Print           "DELETE FROM alldefects WHERE id = 10478784:successful"
2023-02-02 08:44:46 I Hazel Print           "Not enough parameters for the SQL statement"
2023-02-02 08:44:46 I Hazel Print           "INSERT INTO defects (rel, team, status, count, date, priority) SELECT rel, team, status, count((@rn := @rn + 1)) as count, '2023-02-02' as date, priority FROM alldefects cross join (select @rn := 0) const GROUP BY rel, team, status, priority:successful"
2023-02-02 08:50:29 I Hazel get_multipickli "Digital Experience – Android don't find the mainteam name from G_parameter"
2023-02-02 08:50:32 I Hazel get_multipickli "Digital Experience – IOS don't find the mainteam name from G_parameter"
2023-02-02 08:50:34 I Hazel get_multipickli "Digital Experience – SDK don't find the mainteam name from G_parameter"
2023-02-02 08:52:51 I Hazel get_multipickli "Unassigned don't find the mainteam name from G_parameter"
2023-02-02 09:01:17 I Hazel get_multipickli "Unassigned don't find the mainteam name from G_parameter"
2023-02-02 09:01:31 I Hazel get_multipickli "Digital Experience – Android don't find the mainteam name from G_parameter"
2023-02-02 09:01:31 I Hazel get_multipickli "Digital Experience – IOS don't find the mainteam name from G_parameter"
2023-02-02 09:01:35 I Hazel get_multipickli "Digital Experience – Android don't find the mainteam name from G_parameter"
2023-02-02 09:01:35 I Hazel get_multipickli "Digital Experience – IOS don't find the mainteam name from G_parameter"
2023-02-02 09:01:48 I Hazel get_multipickli "Digital Experience – Android don't find the mainteam name from G_parameter"
2023-02-02 09:01:48 I Hazel get_multipickli "Digital Experience – IOS don't find the mainteam name from G_parameter"
2023-02-02 09:02:06 I Hazel get_multipickli "Digital Experience – Android don't find the mainteam name from G_parameter"
2023-02-02 09:02:06 I Hazel get_multipickli "Digital Experience – IOS don't find the mainteam name from G_parameter"
2023-02-02 09:02:57 I Hazel get_multipickli "ESW Platform Test don't find the mainteam name from G_parameter"
2023-02-02 09:03:53 I Hazel get_multipickli "Digital Experience – Android don't find the mainteam name from G_parameter"
2023-02-02 09:03:53 I Hazel get_multipickli "Digital Experience – IOS don't find the mainteam name from G_parameter"
2023-02-02 09:04:25 I Hazel get_multipickli "Unassigned don't find the mainteam name from G_parameter"
2023-02-02 09:04:37 I Hazel get_multipickli "ESW Platform Test don't find the mainteam name from G_parameter"
2023-02-02 09:04:59 I Hazel get_multipickli "Digital Experience – Android don't find the mainteam name from G_parameter"
2023-02-02 09:04:59 I Hazel get_multipickli "Digital Experience – IOS don't find the mainteam name from G_parameter"
2023-02-02 09:04:59 I Hazel get_multipickli "Digital Experience – SDK don't find the mainteam name from G_parameter"
2023-02-02 09:05:03 I Hazel get_multipickli "Unassigned don't find the mainteam name from G_parameter"
2023-02-02 09:05:23 I Hazel get_multipickli "ESW Platform Test don't find the mainteam name from G_parameter"
2023-02-02 09:05:28 I Hazel get_multipickli "ESW Platform Test don't find the mainteam name from G_parameter"
2023-02-02 09:05:32 I Hazel get_multipickli "Unassigned don't find the mainteam name from G_parameter"
2023-02-02 09:05:32 I Hazel get_multipickli "ESW Platform Test don't find the mainteam name from G_parameter"
2023-02-02 09:05:53 I Hazel get_multipickli "ESW Platform Test don't find the mainteam name from G_parameter"
2023-02-02 09:05:57 I Hazel get_multipickli "ESW Platform Test don't find the mainteam name from G_parameter"
2023-02-02 09:06:45 I Hazel get_multipickli "Digital Experience – Android don't find the mainteam name from G_parameter"
2023-02-02 09:06:45 I Hazel get_multipickli "Digital Experience – IOS don't find the mainteam name from G_parameter"
2023-02-02 09:07:12 I Hazel get_multipickli "Digital Experience – Android don't find the mainteam name from G_parameter"
2023-02-02 09:07:12 I Hazel get_multipickli "Digital Experience – IOS don't find the mainteam name from G_parameter"
2023-02-02 09:07:39 I Hazel get_multipickli "Digital Experience – Android don't find the mainteam name from G_parameter"
2023-02-02 09:07:39 I Hazel get_multipickli "Digital Experience – IOS don't find the mainteam name from G_parameter"
2023-02-02 09:07:55 I Hazel get_multipickli "Digital Experience – Android don't find the mainteam name from G_parameter"
2023-02-02 09:07:55 I Hazel get_multipickli "Digital Experience – IOS don't find the mainteam name from G_parameter"
2023-02-02 09:13:06 I Hazel get_multipickli "Digital Experience – Android don't find the mainteam name from G_parameter"
2023-02-02 09:13:06 I Hazel get_multipickli "Digital Experience – IOS don't find the mainteam name from G_parameter"
2023-02-02 09:13:12 I Hazel get_multipickli "Digital Experience – Android don't find the mainteam name from G_parameter"
2023-02-02 09:13:12 I Hazel get_multipickli "Digital Experience – IOS don't find the mainteam name from G_parameter"
2023-02-02 09:13:18 I Hazel get_multipickli "Digital Experience – Android don't find the mainteam name from G_parameter"
2023-02-02 09:13:18 I Hazel get_multipickli "Digital Experience – IOS don't find the mainteam name from G_parameter"
2023-02-02 09:13:22 I Hazel get_multipickli "Digital Experience – Android don't find the mainteam name from G_parameter"
2023-02-02 09:13:22 I Hazel get_multipickli "Digital Experience – IOS don't find the mainteam name from G_parameter"
2023-02-02 09:13:26 I Hazel get_multipickli "Digital Experience – Android don't find the mainteam name from G_parameter"
2023-02-02 09:13:26 I Hazel get_multipickli "Digital Experience – IOS don't find the mainteam name from G_parameter"
2023-02-02 09:13:33 I Hazel get_multipickli "Digital Experience – Android don't find the mainteam name from G_parameter"
2023-02-02 09:13:33 I Hazel get_multipickli "Digital Experience – IOS don't find the mainteam name from G_parameter"
2023-02-02 09:13:38 I Hazel get_multipickli "Digital Experience – Android don't find the mainteam name from G_parameter"
2023-02-02 09:13:38 I Hazel get_multipickli "Digital Experience – IOS don't find the mainteam name from G_parameter"
2023-02-02 09:13:50 I Hazel get_multipickli "Digital Experience – Android don't find the mainteam name from G_parameter"
2023-02-02 09:13:50 I Hazel get_multipickli "Digital Experience – IOS don't find the mainteam name from G_parameter"
2023-02-02 09:14:00 I Hazel get_multipickli "Unassigned don't find the mainteam name from G_parameter"
2023-02-02 09:14:05 I Hazel get_multipickli "Digital Experience – Android don't find the mainteam name from G_parameter"
2023-02-02 09:14:09 I Hazel get_multipickli "Digital Experience – Android don't find the mainteam name from G_parameter"
2023-02-02 09:14:15 I Hazel get_multipickli "Digital Experience – Android don't find the mainteam name from G_parameter"
2023-02-02 09:14:20 I Hazel get_multipickli "Digital Experience – Android don't find the mainteam name from G_parameter"
2023-02-02 09:14:24 I Hazel get_multipickli "Digital Experience – Android don't find the mainteam name from G_parameter"
2023-02-02 09:14:29 I Hazel get_multipickli "Digital Experience – Android don't find the mainteam name from G_parameter"
2023-02-02 09:14:34 I Hazel get_multipickli "Digital Experience – Android don't find the mainteam name from G_parameter"
2023-02-02 09:14:34 I Hazel get_multipickli "Digital Experience – IOS don't find the mainteam name from G_parameter"
2023-02-02 09:14:43 I Hazel get_multipickli "Unassigned don't find the mainteam name from G_parameter"
2023-02-02 09:15:52 I Hazel get_multipickli "Unassigned don't find the mainteam name from G_parameter"
2023-02-02 09:15:52 I Hazel get_multipickli "ESW Platform Test don't find the mainteam name from G_parameter"
2023-02-02 09:15:52 I Hazel Print           "DROP TABLE IF EXISTS allrequirements:successful"
2023-02-02 09:15:52 I Hazel Print           "DROP TABLE IF EXISTS allcoverage:successful"
2023-02-02 09:15:52 I Hazel Print           "CREATE TABLE IF NOT EXISTS requirements (                        rel TEXT, status TEXT, count INT, date TEXT) ENGINE=InnoDB DEFAULT CHARSET=utf8:successful"
2023-02-02 09:15:52 I Hazel Print           "CREATE TABLE IF NOT EXISTS allrequirements (                        id INT, uniqueid TEXT, name TEXT, status TEXT, rel TEXT, upstream TEXT, downstream TEXT, team TEXT, test_status TEXT) ENGINE=InnoDB DEFAULT CHARSET=utf8:successful"
2023-02-02 09:15:52 I Hazel Print           "CREATE TABLE IF NOT EXISTS coverage (                        team text, covered int, expected int, date text) ENGINE=InnoDB DEFAULT CHARSET=utf8:successful"
2023-02-02 09:15:52 I Hazel Print           "CREATE TABLE IF NOT EXISTS allcoverage (                        id INT, uniqueid TEXT, name TEXT, status TEXT, rel TEXT, verify TEXT, missing TEXT) ENGINE=InnoDB DEFAULT CHARSET=utf8:successful"
2023-02-02 09:15:52 I Hazel Print           "DELETE FROM requirements WHERE date='2023-02-02':successful"
2023-02-02 09:15:52 I Hazel Print           "DELETE FROM coverage WHERE date='2023-02-02':successful"
2023-02-02 09:15:52 I Hazel Print           "INSERT INTO requirements (rel, status, count, date) SELECT rel, status, count((@rn := @rn + 1)) as count, '2023-02-02' as date FROM allrequirements cross join (select @rn := 0) const GROUP BY rel, status:successful"
2023-02-02 09:15:52 I Hazel Print           "CREATE TABLE IF NOT EXISTS feattest (rel TEXT, status TEXT, count TEXT, date TEXT) ENGINE=InnoDB DEFAULT CHARSET=utf8:successful"
2023-02-02 09:15:52 I Hazel Print           "CREATE TABLE IF NOT EXISTS reqtest (rel TEXT, status TEXT, count TEXT, date TEXT) ENGINE=InnoDB DEFAULT CHARSET=utf8:successful"
2023-02-02 09:15:52 I Hazel Print           "SELECT id FROM allfeatures:successful"
2023-02-02 09:15:53 I Hazel Print           "SELECT id,upstream,downstream,team FROM allrequirements:successful"
2023-02-02 09:15:53 I Hazel Print           "SELECT id FROM allcoverage:successful"
2023-02-02 09:15:53 I Hazel Print           "SELECT * FROM testcases:successful"
