2023-02-02 04:59:22 I Osbor Print           "Connet 20403 successfully!!!"
2023-02-02 04:59:22 I Osbor Get_alltests    "Get project name:Osborn id:20403 all testplans"
2023-02-02 04:59:24 I Osbor Get_alltests    "{8341707: {'id': 8341707, 'name': 'Controller HW DVT test plan', 'archived': False, 'index': '8341707:Controller HW DVT test plan'}, 8226282: {'id': 8226282, 'name': 'HS HW DVT test plan', 'archived': False, 'index': '8226282:HS HW DVT test plan'}, 9037640: {'id': 9037640, 'name': 'Osborn Mid ESW Test Plan', 'archived': False, 'index': '9037640:Osborn Mid ESW Test Plan'}, 8264933: {'id': 8264933, 'name': 'Osborn ESW Test Plan', 'archived': False, 'index': '8264933:Osborn ESW Test Plan'}, 8769952: {'id': 8769952, 'name': 'Packaging verification plan', 'archived': False, 'index': '8769952:Packaging verification plan'}, 9976079: {'id': 9976079, 'name': 'Product Maintenance test Plan', 'archived': False, 'index': '9976079:Product Maintenance test Plan'}, 8093197: {'id': 8093197, 'name': 'Product Quality Plan and PVT inputs', 'archived': False, 'index': '8093197:Product Quality Plan and PVT inputs'}, 3396973: {'id': 3396973, 'name': 'Product Verification Test Plan', 'archived': False, 'index': '3396973:Product Verification Test Plan'}, 8049692: {'id': 8049692, 'name': 'Regulatory Compliance test plan', 'archived': False, 'index': '8049692:Regulatory Compliance test plan'}, 8295691: {'id': 8295691, 'name': 'UX evaluation  plan', 'archived': False, 'index': '8295691:UX evaluation  plan'}}"
2023-02-02 04:59:24 I Osbor Get_alltests    "Get project name:Osborn id:20403 all testplans successful!!!"
2023-02-02 05:26:38 I Osbor tidy_alltestcas "1297"
2023-02-02 05:31:32 I Osbor Print           "DROP TABLE IF EXISTS testcases:successful"
2023-02-02 05:31:32 I Osbor Print           "CREATE TABLE IF NOT EXISTS testcases (                             testplan_id INT,                             testplan_name TEXT,                             testgroup_id INT,                             testgroup_name TEXT,                             testcycle_id INT,                             testcycle_name TEXT,                             rel TEXT,                             id INT,                             uniqueid TEXT,                             name TEXT,                             status TEXT,                             upstream TEXT,                             downstream TEXT,                             executionDate TEXT) ENGINE=InnoDB DEFAULT CHARSET=utf8:successful"
2023-02-02 05:31:32 I Osbor update_database "Insert testcases table successful"
2023-02-02 05:31:32 I Osbor Print           "CREATE TABLE IF NOT EXISTS tests (                             testplan_id INT,                             testplan_name TEXT,                             testplan_status TEXT,                             rel TEXT, status TEXT,                             count INT, date TEXT) ENGINE=InnoDB DEFAULT CHARSET=utf8:successful"
2023-02-02 05:31:32 I Osbor Print           "DELETE FROM tests WHERE date='2023-02-02':successful"
2023-02-02 05:31:32 I Osbor Print           "SELECT testplan_id FROM tests GROUP BY testplan_id:successful"
2023-02-02 05:31:32 I Osbor Print           "SELECT testplan_name FROM tests WHERE testplan_id=8341707 LIMIT 1:successful"
2023-02-02 05:31:32 I Osbor Print           "UPDATE tests SET testplan_status='Active' WHERE testplan_id=8341707:successful"
2023-02-02 05:31:32 I Osbor Print           "SELECT testplan_name FROM tests WHERE testplan_id=8226282 LIMIT 1:successful"
2023-02-02 05:31:32 I Osbor Print           "UPDATE tests SET testplan_status='Active' WHERE testplan_id=8226282:successful"
2023-02-02 05:31:32 I Osbor Print           "SELECT testplan_name FROM tests WHERE testplan_id=9037640 LIMIT 1:successful"
2023-02-02 05:31:32 I Osbor Print           "UPDATE tests SET testplan_status='Active' WHERE testplan_id=9037640:successful"
2023-02-02 05:31:32 I Osbor Print           "SELECT testplan_name FROM tests WHERE testplan_id=8264933 LIMIT 1:successful"
2023-02-02 05:31:32 I Osbor Print           "UPDATE tests SET testplan_status='Active' WHERE testplan_id=8264933:successful"
2023-02-02 05:31:32 I Osbor Print           "SELECT testplan_name FROM tests WHERE testplan_id=8769952 LIMIT 1:successful"
2023-02-02 05:31:32 I Osbor Print           "UPDATE tests SET testplan_status='Active' WHERE testplan_id=8769952:successful"
2023-02-02 05:31:32 I Osbor Print           "SELECT testplan_name FROM tests WHERE testplan_id=3396973 LIMIT 1:successful"
2023-02-02 05:31:32 I Osbor Print           "UPDATE tests SET testplan_status='Active' WHERE testplan_id=3396973:successful"
2023-02-02 05:31:32 I Osbor Print           "SELECT testplan_name FROM tests WHERE testplan_id=8049692 LIMIT 1:successful"
2023-02-02 05:31:32 I Osbor Print           "UPDATE tests SET testplan_status='Active' WHERE testplan_id=8049692:successful"
2023-02-02 05:31:32 I Osbor Print           "INSERT INTO tests (testplan_id, testplan_name, testplan_status, rel, status, count, date) SELECT testplan_id, testplan_name, 'Active' as testplan_status, rel, status, count((@rn := @rn + 1)) as count, '2023-02-02' as date FROM testcases cross join (select @rn := 0) const GROUP BY testplan_id, rel, status:successful"
2023-02-02 05:31:32 I Osbor update_database "Insert tests table successful"
2023-02-02 05:31:32 I Osbor Print           "CREATE TABLE IF NOT EXISTS testapproval (                                 rel TEXT, team TEXT, status TEXT, upstream TEXT, count INT, date TEXT                                 ) ENGINE=InnoDB DEFAULT CHARSET=utf8:successful"
2023-02-02 05:31:32 I Osbor Print           "DROP TABLE IF EXISTS alltestapproval:successful"
2023-02-02 05:31:33 I Osbor Print           "CREATE TABLE IF NOT EXISTS alltestapproval (                                 id INT, uniqueid TEXT, name TEXT, status TEXT, rel TEXT, team TEXT, upstream TEXT                                 ) ENGINE=InnoDB DEFAULT CHARSET=utf8:successful"
2023-02-02 05:31:33 I Osbor Print           "DELETE FROM testapproval WHERE date='2023-02-02':successful"
2023-02-02 05:31:33 I Osbor Print           "INSERT INTO testapproval (rel, team, status, count, date, upstream) SELECT rel, team, status, count((@rn := @rn + 1)) as count, '2023-02-02' as date, upstream FROM alltestapproval cross join (select @rn := 0) const GROUP BY rel, team, status, upstream:successful"
2023-02-02 05:31:40 I Osbor Get_allfeatuers "[]"
2023-02-02 05:31:40 I Osbor Print           "CREATE TABLE IF NOT EXISTS features (                                rel TEXT, status TEXT, count INT, date TEXT) ENGINE=InnoDB DEFAULT CHARSET=utf8:successful"
2023-02-02 05:31:40 I Osbor Print           "CREATE TABLE IF NOT EXISTS allfeatures (                                id INT, uniqueid TEXT, name TEXT, status TEXT, rel TEXT,test_status TEXT) ENGINE=InnoDB DEFAULT CHARSET=utf8:successful"
2023-02-02 05:31:40 I Osbor Print           "DELETE FROM features WHERE date='2023-02-02':successful"
2023-02-02 05:31:40 I Osbor Print           "DELETE FROM allfeatures WHERE id=15620102:successful"
2023-02-02 05:31:40 I Osbor Print           "DELETE FROM allfeatures WHERE id=15620101:successful"
2023-02-02 05:31:40 I Osbor Print           "DELETE FROM allfeatures WHERE id=15620100:successful"
2023-02-02 05:31:40 I Osbor Print           "DELETE FROM allfeatures WHERE id=15620099:successful"
2023-02-02 05:31:40 I Osbor Print           "DELETE FROM allfeatures WHERE id=15620098:successful"
2023-02-02 05:31:40 I Osbor Print           "DELETE FROM allfeatures WHERE id=15620097:successful"
2023-02-02 05:31:40 I Osbor Print           "DELETE FROM allfeatures WHERE id=15620096:successful"
2023-02-02 05:31:40 I Osbor Print           "DELETE FROM allfeatures WHERE id=15620095:successful"
2023-02-02 05:31:40 I Osbor Print           "DELETE FROM allfeatures WHERE id=15620094:successful"
2023-02-02 05:31:40 I Osbor Print           "DELETE FROM allfeatures WHERE id=15616789:successful"
2023-02-02 05:31:40 I Osbor Print           "DELETE FROM allfeatures WHERE id=15616784:successful"
2023-02-02 05:31:40 I Osbor Print           "DELETE FROM allfeatures WHERE id=15616780:successful"
2023-02-02 05:31:40 I Osbor Print           "DELETE FROM allfeatures WHERE id=15583113:successful"
2023-02-02 05:31:40 I Osbor Print           "DELETE FROM allfeatures WHERE id=15291790:successful"
2023-02-02 05:31:40 I Osbor Print           "DELETE FROM allfeatures WHERE id=14726265:successful"
2023-02-02 05:31:40 I Osbor Print           "DELETE FROM allfeatures WHERE id=14726259:successful"
2023-02-02 05:31:40 I Osbor Print           "DELETE FROM allfeatures WHERE id=14705805:successful"
2023-02-02 05:31:40 I Osbor Print           "DELETE FROM allfeatures WHERE id=14674875:successful"
2023-02-02 05:31:40 I Osbor Print           "DELETE FROM allfeatures WHERE id=14674809:successful"
2023-02-02 05:31:40 I Osbor Print           "DELETE FROM allfeatures WHERE id=14674776:successful"
2023-02-02 05:31:40 I Osbor Print           "DELETE FROM allfeatures WHERE id=14674728:successful"
2023-02-02 05:31:40 I Osbor Print           "DELETE FROM allfeatures WHERE id=14674668:successful"
2023-02-02 05:31:40 I Osbor Print           "DELETE FROM allfeatures WHERE id=14674608:successful"
2023-02-02 05:31:40 I Osbor Print           "DELETE FROM allfeatures WHERE id=14674593:successful"
2023-02-02 05:31:40 I Osbor Print           "DELETE FROM allfeatures WHERE id=14674578:successful"
2023-02-02 05:31:40 I Osbor Print           "DELETE FROM allfeatures WHERE id=14674542:successful"
2023-02-02 05:31:40 I Osbor Print           "DELETE FROM allfeatures WHERE id=14674263:successful"
2023-02-02 05:31:40 I Osbor Print           "DELETE FROM allfeatures WHERE id=14674182:successful"
2023-02-02 05:31:40 I Osbor Print           "DELETE FROM allfeatures WHERE id=14672754:successful"
2023-02-02 05:31:40 I Osbor Print           "DELETE FROM allfeatures WHERE id=14672682:successful"
2023-02-02 05:31:40 I Osbor Print           "DELETE FROM allfeatures WHERE id=14672667:successful"
2023-02-02 05:31:40 I Osbor Print           "DELETE FROM allfeatures WHERE id=14672616:successful"
2023-02-02 05:31:40 I Osbor Print           "DELETE FROM allfeatures WHERE id=14672457:successful"
2023-02-02 05:31:40 I Osbor Print           "DELETE FROM allfeatures WHERE id=14672439:successful"
2023-02-02 05:31:40 I Osbor Print           "DELETE FROM allfeatures WHERE id=14672430:successful"
2023-02-02 05:31:40 I Osbor Print           "DELETE FROM allfeatures WHERE id=14672370:successful"
2023-02-02 05:31:40 I Osbor Print           "DELETE FROM allfeatures WHERE id=14672358:successful"
2023-02-02 05:31:40 I Osbor Print           "DELETE FROM allfeatures WHERE id=14672283:successful"
2023-02-02 05:31:40 I Osbor Print           "DELETE FROM allfeatures WHERE id=14672163:successful"
2023-02-02 05:31:40 I Osbor Print           "DELETE FROM allfeatures WHERE id=14672118:successful"
2023-02-02 05:31:40 I Osbor Print           "DELETE FROM allfeatures WHERE id=14672100:successful"
2023-02-02 05:31:40 I Osbor Print           "DELETE FROM allfeatures WHERE id=14671359:successful"
2023-02-02 05:31:40 I Osbor Print           "DELETE FROM allfeatures WHERE id=14033466:successful"
2023-02-02 05:31:40 I Osbor Print           "INSERT INTO features (rel, status, count, date)                                 SELECT rel, status, count((@rn := @rn + 1)) as count, '2023-02-02' as date FROM allfeatures cross join (select @rn := 0) const GROUP BY rel, status:successful"
2023-02-02 05:31:42 I Osbor Get_allchangere "[]"
2023-02-02 05:31:42 I Osbor Print           "CREATE TABLE IF NOT EXISTS changes (                                 rel TEXT, status TEXT, priority TEXT,                                 requester TEXT, date TEXT, count INT) ENGINE=InnoDB DEFAULT CHARSET=utf8:successful"
2023-02-02 05:31:42 I Osbor Print           "CREATE TABLE IF NOT EXISTS allchanges (                                 id INT, uniqueid TEXT, name TEXT,                                 status TEXT, rel TEXT, priority TEXT,                                 requester TEXT) ENGINE=InnoDB DEFAULT CHARSET=utf8:successful"
2023-02-02 05:31:42 I Osbor Print           "DELETE FROM changes WHERE date='2023-02-02':successful"
2023-02-02 05:31:42 I Osbor Print           "INSERT INTO changes (                                 rel, status, priority, requester, date, count)                                 SELECT rel, status, priority, requester, '2023-02-02' as date, count((@rn := @rn + 1)) as count FROM allchanges                                 cross join (select @rn := 0) const GROUP BY rel, status, priority, requester:successful"
2023-02-02 05:31:45 I Osbor Print           "CREATE TABLE IF NOT EXISTS designspec (                            rel TEXT, team TEXT, status TEXT, count INT, date text) ENGINE=InnoDB DEFAULT CHARSET=utf8:successful"
2023-02-02 05:31:45 I Osbor Print           "CREATE TABLE IF NOT EXISTS alldesignspec (                             id INT, uniqueid TEXT, name TEXT, status TEXT, rel TEXT, team TEXT) ENGINE=InnoDB DEFAULT CHARSET=utf8:successful"
2023-02-02 05:31:45 I Osbor Print           "DELETE FROM designspec WHERE date='2023-02-02':successful"
2023-02-02 05:31:45 I Osbor Print           "INSERT INTO designspec (rel, team, status, count, date) SELECT rel, team, status, count((@rn := @rn + 1)) as count, '2023-02-02' as date FROM alldesignspec cross join (select @rn := 0) const GROUP BY rel, team, status:successful"
2023-02-02 05:31:51 I Osbor Get_alluserstor "[]"
2023-02-02 05:31:51 I Osbor Print           "CREATE TABLE IF NOT EXISTS userstories (                 rel TEXT, status TEXT, count INT, date TEXT) ENGINE=InnoDB DEFAULT CHARSET=utf8:successful"
2023-02-02 05:31:51 I Osbor Print           "CREATE TABLE IF NOT EXISTS alluserstories (                 id INT, uniqueid TEXT, name TEXT, status TEXT, rel TEXT) ENGINE=InnoDB DEFAULT CHARSET=utf8:successful"
2023-02-02 05:31:51 I Osbor Print           "DELETE FROM userstories WHERE date='2023-02-02':successful"
2023-02-02 05:31:51 I Osbor Print           "INSERT INTO userstories (rel, status, count, date) SELECT rel, status, count((@rn := @rn + 1)) as count, '2023-02-02' as date FROM alluserstories cross join (select @rn := 0) const GROUP BY rel, status:successful"
2023-02-02 05:32:54 I Osbor Get_alldefects  "[{'id': 9241520, 'name': '[Teams] fail to cancel meeting notification from HS', 'documentKey': 'Ob-BUG-124', 'statusId': 156538, 'status': 'Closed', 'teamId': 156569, 'team': 'ESW DECT', 'priorityId': 156533, 'priority': 'Major', 'upstream': '9438522, 9554563, 9554897, 9570663, 9572399, 9601516, 9603682, 9234265, 9234588, 9438515, 9438849, 9483268, 9554543, 9570612, 9572379', 'jira': 'https://jabra1.atlassian.net/browse/OS-765'}, {'id': 9638828, 'name': "[Customer,Zoom]3-way call, can't answer the incoming call and end the active call, it will keep active call and end incoming call-SP issue", 'documentKey': 'Ob-BUG-242', 'statusId': 156539, 'status': 'In Progress', 'teamId': 156569, 'team': 'ESW DECT', 'priorityId': 156534, 'priority': 'Minor', 'upstream': '9685573, 9685560, 9685566, 9685565, 10426348, 10426351', 'jira': 'https://jabra1.atlassian.net/browse/OS-1553'}, {'id': 9657322, 'name': '[Customer,Zoom]3-way call, end 1st call from SP then tap MFB will end 2nd call-SP issue', 'documentKey': 'Ob-BUG-246', 'statusId': 156536, 'status': 'Open', 'teamId': 156569, 'team': 'ESW DECT', 'priorityId': 156535, 'priority': 'Trivial', 'upstream': '10201005, 10201006, 10299952, 9605061, 9602432, 10300052, 9686426, 10201494, 9638718, 10201000, 9638716, 9855871, 9685573, 10201010, 10201011, 10201491, 9605065, 9686429, 10201497, 9855872', 'jira': 'https://jabra1.atlassian.net/browse/OS-1559'}, {'id': 9699447, 'name': '[Test Fest, audio] There will be a few words distorted or lost during meeting', 'documentKey': 'Ob-BUG-262', 'statusId': 156536, 'status': 'Open', 'teamId': 156853, 'team': 'Audio Engineering', 'priorityId': 156533, 'priority': 'Major', 'upstream': '10201482, 10202266', 'jira': 'https://jabra1.atlassian.net/browse/OS-1635'}, {'id': 9714765, 'name': '[Teams, Pre-certification] Need tap Teams button twice to cancel meeting notification from HS', 'documentKey': 'Ob-BUG-269', 'statusId': 156538, 'status': 'Closed', 'teamId': 156569, 'team': 'ESW DECT', 'priorityId': 156534, 'priority': 'Minor', 'upstream': '9685029, 9685646', 'jira': 'https://jabra1.atlassian.net/browse/SPIDER-1919'}, {'id': 10205418, 'name': "[FT, Enumeration, JDO] Osborn in DFU mode can't be enumerated by JDO for Win", 'documentKey': 'Ob-BUG-292', 'statusId': 156536, 'status': 'Open', 'teamId': 156571, 'team': 'DE Online', 'priorityId': 156532, 'priority': 'Critical', 'upstream': '10201482, 10202266, 10200238, 10201059, 10200677, 10201407', 'jira': 'https://jabra1.atlassian.net/browse/OS-1751'}, {'id': 10252157, 'name': 'Osborn Plus Current Consumption Test failed on suspend mode', 'documentKey': 'Ob-BUG-299', 'statusId': 156538, 'status': 'Closed', 'teamId': 156569, 'team': 'ESW DECT', 'priorityId': 156534, 'priority': 'Minor', 'upstream': '10207332, 10207378', 'jira': 'https://jabra1.atlassian.net/browse/OS-1785'}, {'id': 10317988, 'name': 'Osborn Plus Link seems can not to be refreshed from v3.9.1 to v3.9.0', 'documentKey': 'Ob-BUG-300', 'statusId': 156536, 'status': 'Open', 'teamId': 156569, 'team': 'ESW DECT', 'priorityId': 156533, 'priority': 'Major', 'upstream': '', 'jira': 'https://jabra1.atlassian.net/browse/OS-1797'}, {'id': 10327772, 'name': '[OS IOP, Chrome] Chrome OS microphone will be muted when Osborn mute the Google Meet meeting, but will not be unmuted after Osborn end the meeting', 'documentKey': 'Ob-BUG-302', 'statusId': 156536, 'status': 'Open', 'teamId': 156569, 'team': 'ESW DECT', 'priorityId': 156534, 'priority': 'Minor', 'upstream': '', 'jira': 'https://jabra1.atlassian.net/browse/OS-1801'}, {'id': 10398899, 'name': "CLONE - [FT, Enumeration, JDO] Moonraker in DFU mode can't be enumerated by JDO for Win", 'documentKey': 'Ob-BUG-305', 'statusId': 156536, 'status': 'Open', 'teamId': 156571, 'team': 'DE Online', 'priorityId': 156532, 'priority': 'Critical', 'upstream': '', 'jira': 'https://jabra1.atlassian.net/browse/MOONR-44'}, {'id': 10399149, 'name': "CLONE - [FT, JDO] Moonraker in DFU mode can't be recovered from JDO-MAC", 'documentKey': 'Ob-BUG-306', 'statusId': 156536, 'status': 'Open', 'teamId': 156571, 'team': 'DE Online', 'priorityId': 156532, 'priority': 'Critical', 'upstream': '', 'jira': 'https://jabra1.atlassian.net/browse/MOONR-45'}, {'id': 10420177, 'name': 'Public GNP unstable on ChromeOS - Crashes after flood of "Mute state" flips', 'documentKey': 'Ob-BUG-307', 'statusId': 156536, 'status': 'Open', 'teamId': 156569, 'team': 'ESW DECT', 'priorityId': 156534, 'priority': 'Minor', 'upstream': '', 'jira': 'https://jabra1.atlassian.net/browse/OS-1814'}, {'id': 10443021, 'name': 'CLONE - [OS IOP, Chrome] Chrome OS microphone will be muted when DUT mute the Google Meet meeting, but will not be unmuted after DUT end the meeting', 'documentKey': 'Ob-BUG-308', 'statusId': 156536, 'status': 'Open', 'teamId': 156569, 'team': 'ESW DECT', 'priorityId': 156534, 'priority': 'Minor', 'upstream': '', 'jira': 'https://jabra1.atlassian.net/browse/OS-1815'}, {'id': 10470105, 'name': 'CLONE - [Cisco Jabber]HS mute indication not sync after muted call transfer to HS', 'documentKey': 'Ob-BUG-309', 'statusId': 156536, 'status': 'Open', 'teamId': 156569, 'team': 'ESW DECT', 'priorityId': 156533, 'priority': 'Major', 'upstream': '', 'jira': 'https://jabra1.atlassian.net/browse/DAR-906'}]"
2023-02-02 05:32:54 I Osbor Print           "CREATE TABLE IF NOT EXISTS defects (                     rel TEXT, team TEXT, status TEXT, priority TEXT, count INT, date TEXT) ENGINE=InnoDB DEFAULT CHARSET=utf8:successful"
2023-02-02 05:32:54 I Osbor Print           "CREATE TABLE IF NOT EXISTS alldefects (                     id INT, uniqueid TEXT, name TEXT, status TEXT, rel TEXT, team TEXT, priority TEXT, jira TEXT, upstream TEXT) ENGINE=InnoDB DEFAULT CHARSET=utf8:successful"
2023-02-02 05:32:54 I Osbor Print           "DELETE FROM defects WHERE date='2023-02-02':successful"
2023-02-02 05:32:54 I Osbor Print           "DELETE FROM alldefects WHERE id = 18088524:successful"
2023-02-02 05:32:54 I Osbor Print           "DELETE FROM alldefects WHERE id = 17184678:successful"
2023-02-02 05:32:54 I Osbor Print           "DELETE FROM alldefects WHERE id = 9241520:successful"
2023-02-02 05:32:54 I Osbor Print           "DELETE FROM alldefects WHERE id = 9638828:successful"
2023-02-02 05:32:54 I Osbor Print           "DELETE FROM alldefects WHERE id = 9657322:successful"
2023-02-02 05:32:54 I Osbor Print           "DELETE FROM alldefects WHERE id = 9699447:successful"
2023-02-02 05:32:54 I Osbor Print           "DELETE FROM alldefects WHERE id = 9714765:successful"
2023-02-02 05:32:54 I Osbor Print           "DELETE FROM alldefects WHERE id = 10205418:successful"
2023-02-02 05:32:54 I Osbor Print           "DELETE FROM alldefects WHERE id = 10252157:successful"
2023-02-02 05:32:54 I Osbor Print           "DELETE FROM alldefects WHERE id = 10317988:successful"
2023-02-02 05:32:54 I Osbor Print           "DELETE FROM alldefects WHERE id = 10327772:successful"
2023-02-02 05:32:54 I Osbor Print           "DELETE FROM alldefects WHERE id = 10398899:successful"
2023-02-02 05:32:54 I Osbor Print           "DELETE FROM alldefects WHERE id = 10399149:successful"
2023-02-02 05:32:54 I Osbor Print           "DELETE FROM alldefects WHERE id = 10420177:successful"
2023-02-02 05:32:54 I Osbor Print           "DELETE FROM alldefects WHERE id = 10443021:successful"
2023-02-02 05:32:54 I Osbor Print           "DELETE FROM alldefects WHERE id = 10470105:successful"
2023-02-02 05:32:54 I Osbor Print           "Not enough parameters for the SQL statement"
2023-02-02 05:32:54 I Osbor Print           "INSERT INTO defects (rel, team, status, count, date, priority) SELECT rel, team, status, count((@rn := @rn + 1)) as count, '2023-02-02' as date, priority FROM alldefects cross join (select @rn := 0) const GROUP BY rel, team, status, priority:successful"
2023-02-02 05:35:04 I Osbor get_multipickli "Unassigned don't find the mainteam name from G_parameter"
2023-02-02 05:35:27 I Osbor get_multipickli "Unassigned don't find the mainteam name from G_parameter"
2023-02-02 05:35:32 I Osbor get_multipickli "Unassigned don't find the mainteam name from G_parameter"
2023-02-02 05:40:49 I Osbor get_multipickli "Unassigned don't find the mainteam name from G_parameter"
2023-02-02 05:40:54 I Osbor get_multipickli "Unassigned don't find the mainteam name from G_parameter"
2023-02-02 05:41:11 I Osbor get_multipickli "Unassigned don't find the mainteam name from G_parameter"
2023-02-02 05:41:43 I Osbor get_multipickli "Unassigned don't find the mainteam name from G_parameter"
2023-02-02 05:41:48 I Osbor get_multipickli "Unassigned don't find the mainteam name from G_parameter"
2023-02-02 05:42:03 I Osbor get_multipickli "Unassigned don't find the mainteam name from G_parameter"
2023-02-02 05:42:20 I Osbor get_multipickli "Unassigned don't find the mainteam name from G_parameter"
2023-02-02 05:42:39 I Osbor get_multipickli "Unassigned don't find the mainteam name from G_parameter"
2023-02-02 05:42:55 I Osbor get_multipickli "Unassigned don't find the mainteam name from G_parameter"
2023-02-02 05:42:59 I Osbor get_multipickli "Unassigned don't find the mainteam name from G_parameter"
2023-02-02 05:43:09 I Osbor get_multipickli "Unassigned don't find the mainteam name from G_parameter"
2023-02-02 05:43:16 I Osbor get_multipickli "Unassigned don't find the mainteam name from G_parameter"
2023-02-02 05:43:21 I Osbor get_multipickli "Unassigned don't find the mainteam name from G_parameter"
2023-02-02 05:46:03 I Osbor get_multipickli "Unassigned don't find the mainteam name from G_parameter"
2023-02-02 05:54:00 I Osbor get_multipickli "Unassigned don't find the mainteam name from G_parameter"
2023-02-02 05:58:33 I Osbor get_multipickli "Digital Experience – Android don't find the mainteam name from G_parameter"
2023-02-02 05:58:37 I Osbor get_multipickli "Digital Experience – IOS don't find the mainteam name from G_parameter"
2023-02-02 05:58:45 I Osbor get_multipickli "ESW Platform Test don't find the mainteam name from G_parameter"
2023-02-02 06:01:21 I Osbor get_multipickli "ESW Platform Test don't find the mainteam name from G_parameter"
2023-02-02 06:01:27 I Osbor get_multipickli "ESW Platform Test don't find the mainteam name from G_parameter"
2023-02-02 06:08:22 I Osbor get_multipickli "Unassigned don't find the mainteam name from G_parameter"
2023-02-02 06:08:28 I Osbor get_multipickli "Unassigned don't find the mainteam name from G_parameter"
2023-02-02 06:10:03 I Osbor get_multipickli "Unassigned don't find the mainteam name from G_parameter"
2023-02-02 06:10:13 I Osbor get_multipickli "Unassigned don't find the mainteam name from G_parameter"
2023-02-02 06:10:22 I Osbor get_multipickli "Unassigned don't find the mainteam name from G_parameter"
2023-02-02 06:10:32 I Osbor get_multipickli "Unassigned don't find the mainteam name from G_parameter"
2023-02-02 06:11:26 I Osbor get_multipickli "Unassigned don't find the mainteam name from G_parameter"
2023-02-02 06:12:26 I Osbor get_multipickli "Unassigned don't find the mainteam name from G_parameter"
2023-02-02 06:13:18 I Osbor get_multipickli "Unassigned don't find the mainteam name from G_parameter"
2023-02-02 06:13:47 I Osbor get_multipickli "Unassigned don't find the mainteam name from G_parameter"
2023-02-02 06:22:36 I Osbor get_multipickli "Unassigned don't find the mainteam name from G_parameter"
2023-02-02 06:22:46 I Osbor get_multipickli "Unassigned don't find the mainteam name from G_parameter"
2023-02-02 06:23:50 I Osbor get_multipickli "Unassigned don't find the mainteam name from G_parameter"
2023-02-02 06:28:34 I Osbor get_multipickli "Unassigned don't find the mainteam name from G_parameter"
2023-02-02 06:29:30 I Osbor get_multipickli "Unassigned don't find the mainteam name from G_parameter"
2023-02-02 06:29:35 I Osbor get_multipickli "Unassigned don't find the mainteam name from G_parameter"
2023-02-02 06:29:50 I Osbor get_multipickli "Unassigned don't find the mainteam name from G_parameter"
2023-02-02 06:30:24 I Osbor get_multipickli "Unassigned don't find the mainteam name from G_parameter"
2023-02-02 06:30:30 I Osbor get_multipickli "Unassigned don't find the mainteam name from G_parameter"
2023-02-02 06:30:48 I Osbor get_multipickli "Unassigned don't find the mainteam name from G_parameter"
2023-02-02 06:31:07 I Osbor get_multipickli "Unassigned don't find the mainteam name from G_parameter"
2023-02-02 06:31:29 I Osbor get_multipickli "Unassigned don't find the mainteam name from G_parameter"
2023-02-02 06:31:41 I Osbor get_multipickli "Unassigned don't find the mainteam name from G_parameter"
2023-02-02 06:31:50 I Osbor get_multipickli "Unassigned don't find the mainteam name from G_parameter"
2023-02-02 06:32:08 I Osbor get_multipickli "Unassigned don't find the mainteam name from G_parameter"
2023-02-02 06:32:18 I Osbor get_multipickli "Unassigned don't find the mainteam name from G_parameter"
2023-02-02 06:32:25 I Osbor get_multipickli "Unassigned don't find the mainteam name from G_parameter"
2023-02-02 06:35:22 I Osbor get_multipickli "Unassigned don't find the mainteam name from G_parameter"
2023-02-02 06:35:22 I Osbor Print           "DROP TABLE IF EXISTS allrequirements:successful"
2023-02-02 06:35:22 I Osbor Print           "DROP TABLE IF EXISTS allcoverage:successful"
2023-02-02 06:35:22 I Osbor Print           "CREATE TABLE IF NOT EXISTS requirements (                        rel TEXT, status TEXT, count INT, date TEXT) ENGINE=InnoDB DEFAULT CHARSET=utf8:successful"
2023-02-02 06:35:22 I Osbor Print           "CREATE TABLE IF NOT EXISTS allrequirements (                        id INT, uniqueid TEXT, name TEXT, status TEXT, rel TEXT, upstream TEXT, downstream TEXT, team TEXT, test_status TEXT) ENGINE=InnoDB DEFAULT CHARSET=utf8:successful"
2023-02-02 06:35:22 I Osbor Print           "CREATE TABLE IF NOT EXISTS coverage (                        team text, covered int, expected int, date text) ENGINE=InnoDB DEFAULT CHARSET=utf8:successful"
2023-02-02 06:35:22 I Osbor Print           "CREATE TABLE IF NOT EXISTS allcoverage (                        id INT, uniqueid TEXT, name TEXT, status TEXT, rel TEXT, verify TEXT, missing TEXT) ENGINE=InnoDB DEFAULT CHARSET=utf8:successful"
2023-02-02 06:35:22 I Osbor Print           "DELETE FROM requirements WHERE date='2023-02-02':successful"
2023-02-02 06:35:22 I Osbor Print           "DELETE FROM coverage WHERE date='2023-02-02':successful"
2023-02-02 06:35:22 I Osbor Print           "INSERT INTO requirements (rel, status, count, date) SELECT rel, status, count((@rn := @rn + 1)) as count, '2023-02-02' as date FROM allrequirements cross join (select @rn := 0) const GROUP BY rel, status:successful"
2023-02-02 06:35:22 I Osbor Print           "CREATE TABLE IF NOT EXISTS feattest (rel TEXT, status TEXT, count TEXT, date TEXT) ENGINE=InnoDB DEFAULT CHARSET=utf8:successful"
2023-02-02 06:35:22 I Osbor Print           "CREATE TABLE IF NOT EXISTS reqtest (rel TEXT, status TEXT, count TEXT, date TEXT) ENGINE=InnoDB DEFAULT CHARSET=utf8:successful"
2023-02-02 06:35:22 I Osbor Print           "SELECT id FROM allfeatures:successful"
2023-02-02 06:35:22 I Osbor Print           "SELECT id,upstream,downstream,team FROM allrequirements:successful"
2023-02-02 06:35:22 I Osbor Print           "SELECT id FROM allcoverage:successful"
2023-02-02 06:35:22 I Osbor Print           "SELECT * FROM testcases:successful"
