2023-02-02 05:45:33 I Platf Print           "Connet 20392 successfully!!!"
2023-02-02 05:45:33 I Platf Get_alltests    "Get project name:Platform Cougar id:20392 all testplans"
2023-02-02 05:45:42 I Platf Get_alltests    "{6793283: {'id': 6793283, 'name': 'ESW Platform Cougar Apollo Nightly Test', 'archived': False, 'index': '6793283:ESW Platform Cougar Apollo Nightly Test'}, 7112670: {'id': 7112670, 'name': 'ESW Platform Cougar Apollo Weekly Test', 'archived': False, 'index': '7112670:ESW Platform Cougar Apollo Weekly Test'}, 3608493: {'id': 3608493, 'name': 'ESW Platform Cougar Release Candidate RC 2019PI1 Test Plan', 'archived': True, 'index': '3608493:ESW Platform Cougar Release Candidate RC 2019PI1 Test Plan'}, 3870549: {'id': 3870549, 'name': 'ESW Platform Cougar Release Candidate RC 2019PI2 Test Plan', 'archived': True, 'index': '3870549:ESW Platform Cougar Release Candidate RC 2019PI2 Test Plan'}, 4138318: {'id': 4138318, 'name': 'ESW Platform Cougar Release Candidate RC 2019PI3 Test Plan', 'archived': True, 'index': '4138318:ESW Platform Cougar Release Candidate RC 2019PI3 Test Plan'}, 4583478: {'id': 4583478, 'name': 'ESW Platform Cougar Release Candidate RC 2019PI4 Test Plan', 'archived': True, 'index': '4583478:ESW Platform Cougar Release Candidate RC 2019PI4 Test Plan'}, 4987359: {'id': 4987359, 'name': 'ESW Platform Cougar Release Candidate RC 2019PI5 Test Plan', 'archived': True, 'index': '4987359:ESW Platform Cougar Release Candidate RC 2019PI5 Test Plan'}, 5455692: {'id': 5455692, 'name': 'ESW Platform Cougar Release Candidate RC 2020PI6 Test Plan', 'archived': True, 'index': '5455692:ESW Platform Cougar Release Candidate RC 2020PI6 Test Plan'}, 6019896: {'id': 6019896, 'name': 'ESW Platform Cougar Release Candidate RC 2020PI7 Test Plan', 'archived': True, 'index': '6019896:ESW Platform Cougar Release Candidate RC 2020PI7 Test Plan'}, 6872714: {'id': 6872714, 'name': 'ESW Platform Cougar Release Candidate RC 2020PI8 Test Plan', 'archived': True, 'index': '6872714:ESW Platform Cougar Release Candidate RC 2020PI8 Test Plan'}, 7448256: {'id': 7448256, 'name': 'ESW Platform Cougar Release Candidate RC 2020PI9 Test Plan', 'archived': True, 'index': '7448256:ESW Platform Cougar Release Candidate RC 2020PI9 Test Plan'}, 8028924: {'id': 8028924, 'name': 'ESW Platform Cougar Release Candidate RC 2021PI10 Test Plan', 'archived': True, 'index': '8028924:ESW Platform Cougar Release Candidate RC 2021PI10 Test Plan'}, 8254744: {'id': 8254744, 'name': 'ESW Platform Cougar Release Candidate RC 2021PI11 Test Plan', 'archived': True, 'index': '8254744:ESW Platform Cougar Release Candidate RC 2021PI11 Test Plan'}, 8554041: {'id': 8554041, 'name': 'ESW Platform Cougar Release Candidate RC 2021PI12 Test Plan', 'archived': True, 'index': '8554041:ESW Platform Cougar Release Candidate RC 2021PI12 Test Plan'}, 8794015: {'id': 8794015, 'name': 'ESW Platform Cougar Release Candidate RC 2021PI13 Test Plan', 'archived': True, 'index': '8794015:ESW Platform Cougar Release Candidate RC 2021PI13 Test Plan'}, 8966403: {'id': 8966403, 'name': 'ESW Platform Cougar Release Candidate RC 2021PI14.1 Test Plan', 'archived': True, 'index': '8966403:ESW Platform Cougar Release Candidate RC 2021PI14.1 Test Plan'}, 8965518: {'id': 8965518, 'name': 'ESW Platform Cougar Release Candidate RC 2021PI14.2 Test Plan', 'archived': True, 'index': '8965518:ESW Platform Cougar Release Candidate RC 2021PI14.2 Test Plan'}, 9223737: {'id': 9223737, 'name': 'ESW Platform Cougar Release Candidate RC 2021PI15 Test Plan', 'archived': True, 'index': '9223737:ESW Platform Cougar Release Candidate RC 2021PI15 Test Plan'}, 9453235: {'id': 9453235, 'name': 'ESW Platform Cougar Release Candidate RC 2021PI16.1 Test Plan', 'archived': False, 'index': '9453235:ESW Platform Cougar Release Candidate RC 2021PI16.1 Test Plan'}, 9690872: {'id': 9690872, 'name': 'ESW Platform Cougar Release Candidate RC 2021PI17.1 Test Plan', 'archived': False, 'index': '9690872:ESW Platform Cougar Release Candidate RC 2021PI17.1 Test Plan'}, 10234533: {'id': 10234533, 'name': 'ESW Platform Cougar Release Candidate RC 2021PI19.1 Test Plan', 'archived': False, 'index': '10234533:ESW Platform Cougar Release Candidate RC 2021PI19.1 Test Plan'}, 10476137: {'id': 10476137, 'name': 'ESW Platform Cougar Release Candidate RC 2023PI20.1 Test Plan', 'archived': False, 'index': '10476137:ESW Platform Cougar Release Candidate RC 2023PI20.1 Test Plan'}, 3442668: {'id': 3442668, 'name': 'ESW Platform Cougar. Dect Device', 'archived': True, 'index': '3442668:ESW Platform Cougar. Dect Device'}, 3442677: {'id': 3442677, 'name': 'ESW Platform Cougar. Desk Phone Hub', 'archived': True, 'index': '3442677:ESW Platform Cougar. Desk Phone Hub'}, 7953411: {'id': 7953411, 'name': 'ESW Platform Cougar. Mac.Weekly Test on Apollo', 'archived': True, 'index': '7953411:ESW Platform Cougar. Mac.Weekly Test on Apollo'}, 8532732: {'id': 8532732, 'name': 'ESW Platform Cougar. Rio Focused test for Maple', 'archived': True, 'index': '8532732:ESW Platform Cougar. Rio Focused test for Maple'}, 8585561: {'id': 8585561, 'name': 'ESW Platform Cougar. Rio full set of tests for deciding value pack for Headset', 'archived': True, 'index': '8585561:ESW Platform Cougar. Rio full set of tests for deciding value pack for Headset'}, 3442669: {'id': 3442669, 'name': 'ESW Platform Cougar. USB Headset', 'archived': True, 'index': '3442669:ESW Platform Cougar. USB Headset'}, 3412181: {'id': 3412181, 'name': 'Platform Cougar. Dect Device. Copied tests which are already passed. ', 'archived': True, 'index': '3412181:Platform Cougar. Dect Device. Copied tests which are already passed. '}, 3412210: {'id': 3412210, 'name': 'Platform Cougar. Desk Phone Hub. Copied tests which are already passed. ', 'archived': True, 'index': '3412210:Platform Cougar. Desk Phone Hub. Copied tests which are already passed. '}, 3402893: {'id': 3402893, 'name': 'Platform Cougar. USB Headset. Copied tests which are already passed.', 'archived': True, 'index': '3402893:Platform Cougar. USB Headset. Copied tests which are already passed.'}}"
2023-02-02 05:45:42 I Platf Get_alltests    "Get project name:Platform Cougar id:20392 all testplans successful!!!"
2023-02-02 05:50:10 I Platf tidy_alltestcas "759"
2023-02-02 05:51:53 I Platf Print           "DROP TABLE IF EXISTS testcases:successful"
2023-02-02 05:51:53 I Platf Print           "CREATE TABLE IF NOT EXISTS testcases (                             testplan_id INT,                             testplan_name TEXT,                             testgroup_id INT,                             testgroup_name TEXT,                             testcycle_id INT,                             testcycle_name TEXT,                             rel TEXT,                             id INT,                             uniqueid TEXT,                             name TEXT,                             status TEXT,                             upstream TEXT,                             downstream TEXT,                             executionDate TEXT) ENGINE=InnoDB DEFAULT CHARSET=utf8:successful"
2023-02-02 05:51:53 I Platf update_database "Insert testcases table successful"
2023-02-02 05:51:53 I Platf Print           "CREATE TABLE IF NOT EXISTS tests (                             testplan_id INT,                             testplan_name TEXT,                             testplan_status TEXT,                             rel TEXT, status TEXT,                             count INT, date TEXT) ENGINE=InnoDB DEFAULT CHARSET=utf8:successful"
2023-02-02 05:51:53 I Platf Print           "DELETE FROM tests WHERE date='2023-02-02':successful"
2023-02-02 05:51:53 I Platf Print           "SELECT testplan_id FROM tests GROUP BY testplan_id:successful"
2023-02-02 05:51:53 I Platf Print           "SELECT testplan_name FROM tests WHERE testplan_id=6793283 LIMIT 1:successful"
2023-02-02 05:51:53 I Platf Print           "UPDATE tests SET testplan_status='Active' WHERE testplan_id=6793283:successful"
2023-02-02 05:51:53 I Platf Print           "SELECT testplan_name FROM tests WHERE testplan_id=7112670 LIMIT 1:successful"
2023-02-02 05:51:53 I Platf Print           "UPDATE tests SET testplan_status='Active' WHERE testplan_id=7112670:successful"
2023-02-02 05:51:53 I Platf Print           "SELECT testplan_name FROM tests WHERE testplan_id=3608493 LIMIT 1:successful"
2023-02-02 05:51:53 I Platf Print           "UPDATE tests SET testplan_status='Inactive' WHERE testplan_id=3608493:successful"
2023-02-02 05:51:53 I Platf Print           "SELECT testplan_name FROM tests WHERE testplan_id=3870549 LIMIT 1:successful"
2023-02-02 05:51:53 I Platf Print           "UPDATE tests SET testplan_status='Inactive' WHERE testplan_id=3870549:successful"
2023-02-02 05:51:53 I Platf Print           "SELECT testplan_name FROM tests WHERE testplan_id=4138318 LIMIT 1:successful"
2023-02-02 05:51:53 I Platf Print           "UPDATE tests SET testplan_status='Inactive' WHERE testplan_id=4138318:successful"
2023-02-02 05:51:53 I Platf Print           "SELECT testplan_name FROM tests WHERE testplan_id=4583478 LIMIT 1:successful"
2023-02-02 05:51:53 I Platf Print           "UPDATE tests SET testplan_status='Inactive' WHERE testplan_id=4583478:successful"
2023-02-02 05:51:53 I Platf Print           "SELECT testplan_name FROM tests WHERE testplan_id=4987359 LIMIT 1:successful"
2023-02-02 05:51:53 I Platf Print           "UPDATE tests SET testplan_status='Inactive' WHERE testplan_id=4987359:successful"
2023-02-02 05:51:53 I Platf Print           "SELECT testplan_name FROM tests WHERE testplan_id=5455692 LIMIT 1:successful"
2023-02-02 05:51:53 I Platf Print           "UPDATE tests SET testplan_status='Inactive' WHERE testplan_id=5455692:successful"
2023-02-02 05:51:53 I Platf Print           "SELECT testplan_name FROM tests WHERE testplan_id=6019896 LIMIT 1:successful"
2023-02-02 05:51:53 I Platf Print           "UPDATE tests SET testplan_status='Inactive' WHERE testplan_id=6019896:successful"
2023-02-02 05:51:53 I Platf Print           "SELECT testplan_name FROM tests WHERE testplan_id=6872714 LIMIT 1:successful"
2023-02-02 05:51:53 I Platf Print           "UPDATE tests SET testplan_status='Inactive' WHERE testplan_id=6872714:successful"
2023-02-02 05:51:53 I Platf Print           "SELECT testplan_name FROM tests WHERE testplan_id=7448256 LIMIT 1:successful"
2023-02-02 05:51:54 I Platf Print           "UPDATE tests SET testplan_status='Inactive' WHERE testplan_id=7448256:successful"
2023-02-02 05:51:54 I Platf Print           "SELECT testplan_name FROM tests WHERE testplan_id=8028924 LIMIT 1:successful"
2023-02-02 05:51:54 I Platf Print           "UPDATE tests SET testplan_status='Inactive' WHERE testplan_id=8028924:successful"
2023-02-02 05:51:54 I Platf Print           "SELECT testplan_name FROM tests WHERE testplan_id=8254744 LIMIT 1:successful"
2023-02-02 05:51:54 I Platf Print           "UPDATE tests SET testplan_status='Inactive' WHERE testplan_id=8254744:successful"
2023-02-02 05:51:54 I Platf Print           "SELECT testplan_name FROM tests WHERE testplan_id=8554041 LIMIT 1:successful"
2023-02-02 05:51:54 I Platf Print           "UPDATE tests SET testplan_status='Inactive' WHERE testplan_id=8554041:successful"
2023-02-02 05:51:54 I Platf Print           "SELECT testplan_name FROM tests WHERE testplan_id=8794015 LIMIT 1:successful"
2023-02-02 05:51:54 I Platf Print           "UPDATE tests SET testplan_status='Inactive' WHERE testplan_id=8794015:successful"
2023-02-02 05:51:54 I Platf Print           "SELECT testplan_name FROM tests WHERE testplan_id=8966403 LIMIT 1:successful"
2023-02-02 05:51:54 I Platf Print           "UPDATE tests SET testplan_status='Inactive' WHERE testplan_id=8966403:successful"
2023-02-02 05:51:54 I Platf Print           "SELECT testplan_name FROM tests WHERE testplan_id=8965518 LIMIT 1:successful"
2023-02-02 05:51:54 I Platf Print           "UPDATE tests SET testplan_status='Inactive' WHERE testplan_id=8965518:successful"
2023-02-02 05:51:54 I Platf Print           "SELECT testplan_name FROM tests WHERE testplan_id=9223737 LIMIT 1:successful"
2023-02-02 05:51:54 I Platf Print           "UPDATE tests SET testplan_status='Inactive' WHERE testplan_id=9223737:successful"
2023-02-02 05:51:54 I Platf Print           "SELECT testplan_name FROM tests WHERE testplan_id=9453235 LIMIT 1:successful"
2023-02-02 05:51:54 I Platf Print           "UPDATE tests SET testplan_status='Active' WHERE testplan_id=9453235:successful"
2023-02-02 05:51:54 I Platf Print           "SELECT testplan_name FROM tests WHERE testplan_id=9690872 LIMIT 1:successful"
2023-02-02 05:51:54 I Platf Print           "UPDATE tests SET testplan_status='Active' WHERE testplan_id=9690872:successful"
2023-02-02 05:51:54 I Platf Print           "SELECT testplan_name FROM tests WHERE testplan_id=10234533 LIMIT 1:successful"
2023-02-02 05:51:54 I Platf Print           "UPDATE tests SET testplan_status='Active' WHERE testplan_id=10234533:successful"
2023-02-02 05:51:54 I Platf Print           "SELECT testplan_name FROM tests WHERE testplan_id=3442668 LIMIT 1:successful"
2023-02-02 05:51:54 I Platf Print           "UPDATE tests SET testplan_status='Inactive' WHERE testplan_id=3442668:successful"
2023-02-02 05:51:54 I Platf Print           "SELECT testplan_name FROM tests WHERE testplan_id=3442677 LIMIT 1:successful"
2023-02-02 05:51:54 I Platf Print           "UPDATE tests SET testplan_status='Inactive' WHERE testplan_id=3442677:successful"
2023-02-02 05:51:54 I Platf Print           "SELECT testplan_name FROM tests WHERE testplan_id=7953411 LIMIT 1:successful"
2023-02-02 05:51:54 I Platf Print           "UPDATE tests SET testplan_status='Inactive' WHERE testplan_id=7953411:successful"
2023-02-02 05:51:54 I Platf Print           "SELECT testplan_name FROM tests WHERE testplan_id=8532732 LIMIT 1:successful"
2023-02-02 05:51:54 I Platf Print           "UPDATE tests SET testplan_status='Inactive' WHERE testplan_id=8532732:successful"
2023-02-02 05:51:54 I Platf Print           "SELECT testplan_name FROM tests WHERE testplan_id=8585561 LIMIT 1:successful"
2023-02-02 05:51:54 I Platf Print           "UPDATE tests SET testplan_status='Inactive' WHERE testplan_id=8585561:successful"
2023-02-02 05:51:54 I Platf Print           "SELECT testplan_name FROM tests WHERE testplan_id=3442669 LIMIT 1:successful"
2023-02-02 05:51:54 I Platf Print           "UPDATE tests SET testplan_status='Inactive' WHERE testplan_id=3442669:successful"
2023-02-02 05:51:54 I Platf Print           "SELECT testplan_name FROM tests WHERE testplan_id=3412181 LIMIT 1:successful"
2023-02-02 05:51:54 I Platf Print           "UPDATE tests SET testplan_status='Inactive' WHERE testplan_id=3412181:successful"
2023-02-02 05:51:54 I Platf Print           "SELECT testplan_name FROM tests WHERE testplan_id=3402893 LIMIT 1:successful"
2023-02-02 05:51:54 I Platf Print           "UPDATE tests SET testplan_status='Inactive' WHERE testplan_id=3402893:successful"
2023-02-02 05:51:54 I Platf Print           "INSERT INTO tests (testplan_id, testplan_name, testplan_status, rel, status, count, date) SELECT testplan_id, testplan_name, 'Active' as testplan_status, rel, status, count((@rn := @rn + 1)) as count, '2023-02-02' as date FROM testcases cross join (select @rn := 0) const GROUP BY testplan_id, rel, status:successful"
2023-02-02 05:51:54 I Platf update_database "Insert tests table successful"
2023-02-02 05:51:54 I Platf Print           "CREATE TABLE IF NOT EXISTS testapproval (                                 rel TEXT, team TEXT, status TEXT, upstream TEXT, count INT, date TEXT                                 ) ENGINE=InnoDB DEFAULT CHARSET=utf8:successful"
2023-02-02 05:51:54 I Platf Print           "DROP TABLE IF EXISTS alltestapproval:successful"
2023-02-02 05:51:54 I Platf Print           "CREATE TABLE IF NOT EXISTS alltestapproval (                                 id INT, uniqueid TEXT, name TEXT, status TEXT, rel TEXT, team TEXT, upstream TEXT                                 ) ENGINE=InnoDB DEFAULT CHARSET=utf8:successful"
2023-02-02 05:51:55 I Platf Print           "DELETE FROM testapproval WHERE date='2023-02-02':successful"
2023-02-02 05:51:55 I Platf Print           "INSERT INTO testapproval (rel, team, status, count, date, upstream) SELECT rel, team, status, count((@rn := @rn + 1)) as count, '2023-02-02' as date, upstream FROM alltestapproval cross join (select @rn := 0) const GROUP BY rel, team, status, upstream:successful"
2023-02-02 05:52:01 I Platf Get_allfeatuers "[]"
2023-02-02 05:52:01 I Platf Print           "CREATE TABLE IF NOT EXISTS features (                                rel TEXT, status TEXT, count INT, date TEXT) ENGINE=InnoDB DEFAULT CHARSET=utf8:successful"
2023-02-02 05:52:01 I Platf Print           "CREATE TABLE IF NOT EXISTS allfeatures (                                id INT, uniqueid TEXT, name TEXT, status TEXT, rel TEXT,test_status TEXT) ENGINE=InnoDB DEFAULT CHARSET=utf8:successful"
2023-02-02 05:52:01 I Platf Print           "DELETE FROM features WHERE date='2023-02-02':successful"
2023-02-02 05:52:01 I Platf Print           "DELETE FROM allfeatures WHERE id=18618060:successful"
2023-02-02 05:52:01 I Platf Print           "DELETE FROM allfeatures WHERE id=18617967:successful"
2023-02-02 05:52:01 I Platf Print           "DELETE FROM allfeatures WHERE id=18617931:successful"
2023-02-02 05:52:01 I Platf Print           "DELETE FROM allfeatures WHERE id=17782609:successful"
2023-02-02 05:52:01 I Platf Print           "DELETE FROM allfeatures WHERE id=16707180:successful"
2023-02-02 05:52:01 I Platf Print           "DELETE FROM allfeatures WHERE id=16637026:successful"
2023-02-02 05:52:01 I Platf Print           "DELETE FROM allfeatures WHERE id=16637025:successful"
2023-02-02 05:52:01 I Platf Print           "DELETE FROM allfeatures WHERE id=15317972:successful"
2023-02-02 05:52:01 I Platf Print           "DELETE FROM allfeatures WHERE id=10510542:successful"
2023-02-02 05:52:01 I Platf Print           "DELETE FROM allfeatures WHERE id=10510413:successful"
2023-02-02 05:52:01 I Platf Print           "DELETE FROM allfeatures WHERE id=10499864:successful"
2023-02-02 05:52:01 I Platf Print           "DELETE FROM allfeatures WHERE id=9202026:successful"
2023-02-02 05:52:01 I Platf Print           "DELETE FROM allfeatures WHERE id=7662173:successful"
2023-02-02 05:52:01 I Platf Print           "DELETE FROM allfeatures WHERE id=7628983:successful"
2023-02-02 05:52:01 I Platf Print           "DELETE FROM allfeatures WHERE id=7478701:successful"
2023-02-02 05:52:01 I Platf Print           "DELETE FROM allfeatures WHERE id=7390304:successful"
2023-02-02 05:52:01 I Platf Print           "DELETE FROM allfeatures WHERE id=7389698:successful"
2023-02-02 05:52:01 I Platf Print           "DELETE FROM allfeatures WHERE id=7388742:successful"
2023-02-02 05:52:01 I Platf Print           "DELETE FROM allfeatures WHERE id=7388713:successful"
2023-02-02 05:52:01 I Platf Print           "DELETE FROM allfeatures WHERE id=7282380:successful"
2023-02-02 05:52:01 I Platf Print           "DELETE FROM allfeatures WHERE id=7200888:successful"
2023-02-02 05:52:01 I Platf Print           "DELETE FROM allfeatures WHERE id=7200883:successful"
2023-02-02 05:52:01 I Platf Print           "DELETE FROM allfeatures WHERE id=7200371:successful"
2023-02-02 05:52:01 I Platf Print           "DELETE FROM allfeatures WHERE id=7088698:successful"
2023-02-02 05:52:01 I Platf Print           "DELETE FROM allfeatures WHERE id=7084115:successful"
2023-02-02 05:52:01 I Platf Print           "DELETE FROM allfeatures WHERE id=7031833:successful"
2023-02-02 05:52:01 I Platf Print           "DELETE FROM allfeatures WHERE id=7031813:successful"
2023-02-02 05:52:01 I Platf Print           "DELETE FROM allfeatures WHERE id=7031781:successful"
2023-02-02 05:52:01 I Platf Print           "DELETE FROM allfeatures WHERE id=7031777:successful"
2023-02-02 05:52:01 I Platf Print           "DELETE FROM allfeatures WHERE id=7031772:successful"
2023-02-02 05:52:01 I Platf Print           "DELETE FROM allfeatures WHERE id=7031768:successful"
2023-02-02 05:52:01 I Platf Print           "DELETE FROM allfeatures WHERE id=7031764:successful"
2023-02-02 05:52:01 I Platf Print           "DELETE FROM allfeatures WHERE id=7031758:successful"
2023-02-02 05:52:01 I Platf Print           "DELETE FROM allfeatures WHERE id=7031745:successful"
2023-02-02 05:52:01 I Platf Print           "DELETE FROM allfeatures WHERE id=7031739:successful"
2023-02-02 05:52:01 I Platf Print           "DELETE FROM allfeatures WHERE id=7031736:successful"
2023-02-02 05:52:01 I Platf Print           "DELETE FROM allfeatures WHERE id=7031731:successful"
2023-02-02 05:52:01 I Platf Print           "DELETE FROM allfeatures WHERE id=7031727:successful"
2023-02-02 05:52:01 I Platf Print           "DELETE FROM allfeatures WHERE id=7031723:successful"
2023-02-02 05:52:01 I Platf Print           "DELETE FROM allfeatures WHERE id=7031720:successful"
2023-02-02 05:52:01 I Platf Print           "DELETE FROM allfeatures WHERE id=7031717:successful"
2023-02-02 05:52:01 I Platf Print           "DELETE FROM allfeatures WHERE id=7031714:successful"
2023-02-02 05:52:01 I Platf Print           "DELETE FROM allfeatures WHERE id=7031711:successful"
2023-02-02 05:52:01 I Platf Print           "DELETE FROM allfeatures WHERE id=7031675:successful"
2023-02-02 05:52:01 I Platf Print           "DELETE FROM allfeatures WHERE id=7031674:successful"
2023-02-02 05:52:01 I Platf Print           "DELETE FROM allfeatures WHERE id=7031673:successful"
2023-02-02 05:52:01 I Platf Print           "DELETE FROM allfeatures WHERE id=7031672:successful"
2023-02-02 05:52:01 I Platf Print           "DELETE FROM allfeatures WHERE id=7005439:successful"
2023-02-02 05:52:01 I Platf Print           "INSERT INTO features (rel, status, count, date)                                 SELECT rel, status, count((@rn := @rn + 1)) as count, '2023-02-02' as date FROM allfeatures cross join (select @rn := 0) const GROUP BY rel, status:successful"
2023-02-02 05:52:02 I Platf Get_allchangere "[]"
2023-02-02 05:52:02 I Platf Print           "CREATE TABLE IF NOT EXISTS changes (                                 rel TEXT, status TEXT, priority TEXT,                                 requester TEXT, date TEXT, count INT) ENGINE=InnoDB DEFAULT CHARSET=utf8:successful"
2023-02-02 05:52:02 I Platf Print           "CREATE TABLE IF NOT EXISTS allchanges (                                 id INT, uniqueid TEXT, name TEXT,                                 status TEXT, rel TEXT, priority TEXT,                                 requester TEXT) ENGINE=InnoDB DEFAULT CHARSET=utf8:successful"
2023-02-02 05:52:02 I Platf Print           "DELETE FROM changes WHERE date='2023-02-02':successful"
2023-02-02 05:52:02 I Platf Print           "INSERT INTO changes (                                 rel, status, priority, requester, date, count)                                 SELECT rel, status, priority, requester, '2023-02-02' as date, count((@rn := @rn + 1)) as count FROM allchanges                                 cross join (select @rn := 0) const GROUP BY rel, status, priority, requester:successful"
2023-02-02 05:52:04 I Platf Print           "CREATE TABLE IF NOT EXISTS designspec (                            rel TEXT, team TEXT, status TEXT, count INT, date text) ENGINE=InnoDB DEFAULT CHARSET=utf8:successful"
2023-02-02 05:52:04 I Platf Print           "CREATE TABLE IF NOT EXISTS alldesignspec (                             id INT, uniqueid TEXT, name TEXT, status TEXT, rel TEXT, team TEXT) ENGINE=InnoDB DEFAULT CHARSET=utf8:successful"
2023-02-02 05:52:04 I Platf Print           "DELETE FROM designspec WHERE date='2023-02-02':successful"
2023-02-02 05:52:04 I Platf Print           "INSERT INTO designspec (rel, team, status, count, date) SELECT rel, team, status, count((@rn := @rn + 1)) as count, '2023-02-02' as date FROM alldesignspec cross join (select @rn := 0) const GROUP BY rel, team, status:successful"
2023-02-02 05:52:09 I Platf Get_alluserstor "[]"
2023-02-02 05:52:09 I Platf Print           "CREATE TABLE IF NOT EXISTS userstories (                 rel TEXT, status TEXT, count INT, date TEXT) ENGINE=InnoDB DEFAULT CHARSET=utf8:successful"
2023-02-02 05:52:09 I Platf Print           "CREATE TABLE IF NOT EXISTS alluserstories (                 id INT, uniqueid TEXT, name TEXT, status TEXT, rel TEXT) ENGINE=InnoDB DEFAULT CHARSET=utf8:successful"
2023-02-02 05:52:09 I Platf Print           "DELETE FROM userstories WHERE date='2023-02-02':successful"
2023-02-02 05:52:09 I Platf Print           "INSERT INTO userstories (rel, status, count, date) SELECT rel, status, count((@rn := @rn + 1)) as count, '2023-02-02' as date FROM alluserstories cross join (select @rn := 0) const GROUP BY rel, status:successful"
2023-02-02 05:54:17 I Platf Get_alldefects  "[{'id': 9355737, 'name': '[USB Headset2][USB Headset5] Separate volume for music and call. Volume not shown correctly on PC when going from call to idle', 'documentKey': 'PlC-BUG-638', 'statusId': 156536, 'status': 'Open', 'teamId': 156569, 'team': 'ESW DECT', 'priorityId': 156533, 'priority': 'Major', 'upstream': '4753513, 4755340, 9334738, 9343459, 9573054, 9941837, 10289181, 9343078, 9572688, 9941482, 10288828, 9343331, 9572908, 9941674, 10288958, 10288891', 'jira': 'https://jabra1.atlassian.net/browse/COUGA-4899'}, {'id': 9419729, 'name': '[Desk Phone Hub]Change volume from HS not smoothly', 'documentKey': 'PlC-BUG-656', 'statusId': 156536, 'status': 'Open', 'teamId': 156569, 'team': 'ESW DECT', 'priorityId': 156533, 'priority': 'Major', 'upstream': '', 'jira': 'https://jabra1.atlassian.net/browse/COUGA-4958'}, {'id': 9593510, 'name': "[PL Dect Device2]HS can't be powered off when in call", 'documentKey': 'PlC-BUG-682', 'statusId': 156538, 'status': 'Closed', 'teamId': 156569, 'team': 'ESW DECT', 'priorityId': 156534, 'priority': 'Minor', 'upstream': '', 'jira': 'https://jabra1.atlassian.net/browse/COUGA-5149'}, {'id': 9985491, 'name': '[USB Headset2] Device no reply to GNP command and reboot after change volume from device in rare time', 'documentKey': 'PlC-BUG-744', 'statusId': 156537, 'status': 'Resolved', 'teamId': 156569, 'team': 'ESW DECT', 'priorityId': 156534, 'priority': 'Minor', 'upstream': '', 'jira': 'https://jabra1.atlassian.net/browse/COUGA-5652'}, {'id': 10141908, 'name': 'CLONE - [Dect Device][BT IOP]Fail to restore volume after rebooting from time to time', 'documentKey': 'PlC-BUG-775', 'statusId': 156536, 'status': 'Open', 'teamId': 156569, 'team': 'ESW DECT', 'priorityId': 156534, 'priority': 'Minor', 'upstream': '9883889, 10192106, 10297981', 'jira': 'https://jabra1.atlassian.net/browse/COUGA-5823'}, {'id': 10179865, 'name': 'Sometimes, RIOA base go into DFU mode and get panic', 'documentKey': 'PlC-BUG-778', 'statusId': 156538, 'status': 'Closed', 'teamId': 156569, 'team': 'ESW DECT', 'priorityId': 156535, 'priority': 'Trivial', 'upstream': '', 'jira': 'https://jabra1.atlassian.net/browse/COUGA-5871'}, {'id': 10198713, 'name': '[USB Headset2] Darwin got panic code many times and went into DFU mode for unknown reason', 'documentKey': 'PlC-BUG-782', 'statusId': 156538, 'status': 'Closed', 'teamId': 156569, 'team': 'ESW DECT', 'priorityId': 156534, 'priority': 'Minor', 'upstream': '', 'jira': 'https://jabra1.atlassian.net/browse/COUGA-5888'}, {'id': 10246616, 'name': 'Speakerphone version of s2 unittest fails frequently', 'documentKey': 'PlC-BUG-791', 'statusId': 156538, 'status': 'Closed', 'teamId': 156569, 'team': 'ESW DECT', 'priorityId': 156533, 'priority': 'Major', 'upstream': '', 'jira': 'https://jabra1.atlassian.net/browse/COUGA-5952'}, {'id': 10293627, 'name': '[USB Headset] device reboot when reach the volume max and keep rotating the volume button clockwise quickly', 'documentKey': 'PlC-BUG-799', 'statusId': 156536, 'status': 'Open', 'teamId': 156569, 'team': 'ESW DECT', 'priorityId': 156534, 'priority': 'Minor', 'upstream': '', 'jira': 'https://jabra1.atlassian.net/browse/COUGA-5995'}, {'id': 10334408, 'name': '[Dect Device][Dect Device2]It failed to query IDENT,BUILD_INFO via Add.0x04', 'documentKey': 'PlC-BUG-812', 'statusId': 156538, 'status': 'Closed', 'teamId': 156569, 'team': 'ESW DECT', 'priorityId': 156535, 'priority': 'Trivial', 'upstream': '', 'jira': 'https://jabra1.atlassian.net/browse/COUGA-6055'}, {'id': 10418062, 'name': '[Desk_Phone_Hub]Answer a Jabber call, the call will be muted automatically', 'documentKey': 'PlC-BUG-817', 'statusId': 156538, 'status': 'Closed', 'teamId': 156569, 'team': 'ESW DECT', 'priorityId': 156535, 'priority': 'Trivial', 'upstream': '', 'jira': 'https://jabra1.atlassian.net/browse/COUGA-6098'}, {'id': 10421377, 'name': '[Dect Device][Dect Device2]It failed to query IDENT,BUILD_INFO via Add.0x04', 'documentKey': 'PlC-BUG-818', 'statusId': 156538, 'status': 'Closed', 'teamId': 156569, 'team': 'ESW DECT', 'priorityId': 156535, 'priority': 'Trivial', 'upstream': '', 'jira': 'https://jabra1.atlassian.net/browse/COUGA-6099'}, {'id': 10423504, 'name': 'Dependencies in DSP build is not working correctly for Moonraker/Goldfinger', 'documentKey': 'PlC-BUG-819', 'statusId': 156537, 'status': 'Resolved', 'teamId': 156853, 'team': 'Audio Engineering', 'priorityId': 156532, 'priority': 'Critical', 'upstream': '', 'jira': 'https://jabra1.atlassian.net/browse/COUGA-6107'}, {'id': 10423567, 'name': 'Bastet Problem in firmware. Device has problems in showing up after Firmware update ', 'documentKey': 'PlC-BUG-820', 'statusId': 156536, 'status': 'Open', 'teamId': 156569, 'team': 'ESW DECT', 'priorityId': 156532, 'priority': 'Critical', 'upstream': '', 'jira': 'https://jabra1.atlassian.net/browse/COUGA-6108'}, {'id': 10434079, 'name': 'Darwin master fails FWU suite', 'documentKey': 'PlC-BUG-821', 'statusId': 156536, 'status': 'Open', 'teamId': 156569, 'team': 'ESW DECT', 'priorityId': 156533, 'priority': 'Major', 'upstream': '', 'jira': 'https://jabra1.atlassian.net/browse/COUGA-6115'}, {'id': 10434125, 'name': 'Bastet Panics re-introduced. Configurations not read correctly', 'documentKey': 'PlC-BUG-822', 'statusId': 156538, 'status': 'Closed', 'teamId': 156569, 'team': 'ESW DECT', 'priorityId': 156533, 'priority': 'Major', 'upstream': '', 'jira': 'https://jabra1.atlassian.net/browse/COUGA-6118'}, {'id': 10443719, 'name': '[USB Headset]device reboot when stress mute-unmute from SP', 'documentKey': 'PlC-BUG-823', 'statusId': 156536, 'status': 'Open', 'teamId': 156569, 'team': 'ESW DECT', 'priorityId': 156533, 'priority': 'Major', 'upstream': '', 'jira': 'https://jabra1.atlassian.net/browse/COUGA-6165'}, {'id': 10444180, 'name': '[USB Headset]device reboot when repeat change volume between volume max and volume min quickly before finish enumeration', 'documentKey': 'PlC-BUG-824', 'statusId': 156536, 'status': 'Open', 'teamId': 156569, 'team': 'ESW DECT', 'priorityId': 156534, 'priority': 'Minor', 'upstream': '', 'jira': 'https://jabra1.atlassian.net/browse/COUGA-6166'}, {'id': 10446699, 'name': '[USB Headset] sound effects missing sometimes', 'documentKey': 'PlC-BUG-825', 'statusId': 156536, 'status': 'Open', 'teamId': 156569, 'team': 'ESW DECT', 'priorityId': 156532, 'priority': 'Critical', 'upstream': '', 'jira': 'https://jabra1.atlassian.net/browse/COUGA-6172'}, {'id': 10447438, 'name': 'LUNA - Test development', 'documentKey': 'PlC-BUG-826', 'statusId': 156536, 'status': 'Open', 'teamId': 156569, 'team': 'ESW DECT', 'priorityId': 156535, 'priority': 'Trivial', 'upstream': '', 'jira': 'https://jabra1.atlassian.net/browse/COUGA-6176'}, {'id': 10447440, 'name': 'Make - fundamentals', 'documentKey': 'PlC-BUG-827', 'statusId': 156536, 'status': 'Open', 'teamId': 156569, 'team': 'ESW DECT', 'priorityId': 156535, 'priority': 'Trivial', 'upstream': '', 'jira': 'https://jabra1.atlassian.net/browse/COUGA-6177'}, {'id': 10447442, 'name': 'Make - the GN way', 'documentKey': 'PlC-BUG-828', 'statusId': 156536, 'status': 'Open', 'teamId': 156569, 'team': 'ESW DECT', 'priorityId': 156535, 'priority': 'Trivial', 'upstream': '', 'jira': 'https://jabra1.atlassian.net/browse/COUGA-6178'}, {'id': 10447443, 'name': 'Regular expressions', 'documentKey': 'PlC-BUG-829', 'statusId': 156536, 'status': 'Open', 'teamId': 156569, 'team': 'ESW DECT', 'priorityId': 156535, 'priority': 'Trivial', 'upstream': '', 'jira': 'https://jabra1.atlassian.net/browse/COUGA-6179'}, {'id': 10447444, 'name': 'DECT fundamentals', 'documentKey': 'PlC-BUG-830', 'statusId': 156536, 'status': 'Open', 'teamId': 156569, 'team': 'ESW DECT', 'priorityId': 156535, 'priority': 'Trivial', 'upstream': '', 'jira': 'https://jabra1.atlassian.net/browse/COUGA-6180'}, {'id': 10447445, 'name': 'DECT advanced', 'documentKey': 'PlC-BUG-831', 'statusId': 156536, 'status': 'Open', 'teamId': 156569, 'team': 'ESW DECT', 'priorityId': 156535, 'priority': 'Trivial', 'upstream': '', 'jira': 'https://jabra1.atlassian.net/browse/COUGA-6181'}, {'id': 10447447, 'name': 'Resources (Texts, voice prompts)', 'documentKey': 'PlC-BUG-832', 'statusId': 156536, 'status': 'Open', 'teamId': 156569, 'team': 'ESW DECT', 'priorityId': 156535, 'priority': 'Trivial', 'upstream': '', 'jira': 'https://jabra1.atlassian.net/browse/COUGA-6182'}, {'id': 10447450, 'name': 'Good histories from GN', 'documentKey': 'PlC-BUG-833', 'statusId': 156536, 'status': 'Open', 'teamId': 156569, 'team': 'ESW DECT', 'priorityId': 156535, 'priority': 'Trivial', 'upstream': '', 'jira': 'https://jabra1.atlassian.net/browse/COUGA-6183'}, {'id': 10447451, 'name': 'Unit test presentation', 'documentKey': 'PlC-BUG-834', 'statusId': 156536, 'status': 'Open', 'teamId': 156569, 'team': 'ESW DECT', 'priorityId': 156535, 'priority': 'Trivial', 'upstream': '', 'jira': 'https://jabra1.atlassian.net/browse/COUGA-6184'}, {'id': 10447452, 'name': 'Hard phones', 'documentKey': 'PlC-BUG-835', 'statusId': 156536, 'status': 'Open', 'teamId': 156569, 'team': 'ESW DECT', 'priorityId': 156535, 'priority': 'Trivial', 'upstream': '', 'jira': 'https://jabra1.atlassian.net/browse/COUGA-6186'}, {'id': 10447453, 'name': 'FL7 / GNUPI', 'documentKey': 'PlC-BUG-836', 'statusId': 156536, 'status': 'Open', 'teamId': 156569, 'team': 'ESW DECT', 'priorityId': 156535, 'priority': 'Trivial', 'upstream': '', 'jira': 'https://jabra1.atlassian.net/browse/COUGA-6185'}, {'id': 10451673, 'name': 'Rio master reports Error and Failed on Testcase_gnp_config_subcmd', 'documentKey': 'PlC-BUG-837', 'statusId': 156538, 'status': 'Closed', 'teamId': 156569, 'team': 'ESW DECT', 'priorityId': 156533, 'priority': 'Major', 'upstream': '', 'jira': 'https://jabra1.atlassian.net/browse/COUGA-6189'}, {'id': 10452712, 'name': 'Bastet testcase_twc_sp fails flash signaling', 'documentKey': 'PlC-BUG-838', 'statusId': 156536, 'status': 'Open', 'teamId': 156569, 'team': 'ESW DECT', 'priorityId': 156532, 'priority': 'Critical', 'upstream': '', 'jira': 'https://jabra1.atlassian.net/browse/COUGA-6192'}, {'id': 10456031, 'name': 'LOG_STATUS not enabled on Bastet', 'documentKey': 'PlC-BUG-839', 'statusId': 156536, 'status': 'Open', 'teamId': 156569, 'team': 'ESW DECT', 'priorityId': 156532, 'priority': 'Critical', 'upstream': '', 'jira': 'https://jabra1.atlassian.net/browse/COUGA-6203'}, {'id': 10456050, 'name': 'CALL EQUALIZER not working on Bastet', 'documentKey': 'PlC-BUG-840', 'statusId': 156538, 'status': 'Closed', 'teamId': 156569, 'team': 'ESW DECT', 'priorityId': 156532, 'priority': 'Critical', 'upstream': '', 'jira': 'https://jabra1.atlassian.net/browse/COUGA-6204'}, {'id': 10456071, 'name': 'MUSIC_EQUALIZER not working on Bastet', 'documentKey': 'PlC-BUG-841', 'statusId': 156538, 'status': 'Closed', 'teamId': 156569, 'team': 'ESW DECT', 'priorityId': 156533, 'priority': 'Major', 'upstream': '', 'jira': 'https://jabra1.atlassian.net/browse/COUGA-6205'}, {'id': 10456077, 'name': 'GNP_HEADSET_RINGER not working on Bastet', 'documentKey': 'PlC-BUG-842', 'statusId': 156538, 'status': 'Closed', 'teamId': 156569, 'team': 'ESW DECT', 'priorityId': 156532, 'priority': 'Critical', 'upstream': '', 'jira': 'https://jabra1.atlassian.net/browse/COUGA-6206'}, {'id': 10460581, 'name': 'Bastet Reset not answering on GNP Read', 'documentKey': 'PlC-BUG-843', 'statusId': 156536, 'status': 'Open', 'teamId': 156569, 'team': 'ESW DECT', 'priorityId': 156533, 'priority': 'Major', 'upstream': '', 'jira': 'https://jabra1.atlassian.net/browse/COUGA-6212'}, {'id': 10460734, 'name': 'busan on the VP branch is having issues with the arm3 licens', 'documentKey': 'PlC-BUG-844', 'statusId': 156538, 'status': 'Closed', 'teamId': 156569, 'team': 'ESW DECT', 'priorityId': 156535, 'priority': 'Trivial', 'upstream': '', 'jira': 'https://jabra1.atlassian.net/browse/COUGA-6214'}, {'id': 10461248, 'name': 'Device sends invalid Speech_Analysis event on first event', 'documentKey': 'PlC-BUG-845', 'statusId': 156536, 'status': 'Open', 'teamId': 156569, 'team': 'ESW DECT', 'priorityId': 156535, 'priority': 'Trivial', 'upstream': '', 'jira': 'https://jabra1.atlassian.net/browse/COUGA-6228'}, {'id': 10462891, 'name': 'mkHash.py output too much on stdout if git has warnings', 'documentKey': 'PlC-BUG-846', 'statusId': 156538, 'status': 'Closed', 'teamId': 156569, 'team': 'ESW DECT', 'priorityId': 156535, 'priority': 'Trivial', 'upstream': '', 'jira': 'https://jabra1.atlassian.net/browse/COUGA-6234'}, {'id': 10467213, 'name': 'gtest does not work on Rio devices and is not run in Nightly_build', 'documentKey': 'PlC-BUG-847', 'statusId': 156536, 'status': 'Open', 'teamId': 156569, 'team': 'ESW DECT', 'priorityId': 156535, 'priority': 'Trivial', 'upstream': '', 'jira': 'https://jabra1.atlassian.net/browse/COUGA-6251'}, {'id': 10468179, 'name': 'Bastet USER_ACTION_EVENT does not react on the emulated button presses nor real button presses.', 'documentKey': 'PlC-BUG-848', 'statusId': 156536, 'status': 'Open', 'teamId': 156569, 'team': 'ESW DECT', 'priorityId': 156533, 'priority': 'Major', 'upstream': '', 'jira': 'https://jabra1.atlassian.net/browse/COUGA-6256'}, {'id': 10468180, 'name': '[Bastet] USB starts up sometimes just before platform is running', 'documentKey': 'PlC-BUG-849', 'statusId': 156536, 'status': 'Open', 'teamId': 156569, 'team': 'ESW DECT', 'priorityId': 156533, 'priority': 'Major', 'upstream': '', 'jira': 'https://jabra1.atlassian.net/browse/COUGA-6255'}, {'id': 10468188, 'name': 'Bastet After Reset, device is not GNP communicating after Attach', 'documentKey': 'PlC-BUG-850', 'statusId': 156536, 'status': 'Open', 'teamId': 156569, 'team': 'ESW DECT', 'priorityId': 156533, 'priority': 'Major', 'upstream': '', 'jira': 'https://jabra1.atlassian.net/browse/COUGA-6257'}, {'id': 10468233, 'name': 'CC-bundle master Spiderman creates a Panic when running Testcase_twc_sp_button_mmi', 'documentKey': 'PlC-BUG-851', 'statusId': 156536, 'status': 'Open', 'teamId': 156569, 'team': 'ESW DECT', 'priorityId': 156533, 'priority': 'Major', 'upstream': '', 'jira': 'https://jabra1.atlassian.net/browse/COUGA-6258'}, {'id': 10469136, 'name': 'Nightly build fix', 'documentKey': 'PlC-BUG-852', 'statusId': 156538, 'status': 'Closed', 'teamId': 156569, 'team': 'ESW DECT', 'priorityId': 156535, 'priority': 'Trivial', 'upstream': '', 'jira': 'https://jabra1.atlassian.net/browse/COUGA-6260'}, {'id': 10476503, 'name': '[USB_Headset5] Goldfinger get panics and reboot 5 times, then go into DFU mode after FWU', 'documentKey': 'PlC-BUG-853', 'statusId': 156539, 'status': 'In Progress', 'teamId': 156569, 'team': 'ESW DECT', 'priorityId': 156532, 'priority': 'Critical', 'upstream': '', 'jira': 'https://jabra1.atlassian.net/browse/COUGA-6279'}, {'id': 10477103, 'name': '[USB Headset]FW version of nightly build decreased, changed from 2.61.7 to 2.61.6', 'documentKey': 'PlC-BUG-854', 'statusId': 156538, 'status': 'Closed', 'teamId': 156569, 'team': 'ESW DECT', 'priorityId': 156535, 'priority': 'Trivial', 'upstream': '', 'jira': 'https://jabra1.atlassian.net/browse/COUGA-6281'}, {'id': 10479575, 'name': '[PL_USB_Headset2] Darwin cannot resume call, device reboot and get a panic.', 'documentKey': 'PlC-BUG-855', 'statusId': 156538, 'status': 'Closed', 'teamId': 156569, 'team': 'ESW DECT', 'priorityId': 156533, 'priority': 'Major', 'upstream': '', 'jira': 'https://jabra1.atlassian.net/browse/COUGA-6286'}, {'id': 10479715, 'name': '[Desk_Phone_Hub]When receive an incoming call, the SPK volume will be set down to 0 automatically.', 'documentKey': 'PlC-BUG-856', 'statusId': 156536, 'status': 'Open', 'teamId': 156569, 'team': 'ESW DECT', 'priorityId': 156533, 'priority': 'Major', 'upstream': '', 'jira': 'https://jabra1.atlassian.net/browse/COUGA-6287'}]"
2023-02-02 05:54:17 I Platf Print           "CREATE TABLE IF NOT EXISTS defects (                     rel TEXT, team TEXT, status TEXT, priority TEXT, count INT, date TEXT) ENGINE=InnoDB DEFAULT CHARSET=utf8:successful"
2023-02-02 05:54:17 I Platf Print           "CREATE TABLE IF NOT EXISTS alldefects (                     id INT, uniqueid TEXT, name TEXT, status TEXT, rel TEXT, team TEXT, priority TEXT, jira TEXT, upstream TEXT) ENGINE=InnoDB DEFAULT CHARSET=utf8:successful"
2023-02-02 05:54:17 I Platf Print           "DELETE FROM defects WHERE date='2023-02-02':successful"
2023-02-02 05:54:17 I Platf Print           "DELETE FROM alldefects WHERE id = 20308015:successful"
2023-02-02 05:54:17 I Platf Print           "DELETE FROM alldefects WHERE id = 9355737:successful"
2023-02-02 05:54:17 I Platf Print           "DELETE FROM alldefects WHERE id = 9419729:successful"
2023-02-02 05:54:17 I Platf Print           "DELETE FROM alldefects WHERE id = 9593510:successful"
2023-02-02 05:54:17 I Platf Print           "DELETE FROM alldefects WHERE id = 9985491:successful"
2023-02-02 05:54:17 I Platf Print           "DELETE FROM alldefects WHERE id = 10141908:successful"
2023-02-02 05:54:17 I Platf Print           "DELETE FROM alldefects WHERE id = 10179865:successful"
2023-02-02 05:54:17 I Platf Print           "DELETE FROM alldefects WHERE id = 10198713:successful"
2023-02-02 05:54:17 I Platf Print           "DELETE FROM alldefects WHERE id = 10246616:successful"
2023-02-02 05:54:17 I Platf Print           "DELETE FROM alldefects WHERE id = 10293627:successful"
2023-02-02 05:54:17 I Platf Print           "DELETE FROM alldefects WHERE id = 10334408:successful"
2023-02-02 05:54:17 I Platf Print           "DELETE FROM alldefects WHERE id = 10418062:successful"
2023-02-02 05:54:17 I Platf Print           "DELETE FROM alldefects WHERE id = 10421377:successful"
2023-02-02 05:54:17 I Platf Print           "DELETE FROM alldefects WHERE id = 10423504:successful"
2023-02-02 05:54:17 I Platf Print           "DELETE FROM alldefects WHERE id = 10423567:successful"
2023-02-02 05:54:17 I Platf Print           "DELETE FROM alldefects WHERE id = 10434079:successful"
2023-02-02 05:54:17 I Platf Print           "DELETE FROM alldefects WHERE id = 10434125:successful"
2023-02-02 05:54:17 I Platf Print           "DELETE FROM alldefects WHERE id = 10443719:successful"
2023-02-02 05:54:17 I Platf Print           "DELETE FROM alldefects WHERE id = 10444180:successful"
2023-02-02 05:54:17 I Platf Print           "DELETE FROM alldefects WHERE id = 10446699:successful"
2023-02-02 05:54:17 I Platf Print           "DELETE FROM alldefects WHERE id = 10447438:successful"
2023-02-02 05:54:17 I Platf Print           "DELETE FROM alldefects WHERE id = 10447440:successful"
2023-02-02 05:54:17 I Platf Print           "DELETE FROM alldefects WHERE id = 10447442:successful"
2023-02-02 05:54:17 I Platf Print           "DELETE FROM alldefects WHERE id = 10447443:successful"
2023-02-02 05:54:17 I Platf Print           "DELETE FROM alldefects WHERE id = 10447444:successful"
2023-02-02 05:54:17 I Platf Print           "DELETE FROM alldefects WHERE id = 10447445:successful"
2023-02-02 05:54:17 I Platf Print           "DELETE FROM alldefects WHERE id = 10447447:successful"
2023-02-02 05:54:17 I Platf Print           "DELETE FROM alldefects WHERE id = 10447450:successful"
2023-02-02 05:54:17 I Platf Print           "DELETE FROM alldefects WHERE id = 10447451:successful"
2023-02-02 05:54:17 I Platf Print           "DELETE FROM alldefects WHERE id = 10447452:successful"
2023-02-02 05:54:17 I Platf Print           "DELETE FROM alldefects WHERE id = 10447453:successful"
2023-02-02 05:54:17 I Platf Print           "DELETE FROM alldefects WHERE id = 10451673:successful"
2023-02-02 05:54:17 I Platf Print           "DELETE FROM alldefects WHERE id = 10452712:successful"
2023-02-02 05:54:17 I Platf Print           "DELETE FROM alldefects WHERE id = 10456031:successful"
2023-02-02 05:54:17 I Platf Print           "DELETE FROM alldefects WHERE id = 10456050:successful"
2023-02-02 05:54:17 I Platf Print           "DELETE FROM alldefects WHERE id = 10456071:successful"
2023-02-02 05:54:17 I Platf Print           "DELETE FROM alldefects WHERE id = 10456077:successful"
2023-02-02 05:54:17 I Platf Print           "DELETE FROM alldefects WHERE id = 10460581:successful"
2023-02-02 05:54:17 I Platf Print           "DELETE FROM alldefects WHERE id = 10460734:successful"
2023-02-02 05:54:17 I Platf Print           "DELETE FROM alldefects WHERE id = 10461248:successful"
2023-02-02 05:54:17 I Platf Print           "DELETE FROM alldefects WHERE id = 10462891:successful"
2023-02-02 05:54:17 I Platf Print           "DELETE FROM alldefects WHERE id = 10467213:successful"
2023-02-02 05:54:17 I Platf Print           "DELETE FROM alldefects WHERE id = 10468179:successful"
2023-02-02 05:54:17 I Platf Print           "DELETE FROM alldefects WHERE id = 10468180:successful"
2023-02-02 05:54:17 I Platf Print           "DELETE FROM alldefects WHERE id = 10468188:successful"
2023-02-02 05:54:17 I Platf Print           "DELETE FROM alldefects WHERE id = 10468233:successful"
2023-02-02 05:54:17 I Platf Print           "DELETE FROM alldefects WHERE id = 10469136:successful"
2023-02-02 05:54:17 I Platf Print           "DELETE FROM alldefects WHERE id = 10476503:successful"
2023-02-02 05:54:17 I Platf Print           "DELETE FROM alldefects WHERE id = 10477103:successful"
2023-02-02 05:54:17 I Platf Print           "DELETE FROM alldefects WHERE id = 10479575:successful"
2023-02-02 05:54:17 I Platf Print           "DELETE FROM alldefects WHERE id = 10479715:successful"
2023-02-02 05:54:17 I Platf Print           "Not enough parameters for the SQL statement"
2023-02-02 05:54:17 I Platf Print           "INSERT INTO defects (rel, team, status, count, date, priority) SELECT rel, team, status, count((@rn := @rn + 1)) as count, '2023-02-02' as date, priority FROM alldefects cross join (select @rn := 0) const GROUP BY rel, team, status, priority:successful"
2023-02-02 06:21:01 I Platf get_multipickli "Unassigned don't find the mainteam name from G_parameter"
2023-02-02 06:21:54 I Platf get_multipickli "Unassigned don't find the mainteam name from G_parameter"
2023-02-02 06:24:52 I Platf get_multipickli "Unassigned don't find the mainteam name from G_parameter"
2023-02-02 06:42:42 I Platf get_multipickli "Unassigned don't find the mainteam name from G_parameter"
2023-02-02 06:57:33 I Platf get_multipickli "Unassigned don't find the mainteam name from G_parameter"
2023-02-02 06:57:38 I Platf get_multipickli "Unassigned don't find the mainteam name from G_parameter"
2023-02-02 06:58:05 I Platf get_multipickli "ESW Platform Test don't find the mainteam name from G_parameter"
2023-02-02 07:19:16 I Platf Print           "DROP TABLE IF EXISTS allrequirements:successful"
2023-02-02 07:19:16 I Platf Print           "DROP TABLE IF EXISTS allcoverage:successful"
2023-02-02 07:19:16 I Platf Print           "CREATE TABLE IF NOT EXISTS requirements (                        rel TEXT, status TEXT, count INT, date TEXT) ENGINE=InnoDB DEFAULT CHARSET=utf8:successful"
2023-02-02 07:19:16 I Platf Print           "CREATE TABLE IF NOT EXISTS allrequirements (                        id INT, uniqueid TEXT, name TEXT, status TEXT, rel TEXT, upstream TEXT, downstream TEXT, team TEXT, test_status TEXT) ENGINE=InnoDB DEFAULT CHARSET=utf8:successful"
2023-02-02 07:19:16 I Platf Print           "CREATE TABLE IF NOT EXISTS coverage (                        team text, covered int, expected int, date text) ENGINE=InnoDB DEFAULT CHARSET=utf8:successful"
2023-02-02 07:19:16 I Platf Print           "CREATE TABLE IF NOT EXISTS allcoverage (                        id INT, uniqueid TEXT, name TEXT, status TEXT, rel TEXT, verify TEXT, missing TEXT) ENGINE=InnoDB DEFAULT CHARSET=utf8:successful"
2023-02-02 07:19:16 I Platf Print           "DELETE FROM requirements WHERE date='2023-02-02':successful"
2023-02-02 07:19:16 I Platf Print           "DELETE FROM coverage WHERE date='2023-02-02':successful"
2023-02-02 07:19:16 I Platf Print           "INSERT INTO requirements (rel, status, count, date) SELECT rel, status, count((@rn := @rn + 1)) as count, '2023-02-02' as date FROM allrequirements cross join (select @rn := 0) const GROUP BY rel, status:successful"
2023-02-02 07:19:16 I Platf Print           "CREATE TABLE IF NOT EXISTS feattest (rel TEXT, status TEXT, count TEXT, date TEXT) ENGINE=InnoDB DEFAULT CHARSET=utf8:successful"
2023-02-02 07:19:16 I Platf Print           "CREATE TABLE IF NOT EXISTS reqtest (rel TEXT, status TEXT, count TEXT, date TEXT) ENGINE=InnoDB DEFAULT CHARSET=utf8:successful"
2023-02-02 07:19:16 I Platf Print           "SELECT id FROM allfeatures:successful"
2023-02-02 07:19:16 I Platf Print           "SELECT id,upstream,downstream,team FROM allrequirements:successful"
2023-02-02 07:19:16 I Platf Print           "SELECT id FROM allcoverage:successful"
2023-02-02 07:19:16 I Platf Print           "SELECT * FROM testcases:successful"
