2022-11-11 04:59:18 I Odin  Print           "Connet 20550 successfully!!!"
2022-11-11 04:59:18 I Odin  Get_alltests    "Get project name:Odin id:20550 all testplans"
2022-11-11 04:59:19 I Odin  Get_alltests    "{7979358: {'id': 7979358, 'name': 'Product Verification Test Plan', 'archived': False, 'index': '7979358:Product Verification Test Plan'}, 8559429: {'id': 8559429, 'name': 'UX Test Plan', 'archived': False, 'index': '8559429:UX Test Plan'}}"
2022-11-11 04:59:19 I Odin  Get_alltests    "Get project name:Odin id:20550 all testplans successful!!!"
2022-11-11 05:02:31 I Odin  tidy_alltestcas "101"
2022-11-11 05:03:43 I Odin  Print           "DROP TABLE IF EXISTS testcases:successful"
2022-11-11 05:03:44 I Odin  Print           "CREATE TABLE IF NOT EXISTS testcases (                             testplan_id INT,                             testplan_name TEXT,                             testgroup_id INT,                             testgroup_name TEXT,                             testcycle_id INT,                             testcycle_name TEXT,                             rel TEXT,                             id INT,                             uniqueid TEXT,                             name TEXT,                             status TEXT,                             upstream TEXT,                             downstream TEXT,                             executionDate TEXT) ENGINE=InnoDB DEFAULT CHARSET=utf8:successful"
2022-11-11 05:03:44 I Odin  update_database "Insert testcases table successful"
2022-11-11 05:03:44 I Odin  Print           "CREATE TABLE IF NOT EXISTS tests (                             testplan_id INT,                             testplan_name TEXT,                             testplan_status TEXT,                             rel TEXT, status TEXT,                             count INT, date TEXT) ENGINE=InnoDB DEFAULT CHARSET=utf8:successful"
2022-11-11 05:03:44 I Odin  Print           "DELETE FROM tests WHERE date='2022-11-11':successful"
2022-11-11 05:03:44 I Odin  Print           "SELECT testplan_id FROM tests GROUP BY testplan_id:successful"
2022-11-11 05:03:44 I Odin  Print           "SELECT testplan_name FROM tests WHERE testplan_id=7979358 LIMIT 1:successful"
2022-11-11 05:03:44 I Odin  Print           "UPDATE tests SET testplan_status='Active' WHERE testplan_id=7979358:successful"
2022-11-11 05:03:44 I Odin  Print           "SELECT testplan_name FROM tests WHERE testplan_id=8559429 LIMIT 1:successful"
2022-11-11 05:03:44 I Odin  Print           "UPDATE tests SET testplan_status='Active' WHERE testplan_id=8559429:successful"
2022-11-11 05:03:44 I Odin  Print           "INSERT INTO tests (testplan_id, testplan_name, testplan_status, rel, status, count, date) SELECT testplan_id, testplan_name, 'Active' as testplan_status, rel, status, count((@rn := @rn + 1)) as count, '2022-11-11' as date FROM testcases cross join (select @rn := 0) const GROUP BY testplan_id, rel, status:successful"
2022-11-11 05:03:44 I Odin  update_database "Insert tests table successful"
2022-11-11 05:03:44 I Odin  Print           "CREATE TABLE IF NOT EXISTS testapproval (                                 rel TEXT, team TEXT, status TEXT, upstream TEXT, count INT, date TEXT                                 ) ENGINE=InnoDB DEFAULT CHARSET=utf8:successful"
2022-11-11 05:03:44 I Odin  Print           "DROP TABLE IF EXISTS alltestapproval:successful"
2022-11-11 05:03:44 I Odin  Print           "CREATE TABLE IF NOT EXISTS alltestapproval (                                 id INT, uniqueid TEXT, name TEXT, status TEXT, rel TEXT, team TEXT, upstream TEXT                                 ) ENGINE=InnoDB DEFAULT CHARSET=utf8:successful"
2022-11-11 05:03:44 I Odin  Print           "DELETE FROM testapproval WHERE date='2022-11-11':successful"
2022-11-11 05:03:44 I Odin  Print           "INSERT INTO testapproval (rel, team, status, count, date, upstream) SELECT rel, team, status, count((@rn := @rn + 1)) as count, '2022-11-11' as date, upstream FROM alltestapproval cross join (select @rn := 0) const GROUP BY rel, team, status, upstream:successful"
2022-11-11 05:03:50 I Odin  Get_allfeatuers "[]"
2022-11-11 05:03:50 I Odin  Print           "CREATE TABLE IF NOT EXISTS features (                                rel TEXT, status TEXT, count INT, date TEXT) ENGINE=InnoDB DEFAULT CHARSET=utf8:successful"
2022-11-11 05:03:50 I Odin  Print           "CREATE TABLE IF NOT EXISTS allfeatures (                                id INT, uniqueid TEXT, name TEXT, status TEXT, rel TEXT,test_status TEXT) ENGINE=InnoDB DEFAULT CHARSET=utf8:successful"
2022-11-11 05:03:50 I Odin  Print           "DELETE FROM features WHERE date='2022-11-11':successful"
2022-11-11 05:03:50 I Odin  Print           "DELETE FROM allfeatures WHERE id=20438488:successful"
2022-11-11 05:03:50 I Odin  Print           "DELETE FROM allfeatures WHERE id=20436984:successful"
2022-11-11 05:03:50 I Odin  Print           "DELETE FROM allfeatures WHERE id=20402475:successful"
2022-11-11 05:03:50 I Odin  Print           "DELETE FROM allfeatures WHERE id=20402441:successful"
2022-11-11 05:03:50 I Odin  Print           "DELETE FROM allfeatures WHERE id=20389163:successful"
2022-11-11 05:03:50 I Odin  Print           "DELETE FROM allfeatures WHERE id=20388816:successful"
2022-11-11 05:03:50 I Odin  Print           "DELETE FROM allfeatures WHERE id=20388807:successful"
2022-11-11 05:03:50 I Odin  Print           "DELETE FROM allfeatures WHERE id=20364798:successful"
2022-11-11 05:03:50 I Odin  Print           "DELETE FROM allfeatures WHERE id=20363469:successful"
2022-11-11 05:03:50 I Odin  Print           "DELETE FROM allfeatures WHERE id=19961485:successful"
2022-11-11 05:03:50 I Odin  Print           "DELETE FROM allfeatures WHERE id=19852323:successful"
2022-11-11 05:03:50 I Odin  Print           "DELETE FROM allfeatures WHERE id=17281075:successful"
2022-11-11 05:03:50 I Odin  Print           "DELETE FROM allfeatures WHERE id=16747580:successful"
2022-11-11 05:03:50 I Odin  Print           "DELETE FROM allfeatures WHERE id=16540015:successful"
2022-11-11 05:03:50 I Odin  Print           "DELETE FROM allfeatures WHERE id=16539943:successful"
2022-11-11 05:03:50 I Odin  Print           "DELETE FROM allfeatures WHERE id=16539914:successful"
2022-11-11 05:03:50 I Odin  Print           "DELETE FROM allfeatures WHERE id=15806998:successful"
2022-11-11 05:03:50 I Odin  Print           "DELETE FROM allfeatures WHERE id=15727115:successful"
2022-11-11 05:03:50 I Odin  Print           "DELETE FROM allfeatures WHERE id=15727112:successful"
2022-11-11 05:03:50 I Odin  Print           "DELETE FROM allfeatures WHERE id=15727109:successful"
2022-11-11 05:03:50 I Odin  Print           "DELETE FROM allfeatures WHERE id=15727106:successful"
2022-11-11 05:03:50 I Odin  Print           "DELETE FROM allfeatures WHERE id=15727102:successful"
2022-11-11 05:03:50 I Odin  Print           "DELETE FROM allfeatures WHERE id=15727092:successful"
2022-11-11 05:03:50 I Odin  Print           "DELETE FROM allfeatures WHERE id=15639185:successful"
2022-11-11 05:03:50 I Odin  Print           "DELETE FROM allfeatures WHERE id=15632120:successful"
2022-11-11 05:03:50 I Odin  Print           "DELETE FROM allfeatures WHERE id=15631971:successful"
2022-11-11 05:03:50 I Odin  Print           "DELETE FROM allfeatures WHERE id=15631674:successful"
2022-11-11 05:03:50 I Odin  Print           "DELETE FROM allfeatures WHERE id=15305113:successful"
2022-11-11 05:03:50 I Odin  Print           "DELETE FROM allfeatures WHERE id=15305106:successful"
2022-11-11 05:03:50 I Odin  Print           "DELETE FROM allfeatures WHERE id=15305098:successful"
2022-11-11 05:03:50 I Odin  Print           "DELETE FROM allfeatures WHERE id=15305092:successful"
2022-11-11 05:03:50 I Odin  Print           "DELETE FROM allfeatures WHERE id=15305088:successful"
2022-11-11 05:03:50 I Odin  Print           "DELETE FROM allfeatures WHERE id=15305083:successful"
2022-11-11 05:03:50 I Odin  Print           "DELETE FROM allfeatures WHERE id=15305078:successful"
2022-11-11 05:03:50 I Odin  Print           "DELETE FROM allfeatures WHERE id=15305073:successful"
2022-11-11 05:03:50 I Odin  Print           "DELETE FROM allfeatures WHERE id=15305069:successful"
2022-11-11 05:03:50 I Odin  Print           "DELETE FROM allfeatures WHERE id=15305051:successful"
2022-11-11 05:03:50 I Odin  Print           "DELETE FROM allfeatures WHERE id=15305045:successful"
2022-11-11 05:03:50 I Odin  Print           "DELETE FROM allfeatures WHERE id=15305040:successful"
2022-11-11 05:03:50 I Odin  Print           "DELETE FROM allfeatures WHERE id=15305026:successful"
2022-11-11 05:03:50 I Odin  Print           "DELETE FROM allfeatures WHERE id=15305018:successful"
2022-11-11 05:03:50 I Odin  Print           "DELETE FROM allfeatures WHERE id=15305004:successful"
2022-11-11 05:03:50 I Odin  Print           "DELETE FROM allfeatures WHERE id=15304999:successful"
2022-11-11 05:03:50 I Odin  Print           "DELETE FROM allfeatures WHERE id=15304994:successful"
2022-11-11 05:03:50 I Odin  Print           "DELETE FROM allfeatures WHERE id=15304989:successful"
2022-11-11 05:03:50 I Odin  Print           "DELETE FROM allfeatures WHERE id=15304981:successful"
2022-11-11 05:03:50 I Odin  Print           "DELETE FROM allfeatures WHERE id=15304975:successful"
2022-11-11 05:03:50 I Odin  Print           "DELETE FROM allfeatures WHERE id=15304966:successful"
2022-11-11 05:03:50 I Odin  Print           "DELETE FROM allfeatures WHERE id=15304943:successful"
2022-11-11 05:03:50 I Odin  Print           "DELETE FROM allfeatures WHERE id=15083052:successful"
2022-11-11 05:03:50 I Odin  Print           "INSERT INTO features (rel, status, count, date)                                 SELECT rel, status, count((@rn := @rn + 1)) as count, '2022-11-11' as date FROM allfeatures cross join (select @rn := 0) const GROUP BY rel, status:successful"
2022-11-11 05:03:54 I Odin  Get_allchangere "[]"
2022-11-11 05:03:54 I Odin  Print           "CREATE TABLE IF NOT EXISTS changes (                                 rel TEXT, status TEXT, priority TEXT,                                 requester TEXT, date TEXT, count INT) ENGINE=InnoDB DEFAULT CHARSET=utf8:successful"
2022-11-11 05:03:54 I Odin  Print           "CREATE TABLE IF NOT EXISTS allchanges (                                 id INT, uniqueid TEXT, name TEXT,                                 status TEXT, rel TEXT, priority TEXT,                                 requester TEXT) ENGINE=InnoDB DEFAULT CHARSET=utf8:successful"
2022-11-11 05:03:54 I Odin  Print           "DELETE FROM changes WHERE date='2022-11-11':successful"
2022-11-11 05:03:54 I Odin  Print           "INSERT INTO changes (                                 rel, status, priority, requester, date, count)                                 SELECT rel, status, priority, requester, '2022-11-11' as date, count((@rn := @rn + 1)) as count FROM allchanges                                 cross join (select @rn := 0) const GROUP BY rel, status, priority, requester:successful"
2022-11-11 05:03:56 I Odin  Print           "CREATE TABLE IF NOT EXISTS designspec (                            rel TEXT, team TEXT, status TEXT, count INT, date text) ENGINE=InnoDB DEFAULT CHARSET=utf8:successful"
2022-11-11 05:03:56 I Odin  Print           "CREATE TABLE IF NOT EXISTS alldesignspec (                             id INT, uniqueid TEXT, name TEXT, status TEXT, rel TEXT, team TEXT) ENGINE=InnoDB DEFAULT CHARSET=utf8:successful"
2022-11-11 05:03:56 I Odin  Print           "DELETE FROM designspec WHERE date='2022-11-11':successful"
2022-11-11 05:03:56 I Odin  Print           "INSERT INTO designspec (rel, team, status, count, date) SELECT rel, team, status, count((@rn := @rn + 1)) as count, '2022-11-11' as date FROM alldesignspec cross join (select @rn := 0) const GROUP BY rel, team, status:successful"
2022-11-11 05:04:03 I Odin  Get_alluserstor "[]"
2022-11-11 05:04:03 I Odin  Print           "CREATE TABLE IF NOT EXISTS userstories (                 rel TEXT, status TEXT, count INT, date TEXT) ENGINE=InnoDB DEFAULT CHARSET=utf8:successful"
2022-11-11 05:04:03 I Odin  Print           "CREATE TABLE IF NOT EXISTS alluserstories (                 id INT, uniqueid TEXT, name TEXT, status TEXT, rel TEXT) ENGINE=InnoDB DEFAULT CHARSET=utf8:successful"
2022-11-11 05:04:03 I Odin  Print           "DELETE FROM userstories WHERE date='2022-11-11':successful"
2022-11-11 05:04:03 I Odin  Print           "INSERT INTO userstories (rel, status, count, date) SELECT rel, status, count((@rn := @rn + 1)) as count, '2022-11-11' as date FROM alluserstories cross join (select @rn := 0) const GROUP BY rel, status:successful"
2022-11-11 05:04:10 I Odin  Get_alldefects  "[]"
2022-11-11 05:04:10 I Odin  Print           "CREATE TABLE IF NOT EXISTS defects (                     rel TEXT, team TEXT, status TEXT, priority TEXT, count INT, date TEXT) ENGINE=InnoDB DEFAULT CHARSET=utf8:successful"
2022-11-11 05:04:10 I Odin  Print           "CREATE TABLE IF NOT EXISTS alldefects (                     id INT, uniqueid TEXT, name TEXT, status TEXT, rel TEXT, team TEXT, priority TEXT, jira TEXT, upstream TEXT) ENGINE=InnoDB DEFAULT CHARSET=utf8:successful"
2022-11-11 05:04:10 I Odin  Print           "DELETE FROM defects WHERE date='2022-11-11':successful"
2022-11-11 05:04:10 I Odin  Print           "INSERT INTO defects (rel, team, status, count, date, priority) SELECT rel, team, status, count((@rn := @rn + 1)) as count, '2022-11-11' as date, priority FROM alldefects cross join (select @rn := 0) const GROUP BY rel, team, status, priority:successful"
2022-11-11 05:05:57 I Odin  get_multipickli "Unassigned don't find the mainteam name from G_parameter"
2022-11-11 05:05:59 I Odin  get_multipickli "Unassigned don't find the mainteam name from G_parameter"
2022-11-11 05:06:01 I Odin  get_multipickli "Unassigned don't find the mainteam name from G_parameter"
2022-11-11 05:06:03 I Odin  get_multipickli "Unassigned don't find the mainteam name from G_parameter"
2022-11-11 05:13:10 I Odin  get_multipickli "Unassigned don't find the mainteam name from G_parameter"
2022-11-11 05:13:31 I Odin  get_multipickli "Unassigned don't find the mainteam name from G_parameter"
2022-11-11 05:18:05 I Odin  get_multipickli "Unassigned don't find the mainteam name from G_parameter"
2022-11-11 05:18:40 I Odin  get_multipickli "Unassigned don't find the mainteam name from G_parameter"
2022-11-11 05:19:08 I Odin  get_multipickli "Unassigned don't find the mainteam name from G_parameter"
2022-11-11 05:19:10 I Odin  get_multipickli "Unassigned don't find the mainteam name from G_parameter"
2022-11-11 05:19:12 I Odin  get_multipickli "Unassigned don't find the mainteam name from G_parameter"
2022-11-11 05:19:14 I Odin  get_multipickli "Unassigned don't find the mainteam name from G_parameter"
2022-11-11 05:19:18 I Odin  get_multipickli "Unassigned don't find the mainteam name from G_parameter"
2022-11-11 05:19:24 I Odin  get_multipickli "Unassigned don't find the mainteam name from G_parameter"
2022-11-11 05:19:30 I Odin  get_multipickli "Unassigned don't find the mainteam name from G_parameter"
2022-11-11 05:19:34 I Odin  get_multipickli "Unassigned don't find the mainteam name from G_parameter"
2022-11-11 05:19:39 I Odin  get_multipickli "Unassigned don't find the mainteam name from G_parameter"
2022-11-11 05:19:44 I Odin  get_multipickli "Unassigned don't find the mainteam name from G_parameter"
2022-11-11 05:19:49 I Odin  get_multipickli "Unassigned don't find the mainteam name from G_parameter"
2022-11-11 05:19:54 I Odin  get_multipickli "Unassigned don't find the mainteam name from G_parameter"
2022-11-11 05:19:59 I Odin  get_multipickli "Unassigned don't find the mainteam name from G_parameter"
2022-11-11 05:20:03 I Odin  get_multipickli "Unassigned don't find the mainteam name from G_parameter"
2022-11-11 05:20:05 I Odin  get_multipickli "Unassigned don't find the mainteam name from G_parameter"
2022-11-11 05:20:07 I Odin  get_multipickli "Unassigned don't find the mainteam name from G_parameter"
2022-11-11 05:20:10 I Odin  get_multipickli "Unassigned don't find the mainteam name from G_parameter"
2022-11-11 05:20:11 I Odin  get_multipickli "Unassigned don't find the mainteam name from G_parameter"
2022-11-11 05:20:13 I Odin  get_multipickli "Unassigned don't find the mainteam name from G_parameter"
2022-11-11 05:20:18 I Odin  get_multipickli "Unassigned don't find the mainteam name from G_parameter"
2022-11-11 05:20:19 I Odin  get_multipickli "Unassigned don't find the mainteam name from G_parameter"
2022-11-11 05:20:21 I Odin  get_multipickli "Unassigned don't find the mainteam name from G_parameter"
2022-11-11 05:20:24 I Odin  get_multipickli "Unassigned don't find the mainteam name from G_parameter"
2022-11-11 05:20:26 I Odin  get_multipickli "Unassigned don't find the mainteam name from G_parameter"
2022-11-11 05:20:29 I Odin  get_multipickli "Unassigned don't find the mainteam name from G_parameter"
2022-11-11 05:20:31 I Odin  get_multipickli "Unassigned don't find the mainteam name from G_parameter"
2022-11-11 05:20:37 I Odin  get_multipickli "Unassigned don't find the mainteam name from G_parameter"
2022-11-11 05:20:43 I Odin  get_multipickli "Unassigned don't find the mainteam name from G_parameter"
2022-11-11 05:20:52 I Odin  get_multipickli "Unassigned don't find the mainteam name from G_parameter"
2022-11-11 05:21:01 I Odin  get_multipickli "Unassigned don't find the mainteam name from G_parameter"
2022-11-11 05:21:07 I Odin  get_multipickli "Unassigned don't find the mainteam name from G_parameter"
2022-11-11 05:21:15 I Odin  get_multipickli "Unassigned don't find the mainteam name from G_parameter"
2022-11-11 05:21:24 I Odin  get_multipickli "Unassigned don't find the mainteam name from G_parameter"
2022-11-11 05:21:46 I Odin  get_multipickli "Unassigned don't find the mainteam name from G_parameter"
2022-11-11 05:25:43 I Odin  get_multipickli "Unassigned don't find the mainteam name from G_parameter"
2022-11-11 05:25:48 I Odin  get_multipickli "Unassigned don't find the mainteam name from G_parameter"
2022-11-11 05:25:54 I Odin  get_multipickli "Unassigned don't find the mainteam name from G_parameter"
2022-11-11 05:25:57 I Odin  get_multipickli "Unassigned don't find the mainteam name from G_parameter"
2022-11-11 05:27:38 I Odin  get_multipickli "Unassigned don't find the mainteam name from G_parameter"
2022-11-11 05:27:43 I Odin  get_multipickli "Unassigned don't find the mainteam name from G_parameter"
2022-11-11 05:27:46 I Odin  get_multipickli "Unassigned don't find the mainteam name from G_parameter"
2022-11-11 05:27:50 I Odin  get_multipickli "Unassigned don't find the mainteam name from G_parameter"
2022-11-11 05:27:54 I Odin  get_multipickli "Unassigned don't find the mainteam name from G_parameter"
2022-11-11 05:27:58 I Odin  get_multipickli "Unassigned don't find the mainteam name from G_parameter"
2022-11-11 05:30:53 I Odin  get_multipickli "Unassigned don't find the mainteam name from G_parameter"
2022-11-11 05:32:55 I Odin  get_multipickli "Unassigned don't find the mainteam name from G_parameter"
2022-11-11 05:33:15 I Odin  get_multipickli "Digital Experience – Android don't find the mainteam name from G_parameter"
2022-11-11 05:33:16 I Odin  get_multipickli "Digital Experience – IOS don't find the mainteam name from G_parameter"
2022-11-11 05:33:23 I Odin  get_multipickli "Digital Experience – Android don't find the mainteam name from G_parameter"
2022-11-11 05:33:23 I Odin  get_multipickli "Digital Experience – IOS don't find the mainteam name from G_parameter"
2022-11-11 05:33:27 I Odin  get_multipickli "Digital Experience – Android don't find the mainteam name from G_parameter"
2022-11-11 05:33:27 I Odin  get_multipickli "Digital Experience – IOS don't find the mainteam name from G_parameter"
2022-11-11 05:33:31 I Odin  get_multipickli "Digital Experience – Android don't find the mainteam name from G_parameter"
2022-11-11 05:33:31 I Odin  get_multipickli "Digital Experience – IOS don't find the mainteam name from G_parameter"
2022-11-11 05:33:59 I Odin  get_multipickli "ESW Platform Test don't find the mainteam name from G_parameter"
2022-11-11 05:35:08 I Odin  get_multipickli "Unassigned don't find the mainteam name from G_parameter"
2022-11-11 05:35:13 I Odin  get_multipickli "Unassigned don't find the mainteam name from G_parameter"
2022-11-11 05:35:20 I Odin  get_multipickli "Unassigned don't find the mainteam name from G_parameter"
2022-11-11 05:35:27 I Odin  get_multipickli "Unassigned don't find the mainteam name from G_parameter"
2022-11-11 05:35:27 I Odin  get_multipickli "Digital Experience – IOS don't find the mainteam name from G_parameter"
2022-11-11 05:35:29 I Odin  get_multipickli "Digital Experience – SDK don't find the mainteam name from G_parameter"
2022-11-11 05:37:44 I Odin  get_multipickli "Unassigned don't find the mainteam name from G_parameter"
2022-11-11 05:38:37 I Odin  get_multipickli "Digital Experience – Android don't find the mainteam name from G_parameter"
2022-11-11 05:38:37 I Odin  get_multipickli "Digital Experience – IOS don't find the mainteam name from G_parameter"
2022-11-11 05:38:42 I Odin  get_multipickli "Digital Experience – Android don't find the mainteam name from G_parameter"
2022-11-11 05:38:42 I Odin  get_multipickli "Digital Experience – IOS don't find the mainteam name from G_parameter"
2022-11-11 05:38:44 I Odin  get_multipickli "Digital Experience – Android don't find the mainteam name from G_parameter"
2022-11-11 05:38:44 I Odin  get_multipickli "Digital Experience – IOS don't find the mainteam name from G_parameter"
2022-11-11 05:38:54 I Odin  get_multipickli "Unassigned don't find the mainteam name from G_parameter"
2022-11-11 05:39:24 I Odin  get_multipickli "Digital Experience – Android don't find the mainteam name from G_parameter"
2022-11-11 05:39:24 I Odin  get_multipickli "Digital Experience – IOS don't find the mainteam name from G_parameter"
2022-11-11 05:39:29 I Odin  get_multipickli "Digital Experience – Android don't find the mainteam name from G_parameter"
2022-11-11 05:39:29 I Odin  get_multipickli "Digital Experience – IOS don't find the mainteam name from G_parameter"
2022-11-11 05:40:09 I Odin  get_multipickli "Digital Experience – Android don't find the mainteam name from G_parameter"
2022-11-11 05:40:09 I Odin  get_multipickli "Digital Experience – IOS don't find the mainteam name from G_parameter"
2022-11-11 05:40:11 I Odin  get_multipickli "Digital Experience – Android don't find the mainteam name from G_parameter"
2022-11-11 05:40:11 I Odin  get_multipickli "Digital Experience – IOS don't find the mainteam name from G_parameter"
2022-11-11 05:40:19 I Odin  get_multipickli "Digital Experience – Android don't find the mainteam name from G_parameter"
2022-11-11 05:40:19 I Odin  get_multipickli "Digital Experience – IOS don't find the mainteam name from G_parameter"
2022-11-11 05:40:21 I Odin  get_multipickli "Digital Experience – Android don't find the mainteam name from G_parameter"
2022-11-11 05:40:21 I Odin  get_multipickli "Digital Experience – IOS don't find the mainteam name from G_parameter"
2022-11-11 05:40:23 I Odin  get_multipickli "Digital Experience – Android don't find the mainteam name from G_parameter"
2022-11-11 05:40:23 I Odin  get_multipickli "Digital Experience – IOS don't find the mainteam name from G_parameter"
2022-11-11 05:40:26 I Odin  get_multipickli "Digital Experience – Android don't find the mainteam name from G_parameter"
2022-11-11 05:40:26 I Odin  get_multipickli "Digital Experience – IOS don't find the mainteam name from G_parameter"
2022-11-11 05:40:29 I Odin  get_multipickli "Digital Experience – Android don't find the mainteam name from G_parameter"
2022-11-11 05:40:29 I Odin  get_multipickli "Digital Experience – IOS don't find the mainteam name from G_parameter"
2022-11-11 05:40:39 I Odin  get_multipickli "Unassigned don't find the mainteam name from G_parameter"
2022-11-11 05:41:14 I Odin  get_multipickli "Unassigned don't find the mainteam name from G_parameter"
2022-11-11 05:41:25 I Odin  get_multipickli "Unassigned don't find the mainteam name from G_parameter"
2022-11-11 05:41:35 I Odin  get_multipickli "Unassigned don't find the mainteam name from G_parameter"
2022-11-11 05:41:38 I Odin  get_multipickli "Unassigned don't find the mainteam name from G_parameter"
2022-11-11 05:42:14 I Odin  get_multipickli "Unassigned don't find the mainteam name from G_parameter"
2022-11-11 05:43:05 I Odin  get_multipickli "Unassigned don't find the mainteam name from G_parameter"
2022-11-11 05:43:09 I Odin  get_multipickli "Unassigned don't find the mainteam name from G_parameter"
2022-11-11 05:43:21 I Odin  get_multipickli "Unassigned don't find the mainteam name from G_parameter"
2022-11-11 05:43:27 I Odin  get_multipickli "Unassigned don't find the mainteam name from G_parameter"
2022-11-11 05:43:31 I Odin  get_multipickli "Unassigned don't find the mainteam name from G_parameter"
2022-11-11 05:43:33 I Odin  get_multipickli "Unassigned don't find the mainteam name from G_parameter"
2022-11-11 05:43:36 I Odin  get_multipickli "Unassigned don't find the mainteam name from G_parameter"
2022-11-11 05:43:50 I Odin  get_multipickli "Unassigned don't find the mainteam name from G_parameter"
2022-11-11 05:43:59 I Odin  get_multipickli "Unassigned don't find the mainteam name from G_parameter"
2022-11-11 05:44:02 I Odin  get_multipickli "Unassigned don't find the mainteam name from G_parameter"
2022-11-11 05:44:57 I Odin  get_multipickli "Unassigned don't find the mainteam name from G_parameter"
2022-11-11 05:45:16 I Odin  get_multipickli "Digital Experience – Android don't find the mainteam name from G_parameter"
2022-11-11 05:45:16 I Odin  get_multipickli "Digital Experience – IOS don't find the mainteam name from G_parameter"
2022-11-11 05:45:18 I Odin  get_multipickli "Digital Experience – Android don't find the mainteam name from G_parameter"
2022-11-11 05:45:18 I Odin  get_multipickli "Digital Experience – IOS don't find the mainteam name from G_parameter"
2022-11-11 05:46:00 I Odin  get_multipickli "Unassigned don't find the mainteam name from G_parameter"
2022-11-11 05:46:42 I Odin  get_multipickli "ESW Platform Test don't find the mainteam name from G_parameter"
2022-11-11 05:47:23 I Odin  get_multipickli "Unassigned don't find the mainteam name from G_parameter"
2022-11-11 05:47:29 I Odin  Print           "DROP TABLE IF EXISTS allrequirements:successful"
2022-11-11 05:47:29 I Odin  Print           "DROP TABLE IF EXISTS allcoverage:successful"
2022-11-11 05:47:29 I Odin  Print           "CREATE TABLE IF NOT EXISTS requirements (                        rel TEXT, status TEXT, count INT, date TEXT) ENGINE=InnoDB DEFAULT CHARSET=utf8:successful"
2022-11-11 05:47:29 I Odin  Print           "CREATE TABLE IF NOT EXISTS allrequirements (                        id INT, uniqueid TEXT, name TEXT, status TEXT, rel TEXT, upstream TEXT, downstream TEXT, team TEXT, test_status TEXT) ENGINE=InnoDB DEFAULT CHARSET=utf8:successful"
2022-11-11 05:47:29 I Odin  Print           "CREATE TABLE IF NOT EXISTS coverage (                        team text, covered int, expected int, date text) ENGINE=InnoDB DEFAULT CHARSET=utf8:successful"
2022-11-11 05:47:29 I Odin  Print           "CREATE TABLE IF NOT EXISTS allcoverage (                        id INT, uniqueid TEXT, name TEXT, status TEXT, rel TEXT, verify TEXT, missing TEXT) ENGINE=InnoDB DEFAULT CHARSET=utf8:successful"
2022-11-11 05:47:29 I Odin  Print           "DELETE FROM requirements WHERE date='2022-11-11':successful"
2022-11-11 05:47:29 I Odin  Print           "DELETE FROM coverage WHERE date='2022-11-11':successful"
2022-11-11 05:47:29 I Odin  Print           "INSERT INTO requirements (rel, status, count, date) SELECT rel, status, count((@rn := @rn + 1)) as count, '2022-11-11' as date FROM allrequirements cross join (select @rn := 0) const GROUP BY rel, status:successful"
2022-11-11 05:47:29 I Odin  Print           "CREATE TABLE IF NOT EXISTS feattest (rel TEXT, status TEXT, count TEXT, date TEXT) ENGINE=InnoDB DEFAULT CHARSET=utf8:successful"
2022-11-11 05:47:29 I Odin  Print           "CREATE TABLE IF NOT EXISTS reqtest (rel TEXT, status TEXT, count TEXT, date TEXT) ENGINE=InnoDB DEFAULT CHARSET=utf8:successful"
2022-11-11 05:47:29 I Odin  Print           "SELECT id FROM allfeatures:successful"
2022-11-11 05:47:29 I Odin  Print           "SELECT id,upstream,downstream,team FROM allrequirements:successful"
2022-11-11 05:47:29 I Odin  Print           "SELECT id FROM allcoverage:successful"
2022-11-11 05:47:29 I Odin  Print           "SELECT * FROM testcases:successful"
