2023-01-18 06:33:55 I Yoshi Print           "Connet 20425 successfully!!!"
2023-01-18 06:33:55 I Yoshi Get_alltests    "Get project name:Yoshi id:20425 all testplans"
2023-01-18 06:33:57 I Yoshi Get_alltests    "{4129414: {'id': 4129414, 'name': 'ESW Test Plan', 'archived': False, 'index': '4129414:ESW Test Plan'}, 3593883: {'id': 3593883, 'name': 'HW DVT PLAN', 'archived': False, 'index': '3593883:HW DVT PLAN'}, 5357589: {'id': 5357589, 'name': 'Mass Production test plan', 'archived': False, 'index': '5357589:Mass Production test plan'}, 4054078: {'id': 4054078, 'name': 'PKG test plan', 'archived': False, 'index': '4054078:PKG test plan'}, 3996292: {'id': 3996292, 'name': 'Product Maintenance test plan', 'archived': False, 'index': '3996292:Product Maintenance test plan'}, 3637597: {'id': 3637597, 'name': 'Product Verification Test Plan', 'archived': False, 'index': '3637597:Product Verification Test Plan'}, 3675130: {'id': 3675130, 'name': 'Regulatory Compliance test plan ', 'archived': False, 'index': '3675130:Regulatory Compliance test plan '}, 4874508: {'id': 4874508, 'name': 'UX', 'archived': False, 'index': '4874508:UX'}}"
2023-01-18 06:33:58 I Yoshi Get_alltests    "Get project name:Yoshi id:20425 all testplans successful!!!"
2023-01-18 06:37:34 I Yoshi tidy_alltestcas "98"
2023-01-18 06:38:05 I Yoshi Print           "DROP TABLE IF EXISTS testcases:successful"
2023-01-18 06:38:05 I Yoshi Print           "CREATE TABLE IF NOT EXISTS testcases (                             testplan_id INT,                             testplan_name TEXT,                             testgroup_id INT,                             testgroup_name TEXT,                             testcycle_id INT,                             testcycle_name TEXT,                             rel TEXT,                             id INT,                             uniqueid TEXT,                             name TEXT,                             status TEXT,                             upstream TEXT,                             downstream TEXT,                             executionDate TEXT) ENGINE=InnoDB DEFAULT CHARSET=utf8:successful"
2023-01-18 06:38:06 I Yoshi update_database "Insert testcases table successful"
2023-01-18 06:38:06 I Yoshi Print           "CREATE TABLE IF NOT EXISTS tests (                             testplan_id INT,                             testplan_name TEXT,                             testplan_status TEXT,                             rel TEXT, status TEXT,                             count INT, date TEXT) ENGINE=InnoDB DEFAULT CHARSET=utf8:successful"
2023-01-18 06:38:06 I Yoshi Print           "DELETE FROM tests WHERE date='2023-01-18':successful"
2023-01-18 06:38:06 I Yoshi Print           "SELECT testplan_id FROM tests GROUP BY testplan_id:successful"
2023-01-18 06:38:06 I Yoshi Print           "SELECT testplan_name FROM tests WHERE testplan_id=4129414 LIMIT 1:successful"
2023-01-18 06:38:06 I Yoshi Print           "UPDATE tests SET testplan_status='Active' WHERE testplan_id=4129414:successful"
2023-01-18 06:38:06 I Yoshi Print           "SELECT testplan_name FROM tests WHERE testplan_id=3593883 LIMIT 1:successful"
2023-01-18 06:38:06 I Yoshi Print           "UPDATE tests SET testplan_status='Active' WHERE testplan_id=3593883:successful"
2023-01-18 06:38:06 I Yoshi Print           "SELECT testplan_name FROM tests WHERE testplan_id=5357589 LIMIT 1:successful"
2023-01-18 06:38:06 I Yoshi Print           "UPDATE tests SET testplan_status='Active' WHERE testplan_id=5357589:successful"
2023-01-18 06:38:06 I Yoshi Print           "SELECT testplan_name FROM tests WHERE testplan_id=4054078 LIMIT 1:successful"
2023-01-18 06:38:06 I Yoshi Print           "UPDATE tests SET testplan_status='Active' WHERE testplan_id=4054078:successful"
2023-01-18 06:38:06 I Yoshi Print           "SELECT testplan_name FROM tests WHERE testplan_id=3637597 LIMIT 1:successful"
2023-01-18 06:38:06 I Yoshi Print           "UPDATE tests SET testplan_status='Active' WHERE testplan_id=3637597:successful"
2023-01-18 06:38:06 I Yoshi Print           "SELECT testplan_name FROM tests WHERE testplan_id=3675130 LIMIT 1:successful"
2023-01-18 06:38:06 I Yoshi Print           "UPDATE tests SET testplan_status='Active' WHERE testplan_id=3675130:successful"
2023-01-18 06:38:06 I Yoshi Print           "INSERT INTO tests (testplan_id, testplan_name, testplan_status, rel, status, count, date) SELECT testplan_id, testplan_name, 'Active' as testplan_status, rel, status, count((@rn := @rn + 1)) as count, '2023-01-18' as date FROM testcases cross join (select @rn := 0) const GROUP BY testplan_id, rel, status:successful"
2023-01-18 06:38:06 I Yoshi update_database "Insert tests table successful"
2023-01-18 06:38:06 I Yoshi Print           "CREATE TABLE IF NOT EXISTS testapproval (                                 rel TEXT, team TEXT, status TEXT, upstream TEXT, count INT, date TEXT                                 ) ENGINE=InnoDB DEFAULT CHARSET=utf8:successful"
2023-01-18 06:38:06 I Yoshi Print           "DROP TABLE IF EXISTS alltestapproval:successful"
2023-01-18 06:38:06 I Yoshi Print           "CREATE TABLE IF NOT EXISTS alltestapproval (                                 id INT, uniqueid TEXT, name TEXT, status TEXT, rel TEXT, team TEXT, upstream TEXT                                 ) ENGINE=InnoDB DEFAULT CHARSET=utf8:successful"
2023-01-18 06:38:06 I Yoshi Print           "DELETE FROM testapproval WHERE date='2023-01-18':successful"
2023-01-18 06:38:06 I Yoshi Print           "INSERT INTO testapproval (rel, team, status, count, date, upstream) SELECT rel, team, status, count((@rn := @rn + 1)) as count, '2023-01-18' as date, upstream FROM alltestapproval cross join (select @rn := 0) const GROUP BY rel, team, status, upstream:successful"
2023-01-18 06:38:13 I Yoshi Get_allfeatuers "[]"
2023-01-18 06:38:13 I Yoshi Print           "CREATE TABLE IF NOT EXISTS features (                                rel TEXT, status TEXT, count INT, date TEXT) ENGINE=InnoDB DEFAULT CHARSET=utf8:successful"
2023-01-18 06:38:13 I Yoshi Print           "CREATE TABLE IF NOT EXISTS allfeatures (                                id INT, uniqueid TEXT, name TEXT, status TEXT, rel TEXT,test_status TEXT) ENGINE=InnoDB DEFAULT CHARSET=utf8:successful"
2023-01-18 06:38:13 I Yoshi Print           "DELETE FROM features WHERE date='2023-01-18':successful"
2023-01-18 06:38:13 I Yoshi Print           "INSERT INTO features (rel, status, count, date)                                 SELECT rel, status, count((@rn := @rn + 1)) as count, '2023-01-18' as date FROM allfeatures cross join (select @rn := 0) const GROUP BY rel, status:successful"
2023-01-18 06:38:17 I Yoshi Get_allchangere "[]"
2023-01-18 06:38:17 I Yoshi Print           "CREATE TABLE IF NOT EXISTS changes (                                 rel TEXT, status TEXT, priority TEXT,                                 requester TEXT, date TEXT, count INT) ENGINE=InnoDB DEFAULT CHARSET=utf8:successful"
2023-01-18 06:38:17 I Yoshi Print           "CREATE TABLE IF NOT EXISTS allchanges (                                 id INT, uniqueid TEXT, name TEXT,                                 status TEXT, rel TEXT, priority TEXT,                                 requester TEXT) ENGINE=InnoDB DEFAULT CHARSET=utf8:successful"
2023-01-18 06:38:17 I Yoshi Print           "DELETE FROM changes WHERE date='2023-01-18':successful"
2023-01-18 06:38:17 I Yoshi Print           "INSERT INTO changes (                                 rel, status, priority, requester, date, count)                                 SELECT rel, status, priority, requester, '2023-01-18' as date, count((@rn := @rn + 1)) as count FROM allchanges                                 cross join (select @rn := 0) const GROUP BY rel, status, priority, requester:successful"
2023-01-18 06:38:20 I Yoshi Print           "CREATE TABLE IF NOT EXISTS designspec (                            rel TEXT, team TEXT, status TEXT, count INT, date text) ENGINE=InnoDB DEFAULT CHARSET=utf8:successful"
2023-01-18 06:38:20 I Yoshi Print           "CREATE TABLE IF NOT EXISTS alldesignspec (                             id INT, uniqueid TEXT, name TEXT, status TEXT, rel TEXT, team TEXT) ENGINE=InnoDB DEFAULT CHARSET=utf8:successful"
2023-01-18 06:38:20 I Yoshi Print           "DELETE FROM designspec WHERE date='2023-01-18':successful"
2023-01-18 06:38:20 I Yoshi Print           "INSERT INTO designspec (rel, team, status, count, date) SELECT rel, team, status, count((@rn := @rn + 1)) as count, '2023-01-18' as date FROM alldesignspec cross join (select @rn := 0) const GROUP BY rel, team, status:successful"
2023-01-18 06:38:25 I Yoshi Get_alluserstor "[]"
2023-01-18 06:38:25 I Yoshi Print           "CREATE TABLE IF NOT EXISTS userstories (                 rel TEXT, status TEXT, count INT, date TEXT) ENGINE=InnoDB DEFAULT CHARSET=utf8:successful"
2023-01-18 06:38:25 I Yoshi Print           "CREATE TABLE IF NOT EXISTS alluserstories (                 id INT, uniqueid TEXT, name TEXT, status TEXT, rel TEXT) ENGINE=InnoDB DEFAULT CHARSET=utf8:successful"
2023-01-18 06:38:25 I Yoshi Print           "DELETE FROM userstories WHERE date='2023-01-18':successful"
2023-01-18 06:38:25 I Yoshi Print           "INSERT INTO userstories (rel, status, count, date) SELECT rel, status, count((@rn := @rn + 1)) as count, '2023-01-18' as date FROM alluserstories cross join (select @rn := 0) const GROUP BY rel, status:successful"
2023-01-18 06:38:30 I Yoshi Get_alldefects  "[]"
2023-01-18 06:38:30 I Yoshi Print           "CREATE TABLE IF NOT EXISTS defects (                     rel TEXT, team TEXT, status TEXT, priority TEXT, count INT, date TEXT) ENGINE=InnoDB DEFAULT CHARSET=utf8:successful"
2023-01-18 06:38:30 I Yoshi Print           "CREATE TABLE IF NOT EXISTS alldefects (                     id INT, uniqueid TEXT, name TEXT, status TEXT, rel TEXT, team TEXT, priority TEXT, jira TEXT, upstream TEXT) ENGINE=InnoDB DEFAULT CHARSET=utf8:successful"
2023-01-18 06:38:30 I Yoshi Print           "DELETE FROM defects WHERE date='2023-01-18':successful"
2023-01-18 06:38:30 I Yoshi Print           "DELETE FROM alldefects WHERE id = 9551896:successful"
2023-01-18 06:38:30 I Yoshi Print           "INSERT INTO defects (rel, team, status, count, date, priority) SELECT rel, team, status, count((@rn := @rn + 1)) as count, '2023-01-18' as date, priority FROM alldefects cross join (select @rn := 0) const GROUP BY rel, team, status, priority:successful"
2023-01-18 06:43:12 I Yoshi get_multipickli "Unassigned don't find the mainteam name from G_parameter"
2023-01-18 06:43:20 I Yoshi get_multipickli "Unassigned don't find the mainteam name from G_parameter"
2023-01-18 06:43:48 I Yoshi get_multipickli "Unassigned don't find the mainteam name from G_parameter"
2023-01-18 06:44:30 I Yoshi get_multipickli "Unassigned don't find the mainteam name from G_parameter"
2023-01-18 06:44:35 I Yoshi get_multipickli "Unassigned don't find the mainteam name from G_parameter"
2023-01-18 06:45:34 I Yoshi get_multipickli "Unassigned don't find the mainteam name from G_parameter"
2023-01-18 06:46:31 I Yoshi get_multipickli "Unassigned don't find the mainteam name from G_parameter"
2023-01-18 06:47:54 I Yoshi get_multipickli "Unassigned don't find the mainteam name from G_parameter"
2023-01-18 06:48:34 I Yoshi get_multipickli "Unassigned don't find the mainteam name from G_parameter"
2023-01-18 06:48:55 I Yoshi get_multipickli "Unassigned don't find the mainteam name from G_parameter"
2023-01-18 06:49:37 I Yoshi get_multipickli "Unassigned don't find the mainteam name from G_parameter"
2023-01-18 06:49:58 I Yoshi get_multipickli "Unassigned don't find the mainteam name from G_parameter"
2023-01-18 06:50:19 I Yoshi get_multipickli "Unassigned don't find the mainteam name from G_parameter"
2023-01-18 06:58:46 I Yoshi Print           "DROP TABLE IF EXISTS allrequirements:successful"
2023-01-18 06:58:46 I Yoshi Print           "DROP TABLE IF EXISTS allcoverage:successful"
2023-01-18 06:58:46 I Yoshi Print           "CREATE TABLE IF NOT EXISTS requirements (                        rel TEXT, status TEXT, count INT, date TEXT) ENGINE=InnoDB DEFAULT CHARSET=utf8:successful"
2023-01-18 06:58:46 I Yoshi Print           "CREATE TABLE IF NOT EXISTS allrequirements (                        id INT, uniqueid TEXT, name TEXT, status TEXT, rel TEXT, upstream TEXT, downstream TEXT, team TEXT, test_status TEXT) ENGINE=InnoDB DEFAULT CHARSET=utf8:successful"
2023-01-18 06:58:46 I Yoshi Print           "CREATE TABLE IF NOT EXISTS coverage (                        team text, covered int, expected int, date text) ENGINE=InnoDB DEFAULT CHARSET=utf8:successful"
2023-01-18 06:58:46 I Yoshi Print           "CREATE TABLE IF NOT EXISTS allcoverage (                        id INT, uniqueid TEXT, name TEXT, status TEXT, rel TEXT, verify TEXT, missing TEXT) ENGINE=InnoDB DEFAULT CHARSET=utf8:successful"
2023-01-18 06:58:46 I Yoshi Print           "DELETE FROM requirements WHERE date='2023-01-18':successful"
2023-01-18 06:58:46 I Yoshi Print           "DELETE FROM coverage WHERE date='2023-01-18':successful"
2023-01-18 06:58:46 I Yoshi Print           "INSERT INTO requirements (rel, status, count, date) SELECT rel, status, count((@rn := @rn + 1)) as count, '2023-01-18' as date FROM allrequirements cross join (select @rn := 0) const GROUP BY rel, status:successful"
2023-01-18 06:58:46 I Yoshi Print           "CREATE TABLE IF NOT EXISTS feattest (rel TEXT, status TEXT, count TEXT, date TEXT) ENGINE=InnoDB DEFAULT CHARSET=utf8:successful"
2023-01-18 06:58:46 I Yoshi Print           "CREATE TABLE IF NOT EXISTS reqtest (rel TEXT, status TEXT, count TEXT, date TEXT) ENGINE=InnoDB DEFAULT CHARSET=utf8:successful"
2023-01-18 06:58:46 I Yoshi Print           "SELECT id FROM allfeatures:successful"
2023-01-18 06:58:46 I Yoshi Print           "SELECT id,upstream,downstream,team FROM allrequirements:successful"
2023-01-18 06:58:46 I Yoshi Print           "SELECT id FROM allcoverage:successful"
2023-01-18 06:58:46 I Yoshi Print           "SELECT * FROM testcases:successful"
