2022-09-30 04:59:19 I Hazel Print           "Connet 20564 successfully!!!"
2022-09-30 04:59:19 I Hazel Get_alltests    "Get project name:Hazel id:20564 all testplans"
2022-09-30 04:59:21 I Hazel Get_alltests    "{9228382: {'id': 9228382, 'name': 'Audio Test Plan', 'archived': False, 'index': '9228382:Audio Test Plan'}, 8958160: {'id': 8958160, 'name': 'ESW Test Plan Hazel', 'archived': False, 'index': '8958160:ESW Test Plan Hazel'}, 8727731: {'id': 8727731, 'name': 'HW DVT Plan', 'archived': True, 'index': '8727731:HW DVT Plan'}, 8759587: {'id': 8759587, 'name': 'HW DVT Plan', 'archived': False, 'index': '8759587:HW DVT Plan'}, 9058329: {'id': 9058329, 'name': 'Packaging Verification Test plan', 'archived': False, 'index': '9058329:Packaging Verification Test plan'}, 8609683: {'id': 8609683, 'name': 'Product Verification Test Plan', 'archived': False, 'index': '8609683:Product Verification Test Plan'}, 9706640: {'id': 9706640, 'name': 'Regulatory Compliance  Plan', 'archived': False, 'index': '9706640:Regulatory Compliance  Plan'}, 9538101: {'id': 9538101, 'name': 'RF range test', 'archived': False, 'index': '9538101:RF range test'}}"
2022-09-30 04:59:21 I Hazel Get_alltests    "Get project name:Hazel id:20564 all testplans successful!!!"
2022-09-30 05:06:36 I Hazel tidy_alltestcas "1249"
2022-09-30 05:11:33 I Hazel Print           "DROP TABLE IF EXISTS testcases:successful"
2022-09-30 05:11:33 I Hazel Print           "CREATE TABLE IF NOT EXISTS testcases (                             testplan_id INT,                             testplan_name TEXT,                             testgroup_id INT,                             testgroup_name TEXT,                             testcycle_id INT,                             testcycle_name TEXT,                             rel TEXT,                             id INT,                             uniqueid TEXT,                             name TEXT,                             status TEXT,                             upstream TEXT,                             downstream TEXT,                             executionDate TEXT) ENGINE=InnoDB DEFAULT CHARSET=utf8:successful"
2022-09-30 05:11:34 I Hazel update_database "Insert testcases table successful"
2022-09-30 05:11:34 I Hazel Print           "CREATE TABLE IF NOT EXISTS tests (                             testplan_id INT,                             testplan_name TEXT,                             testplan_status TEXT,                             rel TEXT, status TEXT,                             count INT, date TEXT) ENGINE=InnoDB DEFAULT CHARSET=utf8:successful"
2022-09-30 05:11:34 I Hazel Print           "DELETE FROM tests WHERE date='2022-09-30':successful"
2022-09-30 05:11:34 I Hazel Print           "SELECT testplan_id FROM tests GROUP BY testplan_id:successful"
2022-09-30 05:11:34 I Hazel Print           "SELECT testplan_name FROM tests WHERE testplan_id=9228382 LIMIT 1:successful"
2022-09-30 05:11:34 I Hazel Print           "UPDATE tests SET testplan_status='Active' WHERE testplan_id=9228382:successful"
2022-09-30 05:11:34 I Hazel Print           "SELECT testplan_name FROM tests WHERE testplan_id=8958160 LIMIT 1:successful"
2022-09-30 05:11:34 I Hazel Print           "UPDATE tests SET testplan_status='Active' WHERE testplan_id=8958160:successful"
2022-09-30 05:11:34 I Hazel Print           "SELECT testplan_name FROM tests WHERE testplan_id=8759587 LIMIT 1:successful"
2022-09-30 05:11:34 I Hazel Print           "UPDATE tests SET testplan_status='Active' WHERE testplan_id=8759587:successful"
2022-09-30 05:11:34 I Hazel Print           "SELECT testplan_name FROM tests WHERE testplan_id=8609683 LIMIT 1:successful"
2022-09-30 05:11:34 I Hazel Print           "UPDATE tests SET testplan_status='Active' WHERE testplan_id=8609683:successful"
2022-09-30 05:11:34 I Hazel Print           "SELECT testplan_name FROM tests WHERE testplan_id=9706640 LIMIT 1:successful"
2022-09-30 05:11:34 I Hazel Print           "UPDATE tests SET testplan_status='Active' WHERE testplan_id=9706640:successful"
2022-09-30 05:11:34 I Hazel Print           "SELECT testplan_name FROM tests WHERE testplan_id=9538101 LIMIT 1:successful"
2022-09-30 05:11:34 I Hazel Print           "UPDATE tests SET testplan_status='Active' WHERE testplan_id=9538101:successful"
2022-09-30 05:11:34 I Hazel Print           "INSERT INTO tests (testplan_id, testplan_name, testplan_status, rel, status, count, date) SELECT testplan_id, testplan_name, 'Active' as testplan_status, rel, status, count((@rn := @rn + 1)) as count, '2022-09-30' as date FROM testcases cross join (select @rn := 0) const GROUP BY testplan_id, rel, status:successful"
2022-09-30 05:11:34 I Hazel update_database "Insert tests table successful"
2022-09-30 05:11:34 I Hazel Print           "CREATE TABLE IF NOT EXISTS testapproval (                                 rel TEXT, team TEXT, status TEXT, upstream TEXT, count INT, date TEXT                                 ) ENGINE=InnoDB DEFAULT CHARSET=utf8:successful"
2022-09-30 05:11:34 I Hazel Print           "DROP TABLE IF EXISTS alltestapproval:successful"
2022-09-30 05:11:34 I Hazel Print           "CREATE TABLE IF NOT EXISTS alltestapproval (                                 id INT, uniqueid TEXT, name TEXT, status TEXT, rel TEXT, team TEXT, upstream TEXT                                 ) ENGINE=InnoDB DEFAULT CHARSET=utf8:successful"
2022-09-30 05:11:34 I Hazel Print           "DELETE FROM testapproval WHERE date='2022-09-30':successful"
2022-09-30 05:11:34 I Hazel Print           "INSERT INTO testapproval (rel, team, status, count, date, upstream) SELECT rel, team, status, count((@rn := @rn + 1)) as count, '2022-09-30' as date, upstream FROM alltestapproval cross join (select @rn := 0) const GROUP BY rel, team, status, upstream:successful"
2022-09-30 05:11:40 I Hazel Get_allfeatuers "[]"
2022-09-30 05:11:40 I Hazel Print           "CREATE TABLE IF NOT EXISTS features (                                rel TEXT, status TEXT, count INT, date TEXT) ENGINE=InnoDB DEFAULT CHARSET=utf8:successful"
2022-09-30 05:11:40 I Hazel Print           "CREATE TABLE IF NOT EXISTS allfeatures (                                id INT, uniqueid TEXT, name TEXT, status TEXT, rel TEXT,test_status TEXT) ENGINE=InnoDB DEFAULT CHARSET=utf8:successful"
2022-09-30 05:11:40 I Hazel Print           "DELETE FROM features WHERE date='2022-09-30':successful"
2022-09-30 05:11:40 I Hazel Print           "DELETE FROM allfeatures WHERE id=17576711:successful"
2022-09-30 05:11:40 I Hazel Print           "DELETE FROM allfeatures WHERE id=17576707:successful"
2022-09-30 05:11:40 I Hazel Print           "DELETE FROM allfeatures WHERE id=17078494:successful"
2022-09-30 05:11:40 I Hazel Print           "DELETE FROM allfeatures WHERE id=16914615:successful"
2022-09-30 05:11:40 I Hazel Print           "DELETE FROM allfeatures WHERE id=16914612:successful"
2022-09-30 05:11:40 I Hazel Print           "DELETE FROM allfeatures WHERE id=16914609:successful"
2022-09-30 05:11:40 I Hazel Print           "DELETE FROM allfeatures WHERE id=16747896:successful"
2022-09-30 05:11:40 I Hazel Print           "DELETE FROM allfeatures WHERE id=16740241:successful"
2022-09-30 05:11:40 I Hazel Print           "DELETE FROM allfeatures WHERE id=16740211:successful"
2022-09-30 05:11:40 I Hazel Print           "DELETE FROM allfeatures WHERE id=16699922:successful"
2022-09-30 05:11:40 I Hazel Print           "DELETE FROM allfeatures WHERE id=16699920:successful"
2022-09-30 05:11:40 I Hazel Print           "DELETE FROM allfeatures WHERE id=15882040:successful"
2022-09-30 05:11:40 I Hazel Print           "DELETE FROM allfeatures WHERE id=15810503:successful"
2022-09-30 05:11:40 I Hazel Print           "DELETE FROM allfeatures WHERE id=15810493:successful"
2022-09-30 05:11:40 I Hazel Print           "INSERT INTO features (rel, status, count, date)                                 SELECT rel, status, count((@rn := @rn + 1)) as count, '2022-09-30' as date FROM allfeatures cross join (select @rn := 0) const GROUP BY rel, status:successful"
2022-09-30 05:11:41 I Hazel Get_allchangere "[]"
2022-09-30 05:11:41 I Hazel Print           "CREATE TABLE IF NOT EXISTS changes (                                 rel TEXT, status TEXT, priority TEXT,                                 requester TEXT, date TEXT, count INT) ENGINE=InnoDB DEFAULT CHARSET=utf8:successful"
2022-09-30 05:11:41 I Hazel Print           "CREATE TABLE IF NOT EXISTS allchanges (                                 id INT, uniqueid TEXT, name TEXT,                                 status TEXT, rel TEXT, priority TEXT,                                 requester TEXT) ENGINE=InnoDB DEFAULT CHARSET=utf8:successful"
2022-09-30 05:11:41 I Hazel Print           "DELETE FROM changes WHERE date='2022-09-30':successful"
2022-09-30 05:11:41 I Hazel Print           "INSERT INTO changes (                                 rel, status, priority, requester, date, count)                                 SELECT rel, status, priority, requester, '2022-09-30' as date, count((@rn := @rn + 1)) as count FROM allchanges                                 cross join (select @rn := 0) const GROUP BY rel, status, priority, requester:successful"
2022-09-30 05:11:42 I Hazel Print           "CREATE TABLE IF NOT EXISTS designspec (                            rel TEXT, team TEXT, status TEXT, count INT, date text) ENGINE=InnoDB DEFAULT CHARSET=utf8:successful"
2022-09-30 05:11:42 I Hazel Print           "CREATE TABLE IF NOT EXISTS alldesignspec (                             id INT, uniqueid TEXT, name TEXT, status TEXT, rel TEXT, team TEXT) ENGINE=InnoDB DEFAULT CHARSET=utf8:successful"
2022-09-30 05:11:42 I Hazel Print           "DELETE FROM designspec WHERE date='2022-09-30':successful"
2022-09-30 05:11:42 I Hazel Print           "INSERT INTO designspec (rel, team, status, count, date) SELECT rel, team, status, count((@rn := @rn + 1)) as count, '2022-09-30' as date FROM alldesignspec cross join (select @rn := 0) const GROUP BY rel, team, status:successful"
2022-09-30 05:11:44 I Hazel Get_alluserstor "[]"
2022-09-30 05:11:44 I Hazel Print           "CREATE TABLE IF NOT EXISTS userstories (                 rel TEXT, status TEXT, count INT, date TEXT) ENGINE=InnoDB DEFAULT CHARSET=utf8:successful"
2022-09-30 05:11:44 I Hazel Print           "CREATE TABLE IF NOT EXISTS alluserstories (                 id INT, uniqueid TEXT, name TEXT, status TEXT, rel TEXT) ENGINE=InnoDB DEFAULT CHARSET=utf8:successful"
2022-09-30 05:11:44 I Hazel Print           "DELETE FROM userstories WHERE date='2022-09-30':successful"
2022-09-30 05:11:44 I Hazel Print           "INSERT INTO userstories (rel, status, count, date) SELECT rel, status, count((@rn := @rn + 1)) as count, '2022-09-30' as date FROM alluserstories cross join (select @rn := 0) const GROUP BY rel, status:successful"
2022-09-30 05:16:10 I Hazel Get_alldefects  "[{'id': 9323149, 'name': 'Wrong reward if customer decides to register the headset via the Sound+ app', 'documentKey': 'Haz-BUG-57', 'statusId': 156538, 'status': 'Closed', 'teamId': 156570, 'team': 'DE Mobile Apps', 'priorityId': 156534, 'priority': 'Minor', 'upstream': '', 'jira': 'https://jabra1.atlassian.net/browse/HAZ-119'}, {'id': 9339106, 'name': 'Alexa not working on MS-sku', 'documentKey': 'Haz-BUG-61', 'statusId': 156538, 'status': 'Closed', 'teamId': 157251, 'team': 'ESW BT', 'priorityId': 156533, 'priority': 'Major', 'upstream': '', 'jira': 'https://jabra1.atlassian.net/browse/HAZ-134'}, {'id': 9339107, 'name': 'Left button needs to be held for 7 seconds(!) to activate voice assistant', 'documentKey': 'Haz-BUG-62', 'statusId': 156538, 'status': 'Closed', 'teamId': 157251, 'team': 'ESW BT', 'priorityId': 156533, 'priority': 'Major', 'upstream': '', 'jira': 'https://jabra1.atlassian.net/browse/HAZ-135'}, {'id': 9455200, 'name': 'FW transfer (FOTA) takes very long time using Android', 'documentKey': 'Haz-BUG-100', 'statusId': 156536, 'status': 'Open', 'teamId': 156570, 'team': 'DE Mobile Apps', 'priorityId': 156533, 'priority': 'Major', 'upstream': '', 'jira': 'https://jabra1.atlassian.net/browse/HAZ-183'}, {'id': 9456027, 'name': '[FT] Tap RS cannot reconnect to the last known AG', 'documentKey': 'Haz-BUG-104', 'statusId': 156538, 'status': 'Closed', 'teamId': 157251, 'team': 'ESW BT', 'priorityId': 156533, 'priority': 'Major', 'upstream': '9454924, 9454895', 'jira': 'https://jabra1.atlassian.net/browse/HAZ-189'}, {'id': 9457407, 'name': 'MS Teams: Tx Noise Level Change requirement (4.1.11)', 'documentKey': 'Haz-BUG-108', 'statusId': 156538, 'status': 'Closed', 'teamId': 156853, 'team': 'Audio Engineering', 'priorityId': 156531, 'priority': 'Blocker', 'upstream': '', 'jira': 'https://jabra1.atlassian.net/browse/HAZ-196'}, {'id': 9457429, 'name': 'MS Teams: 3QUEST S-MOS requirements (4.4.1)', 'documentKey': 'Haz-BUG-110', 'statusId': 156537, 'status': 'Resolved', 'teamId': 156853, 'team': 'Audio Engineering', 'priorityId': 156531, 'priority': 'Blocker', 'upstream': '', 'jira': 'https://jabra1.atlassian.net/browse/HAZ-198'}, {'id': 9464426, 'name': '[UX] No audio feedback for MFB Press (gesture for MS voice assistant and raise hand)', 'documentKey': 'Haz-BUG-119', 'statusId': 156538, 'status': 'Closed', 'teamId': 156578, 'team': 'UX', 'priorityId': 156535, 'priority': 'Trivial', 'upstream': '', 'jira': 'https://jabra1.atlassian.net/browse/HAZ-209'}, {'id': 9495759, 'name': 'Flash erase timeout (left side) when Hazel do CTO FW upgrade', 'documentKey': 'Haz-BUG-145', 'statusId': 156536, 'status': 'Open', 'teamId': 157251, 'team': 'ESW BT', 'priorityId': 156532, 'priority': 'Critical', 'upstream': '', 'jira': 'https://jabra1.atlassian.net/browse/HAZ-259'}, {'id': 9549011, 'name': 'Zoom: Tx Distortion and Noise HAWB (7.1.10)', 'documentKey': 'Haz-BUG-157', 'statusId': 156538, 'status': 'Closed', 'teamId': 156853, 'team': 'Audio Engineering', 'priorityId': 156532, 'priority': 'Critical', 'upstream': '', 'jira': 'https://jabra1.atlassian.net/browse/HAZ-280'}, {'id': 9549014, 'name': 'Zoom: Rx Distortion and Noise HAWB (7.2.7)', 'documentKey': 'Haz-BUG-158', 'statusId': 156538, 'status': 'Closed', 'teamId': 156853, 'team': 'Audio Engineering', 'priorityId': 156532, 'priority': 'Critical', 'upstream': '', 'jira': 'https://jabra1.atlassian.net/browse/HAZ-281'}, {'id': 9561493, 'name': '[UX] No definition for JDO setting page display', 'documentKey': 'Haz-BUG-162', 'statusId': 156538, 'status': 'Closed', 'teamId': 156578, 'team': 'UX', 'priorityId': 156533, 'priority': 'Major', 'upstream': '', 'jira': 'https://jabra1.atlassian.net/browse/HAZ-288'}, {'id': 9597539, 'name': 'Muffled TX, can be resolved by touching earbuds', 'documentKey': 'Haz-BUG-177', 'statusId': 156538, 'status': 'Closed', 'teamId': 156853, 'team': 'Audio Engineering', 'priorityId': 156532, 'priority': 'Critical', 'upstream': '', 'jira': 'https://jabra1.atlassian.net/browse/HAZ-306'}, {'id': 9598117, 'name': 'Earbuds do not reconnect to dongle after out of cradle', 'documentKey': 'Haz-BUG-178', 'statusId': 156538, 'status': 'Closed', 'teamId': 157251, 'team': 'ESW BT', 'priorityId': 156535, 'priority': 'Trivial', 'upstream': '', 'jira': 'https://jabra1.atlassian.net/browse/HAZ-308'}, {'id': 9600619, 'name': 'ANC Personlization failed [S+ App related]', 'documentKey': 'Haz-BUG-181', 'statusId': 156538, 'status': 'Closed', 'teamId': 157345, 'team': 'DE SDK', 'priorityId': 156532, 'priority': 'Critical', 'upstream': '', 'jira': 'https://jabra1.atlassian.net/browse/HAZ-311'}, {'id': 9601231, 'name': 'CLONED: Jerky behavior when toggling in ear detect', 'documentKey': 'Haz-BUG-183', 'statusId': 156536, 'status': 'Open', 'teamId': 156570, 'team': 'DE Mobile Apps', 'priorityId': 156534, 'priority': 'Minor', 'upstream': '', 'jira': 'https://jabra1.atlassian.net/browse/HAZ-313'}, {'id': 9620450, 'name': 'PB8 is configured as a weak pull up for HW_VER_DET. but this pin is connected to 0ohm resistor to GND. That increases the idle current consumption by approximate 80uA', 'documentKey': 'Haz-BUG-188', 'statusId': 156538, 'status': 'Closed', 'teamId': 157251, 'team': 'ESW BT', 'priorityId': 156533, 'priority': 'Major', 'upstream': '', 'jira': 'https://jabra1.atlassian.net/browse/HAZ-319'}, {'id': 9634841, 'name': 'Automatic UI swap in app not existing !', 'documentKey': 'Haz-BUG-191', 'statusId': 156536, 'status': 'Open', 'teamId': 156570, 'team': 'DE Mobile Apps', 'priorityId': 156534, 'priority': 'Minor', 'upstream': '', 'jira': 'https://jabra1.atlassian.net/browse/HAZ-322'}, {'id': 9638630, 'name': 'earbud crash two times in a phone call', 'documentKey': 'Haz-BUG-194', 'statusId': 156536, 'status': 'Open', 'teamId': 156853, 'team': 'Audio Engineering', 'priorityId': 156533, 'priority': 'Major', 'upstream': '', 'jira': 'https://jabra1.atlassian.net/browse/HAZ-325'}, {'id': 9656813, 'name': 'Saga fw v.1.16.0 version together with Hazel FCS fw version 1.1.0 ', 'documentKey': 'Haz-BUG-196', 'statusId': 156536, 'status': 'Open', 'teamId': 156675, 'team': 'PM', 'priorityId': 156531, 'priority': 'Blocker', 'upstream': '', 'jira': 'https://jabra1.atlassian.net/browse/HAZ-327'}, {'id': 9681665, 'name': 'Sound+ app. Voice assistant is not shown under MyControls - Press and hold on the left ear-bud', 'documentKey': 'Haz-BUG-201', 'statusId': 156538, 'status': 'Closed', 'teamId': 156570, 'team': 'DE Mobile Apps', 'priorityId': 156534, 'priority': 'Minor', 'upstream': '', 'jira': 'https://jabra1.atlassian.net/browse/HAZ-331'}, {'id': 9688375, 'name': '[UX] No product configuration for MS Press and hold action - media functionality', 'documentKey': 'Haz-BUG-210', 'statusId': 156538, 'status': 'Closed', 'teamId': 156570, 'team': 'DE Mobile Apps', 'priorityId': 156534, 'priority': 'Minor', 'upstream': '', 'jira': 'https://jabra1.atlassian.net/browse/HAZ-343'}, {'id': 9689977, 'name': 'Earbud will reboot (panic 0x18D4) after take off earbuds', 'documentKey': 'Haz-BUG-213', 'statusId': 156536, 'status': 'Open', 'teamId': 157251, 'team': 'ESW BT', 'priorityId': 156533, 'priority': 'Major', 'upstream': '10032216', 'jira': 'https://jabra1.atlassian.net/browse/HAZ-347'}, {'id': 9694096, 'name': '[FT] Auto UI Swap cannot take effect immediately if enable when mono use', 'documentKey': 'Haz-BUG-217', 'statusId': 156536, 'status': 'Open', 'teamId': 157251, 'team': 'ESW BT', 'priorityId': 156534, 'priority': 'Minor', 'upstream': '9679449, 10032214', 'jira': 'https://jabra1.atlassian.net/browse/HAZ-351'}, {'id': 9695139, 'name': 'Plays "To connect..." while playing music', 'documentKey': 'Haz-BUG-219', 'statusId': 156536, 'status': 'Open', 'teamId': 157251, 'team': 'ESW BT', 'priorityId': 156535, 'priority': 'Trivial', 'upstream': '', 'jira': 'https://jabra1.atlassian.net/browse/HAZ-353'}, {'id': 9733840, 'name': "[FWU] HS doesn't enter update, need to open and close lid again", 'documentKey': 'Haz-BUG-226', 'statusId': 156536, 'status': 'Open', 'teamId': 157251, 'team': 'ESW BT', 'priorityId': 156533, 'priority': 'Major', 'upstream': '9679359, 9679364, 9679421', 'jira': 'https://jabra1.atlassian.net/browse/HAZ-364'}, {'id': 9734856, 'name': "[FWU] HS doesn't update to target version after lid finished flash purple light.", 'documentKey': 'Haz-BUG-227', 'statusId': 156538, 'status': 'Closed', 'teamId': 157251, 'team': 'ESW BT', 'priorityId': 156533, 'priority': 'Major', 'upstream': '', 'jira': 'https://jabra1.atlassian.net/browse/HAZ-365'}, {'id': 9751055, 'name': "[Partner Certification] HS won't enter call state after unplug and plug in mute state", 'documentKey': 'Haz-BUG-228', 'statusId': 156538, 'status': 'Closed', 'teamId': 157251, 'team': 'ESW BT', 'priorityId': 156531, 'priority': 'Blocker', 'upstream': '9748184', 'jira': 'https://jabra1.atlassian.net/browse/HAZ-366'}, {'id': 9780389, 'name': '[MMI] Only primary earbud play power on tone when undock both earbuds', 'documentKey': 'Haz-BUG-231', 'statusId': 156536, 'status': 'Open', 'teamId': 157251, 'team': 'ESW BT', 'priorityId': 156534, 'priority': 'Minor', 'upstream': '10031977', 'jira': 'https://jabra1.atlassian.net/browse/HAZ-370'}, {'id': 9839330, 'name': 'hazel with dongle in phone (samsung s20) is very low in music mode', 'documentKey': 'Haz-BUG-236', 'statusId': 156536, 'status': 'Open', 'teamId': 157251, 'team': 'ESW BT', 'priorityId': 156535, 'priority': 'Trivial', 'upstream': '', 'jira': 'https://jabra1.atlassian.net/browse/HAZ-375'}, {'id': 9849215, 'name': 'Moments will not see earbuds updated if use other one than used for the update', 'documentKey': 'Haz-BUG-239', 'statusId': 156536, 'status': 'Open', 'teamId': 156570, 'team': 'DE Mobile Apps', 'priorityId': 156533, 'priority': 'Major', 'upstream': '', 'jira': 'https://jabra1.atlassian.net/browse/HAZ-378'}, {'id': 9866237, 'name': 'Add the 6 accessory SKUs in Hazel FCS FW CTO package together with other normal SKUs', 'documentKey': 'Haz-BUG-243', 'statusId': 156538, 'status': 'Closed', 'teamId': 157251, 'team': 'ESW BT', 'priorityId': 156531, 'priority': 'Blocker', 'upstream': '', 'jira': 'https://jabra1.atlassian.net/browse/HAZ-383'}, {'id': 9872721, 'name': 'No audio in Teams meeting when join just after an ended Mobile phone call', 'documentKey': 'Haz-BUG-244', 'statusId': 156538, 'status': 'Closed', 'teamId': 157251, 'team': 'ESW BT', 'priorityId': 156532, 'priority': 'Critical', 'upstream': '', 'jira': 'https://jabra1.atlassian.net/browse/HAZ-387'}, {'id': 9874646, 'name': "Cradle's voltage unexpectedly dropped with its earbuds inside after the shipmode sent", 'documentKey': 'Haz-BUG-245', 'statusId': 156536, 'status': 'Open', 'teamId': 156577, 'team': 'Manufacturing Test', 'priorityId': 156532, 'priority': 'Critical', 'upstream': '', 'jira': 'https://jabra1.atlassian.net/browse/HAZ-388'}, {'id': 9875490, 'name': 'Teams cannot hear me after being on a call on the phone', 'documentKey': 'Haz-BUG-246', 'statusId': 156538, 'status': 'Closed', 'teamId': 157251, 'team': 'ESW BT', 'priorityId': 156531, 'priority': 'Blocker', 'upstream': '', 'jira': 'https://jabra1.atlassian.net/browse/HAZ-389'}, {'id': 9879061, 'name': "Earbuds' voltage dropped greatly and suspiciously after the shipmode sent ", 'documentKey': 'Haz-BUG-247', 'statusId': 156539, 'status': 'In Progress', 'teamId': 156572, 'team': 'HW Engineering', 'priorityId': 156532, 'priority': 'Critical', 'upstream': '', 'jira': 'https://jabra1.atlassian.net/browse/HAZ-390'}, {'id': 9881931, 'name': 'The extreme voltage drop case of Hazel Earbuds sent the new Shipmode', 'documentKey': 'Haz-BUG-248', 'statusId': 156536, 'status': 'Open', 'teamId': 157251, 'team': 'ESW BT', 'priorityId': 156532, 'priority': 'Critical', 'upstream': '', 'jira': 'https://jabra1.atlassian.net/browse/HAZ-391'}, {'id': 9884395, 'name': 'RS audio dropout when watching Youtube video', 'documentKey': 'Haz-BUG-250', 'statusId': 156538, 'status': 'Closed', 'teamId': 157251, 'team': 'ESW BT', 'priorityId': 156531, 'priority': 'Blocker', 'upstream': '', 'jira': 'https://jabra1.atlassian.net/browse/HAZ-393'}, {'id': 9891852, 'name': 'Very low volume in Mobile phone music when steaming in multiconnect', 'documentKey': 'Haz-BUG-251', 'statusId': 156536, 'status': 'Open', 'teamId': 157251, 'team': 'ESW BT', 'priorityId': 156534, 'priority': 'Minor', 'upstream': '', 'jira': 'https://jabra1.atlassian.net/browse/HAZ-394'}, {'id': 9891859, 'name': 'Not able to manually power off single use earbud on Hazel MS', 'documentKey': 'Haz-BUG-252', 'statusId': 156538, 'status': 'Closed', 'teamId': 157251, 'team': 'ESW BT', 'priorityId': 156535, 'priority': 'Trivial', 'upstream': '', 'jira': 'https://jabra1.atlassian.net/browse/HAZ-395'}, {'id': 9947321, 'name': 'CLONE - Teams cannot hear me after being on a call on the phone', 'documentKey': 'Haz-BUG-253', 'statusId': 156538, 'status': 'Closed', 'teamId': 157251, 'team': 'ESW BT', 'priorityId': 156531, 'priority': 'Blocker', 'upstream': '', 'jira': 'https://jabra1.atlassian.net/browse/SAGA-372'}, {'id': 9976897, 'name': 'Power on tone out of sync (when fully off)', 'documentKey': 'Haz-BUG-254', 'statusId': 156536, 'status': 'Open', 'teamId': 157251, 'team': 'ESW BT', 'priorityId': 156534, 'priority': 'Minor', 'upstream': '', 'jira': 'https://jabra1.atlassian.net/browse/HAZ-397'}, {'id': 10032530, 'name': 'CLONE - Not able to configure right button 3-tap action', 'documentKey': 'Haz-BUG-255', 'statusId': 156537, 'status': 'Resolved', 'teamId': 156570, 'team': 'DE Mobile Apps', 'priorityId': 156535, 'priority': 'Trivial', 'upstream': '', 'jira': 'https://jabra1.atlassian.net/browse/HAZ-401'}, {'id': 10032531, 'name': 'Wrong PSD Start Data Scale Factors', 'documentKey': 'Haz-BUG-256', 'statusId': 156536, 'status': 'Open', 'teamId': 156853, 'team': 'Audio Engineering', 'priorityId': 156532, 'priority': 'Critical', 'upstream': '', 'jira': 'https://jabra1.atlassian.net/browse/HAZ-399'}, {'id': 10046437, 'name': '[FT] Audio drop when change primary earbud', 'documentKey': 'Haz-BUG-257', 'statusId': 156536, 'status': 'Open', 'teamId': 157251, 'team': 'ESW BT', 'priorityId': 156534, 'priority': 'Minor', 'upstream': '10032207', 'jira': 'https://jabra1.atlassian.net/browse/HAZ-402'}, {'id': 10065985, 'name': '[FWU] Only update one earbud', 'documentKey': 'Haz-BUG-258', 'statusId': 156536, 'status': 'Open', 'teamId': 157251, 'team': 'ESW BT', 'priorityId': 156532, 'priority': 'Critical', 'upstream': '', 'jira': 'https://jabra1.atlassian.net/browse/HAZ-403'}, {'id': 10066147, 'name': '[FWU] FW transfer time is more than 20 min', 'documentKey': 'Haz-BUG-259', 'statusId': 156537, 'status': 'Resolved', 'teamId': 156570, 'team': 'DE Mobile Apps', 'priorityId': 156534, 'priority': 'Minor', 'upstream': '', 'jira': 'https://jabra1.atlassian.net/browse/HAZ-404'}, {'id': 10069091, 'name': 'Reading GNP device info fails and breaks the connection', 'documentKey': 'Haz-BUG-260', 'statusId': 156536, 'status': 'Open', 'teamId': 157251, 'team': 'ESW BT', 'priorityId': 156535, 'priority': 'Trivial', 'upstream': '', 'jira': 'https://jabra1.atlassian.net/browse/HAZ-405'}, {'id': 10072210, 'name': 'Earbuds does not invoke teams when pressing right earbud', 'documentKey': 'Haz-BUG-261', 'statusId': 156538, 'status': 'Closed', 'teamId': 157251, 'team': 'ESW BT', 'priorityId': 156531, 'priority': 'Blocker', 'upstream': '', 'jira': 'https://jabra1.atlassian.net/browse/HAZ-406'}, {'id': 10075749, 'name': 'Shipmode will be removed after sending 2 times GNP commands to Earbuds through Cradle', 'documentKey': 'Haz-BUG-262', 'statusId': 156536, 'status': 'Open', 'teamId': 157251, 'team': 'ESW BT', 'priorityId': 156532, 'priority': 'Critical', 'upstream': '', 'jira': 'https://jabra1.atlassian.net/browse/HAZ-407'}, {'id': 10091703, 'name': 'Cannot Change Right Button Functionality from JDO', 'documentKey': 'Haz-BUG-263', 'statusId': 156536, 'status': 'Open', 'teamId': 156571, 'team': 'DE Online', 'priorityId': 156535, 'priority': 'Trivial', 'upstream': '', 'jira': 'https://jabra1.atlassian.net/browse/HAZ-408'}, {'id': 10091974, 'name': 'Cannot change volume on headset', 'documentKey': 'Haz-BUG-264', 'statusId': 156538, 'status': 'Closed', 'teamId': 156853, 'team': 'Audio Engineering', 'priorityId': 156535, 'priority': 'Trivial', 'upstream': '', 'jira': 'https://jabra1.atlassian.net/browse/HAZ-409'}, {'id': 10094446, 'name': 'i: The right earbud command  are applied to the left earbud although the two earbuds are taken out of the cradle.', 'documentKey': 'Haz-BUG-265', 'statusId': 156536, 'status': 'Open', 'teamId': 156570, 'team': 'DE Mobile Apps', 'priorityId': 156533, 'priority': 'Major', 'upstream': '', 'jira': 'https://jabra1.atlassian.net/browse/HAZ-410'}, {'id': 10099667, 'name': 'Rx clipping/scratching during Teams calls', 'documentKey': 'Haz-BUG-266', 'statusId': 156536, 'status': 'Open', 'teamId': 156853, 'team': 'Audio Engineering', 'priorityId': 156535, 'priority': 'Trivial', 'upstream': '', 'jira': 'https://jabra1.atlassian.net/browse/HAZ-411'}, {'id': 10107908, 'name': 'Rx and Tx goes bad. Walking distance is 3 meters from the phone', 'documentKey': 'Haz-BUG-267', 'statusId': 156536, 'status': 'Open', 'teamId': 157251, 'team': 'ESW BT', 'priorityId': 156535, 'priority': 'Trivial', 'upstream': '', 'jira': 'https://jabra1.atlassian.net/browse/HAZ-415'}]"
2022-09-30 05:16:10 I Hazel Print           "CREATE TABLE IF NOT EXISTS defects (                     rel TEXT, team TEXT, status TEXT, priority TEXT, count INT, date TEXT) ENGINE=InnoDB DEFAULT CHARSET=utf8:successful"
2022-09-30 05:16:10 I Hazel Print           "CREATE TABLE IF NOT EXISTS alldefects (                     id INT, uniqueid TEXT, name TEXT, status TEXT, rel TEXT, team TEXT, priority TEXT, jira TEXT, upstream TEXT) ENGINE=InnoDB DEFAULT CHARSET=utf8:successful"
2022-09-30 05:16:10 I Hazel Print           "DELETE FROM defects WHERE date='2022-09-30':successful"
2022-09-30 05:16:10 I Hazel Print           "DELETE FROM alldefects WHERE id = 9323149:successful"
2022-09-30 05:16:10 I Hazel Print           "DELETE FROM alldefects WHERE id = 9339106:successful"
2022-09-30 05:16:10 I Hazel Print           "DELETE FROM alldefects WHERE id = 9339107:successful"
2022-09-30 05:16:10 I Hazel Print           "DELETE FROM alldefects WHERE id = 9455200:successful"
2022-09-30 05:16:10 I Hazel Print           "DELETE FROM alldefects WHERE id = 9456027:successful"
2022-09-30 05:16:10 I Hazel Print           "DELETE FROM alldefects WHERE id = 9457407:successful"
2022-09-30 05:16:10 I Hazel Print           "DELETE FROM alldefects WHERE id = 9457429:successful"
2022-09-30 05:16:10 I Hazel Print           "DELETE FROM alldefects WHERE id = 9464426:successful"
2022-09-30 05:16:10 I Hazel Print           "DELETE FROM alldefects WHERE id = 9495759:successful"
2022-09-30 05:16:10 I Hazel Print           "DELETE FROM alldefects WHERE id = 9549011:successful"
2022-09-30 05:16:10 I Hazel Print           "DELETE FROM alldefects WHERE id = 9549014:successful"
2022-09-30 05:16:10 I Hazel Print           "DELETE FROM alldefects WHERE id = 9561493:successful"
2022-09-30 05:16:10 I Hazel Print           "DELETE FROM alldefects WHERE id = 9597539:successful"
2022-09-30 05:16:10 I Hazel Print           "DELETE FROM alldefects WHERE id = 9598117:successful"
2022-09-30 05:16:10 I Hazel Print           "DELETE FROM alldefects WHERE id = 9600619:successful"
2022-09-30 05:16:10 I Hazel Print           "DELETE FROM alldefects WHERE id = 9601231:successful"
2022-09-30 05:16:10 I Hazel Print           "DELETE FROM alldefects WHERE id = 9620450:successful"
2022-09-30 05:16:10 I Hazel Print           "DELETE FROM alldefects WHERE id = 9634841:successful"
2022-09-30 05:16:10 I Hazel Print           "DELETE FROM alldefects WHERE id = 9638630:successful"
2022-09-30 05:16:10 I Hazel Print           "DELETE FROM alldefects WHERE id = 9656813:successful"
2022-09-30 05:16:10 I Hazel Print           "DELETE FROM alldefects WHERE id = 9681665:successful"
2022-09-30 05:16:10 I Hazel Print           "DELETE FROM alldefects WHERE id = 9688375:successful"
2022-09-30 05:16:10 I Hazel Print           "DELETE FROM alldefects WHERE id = 9689977:successful"
2022-09-30 05:16:10 I Hazel Print           "DELETE FROM alldefects WHERE id = 9694096:successful"
2022-09-30 05:16:10 I Hazel Print           "DELETE FROM alldefects WHERE id = 9695139:successful"
2022-09-30 05:16:10 I Hazel Print           "DELETE FROM alldefects WHERE id = 9733840:successful"
2022-09-30 05:16:10 I Hazel Print           "DELETE FROM alldefects WHERE id = 9734856:successful"
2022-09-30 05:16:10 I Hazel Print           "DELETE FROM alldefects WHERE id = 9751055:successful"
2022-09-30 05:16:10 I Hazel Print           "DELETE FROM alldefects WHERE id = 9780389:successful"
2022-09-30 05:16:10 I Hazel Print           "DELETE FROM alldefects WHERE id = 9839330:successful"
2022-09-30 05:16:10 I Hazel Print           "DELETE FROM alldefects WHERE id = 9849215:successful"
2022-09-30 05:16:10 I Hazel Print           "DELETE FROM alldefects WHERE id = 9866237:successful"
2022-09-30 05:16:10 I Hazel Print           "DELETE FROM alldefects WHERE id = 9872721:successful"
2022-09-30 05:16:10 I Hazel Print           "DELETE FROM alldefects WHERE id = 9874646:successful"
2022-09-30 05:16:10 I Hazel Print           "DELETE FROM alldefects WHERE id = 9875490:successful"
2022-09-30 05:16:10 I Hazel Print           "DELETE FROM alldefects WHERE id = 9879061:successful"
2022-09-30 05:16:10 I Hazel Print           "DELETE FROM alldefects WHERE id = 9881931:successful"
2022-09-30 05:16:10 I Hazel Print           "DELETE FROM alldefects WHERE id = 9884395:successful"
2022-09-30 05:16:10 I Hazel Print           "DELETE FROM alldefects WHERE id = 9891852:successful"
2022-09-30 05:16:10 I Hazel Print           "DELETE FROM alldefects WHERE id = 9891859:successful"
2022-09-30 05:16:10 I Hazel Print           "DELETE FROM alldefects WHERE id = 9947321:successful"
2022-09-30 05:16:10 I Hazel Print           "DELETE FROM alldefects WHERE id = 9976897:successful"
2022-09-30 05:16:10 I Hazel Print           "DELETE FROM alldefects WHERE id = 10032530:successful"
2022-09-30 05:16:10 I Hazel Print           "DELETE FROM alldefects WHERE id = 10032531:successful"
2022-09-30 05:16:10 I Hazel Print           "DELETE FROM alldefects WHERE id = 10046437:successful"
2022-09-30 05:16:10 I Hazel Print           "DELETE FROM alldefects WHERE id = 10065985:successful"
2022-09-30 05:16:10 I Hazel Print           "DELETE FROM alldefects WHERE id = 10066147:successful"
2022-09-30 05:16:10 I Hazel Print           "DELETE FROM alldefects WHERE id = 10069091:successful"
2022-09-30 05:16:10 I Hazel Print           "DELETE FROM alldefects WHERE id = 10072210:successful"
2022-09-30 05:16:10 I Hazel Print           "DELETE FROM alldefects WHERE id = 10075749:successful"
2022-09-30 05:16:10 I Hazel Print           "DELETE FROM alldefects WHERE id = 10091703:successful"
2022-09-30 05:16:10 I Hazel Print           "DELETE FROM alldefects WHERE id = 10091974:successful"
2022-09-30 05:16:10 I Hazel Print           "DELETE FROM alldefects WHERE id = 10094446:successful"
2022-09-30 05:16:10 I Hazel Print           "DELETE FROM alldefects WHERE id = 10099667:successful"
2022-09-30 05:16:10 I Hazel Print           "DELETE FROM alldefects WHERE id = 10107908:successful"
2022-09-30 05:16:10 I Hazel Print           "Not enough parameters for the SQL statement"
2022-09-30 05:16:10 I Hazel Print           "INSERT INTO defects (rel, team, status, count, date, priority) SELECT rel, team, status, count((@rn := @rn + 1)) as count, '2022-09-30' as date, priority FROM alldefects cross join (select @rn := 0) const GROUP BY rel, team, status, priority:successful"
2022-09-30 05:20:56 I Hazel get_multipickli "Digital Experience – Android don't find the mainteam name from G_parameter"
2022-09-30 05:21:00 I Hazel get_multipickli "Digital Experience – IOS don't find the mainteam name from G_parameter"
2022-09-30 05:21:02 I Hazel get_multipickli "Digital Experience – SDK don't find the mainteam name from G_parameter"
2022-09-30 05:24:51 I Hazel get_multipickli "Unassigned don't find the mainteam name from G_parameter"
2022-09-30 05:30:41 I Hazel get_multipickli "Unassigned don't find the mainteam name from G_parameter"
2022-09-30 05:30:51 I Hazel get_multipickli "Digital Experience – Android don't find the mainteam name from G_parameter"
2022-09-30 05:30:51 I Hazel get_multipickli "Digital Experience – IOS don't find the mainteam name from G_parameter"
2022-09-30 05:30:54 I Hazel get_multipickli "Digital Experience – Android don't find the mainteam name from G_parameter"
2022-09-30 05:30:54 I Hazel get_multipickli "Digital Experience – IOS don't find the mainteam name from G_parameter"
2022-09-30 05:30:58 I Hazel get_multipickli "Digital Experience – Android don't find the mainteam name from G_parameter"
2022-09-30 05:30:58 I Hazel get_multipickli "Digital Experience – IOS don't find the mainteam name from G_parameter"
2022-09-30 05:31:01 I Hazel get_multipickli "Digital Experience – Android don't find the mainteam name from G_parameter"
2022-09-30 05:31:01 I Hazel get_multipickli "Digital Experience – IOS don't find the mainteam name from G_parameter"
2022-09-30 05:31:10 I Hazel get_multipickli "ESW Platform Test don't find the mainteam name from G_parameter"
2022-09-30 05:31:17 I Hazel get_multipickli "Digital Experience – Android don't find the mainteam name from G_parameter"
2022-09-30 05:31:17 I Hazel get_multipickli "Digital Experience – IOS don't find the mainteam name from G_parameter"
2022-09-30 05:31:38 I Hazel get_multipickli "Unassigned don't find the mainteam name from G_parameter"
2022-09-30 05:31:52 I Hazel get_multipickli "ESW Platform Test don't find the mainteam name from G_parameter"
2022-09-30 05:32:17 I Hazel get_multipickli "Digital Experience – Android don't find the mainteam name from G_parameter"
2022-09-30 05:32:17 I Hazel get_multipickli "Digital Experience – IOS don't find the mainteam name from G_parameter"
2022-09-30 05:32:17 I Hazel get_multipickli "Digital Experience – SDK don't find the mainteam name from G_parameter"
2022-09-30 05:32:19 I Hazel get_multipickli "Unassigned don't find the mainteam name from G_parameter"
2022-09-30 05:32:34 I Hazel get_multipickli "ESW Platform Test don't find the mainteam name from G_parameter"
2022-09-30 05:32:36 I Hazel get_multipickli "ESW Platform Test don't find the mainteam name from G_parameter"
2022-09-30 05:32:38 I Hazel get_multipickli "Unassigned don't find the mainteam name from G_parameter"
2022-09-30 05:32:38 I Hazel get_multipickli "ESW Platform Test don't find the mainteam name from G_parameter"
2022-09-30 05:32:54 I Hazel get_multipickli "ESW Platform Test don't find the mainteam name from G_parameter"
2022-09-30 05:32:59 I Hazel get_multipickli "ESW Platform Test don't find the mainteam name from G_parameter"
2022-09-30 05:33:31 I Hazel get_multipickli "Digital Experience – Android don't find the mainteam name from G_parameter"
2022-09-30 05:33:31 I Hazel get_multipickli "Digital Experience – IOS don't find the mainteam name from G_parameter"
2022-09-30 05:33:48 I Hazel get_multipickli "Digital Experience – Android don't find the mainteam name from G_parameter"
2022-09-30 05:33:48 I Hazel get_multipickli "Digital Experience – IOS don't find the mainteam name from G_parameter"
2022-09-30 05:34:11 I Hazel get_multipickli "Digital Experience – Android don't find the mainteam name from G_parameter"
2022-09-30 05:34:11 I Hazel get_multipickli "Digital Experience – IOS don't find the mainteam name from G_parameter"
2022-09-30 05:34:22 I Hazel get_multipickli "Digital Experience – Android don't find the mainteam name from G_parameter"
2022-09-30 05:34:22 I Hazel get_multipickli "Digital Experience – IOS don't find the mainteam name from G_parameter"
2022-09-30 05:37:47 I Hazel get_multipickli "Digital Experience – Android don't find the mainteam name from G_parameter"
2022-09-30 05:37:47 I Hazel get_multipickli "Digital Experience – IOS don't find the mainteam name from G_parameter"
2022-09-30 05:37:53 I Hazel get_multipickli "Digital Experience – Android don't find the mainteam name from G_parameter"
2022-09-30 05:37:53 I Hazel get_multipickli "Digital Experience – IOS don't find the mainteam name from G_parameter"
2022-09-30 05:37:57 I Hazel get_multipickli "Digital Experience – Android don't find the mainteam name from G_parameter"
2022-09-30 05:37:57 I Hazel get_multipickli "Digital Experience – IOS don't find the mainteam name from G_parameter"
2022-09-30 05:38:00 I Hazel get_multipickli "Digital Experience – Android don't find the mainteam name from G_parameter"
2022-09-30 05:38:00 I Hazel get_multipickli "Digital Experience – IOS don't find the mainteam name from G_parameter"
2022-09-30 05:38:04 I Hazel get_multipickli "Digital Experience – Android don't find the mainteam name from G_parameter"
2022-09-30 05:38:04 I Hazel get_multipickli "Digital Experience – IOS don't find the mainteam name from G_parameter"
2022-09-30 05:38:08 I Hazel get_multipickli "Digital Experience – Android don't find the mainteam name from G_parameter"
2022-09-30 05:38:08 I Hazel get_multipickli "Digital Experience – IOS don't find the mainteam name from G_parameter"
2022-09-30 05:38:12 I Hazel get_multipickli "Digital Experience – Android don't find the mainteam name from G_parameter"
2022-09-30 05:38:12 I Hazel get_multipickli "Digital Experience – IOS don't find the mainteam name from G_parameter"
2022-09-30 05:38:18 I Hazel get_multipickli "Digital Experience – Android don't find the mainteam name from G_parameter"
2022-09-30 05:38:18 I Hazel get_multipickli "Digital Experience – IOS don't find the mainteam name from G_parameter"
2022-09-30 05:38:23 I Hazel get_multipickli "Unassigned don't find the mainteam name from G_parameter"
2022-09-30 05:38:25 I Hazel get_multipickli "Digital Experience – Android don't find the mainteam name from G_parameter"
2022-09-30 05:38:27 I Hazel get_multipickli "Digital Experience – Android don't find the mainteam name from G_parameter"
2022-09-30 05:38:30 I Hazel get_multipickli "Digital Experience – Android don't find the mainteam name from G_parameter"
2022-09-30 05:38:33 I Hazel get_multipickli "Digital Experience – Android don't find the mainteam name from G_parameter"
2022-09-30 05:38:35 I Hazel get_multipickli "Digital Experience – Android don't find the mainteam name from G_parameter"
2022-09-30 05:38:38 I Hazel get_multipickli "Digital Experience – Android don't find the mainteam name from G_parameter"
2022-09-30 05:38:41 I Hazel get_multipickli "Digital Experience – Android don't find the mainteam name from G_parameter"
2022-09-30 05:38:41 I Hazel get_multipickli "Digital Experience – IOS don't find the mainteam name from G_parameter"
2022-09-30 05:38:47 I Hazel get_multipickli "Unassigned don't find the mainteam name from G_parameter"
2022-09-30 05:39:28 I Hazel get_multipickli "Unassigned don't find the mainteam name from G_parameter"
2022-09-30 05:39:28 I Hazel get_multipickli "ESW Platform Test don't find the mainteam name from G_parameter"
2022-09-30 05:39:28 I Hazel Print           "DROP TABLE IF EXISTS allrequirements:successful"
2022-09-30 05:39:28 I Hazel Print           "DROP TABLE IF EXISTS allcoverage:successful"
2022-09-30 05:39:28 I Hazel Print           "CREATE TABLE IF NOT EXISTS requirements (                        rel TEXT, status TEXT, count INT, date TEXT) ENGINE=InnoDB DEFAULT CHARSET=utf8:successful"
2022-09-30 05:39:28 I Hazel Print           "CREATE TABLE IF NOT EXISTS allrequirements (                        id INT, uniqueid TEXT, name TEXT, status TEXT, rel TEXT, upstream TEXT, downstream TEXT, team TEXT, test_status TEXT) ENGINE=InnoDB DEFAULT CHARSET=utf8:successful"
2022-09-30 05:39:28 I Hazel Print           "CREATE TABLE IF NOT EXISTS coverage (                        team text, covered int, expected int, date text) ENGINE=InnoDB DEFAULT CHARSET=utf8:successful"
2022-09-30 05:39:28 I Hazel Print           "CREATE TABLE IF NOT EXISTS allcoverage (                        id INT, uniqueid TEXT, name TEXT, status TEXT, rel TEXT, verify TEXT, missing TEXT) ENGINE=InnoDB DEFAULT CHARSET=utf8:successful"
2022-09-30 05:39:28 I Hazel Print           "DELETE FROM requirements WHERE date='2022-09-30':successful"
2022-09-30 05:39:28 I Hazel Print           "DELETE FROM coverage WHERE date='2022-09-30':successful"
2022-09-30 05:39:28 I Hazel Print           "INSERT INTO requirements (rel, status, count, date) SELECT rel, status, count((@rn := @rn + 1)) as count, '2022-09-30' as date FROM allrequirements cross join (select @rn := 0) const GROUP BY rel, status:successful"
2022-09-30 05:39:28 I Hazel Print           "CREATE TABLE IF NOT EXISTS feattest (rel TEXT, status TEXT, count TEXT, date TEXT) ENGINE=InnoDB DEFAULT CHARSET=utf8:successful"
2022-09-30 05:39:28 I Hazel Print           "CREATE TABLE IF NOT EXISTS reqtest (rel TEXT, status TEXT, count TEXT, date TEXT) ENGINE=InnoDB DEFAULT CHARSET=utf8:successful"
2022-09-30 05:39:28 I Hazel Print           "SELECT id FROM allfeatures:successful"
2022-09-30 05:39:28 I Hazel Print           "SELECT id,upstream,downstream,team FROM allrequirements:successful"
2022-09-30 05:39:28 I Hazel Print           "SELECT id FROM allcoverage:successful"
2022-09-30 05:39:28 I Hazel Print           "SELECT * FROM testcases:successful"
