2023-01-16 08:30:51 I Odin  Print           "Connet 20550 successfully!!!"
2023-01-16 08:30:51 I Odin  Get_alltests    "Get project name:Odin id:20550 all testplans"
2023-01-16 08:30:52 I Odin  Get_alltests    "{7979358: {'id': 7979358, 'name': 'Product Verification Test Plan', 'archived': False, 'index': '7979358:Product Verification Test Plan'}, 8559429: {'id': 8559429, 'name': 'UX Test Plan', 'archived': False, 'index': '8559429:UX Test Plan'}}"
2023-01-16 08:30:52 I Odin  Get_alltests    "Get project name:Odin id:20550 all testplans successful!!!"
2023-01-16 08:31:57 I Odin  tidy_alltestcas "101"
2023-01-16 08:32:29 I Odin  Print           "DROP TABLE IF EXISTS testcases:successful"
2023-01-16 08:32:29 I Odin  Print           "CREATE TABLE IF NOT EXISTS testcases (                             testplan_id INT,                             testplan_name TEXT,                             testgroup_id INT,                             testgroup_name TEXT,                             testcycle_id INT,                             testcycle_name TEXT,                             rel TEXT,                             id INT,                             uniqueid TEXT,                             name TEXT,                             status TEXT,                             upstream TEXT,                             downstream TEXT,                             executionDate TEXT) ENGINE=InnoDB DEFAULT CHARSET=utf8:successful"
2023-01-16 08:32:29 I Odin  update_database "Insert testcases table successful"
2023-01-16 08:32:29 I Odin  Print           "CREATE TABLE IF NOT EXISTS tests (                             testplan_id INT,                             testplan_name TEXT,                             testplan_status TEXT,                             rel TEXT, status TEXT,                             count INT, date TEXT) ENGINE=InnoDB DEFAULT CHARSET=utf8:successful"
2023-01-16 08:32:29 I Odin  Print           "DELETE FROM tests WHERE date='2023-01-16':successful"
2023-01-16 08:32:29 I Odin  Print           "SELECT testplan_id FROM tests GROUP BY testplan_id:successful"
2023-01-16 08:32:29 I Odin  Print           "SELECT testplan_name FROM tests WHERE testplan_id=7979358 LIMIT 1:successful"
2023-01-16 08:32:29 I Odin  Print           "UPDATE tests SET testplan_status='Active' WHERE testplan_id=7979358:successful"
2023-01-16 08:32:29 I Odin  Print           "SELECT testplan_name FROM tests WHERE testplan_id=8559429 LIMIT 1:successful"
2023-01-16 08:32:29 I Odin  Print           "UPDATE tests SET testplan_status='Active' WHERE testplan_id=8559429:successful"
2023-01-16 08:32:29 I Odin  Print           "INSERT INTO tests (testplan_id, testplan_name, testplan_status, rel, status, count, date) SELECT testplan_id, testplan_name, 'Active' as testplan_status, rel, status, count((@rn := @rn + 1)) as count, '2023-01-16' as date FROM testcases cross join (select @rn := 0) const GROUP BY testplan_id, rel, status:successful"
2023-01-16 08:32:29 I Odin  update_database "Insert tests table successful"
2023-01-16 08:32:29 I Odin  Print           "CREATE TABLE IF NOT EXISTS testapproval (                                 rel TEXT, team TEXT, status TEXT, upstream TEXT, count INT, date TEXT                                 ) ENGINE=InnoDB DEFAULT CHARSET=utf8:successful"
2023-01-16 08:32:29 I Odin  Print           "DROP TABLE IF EXISTS alltestapproval:successful"
2023-01-16 08:32:29 I Odin  Print           "CREATE TABLE IF NOT EXISTS alltestapproval (                                 id INT, uniqueid TEXT, name TEXT, status TEXT, rel TEXT, team TEXT, upstream TEXT                                 ) ENGINE=InnoDB DEFAULT CHARSET=utf8:successful"
2023-01-16 08:32:29 I Odin  Print           "DELETE FROM testapproval WHERE date='2023-01-16':successful"
2023-01-16 08:32:29 I Odin  Print           "INSERT INTO testapproval (rel, team, status, count, date, upstream) SELECT rel, team, status, count((@rn := @rn + 1)) as count, '2023-01-16' as date, upstream FROM alltestapproval cross join (select @rn := 0) const GROUP BY rel, team, status, upstream:successful"
2023-01-16 08:32:36 I Odin  Get_allfeatuers "[]"
2023-01-16 08:32:36 I Odin  Print           "CREATE TABLE IF NOT EXISTS features (                                rel TEXT, status TEXT, count INT, date TEXT) ENGINE=InnoDB DEFAULT CHARSET=utf8:successful"
2023-01-16 08:32:36 I Odin  Print           "CREATE TABLE IF NOT EXISTS allfeatures (                                id INT, uniqueid TEXT, name TEXT, status TEXT, rel TEXT,test_status TEXT) ENGINE=InnoDB DEFAULT CHARSET=utf8:successful"
2023-01-16 08:32:36 I Odin  Print           "DELETE FROM features WHERE date='2023-01-16':successful"
2023-01-16 08:32:36 I Odin  Print           "DELETE FROM allfeatures WHERE id=20438488:successful"
2023-01-16 08:32:36 I Odin  Print           "DELETE FROM allfeatures WHERE id=20436984:successful"
2023-01-16 08:32:36 I Odin  Print           "DELETE FROM allfeatures WHERE id=20402475:successful"
2023-01-16 08:32:36 I Odin  Print           "DELETE FROM allfeatures WHERE id=20402441:successful"
2023-01-16 08:32:36 I Odin  Print           "DELETE FROM allfeatures WHERE id=20389163:successful"
2023-01-16 08:32:36 I Odin  Print           "DELETE FROM allfeatures WHERE id=20388816:successful"
2023-01-16 08:32:36 I Odin  Print           "DELETE FROM allfeatures WHERE id=20388807:successful"
2023-01-16 08:32:36 I Odin  Print           "DELETE FROM allfeatures WHERE id=20364798:successful"
2023-01-16 08:32:36 I Odin  Print           "DELETE FROM allfeatures WHERE id=20363469:successful"
2023-01-16 08:32:36 I Odin  Print           "DELETE FROM allfeatures WHERE id=19961485:successful"
2023-01-16 08:32:36 I Odin  Print           "DELETE FROM allfeatures WHERE id=19852323:successful"
2023-01-16 08:32:36 I Odin  Print           "DELETE FROM allfeatures WHERE id=17281075:successful"
2023-01-16 08:32:36 I Odin  Print           "DELETE FROM allfeatures WHERE id=16747580:successful"
2023-01-16 08:32:36 I Odin  Print           "DELETE FROM allfeatures WHERE id=16540015:successful"
2023-01-16 08:32:36 I Odin  Print           "DELETE FROM allfeatures WHERE id=16539943:successful"
2023-01-16 08:32:36 I Odin  Print           "DELETE FROM allfeatures WHERE id=16539914:successful"
2023-01-16 08:32:36 I Odin  Print           "DELETE FROM allfeatures WHERE id=15806998:successful"
2023-01-16 08:32:36 I Odin  Print           "DELETE FROM allfeatures WHERE id=15727115:successful"
2023-01-16 08:32:36 I Odin  Print           "DELETE FROM allfeatures WHERE id=15727112:successful"
2023-01-16 08:32:36 I Odin  Print           "DELETE FROM allfeatures WHERE id=15727109:successful"
2023-01-16 08:32:36 I Odin  Print           "DELETE FROM allfeatures WHERE id=15727106:successful"
2023-01-16 08:32:36 I Odin  Print           "DELETE FROM allfeatures WHERE id=15727102:successful"
2023-01-16 08:32:36 I Odin  Print           "DELETE FROM allfeatures WHERE id=15727092:successful"
2023-01-16 08:32:36 I Odin  Print           "DELETE FROM allfeatures WHERE id=15639185:successful"
2023-01-16 08:32:36 I Odin  Print           "DELETE FROM allfeatures WHERE id=15632120:successful"
2023-01-16 08:32:36 I Odin  Print           "DELETE FROM allfeatures WHERE id=15631971:successful"
2023-01-16 08:32:36 I Odin  Print           "DELETE FROM allfeatures WHERE id=15631674:successful"
2023-01-16 08:32:36 I Odin  Print           "DELETE FROM allfeatures WHERE id=15305113:successful"
2023-01-16 08:32:36 I Odin  Print           "DELETE FROM allfeatures WHERE id=15305106:successful"
2023-01-16 08:32:36 I Odin  Print           "DELETE FROM allfeatures WHERE id=15305098:successful"
2023-01-16 08:32:36 I Odin  Print           "DELETE FROM allfeatures WHERE id=15305092:successful"
2023-01-16 08:32:36 I Odin  Print           "DELETE FROM allfeatures WHERE id=15305088:successful"
2023-01-16 08:32:36 I Odin  Print           "DELETE FROM allfeatures WHERE id=15305083:successful"
2023-01-16 08:32:36 I Odin  Print           "DELETE FROM allfeatures WHERE id=15305078:successful"
2023-01-16 08:32:36 I Odin  Print           "DELETE FROM allfeatures WHERE id=15305073:successful"
2023-01-16 08:32:36 I Odin  Print           "DELETE FROM allfeatures WHERE id=15305069:successful"
2023-01-16 08:32:36 I Odin  Print           "DELETE FROM allfeatures WHERE id=15305051:successful"
2023-01-16 08:32:36 I Odin  Print           "DELETE FROM allfeatures WHERE id=15305045:successful"
2023-01-16 08:32:36 I Odin  Print           "DELETE FROM allfeatures WHERE id=15305040:successful"
2023-01-16 08:32:36 I Odin  Print           "DELETE FROM allfeatures WHERE id=15305026:successful"
2023-01-16 08:32:36 I Odin  Print           "DELETE FROM allfeatures WHERE id=15305018:successful"
2023-01-16 08:32:36 I Odin  Print           "DELETE FROM allfeatures WHERE id=15305004:successful"
2023-01-16 08:32:36 I Odin  Print           "DELETE FROM allfeatures WHERE id=15304999:successful"
2023-01-16 08:32:36 I Odin  Print           "DELETE FROM allfeatures WHERE id=15304994:successful"
2023-01-16 08:32:36 I Odin  Print           "DELETE FROM allfeatures WHERE id=15304989:successful"
2023-01-16 08:32:36 I Odin  Print           "DELETE FROM allfeatures WHERE id=15304981:successful"
2023-01-16 08:32:36 I Odin  Print           "DELETE FROM allfeatures WHERE id=15304975:successful"
2023-01-16 08:32:36 I Odin  Print           "DELETE FROM allfeatures WHERE id=15304966:successful"
2023-01-16 08:32:36 I Odin  Print           "DELETE FROM allfeatures WHERE id=15304943:successful"
2023-01-16 08:32:36 I Odin  Print           "DELETE FROM allfeatures WHERE id=15083052:successful"
2023-01-16 08:32:36 I Odin  Print           "INSERT INTO features (rel, status, count, date)                                 SELECT rel, status, count((@rn := @rn + 1)) as count, '2023-01-16' as date FROM allfeatures cross join (select @rn := 0) const GROUP BY rel, status:successful"
2023-01-16 08:32:39 I Odin  Get_allchangere "[]"
2023-01-16 08:32:39 I Odin  Print           "CREATE TABLE IF NOT EXISTS changes (                                 rel TEXT, status TEXT, priority TEXT,                                 requester TEXT, date TEXT, count INT) ENGINE=InnoDB DEFAULT CHARSET=utf8:successful"
2023-01-16 08:32:39 I Odin  Print           "CREATE TABLE IF NOT EXISTS allchanges (                                 id INT, uniqueid TEXT, name TEXT,                                 status TEXT, rel TEXT, priority TEXT,                                 requester TEXT) ENGINE=InnoDB DEFAULT CHARSET=utf8:successful"
2023-01-16 08:32:39 I Odin  Print           "DELETE FROM changes WHERE date='2023-01-16':successful"
2023-01-16 08:32:39 I Odin  Print           "INSERT INTO changes (                                 rel, status, priority, requester, date, count)                                 SELECT rel, status, priority, requester, '2023-01-16' as date, count((@rn := @rn + 1)) as count FROM allchanges                                 cross join (select @rn := 0) const GROUP BY rel, status, priority, requester:successful"
2023-01-16 08:32:42 I Odin  Print           "CREATE TABLE IF NOT EXISTS designspec (                            rel TEXT, team TEXT, status TEXT, count INT, date text) ENGINE=InnoDB DEFAULT CHARSET=utf8:successful"
2023-01-16 08:32:42 I Odin  Print           "CREATE TABLE IF NOT EXISTS alldesignspec (                             id INT, uniqueid TEXT, name TEXT, status TEXT, rel TEXT, team TEXT) ENGINE=InnoDB DEFAULT CHARSET=utf8:successful"
2023-01-16 08:32:42 I Odin  Print           "DELETE FROM designspec WHERE date='2023-01-16':successful"
2023-01-16 08:32:42 I Odin  Print           "INSERT INTO designspec (rel, team, status, count, date) SELECT rel, team, status, count((@rn := @rn + 1)) as count, '2023-01-16' as date FROM alldesignspec cross join (select @rn := 0) const GROUP BY rel, team, status:successful"
2023-01-16 08:32:47 I Odin  Get_alluserstor "[]"
2023-01-16 08:32:47 I Odin  Print           "CREATE TABLE IF NOT EXISTS userstories (                 rel TEXT, status TEXT, count INT, date TEXT) ENGINE=InnoDB DEFAULT CHARSET=utf8:successful"
2023-01-16 08:32:47 I Odin  Print           "CREATE TABLE IF NOT EXISTS alluserstories (                 id INT, uniqueid TEXT, name TEXT, status TEXT, rel TEXT) ENGINE=InnoDB DEFAULT CHARSET=utf8:successful"
2023-01-16 08:32:47 I Odin  Print           "DELETE FROM userstories WHERE date='2023-01-16':successful"
2023-01-16 08:32:47 I Odin  Print           "INSERT INTO userstories (rel, status, count, date) SELECT rel, status, count((@rn := @rn + 1)) as count, '2023-01-16' as date FROM alluserstories cross join (select @rn := 0) const GROUP BY rel, status:successful"
2023-01-16 08:32:52 I Odin  Get_alldefects  "[]"
2023-01-16 08:32:52 I Odin  Print           "CREATE TABLE IF NOT EXISTS defects (                     rel TEXT, team TEXT, status TEXT, priority TEXT, count INT, date TEXT) ENGINE=InnoDB DEFAULT CHARSET=utf8:successful"
2023-01-16 08:32:52 I Odin  Print           "CREATE TABLE IF NOT EXISTS alldefects (                     id INT, uniqueid TEXT, name TEXT, status TEXT, rel TEXT, team TEXT, priority TEXT, jira TEXT, upstream TEXT) ENGINE=InnoDB DEFAULT CHARSET=utf8:successful"
2023-01-16 08:32:52 I Odin  Print           "DELETE FROM defects WHERE date='2023-01-16':successful"
2023-01-16 08:32:52 I Odin  Print           "INSERT INTO defects (rel, team, status, count, date, priority) SELECT rel, team, status, count((@rn := @rn + 1)) as count, '2023-01-16' as date, priority FROM alldefects cross join (select @rn := 0) const GROUP BY rel, team, status, priority:successful"
2023-01-16 08:34:42 I Odin  get_multipickli "Unassigned don't find the mainteam name from G_parameter"
2023-01-16 08:34:47 I Odin  get_multipickli "Unassigned don't find the mainteam name from G_parameter"
2023-01-16 08:34:52 I Odin  get_multipickli "Unassigned don't find the mainteam name from G_parameter"
2023-01-16 08:34:59 I Odin  get_multipickli "Unassigned don't find the mainteam name from G_parameter"
2023-01-16 08:40:37 I Odin  get_multipickli "Unassigned don't find the mainteam name from G_parameter"
2023-01-16 08:41:24 I Odin  get_multipickli "Unassigned don't find the mainteam name from G_parameter"
2023-01-16 08:44:17 I Odin  get_multipickli "Unassigned don't find the mainteam name from G_parameter"
2023-01-16 08:45:29 I Odin  get_multipickli "Unassigned don't find the mainteam name from G_parameter"
2023-01-16 08:46:24 I Odin  get_multipickli "Unassigned don't find the mainteam name from G_parameter"
2023-01-16 08:46:29 I Odin  get_multipickli "Unassigned don't find the mainteam name from G_parameter"
2023-01-16 08:46:35 I Odin  get_multipickli "Unassigned don't find the mainteam name from G_parameter"
2023-01-16 08:46:41 I Odin  get_multipickli "Unassigned don't find the mainteam name from G_parameter"
2023-01-16 08:46:49 I Odin  get_multipickli "Unassigned don't find the mainteam name from G_parameter"
2023-01-16 08:46:56 I Odin  get_multipickli "Unassigned don't find the mainteam name from G_parameter"
2023-01-16 08:47:02 I Odin  get_multipickli "Unassigned don't find the mainteam name from G_parameter"
2023-01-16 08:47:07 I Odin  get_multipickli "Unassigned don't find the mainteam name from G_parameter"
2023-01-16 08:47:13 I Odin  get_multipickli "Unassigned don't find the mainteam name from G_parameter"
2023-01-16 08:47:18 I Odin  get_multipickli "Unassigned don't find the mainteam name from G_parameter"
2023-01-16 08:47:24 I Odin  get_multipickli "Unassigned don't find the mainteam name from G_parameter"
2023-01-16 08:47:29 I Odin  get_multipickli "Unassigned don't find the mainteam name from G_parameter"
2023-01-16 08:47:34 I Odin  get_multipickli "Unassigned don't find the mainteam name from G_parameter"
2023-01-16 08:47:40 I Odin  get_multipickli "Unassigned don't find the mainteam name from G_parameter"
2023-01-16 08:47:45 I Odin  get_multipickli "Unassigned don't find the mainteam name from G_parameter"
2023-01-16 08:47:50 I Odin  get_multipickli "Unassigned don't find the mainteam name from G_parameter"
2023-01-16 08:47:55 I Odin  get_multipickli "Unassigned don't find the mainteam name from G_parameter"
2023-01-16 08:48:01 I Odin  get_multipickli "Unassigned don't find the mainteam name from G_parameter"
2023-01-16 08:48:06 I Odin  get_multipickli "Unassigned don't find the mainteam name from G_parameter"
2023-01-16 08:48:11 I Odin  get_multipickli "Unassigned don't find the mainteam name from G_parameter"
2023-01-16 08:48:16 I Odin  get_multipickli "Unassigned don't find the mainteam name from G_parameter"
2023-01-16 08:48:20 I Odin  get_multipickli "Unassigned don't find the mainteam name from G_parameter"
2023-01-16 08:48:25 I Odin  get_multipickli "Unassigned don't find the mainteam name from G_parameter"
2023-01-16 08:48:32 I Odin  get_multipickli "Unassigned don't find the mainteam name from G_parameter"
2023-01-16 08:48:38 I Odin  get_multipickli "Unassigned don't find the mainteam name from G_parameter"
2023-01-16 08:48:43 I Odin  get_multipickli "Unassigned don't find the mainteam name from G_parameter"
2023-01-16 08:48:50 I Odin  get_multipickli "Unassigned don't find the mainteam name from G_parameter"
2023-01-16 08:48:56 I Odin  get_multipickli "Unassigned don't find the mainteam name from G_parameter"
2023-01-16 08:49:01 I Odin  get_multipickli "Unassigned don't find the mainteam name from G_parameter"
2023-01-16 08:49:08 I Odin  get_multipickli "Unassigned don't find the mainteam name from G_parameter"
2023-01-16 08:49:16 I Odin  get_multipickli "Unassigned don't find the mainteam name from G_parameter"
2023-01-16 08:49:23 I Odin  get_multipickli "Unassigned don't find the mainteam name from G_parameter"
2023-01-16 08:49:28 I Odin  get_multipickli "Unassigned don't find the mainteam name from G_parameter"
2023-01-16 08:49:40 I Odin  get_multipickli "Unassigned don't find the mainteam name from G_parameter"
2023-01-16 08:52:03 I Odin  get_multipickli "Unassigned don't find the mainteam name from G_parameter"
2023-01-16 08:52:11 I Odin  get_multipickli "Unassigned don't find the mainteam name from G_parameter"
2023-01-16 08:52:16 I Odin  get_multipickli "Unassigned don't find the mainteam name from G_parameter"
2023-01-16 08:52:22 I Odin  get_multipickli "Unassigned don't find the mainteam name from G_parameter"
2023-01-16 08:54:20 I Odin  get_multipickli "Unassigned don't find the mainteam name from G_parameter"
2023-01-16 08:54:27 I Odin  get_multipickli "Unassigned don't find the mainteam name from G_parameter"
2023-01-16 08:54:33 I Odin  get_multipickli "Unassigned don't find the mainteam name from G_parameter"
2023-01-16 08:54:38 I Odin  get_multipickli "Unassigned don't find the mainteam name from G_parameter"
2023-01-16 08:54:43 I Odin  get_multipickli "Unassigned don't find the mainteam name from G_parameter"
2023-01-16 08:54:48 I Odin  get_multipickli "Unassigned don't find the mainteam name from G_parameter"
2023-01-16 08:58:39 I Odin  get_multipickli "Unassigned don't find the mainteam name from G_parameter"
2023-01-16 09:01:05 I Odin  get_multipickli "Unassigned don't find the mainteam name from G_parameter"
2023-01-16 09:01:40 I Odin  get_multipickli "Digital Experience – Android don't find the mainteam name from G_parameter"
2023-01-16 09:01:41 I Odin  get_multipickli "Digital Experience – IOS don't find the mainteam name from G_parameter"
2023-01-16 09:01:53 I Odin  get_multipickli "Digital Experience – Android don't find the mainteam name from G_parameter"
2023-01-16 09:01:53 I Odin  get_multipickli "Digital Experience – IOS don't find the mainteam name from G_parameter"
2023-01-16 09:01:59 I Odin  get_multipickli "Digital Experience – Android don't find the mainteam name from G_parameter"
2023-01-16 09:01:59 I Odin  get_multipickli "Digital Experience – IOS don't find the mainteam name from G_parameter"
2023-01-16 09:02:05 I Odin  get_multipickli "Digital Experience – Android don't find the mainteam name from G_parameter"
2023-01-16 09:02:05 I Odin  get_multipickli "Digital Experience – IOS don't find the mainteam name from G_parameter"
2023-01-16 09:03:09 I Odin  get_multipickli "ESW Platform Test don't find the mainteam name from G_parameter"
2023-01-16 09:05:18 I Odin  get_multipickli "Unassigned don't find the mainteam name from G_parameter"
2023-01-16 09:05:23 I Odin  get_multipickli "Unassigned don't find the mainteam name from G_parameter"
2023-01-16 09:05:28 I Odin  get_multipickli "Unassigned don't find the mainteam name from G_parameter"
2023-01-16 09:05:32 I Odin  get_multipickli "Unassigned don't find the mainteam name from G_parameter"
2023-01-16 09:05:32 I Odin  get_multipickli "Digital Experience – IOS don't find the mainteam name from G_parameter"
2023-01-16 09:05:34 I Odin  get_multipickli "Digital Experience – SDK don't find the mainteam name from G_parameter"
2023-01-16 09:12:13 I Odin  get_multipickli "Unassigned don't find the mainteam name from G_parameter"
2023-01-16 09:13:32 I Odin  get_multipickli "Digital Experience – Android don't find the mainteam name from G_parameter"
2023-01-16 09:13:32 I Odin  get_multipickli "Digital Experience – IOS don't find the mainteam name from G_parameter"
2023-01-16 09:13:48 I Odin  get_multipickli "Digital Experience – Android don't find the mainteam name from G_parameter"
2023-01-16 09:13:48 I Odin  get_multipickli "Digital Experience – IOS don't find the mainteam name from G_parameter"
2023-01-16 09:13:53 I Odin  get_multipickli "Digital Experience – Android don't find the mainteam name from G_parameter"
2023-01-16 09:13:53 I Odin  get_multipickli "Digital Experience – IOS don't find the mainteam name from G_parameter"
2023-01-16 09:14:22 I Odin  get_multipickli "Unassigned don't find the mainteam name from G_parameter"
2023-01-16 09:15:21 I Odin  get_multipickli "Digital Experience – Android don't find the mainteam name from G_parameter"
2023-01-16 09:15:21 I Odin  get_multipickli "Digital Experience – IOS don't find the mainteam name from G_parameter"
2023-01-16 09:15:32 I Odin  get_multipickli "Digital Experience – Android don't find the mainteam name from G_parameter"
2023-01-16 09:15:32 I Odin  get_multipickli "Digital Experience – IOS don't find the mainteam name from G_parameter"
2023-01-16 09:16:52 I Odin  get_multipickli "Digital Experience – Android don't find the mainteam name from G_parameter"
2023-01-16 09:16:52 I Odin  get_multipickli "Digital Experience – IOS don't find the mainteam name from G_parameter"
2023-01-16 09:16:57 I Odin  get_multipickli "Digital Experience – Android don't find the mainteam name from G_parameter"
2023-01-16 09:16:57 I Odin  get_multipickli "Digital Experience – IOS don't find the mainteam name from G_parameter"
2023-01-16 09:17:13 I Odin  get_multipickli "Digital Experience – Android don't find the mainteam name from G_parameter"
2023-01-16 09:17:13 I Odin  get_multipickli "Digital Experience – IOS don't find the mainteam name from G_parameter"
2023-01-16 09:17:18 I Odin  get_multipickli "Digital Experience – Android don't find the mainteam name from G_parameter"
2023-01-16 09:17:18 I Odin  get_multipickli "Digital Experience – IOS don't find the mainteam name from G_parameter"
2023-01-16 09:17:27 I Odin  get_multipickli "Digital Experience – Android don't find the mainteam name from G_parameter"
2023-01-16 09:17:27 I Odin  get_multipickli "Digital Experience – IOS don't find the mainteam name from G_parameter"
2023-01-16 09:17:34 I Odin  get_multipickli "Digital Experience – Android don't find the mainteam name from G_parameter"
2023-01-16 09:17:34 I Odin  get_multipickli "Digital Experience – IOS don't find the mainteam name from G_parameter"
2023-01-16 09:17:39 I Odin  get_multipickli "Digital Experience – Android don't find the mainteam name from G_parameter"
2023-01-16 09:17:39 I Odin  get_multipickli "Digital Experience – IOS don't find the mainteam name from G_parameter"
2023-01-16 09:17:55 I Odin  get_multipickli "Unassigned don't find the mainteam name from G_parameter"
2023-01-16 09:18:42 I Odin  get_multipickli "Unassigned don't find the mainteam name from G_parameter"
2023-01-16 09:19:03 I Odin  get_multipickli "Unassigned don't find the mainteam name from G_parameter"
2023-01-16 09:19:27 I Odin  get_multipickli "Unassigned don't find the mainteam name from G_parameter"
2023-01-16 09:19:33 I Odin  get_multipickli "Unassigned don't find the mainteam name from G_parameter"
2023-01-16 09:20:43 I Odin  get_multipickli "Unassigned don't find the mainteam name from G_parameter"
2023-01-16 09:22:18 I Odin  get_multipickli "Unassigned don't find the mainteam name from G_parameter"
2023-01-16 09:22:24 I Odin  get_multipickli "Unassigned don't find the mainteam name from G_parameter"
2023-01-16 09:22:41 I Odin  get_multipickli "Unassigned don't find the mainteam name from G_parameter"
2023-01-16 09:22:47 I Odin  get_multipickli "Unassigned don't find the mainteam name from G_parameter"
2023-01-16 09:22:53 I Odin  get_multipickli "Unassigned don't find the mainteam name from G_parameter"
2023-01-16 09:22:59 I Odin  get_multipickli "Unassigned don't find the mainteam name from G_parameter"
2023-01-16 09:23:04 I Odin  get_multipickli "Unassigned don't find the mainteam name from G_parameter"
2023-01-16 09:23:36 I Odin  get_multipickli "Unassigned don't find the mainteam name from G_parameter"
2023-01-16 09:23:47 I Odin  get_multipickli "Unassigned don't find the mainteam name from G_parameter"
2023-01-16 09:23:53 I Odin  get_multipickli "Unassigned don't find the mainteam name from G_parameter"
2023-01-16 09:26:00 I Odin  get_multipickli "Unassigned don't find the mainteam name from G_parameter"
2023-01-16 09:26:38 I Odin  get_multipickli "Digital Experience – Android don't find the mainteam name from G_parameter"
2023-01-16 09:26:38 I Odin  get_multipickli "Digital Experience – IOS don't find the mainteam name from G_parameter"
2023-01-16 09:26:42 I Odin  get_multipickli "Digital Experience – Android don't find the mainteam name from G_parameter"
2023-01-16 09:26:42 I Odin  get_multipickli "Digital Experience – IOS don't find the mainteam name from G_parameter"
2023-01-16 09:28:02 I Odin  get_multipickli "Unassigned don't find the mainteam name from G_parameter"
2023-01-16 09:31:23 I Odin  get_multipickli "ESW Platform Test don't find the mainteam name from G_parameter"
2023-01-16 09:32:31 I Odin  get_multipickli "Unassigned don't find the mainteam name from G_parameter"
2023-01-16 09:32:41 I Odin  Print           "DROP TABLE IF EXISTS allrequirements:successful"
2023-01-16 09:32:41 I Odin  Print           "DROP TABLE IF EXISTS allcoverage:successful"
2023-01-16 09:32:41 I Odin  Print           "CREATE TABLE IF NOT EXISTS requirements (                        rel TEXT, status TEXT, count INT, date TEXT) ENGINE=InnoDB DEFAULT CHARSET=utf8:successful"
2023-01-16 09:32:41 I Odin  Print           "CREATE TABLE IF NOT EXISTS allrequirements (                        id INT, uniqueid TEXT, name TEXT, status TEXT, rel TEXT, upstream TEXT, downstream TEXT, team TEXT, test_status TEXT) ENGINE=InnoDB DEFAULT CHARSET=utf8:successful"
2023-01-16 09:32:41 I Odin  Print           "CREATE TABLE IF NOT EXISTS coverage (                        team text, covered int, expected int, date text) ENGINE=InnoDB DEFAULT CHARSET=utf8:successful"
2023-01-16 09:32:41 I Odin  Print           "CREATE TABLE IF NOT EXISTS allcoverage (                        id INT, uniqueid TEXT, name TEXT, status TEXT, rel TEXT, verify TEXT, missing TEXT) ENGINE=InnoDB DEFAULT CHARSET=utf8:successful"
2023-01-16 09:32:41 I Odin  Print           "DELETE FROM requirements WHERE date='2023-01-16':successful"
2023-01-16 09:32:41 I Odin  Print           "DELETE FROM coverage WHERE date='2023-01-16':successful"
2023-01-16 09:32:41 I Odin  Print           "INSERT INTO requirements (rel, status, count, date) SELECT rel, status, count((@rn := @rn + 1)) as count, '2023-01-16' as date FROM allrequirements cross join (select @rn := 0) const GROUP BY rel, status:successful"
2023-01-16 09:32:41 I Odin  Print           "CREATE TABLE IF NOT EXISTS feattest (rel TEXT, status TEXT, count TEXT, date TEXT) ENGINE=InnoDB DEFAULT CHARSET=utf8:successful"
2023-01-16 09:32:41 I Odin  Print           "CREATE TABLE IF NOT EXISTS reqtest (rel TEXT, status TEXT, count TEXT, date TEXT) ENGINE=InnoDB DEFAULT CHARSET=utf8:successful"
2023-01-16 09:32:41 I Odin  Print           "SELECT id FROM allfeatures:successful"
2023-01-16 09:32:41 I Odin  Print           "SELECT id,upstream,downstream,team FROM allrequirements:successful"
2023-01-16 09:32:41 I Odin  Print           "SELECT id FROM allcoverage:successful"
2023-01-16 09:32:41 I Odin  Print           "SELECT * FROM testcases:successful"
