2023-02-03 04:59:21 I Darwi Print           "Connet 20402 successfully!!!"
2023-02-03 04:59:21 I Darwi Get_alltests    "Get project name:Darwin id:20402 all testplans"
2023-02-03 04:59:25 I Darwi Get_alltests    "{3507556: {'id': 3507556, 'name': 'Audio test plan', 'archived': False, 'index': '3507556:Audio test plan'}, 7563315: {'id': 7563315, 'name': 'Darwin - new cable test plan', 'archived': False, 'index': '7563315:Darwin - new cable test plan'}, 4247021: {'id': 4247021, 'name': 'Darwin PKG Transportation Test Plan', 'archived': False, 'index': '4247021:Darwin PKG Transportation Test Plan'}, 6047346: {'id': 6047346, 'name': 'Darwin SP1 ESW Test plan', 'archived': True, 'index': '6047346:Darwin SP1 ESW Test plan'}, 7077003: {'id': 7077003, 'name': 'Darwin SP2 ESW Test plan', 'archived': False, 'index': '7077003:Darwin SP2 ESW Test plan'}, 8030446: {'id': 8030446, 'name': 'Darwin SR03 ESW Test plan', 'archived': False, 'index': '8030446:Darwin SR03 ESW Test plan'}, 7192848: {'id': 7192848, 'name': 'Darwin VP1 ESW Test plan Telemetry', 'archived': False, 'index': '7192848:Darwin VP1 ESW Test plan Telemetry'}, 3507761: {'id': 3507761, 'name': 'ESW Test Plan', 'archived': False, 'index': '3507761:ESW Test Plan'}, 9744930: {'id': 9744930, 'name': 'ESW Test Plan - Motion sensor removal', 'archived': False, 'index': '9744930:ESW Test Plan - Motion sensor removal'}, 8583971: {'id': 8583971, 'name': 'ESW Testplan Genesys certification test', 'archived': False, 'index': '8583971:ESW Testplan Genesys certification test'}, 7401408: {'id': 7401408, 'name': 'ESW UC device in Teams', 'archived': False, 'index': '7401408:ESW UC device in Teams'}, 3522854: {'id': 3522854, 'name': 'HW Test plan', 'archived': False, 'index': '3522854:HW Test plan'}, 3498152: {'id': 3498152, 'name': 'Mechanics mock up test plan', 'archived': False, 'index': '3498152:Mechanics mock up test plan'}, 8283952: {'id': 8283952, 'name': 'Mitel Evolve2 40 Stereo UC ESW Test plan', 'archived': False, 'index': '8283952:Mitel Evolve2 40 Stereo UC ESW Test plan'}, 3555207: {'id': 3555207, 'name': 'MT Test Plan', 'archived': False, 'index': '3555207:MT Test Plan'}, 3996271: {'id': 3996271, 'name': 'Product Maintenance test plan', 'archived': False, 'index': '3996271:Product Maintenance test plan'}, 3395625: {'id': 3395625, 'name': 'Product Verification Test Plan', 'archived': False, 'index': '3395625:Product Verification Test Plan'}, 3493067: {'id': 3493067, 'name': 'QA test plan', 'archived': False, 'index': '3493067:QA test plan'}, 3578879: {'id': 3578879, 'name': 'Regulatory Compliance test plan', 'archived': False, 'index': '3578879:Regulatory Compliance test plan'}, 8055438: {'id': 8055438, 'name': 'SE Product Verification Test Plan', 'archived': False, 'index': '8055438:SE Product Verification Test Plan'}, 4874502: {'id': 4874502, 'name': 'UX', 'archived': False, 'index': '4874502:UX'}}"
2023-02-03 04:59:25 I Darwi Get_alltests    "Get project name:Darwin id:20402 all testplans successful!!!"
2023-02-03 05:20:59 I Darwi tidy_alltestcas "1848"
2023-02-03 05:25:59 I Darwi Print           "DROP TABLE IF EXISTS testcases:successful"
2023-02-03 05:25:59 I Darwi Print           "CREATE TABLE IF NOT EXISTS testcases (                             testplan_id INT,                             testplan_name TEXT,                             testgroup_id INT,                             testgroup_name TEXT,                             testcycle_id INT,                             testcycle_name TEXT,                             rel TEXT,                             id INT,                             uniqueid TEXT,                             name TEXT,                             status TEXT,                             upstream TEXT,                             downstream TEXT,                             executionDate TEXT) ENGINE=InnoDB DEFAULT CHARSET=utf8:successful"
2023-02-03 05:26:00 I Darwi update_database "Insert testcases table successful"
2023-02-03 05:26:00 I Darwi Print           "CREATE TABLE IF NOT EXISTS tests (                             testplan_id INT,                             testplan_name TEXT,                             testplan_status TEXT,                             rel TEXT, status TEXT,                             count INT, date TEXT) ENGINE=InnoDB DEFAULT CHARSET=utf8:successful"
2023-02-03 05:26:00 I Darwi Print           "DELETE FROM tests WHERE date='2023-02-03':successful"
2023-02-03 05:26:00 I Darwi Print           "SELECT testplan_id FROM tests GROUP BY testplan_id:successful"
2023-02-03 05:26:00 I Darwi Print           "SELECT testplan_name FROM tests WHERE testplan_id=3507556 LIMIT 1:successful"
2023-02-03 05:26:00 I Darwi Print           "UPDATE tests SET testplan_status='Active' WHERE testplan_id=3507556:successful"
2023-02-03 05:26:00 I Darwi Print           "SELECT testplan_name FROM tests WHERE testplan_id=7563315 LIMIT 1:successful"
2023-02-03 05:26:00 I Darwi Print           "UPDATE tests SET testplan_status='Active' WHERE testplan_id=7563315:successful"
2023-02-03 05:26:00 I Darwi Print           "SELECT testplan_name FROM tests WHERE testplan_id=4247021 LIMIT 1:successful"
2023-02-03 05:26:00 I Darwi Print           "UPDATE tests SET testplan_status='Active' WHERE testplan_id=4247021:successful"
2023-02-03 05:26:00 I Darwi Print           "SELECT testplan_name FROM tests WHERE testplan_id=7077003 LIMIT 1:successful"
2023-02-03 05:26:00 I Darwi Print           "UPDATE tests SET testplan_status='Active' WHERE testplan_id=7077003:successful"
2023-02-03 05:26:00 I Darwi Print           "SELECT testplan_name FROM tests WHERE testplan_id=8030446 LIMIT 1:successful"
2023-02-03 05:26:00 I Darwi Print           "UPDATE tests SET testplan_status='Active' WHERE testplan_id=8030446:successful"
2023-02-03 05:26:00 I Darwi Print           "SELECT testplan_name FROM tests WHERE testplan_id=7192848 LIMIT 1:successful"
2023-02-03 05:26:00 I Darwi Print           "UPDATE tests SET testplan_status='Active' WHERE testplan_id=7192848:successful"
2023-02-03 05:26:00 I Darwi Print           "SELECT testplan_name FROM tests WHERE testplan_id=3507761 LIMIT 1:successful"
2023-02-03 05:26:00 I Darwi Print           "UPDATE tests SET testplan_status='Active' WHERE testplan_id=3507761:successful"
2023-02-03 05:26:00 I Darwi Print           "SELECT testplan_name FROM tests WHERE testplan_id=9744930 LIMIT 1:successful"
2023-02-03 05:26:00 I Darwi Print           "UPDATE tests SET testplan_status='Active' WHERE testplan_id=9744930:successful"
2023-02-03 05:26:00 I Darwi Print           "SELECT testplan_name FROM tests WHERE testplan_id=8583971 LIMIT 1:successful"
2023-02-03 05:26:00 I Darwi Print           "UPDATE tests SET testplan_status='Active' WHERE testplan_id=8583971:successful"
2023-02-03 05:26:00 I Darwi Print           "SELECT testplan_name FROM tests WHERE testplan_id=7401408 LIMIT 1:successful"
2023-02-03 05:26:00 I Darwi Print           "UPDATE tests SET testplan_status='Active' WHERE testplan_id=7401408:successful"
2023-02-03 05:26:00 I Darwi Print           "SELECT testplan_name FROM tests WHERE testplan_id=3522854 LIMIT 1:successful"
2023-02-03 05:26:00 I Darwi Print           "UPDATE tests SET testplan_status='Active' WHERE testplan_id=3522854:successful"
2023-02-03 05:26:00 I Darwi Print           "SELECT testplan_name FROM tests WHERE testplan_id=3498152 LIMIT 1:successful"
2023-02-03 05:26:00 I Darwi Print           "UPDATE tests SET testplan_status='Active' WHERE testplan_id=3498152:successful"
2023-02-03 05:26:00 I Darwi Print           "SELECT testplan_name FROM tests WHERE testplan_id=8283952 LIMIT 1:successful"
2023-02-03 05:26:00 I Darwi Print           "UPDATE tests SET testplan_status='Active' WHERE testplan_id=8283952:successful"
2023-02-03 05:26:00 I Darwi Print           "SELECT testplan_name FROM tests WHERE testplan_id=3555207 LIMIT 1:successful"
2023-02-03 05:26:00 I Darwi Print           "UPDATE tests SET testplan_status='Active' WHERE testplan_id=3555207:successful"
2023-02-03 05:26:00 I Darwi Print           "SELECT testplan_name FROM tests WHERE testplan_id=3996271 LIMIT 1:successful"
2023-02-03 05:26:00 I Darwi Print           "UPDATE tests SET testplan_status='Active' WHERE testplan_id=3996271:successful"
2023-02-03 05:26:00 I Darwi Print           "SELECT testplan_name FROM tests WHERE testplan_id=3395625 LIMIT 1:successful"
2023-02-03 05:26:00 I Darwi Print           "UPDATE tests SET testplan_status='Active' WHERE testplan_id=3395625:successful"
2023-02-03 05:26:00 I Darwi Print           "SELECT testplan_name FROM tests WHERE testplan_id=3493067 LIMIT 1:successful"
2023-02-03 05:26:00 I Darwi Print           "UPDATE tests SET testplan_status='Active' WHERE testplan_id=3493067:successful"
2023-02-03 05:26:00 I Darwi Print           "SELECT testplan_name FROM tests WHERE testplan_id=3578879 LIMIT 1:successful"
2023-02-03 05:26:00 I Darwi Print           "UPDATE tests SET testplan_status='Active' WHERE testplan_id=3578879:successful"
2023-02-03 05:26:00 I Darwi Print           "SELECT testplan_name FROM tests WHERE testplan_id=8055438 LIMIT 1:successful"
2023-02-03 05:26:00 I Darwi Print           "UPDATE tests SET testplan_status='Active' WHERE testplan_id=8055438:successful"
2023-02-03 05:26:00 I Darwi Print           "INSERT INTO tests (testplan_id, testplan_name, testplan_status, rel, status, count, date) SELECT testplan_id, testplan_name, 'Active' as testplan_status, rel, status, count((@rn := @rn + 1)) as count, '2023-02-03' as date FROM testcases cross join (select @rn := 0) const GROUP BY testplan_id, rel, status:successful"
2023-02-03 05:26:00 I Darwi update_database "Insert tests table successful"
2023-02-03 05:26:00 I Darwi Print           "CREATE TABLE IF NOT EXISTS testapproval (                                 rel TEXT, team TEXT, status TEXT, upstream TEXT, count INT, date TEXT                                 ) ENGINE=InnoDB DEFAULT CHARSET=utf8:successful"
2023-02-03 05:26:00 I Darwi Print           "DROP TABLE IF EXISTS alltestapproval:successful"
2023-02-03 05:26:00 I Darwi Print           "CREATE TABLE IF NOT EXISTS alltestapproval (                                 id INT, uniqueid TEXT, name TEXT, status TEXT, rel TEXT, team TEXT, upstream TEXT                                 ) ENGINE=InnoDB DEFAULT CHARSET=utf8:successful"
2023-02-03 05:26:01 I Darwi Print           "DELETE FROM testapproval WHERE date='2023-02-03':successful"
2023-02-03 05:26:01 I Darwi Print           "INSERT INTO testapproval (rel, team, status, count, date, upstream) SELECT rel, team, status, count((@rn := @rn + 1)) as count, '2023-02-03' as date, upstream FROM alltestapproval cross join (select @rn := 0) const GROUP BY rel, team, status, upstream:successful"
2023-02-03 05:26:07 I Darwi Get_allfeatuers "[]"
2023-02-03 05:26:07 I Darwi Print           "CREATE TABLE IF NOT EXISTS features (                                rel TEXT, status TEXT, count INT, date TEXT) ENGINE=InnoDB DEFAULT CHARSET=utf8:successful"
2023-02-03 05:26:07 I Darwi Print           "CREATE TABLE IF NOT EXISTS allfeatures (                                id INT, uniqueid TEXT, name TEXT, status TEXT, rel TEXT,test_status TEXT) ENGINE=InnoDB DEFAULT CHARSET=utf8:successful"
2023-02-03 05:26:07 I Darwi Print           "DELETE FROM features WHERE date='2023-02-03':successful"
2023-02-03 05:26:07 I Darwi Print           "DELETE FROM allfeatures WHERE id=7736161:successful"
2023-02-03 05:26:07 I Darwi Print           "DELETE FROM allfeatures WHERE id=7440109:successful"
2023-02-03 05:26:07 I Darwi Print           "DELETE FROM allfeatures WHERE id=7396441:successful"
2023-02-03 05:26:07 I Darwi Print           "DELETE FROM allfeatures WHERE id=7392774:successful"
2023-02-03 05:26:07 I Darwi Print           "DELETE FROM allfeatures WHERE id=7392710:successful"
2023-02-03 05:26:07 I Darwi Print           "INSERT INTO features (rel, status, count, date)                                 SELECT rel, status, count((@rn := @rn + 1)) as count, '2023-02-03' as date FROM allfeatures cross join (select @rn := 0) const GROUP BY rel, status:successful"
2023-02-03 05:26:09 I Darwi Get_allchangere "[]"
2023-02-03 05:26:09 I Darwi Print           "CREATE TABLE IF NOT EXISTS changes (                                 rel TEXT, status TEXT, priority TEXT,                                 requester TEXT, date TEXT, count INT) ENGINE=InnoDB DEFAULT CHARSET=utf8:successful"
2023-02-03 05:26:09 I Darwi Print           "CREATE TABLE IF NOT EXISTS allchanges (                                 id INT, uniqueid TEXT, name TEXT,                                 status TEXT, rel TEXT, priority TEXT,                                 requester TEXT) ENGINE=InnoDB DEFAULT CHARSET=utf8:successful"
2023-02-03 05:26:09 I Darwi Print           "DELETE FROM changes WHERE date='2023-02-03':successful"
2023-02-03 05:26:09 I Darwi Print           "INSERT INTO changes (                                 rel, status, priority, requester, date, count)                                 SELECT rel, status, priority, requester, '2023-02-03' as date, count((@rn := @rn + 1)) as count FROM allchanges                                 cross join (select @rn := 0) const GROUP BY rel, status, priority, requester:successful"
2023-02-03 05:26:16 I Darwi Print           "CREATE TABLE IF NOT EXISTS designspec (                            rel TEXT, team TEXT, status TEXT, count INT, date text) ENGINE=InnoDB DEFAULT CHARSET=utf8:successful"
2023-02-03 05:26:16 I Darwi Print           "CREATE TABLE IF NOT EXISTS alldesignspec (                             id INT, uniqueid TEXT, name TEXT, status TEXT, rel TEXT, team TEXT) ENGINE=InnoDB DEFAULT CHARSET=utf8:successful"
2023-02-03 05:26:16 I Darwi Print           "DELETE FROM designspec WHERE date='2023-02-03':successful"
2023-02-03 05:26:16 I Darwi Print           "INSERT INTO designspec (rel, team, status, count, date) SELECT rel, team, status, count((@rn := @rn + 1)) as count, '2023-02-03' as date FROM alldesignspec cross join (select @rn := 0) const GROUP BY rel, team, status:successful"
2023-02-03 05:26:33 I Darwi Get_alluserstor "[]"
2023-02-03 05:26:33 I Darwi Print           "CREATE TABLE IF NOT EXISTS userstories (                 rel TEXT, status TEXT, count INT, date TEXT) ENGINE=InnoDB DEFAULT CHARSET=utf8:successful"
2023-02-03 05:26:33 I Darwi Print           "CREATE TABLE IF NOT EXISTS alluserstories (                 id INT, uniqueid TEXT, name TEXT, status TEXT, rel TEXT) ENGINE=InnoDB DEFAULT CHARSET=utf8:successful"
2023-02-03 05:26:33 I Darwi Print           "DELETE FROM userstories WHERE date='2023-02-03':successful"
2023-02-03 05:26:33 I Darwi Print           "INSERT INTO userstories (rel, status, count, date) SELECT rel, status, count((@rn := @rn + 1)) as count, '2023-02-03' as date FROM alluserstories cross join (select @rn := 0) const GROUP BY rel, status:successful"
2023-02-03 05:29:45 I Darwi Get_alldefects  "[{'id': 4612662, 'name': '[Teams] Long press of Teams button could not open voice skill dialog in listening mode', 'documentKey': 'Dw-BUG-49', 'statusId': 156536, 'status': 'Open', 'teamId': 156569, 'team': 'ESW DECT', 'priorityId': 156534, 'priority': 'Minor', 'upstream': '4432626, 5265858, 4492236, 8145662, 5268843, 5531967, 5821110, 5902053, 6089808, 6881555, 7077957, 7080525, 7255731, 7357422, 8688259, 9745084, 6370541, 6534659, 6775613, 8056856', 'jira': 'https://jabra1.atlassian.net/browse/DAR-132'}, {'id': 4612728, 'name': '[Teams] Teams LED shows wrong when DUT is non-selected', 'documentKey': 'Dw-BUG-50', 'statusId': 156536, 'status': 'Open', 'teamId': 156569, 'team': 'ESW DECT', 'priorityId': 156533, 'priority': 'Major', 'upstream': '4492239, 5265861, 6326213, 4570404, 4824706, 4977075, 5270211, 5270229, 5821254, 6370721, 6534737, 6776276, 7256496, 7256514, 7419666, 7419669, 7557492, 7557522, 7740960, 7740963', 'jira': 'https://jabra1.atlassian.net/browse/DAR-133'}, {'id': 6370802, 'name': '[Mobile]fail to mute the Mobile call from device when connect to Mobile USB-C', 'documentKey': 'Dw-BUG-271', 'statusId': 156536, 'status': 'Open', 'teamId': 156569, 'team': 'ESW DECT', 'priorityId': 156534, 'priority': 'Minor', 'upstream': '6360680, 6360692, 6360704, 6360713, 6360719, 7256433, 7256457, 7277253, 7277265, 7277298, 7277319, 7801083, 10319872, 10319881', 'jira': 'https://jabra1.atlassian.net/browse/DAR-429'}, {'id': 6370874, 'name': "[Mobile]the call audio can't get through device but the mobile", 'documentKey': 'Dw-BUG-272', 'statusId': 156536, 'status': 'Open', 'teamId': 156569, 'team': 'ESW DECT', 'priorityId': 156534, 'priority': 'Minor', 'upstream': '6360683, 6360701, 7256436, 10319879, 6360713, 6360719, 7256442, 10319872, 10319881', 'jira': 'https://jabra1.atlassian.net/browse/DAR-430'}, {'id': 6887519, 'name': "[SP IOP][Zoom][SA]can't answer the second incoming call from HS if end current active call form SP firstly", 'documentKey': 'Dw-BUG-279', 'statusId': 156536, 'status': 'Open', 'teamId': 156569, 'team': 'ESW DECT', 'priorityId': 156534, 'priority': 'Minor', 'upstream': '6842324, 9685792, 10201005, 10201006, 10299952, 10300052, 10201011, 10201497, 10201012, 10326893, 10311521, 10326889, 10201498, 10201002, 6839690, 6849053, 6849275, 6849458, 7248231, 7249866', 'jira': 'https://jabra1.atlassian.net/browse/DAR-456'}, {'id': 6887534, 'name': "[SP IOP][Zoom][SA]3-way call, can't answer the incoming call and end the active call", 'documentKey': 'Dw-BUG-280', 'statusId': 156536, 'status': 'Open', 'teamId': 156569, 'team': 'ESW DECT', 'priorityId': 156534, 'priority': 'Minor', 'upstream': '6844943, 9108174, 9108162, 9108211, 9108199, 10261627, 9108182, 8966777, 9685569, 10201494, 10201000, 9638716, 10201010, 10201491, 9686429, 9638721, 10200997, 10201003, 9685565, 9638720', 'jira': 'https://jabra1.atlassian.net/browse/DAR-457'}, {'id': 6887573, 'name': "[SP IOP][Zoom][SA] can't hold and unhold call from HS", 'documentKey': 'Dw-BUG-281', 'statusId': 156536, 'status': 'Open', 'teamId': 156569, 'team': 'ESW DECT', 'priorityId': 156534, 'priority': 'Minor', 'upstream': '6844949, 9108167, 9108166, 9108206, 10261630, 9108190, 8966780, 9731047, 6839759, 6849152, 6849290, 6849479, 7248672, 7249692, 7391262, 7706343, 7825842, 8654452, 8654560, 8655552', 'jira': 'https://jabra1.atlassian.net/browse/DAR-458'}, {'id': 6887687, 'name': "[SP IOP][Zoom][SA]can't swap calls from HS during 3-way calls", 'documentKey': 'Dw-BUG-282', 'statusId': 156536, 'status': 'Open', 'teamId': 156569, 'team': 'ESW DECT', 'priorityId': 156534, 'priority': 'Minor', 'upstream': '6844955, 9108177, 9108174, 9108156, 9108162, 9108211, 9108195, 9108199, 10261625, 10261627, 9108178, 9108182, 8966776, 9638795, 9706168, 9634713, 9483949, 6839765, 6849134, 6849308', 'jira': 'https://jabra1.atlassian.net/browse/DAR-459'}, {'id': 6888668, 'name': '[SP IOP][Zoom][SA]Sometimes mute state not sync back to HS when switch audio device in mute state', 'documentKey': 'Dw-BUG-290', 'statusId': 156536, 'status': 'Open', 'teamId': 156569, 'team': 'ESW DECT', 'priorityId': 156534, 'priority': 'Minor', 'upstream': '6842294, 6849095, 6849164, 9634705, 9745191, 9745274, 10326457', 'jira': 'https://jabra1.atlassian.net/browse/DAR-468'}, {'id': 6939424, 'name': '[OS][Re-enumerate]HS will re-enumerate if tapping MFB button with Sound Microphone page opened on OS', 'documentKey': 'Dw-BUG-296', 'statusId': 156538, 'status': 'Closed', 'teamId': 156569, 'team': 'ESW DECT', 'priorityId': 156533, 'priority': 'Major', 'upstream': '', 'jira': 'https://jabra1.atlassian.net/browse/DAR-475'}, {'id': 8514285, 'name': "[HP Thinclient eLux 6.9]the audio device can't be correctly selected on eLux6.9", 'documentKey': 'Dw-BUG-391', 'statusId': 156536, 'status': 'Open', 'teamId': 157344, 'team': 'DE Integration', 'priorityId': 156534, 'priority': 'Minor', 'upstream': '5984613, 8714605, 10201005, 9685569, 10201006, 10299952, 10300052, 9686426, 10201494, 8930497, 9638718, 9024490, 10201000, 8689867, 8813396, 8614877, 8614872, 9196836, 9855871, 8861093', 'jira': 'https://jabra1.atlassian.net/browse/DAR-706'}, {'id': 8515753, 'name': '[HP Thinclient eLux 6.9][Volume store]the volume store not work well on eLux6.9', 'documentKey': 'Dw-BUG-392', 'statusId': 156536, 'status': 'Open', 'teamId': 156569, 'team': 'ESW DECT', 'priorityId': 156534, 'priority': 'Minor', 'upstream': '5984613, 8714605, 10201005, 9685569, 10201006, 10299952, 10300052, 10201494, 8930497, 9638718, 9024490, 10201000, 8509794, 8689867, 8614877, 8509795, 8587167, 8614872, 9196836, 8509793', 'jira': 'https://jabra1.atlassian.net/browse/DAR-707'}, {'id': 9175545, 'name': "CLONE - [SP IOP][Zoom][SA] can't hold and unhold call from HS", 'documentKey': 'Dw-BUG-435', 'statusId': 156536, 'status': 'Open', 'teamId': 156569, 'team': 'ESW DECT', 'priorityId': 156534, 'priority': 'Minor', 'upstream': '10201005, 9685569, 10201006, 10299952, 9605061, 9602432, 10300052, 9686426, 10201494, 9638718, 10201000, 9638716, 9855871, 9685573, 10201010, 10201011, 10201491, 9605065, 10201497, 9855872', 'jira': 'https://jabra1.atlassian.net/browse/OS-572'}, {'id': 9855155, 'name': "CLONE - CLONE - [SP IOP,Zoom]3-way call, can't end the call from DUT after end the active call &unhold the held call", 'documentKey': 'Dw-BUG-442', 'statusId': 156536, 'status': 'Open', 'teamId': 156569, 'team': 'ESW DECT', 'priorityId': 156534, 'priority': 'Minor', 'upstream': '9745192, 9745265, 10146804, 10146829, 10326431, 10326456, 9745193, 9745268, 10146803, 10326430, 10326455, 10326472', 'jira': 'https://jabra1.atlassian.net/browse/DAR-882'}, {'id': 10055385, 'name': "CLONE - [SP IOP][Zoom][SA] can't hold and unhold call from HS", 'documentKey': 'Dw-BUG-448', 'statusId': 156537, 'status': 'Resolved', 'teamId': 157251, 'team': 'ESW BT', 'priorityId': 156534, 'priority': 'Minor', 'upstream': '10025513, 10025611, 10025674, 10025714, 10073612, 10073693, 10426348, 10426351, 10025595, 10073634', 'jira': 'https://jabra1.atlassian.net/browse/STRAT-329'}, {'id': 10247040, 'name': 'CLONE - [SDK Demo][Button takeover]only support "MMI_ACTION_TAP" for Volume Up/Down button, no "MMI_ACTION_PRESS"', 'documentKey': 'Dw-BUG-450', 'statusId': 156539, 'status': 'In Progress', 'teamId': 157345, 'team': 'DE SDK', 'priorityId': 156534, 'priority': 'Minor', 'upstream': '', 'jira': 'https://jabra1.atlassian.net/browse/DAR-900'}, {'id': 10470118, 'name': 'CLONE - CLONE - [Cisco Jabber]HS mute indication not sync after muted call transfer to HS', 'documentKey': 'Dw-BUG-453', 'statusId': 156536, 'status': 'Open', 'teamId': 156569, 'team': 'ESW DECT', 'priorityId': 156533, 'priority': 'Major', 'upstream': '', 'jira': 'https://jabra1.atlassian.net/browse/DAR-907'}]"
2023-02-03 05:29:45 I Darwi Print           "CREATE TABLE IF NOT EXISTS defects (                     rel TEXT, team TEXT, status TEXT, priority TEXT, count INT, date TEXT) ENGINE=InnoDB DEFAULT CHARSET=utf8:successful"
2023-02-03 05:29:45 I Darwi Print           "CREATE TABLE IF NOT EXISTS alldefects (                     id INT, uniqueid TEXT, name TEXT, status TEXT, rel TEXT, team TEXT, priority TEXT, jira TEXT, upstream TEXT) ENGINE=InnoDB DEFAULT CHARSET=utf8:successful"
2023-02-03 05:29:45 I Darwi Print           "DELETE FROM defects WHERE date='2023-02-03':successful"
2023-02-03 05:29:45 I Darwi Print           "DELETE FROM alldefects WHERE id = 4612662:successful"
2023-02-03 05:29:45 I Darwi Print           "DELETE FROM alldefects WHERE id = 4612728:successful"
2023-02-03 05:29:45 I Darwi Print           "DELETE FROM alldefects WHERE id = 6370802:successful"
2023-02-03 05:29:45 I Darwi Print           "DELETE FROM alldefects WHERE id = 6370874:successful"
2023-02-03 05:29:45 I Darwi Print           "DELETE FROM alldefects WHERE id = 6887519:successful"
2023-02-03 05:29:45 I Darwi Print           "DELETE FROM alldefects WHERE id = 6887534:successful"
2023-02-03 05:29:45 I Darwi Print           "DELETE FROM alldefects WHERE id = 6887573:successful"
2023-02-03 05:29:45 I Darwi Print           "DELETE FROM alldefects WHERE id = 6887687:successful"
2023-02-03 05:29:45 I Darwi Print           "DELETE FROM alldefects WHERE id = 6888668:successful"
2023-02-03 05:29:45 I Darwi Print           "DELETE FROM alldefects WHERE id = 6939424:successful"
2023-02-03 05:29:45 I Darwi Print           "DELETE FROM alldefects WHERE id = 8514285:successful"
2023-02-03 05:29:45 I Darwi Print           "DELETE FROM alldefects WHERE id = 8515753:successful"
2023-02-03 05:29:45 I Darwi Print           "DELETE FROM alldefects WHERE id = 9175545:successful"
2023-02-03 05:29:45 I Darwi Print           "DELETE FROM alldefects WHERE id = 9855155:successful"
2023-02-03 05:29:45 I Darwi Print           "DELETE FROM alldefects WHERE id = 10055385:successful"
2023-02-03 05:29:45 I Darwi Print           "DELETE FROM alldefects WHERE id = 10247040:successful"
2023-02-03 05:29:45 I Darwi Print           "DELETE FROM alldefects WHERE id = 10470118:successful"
2023-02-03 05:29:45 I Darwi Print           "Not enough parameters for the SQL statement"
2023-02-03 05:29:45 I Darwi Print           "INSERT INTO defects (rel, team, status, count, date, priority) SELECT rel, team, status, count((@rn := @rn + 1)) as count, '2023-02-03' as date, priority FROM alldefects cross join (select @rn := 0) const GROUP BY rel, team, status, priority:successful"
2023-02-03 05:44:30 I Darwi get_multipickli "Unassigned don't find the mainteam name from G_parameter"
2023-02-03 05:44:35 I Darwi get_multipickli "Unassigned don't find the mainteam name from G_parameter"
2023-02-03 05:44:50 I Darwi get_multipickli "Unassigned don't find the mainteam name from G_parameter"
2023-02-03 05:45:20 I Darwi get_multipickli "Unassigned don't find the mainteam name from G_parameter"
2023-02-03 05:45:25 I Darwi get_multipickli "Unassigned don't find the mainteam name from G_parameter"
2023-02-03 05:45:43 I Darwi get_multipickli "Unassigned don't find the mainteam name from G_parameter"
2023-02-03 05:45:59 I Darwi get_multipickli "Unassigned don't find the mainteam name from G_parameter"
2023-02-03 05:46:21 I Darwi get_multipickli "Unassigned don't find the mainteam name from G_parameter"
2023-02-03 05:46:34 I Darwi get_multipickli "Unassigned don't find the mainteam name from G_parameter"
2023-02-03 05:46:39 I Darwi get_multipickli "Unassigned don't find the mainteam name from G_parameter"
2023-02-03 05:46:50 I Darwi get_multipickli "Unassigned don't find the mainteam name from G_parameter"
2023-02-03 05:46:57 I Darwi get_multipickli "Unassigned don't find the mainteam name from G_parameter"
2023-02-03 05:47:02 I Darwi get_multipickli "Unassigned don't find the mainteam name from G_parameter"
2023-02-03 05:49:18 I Darwi get_multipickli "Digital Experience – Android don't find the mainteam name from G_parameter"
2023-02-03 05:49:24 I Darwi get_multipickli "Digital Experience – IOS don't find the mainteam name from G_parameter"
2023-02-03 05:49:29 I Darwi get_multipickli "Digital Experience – Android don't find the mainteam name from G_parameter"
2023-02-03 05:49:29 I Darwi get_multipickli "Digital Experience – IOS don't find the mainteam name from G_parameter"
2023-02-03 06:05:01 I Darwi get_multipickli "Digital Experience – Android don't find the mainteam name from G_parameter"
2023-02-03 06:05:01 I Darwi get_multipickli "Digital Experience – IOS don't find the mainteam name from G_parameter"
2023-02-03 06:05:48 I Darwi get_multipickli "Digital Experience – Android don't find the mainteam name from G_parameter"
2023-02-03 06:05:48 I Darwi get_multipickli "Digital Experience – IOS don't find the mainteam name from G_parameter"
2023-02-03 06:05:53 I Darwi get_multipickli "Digital Experience – Android don't find the mainteam name from G_parameter"
2023-02-03 06:05:53 I Darwi get_multipickli "Digital Experience – IOS don't find the mainteam name from G_parameter"
2023-02-03 06:09:19 I Darwi Print           "DROP TABLE IF EXISTS allrequirements:successful"
2023-02-03 06:09:19 I Darwi Print           "DROP TABLE IF EXISTS allcoverage:successful"
2023-02-03 06:09:19 I Darwi Print           "CREATE TABLE IF NOT EXISTS requirements (                        rel TEXT, status TEXT, count INT, date TEXT) ENGINE=InnoDB DEFAULT CHARSET=utf8:successful"
2023-02-03 06:09:19 I Darwi Print           "CREATE TABLE IF NOT EXISTS allrequirements (                        id INT, uniqueid TEXT, name TEXT, status TEXT, rel TEXT, upstream TEXT, downstream TEXT, team TEXT, test_status TEXT) ENGINE=InnoDB DEFAULT CHARSET=utf8:successful"
2023-02-03 06:09:19 I Darwi Print           "CREATE TABLE IF NOT EXISTS coverage (                        team text, covered int, expected int, date text) ENGINE=InnoDB DEFAULT CHARSET=utf8:successful"
2023-02-03 06:09:19 I Darwi Print           "CREATE TABLE IF NOT EXISTS allcoverage (                        id INT, uniqueid TEXT, name TEXT, status TEXT, rel TEXT, verify TEXT, missing TEXT) ENGINE=InnoDB DEFAULT CHARSET=utf8:successful"
2023-02-03 06:09:19 I Darwi Print           "DELETE FROM requirements WHERE date='2023-02-03':successful"
2023-02-03 06:09:19 I Darwi Print           "DELETE FROM coverage WHERE date='2023-02-03':successful"
2023-02-03 06:09:21 I Darwi Print           "INSERT INTO requirements (rel, status, count, date) SELECT rel, status, count((@rn := @rn + 1)) as count, '2023-02-03' as date FROM allrequirements cross join (select @rn := 0) const GROUP BY rel, status:successful"
2023-02-03 06:09:21 I Darwi Print           "CREATE TABLE IF NOT EXISTS feattest (rel TEXT, status TEXT, count TEXT, date TEXT) ENGINE=InnoDB DEFAULT CHARSET=utf8:successful"
2023-02-03 06:09:21 I Darwi Print           "CREATE TABLE IF NOT EXISTS reqtest (rel TEXT, status TEXT, count TEXT, date TEXT) ENGINE=InnoDB DEFAULT CHARSET=utf8:successful"
2023-02-03 06:09:21 I Darwi Print           "SELECT id FROM allfeatures:successful"
2023-02-03 06:09:21 I Darwi Print           "SELECT id,upstream,downstream,team FROM allrequirements:successful"
2023-02-03 06:09:21 I Darwi Print           "SELECT id FROM allcoverage:successful"
2023-02-03 06:09:21 I Darwi Print           "SELECT * FROM testcases:successful"
2023-02-03 06:41:43 I Darwi Print           "Connet 20402 successfully!!!"
2023-02-03 06:41:43 I Darwi Get_alltests    "Get project name:Darwin id:20402 all testplans"
2023-02-03 06:41:48 I Darwi Get_alltests    "{3507556: {'id': 3507556, 'name': 'Audio test plan', 'archived': False, 'index': '3507556:Audio test plan'}, 7563315: {'id': 7563315, 'name': 'Darwin - new cable test plan', 'archived': False, 'index': '7563315:Darwin - new cable test plan'}, 4247021: {'id': 4247021, 'name': 'Darwin PKG Transportation Test Plan', 'archived': False, 'index': '4247021:Darwin PKG Transportation Test Plan'}, 6047346: {'id': 6047346, 'name': 'Darwin SP1 ESW Test plan', 'archived': True, 'index': '6047346:Darwin SP1 ESW Test plan'}, 7077003: {'id': 7077003, 'name': 'Darwin SP2 ESW Test plan', 'archived': False, 'index': '7077003:Darwin SP2 ESW Test plan'}, 8030446: {'id': 8030446, 'name': 'Darwin SR03 ESW Test plan', 'archived': False, 'index': '8030446:Darwin SR03 ESW Test plan'}, 7192848: {'id': 7192848, 'name': 'Darwin VP1 ESW Test plan Telemetry', 'archived': False, 'index': '7192848:Darwin VP1 ESW Test plan Telemetry'}, 3507761: {'id': 3507761, 'name': 'ESW Test Plan', 'archived': False, 'index': '3507761:ESW Test Plan'}, 9744930: {'id': 9744930, 'name': 'ESW Test Plan - Motion sensor removal', 'archived': False, 'index': '9744930:ESW Test Plan - Motion sensor removal'}, 8583971: {'id': 8583971, 'name': 'ESW Testplan Genesys certification test', 'archived': False, 'index': '8583971:ESW Testplan Genesys certification test'}, 7401408: {'id': 7401408, 'name': 'ESW UC device in Teams', 'archived': False, 'index': '7401408:ESW UC device in Teams'}, 3522854: {'id': 3522854, 'name': 'HW Test plan', 'archived': False, 'index': '3522854:HW Test plan'}, 3498152: {'id': 3498152, 'name': 'Mechanics mock up test plan', 'archived': False, 'index': '3498152:Mechanics mock up test plan'}, 8283952: {'id': 8283952, 'name': 'Mitel Evolve2 40 Stereo UC ESW Test plan', 'archived': False, 'index': '8283952:Mitel Evolve2 40 Stereo UC ESW Test plan'}, 3555207: {'id': 3555207, 'name': 'MT Test Plan', 'archived': False, 'index': '3555207:MT Test Plan'}, 3996271: {'id': 3996271, 'name': 'Product Maintenance test plan', 'archived': False, 'index': '3996271:Product Maintenance test plan'}, 3395625: {'id': 3395625, 'name': 'Product Verification Test Plan', 'archived': False, 'index': '3395625:Product Verification Test Plan'}, 3493067: {'id': 3493067, 'name': 'QA test plan', 'archived': False, 'index': '3493067:QA test plan'}, 3578879: {'id': 3578879, 'name': 'Regulatory Compliance test plan', 'archived': False, 'index': '3578879:Regulatory Compliance test plan'}, 8055438: {'id': 8055438, 'name': 'SE Product Verification Test Plan', 'archived': False, 'index': '8055438:SE Product Verification Test Plan'}, 4874502: {'id': 4874502, 'name': 'UX', 'archived': False, 'index': '4874502:UX'}}"
2023-02-03 06:41:48 I Darwi Get_alltests    "Get project name:Darwin id:20402 all testplans successful!!!"
2023-02-03 07:04:25 I Darwi tidy_alltestcas "1848"
2023-02-03 07:10:25 I Darwi Print           "DROP TABLE IF EXISTS testcases:successful"
2023-02-03 07:10:25 I Darwi Print           "CREATE TABLE IF NOT EXISTS testcases (                             testplan_id INT,                             testplan_name TEXT,                             testgroup_id INT,                             testgroup_name TEXT,                             testcycle_id INT,                             testcycle_name TEXT,                             rel TEXT,                             id INT,                             uniqueid TEXT,                             name TEXT,                             status TEXT,                             upstream TEXT,                             downstream TEXT,                             executionDate TEXT) ENGINE=InnoDB DEFAULT CHARSET=utf8:successful"
2023-02-03 07:10:26 I Darwi update_database "Insert testcases table successful"
2023-02-03 07:10:26 I Darwi Print           "CREATE TABLE IF NOT EXISTS tests (                             testplan_id INT,                             testplan_name TEXT,                             testplan_status TEXT,                             rel TEXT, status TEXT,                             count INT, date TEXT) ENGINE=InnoDB DEFAULT CHARSET=utf8:successful"
2023-02-03 07:10:26 I Darwi Print           "DELETE FROM tests WHERE date='2023-02-03':successful"
2023-02-03 07:10:26 I Darwi Print           "SELECT testplan_id FROM tests GROUP BY testplan_id:successful"
2023-02-03 07:10:26 I Darwi Print           "SELECT testplan_name FROM tests WHERE testplan_id=3507556 LIMIT 1:successful"
2023-02-03 07:10:26 I Darwi Print           "UPDATE tests SET testplan_status='Active' WHERE testplan_id=3507556:successful"
2023-02-03 07:10:26 I Darwi Print           "SELECT testplan_name FROM tests WHERE testplan_id=7563315 LIMIT 1:successful"
2023-02-03 07:10:26 I Darwi Print           "UPDATE tests SET testplan_status='Active' WHERE testplan_id=7563315:successful"
2023-02-03 07:10:26 I Darwi Print           "SELECT testplan_name FROM tests WHERE testplan_id=4247021 LIMIT 1:successful"
2023-02-03 07:10:26 I Darwi Print           "UPDATE tests SET testplan_status='Active' WHERE testplan_id=4247021:successful"
2023-02-03 07:10:26 I Darwi Print           "SELECT testplan_name FROM tests WHERE testplan_id=7077003 LIMIT 1:successful"
2023-02-03 07:10:26 I Darwi Print           "UPDATE tests SET testplan_status='Active' WHERE testplan_id=7077003:successful"
2023-02-03 07:10:26 I Darwi Print           "SELECT testplan_name FROM tests WHERE testplan_id=8030446 LIMIT 1:successful"
2023-02-03 07:10:26 I Darwi Print           "UPDATE tests SET testplan_status='Active' WHERE testplan_id=8030446:successful"
2023-02-03 07:10:26 I Darwi Print           "SELECT testplan_name FROM tests WHERE testplan_id=7192848 LIMIT 1:successful"
2023-02-03 07:10:26 I Darwi Print           "UPDATE tests SET testplan_status='Active' WHERE testplan_id=7192848:successful"
2023-02-03 07:10:26 I Darwi Print           "SELECT testplan_name FROM tests WHERE testplan_id=3507761 LIMIT 1:successful"
2023-02-03 07:10:26 I Darwi Print           "UPDATE tests SET testplan_status='Active' WHERE testplan_id=3507761:successful"
2023-02-03 07:10:26 I Darwi Print           "SELECT testplan_name FROM tests WHERE testplan_id=9744930 LIMIT 1:successful"
2023-02-03 07:10:26 I Darwi Print           "UPDATE tests SET testplan_status='Active' WHERE testplan_id=9744930:successful"
2023-02-03 07:10:26 I Darwi Print           "SELECT testplan_name FROM tests WHERE testplan_id=8583971 LIMIT 1:successful"
2023-02-03 07:10:26 I Darwi Print           "UPDATE tests SET testplan_status='Active' WHERE testplan_id=8583971:successful"
2023-02-03 07:10:26 I Darwi Print           "SELECT testplan_name FROM tests WHERE testplan_id=7401408 LIMIT 1:successful"
2023-02-03 07:10:26 I Darwi Print           "UPDATE tests SET testplan_status='Active' WHERE testplan_id=7401408:successful"
2023-02-03 07:10:26 I Darwi Print           "SELECT testplan_name FROM tests WHERE testplan_id=3522854 LIMIT 1:successful"
2023-02-03 07:10:26 I Darwi Print           "UPDATE tests SET testplan_status='Active' WHERE testplan_id=3522854:successful"
2023-02-03 07:10:26 I Darwi Print           "SELECT testplan_name FROM tests WHERE testplan_id=3498152 LIMIT 1:successful"
2023-02-03 07:10:26 I Darwi Print           "UPDATE tests SET testplan_status='Active' WHERE testplan_id=3498152:successful"
2023-02-03 07:10:26 I Darwi Print           "SELECT testplan_name FROM tests WHERE testplan_id=8283952 LIMIT 1:successful"
2023-02-03 07:10:26 I Darwi Print           "UPDATE tests SET testplan_status='Active' WHERE testplan_id=8283952:successful"
2023-02-03 07:10:26 I Darwi Print           "SELECT testplan_name FROM tests WHERE testplan_id=3555207 LIMIT 1:successful"
2023-02-03 07:10:26 I Darwi Print           "UPDATE tests SET testplan_status='Active' WHERE testplan_id=3555207:successful"
2023-02-03 07:10:26 I Darwi Print           "SELECT testplan_name FROM tests WHERE testplan_id=3996271 LIMIT 1:successful"
2023-02-03 07:10:26 I Darwi Print           "UPDATE tests SET testplan_status='Active' WHERE testplan_id=3996271:successful"
2023-02-03 07:10:26 I Darwi Print           "SELECT testplan_name FROM tests WHERE testplan_id=3395625 LIMIT 1:successful"
2023-02-03 07:10:26 I Darwi Print           "UPDATE tests SET testplan_status='Active' WHERE testplan_id=3395625:successful"
2023-02-03 07:10:26 I Darwi Print           "SELECT testplan_name FROM tests WHERE testplan_id=3493067 LIMIT 1:successful"
2023-02-03 07:10:26 I Darwi Print           "UPDATE tests SET testplan_status='Active' WHERE testplan_id=3493067:successful"
2023-02-03 07:10:26 I Darwi Print           "SELECT testplan_name FROM tests WHERE testplan_id=3578879 LIMIT 1:successful"
2023-02-03 07:10:26 I Darwi Print           "UPDATE tests SET testplan_status='Active' WHERE testplan_id=3578879:successful"
2023-02-03 07:10:26 I Darwi Print           "SELECT testplan_name FROM tests WHERE testplan_id=8055438 LIMIT 1:successful"
2023-02-03 07:10:26 I Darwi Print           "UPDATE tests SET testplan_status='Active' WHERE testplan_id=8055438:successful"
2023-02-03 07:10:26 I Darwi Print           "INSERT INTO tests (testplan_id, testplan_name, testplan_status, rel, status, count, date) SELECT testplan_id, testplan_name, 'Active' as testplan_status, rel, status, count((@rn := @rn + 1)) as count, '2023-02-03' as date FROM testcases cross join (select @rn := 0) const GROUP BY testplan_id, rel, status:successful"
2023-02-03 07:10:26 I Darwi update_database "Insert tests table successful"
2023-02-03 07:10:26 I Darwi Print           "CREATE TABLE IF NOT EXISTS testapproval (                                 rel TEXT, team TEXT, status TEXT, upstream TEXT, count INT, date TEXT                                 ) ENGINE=InnoDB DEFAULT CHARSET=utf8:successful"
2023-02-03 07:10:27 I Darwi Print           "DROP TABLE IF EXISTS alltestapproval:successful"
2023-02-03 07:10:27 I Darwi Print           "CREATE TABLE IF NOT EXISTS alltestapproval (                                 id INT, uniqueid TEXT, name TEXT, status TEXT, rel TEXT, team TEXT, upstream TEXT                                 ) ENGINE=InnoDB DEFAULT CHARSET=utf8:successful"
2023-02-03 07:10:27 I Darwi Print           "DELETE FROM testapproval WHERE date='2023-02-03':successful"
2023-02-03 07:10:27 I Darwi Print           "INSERT INTO testapproval (rel, team, status, count, date, upstream) SELECT rel, team, status, count((@rn := @rn + 1)) as count, '2023-02-03' as date, upstream FROM alltestapproval cross join (select @rn := 0) const GROUP BY rel, team, status, upstream:successful"
2023-02-03 07:10:42 I Darwi Get_allfeatuers "[]"
2023-02-03 07:10:42 I Darwi Print           "CREATE TABLE IF NOT EXISTS features (                                rel TEXT, status TEXT, count INT, date TEXT) ENGINE=InnoDB DEFAULT CHARSET=utf8:successful"
2023-02-03 07:10:42 I Darwi Print           "CREATE TABLE IF NOT EXISTS allfeatures (                                id INT, uniqueid TEXT, name TEXT, status TEXT, rel TEXT,test_status TEXT) ENGINE=InnoDB DEFAULT CHARSET=utf8:successful"
2023-02-03 07:10:42 I Darwi Print           "DELETE FROM features WHERE date='2023-02-03':successful"
2023-02-03 07:10:42 I Darwi Print           "DELETE FROM allfeatures WHERE id=7736161:successful"
2023-02-03 07:10:42 I Darwi Print           "DELETE FROM allfeatures WHERE id=7440109:successful"
2023-02-03 07:10:42 I Darwi Print           "DELETE FROM allfeatures WHERE id=7396441:successful"
2023-02-03 07:10:42 I Darwi Print           "DELETE FROM allfeatures WHERE id=7392774:successful"
2023-02-03 07:10:42 I Darwi Print           "DELETE FROM allfeatures WHERE id=7392710:successful"
2023-02-03 07:10:42 I Darwi Print           "INSERT INTO features (rel, status, count, date)                                 SELECT rel, status, count((@rn := @rn + 1)) as count, '2023-02-03' as date FROM allfeatures cross join (select @rn := 0) const GROUP BY rel, status:successful"
2023-02-03 07:10:49 I Darwi Get_allchangere "[]"
2023-02-03 07:10:49 I Darwi Print           "CREATE TABLE IF NOT EXISTS changes (                                 rel TEXT, status TEXT, priority TEXT,                                 requester TEXT, date TEXT, count INT) ENGINE=InnoDB DEFAULT CHARSET=utf8:successful"
2023-02-03 07:10:49 I Darwi Print           "CREATE TABLE IF NOT EXISTS allchanges (                                 id INT, uniqueid TEXT, name TEXT,                                 status TEXT, rel TEXT, priority TEXT,                                 requester TEXT) ENGINE=InnoDB DEFAULT CHARSET=utf8:successful"
2023-02-03 07:10:49 I Darwi Print           "DELETE FROM changes WHERE date='2023-02-03':successful"
2023-02-03 07:10:49 I Darwi Print           "INSERT INTO changes (                                 rel, status, priority, requester, date, count)                                 SELECT rel, status, priority, requester, '2023-02-03' as date, count((@rn := @rn + 1)) as count FROM allchanges                                 cross join (select @rn := 0) const GROUP BY rel, status, priority, requester:successful"
2023-02-03 07:10:57 I Darwi Print           "CREATE TABLE IF NOT EXISTS designspec (                            rel TEXT, team TEXT, status TEXT, count INT, date text) ENGINE=InnoDB DEFAULT CHARSET=utf8:successful"
2023-02-03 07:10:57 I Darwi Print           "CREATE TABLE IF NOT EXISTS alldesignspec (                             id INT, uniqueid TEXT, name TEXT, status TEXT, rel TEXT, team TEXT) ENGINE=InnoDB DEFAULT CHARSET=utf8:successful"
2023-02-03 07:10:57 I Darwi Print           "DELETE FROM designspec WHERE date='2023-02-03':successful"
2023-02-03 07:10:57 I Darwi Print           "INSERT INTO designspec (rel, team, status, count, date) SELECT rel, team, status, count((@rn := @rn + 1)) as count, '2023-02-03' as date FROM alldesignspec cross join (select @rn := 0) const GROUP BY rel, team, status:successful"
2023-02-03 07:11:12 I Darwi Get_alluserstor "[]"
2023-02-03 07:11:12 I Darwi Print           "CREATE TABLE IF NOT EXISTS userstories (                 rel TEXT, status TEXT, count INT, date TEXT) ENGINE=InnoDB DEFAULT CHARSET=utf8:successful"
2023-02-03 07:11:12 I Darwi Print           "CREATE TABLE IF NOT EXISTS alluserstories (                 id INT, uniqueid TEXT, name TEXT, status TEXT, rel TEXT) ENGINE=InnoDB DEFAULT CHARSET=utf8:successful"
2023-02-03 07:11:12 I Darwi Print           "DELETE FROM userstories WHERE date='2023-02-03':successful"
2023-02-03 07:11:12 I Darwi Print           "INSERT INTO userstories (rel, status, count, date) SELECT rel, status, count((@rn := @rn + 1)) as count, '2023-02-03' as date FROM alluserstories cross join (select @rn := 0) const GROUP BY rel, status:successful"
2023-02-03 07:13:24 I Darwi Get_alldefects  "[{'id': 4612662, 'name': '[Teams] Long press of Teams button could not open voice skill dialog in listening mode', 'documentKey': 'Dw-BUG-49', 'statusId': 156536, 'status': 'Open', 'teamId': 156569, 'team': 'ESW DECT', 'priorityId': 156534, 'priority': 'Minor', 'upstream': '4432626, 5265858, 4492236, 8145662, 5268843, 5531967, 5821110, 5902053, 6089808, 6881555, 7077957, 7080525, 7255731, 7357422, 8688259, 9745084, 6370541, 6534659, 6775613, 8056856', 'jira': 'https://jabra1.atlassian.net/browse/DAR-132'}, {'id': 4612728, 'name': '[Teams] Teams LED shows wrong when DUT is non-selected', 'documentKey': 'Dw-BUG-50', 'statusId': 156536, 'status': 'Open', 'teamId': 156569, 'team': 'ESW DECT', 'priorityId': 156533, 'priority': 'Major', 'upstream': '4492239, 5265861, 6326213, 4570404, 4824706, 4977075, 5270211, 5270229, 5821254, 6370721, 6534737, 6776276, 7256496, 7256514, 7419666, 7419669, 7557492, 7557522, 7740960, 7740963', 'jira': 'https://jabra1.atlassian.net/browse/DAR-133'}, {'id': 6370802, 'name': '[Mobile]fail to mute the Mobile call from device when connect to Mobile USB-C', 'documentKey': 'Dw-BUG-271', 'statusId': 156536, 'status': 'Open', 'teamId': 156569, 'team': 'ESW DECT', 'priorityId': 156534, 'priority': 'Minor', 'upstream': '6360680, 6360692, 6360704, 6360713, 6360719, 7256433, 7256457, 7277253, 7277265, 7277298, 7277319, 7801083, 10319872, 10319881', 'jira': 'https://jabra1.atlassian.net/browse/DAR-429'}, {'id': 6370874, 'name': "[Mobile]the call audio can't get through device but the mobile", 'documentKey': 'Dw-BUG-272', 'statusId': 156536, 'status': 'Open', 'teamId': 156569, 'team': 'ESW DECT', 'priorityId': 156534, 'priority': 'Minor', 'upstream': '6360683, 6360701, 7256436, 10319879, 6360713, 6360719, 7256442, 10319872, 10319881', 'jira': 'https://jabra1.atlassian.net/browse/DAR-430'}, {'id': 6887519, 'name': "[SP IOP][Zoom][SA]can't answer the second incoming call from HS if end current active call form SP firstly", 'documentKey': 'Dw-BUG-279', 'statusId': 156536, 'status': 'Open', 'teamId': 156569, 'team': 'ESW DECT', 'priorityId': 156534, 'priority': 'Minor', 'upstream': '6842324, 9685792, 10201005, 10201006, 10299952, 10300052, 10201011, 10201497, 10201012, 10326893, 10311521, 10326889, 10201498, 10201002, 6839690, 6849053, 6849275, 6849458, 7248231, 7249866', 'jira': 'https://jabra1.atlassian.net/browse/DAR-456'}, {'id': 6887534, 'name': "[SP IOP][Zoom][SA]3-way call, can't answer the incoming call and end the active call", 'documentKey': 'Dw-BUG-280', 'statusId': 156536, 'status': 'Open', 'teamId': 156569, 'team': 'ESW DECT', 'priorityId': 156534, 'priority': 'Minor', 'upstream': '6844943, 9108174, 9108162, 9108211, 9108199, 10261627, 9108182, 8966777, 9685569, 10201494, 10201000, 9638716, 10201010, 10201491, 9686429, 9638721, 10200997, 10201003, 9685565, 9638720', 'jira': 'https://jabra1.atlassian.net/browse/DAR-457'}, {'id': 6887573, 'name': "[SP IOP][Zoom][SA] can't hold and unhold call from HS", 'documentKey': 'Dw-BUG-281', 'statusId': 156536, 'status': 'Open', 'teamId': 156569, 'team': 'ESW DECT', 'priorityId': 156534, 'priority': 'Minor', 'upstream': '6844949, 9108167, 9108166, 9108206, 10261630, 9108190, 8966780, 9731047, 6839759, 6849152, 6849290, 6849479, 7248672, 7249692, 7391262, 7706343, 7825842, 8654452, 8654560, 8655552', 'jira': 'https://jabra1.atlassian.net/browse/DAR-458'}, {'id': 6887687, 'name': "[SP IOP][Zoom][SA]can't swap calls from HS during 3-way calls", 'documentKey': 'Dw-BUG-282', 'statusId': 156536, 'status': 'Open', 'teamId': 156569, 'team': 'ESW DECT', 'priorityId': 156534, 'priority': 'Minor', 'upstream': '6844955, 9108177, 9108174, 9108156, 9108162, 9108211, 9108195, 9108199, 10261625, 10261627, 9108178, 9108182, 8966776, 9638795, 9706168, 9634713, 9483949, 6839765, 6849134, 6849308', 'jira': 'https://jabra1.atlassian.net/browse/DAR-459'}, {'id': 6888668, 'name': '[SP IOP][Zoom][SA]Sometimes mute state not sync back to HS when switch audio device in mute state', 'documentKey': 'Dw-BUG-290', 'statusId': 156536, 'status': 'Open', 'teamId': 156569, 'team': 'ESW DECT', 'priorityId': 156534, 'priority': 'Minor', 'upstream': '6842294, 6849095, 6849164, 9634705, 9745191, 9745274, 10326457', 'jira': 'https://jabra1.atlassian.net/browse/DAR-468'}, {'id': 6939424, 'name': '[OS][Re-enumerate]HS will re-enumerate if tapping MFB button with Sound Microphone page opened on OS', 'documentKey': 'Dw-BUG-296', 'statusId': 156538, 'status': 'Closed', 'teamId': 156569, 'team': 'ESW DECT', 'priorityId': 156533, 'priority': 'Major', 'upstream': '', 'jira': 'https://jabra1.atlassian.net/browse/DAR-475'}, {'id': 8514285, 'name': "[HP Thinclient eLux 6.9]the audio device can't be correctly selected on eLux6.9", 'documentKey': 'Dw-BUG-391', 'statusId': 156536, 'status': 'Open', 'teamId': 157344, 'team': 'DE Integration', 'priorityId': 156534, 'priority': 'Minor', 'upstream': '5984613, 8714605, 10201005, 9685569, 10201006, 10299952, 10300052, 9686426, 10201494, 8930497, 9638718, 9024490, 10201000, 8689867, 8813396, 8614877, 8614872, 9196836, 9855871, 8861093', 'jira': 'https://jabra1.atlassian.net/browse/DAR-706'}, {'id': 8515753, 'name': '[HP Thinclient eLux 6.9][Volume store]the volume store not work well on eLux6.9', 'documentKey': 'Dw-BUG-392', 'statusId': 156536, 'status': 'Open', 'teamId': 156569, 'team': 'ESW DECT', 'priorityId': 156534, 'priority': 'Minor', 'upstream': '5984613, 8714605, 10201005, 9685569, 10201006, 10299952, 10300052, 10201494, 8930497, 9638718, 9024490, 10201000, 8509794, 8689867, 8614877, 8509795, 8587167, 8614872, 9196836, 8509793', 'jira': 'https://jabra1.atlassian.net/browse/DAR-707'}, {'id': 9175545, 'name': "CLONE - [SP IOP][Zoom][SA] can't hold and unhold call from HS", 'documentKey': 'Dw-BUG-435', 'statusId': 156536, 'status': 'Open', 'teamId': 156569, 'team': 'ESW DECT', 'priorityId': 156534, 'priority': 'Minor', 'upstream': '10201005, 9685569, 10201006, 10299952, 9605061, 9602432, 10300052, 9686426, 10201494, 9638718, 10201000, 9638716, 9855871, 9685573, 10201010, 10201011, 10201491, 9605065, 10201497, 9855872', 'jira': 'https://jabra1.atlassian.net/browse/OS-572'}, {'id': 9855155, 'name': "CLONE - CLONE - [SP IOP,Zoom]3-way call, can't end the call from DUT after end the active call &unhold the held call", 'documentKey': 'Dw-BUG-442', 'statusId': 156536, 'status': 'Open', 'teamId': 156569, 'team': 'ESW DECT', 'priorityId': 156534, 'priority': 'Minor', 'upstream': '9745192, 9745265, 10146804, 10146829, 10326431, 10326456, 9745193, 9745268, 10146803, 10326430, 10326455, 10326472', 'jira': 'https://jabra1.atlassian.net/browse/DAR-882'}, {'id': 10055385, 'name': "CLONE - [SP IOP][Zoom][SA] can't hold and unhold call from HS", 'documentKey': 'Dw-BUG-448', 'statusId': 156537, 'status': 'Resolved', 'teamId': 157251, 'team': 'ESW BT', 'priorityId': 156534, 'priority': 'Minor', 'upstream': '10025513, 10025611, 10025674, 10025714, 10073612, 10073693, 10426348, 10426351, 10025595, 10073634', 'jira': 'https://jabra1.atlassian.net/browse/STRAT-329'}, {'id': 10247040, 'name': 'CLONE - [SDK Demo][Button takeover]only support "MMI_ACTION_TAP" for Volume Up/Down button, no "MMI_ACTION_PRESS"', 'documentKey': 'Dw-BUG-450', 'statusId': 156539, 'status': 'In Progress', 'teamId': 157345, 'team': 'DE SDK', 'priorityId': 156534, 'priority': 'Minor', 'upstream': '', 'jira': 'https://jabra1.atlassian.net/browse/DAR-900'}, {'id': 10470118, 'name': 'CLONE - CLONE - [Cisco Jabber]HS mute indication not sync after muted call transfer to HS', 'documentKey': 'Dw-BUG-453', 'statusId': 156536, 'status': 'Open', 'teamId': 156569, 'team': 'ESW DECT', 'priorityId': 156533, 'priority': 'Major', 'upstream': '', 'jira': 'https://jabra1.atlassian.net/browse/DAR-907'}]"
2023-02-03 07:13:24 I Darwi Print           "CREATE TABLE IF NOT EXISTS defects (                     rel TEXT, team TEXT, status TEXT, priority TEXT, count INT, date TEXT) ENGINE=InnoDB DEFAULT CHARSET=utf8:successful"
2023-02-03 07:13:24 I Darwi Print           "CREATE TABLE IF NOT EXISTS alldefects (                     id INT, uniqueid TEXT, name TEXT, status TEXT, rel TEXT, team TEXT, priority TEXT, jira TEXT, upstream TEXT) ENGINE=InnoDB DEFAULT CHARSET=utf8:successful"
2023-02-03 07:13:24 I Darwi Print           "DELETE FROM defects WHERE date='2023-02-03':successful"
2023-02-03 07:13:24 I Darwi Print           "DELETE FROM alldefects WHERE id = 4612662:successful"
2023-02-03 07:13:24 I Darwi Print           "DELETE FROM alldefects WHERE id = 4612728:successful"
2023-02-03 07:13:24 I Darwi Print           "DELETE FROM alldefects WHERE id = 6370802:successful"
2023-02-03 07:13:24 I Darwi Print           "DELETE FROM alldefects WHERE id = 6370874:successful"
2023-02-03 07:13:24 I Darwi Print           "DELETE FROM alldefects WHERE id = 6887519:successful"
2023-02-03 07:13:24 I Darwi Print           "DELETE FROM alldefects WHERE id = 6887534:successful"
2023-02-03 07:13:24 I Darwi Print           "DELETE FROM alldefects WHERE id = 6887573:successful"
2023-02-03 07:13:24 I Darwi Print           "DELETE FROM alldefects WHERE id = 6887687:successful"
2023-02-03 07:13:24 I Darwi Print           "DELETE FROM alldefects WHERE id = 6888668:successful"
2023-02-03 07:13:24 I Darwi Print           "DELETE FROM alldefects WHERE id = 6939424:successful"
2023-02-03 07:13:24 I Darwi Print           "DELETE FROM alldefects WHERE id = 8514285:successful"
2023-02-03 07:13:24 I Darwi Print           "DELETE FROM alldefects WHERE id = 8515753:successful"
2023-02-03 07:13:24 I Darwi Print           "DELETE FROM alldefects WHERE id = 9175545:successful"
2023-02-03 07:13:24 I Darwi Print           "DELETE FROM alldefects WHERE id = 9855155:successful"
2023-02-03 07:13:24 I Darwi Print           "DELETE FROM alldefects WHERE id = 10055385:successful"
2023-02-03 07:13:24 I Darwi Print           "DELETE FROM alldefects WHERE id = 10247040:successful"
2023-02-03 07:13:24 I Darwi Print           "DELETE FROM alldefects WHERE id = 10470118:successful"
2023-02-03 07:13:24 I Darwi Print           "Not enough parameters for the SQL statement"
2023-02-03 07:13:24 I Darwi Print           "INSERT INTO defects (rel, team, status, count, date, priority) SELECT rel, team, status, count((@rn := @rn + 1)) as count, '2023-02-03' as date, priority FROM alldefects cross join (select @rn := 0) const GROUP BY rel, team, status, priority:successful"
2023-02-03 07:29:32 I Darwi get_multipickli "Unassigned don't find the mainteam name from G_parameter"
2023-02-03 07:29:38 I Darwi get_multipickli "Unassigned don't find the mainteam name from G_parameter"
2023-02-03 07:29:54 I Darwi get_multipickli "Unassigned don't find the mainteam name from G_parameter"
2023-02-03 07:30:28 I Darwi get_multipickli "Unassigned don't find the mainteam name from G_parameter"
2023-02-03 07:30:34 I Darwi get_multipickli "Unassigned don't find the mainteam name from G_parameter"
2023-02-03 07:30:52 I Darwi get_multipickli "Unassigned don't find the mainteam name from G_parameter"
2023-02-03 07:31:09 I Darwi get_multipickli "Unassigned don't find the mainteam name from G_parameter"
2023-02-03 07:31:33 I Darwi get_multipickli "Unassigned don't find the mainteam name from G_parameter"
2023-02-03 07:31:49 I Darwi get_multipickli "Unassigned don't find the mainteam name from G_parameter"
2023-02-03 07:31:54 I Darwi get_multipickli "Unassigned don't find the mainteam name from G_parameter"
2023-02-03 07:32:08 I Darwi get_multipickli "Unassigned don't find the mainteam name from G_parameter"
2023-02-03 07:32:16 I Darwi get_multipickli "Unassigned don't find the mainteam name from G_parameter"
2023-02-03 07:32:25 I Darwi get_multipickli "Unassigned don't find the mainteam name from G_parameter"
2023-02-03 07:34:51 I Darwi get_multipickli "Digital Experience – Android don't find the mainteam name from G_parameter"
2023-02-03 07:34:57 I Darwi get_multipickli "Digital Experience – IOS don't find the mainteam name from G_parameter"
2023-02-03 07:35:04 I Darwi get_multipickli "Digital Experience – Android don't find the mainteam name from G_parameter"
2023-02-03 07:35:04 I Darwi get_multipickli "Digital Experience – IOS don't find the mainteam name from G_parameter"
2023-02-03 08:16:17 I Darwi Print           "Connet 20402 successfully!!!"
2023-02-03 08:16:17 I Darwi Get_alltests    "Get project name:Darwin id:20402 all testplans"
2023-02-03 08:16:24 I Darwi Get_alltests    "{3507556: {'id': 3507556, 'name': 'Audio test plan', 'archived': False, 'index': '3507556:Audio test plan'}, 7563315: {'id': 7563315, 'name': 'Darwin - new cable test plan', 'archived': False, 'index': '7563315:Darwin - new cable test plan'}, 4247021: {'id': 4247021, 'name': 'Darwin PKG Transportation Test Plan', 'archived': False, 'index': '4247021:Darwin PKG Transportation Test Plan'}, 6047346: {'id': 6047346, 'name': 'Darwin SP1 ESW Test plan', 'archived': True, 'index': '6047346:Darwin SP1 ESW Test plan'}, 7077003: {'id': 7077003, 'name': 'Darwin SP2 ESW Test plan', 'archived': False, 'index': '7077003:Darwin SP2 ESW Test plan'}, 8030446: {'id': 8030446, 'name': 'Darwin SR03 ESW Test plan', 'archived': False, 'index': '8030446:Darwin SR03 ESW Test plan'}, 7192848: {'id': 7192848, 'name': 'Darwin VP1 ESW Test plan Telemetry', 'archived': False, 'index': '7192848:Darwin VP1 ESW Test plan Telemetry'}, 3507761: {'id': 3507761, 'name': 'ESW Test Plan', 'archived': False, 'index': '3507761:ESW Test Plan'}, 9744930: {'id': 9744930, 'name': 'ESW Test Plan - Motion sensor removal', 'archived': False, 'index': '9744930:ESW Test Plan - Motion sensor removal'}, 8583971: {'id': 8583971, 'name': 'ESW Testplan Genesys certification test', 'archived': False, 'index': '8583971:ESW Testplan Genesys certification test'}, 7401408: {'id': 7401408, 'name': 'ESW UC device in Teams', 'archived': False, 'index': '7401408:ESW UC device in Teams'}, 3522854: {'id': 3522854, 'name': 'HW Test plan', 'archived': False, 'index': '3522854:HW Test plan'}, 3498152: {'id': 3498152, 'name': 'Mechanics mock up test plan', 'archived': False, 'index': '3498152:Mechanics mock up test plan'}, 8283952: {'id': 8283952, 'name': 'Mitel Evolve2 40 Stereo UC ESW Test plan', 'archived': False, 'index': '8283952:Mitel Evolve2 40 Stereo UC ESW Test plan'}, 3555207: {'id': 3555207, 'name': 'MT Test Plan', 'archived': False, 'index': '3555207:MT Test Plan'}, 3996271: {'id': 3996271, 'name': 'Product Maintenance test plan', 'archived': False, 'index': '3996271:Product Maintenance test plan'}, 3395625: {'id': 3395625, 'name': 'Product Verification Test Plan', 'archived': False, 'index': '3395625:Product Verification Test Plan'}, 3493067: {'id': 3493067, 'name': 'QA test plan', 'archived': False, 'index': '3493067:QA test plan'}, 3578879: {'id': 3578879, 'name': 'Regulatory Compliance test plan', 'archived': False, 'index': '3578879:Regulatory Compliance test plan'}, 8055438: {'id': 8055438, 'name': 'SE Product Verification Test Plan', 'archived': False, 'index': '8055438:SE Product Verification Test Plan'}, 4874502: {'id': 4874502, 'name': 'UX', 'archived': False, 'index': '4874502:UX'}}"
2023-02-03 08:16:24 I Darwi Get_alltests    "Get project name:Darwin id:20402 all testplans successful!!!"
2023-02-03 08:37:37 I Darwi tidy_alltestcas "1848"
2023-02-03 08:42:49 I Darwi Print           "DROP TABLE IF EXISTS testcases:successful"
2023-02-03 08:42:49 I Darwi Print           "CREATE TABLE IF NOT EXISTS testcases (                             testplan_id INT,                             testplan_name TEXT,                             testgroup_id INT,                             testgroup_name TEXT,                             testcycle_id INT,                             testcycle_name TEXT,                             rel TEXT,                             id INT,                             uniqueid TEXT,                             name TEXT,                             status TEXT,                             upstream TEXT,                             downstream TEXT,                             executionDate TEXT) ENGINE=InnoDB DEFAULT CHARSET=utf8:successful"
2023-02-03 08:42:49 I Darwi update_database "Insert testcases table successful"
2023-02-03 08:42:49 I Darwi Print           "CREATE TABLE IF NOT EXISTS tests (                             testplan_id INT,                             testplan_name TEXT,                             testplan_status TEXT,                             rel TEXT, status TEXT,                             count INT, date TEXT) ENGINE=InnoDB DEFAULT CHARSET=utf8:successful"
2023-02-03 08:42:49 I Darwi Print           "DELETE FROM tests WHERE date='2023-02-03':successful"
2023-02-03 08:42:49 I Darwi Print           "SELECT testplan_id FROM tests GROUP BY testplan_id:successful"
2023-02-03 08:42:49 I Darwi Print           "SELECT testplan_name FROM tests WHERE testplan_id=3507556 LIMIT 1:successful"
2023-02-03 08:42:49 I Darwi Print           "UPDATE tests SET testplan_status='Active' WHERE testplan_id=3507556:successful"
2023-02-03 08:42:49 I Darwi Print           "SELECT testplan_name FROM tests WHERE testplan_id=7563315 LIMIT 1:successful"
2023-02-03 08:42:49 I Darwi Print           "UPDATE tests SET testplan_status='Active' WHERE testplan_id=7563315:successful"
2023-02-03 08:42:49 I Darwi Print           "SELECT testplan_name FROM tests WHERE testplan_id=4247021 LIMIT 1:successful"
2023-02-03 08:42:49 I Darwi Print           "UPDATE tests SET testplan_status='Active' WHERE testplan_id=4247021:successful"
2023-02-03 08:42:49 I Darwi Print           "SELECT testplan_name FROM tests WHERE testplan_id=7077003 LIMIT 1:successful"
2023-02-03 08:42:49 I Darwi Print           "UPDATE tests SET testplan_status='Active' WHERE testplan_id=7077003:successful"
2023-02-03 08:42:49 I Darwi Print           "SELECT testplan_name FROM tests WHERE testplan_id=8030446 LIMIT 1:successful"
2023-02-03 08:42:49 I Darwi Print           "UPDATE tests SET testplan_status='Active' WHERE testplan_id=8030446:successful"
2023-02-03 08:42:49 I Darwi Print           "SELECT testplan_name FROM tests WHERE testplan_id=7192848 LIMIT 1:successful"
2023-02-03 08:42:49 I Darwi Print           "UPDATE tests SET testplan_status='Active' WHERE testplan_id=7192848:successful"
2023-02-03 08:42:49 I Darwi Print           "SELECT testplan_name FROM tests WHERE testplan_id=3507761 LIMIT 1:successful"
2023-02-03 08:42:49 I Darwi Print           "UPDATE tests SET testplan_status='Active' WHERE testplan_id=3507761:successful"
2023-02-03 08:42:50 I Darwi Print           "SELECT testplan_name FROM tests WHERE testplan_id=9744930 LIMIT 1:successful"
2023-02-03 08:42:50 I Darwi Print           "UPDATE tests SET testplan_status='Active' WHERE testplan_id=9744930:successful"
2023-02-03 08:42:50 I Darwi Print           "SELECT testplan_name FROM tests WHERE testplan_id=8583971 LIMIT 1:successful"
2023-02-03 08:42:50 I Darwi Print           "UPDATE tests SET testplan_status='Active' WHERE testplan_id=8583971:successful"
2023-02-03 08:42:50 I Darwi Print           "SELECT testplan_name FROM tests WHERE testplan_id=7401408 LIMIT 1:successful"
2023-02-03 08:42:50 I Darwi Print           "UPDATE tests SET testplan_status='Active' WHERE testplan_id=7401408:successful"
2023-02-03 08:42:50 I Darwi Print           "SELECT testplan_name FROM tests WHERE testplan_id=3522854 LIMIT 1:successful"
2023-02-03 08:42:50 I Darwi Print           "UPDATE tests SET testplan_status='Active' WHERE testplan_id=3522854:successful"
2023-02-03 08:42:50 I Darwi Print           "SELECT testplan_name FROM tests WHERE testplan_id=3498152 LIMIT 1:successful"
2023-02-03 08:42:50 I Darwi Print           "UPDATE tests SET testplan_status='Active' WHERE testplan_id=3498152:successful"
2023-02-03 08:42:50 I Darwi Print           "SELECT testplan_name FROM tests WHERE testplan_id=8283952 LIMIT 1:successful"
2023-02-03 08:42:50 I Darwi Print           "UPDATE tests SET testplan_status='Active' WHERE testplan_id=8283952:successful"
2023-02-03 08:42:50 I Darwi Print           "SELECT testplan_name FROM tests WHERE testplan_id=3555207 LIMIT 1:successful"
2023-02-03 08:42:50 I Darwi Print           "UPDATE tests SET testplan_status='Active' WHERE testplan_id=3555207:successful"
2023-02-03 08:42:50 I Darwi Print           "SELECT testplan_name FROM tests WHERE testplan_id=3996271 LIMIT 1:successful"
2023-02-03 08:42:50 I Darwi Print           "UPDATE tests SET testplan_status='Active' WHERE testplan_id=3996271:successful"
2023-02-03 08:42:50 I Darwi Print           "SELECT testplan_name FROM tests WHERE testplan_id=3395625 LIMIT 1:successful"
2023-02-03 08:42:50 I Darwi Print           "UPDATE tests SET testplan_status='Active' WHERE testplan_id=3395625:successful"
2023-02-03 08:42:50 I Darwi Print           "SELECT testplan_name FROM tests WHERE testplan_id=3493067 LIMIT 1:successful"
2023-02-03 08:42:50 I Darwi Print           "UPDATE tests SET testplan_status='Active' WHERE testplan_id=3493067:successful"
2023-02-03 08:42:50 I Darwi Print           "SELECT testplan_name FROM tests WHERE testplan_id=3578879 LIMIT 1:successful"
2023-02-03 08:42:50 I Darwi Print           "UPDATE tests SET testplan_status='Active' WHERE testplan_id=3578879:successful"
2023-02-03 08:42:50 I Darwi Print           "SELECT testplan_name FROM tests WHERE testplan_id=8055438 LIMIT 1:successful"
2023-02-03 08:42:50 I Darwi Print           "UPDATE tests SET testplan_status='Active' WHERE testplan_id=8055438:successful"
2023-02-03 08:42:51 I Darwi Print           "INSERT INTO tests (testplan_id, testplan_name, testplan_status, rel, status, count, date) SELECT testplan_id, testplan_name, 'Active' as testplan_status, rel, status, count((@rn := @rn + 1)) as count, '2023-02-03' as date FROM testcases cross join (select @rn := 0) const GROUP BY testplan_id, rel, status:successful"
2023-02-03 08:42:51 I Darwi update_database "Insert tests table successful"
2023-02-03 08:42:51 I Darwi Print           "CREATE TABLE IF NOT EXISTS testapproval (                                 rel TEXT, team TEXT, status TEXT, upstream TEXT, count INT, date TEXT                                 ) ENGINE=InnoDB DEFAULT CHARSET=utf8:successful"
2023-02-03 08:42:51 I Darwi Print           "DROP TABLE IF EXISTS alltestapproval:successful"
2023-02-03 08:42:51 I Darwi Print           "CREATE TABLE IF NOT EXISTS alltestapproval (                                 id INT, uniqueid TEXT, name TEXT, status TEXT, rel TEXT, team TEXT, upstream TEXT                                 ) ENGINE=InnoDB DEFAULT CHARSET=utf8:successful"
2023-02-03 08:42:51 I Darwi Print           "DELETE FROM testapproval WHERE date='2023-02-03':successful"
2023-02-03 08:42:51 I Darwi Print           "INSERT INTO testapproval (rel, team, status, count, date, upstream) SELECT rel, team, status, count((@rn := @rn + 1)) as count, '2023-02-03' as date, upstream FROM alltestapproval cross join (select @rn := 0) const GROUP BY rel, team, status, upstream:successful"
2023-02-03 08:43:06 I Darwi Get_allfeatuers "[]"
2023-02-03 08:43:06 I Darwi Print           "CREATE TABLE IF NOT EXISTS features (                                rel TEXT, status TEXT, count INT, date TEXT) ENGINE=InnoDB DEFAULT CHARSET=utf8:successful"
2023-02-03 08:43:06 I Darwi Print           "CREATE TABLE IF NOT EXISTS allfeatures (                                id INT, uniqueid TEXT, name TEXT, status TEXT, rel TEXT,test_status TEXT) ENGINE=InnoDB DEFAULT CHARSET=utf8:successful"
2023-02-03 08:43:06 I Darwi Print           "DELETE FROM features WHERE date='2023-02-03':successful"
2023-02-03 08:43:06 I Darwi Print           "DELETE FROM allfeatures WHERE id=7736161:successful"
2023-02-03 08:43:06 I Darwi Print           "DELETE FROM allfeatures WHERE id=7440109:successful"
2023-02-03 08:43:06 I Darwi Print           "DELETE FROM allfeatures WHERE id=7396441:successful"
2023-02-03 08:43:06 I Darwi Print           "DELETE FROM allfeatures WHERE id=7392774:successful"
2023-02-03 08:43:06 I Darwi Print           "DELETE FROM allfeatures WHERE id=7392710:successful"
2023-02-03 08:43:06 I Darwi Print           "INSERT INTO features (rel, status, count, date)                                 SELECT rel, status, count((@rn := @rn + 1)) as count, '2023-02-03' as date FROM allfeatures cross join (select @rn := 0) const GROUP BY rel, status:successful"
2023-02-03 08:43:14 I Darwi Get_allchangere "[]"
2023-02-03 08:43:14 I Darwi Print           "CREATE TABLE IF NOT EXISTS changes (                                 rel TEXT, status TEXT, priority TEXT,                                 requester TEXT, date TEXT, count INT) ENGINE=InnoDB DEFAULT CHARSET=utf8:successful"
2023-02-03 08:43:14 I Darwi Print           "CREATE TABLE IF NOT EXISTS allchanges (                                 id INT, uniqueid TEXT, name TEXT,                                 status TEXT, rel TEXT, priority TEXT,                                 requester TEXT) ENGINE=InnoDB DEFAULT CHARSET=utf8:successful"
2023-02-03 08:43:14 I Darwi Print           "DELETE FROM changes WHERE date='2023-02-03':successful"
2023-02-03 08:43:14 I Darwi Print           "INSERT INTO changes (                                 rel, status, priority, requester, date, count)                                 SELECT rel, status, priority, requester, '2023-02-03' as date, count((@rn := @rn + 1)) as count FROM allchanges                                 cross join (select @rn := 0) const GROUP BY rel, status, priority, requester:successful"
2023-02-03 08:43:20 I Darwi Print           "CREATE TABLE IF NOT EXISTS designspec (                            rel TEXT, team TEXT, status TEXT, count INT, date text) ENGINE=InnoDB DEFAULT CHARSET=utf8:successful"
2023-02-03 08:43:20 I Darwi Print           "CREATE TABLE IF NOT EXISTS alldesignspec (                             id INT, uniqueid TEXT, name TEXT, status TEXT, rel TEXT, team TEXT) ENGINE=InnoDB DEFAULT CHARSET=utf8:successful"
2023-02-03 08:43:20 I Darwi Print           "DELETE FROM designspec WHERE date='2023-02-03':successful"
2023-02-03 08:43:20 I Darwi Print           "INSERT INTO designspec (rel, team, status, count, date) SELECT rel, team, status, count((@rn := @rn + 1)) as count, '2023-02-03' as date FROM alldesignspec cross join (select @rn := 0) const GROUP BY rel, team, status:successful"
2023-02-03 08:43:37 I Darwi Get_alluserstor "[]"
2023-02-03 08:43:37 I Darwi Print           "CREATE TABLE IF NOT EXISTS userstories (                 rel TEXT, status TEXT, count INT, date TEXT) ENGINE=InnoDB DEFAULT CHARSET=utf8:successful"
2023-02-03 08:43:37 I Darwi Print           "CREATE TABLE IF NOT EXISTS alluserstories (                 id INT, uniqueid TEXT, name TEXT, status TEXT, rel TEXT) ENGINE=InnoDB DEFAULT CHARSET=utf8:successful"
2023-02-03 08:43:37 I Darwi Print           "DELETE FROM userstories WHERE date='2023-02-03':successful"
2023-02-03 08:43:37 I Darwi Print           "INSERT INTO userstories (rel, status, count, date) SELECT rel, status, count((@rn := @rn + 1)) as count, '2023-02-03' as date FROM alluserstories cross join (select @rn := 0) const GROUP BY rel, status:successful"
2023-02-03 08:46:29 I Darwi Get_alldefects  "[{'id': 4612662, 'name': '[Teams] Long press of Teams button could not open voice skill dialog in listening mode', 'documentKey': 'Dw-BUG-49', 'statusId': 156536, 'status': 'Open', 'teamId': 156569, 'team': 'ESW DECT', 'priorityId': 156534, 'priority': 'Minor', 'upstream': '4432626, 5265858, 4492236, 8145662, 5268843, 5531967, 5821110, 5902053, 6089808, 6881555, 7077957, 7080525, 7255731, 7357422, 8688259, 9745084, 6370541, 6534659, 6775613, 8056856', 'jira': 'https://jabra1.atlassian.net/browse/DAR-132'}, {'id': 4612728, 'name': '[Teams] Teams LED shows wrong when DUT is non-selected', 'documentKey': 'Dw-BUG-50', 'statusId': 156536, 'status': 'Open', 'teamId': 156569, 'team': 'ESW DECT', 'priorityId': 156533, 'priority': 'Major', 'upstream': '4492239, 5265861, 6326213, 4570404, 4824706, 4977075, 5270211, 5270229, 5821254, 6370721, 6534737, 6776276, 7256496, 7256514, 7419666, 7419669, 7557492, 7557522, 7740960, 7740963', 'jira': 'https://jabra1.atlassian.net/browse/DAR-133'}, {'id': 6370802, 'name': '[Mobile]fail to mute the Mobile call from device when connect to Mobile USB-C', 'documentKey': 'Dw-BUG-271', 'statusId': 156536, 'status': 'Open', 'teamId': 156569, 'team': 'ESW DECT', 'priorityId': 156534, 'priority': 'Minor', 'upstream': '6360680, 6360692, 6360704, 6360713, 6360719, 7256433, 7256457, 7277253, 7277265, 7277298, 7277319, 7801083, 10319872, 10319881', 'jira': 'https://jabra1.atlassian.net/browse/DAR-429'}, {'id': 6370874, 'name': "[Mobile]the call audio can't get through device but the mobile", 'documentKey': 'Dw-BUG-272', 'statusId': 156536, 'status': 'Open', 'teamId': 156569, 'team': 'ESW DECT', 'priorityId': 156534, 'priority': 'Minor', 'upstream': '6360683, 6360701, 7256436, 10319879, 6360713, 6360719, 7256442, 10319872, 10319881', 'jira': 'https://jabra1.atlassian.net/browse/DAR-430'}, {'id': 6887519, 'name': "[SP IOP][Zoom][SA]can't answer the second incoming call from HS if end current active call form SP firstly", 'documentKey': 'Dw-BUG-279', 'statusId': 156536, 'status': 'Open', 'teamId': 156569, 'team': 'ESW DECT', 'priorityId': 156534, 'priority': 'Minor', 'upstream': '6842324, 9685792, 10201005, 10201006, 10299952, 10300052, 10201011, 10201497, 10201012, 10326893, 10311521, 10326889, 10201498, 10201002, 6839690, 6849053, 6849275, 6849458, 7248231, 7249866', 'jira': 'https://jabra1.atlassian.net/browse/DAR-456'}, {'id': 6887534, 'name': "[SP IOP][Zoom][SA]3-way call, can't answer the incoming call and end the active call", 'documentKey': 'Dw-BUG-280', 'statusId': 156536, 'status': 'Open', 'teamId': 156569, 'team': 'ESW DECT', 'priorityId': 156534, 'priority': 'Minor', 'upstream': '6844943, 9108174, 9108162, 9108211, 9108199, 10261627, 9108182, 8966777, 9685569, 10201494, 10201000, 9638716, 10201010, 10201491, 9686429, 9638721, 10200997, 10201003, 9685565, 9638720', 'jira': 'https://jabra1.atlassian.net/browse/DAR-457'}, {'id': 6887573, 'name': "[SP IOP][Zoom][SA] can't hold and unhold call from HS", 'documentKey': 'Dw-BUG-281', 'statusId': 156536, 'status': 'Open', 'teamId': 156569, 'team': 'ESW DECT', 'priorityId': 156534, 'priority': 'Minor', 'upstream': '6844949, 9108167, 9108166, 9108206, 10261630, 9108190, 8966780, 9731047, 6839759, 6849152, 6849290, 6849479, 7248672, 7249692, 7391262, 7706343, 7825842, 8654452, 8654560, 8655552', 'jira': 'https://jabra1.atlassian.net/browse/DAR-458'}, {'id': 6887687, 'name': "[SP IOP][Zoom][SA]can't swap calls from HS during 3-way calls", 'documentKey': 'Dw-BUG-282', 'statusId': 156536, 'status': 'Open', 'teamId': 156569, 'team': 'ESW DECT', 'priorityId': 156534, 'priority': 'Minor', 'upstream': '6844955, 9108177, 9108174, 9108156, 9108162, 9108211, 9108195, 9108199, 10261625, 10261627, 9108178, 9108182, 8966776, 9638795, 9706168, 9634713, 9483949, 6839765, 6849134, 6849308', 'jira': 'https://jabra1.atlassian.net/browse/DAR-459'}, {'id': 6888668, 'name': '[SP IOP][Zoom][SA]Sometimes mute state not sync back to HS when switch audio device in mute state', 'documentKey': 'Dw-BUG-290', 'statusId': 156536, 'status': 'Open', 'teamId': 156569, 'team': 'ESW DECT', 'priorityId': 156534, 'priority': 'Minor', 'upstream': '6842294, 6849095, 6849164, 9634705, 9745191, 9745274, 10326457', 'jira': 'https://jabra1.atlassian.net/browse/DAR-468'}, {'id': 6939424, 'name': '[OS][Re-enumerate]HS will re-enumerate if tapping MFB button with Sound Microphone page opened on OS', 'documentKey': 'Dw-BUG-296', 'statusId': 156538, 'status': 'Closed', 'teamId': 156569, 'team': 'ESW DECT', 'priorityId': 156533, 'priority': 'Major', 'upstream': '', 'jira': 'https://jabra1.atlassian.net/browse/DAR-475'}, {'id': 8514285, 'name': "[HP Thinclient eLux 6.9]the audio device can't be correctly selected on eLux6.9", 'documentKey': 'Dw-BUG-391', 'statusId': 156536, 'status': 'Open', 'teamId': 157344, 'team': 'DE Integration', 'priorityId': 156534, 'priority': 'Minor', 'upstream': '5984613, 8714605, 10201005, 9685569, 10201006, 10299952, 10300052, 9686426, 10201494, 8930497, 9638718, 9024490, 10201000, 8689867, 8813396, 8614877, 8614872, 9196836, 9855871, 8861093', 'jira': 'https://jabra1.atlassian.net/browse/DAR-706'}, {'id': 8515753, 'name': '[HP Thinclient eLux 6.9][Volume store]the volume store not work well on eLux6.9', 'documentKey': 'Dw-BUG-392', 'statusId': 156536, 'status': 'Open', 'teamId': 156569, 'team': 'ESW DECT', 'priorityId': 156534, 'priority': 'Minor', 'upstream': '5984613, 8714605, 10201005, 9685569, 10201006, 10299952, 10300052, 10201494, 8930497, 9638718, 9024490, 10201000, 8509794, 8689867, 8614877, 8509795, 8587167, 8614872, 9196836, 8509793', 'jira': 'https://jabra1.atlassian.net/browse/DAR-707'}, {'id': 9175545, 'name': "CLONE - [SP IOP][Zoom][SA] can't hold and unhold call from HS", 'documentKey': 'Dw-BUG-435', 'statusId': 156536, 'status': 'Open', 'teamId': 156569, 'team': 'ESW DECT', 'priorityId': 156534, 'priority': 'Minor', 'upstream': '10201005, 9685569, 10201006, 10299952, 9605061, 9602432, 10300052, 9686426, 10201494, 9638718, 10201000, 9638716, 9855871, 9685573, 10201010, 10201011, 10201491, 9605065, 10201497, 9855872', 'jira': 'https://jabra1.atlassian.net/browse/OS-572'}, {'id': 9855155, 'name': "CLONE - CLONE - [SP IOP,Zoom]3-way call, can't end the call from DUT after end the active call &unhold the held call", 'documentKey': 'Dw-BUG-442', 'statusId': 156536, 'status': 'Open', 'teamId': 156569, 'team': 'ESW DECT', 'priorityId': 156534, 'priority': 'Minor', 'upstream': '9745192, 9745265, 10146804, 10146829, 10326431, 10326456, 9745193, 9745268, 10146803, 10326430, 10326455, 10326472', 'jira': 'https://jabra1.atlassian.net/browse/DAR-882'}, {'id': 10055385, 'name': "CLONE - [SP IOP][Zoom][SA] can't hold and unhold call from HS", 'documentKey': 'Dw-BUG-448', 'statusId': 156537, 'status': 'Resolved', 'teamId': 157251, 'team': 'ESW BT', 'priorityId': 156534, 'priority': 'Minor', 'upstream': '10025513, 10025611, 10025674, 10025714, 10073612, 10073693, 10426348, 10426351, 10025595, 10073634', 'jira': 'https://jabra1.atlassian.net/browse/STRAT-329'}, {'id': 10247040, 'name': 'CLONE - [SDK Demo][Button takeover]only support "MMI_ACTION_TAP" for Volume Up/Down button, no "MMI_ACTION_PRESS"', 'documentKey': 'Dw-BUG-450', 'statusId': 156539, 'status': 'In Progress', 'teamId': 157345, 'team': 'DE SDK', 'priorityId': 156534, 'priority': 'Minor', 'upstream': '', 'jira': 'https://jabra1.atlassian.net/browse/DAR-900'}, {'id': 10470118, 'name': 'CLONE - CLONE - [Cisco Jabber]HS mute indication not sync after muted call transfer to HS', 'documentKey': 'Dw-BUG-453', 'statusId': 156536, 'status': 'Open', 'teamId': 156569, 'team': 'ESW DECT', 'priorityId': 156533, 'priority': 'Major', 'upstream': '', 'jira': 'https://jabra1.atlassian.net/browse/DAR-907'}]"
2023-02-03 08:46:29 I Darwi Print           "CREATE TABLE IF NOT EXISTS defects (                     rel TEXT, team TEXT, status TEXT, priority TEXT, count INT, date TEXT) ENGINE=InnoDB DEFAULT CHARSET=utf8:successful"
2023-02-03 08:46:29 I Darwi Print           "CREATE TABLE IF NOT EXISTS alldefects (                     id INT, uniqueid TEXT, name TEXT, status TEXT, rel TEXT, team TEXT, priority TEXT, jira TEXT, upstream TEXT) ENGINE=InnoDB DEFAULT CHARSET=utf8:successful"
2023-02-03 08:46:29 I Darwi Print           "DELETE FROM defects WHERE date='2023-02-03':successful"
2023-02-03 08:46:29 I Darwi Print           "DELETE FROM alldefects WHERE id = 4612662:successful"
2023-02-03 08:46:29 I Darwi Print           "DELETE FROM alldefects WHERE id = 4612728:successful"
2023-02-03 08:46:29 I Darwi Print           "DELETE FROM alldefects WHERE id = 6370802:successful"
2023-02-03 08:46:29 I Darwi Print           "DELETE FROM alldefects WHERE id = 6370874:successful"
2023-02-03 08:46:29 I Darwi Print           "DELETE FROM alldefects WHERE id = 6887519:successful"
2023-02-03 08:46:29 I Darwi Print           "DELETE FROM alldefects WHERE id = 6887534:successful"
2023-02-03 08:46:29 I Darwi Print           "DELETE FROM alldefects WHERE id = 6887573:successful"
2023-02-03 08:46:29 I Darwi Print           "DELETE FROM alldefects WHERE id = 6887687:successful"
2023-02-03 08:46:29 I Darwi Print           "DELETE FROM alldefects WHERE id = 6888668:successful"
2023-02-03 08:46:29 I Darwi Print           "DELETE FROM alldefects WHERE id = 6939424:successful"
2023-02-03 08:46:29 I Darwi Print           "DELETE FROM alldefects WHERE id = 8514285:successful"
2023-02-03 08:46:29 I Darwi Print           "DELETE FROM alldefects WHERE id = 8515753:successful"
2023-02-03 08:46:29 I Darwi Print           "DELETE FROM alldefects WHERE id = 9175545:successful"
2023-02-03 08:46:29 I Darwi Print           "DELETE FROM alldefects WHERE id = 9855155:successful"
2023-02-03 08:46:29 I Darwi Print           "DELETE FROM alldefects WHERE id = 10055385:successful"
2023-02-03 08:46:29 I Darwi Print           "DELETE FROM alldefects WHERE id = 10247040:successful"
2023-02-03 08:46:29 I Darwi Print           "DELETE FROM alldefects WHERE id = 10470118:successful"
2023-02-03 08:46:29 I Darwi Print           "Not enough parameters for the SQL statement"
2023-02-03 08:46:29 I Darwi Print           "INSERT INTO defects (rel, team, status, count, date, priority) SELECT rel, team, status, count((@rn := @rn + 1)) as count, '2023-02-03' as date, priority FROM alldefects cross join (select @rn := 0) const GROUP BY rel, team, status, priority:successful"
2023-02-03 09:02:52 I Darwi get_multipickli "Unassigned don't find the mainteam name from G_parameter"
2023-02-03 09:02:58 I Darwi get_multipickli "Unassigned don't find the mainteam name from G_parameter"
2023-02-03 09:03:16 I Darwi get_multipickli "Unassigned don't find the mainteam name from G_parameter"
2023-02-03 09:03:52 I Darwi get_multipickli "Unassigned don't find the mainteam name from G_parameter"
2023-02-03 09:03:57 I Darwi get_multipickli "Unassigned don't find the mainteam name from G_parameter"
2023-02-03 09:04:15 I Darwi get_multipickli "Unassigned don't find the mainteam name from G_parameter"
2023-02-03 09:04:33 I Darwi get_multipickli "Unassigned don't find the mainteam name from G_parameter"
2023-02-03 09:05:00 I Darwi get_multipickli "Unassigned don't find the mainteam name from G_parameter"
2023-02-03 09:05:17 I Darwi get_multipickli "Unassigned don't find the mainteam name from G_parameter"
2023-02-03 09:05:27 I Darwi get_multipickli "Unassigned don't find the mainteam name from G_parameter"
2023-02-03 09:05:41 I Darwi get_multipickli "Unassigned don't find the mainteam name from G_parameter"
2023-02-03 09:05:47 I Darwi get_multipickli "Unassigned don't find the mainteam name from G_parameter"
2023-02-03 09:05:54 I Darwi get_multipickli "Unassigned don't find the mainteam name from G_parameter"
2023-02-03 09:08:26 I Darwi get_multipickli "Digital Experience – Android don't find the mainteam name from G_parameter"
2023-02-03 09:08:31 I Darwi get_multipickli "Digital Experience – IOS don't find the mainteam name from G_parameter"
2023-02-03 09:08:38 I Darwi get_multipickli "Digital Experience – Android don't find the mainteam name from G_parameter"
2023-02-03 09:08:38 I Darwi get_multipickli "Digital Experience – IOS don't find the mainteam name from G_parameter"
2023-02-03 09:24:03 I Darwi get_multipickli "Digital Experience – Android don't find the mainteam name from G_parameter"
2023-02-03 09:24:03 I Darwi get_multipickli "Digital Experience – IOS don't find the mainteam name from G_parameter"
2023-02-03 09:24:59 I Darwi get_multipickli "Digital Experience – Android don't find the mainteam name from G_parameter"
2023-02-03 09:24:59 I Darwi get_multipickli "Digital Experience – IOS don't find the mainteam name from G_parameter"
2023-02-03 09:25:04 I Darwi get_multipickli "Digital Experience – Android don't find the mainteam name from G_parameter"
2023-02-03 09:25:04 I Darwi get_multipickli "Digital Experience – IOS don't find the mainteam name from G_parameter"
2023-02-03 09:27:31 I Darwi Print           "DROP TABLE IF EXISTS allrequirements:successful"
2023-02-03 09:27:31 I Darwi Print           "DROP TABLE IF EXISTS allcoverage:successful"
2023-02-03 09:27:31 I Darwi Print           "CREATE TABLE IF NOT EXISTS requirements (                        rel TEXT, status TEXT, count INT, date TEXT) ENGINE=InnoDB DEFAULT CHARSET=utf8:successful"
2023-02-03 09:27:31 I Darwi Print           "CREATE TABLE IF NOT EXISTS allrequirements (                        id INT, uniqueid TEXT, name TEXT, status TEXT, rel TEXT, upstream TEXT, downstream TEXT, team TEXT, test_status TEXT) ENGINE=InnoDB DEFAULT CHARSET=utf8:successful"
2023-02-03 09:27:31 I Darwi Print           "CREATE TABLE IF NOT EXISTS coverage (                        team text, covered int, expected int, date text) ENGINE=InnoDB DEFAULT CHARSET=utf8:successful"
2023-02-03 09:27:31 I Darwi Print           "CREATE TABLE IF NOT EXISTS allcoverage (                        id INT, uniqueid TEXT, name TEXT, status TEXT, rel TEXT, verify TEXT, missing TEXT) ENGINE=InnoDB DEFAULT CHARSET=utf8:successful"
2023-02-03 09:27:31 I Darwi Print           "DELETE FROM requirements WHERE date='2023-02-03':successful"
2023-02-03 09:27:31 I Darwi Print           "DELETE FROM coverage WHERE date='2023-02-03':successful"
2023-02-03 09:27:31 I Darwi Print           "INSERT INTO requirements (rel, status, count, date) SELECT rel, status, count((@rn := @rn + 1)) as count, '2023-02-03' as date FROM allrequirements cross join (select @rn := 0) const GROUP BY rel, status:successful"
2023-02-03 09:27:31 I Darwi Print           "CREATE TABLE IF NOT EXISTS feattest (rel TEXT, status TEXT, count TEXT, date TEXT) ENGINE=InnoDB DEFAULT CHARSET=utf8:successful"
2023-02-03 09:27:31 I Darwi Print           "CREATE TABLE IF NOT EXISTS reqtest (rel TEXT, status TEXT, count TEXT, date TEXT) ENGINE=InnoDB DEFAULT CHARSET=utf8:successful"
2023-02-03 09:27:31 I Darwi Print           "SELECT id FROM allfeatures:successful"
2023-02-03 09:27:31 I Darwi Print           "SELECT id,upstream,downstream,team FROM allrequirements:successful"
2023-02-03 09:27:31 I Darwi Print           "SELECT id FROM allcoverage:successful"
2023-02-03 09:27:31 I Darwi Print           "SELECT * FROM testcases:successful"
