2023-02-03 05:15:50 I Platf Print           "Connet 20396 successfully!!!"
2023-02-03 05:15:50 I Platf Get_alltests    "Get project name:Platform Audio id:20396 all testplans"
2023-02-03 05:15:58 I Platf Get_alltests    "{4048261: {'id': 4048261, 'name': 'Audio Test Plan', 'archived': False, 'index': '4048261:Audio Test Plan'}, 7371315: {'id': 7371315, 'name': 'Project Test Plan', 'archived': False, 'index': '7371315:Project Test Plan'}}"
2023-02-03 05:15:58 I Platf Get_alltests    "Get project name:Platform Audio id:20396 all testplans successful!!!"
2023-02-03 05:18:01 I Platf tidy_alltestcas "34"
2023-02-03 05:18:55 I Platf Print           "DROP TABLE IF EXISTS testcases:successful"
2023-02-03 05:18:55 I Platf Print           "CREATE TABLE IF NOT EXISTS testcases (                             testplan_id INT,                             testplan_name TEXT,                             testgroup_id INT,                             testgroup_name TEXT,                             testcycle_id INT,                             testcycle_name TEXT,                             rel TEXT,                             id INT,                             uniqueid TEXT,                             name TEXT,                             status TEXT,                             upstream TEXT,                             downstream TEXT,                             executionDate TEXT) ENGINE=InnoDB DEFAULT CHARSET=utf8:successful"
2023-02-03 05:18:55 I Platf update_database "Insert testcases table successful"
2023-02-03 05:18:55 I Platf Print           "CREATE TABLE IF NOT EXISTS tests (                             testplan_id INT,                             testplan_name TEXT,                             testplan_status TEXT,                             rel TEXT, status TEXT,                             count INT, date TEXT) ENGINE=InnoDB DEFAULT CHARSET=utf8:successful"
2023-02-03 05:18:55 I Platf Print           "DELETE FROM tests WHERE date='2023-02-03':successful"
2023-02-03 05:18:55 I Platf Print           "SELECT testplan_id FROM tests GROUP BY testplan_id:successful"
2023-02-03 05:18:55 I Platf Print           "SELECT testplan_name FROM tests WHERE testplan_id=4048261 LIMIT 1:successful"
2023-02-03 05:18:55 I Platf Print           "UPDATE tests SET testplan_status='Active' WHERE testplan_id=4048261:successful"
2023-02-03 05:18:55 I Platf Print           "SELECT testplan_name FROM tests WHERE testplan_id=7371315 LIMIT 1:successful"
2023-02-03 05:18:55 I Platf Print           "UPDATE tests SET testplan_status='Active' WHERE testplan_id=7371315:successful"
2023-02-03 05:18:55 I Platf Print           "INSERT INTO tests (testplan_id, testplan_name, testplan_status, rel, status, count, date) SELECT testplan_id, testplan_name, 'Active' as testplan_status, rel, status, count((@rn := @rn + 1)) as count, '2023-02-03' as date FROM testcases cross join (select @rn := 0) const GROUP BY testplan_id, rel, status:successful"
2023-02-03 05:18:55 I Platf update_database "Insert tests table successful"
2023-02-03 05:18:55 I Platf Print           "CREATE TABLE IF NOT EXISTS testapproval (                                 rel TEXT, team TEXT, status TEXT, upstream TEXT, count INT, date TEXT                                 ) ENGINE=InnoDB DEFAULT CHARSET=utf8:successful"
2023-02-03 05:18:55 I Platf Print           "DROP TABLE IF EXISTS alltestapproval:successful"
2023-02-03 05:18:55 I Platf Print           "CREATE TABLE IF NOT EXISTS alltestapproval (                                 id INT, uniqueid TEXT, name TEXT, status TEXT, rel TEXT, team TEXT, upstream TEXT                                 ) ENGINE=InnoDB DEFAULT CHARSET=utf8:successful"
2023-02-03 05:18:55 I Platf Print           "DELETE FROM testapproval WHERE date='2023-02-03':successful"
2023-02-03 05:18:55 I Platf Print           "INSERT INTO testapproval (rel, team, status, count, date, upstream) SELECT rel, team, status, count((@rn := @rn + 1)) as count, '2023-02-03' as date, upstream FROM alltestapproval cross join (select @rn := 0) const GROUP BY rel, team, status, upstream:successful"
2023-02-03 05:19:18 I Platf Get_allfeatuers "[]"
2023-02-03 05:19:18 I Platf Print           "CREATE TABLE IF NOT EXISTS features (                                rel TEXT, status TEXT, count INT, date TEXT) ENGINE=InnoDB DEFAULT CHARSET=utf8:successful"
2023-02-03 05:19:18 I Platf Print           "CREATE TABLE IF NOT EXISTS allfeatures (                                id INT, uniqueid TEXT, name TEXT, status TEXT, rel TEXT,test_status TEXT) ENGINE=InnoDB DEFAULT CHARSET=utf8:successful"
2023-02-03 05:19:18 I Platf Print           "DELETE FROM features WHERE date='2023-02-03':successful"
2023-02-03 05:19:18 I Platf Print           "DELETE FROM allfeatures WHERE id=19297583:successful"
2023-02-03 05:19:18 I Platf Print           "DELETE FROM allfeatures WHERE id=19296308:successful"
2023-02-03 05:19:18 I Platf Print           "DELETE FROM allfeatures WHERE id=19296302:successful"
2023-02-03 05:19:18 I Platf Print           "DELETE FROM allfeatures WHERE id=19296298:successful"
2023-02-03 05:19:18 I Platf Print           "DELETE FROM allfeatures WHERE id=19296162:successful"
2023-02-03 05:19:18 I Platf Print           "DELETE FROM allfeatures WHERE id=18903194:successful"
2023-02-03 05:19:18 I Platf Print           "DELETE FROM allfeatures WHERE id=18796457:successful"
2023-02-03 05:19:18 I Platf Print           "DELETE FROM allfeatures WHERE id=18796455:successful"
2023-02-03 05:19:18 I Platf Print           "DELETE FROM allfeatures WHERE id=18663833:successful"
2023-02-03 05:19:18 I Platf Print           "DELETE FROM allfeatures WHERE id=18651824:successful"
2023-02-03 05:19:18 I Platf Print           "DELETE FROM allfeatures WHERE id=18651805:successful"
2023-02-03 05:19:18 I Platf Print           "DELETE FROM allfeatures WHERE id=18453270:successful"
2023-02-03 05:19:18 I Platf Print           "DELETE FROM allfeatures WHERE id=18453268:successful"
2023-02-03 05:19:18 I Platf Print           "DELETE FROM allfeatures WHERE id=18453267:successful"
2023-02-03 05:19:18 I Platf Print           "DELETE FROM allfeatures WHERE id=18452234:successful"
2023-02-03 05:19:18 I Platf Print           "DELETE FROM allfeatures WHERE id=18452227:successful"
2023-02-03 05:19:18 I Platf Print           "DELETE FROM allfeatures WHERE id=18451958:successful"
2023-02-03 05:19:18 I Platf Print           "DELETE FROM allfeatures WHERE id=18451870:successful"
2023-02-03 05:19:18 I Platf Print           "DELETE FROM allfeatures WHERE id=18449929:successful"
2023-02-03 05:19:18 I Platf Print           "DELETE FROM allfeatures WHERE id=18449928:successful"
2023-02-03 05:19:18 I Platf Print           "DELETE FROM allfeatures WHERE id=18441742:successful"
2023-02-03 05:19:18 I Platf Print           "DELETE FROM allfeatures WHERE id=18280213:successful"
2023-02-03 05:19:18 I Platf Print           "DELETE FROM allfeatures WHERE id=17887413:successful"
2023-02-03 05:19:18 I Platf Print           "DELETE FROM allfeatures WHERE id=17860490:successful"
2023-02-03 05:19:18 I Platf Print           "DELETE FROM allfeatures WHERE id=17270642:successful"
2023-02-03 05:19:18 I Platf Print           "DELETE FROM allfeatures WHERE id=17199767:successful"
2023-02-03 05:19:18 I Platf Print           "DELETE FROM allfeatures WHERE id=16818154:successful"
2023-02-03 05:19:18 I Platf Print           "DELETE FROM allfeatures WHERE id=16797442:successful"
2023-02-03 05:19:18 I Platf Print           "DELETE FROM allfeatures WHERE id=16797198:successful"
2023-02-03 05:19:18 I Platf Print           "DELETE FROM allfeatures WHERE id=16716069:successful"
2023-02-03 05:19:18 I Platf Print           "DELETE FROM allfeatures WHERE id=16716065:successful"
2023-02-03 05:19:18 I Platf Print           "DELETE FROM allfeatures WHERE id=16668586:successful"
2023-02-03 05:19:18 I Platf Print           "DELETE FROM allfeatures WHERE id=15659508:successful"
2023-02-03 05:19:18 I Platf Print           "DELETE FROM allfeatures WHERE id=14776629:successful"
2023-02-03 05:19:18 I Platf Print           "DELETE FROM allfeatures WHERE id=13999176:successful"
2023-02-03 05:19:18 I Platf Print           "DELETE FROM allfeatures WHERE id=13927665:successful"
2023-02-03 05:19:18 I Platf Print           "DELETE FROM allfeatures WHERE id=13847532:successful"
2023-02-03 05:19:18 I Platf Print           "DELETE FROM allfeatures WHERE id=13772670:successful"
2023-02-03 05:19:18 I Platf Print           "DELETE FROM allfeatures WHERE id=13591098:successful"
2023-02-03 05:19:18 I Platf Print           "DELETE FROM allfeatures WHERE id=10319781:successful"
2023-02-03 05:19:18 I Platf Print           "DELETE FROM allfeatures WHERE id=9873450:successful"
2023-02-03 05:19:18 I Platf Print           "DELETE FROM allfeatures WHERE id=8880511:successful"
2023-02-03 05:19:18 I Platf Print           "DELETE FROM allfeatures WHERE id=8880508:successful"
2023-02-03 05:19:18 I Platf Print           "DELETE FROM allfeatures WHERE id=8880019:successful"
2023-02-03 05:19:18 I Platf Print           "DELETE FROM allfeatures WHERE id=8623168:successful"
2023-02-03 05:19:18 I Platf Print           "DELETE FROM allfeatures WHERE id=8590906:successful"
2023-02-03 05:19:18 I Platf Print           "DELETE FROM allfeatures WHERE id=7585397:successful"
2023-02-03 05:19:18 I Platf Print           "DELETE FROM allfeatures WHERE id=7585396:successful"
2023-02-03 05:19:18 I Platf Print           "DELETE FROM allfeatures WHERE id=7585395:successful"
2023-02-03 05:19:18 I Platf Print           "DELETE FROM allfeatures WHERE id=7528980:successful"
2023-02-03 05:19:18 I Platf Print           "DELETE FROM allfeatures WHERE id=7296886:successful"
2023-02-03 05:19:18 I Platf Print           "DELETE FROM allfeatures WHERE id=7166233:successful"
2023-02-03 05:19:18 I Platf Print           "DELETE FROM allfeatures WHERE id=7163196:successful"
2023-02-03 05:19:18 I Platf Print           "DELETE FROM allfeatures WHERE id=7163195:successful"
2023-02-03 05:19:18 I Platf Print           "DELETE FROM allfeatures WHERE id=7100343:successful"
2023-02-03 05:19:18 I Platf Print           "INSERT INTO features (rel, status, count, date)                                 SELECT rel, status, count((@rn := @rn + 1)) as count, '2023-02-03' as date FROM allfeatures cross join (select @rn := 0) const GROUP BY rel, status:successful"
2023-02-03 05:19:23 I Platf Get_allchangere "[]"
2023-02-03 05:19:23 I Platf Print           "CREATE TABLE IF NOT EXISTS changes (                                 rel TEXT, status TEXT, priority TEXT,                                 requester TEXT, date TEXT, count INT) ENGINE=InnoDB DEFAULT CHARSET=utf8:successful"
2023-02-03 05:19:23 I Platf Print           "CREATE TABLE IF NOT EXISTS allchanges (                                 id INT, uniqueid TEXT, name TEXT,                                 status TEXT, rel TEXT, priority TEXT,                                 requester TEXT) ENGINE=InnoDB DEFAULT CHARSET=utf8:successful"
2023-02-03 05:19:23 I Platf Print           "DELETE FROM changes WHERE date='2023-02-03':successful"
2023-02-03 05:19:23 I Platf Print           "INSERT INTO changes (                                 rel, status, priority, requester, date, count)                                 SELECT rel, status, priority, requester, '2023-02-03' as date, count((@rn := @rn + 1)) as count FROM allchanges                                 cross join (select @rn := 0) const GROUP BY rel, status, priority, requester:successful"
2023-02-03 05:19:27 I Platf Print           "CREATE TABLE IF NOT EXISTS designspec (                            rel TEXT, team TEXT, status TEXT, count INT, date text) ENGINE=InnoDB DEFAULT CHARSET=utf8:successful"
2023-02-03 05:19:27 I Platf Print           "CREATE TABLE IF NOT EXISTS alldesignspec (                             id INT, uniqueid TEXT, name TEXT, status TEXT, rel TEXT, team TEXT) ENGINE=InnoDB DEFAULT CHARSET=utf8:successful"
2023-02-03 05:19:27 I Platf Print           "DELETE FROM designspec WHERE date='2023-02-03':successful"
2023-02-03 05:19:27 I Platf Print           "DELETE FROM alldesignspec WHERE id=8674542:successful"
2023-02-03 05:19:27 I Platf Print           "DELETE FROM alldesignspec WHERE id=9471646:successful"
2023-02-03 05:19:27 I Platf Print           "INSERT INTO designspec (rel, team, status, count, date) SELECT rel, team, status, count((@rn := @rn + 1)) as count, '2023-02-03' as date FROM alldesignspec cross join (select @rn := 0) const GROUP BY rel, team, status:successful"
2023-02-03 05:19:36 I Platf Get_alluserstor "[]"
2023-02-03 05:19:36 I Platf Print           "CREATE TABLE IF NOT EXISTS userstories (                 rel TEXT, status TEXT, count INT, date TEXT) ENGINE=InnoDB DEFAULT CHARSET=utf8:successful"
2023-02-03 05:19:36 I Platf Print           "CREATE TABLE IF NOT EXISTS alluserstories (                 id INT, uniqueid TEXT, name TEXT, status TEXT, rel TEXT) ENGINE=InnoDB DEFAULT CHARSET=utf8:successful"
2023-02-03 05:19:36 I Platf Print           "DELETE FROM userstories WHERE date='2023-02-03':successful"
2023-02-03 05:19:36 I Platf Print           "INSERT INTO userstories (rel, status, count, date) SELECT rel, status, count((@rn := @rn + 1)) as count, '2023-02-03' as date FROM alluserstories cross join (select @rn := 0) const GROUP BY rel, status:successful"
2023-02-03 05:19:43 I Platf Get_alldefects  "[]"
2023-02-03 05:19:43 I Platf Print           "CREATE TABLE IF NOT EXISTS defects (                     rel TEXT, team TEXT, status TEXT, priority TEXT, count INT, date TEXT) ENGINE=InnoDB DEFAULT CHARSET=utf8:successful"
2023-02-03 05:19:43 I Platf Print           "CREATE TABLE IF NOT EXISTS alldefects (                     id INT, uniqueid TEXT, name TEXT, status TEXT, rel TEXT, team TEXT, priority TEXT, jira TEXT, upstream TEXT) ENGINE=InnoDB DEFAULT CHARSET=utf8:successful"
2023-02-03 05:19:43 I Platf Print           "DELETE FROM defects WHERE date='2023-02-03':successful"
2023-02-03 05:19:43 I Platf Print           "INSERT INTO defects (rel, team, status, count, date, priority) SELECT rel, team, status, count((@rn := @rn + 1)) as count, '2023-02-03' as date, priority FROM alldefects cross join (select @rn := 0) const GROUP BY rel, team, status, priority:successful"
2023-02-03 05:28:35 I Platf get_multipickli "Unassigned don't find the mainteam name from G_parameter"
2023-02-03 05:28:55 I Platf get_multipickli "Unassigned don't find the mainteam name from G_parameter"
2023-02-03 05:32:49 I Platf get_multipickli "Unassigned don't find the mainteam name from G_parameter"
2023-02-03 05:38:24 I Platf get_multipickli "Unassigned don't find the mainteam name from G_parameter"
2023-02-03 05:38:44 I Platf get_multipickli "Unassigned don't find the mainteam name from G_parameter"
2023-02-03 05:39:03 I Platf get_multipickli "Unassigned don't find the mainteam name from G_parameter"
2023-02-03 05:39:22 I Platf get_multipickli "Unassigned don't find the mainteam name from G_parameter"
2023-02-03 05:39:43 I Platf get_multipickli "Unassigned don't find the mainteam name from G_parameter"
2023-02-03 05:39:54 I Platf get_multipickli "Unassigned don't find the mainteam name from G_parameter"
2023-02-03 05:40:03 I Platf get_multipickli "Unassigned don't find the mainteam name from G_parameter"
2023-02-03 05:40:07 I Platf get_multipickli "Unassigned don't find the mainteam name from G_parameter"
2023-02-03 05:57:15 I Platf get_multipickli "Unassigned don't find the mainteam name from G_parameter"
2023-02-03 05:57:21 I Platf get_multipickli "Unassigned don't find the mainteam name from G_parameter"
2023-02-03 05:57:29 I Platf get_multipickli "Unassigned don't find the mainteam name from G_parameter"
2023-02-03 05:57:34 I Platf get_multipickli "Unassigned don't find the mainteam name from G_parameter"
2023-02-03 05:57:39 I Platf get_multipickli "Unassigned don't find the mainteam name from G_parameter"
2023-02-03 05:57:44 I Platf get_multipickli "Unassigned don't find the mainteam name from G_parameter"
2023-02-03 05:57:49 I Platf get_multipickli "Unassigned don't find the mainteam name from G_parameter"
2023-02-03 05:58:36 I Platf get_multipickli "Unassigned don't find the mainteam name from G_parameter"
2023-02-03 05:58:41 I Platf get_multipickli "Unassigned don't find the mainteam name from G_parameter"
2023-02-03 05:58:47 I Platf get_multipickli "Unassigned don't find the mainteam name from G_parameter"
2023-02-03 06:00:41 I Platf get_multipickli "Unassigned don't find the mainteam name from G_parameter"
2023-02-03 06:02:58 I Platf get_multipickli "Unassigned don't find the mainteam name from G_parameter"
2023-02-03 06:03:38 I Platf get_multipickli "Unassigned don't find the mainteam name from G_parameter"
2023-02-03 06:04:11 I Platf get_multipickli "Unassigned don't find the mainteam name from G_parameter"
2023-02-03 06:04:44 I Platf get_multipickli "Unassigned don't find the mainteam name from G_parameter"
2023-02-03 06:05:17 I Platf get_multipickli "Unassigned don't find the mainteam name from G_parameter"
2023-02-03 06:05:52 I Platf get_multipickli "Unassigned don't find the mainteam name from G_parameter"
2023-02-03 06:10:58 I Platf get_multipickli "Unassigned don't find the mainteam name from G_parameter"
2023-02-03 06:12:08 I Platf get_multipickli "Unassigned don't find the mainteam name from G_parameter"
2023-02-03 06:12:17 I Platf get_multipickli "Unassigned don't find the mainteam name from G_parameter"
2023-02-03 06:12:58 I Platf get_multipickli "Unassigned don't find the mainteam name from G_parameter"
2023-02-03 06:13:11 I Platf get_multipickli "Unassigned don't find the mainteam name from G_parameter"
2023-02-03 06:13:33 I Platf get_multipickli "Unassigned don't find the mainteam name from G_parameter"
2023-02-03 06:13:44 I Platf get_multipickli "Unassigned don't find the mainteam name from G_parameter"
2023-02-03 06:13:49 I Platf get_multipickli "Unassigned don't find the mainteam name from G_parameter"
2023-02-03 06:13:54 I Platf get_multipickli "Unassigned don't find the mainteam name from G_parameter"
2023-02-03 06:14:00 I Platf get_multipickli "Unassigned don't find the mainteam name from G_parameter"
2023-02-03 06:14:04 I Platf get_multipickli "Unassigned don't find the mainteam name from G_parameter"
2023-02-03 06:14:09 I Platf get_multipickli "Unassigned don't find the mainteam name from G_parameter"
2023-02-03 06:14:15 I Platf get_multipickli "Unassigned don't find the mainteam name from G_parameter"
2023-02-03 06:14:24 I Platf get_multipickli "Unassigned don't find the mainteam name from G_parameter"
2023-02-03 06:14:29 I Platf get_multipickli "Unassigned don't find the mainteam name from G_parameter"
2023-02-03 06:14:44 I Platf get_multipickli "Unassigned don't find the mainteam name from G_parameter"
2023-02-03 06:15:40 I Platf get_multipickli "Unassigned don't find the mainteam name from G_parameter"
2023-02-03 06:15:53 I Platf get_multipickli "Unassigned don't find the mainteam name from G_parameter"
2023-02-03 06:15:59 I Platf get_multipickli "Unassigned don't find the mainteam name from G_parameter"
2023-02-03 06:16:04 I Platf get_multipickli "Unassigned don't find the mainteam name from G_parameter"
2023-02-03 06:16:13 I Platf get_multipickli "Unassigned don't find the mainteam name from G_parameter"
2023-02-03 06:16:19 I Platf get_multipickli "Unassigned don't find the mainteam name from G_parameter"
2023-02-03 06:16:24 I Platf get_multipickli "Unassigned don't find the mainteam name from G_parameter"
2023-02-03 06:16:31 I Platf get_multipickli "Unassigned don't find the mainteam name from G_parameter"
2023-02-03 06:16:35 I Platf get_multipickli "Unassigned don't find the mainteam name from G_parameter"
2023-02-03 06:16:48 I Platf get_multipickli "Unassigned don't find the mainteam name from G_parameter"
2023-02-03 06:16:58 I Platf get_multipickli "Unassigned don't find the mainteam name from G_parameter"
2023-02-03 06:17:03 I Platf get_multipickli "Unassigned don't find the mainteam name from G_parameter"
2023-02-03 06:17:14 I Platf get_multipickli "Unassigned don't find the mainteam name from G_parameter"
2023-02-03 06:17:23 I Platf get_multipickli "Unassigned don't find the mainteam name from G_parameter"
2023-02-03 06:17:27 I Platf get_multipickli "Unassigned don't find the mainteam name from G_parameter"
2023-02-03 06:17:31 I Platf get_multipickli "Unassigned don't find the mainteam name from G_parameter"
2023-02-03 06:17:38 I Platf get_multipickli "Unassigned don't find the mainteam name from G_parameter"
2023-02-03 06:17:50 I Platf get_multipickli "Unassigned don't find the mainteam name from G_parameter"
2023-02-03 06:17:52 I Platf get_multipickli "Unassigned don't find the mainteam name from G_parameter"
2023-02-03 06:17:56 I Platf get_multipickli "Unassigned don't find the mainteam name from G_parameter"
2023-02-03 06:18:02 I Platf get_multipickli "Unassigned don't find the mainteam name from G_parameter"
2023-02-03 06:18:05 I Platf get_multipickli "Unassigned don't find the mainteam name from G_parameter"
2023-02-03 06:18:08 I Platf get_multipickli "Unassigned don't find the mainteam name from G_parameter"
2023-02-03 06:18:14 I Platf get_multipickli "Unassigned don't find the mainteam name from G_parameter"
2023-02-03 06:18:18 I Platf get_multipickli "Unassigned don't find the mainteam name from G_parameter"
2023-02-03 06:18:22 I Platf get_multipickli "Unassigned don't find the mainteam name from G_parameter"
2023-02-03 06:18:28 I Platf get_multipickli "Unassigned don't find the mainteam name from G_parameter"
2023-02-03 06:18:33 I Platf get_multipickli "Unassigned don't find the mainteam name from G_parameter"
2023-02-03 06:18:39 I Platf get_multipickli "Unassigned don't find the mainteam name from G_parameter"
2023-02-03 06:18:45 I Platf get_multipickli "Unassigned don't find the mainteam name from G_parameter"
2023-02-03 06:18:49 I Platf get_multipickli "Unassigned don't find the mainteam name from G_parameter"
2023-02-03 06:18:55 I Platf get_multipickli "Unassigned don't find the mainteam name from G_parameter"
2023-02-03 06:18:59 I Platf get_multipickli "Unassigned don't find the mainteam name from G_parameter"
2023-02-03 06:19:04 I Platf get_multipickli "Unassigned don't find the mainteam name from G_parameter"
2023-02-03 06:19:10 I Platf get_multipickli "Unassigned don't find the mainteam name from G_parameter"
2023-02-03 06:19:15 I Platf get_multipickli "Unassigned don't find the mainteam name from G_parameter"
2023-02-03 06:19:18 I Platf get_multipickli "Unassigned don't find the mainteam name from G_parameter"
2023-02-03 06:19:22 I Platf get_multipickli "Unassigned don't find the mainteam name from G_parameter"
2023-02-03 06:19:28 I Platf get_multipickli "Unassigned don't find the mainteam name from G_parameter"
2023-02-03 06:19:32 I Platf get_multipickli "Unassigned don't find the mainteam name from G_parameter"
2023-02-03 06:19:39 I Platf get_multipickli "Unassigned don't find the mainteam name from G_parameter"
2023-02-03 06:19:45 I Platf get_multipickli "Unassigned don't find the mainteam name from G_parameter"
2023-02-03 06:20:08 I Platf get_multipickli "Unassigned don't find the mainteam name from G_parameter"
2023-02-03 06:20:12 I Platf get_multipickli "Unassigned don't find the mainteam name from G_parameter"
2023-02-03 06:20:17 I Platf get_multipickli "Unassigned don't find the mainteam name from G_parameter"
2023-02-03 06:20:22 I Platf get_multipickli "Unassigned don't find the mainteam name from G_parameter"
2023-02-03 06:20:26 I Platf get_multipickli "Unassigned don't find the mainteam name from G_parameter"
2023-02-03 06:20:31 I Platf get_multipickli "Unassigned don't find the mainteam name from G_parameter"
2023-02-03 06:20:36 I Platf get_multipickli "Unassigned don't find the mainteam name from G_parameter"
2023-02-03 06:20:59 I Platf get_multipickli "Unassigned don't find the mainteam name from G_parameter"
2023-02-03 06:21:04 I Platf get_multipickli "Unassigned don't find the mainteam name from G_parameter"
2023-02-03 06:21:09 I Platf get_multipickli "Unassigned don't find the mainteam name from G_parameter"
2023-02-03 06:21:13 I Platf get_multipickli "Unassigned don't find the mainteam name from G_parameter"
2023-02-03 06:21:18 I Platf get_multipickli "Unassigned don't find the mainteam name from G_parameter"
2023-02-03 06:21:22 I Platf get_multipickli "Unassigned don't find the mainteam name from G_parameter"
2023-02-03 06:22:34 I Platf get_multipickli "Unassigned don't find the mainteam name from G_parameter"
2023-02-03 06:22:39 I Platf get_multipickli "Unassigned don't find the mainteam name from G_parameter"
2023-02-03 06:22:45 I Platf get_multipickli "Unassigned don't find the mainteam name from G_parameter"
2023-02-03 06:22:49 I Platf get_multipickli "Unassigned don't find the mainteam name from G_parameter"
2023-02-03 06:22:53 I Platf get_multipickli "Unassigned don't find the mainteam name from G_parameter"
2023-02-03 06:22:58 I Platf get_multipickli "Unassigned don't find the mainteam name from G_parameter"
2023-02-03 06:23:04 I Platf get_multipickli "Unassigned don't find the mainteam name from G_parameter"
2023-02-03 06:24:14 I Platf Print           "DROP TABLE IF EXISTS allrequirements:successful"
2023-02-03 06:24:14 I Platf Print           "DROP TABLE IF EXISTS allcoverage:successful"
2023-02-03 06:24:14 I Platf Print           "CREATE TABLE IF NOT EXISTS requirements (                        rel TEXT, status TEXT, count INT, date TEXT) ENGINE=InnoDB DEFAULT CHARSET=utf8:successful"
2023-02-03 06:24:14 I Platf Print           "CREATE TABLE IF NOT EXISTS allrequirements (                        id INT, uniqueid TEXT, name TEXT, status TEXT, rel TEXT, upstream TEXT, downstream TEXT, team TEXT, test_status TEXT) ENGINE=InnoDB DEFAULT CHARSET=utf8:successful"
2023-02-03 06:24:14 I Platf Print           "CREATE TABLE IF NOT EXISTS coverage (                        team text, covered int, expected int, date text) ENGINE=InnoDB DEFAULT CHARSET=utf8:successful"
2023-02-03 06:24:14 I Platf Print           "CREATE TABLE IF NOT EXISTS allcoverage (                        id INT, uniqueid TEXT, name TEXT, status TEXT, rel TEXT, verify TEXT, missing TEXT) ENGINE=InnoDB DEFAULT CHARSET=utf8:successful"
2023-02-03 06:24:14 I Platf Print           "DELETE FROM requirements WHERE date='2023-02-03':successful"
2023-02-03 06:24:14 I Platf Print           "DELETE FROM coverage WHERE date='2023-02-03':successful"
2023-02-03 06:24:15 I Platf Print           "INSERT INTO requirements (rel, status, count, date) SELECT rel, status, count((@rn := @rn + 1)) as count, '2023-02-03' as date FROM allrequirements cross join (select @rn := 0) const GROUP BY rel, status:successful"
2023-02-03 06:24:15 I Platf Print           "CREATE TABLE IF NOT EXISTS feattest (rel TEXT, status TEXT, count TEXT, date TEXT) ENGINE=InnoDB DEFAULT CHARSET=utf8:successful"
2023-02-03 06:24:15 I Platf Print           "CREATE TABLE IF NOT EXISTS reqtest (rel TEXT, status TEXT, count TEXT, date TEXT) ENGINE=InnoDB DEFAULT CHARSET=utf8:successful"
2023-02-03 06:24:15 I Platf Print           "SELECT id FROM allfeatures:successful"
2023-02-03 06:24:15 I Platf Print           "SELECT id,upstream,downstream,team FROM allrequirements:successful"
2023-02-03 06:24:15 I Platf Print           "SELECT id FROM allcoverage:successful"
2023-02-03 06:24:15 I Platf Print           "SELECT * FROM testcases:successful"
2023-02-03 06:57:58 I Platf Print           "Connet 20396 successfully!!!"
2023-02-03 06:57:58 I Platf Get_alltests    "Get project name:Platform Audio id:20396 all testplans"
2023-02-03 06:58:05 I Platf Get_alltests    "{4048261: {'id': 4048261, 'name': 'Audio Test Plan', 'archived': False, 'index': '4048261:Audio Test Plan'}, 7371315: {'id': 7371315, 'name': 'Project Test Plan', 'archived': False, 'index': '7371315:Project Test Plan'}}"
2023-02-03 06:58:05 I Platf Get_alltests    "Get project name:Platform Audio id:20396 all testplans successful!!!"
2023-02-03 07:00:34 I Platf tidy_alltestcas "34"
2023-02-03 07:01:16 I Platf Print           "DROP TABLE IF EXISTS testcases:successful"
2023-02-03 07:01:16 I Platf Print           "CREATE TABLE IF NOT EXISTS testcases (                             testplan_id INT,                             testplan_name TEXT,                             testgroup_id INT,                             testgroup_name TEXT,                             testcycle_id INT,                             testcycle_name TEXT,                             rel TEXT,                             id INT,                             uniqueid TEXT,                             name TEXT,                             status TEXT,                             upstream TEXT,                             downstream TEXT,                             executionDate TEXT) ENGINE=InnoDB DEFAULT CHARSET=utf8:successful"
2023-02-03 07:01:16 I Platf update_database "Insert testcases table successful"
2023-02-03 07:01:16 I Platf Print           "CREATE TABLE IF NOT EXISTS tests (                             testplan_id INT,                             testplan_name TEXT,                             testplan_status TEXT,                             rel TEXT, status TEXT,                             count INT, date TEXT) ENGINE=InnoDB DEFAULT CHARSET=utf8:successful"
2023-02-03 07:01:16 I Platf Print           "DELETE FROM tests WHERE date='2023-02-03':successful"
2023-02-03 07:01:16 I Platf Print           "SELECT testplan_id FROM tests GROUP BY testplan_id:successful"
2023-02-03 07:01:16 I Platf Print           "SELECT testplan_name FROM tests WHERE testplan_id=4048261 LIMIT 1:successful"
2023-02-03 07:01:16 I Platf Print           "UPDATE tests SET testplan_status='Active' WHERE testplan_id=4048261:successful"
2023-02-03 07:01:16 I Platf Print           "SELECT testplan_name FROM tests WHERE testplan_id=7371315 LIMIT 1:successful"
2023-02-03 07:01:16 I Platf Print           "UPDATE tests SET testplan_status='Active' WHERE testplan_id=7371315:successful"
2023-02-03 07:01:16 I Platf Print           "INSERT INTO tests (testplan_id, testplan_name, testplan_status, rel, status, count, date) SELECT testplan_id, testplan_name, 'Active' as testplan_status, rel, status, count((@rn := @rn + 1)) as count, '2023-02-03' as date FROM testcases cross join (select @rn := 0) const GROUP BY testplan_id, rel, status:successful"
2023-02-03 07:01:16 I Platf update_database "Insert tests table successful"
2023-02-03 07:01:16 I Platf Print           "CREATE TABLE IF NOT EXISTS testapproval (                                 rel TEXT, team TEXT, status TEXT, upstream TEXT, count INT, date TEXT                                 ) ENGINE=InnoDB DEFAULT CHARSET=utf8:successful"
2023-02-03 07:01:16 I Platf Print           "DROP TABLE IF EXISTS alltestapproval:successful"
2023-02-03 07:01:16 I Platf Print           "CREATE TABLE IF NOT EXISTS alltestapproval (                                 id INT, uniqueid TEXT, name TEXT, status TEXT, rel TEXT, team TEXT, upstream TEXT                                 ) ENGINE=InnoDB DEFAULT CHARSET=utf8:successful"
2023-02-03 07:01:17 I Platf Print           "DELETE FROM testapproval WHERE date='2023-02-03':successful"
2023-02-03 07:01:17 I Platf Print           "INSERT INTO testapproval (rel, team, status, count, date, upstream) SELECT rel, team, status, count((@rn := @rn + 1)) as count, '2023-02-03' as date, upstream FROM alltestapproval cross join (select @rn := 0) const GROUP BY rel, team, status, upstream:successful"
2023-02-03 07:01:40 I Platf Get_allfeatuers "[]"
2023-02-03 07:01:40 I Platf Print           "CREATE TABLE IF NOT EXISTS features (                                rel TEXT, status TEXT, count INT, date TEXT) ENGINE=InnoDB DEFAULT CHARSET=utf8:successful"
2023-02-03 07:01:40 I Platf Print           "CREATE TABLE IF NOT EXISTS allfeatures (                                id INT, uniqueid TEXT, name TEXT, status TEXT, rel TEXT,test_status TEXT) ENGINE=InnoDB DEFAULT CHARSET=utf8:successful"
2023-02-03 07:01:40 I Platf Print           "DELETE FROM features WHERE date='2023-02-03':successful"
2023-02-03 07:01:40 I Platf Print           "DELETE FROM allfeatures WHERE id=19297583:successful"
2023-02-03 07:01:40 I Platf Print           "DELETE FROM allfeatures WHERE id=19296308:successful"
2023-02-03 07:01:40 I Platf Print           "DELETE FROM allfeatures WHERE id=19296302:successful"
2023-02-03 07:01:40 I Platf Print           "DELETE FROM allfeatures WHERE id=19296298:successful"
2023-02-03 07:01:40 I Platf Print           "DELETE FROM allfeatures WHERE id=19296162:successful"
2023-02-03 07:01:40 I Platf Print           "DELETE FROM allfeatures WHERE id=18903194:successful"
2023-02-03 07:01:40 I Platf Print           "DELETE FROM allfeatures WHERE id=18796457:successful"
2023-02-03 07:01:40 I Platf Print           "DELETE FROM allfeatures WHERE id=18796455:successful"
2023-02-03 07:01:40 I Platf Print           "DELETE FROM allfeatures WHERE id=18663833:successful"
2023-02-03 07:01:40 I Platf Print           "DELETE FROM allfeatures WHERE id=18651824:successful"
2023-02-03 07:01:40 I Platf Print           "DELETE FROM allfeatures WHERE id=18651805:successful"
2023-02-03 07:01:40 I Platf Print           "DELETE FROM allfeatures WHERE id=18453270:successful"
2023-02-03 07:01:40 I Platf Print           "DELETE FROM allfeatures WHERE id=18453268:successful"
2023-02-03 07:01:40 I Platf Print           "DELETE FROM allfeatures WHERE id=18453267:successful"
2023-02-03 07:01:40 I Platf Print           "DELETE FROM allfeatures WHERE id=18452234:successful"
2023-02-03 07:01:40 I Platf Print           "DELETE FROM allfeatures WHERE id=18452227:successful"
2023-02-03 07:01:40 I Platf Print           "DELETE FROM allfeatures WHERE id=18451958:successful"
2023-02-03 07:01:40 I Platf Print           "DELETE FROM allfeatures WHERE id=18451870:successful"
2023-02-03 07:01:40 I Platf Print           "DELETE FROM allfeatures WHERE id=18449929:successful"
2023-02-03 07:01:40 I Platf Print           "DELETE FROM allfeatures WHERE id=18449928:successful"
2023-02-03 07:01:40 I Platf Print           "DELETE FROM allfeatures WHERE id=18441742:successful"
2023-02-03 07:01:40 I Platf Print           "DELETE FROM allfeatures WHERE id=18280213:successful"
2023-02-03 07:01:40 I Platf Print           "DELETE FROM allfeatures WHERE id=17887413:successful"
2023-02-03 07:01:40 I Platf Print           "DELETE FROM allfeatures WHERE id=17860490:successful"
2023-02-03 07:01:40 I Platf Print           "DELETE FROM allfeatures WHERE id=17270642:successful"
2023-02-03 07:01:40 I Platf Print           "DELETE FROM allfeatures WHERE id=17199767:successful"
2023-02-03 07:01:40 I Platf Print           "DELETE FROM allfeatures WHERE id=16818154:successful"
2023-02-03 07:01:40 I Platf Print           "DELETE FROM allfeatures WHERE id=16797442:successful"
2023-02-03 07:01:40 I Platf Print           "DELETE FROM allfeatures WHERE id=16797198:successful"
2023-02-03 07:01:40 I Platf Print           "DELETE FROM allfeatures WHERE id=16716069:successful"
2023-02-03 07:01:40 I Platf Print           "DELETE FROM allfeatures WHERE id=16716065:successful"
2023-02-03 07:01:40 I Platf Print           "DELETE FROM allfeatures WHERE id=16668586:successful"
2023-02-03 07:01:40 I Platf Print           "DELETE FROM allfeatures WHERE id=15659508:successful"
2023-02-03 07:01:40 I Platf Print           "DELETE FROM allfeatures WHERE id=14776629:successful"
2023-02-03 07:01:40 I Platf Print           "DELETE FROM allfeatures WHERE id=13999176:successful"
2023-02-03 07:01:40 I Platf Print           "DELETE FROM allfeatures WHERE id=13927665:successful"
2023-02-03 07:01:40 I Platf Print           "DELETE FROM allfeatures WHERE id=13847532:successful"
2023-02-03 07:01:40 I Platf Print           "DELETE FROM allfeatures WHERE id=13772670:successful"
2023-02-03 07:01:40 I Platf Print           "DELETE FROM allfeatures WHERE id=13591098:successful"
2023-02-03 07:01:40 I Platf Print           "DELETE FROM allfeatures WHERE id=10319781:successful"
2023-02-03 07:01:40 I Platf Print           "DELETE FROM allfeatures WHERE id=9873450:successful"
2023-02-03 07:01:40 I Platf Print           "DELETE FROM allfeatures WHERE id=8880511:successful"
2023-02-03 07:01:40 I Platf Print           "DELETE FROM allfeatures WHERE id=8880508:successful"
2023-02-03 07:01:40 I Platf Print           "DELETE FROM allfeatures WHERE id=8880019:successful"
2023-02-03 07:01:40 I Platf Print           "DELETE FROM allfeatures WHERE id=8623168:successful"
2023-02-03 07:01:40 I Platf Print           "DELETE FROM allfeatures WHERE id=8590906:successful"
2023-02-03 07:01:40 I Platf Print           "DELETE FROM allfeatures WHERE id=7585397:successful"
2023-02-03 07:01:40 I Platf Print           "DELETE FROM allfeatures WHERE id=7585396:successful"
2023-02-03 07:01:40 I Platf Print           "DELETE FROM allfeatures WHERE id=7585395:successful"
2023-02-03 07:01:40 I Platf Print           "DELETE FROM allfeatures WHERE id=7528980:successful"
2023-02-03 07:01:40 I Platf Print           "DELETE FROM allfeatures WHERE id=7296886:successful"
2023-02-03 07:01:40 I Platf Print           "DELETE FROM allfeatures WHERE id=7166233:successful"
2023-02-03 07:01:40 I Platf Print           "DELETE FROM allfeatures WHERE id=7163196:successful"
2023-02-03 07:01:40 I Platf Print           "DELETE FROM allfeatures WHERE id=7163195:successful"
2023-02-03 07:01:40 I Platf Print           "DELETE FROM allfeatures WHERE id=7100343:successful"
2023-02-03 07:01:40 I Platf Print           "INSERT INTO features (rel, status, count, date)                                 SELECT rel, status, count((@rn := @rn + 1)) as count, '2023-02-03' as date FROM allfeatures cross join (select @rn := 0) const GROUP BY rel, status:successful"
2023-02-03 07:01:48 I Platf Get_allchangere "[]"
2023-02-03 07:01:48 I Platf Print           "CREATE TABLE IF NOT EXISTS changes (                                 rel TEXT, status TEXT, priority TEXT,                                 requester TEXT, date TEXT, count INT) ENGINE=InnoDB DEFAULT CHARSET=utf8:successful"
2023-02-03 07:01:48 I Platf Print           "CREATE TABLE IF NOT EXISTS allchanges (                                 id INT, uniqueid TEXT, name TEXT,                                 status TEXT, rel TEXT, priority TEXT,                                 requester TEXT) ENGINE=InnoDB DEFAULT CHARSET=utf8:successful"
2023-02-03 07:01:48 I Platf Print           "DELETE FROM changes WHERE date='2023-02-03':successful"
2023-02-03 07:01:48 I Platf Print           "INSERT INTO changes (                                 rel, status, priority, requester, date, count)                                 SELECT rel, status, priority, requester, '2023-02-03' as date, count((@rn := @rn + 1)) as count FROM allchanges                                 cross join (select @rn := 0) const GROUP BY rel, status, priority, requester:successful"
2023-02-03 07:01:56 I Platf Print           "CREATE TABLE IF NOT EXISTS designspec (                            rel TEXT, team TEXT, status TEXT, count INT, date text) ENGINE=InnoDB DEFAULT CHARSET=utf8:successful"
2023-02-03 07:01:56 I Platf Print           "CREATE TABLE IF NOT EXISTS alldesignspec (                             id INT, uniqueid TEXT, name TEXT, status TEXT, rel TEXT, team TEXT) ENGINE=InnoDB DEFAULT CHARSET=utf8:successful"
2023-02-03 07:01:56 I Platf Print           "DELETE FROM designspec WHERE date='2023-02-03':successful"
2023-02-03 07:01:56 I Platf Print           "DELETE FROM alldesignspec WHERE id=8674542:successful"
2023-02-03 07:01:56 I Platf Print           "DELETE FROM alldesignspec WHERE id=9471646:successful"
2023-02-03 07:01:56 I Platf Print           "INSERT INTO designspec (rel, team, status, count, date) SELECT rel, team, status, count((@rn := @rn + 1)) as count, '2023-02-03' as date FROM alldesignspec cross join (select @rn := 0) const GROUP BY rel, team, status:successful"
2023-02-03 07:02:12 I Platf Get_alluserstor "[]"
2023-02-03 07:02:12 I Platf Print           "CREATE TABLE IF NOT EXISTS userstories (                 rel TEXT, status TEXT, count INT, date TEXT) ENGINE=InnoDB DEFAULT CHARSET=utf8:successful"
2023-02-03 07:02:12 I Platf Print           "CREATE TABLE IF NOT EXISTS alluserstories (                 id INT, uniqueid TEXT, name TEXT, status TEXT, rel TEXT) ENGINE=InnoDB DEFAULT CHARSET=utf8:successful"
2023-02-03 07:02:12 I Platf Print           "DELETE FROM userstories WHERE date='2023-02-03':successful"
2023-02-03 07:02:12 I Platf Print           "INSERT INTO userstories (rel, status, count, date) SELECT rel, status, count((@rn := @rn + 1)) as count, '2023-02-03' as date FROM alluserstories cross join (select @rn := 0) const GROUP BY rel, status:successful"
2023-02-03 07:02:26 I Platf Get_alldefects  "[]"
2023-02-03 07:02:26 I Platf Print           "CREATE TABLE IF NOT EXISTS defects (                     rel TEXT, team TEXT, status TEXT, priority TEXT, count INT, date TEXT) ENGINE=InnoDB DEFAULT CHARSET=utf8:successful"
2023-02-03 07:02:26 I Platf Print           "CREATE TABLE IF NOT EXISTS alldefects (                     id INT, uniqueid TEXT, name TEXT, status TEXT, rel TEXT, team TEXT, priority TEXT, jira TEXT, upstream TEXT) ENGINE=InnoDB DEFAULT CHARSET=utf8:successful"
2023-02-03 07:02:27 I Platf Print           "DELETE FROM defects WHERE date='2023-02-03':successful"
2023-02-03 07:02:27 I Platf Print           "INSERT INTO defects (rel, team, status, count, date, priority) SELECT rel, team, status, count((@rn := @rn + 1)) as count, '2023-02-03' as date, priority FROM alldefects cross join (select @rn := 0) const GROUP BY rel, team, status, priority:successful"
2023-02-03 07:11:18 I Platf get_multipickli "Unassigned don't find the mainteam name from G_parameter"
2023-02-03 07:11:42 I Platf get_multipickli "Unassigned don't find the mainteam name from G_parameter"
2023-02-03 07:15:18 I Platf get_multipickli "Unassigned don't find the mainteam name from G_parameter"
2023-02-03 07:21:30 I Platf get_multipickli "Unassigned don't find the mainteam name from G_parameter"
2023-02-03 07:21:42 I Platf get_multipickli "Unassigned don't find the mainteam name from G_parameter"
2023-02-03 07:21:49 I Platf get_multipickli "Unassigned don't find the mainteam name from G_parameter"
2023-02-03 07:21:54 I Platf get_multipickli "Unassigned don't find the mainteam name from G_parameter"
2023-02-03 07:22:00 I Platf get_multipickli "Unassigned don't find the mainteam name from G_parameter"
2023-02-03 07:22:06 I Platf get_multipickli "Unassigned don't find the mainteam name from G_parameter"
2023-02-03 07:22:14 I Platf get_multipickli "Unassigned don't find the mainteam name from G_parameter"
2023-02-03 07:22:21 I Platf get_multipickli "Unassigned don't find the mainteam name from G_parameter"
2023-02-03 08:30:05 I Platf Print           "Connet 20396 successfully!!!"
2023-02-03 08:30:05 I Platf Get_alltests    "Get project name:Platform Audio id:20396 all testplans"
2023-02-03 08:30:10 I Platf Get_alltests    "{4048261: {'id': 4048261, 'name': 'Audio Test Plan', 'archived': False, 'index': '4048261:Audio Test Plan'}, 7371315: {'id': 7371315, 'name': 'Project Test Plan', 'archived': False, 'index': '7371315:Project Test Plan'}}"
2023-02-03 08:30:10 I Platf Get_alltests    "Get project name:Platform Audio id:20396 all testplans successful!!!"
2023-02-03 08:32:25 I Platf tidy_alltestcas "34"
2023-02-03 08:33:06 I Platf Print           "DROP TABLE IF EXISTS testcases:successful"
2023-02-03 08:33:06 I Platf Print           "CREATE TABLE IF NOT EXISTS testcases (                             testplan_id INT,                             testplan_name TEXT,                             testgroup_id INT,                             testgroup_name TEXT,                             testcycle_id INT,                             testcycle_name TEXT,                             rel TEXT,                             id INT,                             uniqueid TEXT,                             name TEXT,                             status TEXT,                             upstream TEXT,                             downstream TEXT,                             executionDate TEXT) ENGINE=InnoDB DEFAULT CHARSET=utf8:successful"
2023-02-03 08:33:06 I Platf update_database "Insert testcases table successful"
2023-02-03 08:33:06 I Platf Print           "CREATE TABLE IF NOT EXISTS tests (                             testplan_id INT,                             testplan_name TEXT,                             testplan_status TEXT,                             rel TEXT, status TEXT,                             count INT, date TEXT) ENGINE=InnoDB DEFAULT CHARSET=utf8:successful"
2023-02-03 08:33:06 I Platf Print           "DELETE FROM tests WHERE date='2023-02-03':successful"
2023-02-03 08:33:06 I Platf Print           "SELECT testplan_id FROM tests GROUP BY testplan_id:successful"
2023-02-03 08:33:06 I Platf Print           "SELECT testplan_name FROM tests WHERE testplan_id=4048261 LIMIT 1:successful"
2023-02-03 08:33:06 I Platf Print           "UPDATE tests SET testplan_status='Active' WHERE testplan_id=4048261:successful"
2023-02-03 08:33:06 I Platf Print           "SELECT testplan_name FROM tests WHERE testplan_id=7371315 LIMIT 1:successful"
2023-02-03 08:33:06 I Platf Print           "UPDATE tests SET testplan_status='Active' WHERE testplan_id=7371315:successful"
2023-02-03 08:33:06 I Platf Print           "INSERT INTO tests (testplan_id, testplan_name, testplan_status, rel, status, count, date) SELECT testplan_id, testplan_name, 'Active' as testplan_status, rel, status, count((@rn := @rn + 1)) as count, '2023-02-03' as date FROM testcases cross join (select @rn := 0) const GROUP BY testplan_id, rel, status:successful"
2023-02-03 08:33:06 I Platf update_database "Insert tests table successful"
2023-02-03 08:33:06 I Platf Print           "CREATE TABLE IF NOT EXISTS testapproval (                                 rel TEXT, team TEXT, status TEXT, upstream TEXT, count INT, date TEXT                                 ) ENGINE=InnoDB DEFAULT CHARSET=utf8:successful"
2023-02-03 08:33:06 I Platf Print           "DROP TABLE IF EXISTS alltestapproval:successful"
2023-02-03 08:33:06 I Platf Print           "CREATE TABLE IF NOT EXISTS alltestapproval (                                 id INT, uniqueid TEXT, name TEXT, status TEXT, rel TEXT, team TEXT, upstream TEXT                                 ) ENGINE=InnoDB DEFAULT CHARSET=utf8:successful"
2023-02-03 08:33:06 I Platf Print           "DELETE FROM testapproval WHERE date='2023-02-03':successful"
2023-02-03 08:33:06 I Platf Print           "INSERT INTO testapproval (rel, team, status, count, date, upstream) SELECT rel, team, status, count((@rn := @rn + 1)) as count, '2023-02-03' as date, upstream FROM alltestapproval cross join (select @rn := 0) const GROUP BY rel, team, status, upstream:successful"
2023-02-03 08:33:30 I Platf Get_allfeatuers "[]"
2023-02-03 08:33:30 I Platf Print           "CREATE TABLE IF NOT EXISTS features (                                rel TEXT, status TEXT, count INT, date TEXT) ENGINE=InnoDB DEFAULT CHARSET=utf8:successful"
2023-02-03 08:33:30 I Platf Print           "CREATE TABLE IF NOT EXISTS allfeatures (                                id INT, uniqueid TEXT, name TEXT, status TEXT, rel TEXT,test_status TEXT) ENGINE=InnoDB DEFAULT CHARSET=utf8:successful"
2023-02-03 08:33:30 I Platf Print           "DELETE FROM features WHERE date='2023-02-03':successful"
2023-02-03 08:33:30 I Platf Print           "DELETE FROM allfeatures WHERE id=19297583:successful"
2023-02-03 08:33:30 I Platf Print           "DELETE FROM allfeatures WHERE id=19296308:successful"
2023-02-03 08:33:30 I Platf Print           "DELETE FROM allfeatures WHERE id=19296302:successful"
2023-02-03 08:33:30 I Platf Print           "DELETE FROM allfeatures WHERE id=19296298:successful"
2023-02-03 08:33:30 I Platf Print           "DELETE FROM allfeatures WHERE id=19296162:successful"
2023-02-03 08:33:30 I Platf Print           "DELETE FROM allfeatures WHERE id=18903194:successful"
2023-02-03 08:33:30 I Platf Print           "DELETE FROM allfeatures WHERE id=18796457:successful"
2023-02-03 08:33:30 I Platf Print           "DELETE FROM allfeatures WHERE id=18796455:successful"
2023-02-03 08:33:30 I Platf Print           "DELETE FROM allfeatures WHERE id=18663833:successful"
2023-02-03 08:33:30 I Platf Print           "DELETE FROM allfeatures WHERE id=18651824:successful"
2023-02-03 08:33:30 I Platf Print           "DELETE FROM allfeatures WHERE id=18651805:successful"
2023-02-03 08:33:30 I Platf Print           "DELETE FROM allfeatures WHERE id=18453270:successful"
2023-02-03 08:33:30 I Platf Print           "DELETE FROM allfeatures WHERE id=18453268:successful"
2023-02-03 08:33:30 I Platf Print           "DELETE FROM allfeatures WHERE id=18453267:successful"
2023-02-03 08:33:30 I Platf Print           "DELETE FROM allfeatures WHERE id=18452234:successful"
2023-02-03 08:33:30 I Platf Print           "DELETE FROM allfeatures WHERE id=18452227:successful"
2023-02-03 08:33:30 I Platf Print           "DELETE FROM allfeatures WHERE id=18451958:successful"
2023-02-03 08:33:30 I Platf Print           "DELETE FROM allfeatures WHERE id=18451870:successful"
2023-02-03 08:33:30 I Platf Print           "DELETE FROM allfeatures WHERE id=18449929:successful"
2023-02-03 08:33:30 I Platf Print           "DELETE FROM allfeatures WHERE id=18449928:successful"
2023-02-03 08:33:30 I Platf Print           "DELETE FROM allfeatures WHERE id=18441742:successful"
2023-02-03 08:33:30 I Platf Print           "DELETE FROM allfeatures WHERE id=18280213:successful"
2023-02-03 08:33:30 I Platf Print           "DELETE FROM allfeatures WHERE id=17887413:successful"
2023-02-03 08:33:30 I Platf Print           "DELETE FROM allfeatures WHERE id=17860490:successful"
2023-02-03 08:33:30 I Platf Print           "DELETE FROM allfeatures WHERE id=17270642:successful"
2023-02-03 08:33:30 I Platf Print           "DELETE FROM allfeatures WHERE id=17199767:successful"
2023-02-03 08:33:30 I Platf Print           "DELETE FROM allfeatures WHERE id=16818154:successful"
2023-02-03 08:33:30 I Platf Print           "DELETE FROM allfeatures WHERE id=16797442:successful"
2023-02-03 08:33:30 I Platf Print           "DELETE FROM allfeatures WHERE id=16797198:successful"
2023-02-03 08:33:30 I Platf Print           "DELETE FROM allfeatures WHERE id=16716069:successful"
2023-02-03 08:33:30 I Platf Print           "DELETE FROM allfeatures WHERE id=16716065:successful"
2023-02-03 08:33:30 I Platf Print           "DELETE FROM allfeatures WHERE id=16668586:successful"
2023-02-03 08:33:30 I Platf Print           "DELETE FROM allfeatures WHERE id=15659508:successful"
2023-02-03 08:33:30 I Platf Print           "DELETE FROM allfeatures WHERE id=14776629:successful"
2023-02-03 08:33:30 I Platf Print           "DELETE FROM allfeatures WHERE id=13999176:successful"
2023-02-03 08:33:30 I Platf Print           "DELETE FROM allfeatures WHERE id=13927665:successful"
2023-02-03 08:33:30 I Platf Print           "DELETE FROM allfeatures WHERE id=13847532:successful"
2023-02-03 08:33:30 I Platf Print           "DELETE FROM allfeatures WHERE id=13772670:successful"
2023-02-03 08:33:30 I Platf Print           "DELETE FROM allfeatures WHERE id=13591098:successful"
2023-02-03 08:33:30 I Platf Print           "DELETE FROM allfeatures WHERE id=10319781:successful"
2023-02-03 08:33:30 I Platf Print           "DELETE FROM allfeatures WHERE id=9873450:successful"
2023-02-03 08:33:30 I Platf Print           "DELETE FROM allfeatures WHERE id=8880511:successful"
2023-02-03 08:33:30 I Platf Print           "DELETE FROM allfeatures WHERE id=8880508:successful"
2023-02-03 08:33:30 I Platf Print           "DELETE FROM allfeatures WHERE id=8880019:successful"
2023-02-03 08:33:30 I Platf Print           "DELETE FROM allfeatures WHERE id=8623168:successful"
2023-02-03 08:33:30 I Platf Print           "DELETE FROM allfeatures WHERE id=8590906:successful"
2023-02-03 08:33:30 I Platf Print           "DELETE FROM allfeatures WHERE id=7585397:successful"
2023-02-03 08:33:30 I Platf Print           "DELETE FROM allfeatures WHERE id=7585396:successful"
2023-02-03 08:33:30 I Platf Print           "DELETE FROM allfeatures WHERE id=7585395:successful"
2023-02-03 08:33:30 I Platf Print           "DELETE FROM allfeatures WHERE id=7528980:successful"
2023-02-03 08:33:30 I Platf Print           "DELETE FROM allfeatures WHERE id=7296886:successful"
2023-02-03 08:33:30 I Platf Print           "DELETE FROM allfeatures WHERE id=7166233:successful"
2023-02-03 08:33:30 I Platf Print           "DELETE FROM allfeatures WHERE id=7163196:successful"
2023-02-03 08:33:30 I Platf Print           "DELETE FROM allfeatures WHERE id=7163195:successful"
2023-02-03 08:33:30 I Platf Print           "DELETE FROM allfeatures WHERE id=7100343:successful"
2023-02-03 08:33:30 I Platf Print           "INSERT INTO features (rel, status, count, date)                                 SELECT rel, status, count((@rn := @rn + 1)) as count, '2023-02-03' as date FROM allfeatures cross join (select @rn := 0) const GROUP BY rel, status:successful"
2023-02-03 08:33:37 I Platf Get_allchangere "[]"
2023-02-03 08:33:37 I Platf Print           "CREATE TABLE IF NOT EXISTS changes (                                 rel TEXT, status TEXT, priority TEXT,                                 requester TEXT, date TEXT, count INT) ENGINE=InnoDB DEFAULT CHARSET=utf8:successful"
2023-02-03 08:33:37 I Platf Print           "CREATE TABLE IF NOT EXISTS allchanges (                                 id INT, uniqueid TEXT, name TEXT,                                 status TEXT, rel TEXT, priority TEXT,                                 requester TEXT) ENGINE=InnoDB DEFAULT CHARSET=utf8:successful"
2023-02-03 08:33:37 I Platf Print           "DELETE FROM changes WHERE date='2023-02-03':successful"
2023-02-03 08:33:38 I Platf Print           "INSERT INTO changes (                                 rel, status, priority, requester, date, count)                                 SELECT rel, status, priority, requester, '2023-02-03' as date, count((@rn := @rn + 1)) as count FROM allchanges                                 cross join (select @rn := 0) const GROUP BY rel, status, priority, requester:successful"
2023-02-03 08:33:46 I Platf Print           "CREATE TABLE IF NOT EXISTS designspec (                            rel TEXT, team TEXT, status TEXT, count INT, date text) ENGINE=InnoDB DEFAULT CHARSET=utf8:successful"
2023-02-03 08:33:46 I Platf Print           "CREATE TABLE IF NOT EXISTS alldesignspec (                             id INT, uniqueid TEXT, name TEXT, status TEXT, rel TEXT, team TEXT) ENGINE=InnoDB DEFAULT CHARSET=utf8:successful"
2023-02-03 08:33:46 I Platf Print           "DELETE FROM designspec WHERE date='2023-02-03':successful"
2023-02-03 08:33:46 I Platf Print           "DELETE FROM alldesignspec WHERE id=8674542:successful"
2023-02-03 08:33:46 I Platf Print           "DELETE FROM alldesignspec WHERE id=9471646:successful"
2023-02-03 08:33:46 I Platf Print           "INSERT INTO designspec (rel, team, status, count, date) SELECT rel, team, status, count((@rn := @rn + 1)) as count, '2023-02-03' as date FROM alldesignspec cross join (select @rn := 0) const GROUP BY rel, team, status:successful"
2023-02-03 08:33:59 I Platf Get_alluserstor "[]"
2023-02-03 08:33:59 I Platf Print           "CREATE TABLE IF NOT EXISTS userstories (                 rel TEXT, status TEXT, count INT, date TEXT) ENGINE=InnoDB DEFAULT CHARSET=utf8:successful"
2023-02-03 08:33:59 I Platf Print           "CREATE TABLE IF NOT EXISTS alluserstories (                 id INT, uniqueid TEXT, name TEXT, status TEXT, rel TEXT) ENGINE=InnoDB DEFAULT CHARSET=utf8:successful"
2023-02-03 08:33:59 I Platf Print           "DELETE FROM userstories WHERE date='2023-02-03':successful"
2023-02-03 08:33:59 I Platf Print           "INSERT INTO userstories (rel, status, count, date) SELECT rel, status, count((@rn := @rn + 1)) as count, '2023-02-03' as date FROM alluserstories cross join (select @rn := 0) const GROUP BY rel, status:successful"
2023-02-03 08:34:14 I Platf Get_alldefects  "[]"
2023-02-03 08:34:14 I Platf Print           "CREATE TABLE IF NOT EXISTS defects (                     rel TEXT, team TEXT, status TEXT, priority TEXT, count INT, date TEXT) ENGINE=InnoDB DEFAULT CHARSET=utf8:successful"
2023-02-03 08:34:14 I Platf Print           "CREATE TABLE IF NOT EXISTS alldefects (                     id INT, uniqueid TEXT, name TEXT, status TEXT, rel TEXT, team TEXT, priority TEXT, jira TEXT, upstream TEXT) ENGINE=InnoDB DEFAULT CHARSET=utf8:successful"
2023-02-03 08:34:14 I Platf Print           "DELETE FROM defects WHERE date='2023-02-03':successful"
2023-02-03 08:34:14 I Platf Print           "INSERT INTO defects (rel, team, status, count, date, priority) SELECT rel, team, status, count((@rn := @rn + 1)) as count, '2023-02-03' as date, priority FROM alldefects cross join (select @rn := 0) const GROUP BY rel, team, status, priority:successful"
2023-02-03 08:42:39 I Platf get_multipickli "Unassigned don't find the mainteam name from G_parameter"
2023-02-03 08:43:03 I Platf get_multipickli "Unassigned don't find the mainteam name from G_parameter"
2023-02-03 08:47:27 I Platf get_multipickli "Unassigned don't find the mainteam name from G_parameter"
2023-02-03 08:54:18 I Platf get_multipickli "Unassigned don't find the mainteam name from G_parameter"
2023-02-03 08:54:23 I Platf get_multipickli "Unassigned don't find the mainteam name from G_parameter"
2023-02-03 08:54:29 I Platf get_multipickli "Unassigned don't find the mainteam name from G_parameter"
2023-02-03 08:54:39 I Platf get_multipickli "Unassigned don't find the mainteam name from G_parameter"
2023-02-03 08:55:01 I Platf get_multipickli "Unassigned don't find the mainteam name from G_parameter"
2023-02-03 08:55:20 I Platf get_multipickli "Unassigned don't find the mainteam name from G_parameter"
2023-02-03 08:55:40 I Platf get_multipickli "Unassigned don't find the mainteam name from G_parameter"
2023-02-03 08:56:01 I Platf get_multipickli "Unassigned don't find the mainteam name from G_parameter"
2023-02-03 09:15:27 I Platf get_multipickli "Unassigned don't find the mainteam name from G_parameter"
2023-02-03 09:15:33 I Platf get_multipickli "Unassigned don't find the mainteam name from G_parameter"
2023-02-03 09:15:38 I Platf get_multipickli "Unassigned don't find the mainteam name from G_parameter"
2023-02-03 09:15:43 I Platf get_multipickli "Unassigned don't find the mainteam name from G_parameter"
2023-02-03 09:15:49 I Platf get_multipickli "Unassigned don't find the mainteam name from G_parameter"
2023-02-03 09:15:55 I Platf get_multipickli "Unassigned don't find the mainteam name from G_parameter"
2023-02-03 09:16:02 I Platf get_multipickli "Unassigned don't find the mainteam name from G_parameter"
2023-02-03 09:16:54 I Platf get_multipickli "Unassigned don't find the mainteam name from G_parameter"
2023-02-03 09:17:00 I Platf get_multipickli "Unassigned don't find the mainteam name from G_parameter"
2023-02-03 09:17:05 I Platf get_multipickli "Unassigned don't find the mainteam name from G_parameter"
2023-02-03 09:18:51 I Platf get_multipickli "Unassigned don't find the mainteam name from G_parameter"
2023-02-03 09:21:41 I Platf get_multipickli "Unassigned don't find the mainteam name from G_parameter"
2023-02-03 09:22:21 I Platf get_multipickli "Unassigned don't find the mainteam name from G_parameter"
2023-02-03 09:22:58 I Platf get_multipickli "Unassigned don't find the mainteam name from G_parameter"
2023-02-03 09:23:27 I Platf get_multipickli "Unassigned don't find the mainteam name from G_parameter"
2023-02-03 09:24:06 I Platf get_multipickli "Unassigned don't find the mainteam name from G_parameter"
2023-02-03 09:24:44 I Platf get_multipickli "Unassigned don't find the mainteam name from G_parameter"
2023-02-03 09:29:17 I Platf get_multipickli "Unassigned don't find the mainteam name from G_parameter"
2023-02-03 09:30:54 I Platf get_multipickli "Unassigned don't find the mainteam name from G_parameter"
2023-02-03 09:31:13 I Platf get_multipickli "Unassigned don't find the mainteam name from G_parameter"
2023-02-03 09:32:19 I Platf get_multipickli "Unassigned don't find the mainteam name from G_parameter"
2023-02-03 09:32:29 I Platf get_multipickli "Unassigned don't find the mainteam name from G_parameter"
2023-02-03 09:32:55 I Platf get_multipickli "Unassigned don't find the mainteam name from G_parameter"
2023-02-03 09:33:12 I Platf get_multipickli "Unassigned don't find the mainteam name from G_parameter"
2023-02-03 09:33:18 I Platf get_multipickli "Unassigned don't find the mainteam name from G_parameter"
2023-02-03 09:33:24 I Platf get_multipickli "Unassigned don't find the mainteam name from G_parameter"
2023-02-03 09:33:32 I Platf get_multipickli "Unassigned don't find the mainteam name from G_parameter"
2023-02-03 09:33:41 I Platf get_multipickli "Unassigned don't find the mainteam name from G_parameter"
2023-02-03 09:33:48 I Platf get_multipickli "Unassigned don't find the mainteam name from G_parameter"
2023-02-03 09:33:53 I Platf get_multipickli "Unassigned don't find the mainteam name from G_parameter"
2023-02-03 09:34:06 I Platf get_multipickli "Unassigned don't find the mainteam name from G_parameter"
2023-02-03 09:34:13 I Platf get_multipickli "Unassigned don't find the mainteam name from G_parameter"
2023-02-03 09:34:36 I Platf get_multipickli "Unassigned don't find the mainteam name from G_parameter"
2023-02-03 09:36:15 I Platf get_multipickli "Unassigned don't find the mainteam name from G_parameter"
2023-02-03 09:37:16 I Platf get_multipickli "Unassigned don't find the mainteam name from G_parameter"
2023-02-03 09:37:35 I Platf get_multipickli "Unassigned don't find the mainteam name from G_parameter"
2023-02-03 09:37:55 I Platf get_multipickli "Unassigned don't find the mainteam name from G_parameter"
2023-02-03 09:38:15 I Platf get_multipickli "Unassigned don't find the mainteam name from G_parameter"
2023-02-03 09:38:28 I Platf get_multipickli "Unassigned don't find the mainteam name from G_parameter"
2023-02-03 09:38:34 I Platf get_multipickli "Unassigned don't find the mainteam name from G_parameter"
2023-02-03 09:38:40 I Platf get_multipickli "Unassigned don't find the mainteam name from G_parameter"
2023-02-03 09:38:49 I Platf get_multipickli "Unassigned don't find the mainteam name from G_parameter"
2023-02-03 09:38:55 I Platf get_multipickli "Unassigned don't find the mainteam name from G_parameter"
2023-02-03 09:39:01 I Platf get_multipickli "Unassigned don't find the mainteam name from G_parameter"
2023-02-03 09:39:06 I Platf get_multipickli "Unassigned don't find the mainteam name from G_parameter"
2023-02-03 09:39:13 I Platf get_multipickli "Unassigned don't find the mainteam name from G_parameter"
2023-02-03 09:39:21 I Platf get_multipickli "Unassigned don't find the mainteam name from G_parameter"
2023-02-03 09:39:29 I Platf get_multipickli "Unassigned don't find the mainteam name from G_parameter"
2023-02-03 09:39:35 I Platf get_multipickli "Unassigned don't find the mainteam name from G_parameter"
2023-02-03 09:39:40 I Platf get_multipickli "Unassigned don't find the mainteam name from G_parameter"
2023-02-03 09:39:47 I Platf get_multipickli "Unassigned don't find the mainteam name from G_parameter"
2023-02-03 09:39:54 I Platf get_multipickli "Unassigned don't find the mainteam name from G_parameter"
2023-02-03 09:40:03 I Platf get_multipickli "Unassigned don't find the mainteam name from G_parameter"
2023-02-03 09:40:13 I Platf get_multipickli "Unassigned don't find the mainteam name from G_parameter"
2023-02-03 09:40:25 I Platf get_multipickli "Unassigned don't find the mainteam name from G_parameter"
2023-02-03 09:40:33 I Platf get_multipickli "Unassigned don't find the mainteam name from G_parameter"
2023-02-03 09:40:39 I Platf get_multipickli "Unassigned don't find the mainteam name from G_parameter"
2023-02-03 09:40:45 I Platf get_multipickli "Unassigned don't find the mainteam name from G_parameter"
2023-02-03 09:40:53 I Platf get_multipickli "Unassigned don't find the mainteam name from G_parameter"
2023-02-03 09:41:02 I Platf get_multipickli "Unassigned don't find the mainteam name from G_parameter"
2023-02-03 09:41:13 I Platf get_multipickli "Unassigned don't find the mainteam name from G_parameter"
2023-02-03 09:41:25 I Platf get_multipickli "Unassigned don't find the mainteam name from G_parameter"
2023-02-03 09:41:34 I Platf get_multipickli "Unassigned don't find the mainteam name from G_parameter"
2023-02-03 09:41:41 I Platf get_multipickli "Unassigned don't find the mainteam name from G_parameter"
2023-02-03 09:41:48 I Platf get_multipickli "Unassigned don't find the mainteam name from G_parameter"
2023-02-03 09:41:54 I Platf get_multipickli "Unassigned don't find the mainteam name from G_parameter"
2023-02-03 09:41:59 I Platf get_multipickli "Unassigned don't find the mainteam name from G_parameter"
2023-02-03 09:42:08 I Platf get_multipickli "Unassigned don't find the mainteam name from G_parameter"
2023-02-03 09:42:17 I Platf get_multipickli "Unassigned don't find the mainteam name from G_parameter"
2023-02-03 09:42:27 I Platf get_multipickli "Unassigned don't find the mainteam name from G_parameter"
2023-02-03 09:42:35 I Platf get_multipickli "Unassigned don't find the mainteam name from G_parameter"
2023-02-03 09:42:44 I Platf get_multipickli "Unassigned don't find the mainteam name from G_parameter"
2023-02-03 09:42:49 I Platf get_multipickli "Unassigned don't find the mainteam name from G_parameter"
2023-02-03 09:42:54 I Platf get_multipickli "Unassigned don't find the mainteam name from G_parameter"
2023-02-03 09:43:03 I Platf get_multipickli "Unassigned don't find the mainteam name from G_parameter"
2023-02-03 09:43:54 I Platf get_multipickli "Unassigned don't find the mainteam name from G_parameter"
2023-02-03 09:44:00 I Platf get_multipickli "Unassigned don't find the mainteam name from G_parameter"
2023-02-03 09:44:06 I Platf get_multipickli "Unassigned don't find the mainteam name from G_parameter"
2023-02-03 09:44:13 I Platf get_multipickli "Unassigned don't find the mainteam name from G_parameter"
2023-02-03 09:44:21 I Platf get_multipickli "Unassigned don't find the mainteam name from G_parameter"
2023-02-03 09:44:27 I Platf get_multipickli "Unassigned don't find the mainteam name from G_parameter"
2023-02-03 09:44:33 I Platf get_multipickli "Unassigned don't find the mainteam name from G_parameter"
2023-02-03 09:45:02 I Platf get_multipickli "Unassigned don't find the mainteam name from G_parameter"
2023-02-03 09:45:10 I Platf get_multipickli "Unassigned don't find the mainteam name from G_parameter"
2023-02-03 09:45:17 I Platf get_multipickli "Unassigned don't find the mainteam name from G_parameter"
2023-02-03 09:45:23 I Platf get_multipickli "Unassigned don't find the mainteam name from G_parameter"
2023-02-03 09:45:28 I Platf get_multipickli "Unassigned don't find the mainteam name from G_parameter"
2023-02-03 09:45:35 I Platf get_multipickli "Unassigned don't find the mainteam name from G_parameter"
2023-02-03 09:48:58 I Platf get_multipickli "Unassigned don't find the mainteam name from G_parameter"
2023-02-03 09:49:09 I Platf get_multipickli "Unassigned don't find the mainteam name from G_parameter"
2023-02-03 09:49:18 I Platf get_multipickli "Unassigned don't find the mainteam name from G_parameter"
2023-02-03 09:49:26 I Platf get_multipickli "Unassigned don't find the mainteam name from G_parameter"
2023-02-03 09:49:32 I Platf get_multipickli "Unassigned don't find the mainteam name from G_parameter"
2023-02-03 09:49:37 I Platf get_multipickli "Unassigned don't find the mainteam name from G_parameter"
2023-02-03 09:49:43 I Platf get_multipickli "Unassigned don't find the mainteam name from G_parameter"
2023-02-03 09:50:56 I Platf Print           "DROP TABLE IF EXISTS allrequirements:successful"
2023-02-03 09:50:56 I Platf Print           "DROP TABLE IF EXISTS allcoverage:successful"
2023-02-03 09:50:56 I Platf Print           "CREATE TABLE IF NOT EXISTS requirements (                        rel TEXT, status TEXT, count INT, date TEXT) ENGINE=InnoDB DEFAULT CHARSET=utf8:successful"
2023-02-03 09:50:56 I Platf Print           "CREATE TABLE IF NOT EXISTS allrequirements (                        id INT, uniqueid TEXT, name TEXT, status TEXT, rel TEXT, upstream TEXT, downstream TEXT, team TEXT, test_status TEXT) ENGINE=InnoDB DEFAULT CHARSET=utf8:successful"
2023-02-03 09:50:56 I Platf Print           "CREATE TABLE IF NOT EXISTS coverage (                        team text, covered int, expected int, date text) ENGINE=InnoDB DEFAULT CHARSET=utf8:successful"
2023-02-03 09:50:56 I Platf Print           "CREATE TABLE IF NOT EXISTS allcoverage (                        id INT, uniqueid TEXT, name TEXT, status TEXT, rel TEXT, verify TEXT, missing TEXT) ENGINE=InnoDB DEFAULT CHARSET=utf8:successful"
2023-02-03 09:50:56 I Platf Print           "DELETE FROM requirements WHERE date='2023-02-03':successful"
2023-02-03 09:50:56 I Platf Print           "DELETE FROM coverage WHERE date='2023-02-03':successful"
2023-02-03 09:50:56 I Platf Print           "INSERT INTO requirements (rel, status, count, date) SELECT rel, status, count((@rn := @rn + 1)) as count, '2023-02-03' as date FROM allrequirements cross join (select @rn := 0) const GROUP BY rel, status:successful"
2023-02-03 09:50:56 I Platf Print           "CREATE TABLE IF NOT EXISTS feattest (rel TEXT, status TEXT, count TEXT, date TEXT) ENGINE=InnoDB DEFAULT CHARSET=utf8:successful"
2023-02-03 09:50:56 I Platf Print           "CREATE TABLE IF NOT EXISTS reqtest (rel TEXT, status TEXT, count TEXT, date TEXT) ENGINE=InnoDB DEFAULT CHARSET=utf8:successful"
2023-02-03 09:50:56 I Platf Print           "SELECT id FROM allfeatures:successful"
2023-02-03 09:50:56 I Platf Print           "SELECT id,upstream,downstream,team FROM allrequirements:successful"
2023-02-03 09:50:56 I Platf Print           "SELECT id FROM allcoverage:successful"
2023-02-03 09:50:56 I Platf Print           "SELECT * FROM testcases:successful"
