2023-01-31 04:59:21 I Mac F Print           "Connet 20287 successfully!!!"
2023-01-31 04:59:21 I Mac F Get_alltests    "Get project name:Mac FWU id:20287 all testplans"
2023-01-31 04:59:22 I Mac F Get_alltests    "{2194293: {'id': 2194293, 'name': 'Jabra Mac Suite SR06 test plan', 'archived': False, 'index': '2194293:Jabra Mac Suite SR06 test plan'}, 2869398: {'id': 2869398, 'name': 'Jabra Mac Suite SR12 test plan', 'archived': False, 'index': '2869398:Jabra Mac Suite SR12 test plan'}, 3072152: {'id': 3072152, 'name': 'Jabra Mac Suite SR13 XM Acceptance Test', 'archived': False, 'index': '3072152:Jabra Mac Suite SR13 XM Acceptance Test'}, 3018824: {'id': 3018824, 'name': 'Jabra Suite for Mac SR13_MT_System Testing', 'archived': False, 'index': '3018824:Jabra Suite for Mac SR13_MT_System Testing'}, 3110374: {'id': 3110374, 'name': 'Jabra Suite for Mac SR14_MT_System Testing', 'archived': False, 'index': '3110374:Jabra Suite for Mac SR14_MT_System Testing'}, 3499864: {'id': 3499864, 'name': 'JDO- RCC testing on SP plugins change with DeviceParameters dependency removal for Mac', 'archived': False, 'index': '3499864:JDO- RCC testing on SP plugins change with DeviceParameters dependency removal for Mac'}, 3031754: {'id': 3031754, 'name': 'JMS SR13 MT_Sanity Testing', 'archived': False, 'index': '3031754:JMS SR13 MT_Sanity Testing'}, 3102358: {'id': 3102358, 'name': 'JMS SR14 MT Dev Sanity test', 'archived': False, 'index': '3102358:JMS SR14 MT Dev Sanity test'}, 3217328: {'id': 3217328, 'name': 'JMS SR14- Internal build testing', 'archived': False, 'index': '3217328:JMS SR14- Internal build testing'}, 3577291: {'id': 3577291, 'name': 'RCC Sanity test on Jabra Plugin v1.0.19 for Cisco jabber for Mac12.5', 'archived': False, 'index': '3577291:RCC Sanity test on Jabra Plugin v1.0.19 for Cisco jabber for Mac12.5'}, 3197477: {'id': 3197477, 'name': 'Softphone Plugins with JDO Mac_MT_Internal Regression Testing', 'archived': False, 'index': '3197477:Softphone Plugins with JDO Mac_MT_Internal Regression Testing'}}"
2023-01-31 04:59:22 I Mac F Get_alltests    "Get project name:Mac FWU id:20287 all testplans successful!!!"
2023-01-31 05:06:41 I Mac F tidy_alltestcas "1006"
2023-01-31 05:11:02 I Mac F Print           "DROP TABLE IF EXISTS testcases:successful"
2023-01-31 05:11:02 I Mac F Print           "CREATE TABLE IF NOT EXISTS testcases (                             testplan_id INT,                             testplan_name TEXT,                             testgroup_id INT,                             testgroup_name TEXT,                             testcycle_id INT,                             testcycle_name TEXT,                             rel TEXT,                             id INT,                             uniqueid TEXT,                             name TEXT,                             status TEXT,                             upstream TEXT,                             downstream TEXT,                             executionDate TEXT) ENGINE=InnoDB DEFAULT CHARSET=utf8:successful"
2023-01-31 05:11:02 I Mac F update_database "Insert testcases table successful"
2023-01-31 05:11:02 I Mac F Print           "CREATE TABLE IF NOT EXISTS tests (                             testplan_id INT,                             testplan_name TEXT,                             testplan_status TEXT,                             rel TEXT, status TEXT,                             count INT, date TEXT) ENGINE=InnoDB DEFAULT CHARSET=utf8:successful"
2023-01-31 05:11:02 I Mac F Print           "DELETE FROM tests WHERE date='2023-01-31':successful"
2023-01-31 05:11:02 I Mac F Print           "SELECT testplan_id FROM tests GROUP BY testplan_id:successful"
2023-01-31 05:11:02 I Mac F Print           "SELECT testplan_name FROM tests WHERE testplan_id=2194293 LIMIT 1:successful"
2023-01-31 05:11:02 I Mac F Print           "UPDATE tests SET testplan_status='Active' WHERE testplan_id=2194293:successful"
2023-01-31 05:11:02 I Mac F Print           "SELECT testplan_name FROM tests WHERE testplan_id=2869398 LIMIT 1:successful"
2023-01-31 05:11:02 I Mac F Print           "UPDATE tests SET testplan_status='Active' WHERE testplan_id=2869398:successful"
2023-01-31 05:11:02 I Mac F Print           "SELECT testplan_name FROM tests WHERE testplan_id=3072152 LIMIT 1:successful"
2023-01-31 05:11:02 I Mac F Print           "UPDATE tests SET testplan_status='Active' WHERE testplan_id=3072152:successful"
2023-01-31 05:11:02 I Mac F Print           "SELECT testplan_name FROM tests WHERE testplan_id=3018824 LIMIT 1:successful"
2023-01-31 05:11:02 I Mac F Print           "UPDATE tests SET testplan_status='Active' WHERE testplan_id=3018824:successful"
2023-01-31 05:11:02 I Mac F Print           "SELECT testplan_name FROM tests WHERE testplan_id=3110374 LIMIT 1:successful"
2023-01-31 05:11:02 I Mac F Print           "UPDATE tests SET testplan_status='Active' WHERE testplan_id=3110374:successful"
2023-01-31 05:11:02 I Mac F Print           "SELECT testplan_name FROM tests WHERE testplan_id=3499864 LIMIT 1:successful"
2023-01-31 05:11:02 I Mac F Print           "UPDATE tests SET testplan_status='Active' WHERE testplan_id=3499864:successful"
2023-01-31 05:11:02 I Mac F Print           "SELECT testplan_name FROM tests WHERE testplan_id=3031754 LIMIT 1:successful"
2023-01-31 05:11:02 I Mac F Print           "UPDATE tests SET testplan_status='Active' WHERE testplan_id=3031754:successful"
2023-01-31 05:11:02 I Mac F Print           "SELECT testplan_name FROM tests WHERE testplan_id=3102358 LIMIT 1:successful"
2023-01-31 05:11:02 I Mac F Print           "UPDATE tests SET testplan_status='Active' WHERE testplan_id=3102358:successful"
2023-01-31 05:11:02 I Mac F Print           "SELECT testplan_name FROM tests WHERE testplan_id=3217328 LIMIT 1:successful"
2023-01-31 05:11:02 I Mac F Print           "UPDATE tests SET testplan_status='Active' WHERE testplan_id=3217328:successful"
2023-01-31 05:11:02 I Mac F Print           "SELECT testplan_name FROM tests WHERE testplan_id=3197477 LIMIT 1:successful"
2023-01-31 05:11:02 I Mac F Print           "UPDATE tests SET testplan_status='Active' WHERE testplan_id=3197477:successful"
2023-01-31 05:11:02 I Mac F Print           "INSERT INTO tests (testplan_id, testplan_name, testplan_status, rel, status, count, date) SELECT testplan_id, testplan_name, 'Active' as testplan_status, rel, status, count((@rn := @rn + 1)) as count, '2023-01-31' as date FROM testcases cross join (select @rn := 0) const GROUP BY testplan_id, rel, status:successful"
2023-01-31 05:11:02 I Mac F update_database "Insert tests table successful"
2023-01-31 05:11:03 I Mac F Print           "CREATE TABLE IF NOT EXISTS testapproval (                                 rel TEXT, team TEXT, status TEXT, upstream TEXT, count INT, date TEXT                                 ) ENGINE=InnoDB DEFAULT CHARSET=utf8:successful"
2023-01-31 05:11:03 I Mac F Print           "DROP TABLE IF EXISTS alltestapproval:successful"
2023-01-31 05:11:03 I Mac F Print           "CREATE TABLE IF NOT EXISTS alltestapproval (                                 id INT, uniqueid TEXT, name TEXT, status TEXT, rel TEXT, team TEXT, upstream TEXT                                 ) ENGINE=InnoDB DEFAULT CHARSET=utf8:successful"
2023-01-31 05:11:03 I Mac F Print           "DELETE FROM testapproval WHERE date='2023-01-31':successful"
2023-01-31 05:11:03 I Mac F Print           "INSERT INTO testapproval (rel, team, status, count, date, upstream) SELECT rel, team, status, count((@rn := @rn + 1)) as count, '2023-01-31' as date, upstream FROM alltestapproval cross join (select @rn := 0) const GROUP BY rel, team, status, upstream:successful"
2023-01-31 05:11:08 I Mac F Get_allfeatuers "[]"
2023-01-31 05:11:08 I Mac F Print           "CREATE TABLE IF NOT EXISTS features (                                rel TEXT, status TEXT, count INT, date TEXT) ENGINE=InnoDB DEFAULT CHARSET=utf8:successful"
2023-01-31 05:11:08 I Mac F Print           "CREATE TABLE IF NOT EXISTS allfeatures (                                id INT, uniqueid TEXT, name TEXT, status TEXT, rel TEXT,test_status TEXT) ENGINE=InnoDB DEFAULT CHARSET=utf8:successful"
2023-01-31 05:11:08 I Mac F Print           "DELETE FROM features WHERE date='2023-01-31':successful"
2023-01-31 05:11:08 I Mac F Print           "INSERT INTO features (rel, status, count, date)                                 SELECT rel, status, count((@rn := @rn + 1)) as count, '2023-01-31' as date FROM allfeatures cross join (select @rn := 0) const GROUP BY rel, status:successful"
2023-01-31 05:11:10 I Mac F Get_allchangere "[]"
2023-01-31 05:11:10 I Mac F Print           "CREATE TABLE IF NOT EXISTS changes (                                 rel TEXT, status TEXT, priority TEXT,                                 requester TEXT, date TEXT, count INT) ENGINE=InnoDB DEFAULT CHARSET=utf8:successful"
2023-01-31 05:11:10 I Mac F Print           "CREATE TABLE IF NOT EXISTS allchanges (                                 id INT, uniqueid TEXT, name TEXT,                                 status TEXT, rel TEXT, priority TEXT,                                 requester TEXT) ENGINE=InnoDB DEFAULT CHARSET=utf8:successful"
2023-01-31 05:11:10 I Mac F Print           "DELETE FROM changes WHERE date='2023-01-31':successful"
2023-01-31 05:11:10 I Mac F Print           "INSERT INTO changes (                                 rel, status, priority, requester, date, count)                                 SELECT rel, status, priority, requester, '2023-01-31' as date, count((@rn := @rn + 1)) as count FROM allchanges                                 cross join (select @rn := 0) const GROUP BY rel, status, priority, requester:successful"
2023-01-31 05:11:12 I Mac F Print           "CREATE TABLE IF NOT EXISTS designspec (                            rel TEXT, team TEXT, status TEXT, count INT, date text) ENGINE=InnoDB DEFAULT CHARSET=utf8:successful"
2023-01-31 05:11:12 I Mac F Print           "CREATE TABLE IF NOT EXISTS alldesignspec (                             id INT, uniqueid TEXT, name TEXT, status TEXT, rel TEXT, team TEXT) ENGINE=InnoDB DEFAULT CHARSET=utf8:successful"
2023-01-31 05:11:12 I Mac F Print           "DELETE FROM designspec WHERE date='2023-01-31':successful"
2023-01-31 05:11:12 I Mac F Print           "INSERT INTO designspec (rel, team, status, count, date) SELECT rel, team, status, count((@rn := @rn + 1)) as count, '2023-01-31' as date FROM alldesignspec cross join (select @rn := 0) const GROUP BY rel, team, status:successful"
2023-01-31 05:11:24 I Mac F Get_alluserstor "[]"
2023-01-31 05:11:24 I Mac F Print           "CREATE TABLE IF NOT EXISTS userstories (                 rel TEXT, status TEXT, count INT, date TEXT) ENGINE=InnoDB DEFAULT CHARSET=utf8:successful"
2023-01-31 05:11:24 I Mac F Print           "CREATE TABLE IF NOT EXISTS alluserstories (                 id INT, uniqueid TEXT, name TEXT, status TEXT, rel TEXT) ENGINE=InnoDB DEFAULT CHARSET=utf8:successful"
2023-01-31 05:11:24 I Mac F Print           "DELETE FROM userstories WHERE date='2023-01-31':successful"
2023-01-31 05:11:24 I Mac F Print           "INSERT INTO userstories (rel, status, count, date) SELECT rel, status, count((@rn := @rn + 1)) as count, '2023-01-31' as date FROM alluserstories cross join (select @rn := 0) const GROUP BY rel, status:successful"
2023-01-31 05:11:42 I Mac F Get_alldefects  "[]"
2023-01-31 05:11:42 I Mac F Print           "CREATE TABLE IF NOT EXISTS defects (                     rel TEXT, team TEXT, status TEXT, priority TEXT, count INT, date TEXT) ENGINE=InnoDB DEFAULT CHARSET=utf8:successful"
2023-01-31 05:11:42 I Mac F Print           "CREATE TABLE IF NOT EXISTS alldefects (                     id INT, uniqueid TEXT, name TEXT, status TEXT, rel TEXT, team TEXT, priority TEXT, jira TEXT, upstream TEXT) ENGINE=InnoDB DEFAULT CHARSET=utf8:successful"
2023-01-31 05:11:42 I Mac F Print           "DELETE FROM defects WHERE date='2023-01-31':successful"
2023-01-31 05:11:42 I Mac F Print           "DELETE FROM alldefects WHERE id = 6691466:successful"
2023-01-31 05:11:42 I Mac F Print           "INSERT INTO defects (rel, team, status, count, date, priority) SELECT rel, team, status, count((@rn := @rn + 1)) as count, '2023-01-31' as date, priority FROM alldefects cross join (select @rn := 0) const GROUP BY rel, team, status, priority:successful"
2023-01-31 05:16:07 I Mac F Print           "DROP TABLE IF EXISTS allrequirements:successful"
2023-01-31 05:16:07 I Mac F Print           "DROP TABLE IF EXISTS allcoverage:successful"
2023-01-31 05:16:07 I Mac F Print           "CREATE TABLE IF NOT EXISTS requirements (                        rel TEXT, status TEXT, count INT, date TEXT) ENGINE=InnoDB DEFAULT CHARSET=utf8:successful"
2023-01-31 05:16:07 I Mac F Print           "CREATE TABLE IF NOT EXISTS allrequirements (                        id INT, uniqueid TEXT, name TEXT, status TEXT, rel TEXT, upstream TEXT, downstream TEXT, team TEXT, test_status TEXT) ENGINE=InnoDB DEFAULT CHARSET=utf8:successful"
2023-01-31 05:16:07 I Mac F Print           "CREATE TABLE IF NOT EXISTS coverage (                        team text, covered int, expected int, date text) ENGINE=InnoDB DEFAULT CHARSET=utf8:successful"
2023-01-31 05:16:07 I Mac F Print           "CREATE TABLE IF NOT EXISTS allcoverage (                        id INT, uniqueid TEXT, name TEXT, status TEXT, rel TEXT, verify TEXT, missing TEXT) ENGINE=InnoDB DEFAULT CHARSET=utf8:successful"
2023-01-31 05:16:07 I Mac F Print           "DELETE FROM requirements WHERE date='2023-01-31':successful"
2023-01-31 05:16:07 I Mac F Print           "DELETE FROM coverage WHERE date='2023-01-31':successful"
2023-01-31 05:16:07 I Mac F Print           "INSERT INTO requirements (rel, status, count, date) SELECT rel, status, count((@rn := @rn + 1)) as count, '2023-01-31' as date FROM allrequirements cross join (select @rn := 0) const GROUP BY rel, status:successful"
2023-01-31 05:16:07 I Mac F Print           "CREATE TABLE IF NOT EXISTS feattest (rel TEXT, status TEXT, count TEXT, date TEXT) ENGINE=InnoDB DEFAULT CHARSET=utf8:successful"
2023-01-31 05:16:07 I Mac F Print           "CREATE TABLE IF NOT EXISTS reqtest (rel TEXT, status TEXT, count TEXT, date TEXT) ENGINE=InnoDB DEFAULT CHARSET=utf8:successful"
2023-01-31 05:16:07 I Mac F Print           "SELECT id FROM allfeatures:successful"
2023-01-31 05:16:07 I Mac F Print           "SELECT id,upstream,downstream,team FROM allrequirements:successful"
2023-01-31 05:16:07 I Mac F Print           "SELECT id FROM allcoverage:successful"
2023-01-31 05:16:07 I Mac F Print           "SELECT * FROM testcases:successful"
