2023-01-31 05:16:07 I Platf Print           "Connet 20396 successfully!!!"
2023-01-31 05:16:07 I Platf Get_alltests    "Get project name:Platform Audio id:20396 all testplans"
2023-01-31 05:16:15 I Platf Get_alltests    "{4048261: {'id': 4048261, 'name': 'Audio Test Plan', 'archived': False, 'index': '4048261:Audio Test Plan'}, 7371315: {'id': 7371315, 'name': 'Project Test Plan', 'archived': False, 'index': '7371315:Project Test Plan'}}"
2023-01-31 05:16:15 I Platf Get_alltests    "Get project name:Platform Audio id:20396 all testplans successful!!!"
2023-01-31 05:18:05 I Platf tidy_alltestcas "34"
2023-01-31 05:18:46 I Platf Print           "DROP TABLE IF EXISTS testcases:successful"
2023-01-31 05:18:46 I Platf Print           "CREATE TABLE IF NOT EXISTS testcases (                             testplan_id INT,                             testplan_name TEXT,                             testgroup_id INT,                             testgroup_name TEXT,                             testcycle_id INT,                             testcycle_name TEXT,                             rel TEXT,                             id INT,                             uniqueid TEXT,                             name TEXT,                             status TEXT,                             upstream TEXT,                             downstream TEXT,                             executionDate TEXT) ENGINE=InnoDB DEFAULT CHARSET=utf8:successful"
2023-01-31 05:18:46 I Platf update_database "Insert testcases table successful"
2023-01-31 05:18:46 I Platf Print           "CREATE TABLE IF NOT EXISTS tests (                             testplan_id INT,                             testplan_name TEXT,                             testplan_status TEXT,                             rel TEXT, status TEXT,                             count INT, date TEXT) ENGINE=InnoDB DEFAULT CHARSET=utf8:successful"
2023-01-31 05:18:46 I Platf Print           "DELETE FROM tests WHERE date='2023-01-31':successful"
2023-01-31 05:18:46 I Platf Print           "SELECT testplan_id FROM tests GROUP BY testplan_id:successful"
2023-01-31 05:18:46 I Platf Print           "SELECT testplan_name FROM tests WHERE testplan_id=4048261 LIMIT 1:successful"
2023-01-31 05:18:46 I Platf Print           "UPDATE tests SET testplan_status='Active' WHERE testplan_id=4048261:successful"
2023-01-31 05:18:46 I Platf Print           "SELECT testplan_name FROM tests WHERE testplan_id=7371315 LIMIT 1:successful"
2023-01-31 05:18:46 I Platf Print           "UPDATE tests SET testplan_status='Active' WHERE testplan_id=7371315:successful"
2023-01-31 05:18:46 I Platf Print           "INSERT INTO tests (testplan_id, testplan_name, testplan_status, rel, status, count, date) SELECT testplan_id, testplan_name, 'Active' as testplan_status, rel, status, count((@rn := @rn + 1)) as count, '2023-01-31' as date FROM testcases cross join (select @rn := 0) const GROUP BY testplan_id, rel, status:successful"
2023-01-31 05:18:46 I Platf update_database "Insert tests table successful"
2023-01-31 05:18:46 I Platf Print           "CREATE TABLE IF NOT EXISTS testapproval (                                 rel TEXT, team TEXT, status TEXT, upstream TEXT, count INT, date TEXT                                 ) ENGINE=InnoDB DEFAULT CHARSET=utf8:successful"
2023-01-31 05:18:46 I Platf Print           "DROP TABLE IF EXISTS alltestapproval:successful"
2023-01-31 05:18:46 I Platf Print           "CREATE TABLE IF NOT EXISTS alltestapproval (                                 id INT, uniqueid TEXT, name TEXT, status TEXT, rel TEXT, team TEXT, upstream TEXT                                 ) ENGINE=InnoDB DEFAULT CHARSET=utf8:successful"
2023-01-31 05:18:46 I Platf Print           "DELETE FROM testapproval WHERE date='2023-01-31':successful"
2023-01-31 05:18:46 I Platf Print           "INSERT INTO testapproval (rel, team, status, count, date, upstream) SELECT rel, team, status, count((@rn := @rn + 1)) as count, '2023-01-31' as date, upstream FROM alltestapproval cross join (select @rn := 0) const GROUP BY rel, team, status, upstream:successful"
2023-01-31 05:18:59 I Platf Get_allfeatuers "[]"
2023-01-31 05:18:59 I Platf Print           "CREATE TABLE IF NOT EXISTS features (                                rel TEXT, status TEXT, count INT, date TEXT) ENGINE=InnoDB DEFAULT CHARSET=utf8:successful"
2023-01-31 05:18:59 I Platf Print           "CREATE TABLE IF NOT EXISTS allfeatures (                                id INT, uniqueid TEXT, name TEXT, status TEXT, rel TEXT,test_status TEXT) ENGINE=InnoDB DEFAULT CHARSET=utf8:successful"
2023-01-31 05:18:59 I Platf Print           "DELETE FROM features WHERE date='2023-01-31':successful"
2023-01-31 05:18:59 I Platf Print           "DELETE FROM allfeatures WHERE id=19297583:successful"
2023-01-31 05:18:59 I Platf Print           "DELETE FROM allfeatures WHERE id=19296308:successful"
2023-01-31 05:18:59 I Platf Print           "DELETE FROM allfeatures WHERE id=19296302:successful"
2023-01-31 05:18:59 I Platf Print           "DELETE FROM allfeatures WHERE id=19296298:successful"
2023-01-31 05:18:59 I Platf Print           "DELETE FROM allfeatures WHERE id=19296162:successful"
2023-01-31 05:18:59 I Platf Print           "DELETE FROM allfeatures WHERE id=18903194:successful"
2023-01-31 05:18:59 I Platf Print           "DELETE FROM allfeatures WHERE id=18796457:successful"
2023-01-31 05:18:59 I Platf Print           "DELETE FROM allfeatures WHERE id=18796455:successful"
2023-01-31 05:18:59 I Platf Print           "DELETE FROM allfeatures WHERE id=18663833:successful"
2023-01-31 05:18:59 I Platf Print           "DELETE FROM allfeatures WHERE id=18651824:successful"
2023-01-31 05:18:59 I Platf Print           "DELETE FROM allfeatures WHERE id=18651805:successful"
2023-01-31 05:18:59 I Platf Print           "DELETE FROM allfeatures WHERE id=18453270:successful"
2023-01-31 05:18:59 I Platf Print           "DELETE FROM allfeatures WHERE id=18453268:successful"
2023-01-31 05:18:59 I Platf Print           "DELETE FROM allfeatures WHERE id=18453267:successful"
2023-01-31 05:18:59 I Platf Print           "DELETE FROM allfeatures WHERE id=18452234:successful"
2023-01-31 05:18:59 I Platf Print           "DELETE FROM allfeatures WHERE id=18452227:successful"
2023-01-31 05:18:59 I Platf Print           "DELETE FROM allfeatures WHERE id=18451958:successful"
2023-01-31 05:18:59 I Platf Print           "DELETE FROM allfeatures WHERE id=18451870:successful"
2023-01-31 05:18:59 I Platf Print           "DELETE FROM allfeatures WHERE id=18449929:successful"
2023-01-31 05:18:59 I Platf Print           "DELETE FROM allfeatures WHERE id=18449928:successful"
2023-01-31 05:18:59 I Platf Print           "DELETE FROM allfeatures WHERE id=18441742:successful"
2023-01-31 05:18:59 I Platf Print           "DELETE FROM allfeatures WHERE id=18280213:successful"
2023-01-31 05:18:59 I Platf Print           "DELETE FROM allfeatures WHERE id=17887413:successful"
2023-01-31 05:18:59 I Platf Print           "DELETE FROM allfeatures WHERE id=17860490:successful"
2023-01-31 05:18:59 I Platf Print           "DELETE FROM allfeatures WHERE id=17270642:successful"
2023-01-31 05:18:59 I Platf Print           "DELETE FROM allfeatures WHERE id=17199767:successful"
2023-01-31 05:18:59 I Platf Print           "DELETE FROM allfeatures WHERE id=16818154:successful"
2023-01-31 05:18:59 I Platf Print           "DELETE FROM allfeatures WHERE id=16797442:successful"
2023-01-31 05:18:59 I Platf Print           "DELETE FROM allfeatures WHERE id=16797198:successful"
2023-01-31 05:18:59 I Platf Print           "DELETE FROM allfeatures WHERE id=16716069:successful"
2023-01-31 05:18:59 I Platf Print           "DELETE FROM allfeatures WHERE id=16716065:successful"
2023-01-31 05:18:59 I Platf Print           "DELETE FROM allfeatures WHERE id=16668586:successful"
2023-01-31 05:18:59 I Platf Print           "DELETE FROM allfeatures WHERE id=15659508:successful"
2023-01-31 05:18:59 I Platf Print           "DELETE FROM allfeatures WHERE id=14776629:successful"
2023-01-31 05:18:59 I Platf Print           "DELETE FROM allfeatures WHERE id=13999176:successful"
2023-01-31 05:18:59 I Platf Print           "DELETE FROM allfeatures WHERE id=13927665:successful"
2023-01-31 05:18:59 I Platf Print           "DELETE FROM allfeatures WHERE id=13847532:successful"
2023-01-31 05:18:59 I Platf Print           "DELETE FROM allfeatures WHERE id=13772670:successful"
2023-01-31 05:18:59 I Platf Print           "DELETE FROM allfeatures WHERE id=13591098:successful"
2023-01-31 05:18:59 I Platf Print           "DELETE FROM allfeatures WHERE id=10319781:successful"
2023-01-31 05:18:59 I Platf Print           "DELETE FROM allfeatures WHERE id=9873450:successful"
2023-01-31 05:18:59 I Platf Print           "DELETE FROM allfeatures WHERE id=8880511:successful"
2023-01-31 05:18:59 I Platf Print           "DELETE FROM allfeatures WHERE id=8880508:successful"
2023-01-31 05:18:59 I Platf Print           "DELETE FROM allfeatures WHERE id=8880019:successful"
2023-01-31 05:18:59 I Platf Print           "DELETE FROM allfeatures WHERE id=8623168:successful"
2023-01-31 05:18:59 I Platf Print           "DELETE FROM allfeatures WHERE id=8590906:successful"
2023-01-31 05:18:59 I Platf Print           "DELETE FROM allfeatures WHERE id=7585397:successful"
2023-01-31 05:18:59 I Platf Print           "DELETE FROM allfeatures WHERE id=7585396:successful"
2023-01-31 05:18:59 I Platf Print           "DELETE FROM allfeatures WHERE id=7585395:successful"
2023-01-31 05:18:59 I Platf Print           "DELETE FROM allfeatures WHERE id=7528980:successful"
2023-01-31 05:18:59 I Platf Print           "DELETE FROM allfeatures WHERE id=7296886:successful"
2023-01-31 05:18:59 I Platf Print           "DELETE FROM allfeatures WHERE id=7166233:successful"
2023-01-31 05:18:59 I Platf Print           "DELETE FROM allfeatures WHERE id=7163196:successful"
2023-01-31 05:18:59 I Platf Print           "DELETE FROM allfeatures WHERE id=7163195:successful"
2023-01-31 05:18:59 I Platf Print           "DELETE FROM allfeatures WHERE id=7100343:successful"
2023-01-31 05:18:59 I Platf Print           "INSERT INTO features (rel, status, count, date)                                 SELECT rel, status, count((@rn := @rn + 1)) as count, '2023-01-31' as date FROM allfeatures cross join (select @rn := 0) const GROUP BY rel, status:successful"
2023-01-31 05:19:03 I Platf Get_allchangere "[]"
2023-01-31 05:19:03 I Platf Print           "CREATE TABLE IF NOT EXISTS changes (                                 rel TEXT, status TEXT, priority TEXT,                                 requester TEXT, date TEXT, count INT) ENGINE=InnoDB DEFAULT CHARSET=utf8:successful"
2023-01-31 05:19:03 I Platf Print           "CREATE TABLE IF NOT EXISTS allchanges (                                 id INT, uniqueid TEXT, name TEXT,                                 status TEXT, rel TEXT, priority TEXT,                                 requester TEXT) ENGINE=InnoDB DEFAULT CHARSET=utf8:successful"
2023-01-31 05:19:03 I Platf Print           "DELETE FROM changes WHERE date='2023-01-31':successful"
2023-01-31 05:19:03 I Platf Print           "INSERT INTO changes (                                 rel, status, priority, requester, date, count)                                 SELECT rel, status, priority, requester, '2023-01-31' as date, count((@rn := @rn + 1)) as count FROM allchanges                                 cross join (select @rn := 0) const GROUP BY rel, status, priority, requester:successful"
2023-01-31 05:19:08 I Platf Print           "CREATE TABLE IF NOT EXISTS designspec (                            rel TEXT, team TEXT, status TEXT, count INT, date text) ENGINE=InnoDB DEFAULT CHARSET=utf8:successful"
2023-01-31 05:19:08 I Platf Print           "CREATE TABLE IF NOT EXISTS alldesignspec (                             id INT, uniqueid TEXT, name TEXT, status TEXT, rel TEXT, team TEXT) ENGINE=InnoDB DEFAULT CHARSET=utf8:successful"
2023-01-31 05:19:08 I Platf Print           "DELETE FROM designspec WHERE date='2023-01-31':successful"
2023-01-31 05:19:08 I Platf Print           "DELETE FROM alldesignspec WHERE id=8674542:successful"
2023-01-31 05:19:08 I Platf Print           "DELETE FROM alldesignspec WHERE id=9471646:successful"
2023-01-31 05:19:08 I Platf Print           "INSERT INTO designspec (rel, team, status, count, date) SELECT rel, team, status, count((@rn := @rn + 1)) as count, '2023-01-31' as date FROM alldesignspec cross join (select @rn := 0) const GROUP BY rel, team, status:successful"
2023-01-31 05:19:19 I Platf Get_alluserstor "[]"
2023-01-31 05:19:19 I Platf Print           "CREATE TABLE IF NOT EXISTS userstories (                 rel TEXT, status TEXT, count INT, date TEXT) ENGINE=InnoDB DEFAULT CHARSET=utf8:successful"
2023-01-31 05:19:19 I Platf Print           "CREATE TABLE IF NOT EXISTS alluserstories (                 id INT, uniqueid TEXT, name TEXT, status TEXT, rel TEXT) ENGINE=InnoDB DEFAULT CHARSET=utf8:successful"
2023-01-31 05:19:19 I Platf Print           "DELETE FROM userstories WHERE date='2023-01-31':successful"
2023-01-31 05:19:19 I Platf Print           "INSERT INTO userstories (rel, status, count, date) SELECT rel, status, count((@rn := @rn + 1)) as count, '2023-01-31' as date FROM alluserstories cross join (select @rn := 0) const GROUP BY rel, status:successful"
2023-01-31 05:19:29 I Platf Get_alldefects  "[]"
2023-01-31 05:19:29 I Platf Print           "CREATE TABLE IF NOT EXISTS defects (                     rel TEXT, team TEXT, status TEXT, priority TEXT, count INT, date TEXT) ENGINE=InnoDB DEFAULT CHARSET=utf8:successful"
2023-01-31 05:19:29 I Platf Print           "CREATE TABLE IF NOT EXISTS alldefects (                     id INT, uniqueid TEXT, name TEXT, status TEXT, rel TEXT, team TEXT, priority TEXT, jira TEXT, upstream TEXT) ENGINE=InnoDB DEFAULT CHARSET=utf8:successful"
2023-01-31 05:19:29 I Platf Print           "DELETE FROM defects WHERE date='2023-01-31':successful"
2023-01-31 05:19:29 I Platf Print           "INSERT INTO defects (rel, team, status, count, date, priority) SELECT rel, team, status, count((@rn := @rn + 1)) as count, '2023-01-31' as date, priority FROM alldefects cross join (select @rn := 0) const GROUP BY rel, team, status, priority:successful"
2023-01-31 05:28:07 I Platf get_multipickli "Unassigned don't find the mainteam name from G_parameter"
2023-01-31 05:28:28 I Platf get_multipickli "Unassigned don't find the mainteam name from G_parameter"
2023-01-31 05:32:32 I Platf get_multipickli "Unassigned don't find the mainteam name from G_parameter"
2023-01-31 05:38:35 I Platf get_multipickli "Unassigned don't find the mainteam name from G_parameter"
2023-01-31 05:38:56 I Platf get_multipickli "Unassigned don't find the mainteam name from G_parameter"
2023-01-31 05:39:15 I Platf get_multipickli "Unassigned don't find the mainteam name from G_parameter"
2023-01-31 05:39:26 I Platf get_multipickli "Unassigned don't find the mainteam name from G_parameter"
2023-01-31 05:39:35 I Platf get_multipickli "Unassigned don't find the mainteam name from G_parameter"
2023-01-31 05:39:42 I Platf get_multipickli "Unassigned don't find the mainteam name from G_parameter"
2023-01-31 05:39:50 I Platf get_multipickli "Unassigned don't find the mainteam name from G_parameter"
2023-01-31 05:39:55 I Platf get_multipickli "Unassigned don't find the mainteam name from G_parameter"
2023-01-31 05:56:40 I Platf get_multipickli "Unassigned don't find the mainteam name from G_parameter"
2023-01-31 05:56:45 I Platf get_multipickli "Unassigned don't find the mainteam name from G_parameter"
2023-01-31 05:56:50 I Platf get_multipickli "Unassigned don't find the mainteam name from G_parameter"
2023-01-31 05:56:55 I Platf get_multipickli "Unassigned don't find the mainteam name from G_parameter"
2023-01-31 05:57:00 I Platf get_multipickli "Unassigned don't find the mainteam name from G_parameter"
2023-01-31 05:57:06 I Platf get_multipickli "Unassigned don't find the mainteam name from G_parameter"
2023-01-31 05:57:11 I Platf get_multipickli "Unassigned don't find the mainteam name from G_parameter"
2023-01-31 05:57:56 I Platf get_multipickli "Unassigned don't find the mainteam name from G_parameter"
2023-01-31 05:58:01 I Platf get_multipickli "Unassigned don't find the mainteam name from G_parameter"
2023-01-31 05:58:06 I Platf get_multipickli "Unassigned don't find the mainteam name from G_parameter"
2023-01-31 05:59:49 I Platf get_multipickli "Unassigned don't find the mainteam name from G_parameter"
2023-01-31 06:02:39 I Platf get_multipickli "Unassigned don't find the mainteam name from G_parameter"
2023-01-31 06:03:20 I Platf get_multipickli "Unassigned don't find the mainteam name from G_parameter"
2023-01-31 06:04:03 I Platf get_multipickli "Unassigned don't find the mainteam name from G_parameter"
2023-01-31 06:04:35 I Platf get_multipickli "Unassigned don't find the mainteam name from G_parameter"
2023-01-31 06:05:12 I Platf get_multipickli "Unassigned don't find the mainteam name from G_parameter"
2023-01-31 06:05:46 I Platf get_multipickli "Unassigned don't find the mainteam name from G_parameter"
2023-01-31 06:10:22 I Platf get_multipickli "Unassigned don't find the mainteam name from G_parameter"
2023-01-31 06:11:34 I Platf get_multipickli "Unassigned don't find the mainteam name from G_parameter"
2023-01-31 06:11:46 I Platf get_multipickli "Unassigned don't find the mainteam name from G_parameter"
2023-01-31 06:12:52 I Platf get_multipickli "Unassigned don't find the mainteam name from G_parameter"
2023-01-31 06:13:07 I Platf get_multipickli "Unassigned don't find the mainteam name from G_parameter"
2023-01-31 06:13:42 I Platf get_multipickli "Unassigned don't find the mainteam name from G_parameter"
2023-01-31 06:13:56 I Platf get_multipickli "Unassigned don't find the mainteam name from G_parameter"
2023-01-31 06:14:03 I Platf get_multipickli "Unassigned don't find the mainteam name from G_parameter"
2023-01-31 06:14:10 I Platf get_multipickli "Unassigned don't find the mainteam name from G_parameter"
2023-01-31 06:14:17 I Platf get_multipickli "Unassigned don't find the mainteam name from G_parameter"
2023-01-31 06:14:22 I Platf get_multipickli "Unassigned don't find the mainteam name from G_parameter"
2023-01-31 06:14:29 I Platf get_multipickli "Unassigned don't find the mainteam name from G_parameter"
2023-01-31 06:14:33 I Platf get_multipickli "Unassigned don't find the mainteam name from G_parameter"
2023-01-31 06:15:04 I Platf get_multipickli "Unassigned don't find the mainteam name from G_parameter"
2023-01-31 06:15:26 I Platf get_multipickli "Unassigned don't find the mainteam name from G_parameter"
2023-01-31 06:16:26 I Platf get_multipickli "Unassigned don't find the mainteam name from G_parameter"
2023-01-31 06:18:19 I Platf get_multipickli "Unassigned don't find the mainteam name from G_parameter"
2023-01-31 06:18:39 I Platf get_multipickli "Unassigned don't find the mainteam name from G_parameter"
2023-01-31 06:18:51 I Platf get_multipickli "Unassigned don't find the mainteam name from G_parameter"
2023-01-31 06:19:01 I Platf get_multipickli "Unassigned don't find the mainteam name from G_parameter"
2023-01-31 06:19:08 I Platf get_multipickli "Unassigned don't find the mainteam name from G_parameter"
2023-01-31 06:19:13 I Platf get_multipickli "Unassigned don't find the mainteam name from G_parameter"
2023-01-31 06:19:19 I Platf get_multipickli "Unassigned don't find the mainteam name from G_parameter"
2023-01-31 06:19:25 I Platf get_multipickli "Unassigned don't find the mainteam name from G_parameter"
2023-01-31 06:19:34 I Platf get_multipickli "Unassigned don't find the mainteam name from G_parameter"
2023-01-31 06:19:46 I Platf get_multipickli "Unassigned don't find the mainteam name from G_parameter"
2023-01-31 06:19:56 I Platf get_multipickli "Unassigned don't find the mainteam name from G_parameter"
2023-01-31 06:20:05 I Platf get_multipickli "Unassigned don't find the mainteam name from G_parameter"
2023-01-31 06:20:11 I Platf get_multipickli "Unassigned don't find the mainteam name from G_parameter"
2023-01-31 06:20:16 I Platf get_multipickli "Unassigned don't find the mainteam name from G_parameter"
2023-01-31 06:20:22 I Platf get_multipickli "Unassigned don't find the mainteam name from G_parameter"
2023-01-31 06:20:29 I Platf get_multipickli "Unassigned don't find the mainteam name from G_parameter"
2023-01-31 06:20:39 I Platf get_multipickli "Unassigned don't find the mainteam name from G_parameter"
2023-01-31 06:20:49 I Platf get_multipickli "Unassigned don't find the mainteam name from G_parameter"
2023-01-31 06:20:59 I Platf get_multipickli "Unassigned don't find the mainteam name from G_parameter"
2023-01-31 06:21:09 I Platf get_multipickli "Unassigned don't find the mainteam name from G_parameter"
2023-01-31 06:21:15 I Platf get_multipickli "Unassigned don't find the mainteam name from G_parameter"
2023-01-31 06:21:21 I Platf get_multipickli "Unassigned don't find the mainteam name from G_parameter"
2023-01-31 06:21:29 I Platf get_multipickli "Unassigned don't find the mainteam name from G_parameter"
2023-01-31 06:21:38 I Platf get_multipickli "Unassigned don't find the mainteam name from G_parameter"
2023-01-31 06:21:47 I Platf get_multipickli "Unassigned don't find the mainteam name from G_parameter"
2023-01-31 06:21:56 I Platf get_multipickli "Unassigned don't find the mainteam name from G_parameter"
2023-01-31 06:22:06 I Platf get_multipickli "Unassigned don't find the mainteam name from G_parameter"
2023-01-31 06:22:15 I Platf get_multipickli "Unassigned don't find the mainteam name from G_parameter"
2023-01-31 06:22:21 I Platf get_multipickli "Unassigned don't find the mainteam name from G_parameter"
2023-01-31 06:22:26 I Platf get_multipickli "Unassigned don't find the mainteam name from G_parameter"
2023-01-31 06:22:33 I Platf get_multipickli "Unassigned don't find the mainteam name from G_parameter"
2023-01-31 06:22:38 I Platf get_multipickli "Unassigned don't find the mainteam name from G_parameter"
2023-01-31 06:22:43 I Platf get_multipickli "Unassigned don't find the mainteam name from G_parameter"
2023-01-31 06:22:50 I Platf get_multipickli "Unassigned don't find the mainteam name from G_parameter"
2023-01-31 06:22:56 I Platf get_multipickli "Unassigned don't find the mainteam name from G_parameter"
2023-01-31 06:23:02 I Platf get_multipickli "Unassigned don't find the mainteam name from G_parameter"
2023-01-31 06:23:07 I Platf get_multipickli "Unassigned don't find the mainteam name from G_parameter"
2023-01-31 06:23:13 I Platf get_multipickli "Unassigned don't find the mainteam name from G_parameter"
2023-01-31 06:23:20 I Platf get_multipickli "Unassigned don't find the mainteam name from G_parameter"
2023-01-31 06:23:26 I Platf get_multipickli "Unassigned don't find the mainteam name from G_parameter"
2023-01-31 06:23:34 I Platf get_multipickli "Unassigned don't find the mainteam name from G_parameter"
2023-01-31 06:24:01 I Platf get_multipickli "Unassigned don't find the mainteam name from G_parameter"
2023-01-31 06:25:38 I Platf get_multipickli "Unassigned don't find the mainteam name from G_parameter"
2023-01-31 06:25:46 I Platf get_multipickli "Unassigned don't find the mainteam name from G_parameter"
2023-01-31 06:25:52 I Platf get_multipickli "Unassigned don't find the mainteam name from G_parameter"
2023-01-31 06:26:02 I Platf get_multipickli "Unassigned don't find the mainteam name from G_parameter"
2023-01-31 06:26:10 I Platf get_multipickli "Unassigned don't find the mainteam name from G_parameter"
2023-01-31 06:26:18 I Platf get_multipickli "Unassigned don't find the mainteam name from G_parameter"
2023-01-31 06:26:26 I Platf get_multipickli "Unassigned don't find the mainteam name from G_parameter"
2023-01-31 06:27:03 I Platf get_multipickli "Unassigned don't find the mainteam name from G_parameter"
2023-01-31 06:27:07 I Platf get_multipickli "Unassigned don't find the mainteam name from G_parameter"
2023-01-31 06:27:12 I Platf get_multipickli "Unassigned don't find the mainteam name from G_parameter"
2023-01-31 06:27:17 I Platf get_multipickli "Unassigned don't find the mainteam name from G_parameter"
2023-01-31 06:27:22 I Platf get_multipickli "Unassigned don't find the mainteam name from G_parameter"
2023-01-31 06:27:26 I Platf get_multipickli "Unassigned don't find the mainteam name from G_parameter"
2023-01-31 06:28:44 I Platf get_multipickli "Unassigned don't find the mainteam name from G_parameter"
2023-01-31 06:28:49 I Platf get_multipickli "Unassigned don't find the mainteam name from G_parameter"
2023-01-31 06:28:55 I Platf get_multipickli "Unassigned don't find the mainteam name from G_parameter"
2023-01-31 06:29:01 I Platf get_multipickli "Unassigned don't find the mainteam name from G_parameter"
2023-01-31 06:29:07 I Platf get_multipickli "Unassigned don't find the mainteam name from G_parameter"
2023-01-31 06:29:13 I Platf get_multipickli "Unassigned don't find the mainteam name from G_parameter"
2023-01-31 06:29:19 I Platf get_multipickli "Unassigned don't find the mainteam name from G_parameter"
2023-01-31 06:30:39 I Platf Print           "DROP TABLE IF EXISTS allrequirements:successful"
2023-01-31 06:30:39 I Platf Print           "DROP TABLE IF EXISTS allcoverage:successful"
2023-01-31 06:30:39 I Platf Print           "CREATE TABLE IF NOT EXISTS requirements (                        rel TEXT, status TEXT, count INT, date TEXT) ENGINE=InnoDB DEFAULT CHARSET=utf8:successful"
2023-01-31 06:30:39 I Platf Print           "CREATE TABLE IF NOT EXISTS allrequirements (                        id INT, uniqueid TEXT, name TEXT, status TEXT, rel TEXT, upstream TEXT, downstream TEXT, team TEXT, test_status TEXT) ENGINE=InnoDB DEFAULT CHARSET=utf8:successful"
2023-01-31 06:30:39 I Platf Print           "CREATE TABLE IF NOT EXISTS coverage (                        team text, covered int, expected int, date text) ENGINE=InnoDB DEFAULT CHARSET=utf8:successful"
2023-01-31 06:30:39 I Platf Print           "CREATE TABLE IF NOT EXISTS allcoverage (                        id INT, uniqueid TEXT, name TEXT, status TEXT, rel TEXT, verify TEXT, missing TEXT) ENGINE=InnoDB DEFAULT CHARSET=utf8:successful"
2023-01-31 06:30:39 I Platf Print           "DELETE FROM requirements WHERE date='2023-01-31':successful"
2023-01-31 06:30:39 I Platf Print           "DELETE FROM coverage WHERE date='2023-01-31':successful"
2023-01-31 06:30:39 I Platf Print           "INSERT INTO requirements (rel, status, count, date) SELECT rel, status, count((@rn := @rn + 1)) as count, '2023-01-31' as date FROM allrequirements cross join (select @rn := 0) const GROUP BY rel, status:successful"
2023-01-31 06:30:39 I Platf Print           "CREATE TABLE IF NOT EXISTS feattest (rel TEXT, status TEXT, count TEXT, date TEXT) ENGINE=InnoDB DEFAULT CHARSET=utf8:successful"
2023-01-31 06:30:39 I Platf Print           "CREATE TABLE IF NOT EXISTS reqtest (rel TEXT, status TEXT, count TEXT, date TEXT) ENGINE=InnoDB DEFAULT CHARSET=utf8:successful"
2023-01-31 06:30:39 I Platf Print           "SELECT id FROM allfeatures:successful"
2023-01-31 06:30:39 I Platf Print           "SELECT id,upstream,downstream,team FROM allrequirements:successful"
2023-01-31 06:30:39 I Platf Print           "SELECT id FROM allcoverage:successful"
2023-01-31 06:30:39 I Platf Print           "SELECT * FROM testcases:successful"
