2023-01-31 09:38:40 I Polar Print           "Connet 20620 successfully!!!"
2023-01-31 09:38:40 I Polar Get_alltests    "Get project name:Polaris id:20620 all testplans"
2023-01-31 09:38:42 I Polar Get_alltests    "{}"
2023-01-31 09:38:42 I Polar Get_alltests    "Get project name:Polaris id:20620 all testplans successful!!!"
2023-01-31 09:38:42 I Polar tidy_alltestcas "0"
2023-01-31 09:38:42 I Polar Print           "DROP TABLE IF EXISTS testcases:successful"
2023-01-31 09:38:42 I Polar Print           "CREATE TABLE IF NOT EXISTS testcases (                             testplan_id INT,                             testplan_name TEXT,                             testgroup_id INT,                             testgroup_name TEXT,                             testcycle_id INT,                             testcycle_name TEXT,                             rel TEXT,                             id INT,                             uniqueid TEXT,                             name TEXT,                             status TEXT,                             upstream TEXT,                             downstream TEXT,                             executionDate TEXT) ENGINE=InnoDB DEFAULT CHARSET=utf8:successful"
2023-01-31 09:38:42 I Polar update_database "Insert testcases table successful"
2023-01-31 09:38:42 I Polar Print           "CREATE TABLE IF NOT EXISTS tests (                             testplan_id INT,                             testplan_name TEXT,                             testplan_status TEXT,                             rel TEXT, status TEXT,                             count INT, date TEXT) ENGINE=InnoDB DEFAULT CHARSET=utf8:successful"
2023-01-31 09:38:42 I Polar Print           "DELETE FROM tests WHERE date='2023-01-31':successful"
2023-01-31 09:38:42 I Polar Print           "SELECT testplan_id FROM tests GROUP BY testplan_id:successful"
2023-01-31 09:38:42 I Polar Print           "INSERT INTO tests (testplan_id, testplan_name, testplan_status, rel, status, count, date) SELECT testplan_id, testplan_name, 'Active' as testplan_status, rel, status, count((@rn := @rn + 1)) as count, '2023-01-31' as date FROM testcases cross join (select @rn := 0) const GROUP BY testplan_id, rel, status:successful"
2023-01-31 09:38:42 I Polar update_database "Insert tests table successful"
2023-01-31 09:38:42 I Polar Print           "CREATE TABLE IF NOT EXISTS testapproval (                                 rel TEXT, team TEXT, status TEXT, upstream TEXT, count INT, date TEXT                                 ) ENGINE=InnoDB DEFAULT CHARSET=utf8:successful"
2023-01-31 09:38:42 I Polar Print           "DROP TABLE IF EXISTS alltestapproval:successful"
2023-01-31 09:38:42 I Polar Print           "CREATE TABLE IF NOT EXISTS alltestapproval (                                 id INT, uniqueid TEXT, name TEXT, status TEXT, rel TEXT, team TEXT, upstream TEXT                                 ) ENGINE=InnoDB DEFAULT CHARSET=utf8:successful"
2023-01-31 09:38:42 I Polar Print           "DELETE FROM testapproval WHERE date='2023-01-31':successful"
2023-01-31 09:38:42 I Polar Print           "INSERT INTO testapproval (rel, team, status, count, date, upstream) SELECT rel, team, status, count((@rn := @rn + 1)) as count, '2023-01-31' as date, upstream FROM alltestapproval cross join (select @rn := 0) const GROUP BY rel, team, status, upstream:successful"
2023-01-31 09:38:46 I Polar Get_allfeatuers "[]"
2023-01-31 09:38:46 I Polar Print           "CREATE TABLE IF NOT EXISTS features (                                rel TEXT, status TEXT, count INT, date TEXT) ENGINE=InnoDB DEFAULT CHARSET=utf8:successful"
2023-01-31 09:38:46 I Polar Print           "CREATE TABLE IF NOT EXISTS allfeatures (                                id INT, uniqueid TEXT, name TEXT, status TEXT, rel TEXT,test_status TEXT) ENGINE=InnoDB DEFAULT CHARSET=utf8:successful"
2023-01-31 09:38:46 I Polar Print           "DELETE FROM features WHERE date='2023-01-31':successful"
2023-01-31 09:38:46 I Polar Print           "DELETE FROM allfeatures WHERE id=20976567:successful"
2023-01-31 09:38:46 I Polar Print           "DELETE FROM allfeatures WHERE id=20623227:successful"
2023-01-31 09:38:46 I Polar Print           "DELETE FROM allfeatures WHERE id=20497723:successful"
2023-01-31 09:38:46 I Polar Print           "DELETE FROM allfeatures WHERE id=20497687:successful"
2023-01-31 09:38:46 I Polar Print           "DELETE FROM allfeatures WHERE id=20495173:successful"
2023-01-31 09:38:46 I Polar Print           "DELETE FROM allfeatures WHERE id=20490902:successful"
2023-01-31 09:38:46 I Polar Print           "DELETE FROM allfeatures WHERE id=20490894:successful"
2023-01-31 09:38:46 I Polar Print           "DELETE FROM allfeatures WHERE id=20490889:successful"
2023-01-31 09:38:46 I Polar Print           "DELETE FROM allfeatures WHERE id=20485504:successful"
2023-01-31 09:38:46 I Polar Print           "DELETE FROM allfeatures WHERE id=20455724:successful"
2023-01-31 09:38:46 I Polar Print           "DELETE FROM allfeatures WHERE id=20455679:successful"
2023-01-31 09:38:46 I Polar Print           "DELETE FROM allfeatures WHERE id=20389169:successful"
2023-01-31 09:38:46 I Polar Print           "DELETE FROM allfeatures WHERE id=20227819:successful"
2023-01-31 09:38:46 I Polar Print           "DELETE FROM allfeatures WHERE id=20199518:successful"
2023-01-31 09:38:46 I Polar Print           "DELETE FROM allfeatures WHERE id=19616757:successful"
2023-01-31 09:38:46 I Polar Print           "INSERT INTO features (rel, status, count, date)                                 SELECT rel, status, count((@rn := @rn + 1)) as count, '2023-01-31' as date FROM allfeatures cross join (select @rn := 0) const GROUP BY rel, status:successful"
2023-01-31 09:38:48 I Polar Get_allchangere "[]"
2023-01-31 09:38:48 I Polar Print           "CREATE TABLE IF NOT EXISTS changes (                                 rel TEXT, status TEXT, priority TEXT,                                 requester TEXT, date TEXT, count INT) ENGINE=InnoDB DEFAULT CHARSET=utf8:successful"
2023-01-31 09:38:48 I Polar Print           "CREATE TABLE IF NOT EXISTS allchanges (                                 id INT, uniqueid TEXT, name TEXT,                                 status TEXT, rel TEXT, priority TEXT,                                 requester TEXT) ENGINE=InnoDB DEFAULT CHARSET=utf8:successful"
2023-01-31 09:38:48 I Polar Print           "DELETE FROM changes WHERE date='2023-01-31':successful"
2023-01-31 09:38:48 I Polar Print           "INSERT INTO changes (                                 rel, status, priority, requester, date, count)                                 SELECT rel, status, priority, requester, '2023-01-31' as date, count((@rn := @rn + 1)) as count FROM allchanges                                 cross join (select @rn := 0) const GROUP BY rel, status, priority, requester:successful"
2023-01-31 09:38:50 I Polar Print           "CREATE TABLE IF NOT EXISTS designspec (                            rel TEXT, team TEXT, status TEXT, count INT, date text) ENGINE=InnoDB DEFAULT CHARSET=utf8:successful"
2023-01-31 09:38:50 I Polar Print           "CREATE TABLE IF NOT EXISTS alldesignspec (                             id INT, uniqueid TEXT, name TEXT, status TEXT, rel TEXT, team TEXT) ENGINE=InnoDB DEFAULT CHARSET=utf8:successful"
2023-01-31 09:38:50 I Polar Print           "DELETE FROM designspec WHERE date='2023-01-31':successful"
2023-01-31 09:38:50 I Polar Print           "INSERT INTO designspec (rel, team, status, count, date) SELECT rel, team, status, count((@rn := @rn + 1)) as count, '2023-01-31' as date FROM alldesignspec cross join (select @rn := 0) const GROUP BY rel, team, status:successful"
2023-01-31 09:38:54 I Polar Get_alluserstor "[]"
2023-01-31 09:38:54 I Polar Print           "CREATE TABLE IF NOT EXISTS userstories (                 rel TEXT, status TEXT, count INT, date TEXT) ENGINE=InnoDB DEFAULT CHARSET=utf8:successful"
2023-01-31 09:38:54 I Polar Print           "CREATE TABLE IF NOT EXISTS alluserstories (                 id INT, uniqueid TEXT, name TEXT, status TEXT, rel TEXT) ENGINE=InnoDB DEFAULT CHARSET=utf8:successful"
2023-01-31 09:38:54 I Polar Print           "DELETE FROM userstories WHERE date='2023-01-31':successful"
2023-01-31 09:38:54 I Polar Print           "INSERT INTO userstories (rel, status, count, date) SELECT rel, status, count((@rn := @rn + 1)) as count, '2023-01-31' as date FROM alluserstories cross join (select @rn := 0) const GROUP BY rel, status:successful"
2023-01-31 09:38:59 I Polar Get_alldefects  "[]"
2023-01-31 09:38:59 I Polar Print           "CREATE TABLE IF NOT EXISTS defects (                     rel TEXT, team TEXT, status TEXT, priority TEXT, count INT, date TEXT) ENGINE=InnoDB DEFAULT CHARSET=utf8:successful"
2023-01-31 09:38:59 I Polar Print           "CREATE TABLE IF NOT EXISTS alldefects (                     id INT, uniqueid TEXT, name TEXT, status TEXT, rel TEXT, team TEXT, priority TEXT, jira TEXT, upstream TEXT) ENGINE=InnoDB DEFAULT CHARSET=utf8:successful"
2023-01-31 09:38:59 I Polar Print           "DELETE FROM defects WHERE date='2023-01-31':successful"
2023-01-31 09:38:59 I Polar Print           "INSERT INTO defects (rel, team, status, count, date, priority) SELECT rel, team, status, count((@rn := @rn + 1)) as count, '2023-01-31' as date, priority FROM alldefects cross join (select @rn := 0) const GROUP BY rel, team, status, priority:successful"
2023-01-31 09:40:39 I Polar get_multipickli "Unassigned don't find the mainteam name from G_parameter"
2023-01-31 09:40:45 I Polar get_multipickli "Unassigned don't find the mainteam name from G_parameter"
2023-01-31 09:40:50 I Polar get_multipickli "Unassigned don't find the mainteam name from G_parameter"
2023-01-31 09:42:02 I Polar get_multipickli "Unassigned don't find the mainteam name from G_parameter"
2023-01-31 09:43:20 I Polar get_multipickli "Unassigned don't find the mainteam name from G_parameter"
2023-01-31 09:43:30 I Polar get_multipickli "Unassigned don't find the mainteam name from G_parameter"
2023-01-31 09:43:35 I Polar get_multipickli "Unassigned don't find the mainteam name from G_parameter"
2023-01-31 09:44:23 I Polar get_multipickli "Unassigned don't find the mainteam name from G_parameter"
2023-01-31 09:44:36 I Polar get_multipickli "Unassigned don't find the mainteam name from G_parameter"
2023-01-31 09:44:55 I Polar get_multipickli "Unassigned don't find the mainteam name from G_parameter"
2023-01-31 09:45:04 I Polar get_multipickli "Unassigned don't find the mainteam name from G_parameter"
2023-01-31 09:45:08 I Polar get_multipickli "Unassigned don't find the mainteam name from G_parameter"
2023-01-31 09:45:12 I Polar get_multipickli "Unassigned don't find the mainteam name from G_parameter"
2023-01-31 09:45:17 I Polar get_multipickli "Unassigned don't find the mainteam name from G_parameter"
2023-01-31 09:45:22 I Polar get_multipickli "Unassigned don't find the mainteam name from G_parameter"
2023-01-31 09:45:34 I Polar get_multipickli "Unassigned don't find the mainteam name from G_parameter"
2023-01-31 09:46:30 I Polar get_multipickli "Unassigned don't find the mainteam name from G_parameter"
2023-01-31 09:48:47 I Polar get_multipickli "Unassigned don't find the mainteam name from G_parameter"
2023-01-31 09:48:56 I Polar get_multipickli "Unassigned don't find the mainteam name from G_parameter"
2023-01-31 09:49:07 I Polar get_multipickli "Unassigned don't find the mainteam name from G_parameter"
2023-01-31 09:49:16 I Polar get_multipickli "Unassigned don't find the mainteam name from G_parameter"
2023-01-31 09:49:24 I Polar get_multipickli "Unassigned don't find the mainteam name from G_parameter"
2023-01-31 09:49:32 I Polar get_multipickli "Unassigned don't find the mainteam name from G_parameter"
2023-01-31 09:49:36 I Polar get_multipickli "Unassigned don't find the mainteam name from G_parameter"
2023-01-31 09:49:41 I Polar get_multipickli "Unassigned don't find the mainteam name from G_parameter"
2023-01-31 09:49:45 I Polar get_multipickli "Unassigned don't find the mainteam name from G_parameter"
2023-01-31 09:49:51 I Polar get_multipickli "Unassigned don't find the mainteam name from G_parameter"
2023-01-31 09:49:56 I Polar get_multipickli "Unassigned don't find the mainteam name from G_parameter"
2023-01-31 09:50:00 I Polar get_multipickli "Unassigned don't find the mainteam name from G_parameter"
2023-01-31 09:50:07 I Polar get_multipickli "Unassigned don't find the mainteam name from G_parameter"
2023-01-31 09:50:13 I Polar get_multipickli "Unassigned don't find the mainteam name from G_parameter"
2023-01-31 09:50:17 I Polar get_multipickli "Unassigned don't find the mainteam name from G_parameter"
2023-01-31 09:50:22 I Polar get_multipickli "Unassigned don't find the mainteam name from G_parameter"
2023-01-31 09:50:28 I Polar get_multipickli "Unassigned don't find the mainteam name from G_parameter"
2023-01-31 09:50:32 I Polar get_multipickli "Unassigned don't find the mainteam name from G_parameter"
2023-01-31 09:50:37 I Polar get_multipickli "Unassigned don't find the mainteam name from G_parameter"
2023-01-31 09:50:41 I Polar get_multipickli "Unassigned don't find the mainteam name from G_parameter"
2023-01-31 09:50:46 I Polar get_multipickli "Unassigned don't find the mainteam name from G_parameter"
2023-01-31 09:50:50 I Polar get_multipickli "Unassigned don't find the mainteam name from G_parameter"
2023-01-31 09:50:55 I Polar get_multipickli "Unassigned don't find the mainteam name from G_parameter"
2023-01-31 09:50:59 I Polar get_multipickli "Unassigned don't find the mainteam name from G_parameter"
2023-01-31 09:51:03 I Polar get_multipickli "Unassigned don't find the mainteam name from G_parameter"
2023-01-31 09:51:07 I Polar get_multipickli "Unassigned don't find the mainteam name from G_parameter"
2023-01-31 09:51:11 I Polar get_multipickli "Unassigned don't find the mainteam name from G_parameter"
2023-01-31 09:51:15 I Polar get_multipickli "Unassigned don't find the mainteam name from G_parameter"
2023-01-31 09:51:18 I Polar get_multipickli "Unassigned don't find the mainteam name from G_parameter"
2023-01-31 09:51:23 I Polar get_multipickli "Unassigned don't find the mainteam name from G_parameter"
2023-01-31 09:51:27 I Polar get_multipickli "Unassigned don't find the mainteam name from G_parameter"
2023-01-31 09:51:30 I Polar get_multipickli "Unassigned don't find the mainteam name from G_parameter"
2023-01-31 09:51:35 I Polar get_multipickli "Unassigned don't find the mainteam name from G_parameter"
2023-01-31 09:51:40 I Polar get_multipickli "Unassigned don't find the mainteam name from G_parameter"
2023-01-31 09:51:59 I Polar get_multipickli "Unassigned don't find the mainteam name from G_parameter"
2023-01-31 09:52:04 I Polar get_multipickli "Unassigned don't find the mainteam name from G_parameter"
2023-01-31 09:52:07 I Polar get_multipickli "Unassigned don't find the mainteam name from G_parameter"
2023-01-31 09:52:11 I Polar get_multipickli "Unassigned don't find the mainteam name from G_parameter"
2023-01-31 09:52:15 I Polar get_multipickli "Unassigned don't find the mainteam name from G_parameter"
2023-01-31 09:52:17 I Polar get_multipickli "Unassigned don't find the mainteam name from G_parameter"
2023-01-31 09:52:20 I Polar get_multipickli "Unassigned don't find the mainteam name from G_parameter"
2023-01-31 09:53:04 I Polar get_multipickli "Unassigned don't find the mainteam name from G_parameter"
2023-01-31 09:53:20 I Polar get_multipickli "Unassigned don't find the mainteam name from G_parameter"
2023-01-31 09:53:31 I Polar get_multipickli "Unassigned don't find the mainteam name from G_parameter"
2023-01-31 09:53:33 I Polar get_multipickli "Unassigned don't find the mainteam name from G_parameter"
2023-01-31 09:53:36 I Polar get_multipickli "Unassigned don't find the mainteam name from G_parameter"
2023-01-31 09:53:39 I Polar get_multipickli "Unassigned don't find the mainteam name from G_parameter"
2023-01-31 10:01:12 I Polar get_multipickli "ESW Platform Test don't find the mainteam name from G_parameter"
2023-01-31 10:01:14 I Polar get_multipickli "ESW Platform Test don't find the mainteam name from G_parameter"
2023-01-31 10:01:17 I Polar get_multipickli "ESW Platform Test don't find the mainteam name from G_parameter"
2023-01-31 10:01:36 I Polar get_multipickli "ESW Platform Test don't find the mainteam name from G_parameter"
2023-01-31 10:01:39 I Polar get_multipickli "ESW Platform Test don't find the mainteam name from G_parameter"
2023-01-31 10:01:42 I Polar get_multipickli "ESW Platform Test don't find the mainteam name from G_parameter"
2023-01-31 10:02:00 I Polar get_multipickli "Digital Experience – Android don't find the mainteam name from G_parameter"
2023-01-31 10:02:01 I Polar get_multipickli "Digital Experience – IOS don't find the mainteam name from G_parameter"
2023-01-31 10:02:03 I Polar get_multipickli "Digital Experience – SDK don't find the mainteam name from G_parameter"
2023-01-31 10:02:13 I Polar get_multipickli "Digital Experience – Android don't find the mainteam name from G_parameter"
2023-01-31 10:02:15 I Polar get_multipickli "Digital Experience – IOS don't find the mainteam name from G_parameter"
2023-01-31 10:02:18 I Polar get_multipickli "Unassigned don't find the mainteam name from G_parameter"
2023-01-31 10:02:21 I Polar get_multipickli "Digital Experience – Android don't find the mainteam name from G_parameter"
2023-01-31 10:02:21 I Polar get_multipickli "Digital Experience – IOS don't find the mainteam name from G_parameter"
2023-01-31 10:02:29 I Polar get_multipickli "Digital Experience – Android don't find the mainteam name from G_parameter"
2023-01-31 10:02:29 I Polar get_multipickli "Digital Experience – IOS don't find the mainteam name from G_parameter"
2023-01-31 10:02:33 I Polar get_multipickli "Digital Experience – Android don't find the mainteam name from G_parameter"
2023-01-31 10:02:33 I Polar get_multipickli "Digital Experience – IOS don't find the mainteam name from G_parameter"
2023-01-31 10:06:09 I Polar get_multipickli "Unassigned don't find the mainteam name from G_parameter"
2023-01-31 10:06:12 I Polar get_multipickli "Unassigned don't find the mainteam name from G_parameter"
2023-01-31 10:06:21 I Polar get_multipickli "Unassigned don't find the mainteam name from G_parameter"
2023-01-31 10:08:05 I Polar get_multipickli "Unassigned don't find the mainteam name from G_parameter"
2023-01-31 10:08:15 I Polar get_multipickli "Unassigned don't find the mainteam name from G_parameter"
2023-01-31 10:10:04 I Polar get_multipickli "Unassigned don't find the mainteam name from G_parameter"
2023-01-31 10:10:09 I Polar get_multipickli "Unassigned don't find the mainteam name from G_parameter"
2023-01-31 10:10:13 I Polar get_multipickli "Unassigned don't find the mainteam name from G_parameter"
2023-01-31 10:10:19 I Polar get_multipickli "Unassigned don't find the mainteam name from G_parameter"
2023-01-31 10:10:23 I Polar get_multipickli "Unassigned don't find the mainteam name from G_parameter"
2023-01-31 10:10:30 I Polar get_multipickli "Unassigned don't find the mainteam name from G_parameter"
2023-01-31 10:12:28 I Polar get_multipickli "Digital Experience – Android don't find the mainteam name from G_parameter"
2023-01-31 10:12:28 I Polar get_multipickli "Digital Experience – IOS don't find the mainteam name from G_parameter"
2023-01-31 10:12:47 I Polar get_multipickli "Digital Experience – Android don't find the mainteam name from G_parameter"
2023-01-31 10:12:47 I Polar get_multipickli "Digital Experience – IOS don't find the mainteam name from G_parameter"
2023-01-31 10:13:09 I Polar get_multipickli "Digital Experience – Android don't find the mainteam name from G_parameter"
2023-01-31 10:13:09 I Polar get_multipickli "Digital Experience – IOS don't find the mainteam name from G_parameter"
2023-01-31 10:13:18 I Polar get_multipickli "Digital Experience – Android don't find the mainteam name from G_parameter"
2023-01-31 10:13:18 I Polar get_multipickli "Digital Experience – IOS don't find the mainteam name from G_parameter"
2023-01-31 10:13:36 I Polar get_multipickli "Digital Experience – Android don't find the mainteam name from G_parameter"
2023-01-31 10:13:36 I Polar get_multipickli "Digital Experience – IOS don't find the mainteam name from G_parameter"
2023-01-31 10:13:36 I Polar get_multipickli "Digital Experience – SDK don't find the mainteam name from G_parameter"
2023-01-31 10:13:41 I Polar get_multipickli "Unassigned don't find the mainteam name from G_parameter"
2023-01-31 10:14:32 I Polar get_multipickli "Unassigned don't find the mainteam name from G_parameter"
2023-01-31 10:14:47 I Polar get_multipickli "Unassigned don't find the mainteam name from G_parameter"
2023-01-31 10:14:49 I Polar get_multipickli "Digital Experience – Android don't find the mainteam name from G_parameter"
2023-01-31 10:14:49 I Polar get_multipickli "Digital Experience – IOS don't find the mainteam name from G_parameter"
2023-01-31 10:14:51 I Polar get_multipickli "Digital Experience – Android don't find the mainteam name from G_parameter"
2023-01-31 10:14:51 I Polar get_multipickli "Digital Experience – IOS don't find the mainteam name from G_parameter"
2023-01-31 10:14:53 I Polar get_multipickli "Digital Experience – Android don't find the mainteam name from G_parameter"
2023-01-31 10:14:53 I Polar get_multipickli "Digital Experience – IOS don't find the mainteam name from G_parameter"
2023-01-31 10:14:55 I Polar get_multipickli "Digital Experience – Android don't find the mainteam name from G_parameter"
2023-01-31 10:14:55 I Polar get_multipickli "Digital Experience – IOS don't find the mainteam name from G_parameter"
2023-01-31 10:14:56 I Polar get_multipickli "Digital Experience – Android don't find the mainteam name from G_parameter"
2023-01-31 10:14:56 I Polar get_multipickli "Digital Experience – IOS don't find the mainteam name from G_parameter"
2023-01-31 10:14:58 I Polar get_multipickli "Digital Experience – Android don't find the mainteam name from G_parameter"
2023-01-31 10:14:58 I Polar get_multipickli "Digital Experience – IOS don't find the mainteam name from G_parameter"
2023-01-31 10:15:01 I Polar get_multipickli "Digital Experience – Android don't find the mainteam name from G_parameter"
2023-01-31 10:15:01 I Polar get_multipickli "Digital Experience – IOS don't find the mainteam name from G_parameter"
2023-01-31 10:15:05 I Polar get_multipickli "Unassigned don't find the mainteam name from G_parameter"
2023-01-31 10:15:07 I Polar get_multipickli "Digital Experience – Android don't find the mainteam name from G_parameter"
2023-01-31 10:15:07 I Polar get_multipickli "Digital Experience – IOS don't find the mainteam name from G_parameter"
2023-01-31 10:15:09 I Polar get_multipickli "Digital Experience – Android don't find the mainteam name from G_parameter"
2023-01-31 10:15:10 I Polar get_multipickli "Digital Experience – Android don't find the mainteam name from G_parameter"
2023-01-31 10:15:13 I Polar get_multipickli "Digital Experience – Android don't find the mainteam name from G_parameter"
2023-01-31 10:15:15 I Polar get_multipickli "Digital Experience – Android don't find the mainteam name from G_parameter"
2023-01-31 10:15:16 I Polar get_multipickli "Digital Experience – Android don't find the mainteam name from G_parameter"
2023-01-31 10:15:18 I Polar get_multipickli "Digital Experience – Android don't find the mainteam name from G_parameter"
2023-01-31 10:15:53 I Polar Print           "DROP TABLE IF EXISTS allrequirements:successful"
2023-01-31 10:15:53 I Polar Print           "DROP TABLE IF EXISTS allcoverage:successful"
2023-01-31 10:15:53 I Polar Print           "CREATE TABLE IF NOT EXISTS requirements (                        rel TEXT, status TEXT, count INT, date TEXT) ENGINE=InnoDB DEFAULT CHARSET=utf8:successful"
2023-01-31 10:15:53 I Polar Print           "CREATE TABLE IF NOT EXISTS allrequirements (                        id INT, uniqueid TEXT, name TEXT, status TEXT, rel TEXT, upstream TEXT, downstream TEXT, team TEXT, test_status TEXT) ENGINE=InnoDB DEFAULT CHARSET=utf8:successful"
2023-01-31 10:15:53 I Polar Print           "CREATE TABLE IF NOT EXISTS coverage (                        team text, covered int, expected int, date text) ENGINE=InnoDB DEFAULT CHARSET=utf8:successful"
2023-01-31 10:15:53 I Polar Print           "CREATE TABLE IF NOT EXISTS allcoverage (                        id INT, uniqueid TEXT, name TEXT, status TEXT, rel TEXT, verify TEXT, missing TEXT) ENGINE=InnoDB DEFAULT CHARSET=utf8:successful"
2023-01-31 10:15:53 I Polar Print           "DELETE FROM requirements WHERE date='2023-01-31':successful"
2023-01-31 10:15:53 I Polar Print           "DELETE FROM coverage WHERE date='2023-01-31':successful"
2023-01-31 10:15:53 I Polar Print           "INSERT INTO requirements (rel, status, count, date) SELECT rel, status, count((@rn := @rn + 1)) as count, '2023-01-31' as date FROM allrequirements cross join (select @rn := 0) const GROUP BY rel, status:successful"
2023-01-31 10:15:53 I Polar Print           "CREATE TABLE IF NOT EXISTS feattest (rel TEXT, status TEXT, count TEXT, date TEXT) ENGINE=InnoDB DEFAULT CHARSET=utf8:successful"
2023-01-31 10:15:53 I Polar Print           "CREATE TABLE IF NOT EXISTS reqtest (rel TEXT, status TEXT, count TEXT, date TEXT) ENGINE=InnoDB DEFAULT CHARSET=utf8:successful"
2023-01-31 10:15:53 I Polar Print           "SELECT id FROM allfeatures:successful"
2023-01-31 10:15:53 I Polar Print           "SELECT id,upstream,downstream,team FROM allrequirements:successful"
2023-01-31 10:15:53 I Polar Print           "SELECT id FROM allcoverage:successful"
2023-01-31 10:15:53 I Polar Print           "SELECT * FROM testcases:successful"
