2023-01-02 04:59:23 I Maple Print           "Connet 20547 successfully!!!"
2023-01-02 04:59:23 I Maple Get_alltests    "Get project name:Maple id:20547 all testplans"
2023-01-02 04:59:26 I Maple Get_alltests    "{9193870: {'id': 9193870, 'name': 'Environmental Compliance test', 'archived': False, 'index': '9193870:Environmental Compliance test'}, 8496709: {'id': 8496709, 'name': 'ESW Test Plan', 'archived': False, 'index': '8496709:ESW Test Plan'}, 9889469: {'id': 9889469, 'name': 'ESW Test Plan FCS - SP1', 'archived': False, 'index': '9889469:ESW Test Plan FCS - SP1'}, 8290088: {'id': 8290088, 'name': 'HW DVT Plan', 'archived': False, 'index': '8290088:HW DVT Plan'}, 8226833: {'id': 8226833, 'name': 'Maple Product Quality Plan and PVT inputs', 'archived': False, 'index': '8226833:Maple Product Quality Plan and PVT inputs'}, 8339487: {'id': 8339487, 'name': 'Packaging Verification Test Plan', 'archived': False, 'index': '8339487:Packaging Verification Test Plan'}, 9976084: {'id': 9976084, 'name': 'Product Maintenance test Plan', 'archived': False, 'index': '9976084:Product Maintenance test Plan'}, 8286559: {'id': 8286559, 'name': 'Product Verification Test Plan', 'archived': False, 'index': '8286559:Product Verification Test Plan'}, 8625269: {'id': 8625269, 'name': 'UX Test Plan', 'archived': False, 'index': '8625269:UX Test Plan'}}"
2023-01-02 04:59:27 I Maple Get_alltests    "Get project name:Maple id:20547 all testplans successful!!!"
2023-01-02 05:09:51 I Maple tidy_alltestcas "1149"
2023-01-02 05:15:40 I Maple Print           "DROP TABLE IF EXISTS testcases:successful"
2023-01-02 05:15:40 I Maple Print           "CREATE TABLE IF NOT EXISTS testcases (                             testplan_id INT,                             testplan_name TEXT,                             testgroup_id INT,                             testgroup_name TEXT,                             testcycle_id INT,                             testcycle_name TEXT,                             rel TEXT,                             id INT,                             uniqueid TEXT,                             name TEXT,                             status TEXT,                             upstream TEXT,                             downstream TEXT,                             executionDate TEXT) ENGINE=InnoDB DEFAULT CHARSET=utf8:successful"
2023-01-02 05:15:41 I Maple update_database "Insert testcases table successful"
2023-01-02 05:15:41 I Maple Print           "CREATE TABLE IF NOT EXISTS tests (                             testplan_id INT,                             testplan_name TEXT,                             testplan_status TEXT,                             rel TEXT, status TEXT,                             count INT, date TEXT) ENGINE=InnoDB DEFAULT CHARSET=utf8:successful"
2023-01-02 05:15:41 I Maple Print           "DELETE FROM tests WHERE date='2023-01-02':successful"
2023-01-02 05:15:41 I Maple Print           "SELECT testplan_id FROM tests GROUP BY testplan_id:successful"
2023-01-02 05:15:41 I Maple Print           "SELECT testplan_name FROM tests WHERE testplan_id=9193870 LIMIT 1:successful"
2023-01-02 05:15:41 I Maple Print           "UPDATE tests SET testplan_status='Active' WHERE testplan_id=9193870:successful"
2023-01-02 05:15:41 I Maple Print           "SELECT testplan_name FROM tests WHERE testplan_id=8496709 LIMIT 1:successful"
2023-01-02 05:15:41 I Maple Print           "UPDATE tests SET testplan_status='Active' WHERE testplan_id=8496709:successful"
2023-01-02 05:15:41 I Maple Print           "SELECT testplan_name FROM tests WHERE testplan_id=9889469 LIMIT 1:successful"
2023-01-02 05:15:41 I Maple Print           "UPDATE tests SET testplan_status='Active' WHERE testplan_id=9889469:successful"
2023-01-02 05:15:41 I Maple Print           "SELECT testplan_name FROM tests WHERE testplan_id=8290088 LIMIT 1:successful"
2023-01-02 05:15:41 I Maple Print           "UPDATE tests SET testplan_status='Active' WHERE testplan_id=8290088:successful"
2023-01-02 05:15:41 I Maple Print           "SELECT testplan_name FROM tests WHERE testplan_id=8339487 LIMIT 1:successful"
2023-01-02 05:15:41 I Maple Print           "UPDATE tests SET testplan_status='Active' WHERE testplan_id=8339487:successful"
2023-01-02 05:15:41 I Maple Print           "SELECT testplan_name FROM tests WHERE testplan_id=9976084 LIMIT 1:successful"
2023-01-02 05:15:41 I Maple Print           "UPDATE tests SET testplan_status='Active' WHERE testplan_id=9976084:successful"
2023-01-02 05:15:41 I Maple Print           "SELECT testplan_name FROM tests WHERE testplan_id=8286559 LIMIT 1:successful"
2023-01-02 05:15:41 I Maple Print           "UPDATE tests SET testplan_status='Active' WHERE testplan_id=8286559:successful"
2023-01-02 05:15:41 I Maple Print           "SELECT testplan_name FROM tests WHERE testplan_id=8625269 LIMIT 1:successful"
2023-01-02 05:15:41 I Maple Print           "UPDATE tests SET testplan_status='Active' WHERE testplan_id=8625269:successful"
2023-01-02 05:15:41 I Maple Print           "INSERT INTO tests (testplan_id, testplan_name, testplan_status, rel, status, count, date) SELECT testplan_id, testplan_name, 'Active' as testplan_status, rel, status, count((@rn := @rn + 1)) as count, '2023-01-02' as date FROM testcases cross join (select @rn := 0) const GROUP BY testplan_id, rel, status:successful"
2023-01-02 05:15:41 I Maple update_database "Insert tests table successful"
2023-01-02 05:15:41 I Maple Print           "CREATE TABLE IF NOT EXISTS testapproval (                                 rel TEXT, team TEXT, status TEXT, upstream TEXT, count INT, date TEXT                                 ) ENGINE=InnoDB DEFAULT CHARSET=utf8:successful"
2023-01-02 05:15:41 I Maple Print           "DROP TABLE IF EXISTS alltestapproval:successful"
2023-01-02 05:15:41 I Maple Print           "CREATE TABLE IF NOT EXISTS alltestapproval (                                 id INT, uniqueid TEXT, name TEXT, status TEXT, rel TEXT, team TEXT, upstream TEXT                                 ) ENGINE=InnoDB DEFAULT CHARSET=utf8:successful"
2023-01-02 05:15:41 I Maple Print           "DELETE FROM testapproval WHERE date='2023-01-02':successful"
2023-01-02 05:15:41 I Maple Print           "INSERT INTO testapproval (rel, team, status, count, date, upstream) SELECT rel, team, status, count((@rn := @rn + 1)) as count, '2023-01-02' as date, upstream FROM alltestapproval cross join (select @rn := 0) const GROUP BY rel, team, status, upstream:successful"
2023-01-02 05:15:47 I Maple Get_allfeatuers "[]"
2023-01-02 05:15:47 I Maple Print           "CREATE TABLE IF NOT EXISTS features (                                rel TEXT, status TEXT, count INT, date TEXT) ENGINE=InnoDB DEFAULT CHARSET=utf8:successful"
2023-01-02 05:15:47 I Maple Print           "CREATE TABLE IF NOT EXISTS allfeatures (                                id INT, uniqueid TEXT, name TEXT, status TEXT, rel TEXT,test_status TEXT) ENGINE=InnoDB DEFAULT CHARSET=utf8:successful"
2023-01-02 05:15:47 I Maple Print           "DELETE FROM features WHERE date='2023-01-02':successful"
2023-01-02 05:15:47 I Maple Print           "DELETE FROM allfeatures WHERE id=20851029:successful"
2023-01-02 05:15:47 I Maple Print           "DELETE FROM allfeatures WHERE id=18785666:successful"
2023-01-02 05:15:47 I Maple Print           "DELETE FROM allfeatures WHERE id=18714026:successful"
2023-01-02 05:15:47 I Maple Print           "DELETE FROM allfeatures WHERE id=18631037:successful"
2023-01-02 05:15:47 I Maple Print           "DELETE FROM allfeatures WHERE id=18620088:successful"
2023-01-02 05:15:47 I Maple Print           "DELETE FROM allfeatures WHERE id=18620076:successful"
2023-01-02 05:15:47 I Maple Print           "DELETE FROM allfeatures WHERE id=18620060:successful"
2023-01-02 05:15:47 I Maple Print           "DELETE FROM allfeatures WHERE id=18620025:successful"
2023-01-02 05:15:47 I Maple Print           "DELETE FROM allfeatures WHERE id=18618173:successful"
2023-01-02 05:15:47 I Maple Print           "DELETE FROM allfeatures WHERE id=18617760:successful"
2023-01-02 05:15:47 I Maple Print           "DELETE FROM allfeatures WHERE id=18591634:successful"
2023-01-02 05:15:47 I Maple Print           "INSERT INTO features (rel, status, count, date)                                 SELECT rel, status, count((@rn := @rn + 1)) as count, '2023-01-02' as date FROM allfeatures cross join (select @rn := 0) const GROUP BY rel, status:successful"
2023-01-02 05:15:49 I Maple Get_allchangere "[]"
2023-01-02 05:15:49 I Maple Print           "CREATE TABLE IF NOT EXISTS changes (                                 rel TEXT, status TEXT, priority TEXT,                                 requester TEXT, date TEXT, count INT) ENGINE=InnoDB DEFAULT CHARSET=utf8:successful"
2023-01-02 05:15:49 I Maple Print           "CREATE TABLE IF NOT EXISTS allchanges (                                 id INT, uniqueid TEXT, name TEXT,                                 status TEXT, rel TEXT, priority TEXT,                                 requester TEXT) ENGINE=InnoDB DEFAULT CHARSET=utf8:successful"
2023-01-02 05:15:49 I Maple Print           "DELETE FROM changes WHERE date='2023-01-02':successful"
2023-01-02 05:15:49 I Maple Print           "INSERT INTO changes (                                 rel, status, priority, requester, date, count)                                 SELECT rel, status, priority, requester, '2023-01-02' as date, count((@rn := @rn + 1)) as count FROM allchanges                                 cross join (select @rn := 0) const GROUP BY rel, status, priority, requester:successful"
2023-01-02 05:15:50 I Maple Print           "CREATE TABLE IF NOT EXISTS designspec (                            rel TEXT, team TEXT, status TEXT, count INT, date text) ENGINE=InnoDB DEFAULT CHARSET=utf8:successful"
2023-01-02 05:15:50 I Maple Print           "CREATE TABLE IF NOT EXISTS alldesignspec (                             id INT, uniqueid TEXT, name TEXT, status TEXT, rel TEXT, team TEXT) ENGINE=InnoDB DEFAULT CHARSET=utf8:successful"
2023-01-02 05:15:50 I Maple Print           "DELETE FROM designspec WHERE date='2023-01-02':successful"
2023-01-02 05:15:50 I Maple Print           "INSERT INTO designspec (rel, team, status, count, date) SELECT rel, team, status, count((@rn := @rn + 1)) as count, '2023-01-02' as date FROM alldesignspec cross join (select @rn := 0) const GROUP BY rel, team, status:successful"
2023-01-02 05:15:52 I Maple Get_alluserstor "[]"
2023-01-02 05:15:52 I Maple Print           "CREATE TABLE IF NOT EXISTS userstories (                 rel TEXT, status TEXT, count INT, date TEXT) ENGINE=InnoDB DEFAULT CHARSET=utf8:successful"
2023-01-02 05:15:52 I Maple Print           "CREATE TABLE IF NOT EXISTS alluserstories (                 id INT, uniqueid TEXT, name TEXT, status TEXT, rel TEXT) ENGINE=InnoDB DEFAULT CHARSET=utf8:successful"
2023-01-02 05:15:52 I Maple Print           "DELETE FROM userstories WHERE date='2023-01-02':successful"
2023-01-02 05:15:52 I Maple Print           "INSERT INTO userstories (rel, status, count, date) SELECT rel, status, count((@rn := @rn + 1)) as count, '2023-01-02' as date FROM alluserstories cross join (select @rn := 0) const GROUP BY rel, status:successful"
2023-01-02 05:18:29 I Maple Get_alldefects  "[{'id': 9039832, 'name': '[JDO Setting]JDO setting changing not create impaction on device?', 'documentKey': 'Map-BUG-67', 'statusId': 156538, 'status': 'Closed', 'teamId': 156569, 'team': 'ESW DECT', 'priorityId': 156533, 'priority': 'Major', 'upstream': '8493104, 8994267, 9227620, 9023290, 9191805, 9225993, 9227618, 9227625, 9191792', 'jira': 'https://jabra1.atlassian.net/browse/MAP-498'}, {'id': 9093624, 'name': '[FT]The TX sampling rates UI defined 8/16/44.1/48 kHz, but actually only 16 kHz available', 'documentKey': 'Map-BUG-100', 'statusId': 156538, 'status': 'Closed', 'teamId': 156569, 'team': 'ESW DECT', 'priorityId': 156533, 'priority': 'Major', 'upstream': '8608118, 9023338, 9191872, 9191885', 'jira': 'https://jabra1.atlassian.net/browse/MAP-544'}, {'id': 9110633, 'name': '[FT]Teams button press not send out "0xFF99" command but "Flash" command in active call/hold call/3-way call', 'documentKey': 'Map-BUG-112', 'statusId': 156538, 'status': 'Closed', 'teamId': 156569, 'team': 'ESW DECT', 'priorityId': 156533, 'priority': 'Major', 'upstream': '8492370, 9227629, 9023312, 9023454, 9023452, 9191850', 'jira': 'https://jabra1.atlassian.net/browse/MAP-565'}, {'id': 9115208, 'name': '[Teams pre-cert]if Maple need to implemented the Teams new request feature "DUT can transfer call from other device to DUT by tapping MFB button"', 'documentKey': 'Map-BUG-117', 'statusId': 156536, 'status': 'Open', 'teamId': 156569, 'team': 'ESW DECT', 'priorityId': 156534, 'priority': 'Minor', 'upstream': '8496310, 9023454, 9257172, 10307560, 9023452, 9191850, 9257170, 9023462, 9023468, 9191857, 9195050, 9257180, 9257186, 9457285, 9257173', 'jira': 'https://jabra1.atlassian.net/browse/MAP-572'}, {'id': 9129667, 'name': '[Teams pre-cert on Mac 12.x]Teams invocation and Team notification cleaning all fail on latest Mac12.x', 'documentKey': 'Map-BUG-122', 'statusId': 156536, 'status': 'Open', 'teamId': 156569, 'team': 'ESW DECT', 'priorityId': 156533, 'priority': 'Major', 'upstream': '9437740, 9195046, 9191859, 9257184, 9023467, 9191862, 9257185', 'jira': 'https://jabra1.atlassian.net/browse/MAP-582'}, {'id': 9181292, 'name': 'CLONE - CLONE - [SP IOP:Amazon chime]Minimum volume should be preservative after reconnecting', 'documentKey': 'Map-BUG-155', 'statusId': 156539, 'status': 'In Progress', 'teamId': 156569, 'team': 'ESW DECT', 'priorityId': 156534, 'priority': 'Minor', 'upstream': '9060955', 'jira': 'https://jabra1.atlassian.net/browse/MAP-681'}, {'id': 9193900, 'name': "It can't unmute, when mute state upon new call and answer call from SP", 'documentKey': 'Map-BUG-170', 'statusId': 156538, 'status': 'Closed', 'teamId': 156569, 'team': 'ESW DECT', 'priorityId': 156532, 'priority': 'Critical', 'upstream': '9191852, 9191850, 9191853, 9257173, 9191851', 'jira': 'https://jabra1.atlassian.net/browse/MAP-741'}, {'id': 9199133, 'name': 'The effect of this sidetone  is not good ,compared to other headphones', 'documentKey': 'Map-BUG-178', 'statusId': 156538, 'status': 'Closed', 'teamId': 156853, 'team': 'Audio Engineering', 'priorityId': 156534, 'priority': 'Minor', 'upstream': '9191803, 9191776, 9225984', 'jira': 'https://jabra1.atlassian.net/browse/MAP-758'}, {'id': 9199749, 'name': '[FT]Dongle/base side not indicate HS disconnect if connect HS as USB audio device?', 'documentKey': 'Map-BUG-184', 'statusId': 156536, 'status': 'Open', 'teamId': 156569, 'team': 'ESW DECT', 'priorityId': 156534, 'priority': 'Minor', 'upstream': '8493559, 9191834, 9266317, 9367315, 9437743, 9437738', 'jira': 'https://jabra1.atlassian.net/browse/MAP-764'}, {'id': 9201882, 'name': '[JDO setting]Miss the "Secure pairing with USB" setting in JDO', 'documentKey': 'Map-BUG-190', 'statusId': 156536, 'status': 'Open', 'teamId': 156571, 'team': 'DE Online', 'priorityId': 156533, 'priority': 'Major', 'upstream': '9161006, 9362615, 9191792, 9225981, 9437886, 9457259, 9891947, 10307532, 9225984', 'jira': 'https://jabra1.atlassian.net/browse/MAP-781'}, {'id': 9216655, 'name': "confirmed issue: what's the priority of LED between conferencing pairing and streaming/call?", 'documentKey': 'Map-BUG-212', 'statusId': 156536, 'status': 'Open', 'teamId': 156578, 'team': 'UX', 'priorityId': 156533, 'priority': 'Major', 'upstream': '9367313, 10307495, 9266308', 'jira': 'https://jabra1.atlassian.net/browse/MAP-925'}, {'id': 9262141, 'name': 'CLONE - [Teams pre-cert]if Maple need to implemented the Teams new request feature "DUT can transfer call from other device to DUT by tapping MFB button"', 'documentKey': 'Map-BUG-260', 'statusId': 156536, 'status': 'Open', 'teamId': 156569, 'team': 'ESW DECT', 'priorityId': 156534, 'priority': 'Minor', 'upstream': '9554552, 9554888, 9570639, 9572389, 9601506, 9603673, 9685038, 9685655, 9554551, 9554887, 9570637, 9572388, 9601505, 9603672, 9685037, 9685654, 9554563, 9554897, 9570663, 9572399', 'jira': 'https://jabra1.atlassian.net/browse/OS-791'}, {'id': 9290147, 'name': '[FT][Call handling]voice the connect state from call button not as UI defined', 'documentKey': 'Map-BUG-283', 'statusId': 156538, 'status': 'Closed', 'teamId': 156578, 'team': 'UX', 'priorityId': 156534, 'priority': 'Minor', 'upstream': '8492386, 9266297, 9367312, 9437740, 9266307, 9367298, 9437734', 'jira': 'https://jabra1.atlassian.net/browse/MAP-1287'}, {'id': 9301047, 'name': '[FT][Switch operation]when switch connection between base and dongle, something not match new updated UI', 'documentKey': 'Map-BUG-292', 'statusId': 156538, 'status': 'Closed', 'teamId': 156569, 'team': 'ESW DECT', 'priorityId': 156533, 'priority': 'Major', 'upstream': '8493559, 9266317, 9367315, 9437743', 'jira': 'https://jabra1.atlassian.net/browse/MAP-1303'}, {'id': 9307586, 'name': '[FT]UI defined that primary HS only can be replaced in idle, but actually it can in all states', 'documentKey': 'Map-BUG-301', 'statusId': 156538, 'status': 'Closed', 'teamId': 156569, 'team': 'ESW DECT', 'priorityId': 156534, 'priority': 'Minor', 'upstream': '8493115, 9266319, 9367316, 9437744', 'jira': 'https://jabra1.atlassian.net/browse/MAP-1320'}, {'id': 9400795, 'name': '[Teams]the latest Teams release(ring4.0 v1.5.00.8070) fail to answer the second incoming call from HS', 'documentKey': 'Map-BUG-331', 'statusId': 156536, 'status': 'Open', 'teamId': 156670, 'team': 'Strategic Alliances', 'priorityId': 156533, 'priority': 'Major', 'upstream': '8492370, 7626654, 9745084, 10111215, 10200275, 10201056, 9855509, 9438597, 9438933, 9685349, 9685774, 9759274, 10146768, 10146777, 10201374, 9855871, 9855872, 9855874, 9486816, 9518542', 'jira': 'https://jabra1.atlassian.net/browse/MAP-1453'}, {'id': 9401290, 'name': '[FT][LED visual]the conferencing pairing timing will keep 2 min, but the LED visual will stop in 15s early', 'documentKey': 'Map-BUG-334', 'statusId': 156538, 'status': 'Closed', 'teamId': 156569, 'team': 'ESW DECT', 'priorityId': 156534, 'priority': 'Minor', 'upstream': '8493115, 9367316, 9437744', 'jira': 'https://jabra1.atlassian.net/browse/MAP-1461'}, {'id': 9401300, 'name': '[FT][LED visual]after the DECT pairing be cancelled or timeout, the "Reconnect attempt" LED won\'t timeout', 'documentKey': 'Map-BUG-335', 'statusId': 156538, 'status': 'Closed', 'teamId': 156569, 'team': 'ESW DECT', 'priorityId': 156534, 'priority': 'Minor', 'upstream': '8493115, 9367316, 9437744', 'jira': 'https://jabra1.atlassian.net/browse/MAP-1463'}, {'id': 9456259, 'name': '[DQT] Maple OTA  upgrade/downgrade JDO return code 18 ', 'documentKey': 'Map-BUG-373', 'statusId': 156538, 'status': 'Closed', 'teamId': 156569, 'team': 'ESW DECT', 'priorityId': 156531, 'priority': 'Blocker', 'upstream': '8495548, 10057107, 9437930, 9937475', 'jira': 'https://jabra1.atlassian.net/browse/MAP-1591'}, {'id': 9581115, 'name': '[JDO]two unexpected problem when do reset and configure from JDO Maple HS entrance', 'documentKey': 'Map-BUG-405', 'statusId': 156537, 'status': 'Resolved', 'teamId': 156569, 'team': 'ESW DECT', 'priorityId': 156534, 'priority': 'Minor', 'upstream': '10307526', 'jira': 'https://jabra1.atlassian.net/browse/MAP-1776'}, {'id': 9679706, 'name': '[Enumeration]Device will fail to enumerated as audio device by PC after connected on PC long long time', 'documentKey': 'Map-BUG-414', 'statusId': 156538, 'status': 'Closed', 'teamId': 156569, 'team': 'ESW DECT', 'priorityId': 156534, 'priority': 'Minor', 'upstream': '', 'jira': 'https://jabra1.atlassian.net/browse/MAP-1827'}, {'id': 9841236, 'name': '[Volume store on Mac and Ubuntu]the true volume level in HS will up 1-2 steps after disconnect and reconnect', 'documentKey': 'Map-BUG-427', 'statusId': 156536, 'status': 'Open', 'teamId': 156569, 'team': 'ESW DECT', 'priorityId': 156534, 'priority': 'Minor', 'upstream': '10371137', 'jira': 'https://jabra1.atlassian.net/browse/MAP-1914'}, {'id': 9992868, 'name': 'CLONE - [SP, Unify Fusion]lose RCC after dis/reconnect HS from call', 'documentKey': 'Map-BUG-430', 'statusId': 156536, 'status': 'Open', 'teamId': 156569, 'team': 'ESW DECT', 'priorityId': 156535, 'priority': 'Trivial', 'upstream': '', 'jira': 'https://jabra1.atlassian.net/browse/OS-1719'}, {'id': 10032460, 'name': 'CLONE - [FT][Volume store] volume store on Mac failed if do the disconnect and reconnect after changed volume', 'documentKey': 'Map-BUG-431', 'statusId': 156536, 'status': 'Open', 'teamId': 156569, 'team': 'ESW DECT', 'priorityId': 156533, 'priority': 'Major', 'upstream': '10198376', 'jira': 'https://jabra1.atlassian.net/browse/MAP-1955'}, {'id': 10064921, 'name': 'Maple HS update failed in Linux OS (eLux & Ubuntu)', 'documentKey': 'Map-BUG-433', 'statusId': 156537, 'status': 'Resolved', 'teamId': 156569, 'team': 'ESW DECT', 'priorityId': 156531, 'priority': 'Blocker', 'upstream': '', 'jira': 'https://jabra1.atlassian.net/browse/MAP-1970'}, {'id': 10066050, 'name': "[JDO]New JDO on Mac seems can't change and save the HS name for Maple's HS", 'documentKey': 'Map-BUG-435', 'statusId': 156852, 'status': 'Ready for Review', 'teamId': 156571, 'team': 'DE Online', 'priorityId': 156534, 'priority': 'Minor', 'upstream': '10057176', 'jira': 'https://jabra1.atlassian.net/browse/MAP-1973'}, {'id': 10277142, 'name': '[FT]the HS volume will change up and down during conferencing', 'documentKey': 'Map-BUG-444', 'statusId': 156536, 'status': 'Open', 'teamId': 156569, 'team': 'ESW DECT', 'priorityId': 156533, 'priority': 'Major', 'upstream': '9891904, 10307490', 'jira': 'https://jabra1.atlassian.net/browse/MAP-2080'}, {'id': 10277292, 'name': '[JDO] HS name in the Product information is not consistent with the Jama Requirements', 'documentKey': 'Map-BUG-446', 'statusId': 156536, 'status': 'Open', 'teamId': 156569, 'team': 'ESW DECT', 'priorityId': 156535, 'priority': 'Trivial', 'upstream': '9891942, 9891936, 10307521', 'jira': 'https://jabra1.atlassian.net/browse/MAP-2085'}, {'id': 10277570, 'name': '[JDO]Need replug to make setting of "Power Nap" and "Power Nap wakeup" take effect when the setting has changed', 'documentKey': 'Map-BUG-447', 'statusId': 156536, 'status': 'Open', 'teamId': 156569, 'team': 'ESW DECT', 'priorityId': 156534, 'priority': 'Minor', 'upstream': '10299420, 9891963, 10307523, 10307548, 9891932, 10307517, 10299422', 'jira': 'https://jabra1.atlassian.net/browse/MAP-2087'}, {'id': 10277583, 'name': '[DQT] Maple OTA upgrade/downgrade on MacOS M1 fails occasionally', 'documentKey': 'Map-BUG-448', 'statusId': 156536, 'status': 'Open', 'teamId': 156569, 'team': 'ESW DECT', 'priorityId': 156531, 'priority': 'Blocker', 'upstream': '', 'jira': 'https://jabra1.atlassian.net/browse/MAP-2086'}, {'id': 10284876, 'name': '[Chrome OS, Volume restore] The true volume level in HS will change 1-2 steps after disconnecting and reconnecting', 'documentKey': 'Map-BUG-450', 'statusId': 156538, 'status': 'Closed', 'teamId': 156569, 'team': 'ESW DECT', 'priorityId': 156534, 'priority': 'Minor', 'upstream': '', 'jira': 'https://jabra1.atlassian.net/browse/MAP-2091'}, {'id': 10315325, 'name': 'ChromeOS: WWCB certification fail Audio cannot output when connect via attached USB-dongle with notification sound "Connected" comes out when volume adjustment ', 'documentKey': 'Map-BUG-454', 'statusId': 156536, 'status': 'Open', 'teamId': 156569, 'team': 'ESW DECT', 'priorityId': 156535, 'priority': 'Trivial', 'upstream': '', 'jira': 'https://jabra1.atlassian.net/browse/MAP-2115'}, {'id': 10328119, 'name': '[FT]No connect state sound played when tap volume button from HS if set to "Tone"', 'documentKey': 'Map-BUG-455', 'statusId': 156536, 'status': 'Open', 'teamId': 156569, 'team': 'ESW DECT', 'priorityId': 156533, 'priority': 'Major', 'upstream': '10307497', 'jira': 'https://jabra1.atlassian.net/browse/MAP-2122'}, {'id': 10334149, 'name': 'Device in other region except Europe will be forbid to downgrade', 'documentKey': 'Map-BUG-456', 'statusId': 156538, 'status': 'Closed', 'teamId': 156569, 'team': 'ESW DECT', 'priorityId': 156533, 'priority': 'Major', 'upstream': '', 'jira': 'https://jabra1.atlassian.net/browse/MAP-2123'}, {'id': 10335213, 'name': "[JDO recover]JDO's recover button not work for Maple dongle", 'documentKey': 'Map-BUG-457', 'statusId': 156536, 'status': 'Open', 'teamId': 156569, 'team': 'ESW DECT', 'priorityId': 156533, 'priority': 'Major', 'upstream': '10307733', 'jira': 'https://jabra1.atlassian.net/browse/MAP-2124'}, {'id': 10335490, 'name': '[FT]Press dongle button when dongle enter power saving mode fail to let dongle start pairing sequence', 'documentKey': 'Map-BUG-458', 'statusId': 156538, 'status': 'Closed', 'teamId': 156569, 'team': 'ESW DECT', 'priorityId': 156534, 'priority': 'Minor', 'upstream': '10307489', 'jira': 'https://jabra1.atlassian.net/browse/MAP-2125'}, {'id': 10349600, 'name': 'Chrome OS :WWCB certification : [Anechoic Chamber - Step 4] The frequency response is lower than the limit.', 'documentKey': 'Map-BUG-459', 'statusId': 156536, 'status': 'Open', 'teamId': 156569, 'team': 'ESW DECT', 'priorityId': 156531, 'priority': 'Blocker', 'upstream': '', 'jira': 'https://jabra1.atlassian.net/browse/MAP-2127'}, {'id': 10349609, 'name': 'Chrome OS :WWCB certification: The Chromebook volume UI is not sync with headset actual volume after adjusting from volume slider.', 'documentKey': 'Map-BUG-460', 'statusId': 156536, 'status': 'Open', 'teamId': 156569, 'team': 'ESW DECT', 'priorityId': 156531, 'priority': 'Blocker', 'upstream': '', 'jira': 'https://jabra1.atlassian.net/browse/MAP-2128'}, {'id': 10349619, 'name': 'Chrome OS :WWCB certification:The DUT CANNOT output sound normally when playing a record file using Voice Recorder APP.', 'documentKey': 'Map-BUG-461', 'statusId': 156536, 'status': 'Open', 'teamId': 156569, 'team': 'ESW DECT', 'priorityId': 156531, 'priority': 'Blocker', 'upstream': '', 'jira': 'https://jabra1.atlassian.net/browse/MAP-2129'}, {'id': 10399791, 'name': '[JDO]When Maple dongle paired with LW HS, JDO in red environment will wrong notice 1.9.0 is the required FW to updated?', 'documentKey': 'Map-BUG-462', 'statusId': 156536, 'status': 'Open', 'teamId': 156569, 'team': 'ESW DECT', 'priorityId': 156534, 'priority': 'Minor', 'upstream': '', 'jira': 'https://jabra1.atlassian.net/browse/MAP-2135'}]"
2023-01-02 05:18:29 I Maple Print           "CREATE TABLE IF NOT EXISTS defects (                     rel TEXT, team TEXT, status TEXT, priority TEXT, count INT, date TEXT) ENGINE=InnoDB DEFAULT CHARSET=utf8:successful"
2023-01-02 05:18:29 I Maple Print           "CREATE TABLE IF NOT EXISTS alldefects (                     id INT, uniqueid TEXT, name TEXT, status TEXT, rel TEXT, team TEXT, priority TEXT, jira TEXT, upstream TEXT) ENGINE=InnoDB DEFAULT CHARSET=utf8:successful"
2023-01-02 05:18:29 I Maple Print           "DELETE FROM defects WHERE date='2023-01-02':successful"
2023-01-02 05:18:29 I Maple Print           "DELETE FROM alldefects WHERE id = 9039832:successful"
2023-01-02 05:18:29 I Maple Print           "DELETE FROM alldefects WHERE id = 9093624:successful"
2023-01-02 05:18:29 I Maple Print           "DELETE FROM alldefects WHERE id = 9110633:successful"
2023-01-02 05:18:29 I Maple Print           "DELETE FROM alldefects WHERE id = 9115208:successful"
2023-01-02 05:18:29 I Maple Print           "DELETE FROM alldefects WHERE id = 9129667:successful"
2023-01-02 05:18:29 I Maple Print           "DELETE FROM alldefects WHERE id = 9181292:successful"
2023-01-02 05:18:29 I Maple Print           "DELETE FROM alldefects WHERE id = 9193900:successful"
2023-01-02 05:18:29 I Maple Print           "DELETE FROM alldefects WHERE id = 9199133:successful"
2023-01-02 05:18:29 I Maple Print           "DELETE FROM alldefects WHERE id = 9199749:successful"
2023-01-02 05:18:29 I Maple Print           "DELETE FROM alldefects WHERE id = 9201882:successful"
2023-01-02 05:18:29 I Maple Print           "DELETE FROM alldefects WHERE id = 9216655:successful"
2023-01-02 05:18:29 I Maple Print           "DELETE FROM alldefects WHERE id = 9262141:successful"
2023-01-02 05:18:29 I Maple Print           "DELETE FROM alldefects WHERE id = 9290147:successful"
2023-01-02 05:18:29 I Maple Print           "DELETE FROM alldefects WHERE id = 9301047:successful"
2023-01-02 05:18:29 I Maple Print           "DELETE FROM alldefects WHERE id = 9307586:successful"
2023-01-02 05:18:29 I Maple Print           "DELETE FROM alldefects WHERE id = 9400795:successful"
2023-01-02 05:18:29 I Maple Print           "DELETE FROM alldefects WHERE id = 9401290:successful"
2023-01-02 05:18:29 I Maple Print           "DELETE FROM alldefects WHERE id = 9401300:successful"
2023-01-02 05:18:29 I Maple Print           "DELETE FROM alldefects WHERE id = 9456259:successful"
2023-01-02 05:18:29 I Maple Print           "DELETE FROM alldefects WHERE id = 9581115:successful"
2023-01-02 05:18:29 I Maple Print           "DELETE FROM alldefects WHERE id = 9679706:successful"
2023-01-02 05:18:29 I Maple Print           "DELETE FROM alldefects WHERE id = 9841236:successful"
2023-01-02 05:18:29 I Maple Print           "DELETE FROM alldefects WHERE id = 9992868:successful"
2023-01-02 05:18:29 I Maple Print           "DELETE FROM alldefects WHERE id = 10032460:successful"
2023-01-02 05:18:29 I Maple Print           "DELETE FROM alldefects WHERE id = 10064921:successful"
2023-01-02 05:18:29 I Maple Print           "DELETE FROM alldefects WHERE id = 10066050:successful"
2023-01-02 05:18:29 I Maple Print           "DELETE FROM alldefects WHERE id = 10277142:successful"
2023-01-02 05:18:29 I Maple Print           "DELETE FROM alldefects WHERE id = 10277292:successful"
2023-01-02 05:18:29 I Maple Print           "DELETE FROM alldefects WHERE id = 10277570:successful"
2023-01-02 05:18:29 I Maple Print           "DELETE FROM alldefects WHERE id = 10277583:successful"
2023-01-02 05:18:29 I Maple Print           "DELETE FROM alldefects WHERE id = 10284876:successful"
2023-01-02 05:18:29 I Maple Print           "DELETE FROM alldefects WHERE id = 10315325:successful"
2023-01-02 05:18:29 I Maple Print           "DELETE FROM alldefects WHERE id = 10328119:successful"
2023-01-02 05:18:29 I Maple Print           "DELETE FROM alldefects WHERE id = 10334149:successful"
2023-01-02 05:18:29 I Maple Print           "DELETE FROM alldefects WHERE id = 10335213:successful"
2023-01-02 05:18:29 I Maple Print           "DELETE FROM alldefects WHERE id = 10335490:successful"
2023-01-02 05:18:29 I Maple Print           "DELETE FROM alldefects WHERE id = 10349600:successful"
2023-01-02 05:18:29 I Maple Print           "DELETE FROM alldefects WHERE id = 10349609:successful"
2023-01-02 05:18:29 I Maple Print           "DELETE FROM alldefects WHERE id = 10349619:successful"
2023-01-02 05:18:29 I Maple Print           "DELETE FROM alldefects WHERE id = 10399791:successful"
2023-01-02 05:18:29 I Maple Print           "Not enough parameters for the SQL statement"
2023-01-02 05:18:29 I Maple Print           "INSERT INTO defects (rel, team, status, count, date, priority) SELECT rel, team, status, count((@rn := @rn + 1)) as count, '2023-01-02' as date, priority FROM alldefects cross join (select @rn := 0) const GROUP BY rel, team, status, priority:successful"
2023-01-02 05:19:03 I Maple get_multipickli "Unassigned don't find the mainteam name from G_parameter"
2023-01-02 05:19:32 I Maple get_multipickli "Unassigned don't find the mainteam name from G_parameter"
2023-01-02 05:19:55 I Maple get_multipickli "Unassigned don't find the mainteam name from G_parameter"
2023-01-02 05:20:11 I Maple get_multipickli "Unassigned don't find the mainteam name from G_parameter"
2023-01-02 05:20:29 I Maple get_multipickli "Unassigned don't find the mainteam name from G_parameter"
2023-01-02 05:20:57 I Maple get_multipickli "Unassigned don't find the mainteam name from G_parameter"
2023-01-02 05:21:16 I Maple get_multipickli "Unassigned don't find the mainteam name from G_parameter"
2023-01-02 05:21:38 I Maple get_multipickli "Unassigned don't find the mainteam name from G_parameter"
2023-01-02 05:21:50 I Maple get_multipickli "Unassigned don't find the mainteam name from G_parameter"
2023-01-02 05:21:59 I Maple get_multipickli "Unassigned don't find the mainteam name from G_parameter"
2023-01-02 05:22:10 I Maple get_multipickli "Unassigned don't find the mainteam name from G_parameter"
2023-01-02 05:22:21 I Maple get_multipickli "Unassigned don't find the mainteam name from G_parameter"
2023-01-02 05:22:48 I Maple get_multipickli "Unassigned don't find the mainteam name from G_parameter"
2023-01-02 05:22:50 I Maple get_multipickli "Unassigned don't find the mainteam name from G_parameter"
2023-01-02 05:33:20 I Maple get_multipickli "ESW Platform Test don't find the mainteam name from G_parameter"
2023-01-02 05:33:24 I Maple get_multipickli "ESW Platform Test don't find the mainteam name from G_parameter"
2023-01-02 05:33:30 I Maple get_multipickli "ESW Platform Test don't find the mainteam name from G_parameter"
2023-01-02 05:33:38 I Maple get_multipickli "ESW Platform Test don't find the mainteam name from G_parameter"
2023-01-02 05:35:54 I Maple get_multipickli "ESW Platform Test don't find the mainteam name from G_parameter"
2023-01-02 05:38:14 I Maple get_multipickli "Unassigned don't find the mainteam name from G_parameter"
2023-01-02 05:38:30 I Maple get_multipickli "Unassigned don't find the mainteam name from G_parameter"
2023-01-02 05:38:33 I Maple get_multipickli "Unassigned don't find the mainteam name from G_parameter"
2023-01-02 05:38:38 I Maple get_multipickli "Unassigned don't find the mainteam name from G_parameter"
2023-01-02 05:38:42 I Maple get_multipickli "Unassigned don't find the mainteam name from G_parameter"
2023-01-02 05:38:45 I Maple get_multipickli "Unassigned don't find the mainteam name from G_parameter"
2023-01-02 05:38:49 I Maple get_multipickli "Unassigned don't find the mainteam name from G_parameter"
2023-01-02 05:38:58 I Maple get_multipickli "Unassigned don't find the mainteam name from G_parameter"
2023-01-02 05:39:04 I Maple get_multipickli "Unassigned don't find the mainteam name from G_parameter"
2023-01-02 05:39:27 I Maple get_multipickli "Unassigned don't find the mainteam name from G_parameter"
2023-01-02 05:40:27 I Maple get_multipickli "Unassigned don't find the mainteam name from G_parameter"
2023-01-02 05:40:36 I Maple get_multipickli "Unassigned don't find the mainteam name from G_parameter"
2023-01-02 05:40:55 I Maple get_multipickli "ESW Platform Test don't find the mainteam name from G_parameter"
2023-01-02 05:41:20 I Maple get_multipickli "Unassigned don't find the mainteam name from G_parameter"
2023-01-02 05:41:25 I Maple get_multipickli "Digital Experience – Android don't find the mainteam name from G_parameter"
2023-01-02 05:41:29 I Maple get_multipickli "Digital Experience – IOS don't find the mainteam name from G_parameter"
2023-01-02 05:41:53 I Maple get_multipickli "ESW Platform Test don't find the mainteam name from G_parameter"
2023-01-02 05:42:20 I Maple Print           "DROP TABLE IF EXISTS allrequirements:successful"
2023-01-02 05:42:20 I Maple Print           "DROP TABLE IF EXISTS allcoverage:successful"
2023-01-02 05:42:20 I Maple Print           "CREATE TABLE IF NOT EXISTS requirements (                        rel TEXT, status TEXT, count INT, date TEXT) ENGINE=InnoDB DEFAULT CHARSET=utf8:successful"
2023-01-02 05:42:20 I Maple Print           "CREATE TABLE IF NOT EXISTS allrequirements (                        id INT, uniqueid TEXT, name TEXT, status TEXT, rel TEXT, upstream TEXT, downstream TEXT, team TEXT, test_status TEXT) ENGINE=InnoDB DEFAULT CHARSET=utf8:successful"
2023-01-02 05:42:20 I Maple Print           "CREATE TABLE IF NOT EXISTS coverage (                        team text, covered int, expected int, date text) ENGINE=InnoDB DEFAULT CHARSET=utf8:successful"
2023-01-02 05:42:20 I Maple Print           "CREATE TABLE IF NOT EXISTS allcoverage (                        id INT, uniqueid TEXT, name TEXT, status TEXT, rel TEXT, verify TEXT, missing TEXT) ENGINE=InnoDB DEFAULT CHARSET=utf8:successful"
2023-01-02 05:42:20 I Maple Print           "DELETE FROM requirements WHERE date='2023-01-02':successful"
2023-01-02 05:42:20 I Maple Print           "DELETE FROM coverage WHERE date='2023-01-02':successful"
2023-01-02 05:42:20 I Maple Print           "INSERT INTO requirements (rel, status, count, date) SELECT rel, status, count((@rn := @rn + 1)) as count, '2023-01-02' as date FROM allrequirements cross join (select @rn := 0) const GROUP BY rel, status:successful"
2023-01-02 05:42:20 I Maple Print           "CREATE TABLE IF NOT EXISTS feattest (rel TEXT, status TEXT, count TEXT, date TEXT) ENGINE=InnoDB DEFAULT CHARSET=utf8:successful"
2023-01-02 05:42:20 I Maple Print           "CREATE TABLE IF NOT EXISTS reqtest (rel TEXT, status TEXT, count TEXT, date TEXT) ENGINE=InnoDB DEFAULT CHARSET=utf8:successful"
2023-01-02 05:42:20 I Maple Print           "SELECT id FROM allfeatures:successful"
2023-01-02 05:42:20 I Maple Print           "SELECT id,upstream,downstream,team FROM allrequirements:successful"
2023-01-02 05:42:20 I Maple Print           "SELECT id FROM allcoverage:successful"
2023-01-02 05:42:20 I Maple Print           "SELECT * FROM testcases:successful"
