2022-12-07 04:59:33 I Odin  Print           "Connet 20550 successfully!!!"
2022-12-07 04:59:33 I Odin  Get_alltests    "Get project name:Odin id:20550 all testplans"
2022-12-07 04:59:33 I Odin  Get_alltests    "{7979358: {'id': 7979358, 'name': 'Product Verification Test Plan', 'archived': False, 'index': '7979358:Product Verification Test Plan'}, 8559429: {'id': 8559429, 'name': 'UX Test Plan', 'archived': False, 'index': '8559429:UX Test Plan'}}"
2022-12-07 04:59:33 I Odin  Get_alltests    "Get project name:Odin id:20550 all testplans successful!!!"
2022-12-07 05:04:59 I Odin  tidy_alltestcas "101"
2022-12-07 05:09:25 I Odin  Print           "DROP TABLE IF EXISTS testcases:successful"
2022-12-07 05:09:32 I Odin  Print           "CREATE TABLE IF NOT EXISTS testcases (                             testplan_id INT,                             testplan_name TEXT,                             testgroup_id INT,                             testgroup_name TEXT,                             testcycle_id INT,                             testcycle_name TEXT,                             rel TEXT,                             id INT,                             uniqueid TEXT,                             name TEXT,                             status TEXT,                             upstream TEXT,                             downstream TEXT,                             executionDate TEXT) ENGINE=InnoDB DEFAULT CHARSET=utf8:successful"
2022-12-07 05:09:36 I Odin  update_database "Insert testcases table successful"
2022-12-07 05:09:41 I Odin  Print           "CREATE TABLE IF NOT EXISTS tests (                             testplan_id INT,                             testplan_name TEXT,                             testplan_status TEXT,                             rel TEXT, status TEXT,                             count INT, date TEXT) ENGINE=InnoDB DEFAULT CHARSET=utf8:successful"
2022-12-07 05:09:41 I Odin  Print           "DELETE FROM tests WHERE date='2022-12-07':successful"
2022-12-07 05:09:41 I Odin  Print           "SELECT testplan_id FROM tests GROUP BY testplan_id:successful"
2022-12-07 05:09:41 I Odin  Print           "SELECT testplan_name FROM tests WHERE testplan_id=7979358 LIMIT 1:successful"
2022-12-07 05:09:41 I Odin  Print           "UPDATE tests SET testplan_status='Active' WHERE testplan_id=7979358:successful"
2022-12-07 05:09:41 I Odin  Print           "SELECT testplan_name FROM tests WHERE testplan_id=8559429 LIMIT 1:successful"
2022-12-07 05:09:41 I Odin  Print           "UPDATE tests SET testplan_status='Active' WHERE testplan_id=8559429:successful"
2022-12-07 05:09:41 I Odin  Print           "INSERT INTO tests (testplan_id, testplan_name, testplan_status, rel, status, count, date) SELECT testplan_id, testplan_name, 'Active' as testplan_status, rel, status, count((@rn := @rn + 1)) as count, '2022-12-07' as date FROM testcases cross join (select @rn := 0) const GROUP BY testplan_id, rel, status:successful"
2022-12-07 05:09:41 I Odin  update_database "Insert tests table successful"
2022-12-07 05:09:48 I Odin  Print           "CREATE TABLE IF NOT EXISTS testapproval (                                 rel TEXT, team TEXT, status TEXT, upstream TEXT, count INT, date TEXT                                 ) ENGINE=InnoDB DEFAULT CHARSET=utf8:successful"
2022-12-07 05:09:48 I Odin  Print           "DROP TABLE IF EXISTS alltestapproval:successful"
2022-12-07 05:09:48 I Odin  Print           "CREATE TABLE IF NOT EXISTS alltestapproval (                                 id INT, uniqueid TEXT, name TEXT, status TEXT, rel TEXT, team TEXT, upstream TEXT                                 ) ENGINE=InnoDB DEFAULT CHARSET=utf8:successful"
2022-12-07 05:09:48 I Odin  Print           "DELETE FROM testapproval WHERE date='2022-12-07':successful"
2022-12-07 05:09:55 I Odin  Print           "INSERT INTO testapproval (rel, team, status, count, date, upstream) SELECT rel, team, status, count((@rn := @rn + 1)) as count, '2022-12-07' as date, upstream FROM alltestapproval cross join (select @rn := 0) const GROUP BY rel, team, status, upstream:successful"
2022-12-07 05:10:07 I Odin  Get_allfeatuers "[]"
2022-12-07 05:10:07 I Odin  Print           "CREATE TABLE IF NOT EXISTS features (                                rel TEXT, status TEXT, count INT, date TEXT) ENGINE=InnoDB DEFAULT CHARSET=utf8:successful"
2022-12-07 05:10:07 I Odin  Print           "CREATE TABLE IF NOT EXISTS allfeatures (                                id INT, uniqueid TEXT, name TEXT, status TEXT, rel TEXT,test_status TEXT) ENGINE=InnoDB DEFAULT CHARSET=utf8:successful"
2022-12-07 05:10:07 I Odin  Print           "DELETE FROM features WHERE date='2022-12-07':successful"
2022-12-07 05:10:07 I Odin  Print           "DELETE FROM allfeatures WHERE id=20438488:successful"
2022-12-07 05:10:07 I Odin  Print           "DELETE FROM allfeatures WHERE id=20436984:successful"
2022-12-07 05:10:07 I Odin  Print           "DELETE FROM allfeatures WHERE id=20402475:successful"
2022-12-07 05:10:07 I Odin  Print           "DELETE FROM allfeatures WHERE id=20402441:successful"
2022-12-07 05:10:08 I Odin  Print           "DELETE FROM allfeatures WHERE id=20389163:successful"
2022-12-07 05:10:08 I Odin  Print           "DELETE FROM allfeatures WHERE id=20388816:successful"
2022-12-07 05:10:08 I Odin  Print           "DELETE FROM allfeatures WHERE id=20388807:successful"
2022-12-07 05:10:10 I Odin  Print           "DELETE FROM allfeatures WHERE id=20364798:successful"
2022-12-07 05:10:10 I Odin  Print           "DELETE FROM allfeatures WHERE id=20363469:successful"
2022-12-07 05:10:10 I Odin  Print           "DELETE FROM allfeatures WHERE id=19961485:successful"
2022-12-07 05:10:10 I Odin  Print           "DELETE FROM allfeatures WHERE id=19852323:successful"
2022-12-07 05:10:10 I Odin  Print           "DELETE FROM allfeatures WHERE id=17281075:successful"
2022-12-07 05:10:10 I Odin  Print           "DELETE FROM allfeatures WHERE id=16747580:successful"
2022-12-07 05:10:11 I Odin  Print           "DELETE FROM allfeatures WHERE id=16540015:successful"
2022-12-07 05:10:11 I Odin  Print           "DELETE FROM allfeatures WHERE id=16539943:successful"
2022-12-07 05:10:13 I Odin  Print           "DELETE FROM allfeatures WHERE id=16539914:successful"
2022-12-07 05:10:13 I Odin  Print           "DELETE FROM allfeatures WHERE id=15806998:successful"
2022-12-07 05:10:13 I Odin  Print           "DELETE FROM allfeatures WHERE id=15727115:successful"
2022-12-07 05:10:13 I Odin  Print           "DELETE FROM allfeatures WHERE id=15727112:successful"
2022-12-07 05:10:13 I Odin  Print           "DELETE FROM allfeatures WHERE id=15727109:successful"
2022-12-07 05:10:13 I Odin  Print           "DELETE FROM allfeatures WHERE id=15727106:successful"
2022-12-07 05:10:13 I Odin  Print           "DELETE FROM allfeatures WHERE id=15727102:successful"
2022-12-07 05:10:13 I Odin  Print           "DELETE FROM allfeatures WHERE id=15727092:successful"
2022-12-07 05:10:13 I Odin  Print           "DELETE FROM allfeatures WHERE id=15639185:successful"
2022-12-07 05:10:13 I Odin  Print           "DELETE FROM allfeatures WHERE id=15632120:successful"
2022-12-07 05:10:13 I Odin  Print           "DELETE FROM allfeatures WHERE id=15631971:successful"
2022-12-07 05:10:13 I Odin  Print           "DELETE FROM allfeatures WHERE id=15631674:successful"
2022-12-07 05:10:14 I Odin  Print           "DELETE FROM allfeatures WHERE id=15305113:successful"
2022-12-07 05:10:14 I Odin  Print           "DELETE FROM allfeatures WHERE id=15305106:successful"
2022-12-07 05:10:14 I Odin  Print           "DELETE FROM allfeatures WHERE id=15305098:successful"
2022-12-07 05:10:14 I Odin  Print           "DELETE FROM allfeatures WHERE id=15305092:successful"
2022-12-07 05:10:14 I Odin  Print           "DELETE FROM allfeatures WHERE id=15305088:successful"
2022-12-07 05:10:14 I Odin  Print           "DELETE FROM allfeatures WHERE id=15305083:successful"
2022-12-07 05:10:14 I Odin  Print           "DELETE FROM allfeatures WHERE id=15305078:successful"
2022-12-07 05:10:14 I Odin  Print           "DELETE FROM allfeatures WHERE id=15305073:successful"
2022-12-07 05:10:14 I Odin  Print           "DELETE FROM allfeatures WHERE id=15305069:successful"
2022-12-07 05:10:14 I Odin  Print           "DELETE FROM allfeatures WHERE id=15305051:successful"
2022-12-07 05:10:14 I Odin  Print           "DELETE FROM allfeatures WHERE id=15305045:successful"
2022-12-07 05:10:14 I Odin  Print           "DELETE FROM allfeatures WHERE id=15305040:successful"
2022-12-07 05:10:14 I Odin  Print           "DELETE FROM allfeatures WHERE id=15305026:successful"
2022-12-07 05:10:14 I Odin  Print           "DELETE FROM allfeatures WHERE id=15305018:successful"
2022-12-07 05:10:14 I Odin  Print           "DELETE FROM allfeatures WHERE id=15305004:successful"
2022-12-07 05:10:14 I Odin  Print           "DELETE FROM allfeatures WHERE id=15304999:successful"
2022-12-07 05:10:14 I Odin  Print           "DELETE FROM allfeatures WHERE id=15304994:successful"
2022-12-07 05:10:14 I Odin  Print           "DELETE FROM allfeatures WHERE id=15304989:successful"
2022-12-07 05:10:14 I Odin  Print           "DELETE FROM allfeatures WHERE id=15304981:successful"
2022-12-07 05:10:14 I Odin  Print           "DELETE FROM allfeatures WHERE id=15304975:successful"
2022-12-07 05:10:14 I Odin  Print           "DELETE FROM allfeatures WHERE id=15304966:successful"
2022-12-07 05:10:14 I Odin  Print           "DELETE FROM allfeatures WHERE id=15304943:successful"
2022-12-07 05:10:14 I Odin  Print           "DELETE FROM allfeatures WHERE id=15083052:successful"
2022-12-07 05:10:14 I Odin  Print           "INSERT INTO features (rel, status, count, date)                                 SELECT rel, status, count((@rn := @rn + 1)) as count, '2022-12-07' as date FROM allfeatures cross join (select @rn := 0) const GROUP BY rel, status:successful"
2022-12-07 05:10:14 I Odin  Get_allchangere "[]"
2022-12-07 05:10:14 I Odin  Print           "CREATE TABLE IF NOT EXISTS changes (                                 rel TEXT, status TEXT, priority TEXT,                                 requester TEXT, date TEXT, count INT) ENGINE=InnoDB DEFAULT CHARSET=utf8:successful"
2022-12-07 05:10:14 I Odin  Print           "CREATE TABLE IF NOT EXISTS allchanges (                                 id INT, uniqueid TEXT, name TEXT,                                 status TEXT, rel TEXT, priority TEXT,                                 requester TEXT) ENGINE=InnoDB DEFAULT CHARSET=utf8:successful"
2022-12-07 05:10:14 I Odin  Print           "DELETE FROM changes WHERE date='2022-12-07':successful"
2022-12-07 05:10:15 I Odin  Print           "INSERT INTO changes (                                 rel, status, priority, requester, date, count)                                 SELECT rel, status, priority, requester, '2022-12-07' as date, count((@rn := @rn + 1)) as count FROM allchanges                                 cross join (select @rn := 0) const GROUP BY rel, status, priority, requester:successful"
2022-12-07 05:10:17 I Odin  Print           "CREATE TABLE IF NOT EXISTS designspec (                            rel TEXT, team TEXT, status TEXT, count INT, date text) ENGINE=InnoDB DEFAULT CHARSET=utf8:successful"
2022-12-07 05:10:17 I Odin  Print           "CREATE TABLE IF NOT EXISTS alldesignspec (                             id INT, uniqueid TEXT, name TEXT, status TEXT, rel TEXT, team TEXT) ENGINE=InnoDB DEFAULT CHARSET=utf8:successful"
2022-12-07 05:10:17 I Odin  Print           "DELETE FROM designspec WHERE date='2022-12-07':successful"
2022-12-07 05:10:18 I Odin  Print           "INSERT INTO designspec (rel, team, status, count, date) SELECT rel, team, status, count((@rn := @rn + 1)) as count, '2022-12-07' as date FROM alldesignspec cross join (select @rn := 0) const GROUP BY rel, team, status:successful"
2022-12-07 05:10:29 I Odin  Get_alluserstor "[]"
2022-12-07 05:10:30 I Odin  Print           "CREATE TABLE IF NOT EXISTS userstories (                 rel TEXT, status TEXT, count INT, date TEXT) ENGINE=InnoDB DEFAULT CHARSET=utf8:successful"
2022-12-07 05:10:30 I Odin  Print           "CREATE TABLE IF NOT EXISTS alluserstories (                 id INT, uniqueid TEXT, name TEXT, status TEXT, rel TEXT) ENGINE=InnoDB DEFAULT CHARSET=utf8:successful"
2022-12-07 05:10:30 I Odin  Print           "DELETE FROM userstories WHERE date='2022-12-07':successful"
2022-12-07 05:10:30 I Odin  Print           "INSERT INTO userstories (rel, status, count, date) SELECT rel, status, count((@rn := @rn + 1)) as count, '2022-12-07' as date FROM alluserstories cross join (select @rn := 0) const GROUP BY rel, status:successful"
2022-12-07 05:10:31 I Odin  Get_alldefects  "[]"
2022-12-07 05:10:31 I Odin  Print           "CREATE TABLE IF NOT EXISTS defects (                     rel TEXT, team TEXT, status TEXT, priority TEXT, count INT, date TEXT) ENGINE=InnoDB DEFAULT CHARSET=utf8:successful"
2022-12-07 05:10:31 I Odin  Print           "CREATE TABLE IF NOT EXISTS alldefects (                     id INT, uniqueid TEXT, name TEXT, status TEXT, rel TEXT, team TEXT, priority TEXT, jira TEXT, upstream TEXT) ENGINE=InnoDB DEFAULT CHARSET=utf8:successful"
2022-12-07 05:10:31 I Odin  Print           "DELETE FROM defects WHERE date='2022-12-07':successful"
2022-12-07 05:10:31 I Odin  Print           "INSERT INTO defects (rel, team, status, count, date, priority) SELECT rel, team, status, count((@rn := @rn + 1)) as count, '2022-12-07' as date, priority FROM alldefects cross join (select @rn := 0) const GROUP BY rel, team, status, priority:successful"
2022-12-07 05:15:01 I Odin  get_multipickli "Unassigned don't find the mainteam name from G_parameter"
2022-12-07 05:15:11 I Odin  get_multipickli "Unassigned don't find the mainteam name from G_parameter"
2022-12-07 05:15:16 I Odin  get_multipickli "Unassigned don't find the mainteam name from G_parameter"
2022-12-07 05:15:40 I Odin  get_multipickli "Unassigned don't find the mainteam name from G_parameter"
2022-12-07 05:30:07 I Odin  get_multipickli "Unassigned don't find the mainteam name from G_parameter"
2022-12-07 05:34:27 I Odin  get_multipickli "Unassigned don't find the mainteam name from G_parameter"
2022-12-07 05:37:48 I Odin  get_multipickli "Unassigned don't find the mainteam name from G_parameter"
2022-12-07 05:38:41 I Odin  get_multipickli "Unassigned don't find the mainteam name from G_parameter"
2022-12-07 05:40:59 I Odin  get_multipickli "Unassigned don't find the mainteam name from G_parameter"
2022-12-07 05:41:14 I Odin  get_multipickli "Unassigned don't find the mainteam name from G_parameter"
2022-12-07 05:41:15 I Odin  get_multipickli "Unassigned don't find the mainteam name from G_parameter"
2022-12-07 05:41:19 I Odin  get_multipickli "Unassigned don't find the mainteam name from G_parameter"
2022-12-07 05:41:35 I Odin  get_multipickli "Unassigned don't find the mainteam name from G_parameter"
2022-12-07 05:42:04 I Odin  get_multipickli "Unassigned don't find the mainteam name from G_parameter"
2022-12-07 05:42:39 I Odin  get_multipickli "Unassigned don't find the mainteam name from G_parameter"
2022-12-07 05:42:58 I Odin  get_multipickli "Unassigned don't find the mainteam name from G_parameter"
2022-12-07 05:43:23 I Odin  get_multipickli "Unassigned don't find the mainteam name from G_parameter"
2022-12-07 05:43:40 I Odin  get_multipickli "Unassigned don't find the mainteam name from G_parameter"
2022-12-07 05:43:50 I Odin  get_multipickli "Unassigned don't find the mainteam name from G_parameter"
2022-12-07 05:44:09 I Odin  get_multipickli "Unassigned don't find the mainteam name from G_parameter"
2022-12-07 05:44:27 I Odin  get_multipickli "Unassigned don't find the mainteam name from G_parameter"
2022-12-07 05:44:41 I Odin  get_multipickli "Unassigned don't find the mainteam name from G_parameter"
2022-12-07 05:44:53 I Odin  get_multipickli "Unassigned don't find the mainteam name from G_parameter"
2022-12-07 05:45:12 I Odin  get_multipickli "Unassigned don't find the mainteam name from G_parameter"
2022-12-07 05:45:14 I Odin  get_multipickli "Unassigned don't find the mainteam name from G_parameter"
2022-12-07 05:45:39 I Odin  get_multipickli "Unassigned don't find the mainteam name from G_parameter"
2022-12-07 05:45:46 I Odin  get_multipickli "Unassigned don't find the mainteam name from G_parameter"
2022-12-07 05:46:00 I Odin  get_multipickli "Unassigned don't find the mainteam name from G_parameter"
2022-12-07 05:46:05 I Odin  get_multipickli "Unassigned don't find the mainteam name from G_parameter"
2022-12-07 05:46:20 I Odin  get_multipickli "Unassigned don't find the mainteam name from G_parameter"
2022-12-07 05:46:33 I Odin  get_multipickli "Unassigned don't find the mainteam name from G_parameter"
2022-12-07 05:46:47 I Odin  get_multipickli "Unassigned don't find the mainteam name from G_parameter"
2022-12-07 05:46:55 I Odin  get_multipickli "Unassigned don't find the mainteam name from G_parameter"
2022-12-07 05:46:57 I Odin  get_multipickli "Unassigned don't find the mainteam name from G_parameter"
2022-12-07 05:47:05 I Odin  get_multipickli "Unassigned don't find the mainteam name from G_parameter"
2022-12-07 05:47:07 I Odin  get_multipickli "Unassigned don't find the mainteam name from G_parameter"
2022-12-07 05:47:17 I Odin  get_multipickli "Unassigned don't find the mainteam name from G_parameter"
2022-12-07 05:47:19 I Odin  get_multipickli "Unassigned don't find the mainteam name from G_parameter"
2022-12-07 05:47:27 I Odin  get_multipickli "Unassigned don't find the mainteam name from G_parameter"
2022-12-07 05:47:28 I Odin  get_multipickli "Unassigned don't find the mainteam name from G_parameter"
2022-12-07 05:47:36 I Odin  get_multipickli "Unassigned don't find the mainteam name from G_parameter"
2022-12-07 05:47:55 I Odin  get_multipickli "Unassigned don't find the mainteam name from G_parameter"
2022-12-07 05:52:15 I Odin  get_multipickli "Unassigned don't find the mainteam name from G_parameter"
2022-12-07 05:52:25 I Odin  get_multipickli "Unassigned don't find the mainteam name from G_parameter"
2022-12-07 05:52:31 I Odin  get_multipickli "Unassigned don't find the mainteam name from G_parameter"
2022-12-07 05:52:36 I Odin  get_multipickli "Unassigned don't find the mainteam name from G_parameter"
2022-12-07 05:54:45 I Odin  get_multipickli "Unassigned don't find the mainteam name from G_parameter"
2022-12-07 05:54:54 I Odin  get_multipickli "Unassigned don't find the mainteam name from G_parameter"
2022-12-07 05:55:02 I Odin  get_multipickli "Unassigned don't find the mainteam name from G_parameter"
2022-12-07 05:55:07 I Odin  get_multipickli "Unassigned don't find the mainteam name from G_parameter"
2022-12-07 05:55:11 I Odin  get_multipickli "Unassigned don't find the mainteam name from G_parameter"
2022-12-07 05:55:19 I Odin  get_multipickli "Unassigned don't find the mainteam name from G_parameter"
2022-12-07 05:59:10 I Odin  get_multipickli "Unassigned don't find the mainteam name from G_parameter"
2022-12-07 06:01:34 I Odin  get_multipickli "Unassigned don't find the mainteam name from G_parameter"
2022-12-07 06:02:23 I Odin  get_multipickli "Digital Experience – Android don't find the mainteam name from G_parameter"
2022-12-07 06:02:25 I Odin  get_multipickli "Digital Experience – IOS don't find the mainteam name from G_parameter"
2022-12-07 06:02:41 I Odin  get_multipickli "Digital Experience – Android don't find the mainteam name from G_parameter"
2022-12-07 06:02:41 I Odin  get_multipickli "Digital Experience – IOS don't find the mainteam name from G_parameter"
2022-12-07 06:02:49 I Odin  get_multipickli "Digital Experience – Android don't find the mainteam name from G_parameter"
2022-12-07 06:02:49 I Odin  get_multipickli "Digital Experience – IOS don't find the mainteam name from G_parameter"
2022-12-07 06:02:53 I Odin  get_multipickli "Digital Experience – Android don't find the mainteam name from G_parameter"
2022-12-07 06:02:53 I Odin  get_multipickli "Digital Experience – IOS don't find the mainteam name from G_parameter"
2022-12-07 06:03:33 I Odin  get_multipickli "ESW Platform Test don't find the mainteam name from G_parameter"
2022-12-07 06:05:08 I Odin  get_multipickli "Unassigned don't find the mainteam name from G_parameter"
2022-12-07 06:05:13 I Odin  get_multipickli "Unassigned don't find the mainteam name from G_parameter"
2022-12-07 06:05:18 I Odin  get_multipickli "Unassigned don't find the mainteam name from G_parameter"
2022-12-07 06:05:23 I Odin  get_multipickli "Unassigned don't find the mainteam name from G_parameter"
2022-12-07 06:05:23 I Odin  get_multipickli "Digital Experience – IOS don't find the mainteam name from G_parameter"
2022-12-07 06:05:25 I Odin  get_multipickli "Digital Experience – SDK don't find the mainteam name from G_parameter"
2022-12-07 06:09:07 I Odin  get_multipickli "Unassigned don't find the mainteam name from G_parameter"
2022-12-07 06:10:18 I Odin  get_multipickli "Digital Experience – Android don't find the mainteam name from G_parameter"
2022-12-07 06:10:18 I Odin  get_multipickli "Digital Experience – IOS don't find the mainteam name from G_parameter"
2022-12-07 06:10:29 I Odin  get_multipickli "Digital Experience – Android don't find the mainteam name from G_parameter"
2022-12-07 06:10:29 I Odin  get_multipickli "Digital Experience – IOS don't find the mainteam name from G_parameter"
2022-12-07 06:10:33 I Odin  get_multipickli "Digital Experience – Android don't find the mainteam name from G_parameter"
2022-12-07 06:10:33 I Odin  get_multipickli "Digital Experience – IOS don't find the mainteam name from G_parameter"
2022-12-07 06:10:57 I Odin  get_multipickli "Unassigned don't find the mainteam name from G_parameter"
2022-12-07 06:11:47 I Odin  get_multipickli "Digital Experience – Android don't find the mainteam name from G_parameter"
2022-12-07 06:11:47 I Odin  get_multipickli "Digital Experience – IOS don't find the mainteam name from G_parameter"
2022-12-07 06:11:56 I Odin  get_multipickli "Digital Experience – Android don't find the mainteam name from G_parameter"
2022-12-07 06:11:56 I Odin  get_multipickli "Digital Experience – IOS don't find the mainteam name from G_parameter"
2022-12-07 06:13:05 I Odin  get_multipickli "Digital Experience – Android don't find the mainteam name from G_parameter"
2022-12-07 06:13:05 I Odin  get_multipickli "Digital Experience – IOS don't find the mainteam name from G_parameter"
2022-12-07 06:13:11 I Odin  get_multipickli "Digital Experience – Android don't find the mainteam name from G_parameter"
2022-12-07 06:13:11 I Odin  get_multipickli "Digital Experience – IOS don't find the mainteam name from G_parameter"
2022-12-07 06:13:27 I Odin  get_multipickli "Digital Experience – Android don't find the mainteam name from G_parameter"
2022-12-07 06:13:27 I Odin  get_multipickli "Digital Experience – IOS don't find the mainteam name from G_parameter"
2022-12-07 06:13:32 I Odin  get_multipickli "Digital Experience – Android don't find the mainteam name from G_parameter"
2022-12-07 06:13:32 I Odin  get_multipickli "Digital Experience – IOS don't find the mainteam name from G_parameter"
2022-12-07 06:13:36 I Odin  get_multipickli "Digital Experience – Android don't find the mainteam name from G_parameter"
2022-12-07 06:13:36 I Odin  get_multipickli "Digital Experience – IOS don't find the mainteam name from G_parameter"
2022-12-07 06:13:41 I Odin  get_multipickli "Digital Experience – Android don't find the mainteam name from G_parameter"
2022-12-07 06:13:41 I Odin  get_multipickli "Digital Experience – IOS don't find the mainteam name from G_parameter"
2022-12-07 06:13:46 I Odin  get_multipickli "Digital Experience – Android don't find the mainteam name from G_parameter"
2022-12-07 06:13:46 I Odin  get_multipickli "Digital Experience – IOS don't find the mainteam name from G_parameter"
2022-12-07 06:13:59 I Odin  get_multipickli "Unassigned don't find the mainteam name from G_parameter"
2022-12-07 06:14:49 I Odin  get_multipickli "Unassigned don't find the mainteam name from G_parameter"
2022-12-07 06:15:12 I Odin  get_multipickli "Unassigned don't find the mainteam name from G_parameter"
2022-12-07 06:15:33 I Odin  get_multipickli "Unassigned don't find the mainteam name from G_parameter"
2022-12-07 06:15:40 I Odin  get_multipickli "Unassigned don't find the mainteam name from G_parameter"
2022-12-07 06:16:44 I Odin  get_multipickli "Unassigned don't find the mainteam name from G_parameter"
2022-12-07 06:17:50 I Odin  get_multipickli "Unassigned don't find the mainteam name from G_parameter"
2022-12-07 06:17:53 I Odin  get_multipickli "Unassigned don't find the mainteam name from G_parameter"
2022-12-07 06:18:03 I Odin  get_multipickli "Unassigned don't find the mainteam name from G_parameter"
2022-12-07 06:18:07 I Odin  get_multipickli "Unassigned don't find the mainteam name from G_parameter"
2022-12-07 06:18:10 I Odin  get_multipickli "Unassigned don't find the mainteam name from G_parameter"
2022-12-07 06:18:14 I Odin  get_multipickli "Unassigned don't find the mainteam name from G_parameter"
2022-12-07 06:18:17 I Odin  get_multipickli "Unassigned don't find the mainteam name from G_parameter"
2022-12-07 06:18:42 I Odin  get_multipickli "Unassigned don't find the mainteam name from G_parameter"
2022-12-07 06:18:50 I Odin  get_multipickli "Unassigned don't find the mainteam name from G_parameter"
2022-12-07 06:18:54 I Odin  get_multipickli "Unassigned don't find the mainteam name from G_parameter"
2022-12-07 06:20:54 I Odin  get_multipickli "Unassigned don't find the mainteam name from G_parameter"
2022-12-07 06:21:29 I Odin  get_multipickli "Digital Experience – Android don't find the mainteam name from G_parameter"
2022-12-07 06:21:29 I Odin  get_multipickli "Digital Experience – IOS don't find the mainteam name from G_parameter"
2022-12-07 06:21:33 I Odin  get_multipickli "Digital Experience – Android don't find the mainteam name from G_parameter"
2022-12-07 06:21:33 I Odin  get_multipickli "Digital Experience – IOS don't find the mainteam name from G_parameter"
2022-12-07 06:22:34 I Odin  get_multipickli "Unassigned don't find the mainteam name from G_parameter"
2022-12-07 06:24:03 I Odin  get_multipickli "ESW Platform Test don't find the mainteam name from G_parameter"
2022-12-07 06:26:10 I Odin  get_multipickli "Unassigned don't find the mainteam name from G_parameter"
2022-12-07 06:26:46 I Odin  Print           "DROP TABLE IF EXISTS allrequirements:successful"
2022-12-07 06:26:46 I Odin  Print           "DROP TABLE IF EXISTS allcoverage:successful"
2022-12-07 06:26:46 I Odin  Print           "CREATE TABLE IF NOT EXISTS requirements (                        rel TEXT, status TEXT, count INT, date TEXT) ENGINE=InnoDB DEFAULT CHARSET=utf8:successful"
2022-12-07 06:26:46 I Odin  Print           "CREATE TABLE IF NOT EXISTS allrequirements (                        id INT, uniqueid TEXT, name TEXT, status TEXT, rel TEXT, upstream TEXT, downstream TEXT, team TEXT, test_status TEXT) ENGINE=InnoDB DEFAULT CHARSET=utf8:successful"
2022-12-07 06:26:46 I Odin  Print           "CREATE TABLE IF NOT EXISTS coverage (                        team text, covered int, expected int, date text) ENGINE=InnoDB DEFAULT CHARSET=utf8:successful"
2022-12-07 06:26:46 I Odin  Print           "CREATE TABLE IF NOT EXISTS allcoverage (                        id INT, uniqueid TEXT, name TEXT, status TEXT, rel TEXT, verify TEXT, missing TEXT) ENGINE=InnoDB DEFAULT CHARSET=utf8:successful"
2022-12-07 06:26:46 I Odin  Print           "DELETE FROM requirements WHERE date='2022-12-07':successful"
2022-12-07 06:26:46 I Odin  Print           "DELETE FROM coverage WHERE date='2022-12-07':successful"
2022-12-07 06:26:46 I Odin  Print           "INSERT INTO requirements (rel, status, count, date) SELECT rel, status, count((@rn := @rn + 1)) as count, '2022-12-07' as date FROM allrequirements cross join (select @rn := 0) const GROUP BY rel, status:successful"
2022-12-07 06:26:46 I Odin  Print           "CREATE TABLE IF NOT EXISTS feattest (rel TEXT, status TEXT, count TEXT, date TEXT) ENGINE=InnoDB DEFAULT CHARSET=utf8:successful"
2022-12-07 06:26:46 I Odin  Print           "CREATE TABLE IF NOT EXISTS reqtest (rel TEXT, status TEXT, count TEXT, date TEXT) ENGINE=InnoDB DEFAULT CHARSET=utf8:successful"
2022-12-07 06:26:46 I Odin  Print           "SELECT id FROM allfeatures:successful"
2022-12-07 06:26:46 I Odin  Print           "SELECT id,upstream,downstream,team FROM allrequirements:successful"
2022-12-07 06:26:46 I Odin  Print           "SELECT id FROM allcoverage:successful"
2022-12-07 06:26:46 I Odin  Print           "SELECT * FROM testcases:successful"
