2022-12-07 04:59:34 I Pelic Print           "Connet 20625 successfully!!!"
2022-12-07 04:59:34 I Pelic Get_alltests    "Get project name:Pelican id:20625 all testplans"
2022-12-07 04:59:35 I Pelic Get_alltests    "{10183809: {'id': 10183809, 'name': 'Product Verification Test Plan', 'archived': False, 'index': '10183809:Product Verification Test Plan'}, 10219787: {'id': 10219787, 'name': 'Tonly SW Test Plan', 'archived': False, 'index': '10219787:Tonly SW Test Plan'}}"
2022-12-07 04:59:35 I Pelic Get_alltests    "Get project name:Pelican id:20625 all testplans successful!!!"
2022-12-07 05:13:43 I Pelic tidy_alltestcas "45"
2022-12-07 05:16:33 I Pelic Print           "DROP TABLE IF EXISTS testcases:successful"
2022-12-07 05:16:33 I Pelic Print           "CREATE TABLE IF NOT EXISTS testcases (                             testplan_id INT,                             testplan_name TEXT,                             testgroup_id INT,                             testgroup_name TEXT,                             testcycle_id INT,                             testcycle_name TEXT,                             rel TEXT,                             id INT,                             uniqueid TEXT,                             name TEXT,                             status TEXT,                             upstream TEXT,                             downstream TEXT,                             executionDate TEXT) ENGINE=InnoDB DEFAULT CHARSET=utf8:successful"
2022-12-07 05:16:44 I Pelic update_database "Insert testcases table successful"
2022-12-07 05:16:44 I Pelic Print           "CREATE TABLE IF NOT EXISTS tests (                             testplan_id INT,                             testplan_name TEXT,                             testplan_status TEXT,                             rel TEXT, status TEXT,                             count INT, date TEXT) ENGINE=InnoDB DEFAULT CHARSET=utf8:successful"
2022-12-07 05:16:44 I Pelic Print           "DELETE FROM tests WHERE date='2022-12-07':successful"
2022-12-07 05:16:45 I Pelic Print           "SELECT testplan_id FROM tests GROUP BY testplan_id:successful"
2022-12-07 05:16:45 I Pelic Print           "SELECT testplan_name FROM tests WHERE testplan_id=10183809 LIMIT 1:successful"
2022-12-07 05:16:45 I Pelic Print           "UPDATE tests SET testplan_status='Active' WHERE testplan_id=10183809:successful"
2022-12-07 05:16:45 I Pelic Print           "INSERT INTO tests (testplan_id, testplan_name, testplan_status, rel, status, count, date) SELECT testplan_id, testplan_name, 'Active' as testplan_status, rel, status, count((@rn := @rn + 1)) as count, '2022-12-07' as date FROM testcases cross join (select @rn := 0) const GROUP BY testplan_id, rel, status:successful"
2022-12-07 05:16:45 I Pelic update_database "Insert tests table successful"
2022-12-07 05:16:45 I Pelic Print           "CREATE TABLE IF NOT EXISTS testapproval (                                 rel TEXT, team TEXT, status TEXT, upstream TEXT, count INT, date TEXT                                 ) ENGINE=InnoDB DEFAULT CHARSET=utf8:successful"
2022-12-07 05:16:45 I Pelic Print           "DROP TABLE IF EXISTS alltestapproval:successful"
2022-12-07 05:16:52 I Pelic Print           "CREATE TABLE IF NOT EXISTS alltestapproval (                                 id INT, uniqueid TEXT, name TEXT, status TEXT, rel TEXT, team TEXT, upstream TEXT                                 ) ENGINE=InnoDB DEFAULT CHARSET=utf8:successful"
2022-12-07 05:16:52 I Pelic Print           "DELETE FROM testapproval WHERE date='2022-12-07':successful"
2022-12-07 05:16:56 I Pelic Print           "INSERT INTO testapproval (rel, team, status, count, date, upstream) SELECT rel, team, status, count((@rn := @rn + 1)) as count, '2022-12-07' as date, upstream FROM alltestapproval cross join (select @rn := 0) const GROUP BY rel, team, status, upstream:successful"
2022-12-07 05:17:14 I Pelic Get_allfeatuers "[{'id': 10281768, 'name': 'Legal docs (App only)', 'documentKey': 'pel-FEAT-755', 'statusId': 156584, 'status': 'Proposal'}, {'id': 9783814, 'name': 'Google Bisto Voice Assistance Certification - Audio (Draft)', 'documentKey': 'pel-FEAT-182', 'statusId': 156761, 'status': 'Previously approved'}, {'id': 9783818, 'name': 'Tx Rogue One Plus (2 microphones)', 'documentKey': 'pel-FEAT-156', 'statusId': 156584, 'status': 'Proposal'}, {'id': 9783828, 'name': 'Rx In-Ear semi-open ANC with best performance tier', 'documentKey': 'pel-FEAT-189', 'statusId': 156761, 'status': 'Previously approved'}, {'id': 9783843, 'name': 'Rx Virtual Surround HP Lite', 'documentKey': 'pel-FEAT-188', 'statusId': 156584, 'status': 'Proposal'}, {'id': 9783863, 'name': 'Wind Detection for Adaptive FF ANC Control', 'documentKey': 'pel-FEAT-166', 'statusId': 156880, 'status': 'Pending platform (only in project)'}, {'id': 9783865, 'name': 'Google Bisto - Push To Talk (PTT)', 'documentKey': 'pel-FEAT-183', 'statusId': 156409, 'status': 'Draft'}, {'id': 9783866, 'name': 'Google Bisto - Always on Voice (AoV)', 'documentKey': 'pel-FEAT-184', 'statusId': 156409, 'status': 'Draft'}, {'id': 9831913, 'name': 'LE Audio Unicast [TBD]', 'documentKey': 'pel-FEAT-598', 'statusId': 156584, 'status': 'Proposal'}, {'id': 9831915, 'name': 'LE Audio Auracast Receiver', 'documentKey': 'pel-FEAT-600', 'statusId': 156584, 'status': 'Proposal'}, {'id': 9783870, 'name': 'ID Concept and Wearingstyle', 'documentKey': 'pel-FEAT-43', 'statusId': 156409, 'status': 'Draft'}, {'id': 9783872, 'name': 'USB Type-C interface', 'documentKey': 'pel-FEAT-44', 'statusId': 156761, 'status': 'Previously approved'}, {'id': 9783873, 'name': 'Weight', 'documentKey': 'pel-FEAT-45', 'statusId': 156761, 'status': 'Previously approved'}, {'id': 10142763, 'name': 'Spotify Tap', 'documentKey': 'pel-FEAT-622', 'statusId': 156761, 'status': 'Previously approved'}, {'id': 9783880, 'name': 'Wireless Charging Pad [FCS]', 'documentKey': 'pel-FEAT-152', 'statusId': 156584, 'status': 'Proposal'}, {'id': 10170531, 'name': 'USB cable', 'documentKey': 'pel-FEAT-750', 'statusId': 156584, 'status': 'Proposal'}, {'id': 9783882, 'name': 'Battery performance', 'documentKey': 'pel-FEAT-50', 'statusId': 156584, 'status': 'Proposal'}, {'id': 9783883, 'name': 'Charging', 'documentKey': 'pel-FEAT-51', 'statusId': 156761, 'status': 'Previously approved'}, {'id': 10096106, 'name': 'Speaker driver size', 'documentKey': 'pel-FEAT-616', 'statusId': 156584, 'status': 'Proposal'}, {'id': 9783892, 'name': 'Device Tracking', 'documentKey': 'pel-FEAT-59', 'statusId': 156761, 'status': 'Previously approved'}, {'id': 9783894, 'name': 'Item tracking', 'documentKey': 'pel-FEAT-61', 'statusId': 156761, 'status': 'Previously approved'}, {'id': 9783895, 'name': 'Jabra production support', 'documentKey': 'pel-FEAT-62', 'statusId': 156761, 'status': 'Previously approved'}, {'id': 9783902, 'name': 'Bluetooth pairing', 'documentKey': 'pel-FEAT-69', 'statusId': 156761, 'status': 'Previously approved'}, {'id': 9783911, 'name': ' Bluetooth Multipoint ', 'documentKey': 'pel-FEAT-76', 'statusId': 156584, 'status': 'Proposal'}, {'id': 9783914, 'name': 'PC Dongle', 'documentKey': 'pel-FEAT-79', 'statusId': 156761, 'status': 'Previously approved'}, {'id': 10099257, 'name': 'Support for Multiple Voice Assistants, wake word', 'documentKey': 'pel-FEAT-617', 'statusId': 156409, 'status': 'Draft'}, {'id': 9783905, 'name': 'Customize Bluetooth name', 'documentKey': 'pel-FEAT-72', 'statusId': 156409, 'status': 'Draft'}, {'id': 9783923, 'name': 'Call management, Bluetooth', 'documentKey': 'pel-FEAT-87', 'statusId': 156761, 'status': 'Previously approved'}, {'id': 9783926, 'name': 'Eargels', 'documentKey': 'pel-FEAT-88', 'statusId': 156761, 'status': 'Previously approved'}, {'id': 9783927, 'name': 'Factory reset', 'documentKey': 'pel-FEAT-89', 'statusId': 156761, 'status': 'Previously approved'}, {'id': 9783933, 'name': 'Secure and Comfortable fit', 'documentKey': 'pel-FEAT-97', 'statusId': 156410, 'status': 'Approved'}, {'id': 9783837, 'name': 'Rx MySound Music', 'documentKey': 'pel-FEAT-29', 'statusId': 156412, 'status': 'Rejected'}, {'id': 9783838, 'name': 'Rx MySound Calls', 'documentKey': 'pel-FEAT-28', 'statusId': 156412, 'status': 'Rejected'}, {'id': 9783839, 'name': 'Rx Audio Sealing test In-Ear', 'documentKey': 'pel-FEAT-27', 'statusId': 156412, 'status': 'Rejected'}, {'id': 9783797, 'name': 'Selection of Voice Assistant (App only)', 'documentKey': 'pel-FEAT-6', 'statusId': 156410, 'status': 'Approved'}, {'id': 9783793, 'name': 'Find my head phones (App only)', 'documentKey': 'pel-FEAT-2', 'statusId': 156410, 'status': 'Approved'}, {'id': 10072160, 'name': 'ANC control (App only)', 'documentKey': 'pel-FEAT-614', 'statusId': 156410, 'status': 'Approved'}, {'id': 10281711, 'name': 'Link to device FAQ (App only)', 'documentKey': 'pel-FEAT-752', 'statusId': 156410, 'status': 'Approved'}, {'id': 10281726, 'name': 'Link to "Buy Jabra" (App only)', 'documentKey': 'pel-FEAT-753', 'statusId': 156410, 'status': 'Approved'}, {'id': 10281733, 'name': 'Soundscapes (App only)', 'documentKey': 'pel-FEAT-754', 'statusId': 156410, 'status': 'Approved'}, {'id': 10285256, 'name': 'Technical info (summary)', 'documentKey': 'pel-FEAT-756', 'statusId': 156410, 'status': 'Approved'}, {'id': 10313492, 'name': 'Virtual Surround Sound control', 'documentKey': 'pel-FEAT-890', 'statusId': 156409, 'status': 'Draft'}, {'id': 9783801, 'name': 'Adjustable Hearthrough', 'documentKey': 'pel-FEAT-9', 'statusId': 156410, 'status': 'Approved'}, {'id': 9783810, 'name': 'Adaptive Active Noise Cancelling (ANC)', 'documentKey': 'pel-FEAT-159', 'statusId': 156410, 'status': 'Approved'}, {'id': 9783803, 'name': 'User Audio Configuration', 'documentKey': 'pel-FEAT-11', 'statusId': 156410, 'status': 'Approved'}, {'id': 9783812, 'name': 'Sidetone', 'documentKey': 'pel-FEAT-161', 'statusId': 156410, 'status': 'Approved'}, {'id': 9783831, 'name': 'Rx Music User Equalizer', 'documentKey': 'pel-FEAT-24', 'statusId': 156410, 'status': 'Approved'}, {'id': 9783834, 'name': 'Rx Communication User Equalizer', 'documentKey': 'pel-FEAT-23', 'statusId': 156410, 'status': 'Approved'}, {'id': 10234733, 'name': 'Rx Virtual Surround Sound "Dolby Spatial Audio"', 'documentKey': 'pel-FEAT-751', 'statusId': 156410, 'status': 'Approved'}, {'id': 9783852, 'name': 'Sidetone', 'documentKey': 'pel-FEAT-34', 'statusId': 156410, 'status': 'Approved'}, {'id': 9783853, 'name': 'Sidetone - Low Latency Noise Reduction', 'documentKey': 'pel-FEAT-35', 'statusId': 156410, 'status': 'Approved'}, {'id': 9783908, 'name': 'Google Bisto [Android only]', 'documentKey': 'pel-FEAT-75', 'statusId': 156410, 'status': 'Approved'}, {'id': 9783909, 'name': 'Google Fast Pair', 'documentKey': 'pel-FEAT-66', 'statusId': 156410, 'status': 'Approved'}, {'id': 9952535, 'name': 'Microsoft Swift Pair', 'documentKey': 'pel-FEAT-602', 'statusId': 156410, 'status': 'Approved'}, {'id': 9783878, 'name': 'Quick Start Guide and Manuals', 'documentKey': 'pel-FEAT-48', 'statusId': 156410, 'status': 'Approved'}, {'id': 9783879, 'name': 'SKUs', 'documentKey': 'pel-FEAT-49', 'statusId': 156410, 'status': 'Approved'}, {'id': 9783896, 'name': 'SKU awareness [TBD]', 'documentKey': 'pel-FEAT-64', 'statusId': 156410, 'status': 'Approved'}, {'id': 9783900, 'name': 'Battery status', 'documentKey': 'pel-FEAT-67', 'statusId': 156410, 'status': 'Approved'}, {'id': 9783907, 'name': 'Firmware update OTA', 'documentKey': 'pel-FEAT-74', 'statusId': 156410, 'status': 'Approved'}, {'id': 9783910, 'name': 'Google qualified Google Wake word functionality', 'documentKey': 'pel-FEAT-147', 'statusId': 156410, 'status': 'Approved'}, {'id': 9783918, 'name': 'Support for Multiple Voice Assistants, button press', 'documentKey': 'pel-FEAT-83', 'statusId': 156410, 'status': 'Approved'}, {'id': 9783904, 'name': 'Change headset language pack', 'documentKey': 'pel-FEAT-71', 'statusId': 156410, 'status': 'Approved'}, {'id': 9783906, 'name': 'Device configuration changes synced to applications', 'documentKey': 'pel-FEAT-73', 'statusId': 156410, 'status': 'Approved'}, {'id': 9783919, 'name': 'Symmetric and Seamless Design for TWS', 'documentKey': 'pel-FEAT-84', 'statusId': 156410, 'status': 'Approved'}, {'id': 9783920, 'name': 'Voice guidance', 'documentKey': 'pel-FEAT-85', 'statusId': 156410, 'status': 'Approved'}, {'id': 9783922, 'name': 'Buttons', 'documentKey': 'pel-FEAT-86', 'statusId': 156410, 'status': 'Approved'}, {'id': 9783929, 'name': 'Visual status indication of cradle and earbuds', 'documentKey': 'pel-FEAT-91', 'statusId': 156410, 'status': 'Approved'}, {'id': 10091928, 'name': 'Sound Modes', 'documentKey': 'pel-FEAT-615', 'statusId': 156410, 'status': 'Approved'}, {'id': 9783928, 'name': 'In- and out of ear detection', 'documentKey': 'pel-FEAT-151', 'statusId': 156410, 'status': 'Approved'}, {'id': 9783931, 'name': 'Mute reminder tones On / Off', 'documentKey': 'pel-FEAT-94', 'statusId': 156410, 'status': 'Approved'}, {'id': 9783935, 'name': 'UI Configurable Buttons // MyControls', 'documentKey': 'pel-FEAT-99', 'statusId': 156410, 'status': 'Approved'}, {'id': 10311551, 'name': 'Auto hear through mode in mono use', 'documentKey': 'pel-FEAT-889', 'statusId': 156409, 'status': 'Draft'}, {'id': 10292215, 'name': 'Wireless Charging Pad [VP1]', 'documentKey': 'pel-FEAT-786', 'statusId': 156409, 'status': 'Draft'}, {'id': 10294178, 'name': 'Wireless Charging Pad [VP1]', 'documentKey': 'pel-FEAT-888', 'statusId': 156409, 'status': 'Draft'}]"
2022-12-07 05:17:16 I Pelic Print           "CREATE TABLE IF NOT EXISTS features (                                rel TEXT, status TEXT, count INT, date TEXT) ENGINE=InnoDB DEFAULT CHARSET=utf8:successful"
2022-12-07 05:17:16 I Pelic Print           "CREATE TABLE IF NOT EXISTS allfeatures (                                id INT, uniqueid TEXT, name TEXT, status TEXT, rel TEXT,test_status TEXT) ENGINE=InnoDB DEFAULT CHARSET=utf8:successful"
2022-12-07 05:17:16 I Pelic Print           "DELETE FROM features WHERE date='2022-12-07':successful"
2022-12-07 05:17:16 I Pelic Print           "DELETE FROM allfeatures WHERE id=20944440:successful"
2022-12-07 05:17:17 I Pelic Print           "DELETE FROM allfeatures WHERE id=20494242:successful"
2022-12-07 05:17:17 I Pelic Print           "DELETE FROM allfeatures WHERE id=20485782:successful"
2022-12-07 05:17:17 I Pelic Print           "DELETE FROM allfeatures WHERE id=20485558:successful"
2022-12-07 05:17:17 I Pelic Print           "DELETE FROM allfeatures WHERE id=20477465:successful"
2022-12-07 05:17:17 I Pelic Print           "DELETE FROM allfeatures WHERE id=20477231:successful"
2022-12-07 05:17:17 I Pelic Print           "DELETE FROM allfeatures WHERE id=20476941:successful"
2022-12-07 05:17:17 I Pelic Print           "DELETE FROM allfeatures WHERE id=20424968:successful"
2022-12-07 05:17:17 I Pelic Print           "DELETE FROM allfeatures WHERE id=20411798:successful"
2022-12-07 05:17:17 I Pelic Print           "DELETE FROM allfeatures WHERE id=20330590:successful"
2022-12-07 05:17:17 I Pelic Print           "DELETE FROM allfeatures WHERE id=20330589:successful"
2022-12-07 05:17:17 I Pelic Print           "DELETE FROM allfeatures WHERE id=20232016:successful"
2022-12-07 05:17:17 I Pelic Print           "DELETE FROM allfeatures WHERE id=10281768:successful"
2022-12-07 05:17:17 I Pelic Print           "DELETE FROM allfeatures WHERE id=9783814:successful"
2022-12-07 05:17:17 I Pelic Print           "DELETE FROM allfeatures WHERE id=9783818:successful"
2022-12-07 05:17:17 I Pelic Print           "DELETE FROM allfeatures WHERE id=9783828:successful"
2022-12-07 05:17:17 I Pelic Print           "DELETE FROM allfeatures WHERE id=9783843:successful"
2022-12-07 05:17:17 I Pelic Print           "DELETE FROM allfeatures WHERE id=9783863:successful"
2022-12-07 05:17:17 I Pelic Print           "DELETE FROM allfeatures WHERE id=9783865:successful"
2022-12-07 05:17:17 I Pelic Print           "DELETE FROM allfeatures WHERE id=9783866:successful"
2022-12-07 05:17:17 I Pelic Print           "DELETE FROM allfeatures WHERE id=9831913:successful"
2022-12-07 05:17:17 I Pelic Print           "DELETE FROM allfeatures WHERE id=9831915:successful"
2022-12-07 05:17:17 I Pelic Print           "DELETE FROM allfeatures WHERE id=9783870:successful"
2022-12-07 05:17:17 I Pelic Print           "DELETE FROM allfeatures WHERE id=9783872:successful"
2022-12-07 05:17:17 I Pelic Print           "DELETE FROM allfeatures WHERE id=9783873:successful"
2022-12-07 05:17:17 I Pelic Print           "DELETE FROM allfeatures WHERE id=10142763:successful"
2022-12-07 05:17:17 I Pelic Print           "DELETE FROM allfeatures WHERE id=9783880:successful"
2022-12-07 05:17:17 I Pelic Print           "DELETE FROM allfeatures WHERE id=10170531:successful"
2022-12-07 05:17:17 I Pelic Print           "DELETE FROM allfeatures WHERE id=9783882:successful"
2022-12-07 05:17:17 I Pelic Print           "DELETE FROM allfeatures WHERE id=9783883:successful"
2022-12-07 05:17:17 I Pelic Print           "DELETE FROM allfeatures WHERE id=10096106:successful"
2022-12-07 05:17:17 I Pelic Print           "DELETE FROM allfeatures WHERE id=9783892:successful"
2022-12-07 05:17:17 I Pelic Print           "DELETE FROM allfeatures WHERE id=9783894:successful"
2022-12-07 05:17:17 I Pelic Print           "DELETE FROM allfeatures WHERE id=9783895:successful"
2022-12-07 05:17:17 I Pelic Print           "DELETE FROM allfeatures WHERE id=9783902:successful"
2022-12-07 05:17:17 I Pelic Print           "DELETE FROM allfeatures WHERE id=9783911:successful"
2022-12-07 05:17:17 I Pelic Print           "DELETE FROM allfeatures WHERE id=9783914:successful"
2022-12-07 05:17:17 I Pelic Print           "DELETE FROM allfeatures WHERE id=10099257:successful"
2022-12-07 05:17:17 I Pelic Print           "DELETE FROM allfeatures WHERE id=9783905:successful"
2022-12-07 05:17:17 I Pelic Print           "DELETE FROM allfeatures WHERE id=9783923:successful"
2022-12-07 05:17:17 I Pelic Print           "DELETE FROM allfeatures WHERE id=9783926:successful"
2022-12-07 05:17:17 I Pelic Print           "DELETE FROM allfeatures WHERE id=9783927:successful"
2022-12-07 05:17:17 I Pelic Print           "DELETE FROM allfeatures WHERE id=9783933:successful"
2022-12-07 05:17:17 I Pelic Print           "DELETE FROM allfeatures WHERE id=9783837:successful"
2022-12-07 05:17:17 I Pelic Print           "DELETE FROM allfeatures WHERE id=9783838:successful"
2022-12-07 05:17:17 I Pelic Print           "DELETE FROM allfeatures WHERE id=9783839:successful"
2022-12-07 05:17:17 I Pelic Print           "DELETE FROM allfeatures WHERE id=9783797:successful"
2022-12-07 05:17:17 I Pelic Print           "DELETE FROM allfeatures WHERE id=9783793:successful"
2022-12-07 05:17:17 I Pelic Print           "DELETE FROM allfeatures WHERE id=10072160:successful"
2022-12-07 05:17:17 I Pelic Print           "DELETE FROM allfeatures WHERE id=10281711:successful"
2022-12-07 05:17:17 I Pelic Print           "DELETE FROM allfeatures WHERE id=10281726:successful"
2022-12-07 05:17:17 I Pelic Print           "DELETE FROM allfeatures WHERE id=10281733:successful"
2022-12-07 05:17:17 I Pelic Print           "DELETE FROM allfeatures WHERE id=10285256:successful"
2022-12-07 05:17:17 I Pelic Print           "DELETE FROM allfeatures WHERE id=10313492:successful"
2022-12-07 05:17:17 I Pelic Print           "DELETE FROM allfeatures WHERE id=9783801:successful"
2022-12-07 05:17:17 I Pelic Print           "DELETE FROM allfeatures WHERE id=9783810:successful"
2022-12-07 05:17:17 I Pelic Print           "DELETE FROM allfeatures WHERE id=9783803:successful"
2022-12-07 05:17:17 I Pelic Print           "DELETE FROM allfeatures WHERE id=9783812:successful"
2022-12-07 05:17:17 I Pelic Print           "DELETE FROM allfeatures WHERE id=9783831:successful"
2022-12-07 05:17:17 I Pelic Print           "DELETE FROM allfeatures WHERE id=9783834:successful"
2022-12-07 05:17:17 I Pelic Print           "DELETE FROM allfeatures WHERE id=10234733:successful"
2022-12-07 05:17:17 I Pelic Print           "DELETE FROM allfeatures WHERE id=9783852:successful"
2022-12-07 05:17:17 I Pelic Print           "DELETE FROM allfeatures WHERE id=9783853:successful"
2022-12-07 05:17:17 I Pelic Print           "DELETE FROM allfeatures WHERE id=9783908:successful"
2022-12-07 05:17:17 I Pelic Print           "DELETE FROM allfeatures WHERE id=9783909:successful"
2022-12-07 05:17:17 I Pelic Print           "DELETE FROM allfeatures WHERE id=9952535:successful"
2022-12-07 05:17:17 I Pelic Print           "DELETE FROM allfeatures WHERE id=9783878:successful"
2022-12-07 05:17:17 I Pelic Print           "DELETE FROM allfeatures WHERE id=9783879:successful"
2022-12-07 05:17:17 I Pelic Print           "DELETE FROM allfeatures WHERE id=9783896:successful"
2022-12-07 05:17:17 I Pelic Print           "DELETE FROM allfeatures WHERE id=9783900:successful"
2022-12-07 05:17:17 I Pelic Print           "DELETE FROM allfeatures WHERE id=9783907:successful"
2022-12-07 05:17:17 I Pelic Print           "DELETE FROM allfeatures WHERE id=9783910:successful"
2022-12-07 05:17:17 I Pelic Print           "DELETE FROM allfeatures WHERE id=9783918:successful"
2022-12-07 05:17:17 I Pelic Print           "DELETE FROM allfeatures WHERE id=9783904:successful"
2022-12-07 05:17:17 I Pelic Print           "DELETE FROM allfeatures WHERE id=9783906:successful"
2022-12-07 05:17:17 I Pelic Print           "DELETE FROM allfeatures WHERE id=9783919:successful"
2022-12-07 05:17:17 I Pelic Print           "DELETE FROM allfeatures WHERE id=9783920:successful"
2022-12-07 05:17:17 I Pelic Print           "DELETE FROM allfeatures WHERE id=9783922:successful"
2022-12-07 05:17:17 I Pelic Print           "DELETE FROM allfeatures WHERE id=9783929:successful"
2022-12-07 05:17:17 I Pelic Print           "DELETE FROM allfeatures WHERE id=10091928:successful"
2022-12-07 05:17:17 I Pelic Print           "DELETE FROM allfeatures WHERE id=9783928:successful"
2022-12-07 05:17:17 I Pelic Print           "DELETE FROM allfeatures WHERE id=9783931:successful"
2022-12-07 05:17:17 I Pelic Print           "DELETE FROM allfeatures WHERE id=9783935:successful"
2022-12-07 05:17:17 I Pelic Print           "DELETE FROM allfeatures WHERE id=10311551:successful"
2022-12-07 05:17:17 I Pelic Print           "DELETE FROM allfeatures WHERE id=10292215:successful"
2022-12-07 05:17:17 I Pelic Print           "DELETE FROM allfeatures WHERE id=10294178:successful"
2022-12-07 05:17:19 I Pelic Print           "INSERT INTO features (rel, status, count, date)                                 SELECT rel, status, count((@rn := @rn + 1)) as count, '2022-12-07' as date FROM allfeatures cross join (select @rn := 0) const GROUP BY rel, status:successful"
2022-12-07 05:17:19 I Pelic Get_allchangere "[]"
2022-12-07 05:17:19 I Pelic Print           "CREATE TABLE IF NOT EXISTS changes (                                 rel TEXT, status TEXT, priority TEXT,                                 requester TEXT, date TEXT, count INT) ENGINE=InnoDB DEFAULT CHARSET=utf8:successful"
2022-12-07 05:17:19 I Pelic Print           "CREATE TABLE IF NOT EXISTS allchanges (                                 id INT, uniqueid TEXT, name TEXT,                                 status TEXT, rel TEXT, priority TEXT,                                 requester TEXT) ENGINE=InnoDB DEFAULT CHARSET=utf8:successful"
2022-12-07 05:17:19 I Pelic Print           "DELETE FROM changes WHERE date='2022-12-07':successful"
2022-12-07 05:17:20 I Pelic Print           "INSERT INTO changes (                                 rel, status, priority, requester, date, count)                                 SELECT rel, status, priority, requester, '2022-12-07' as date, count((@rn := @rn + 1)) as count FROM allchanges                                 cross join (select @rn := 0) const GROUP BY rel, status, priority, requester:successful"
2022-12-07 05:17:34 I Pelic Print           "CREATE TABLE IF NOT EXISTS designspec (                            rel TEXT, team TEXT, status TEXT, count INT, date text) ENGINE=InnoDB DEFAULT CHARSET=utf8:successful"
2022-12-07 05:17:34 I Pelic Print           "CREATE TABLE IF NOT EXISTS alldesignspec (                             id INT, uniqueid TEXT, name TEXT, status TEXT, rel TEXT, team TEXT) ENGINE=InnoDB DEFAULT CHARSET=utf8:successful"
2022-12-07 05:17:34 I Pelic Print           "DELETE FROM designspec WHERE date='2022-12-07':successful"
2022-12-07 05:17:34 I Pelic Print           "DELETE FROM alldesignspec WHERE id=9785019:successful"
2022-12-07 05:17:34 I Pelic Print           "INSERT INTO designspec (rel, team, status, count, date) SELECT rel, team, status, count((@rn := @rn + 1)) as count, '2022-12-07' as date FROM alldesignspec cross join (select @rn := 0) const GROUP BY rel, team, status:successful"
2022-12-07 05:17:36 I Pelic Get_alluserstor "[]"
2022-12-07 05:17:44 I Pelic Print           "CREATE TABLE IF NOT EXISTS userstories (                 rel TEXT, status TEXT, count INT, date TEXT) ENGINE=InnoDB DEFAULT CHARSET=utf8:successful"
2022-12-07 05:17:46 I Pelic Print           "CREATE TABLE IF NOT EXISTS alluserstories (                 id INT, uniqueid TEXT, name TEXT, status TEXT, rel TEXT) ENGINE=InnoDB DEFAULT CHARSET=utf8:successful"
2022-12-07 05:17:46 I Pelic Print           "DELETE FROM userstories WHERE date='2022-12-07':successful"
2022-12-07 05:17:46 I Pelic Print           "INSERT INTO userstories (rel, status, count, date) SELECT rel, status, count((@rn := @rn + 1)) as count, '2022-12-07' as date FROM alluserstories cross join (select @rn := 0) const GROUP BY rel, status:successful"
2022-12-07 05:17:47 I Pelic Get_alldefects  "[]"
2022-12-07 05:17:50 I Pelic Print           "CREATE TABLE IF NOT EXISTS defects (                     rel TEXT, team TEXT, status TEXT, priority TEXT, count INT, date TEXT) ENGINE=InnoDB DEFAULT CHARSET=utf8:successful"
2022-12-07 05:17:50 I Pelic Print           "CREATE TABLE IF NOT EXISTS alldefects (                     id INT, uniqueid TEXT, name TEXT, status TEXT, rel TEXT, team TEXT, priority TEXT, jira TEXT, upstream TEXT) ENGINE=InnoDB DEFAULT CHARSET=utf8:successful"
2022-12-07 05:17:50 I Pelic Print           "DELETE FROM defects WHERE date='2022-12-07':successful"
2022-12-07 05:17:50 I Pelic Print           "INSERT INTO defects (rel, team, status, count, date, priority) SELECT rel, team, status, count((@rn := @rn + 1)) as count, '2022-12-07' as date, priority FROM alldefects cross join (select @rn := 0) const GROUP BY rel, team, status, priority:successful"
2022-12-07 05:21:00 I Pelic get_multipickli "Unassigned don't find the mainteam name from G_parameter"
2022-12-07 05:34:42 I Pelic get_multipickli "Unassigned don't find the mainteam name from G_parameter"
2022-12-07 05:34:55 I Pelic get_multipickli "Unassigned don't find the mainteam name from G_parameter"
2022-12-07 05:41:49 I Pelic get_multipickli "Unassigned don't find the mainteam name from G_parameter"
2022-12-07 05:46:44 I Pelic get_multipickli "Unassigned don't find the mainteam name from G_parameter"
2022-12-07 05:47:12 I Pelic get_multipickli "Unassigned don't find the mainteam name from G_parameter"
2022-12-07 05:52:34 I Pelic get_multipickli "Unassigned don't find the mainteam name from G_parameter"
2022-12-07 05:52:50 I Pelic get_multipickli "ESW Platform Test don't find the mainteam name from G_parameter"
2022-12-07 05:52:54 I Pelic get_multipickli "ESW Platform Test don't find the mainteam name from G_parameter"
2022-12-07 05:52:59 I Pelic get_multipickli "ESW Platform Test don't find the mainteam name from G_parameter"
2022-12-07 05:53:05 I Pelic get_multipickli "ESW Platform Test don't find the mainteam name from G_parameter"
2022-12-07 05:55:14 I Pelic get_multipickli "Unassigned don't find the mainteam name from G_parameter"
2022-12-07 05:55:25 I Pelic get_multipickli "Unassigned don't find the mainteam name from G_parameter"
2022-12-07 05:55:30 I Pelic get_multipickli "Unassigned don't find the mainteam name from G_parameter"
2022-12-07 05:55:40 I Pelic get_multipickli "Unassigned don't find the mainteam name from G_parameter"
2022-12-07 05:55:45 I Pelic get_multipickli "Unassigned don't find the mainteam name from G_parameter"
2022-12-07 05:57:18 I Pelic get_multipickli "ESW Platform Test don't find the mainteam name from G_parameter"
2022-12-07 05:57:23 I Pelic get_multipickli "ESW Platform Test don't find the mainteam name from G_parameter"
2022-12-07 05:58:08 I Pelic get_multipickli "Unassigned don't find the mainteam name from G_parameter"
2022-12-07 05:58:16 I Pelic get_multipickli "Unassigned don't find the mainteam name from G_parameter"
2022-12-07 05:58:23 I Pelic get_multipickli "Unassigned don't find the mainteam name from G_parameter"
2022-12-07 05:58:30 I Pelic get_multipickli "Unassigned don't find the mainteam name from G_parameter"
2022-12-07 05:58:36 I Pelic get_multipickli "Unassigned don't find the mainteam name from G_parameter"
2022-12-07 05:58:41 I Pelic get_multipickli "Unassigned don't find the mainteam name from G_parameter"
2022-12-07 05:58:45 I Pelic get_multipickli "Unassigned don't find the mainteam name from G_parameter"
2022-12-07 05:58:50 I Pelic get_multipickli "Unassigned don't find the mainteam name from G_parameter"
2022-12-07 05:58:54 I Pelic get_multipickli "Unassigned don't find the mainteam name from G_parameter"
2022-12-07 05:59:00 I Pelic get_multipickli "Unassigned don't find the mainteam name from G_parameter"
2022-12-07 05:59:04 I Pelic get_multipickli "Unassigned don't find the mainteam name from G_parameter"
2022-12-07 05:59:09 I Pelic get_multipickli "Unassigned don't find the mainteam name from G_parameter"
2022-12-07 05:59:12 I Pelic get_multipickli "Unassigned don't find the mainteam name from G_parameter"
2022-12-07 05:59:18 I Pelic get_multipickli "Unassigned don't find the mainteam name from G_parameter"
2022-12-07 05:59:23 I Pelic get_multipickli "Unassigned don't find the mainteam name from G_parameter"
2022-12-07 05:59:27 I Pelic get_multipickli "Unassigned don't find the mainteam name from G_parameter"
2022-12-07 05:59:33 I Pelic get_multipickli "Unassigned don't find the mainteam name from G_parameter"
2022-12-07 05:59:39 I Pelic get_multipickli "Unassigned don't find the mainteam name from G_parameter"
2022-12-07 05:59:44 I Pelic get_multipickli "Unassigned don't find the mainteam name from G_parameter"
2022-12-07 05:59:49 I Pelic get_multipickli "Unassigned don't find the mainteam name from G_parameter"
2022-12-07 05:59:56 I Pelic get_multipickli "Unassigned don't find the mainteam name from G_parameter"
2022-12-07 06:00:01 I Pelic get_multipickli "Unassigned don't find the mainteam name from G_parameter"
2022-12-07 06:00:07 I Pelic get_multipickli "Unassigned don't find the mainteam name from G_parameter"
2022-12-07 06:00:13 I Pelic get_multipickli "Unassigned don't find the mainteam name from G_parameter"
2022-12-07 06:00:18 I Pelic get_multipickli "Unassigned don't find the mainteam name from G_parameter"
2022-12-07 06:00:23 I Pelic get_multipickli "Unassigned don't find the mainteam name from G_parameter"
2022-12-07 06:00:28 I Pelic get_multipickli "Unassigned don't find the mainteam name from G_parameter"
2022-12-07 06:00:33 I Pelic get_multipickli "Unassigned don't find the mainteam name from G_parameter"
2022-12-07 06:00:38 I Pelic get_multipickli "Unassigned don't find the mainteam name from G_parameter"
2022-12-07 06:00:44 I Pelic get_multipickli "Unassigned don't find the mainteam name from G_parameter"
2022-12-07 06:00:49 I Pelic get_multipickli "Unassigned don't find the mainteam name from G_parameter"
2022-12-07 06:00:54 I Pelic get_multipickli "Unassigned don't find the mainteam name from G_parameter"
2022-12-07 06:00:59 I Pelic get_multipickli "Unassigned don't find the mainteam name from G_parameter"
2022-12-07 06:01:04 I Pelic get_multipickli "Unassigned don't find the mainteam name from G_parameter"
2022-12-07 06:01:08 I Pelic get_multipickli "Unassigned don't find the mainteam name from G_parameter"
2022-12-07 06:01:14 I Pelic get_multipickli "Unassigned don't find the mainteam name from G_parameter"
2022-12-07 06:01:19 I Pelic get_multipickli "Unassigned don't find the mainteam name from G_parameter"
2022-12-07 06:01:25 I Pelic get_multipickli "Unassigned don't find the mainteam name from G_parameter"
2022-12-07 06:01:31 I Pelic get_multipickli "Unassigned don't find the mainteam name from G_parameter"
2022-12-07 06:01:36 I Pelic get_multipickli "Unassigned don't find the mainteam name from G_parameter"
2022-12-07 06:01:42 I Pelic get_multipickli "Unassigned don't find the mainteam name from G_parameter"
2022-12-07 06:01:50 I Pelic get_multipickli "Unassigned don't find the mainteam name from G_parameter"
2022-12-07 06:01:58 I Pelic get_multipickli "Unassigned don't find the mainteam name from G_parameter"
2022-12-07 06:02:06 I Pelic get_multipickli "Unassigned don't find the mainteam name from G_parameter"
2022-12-07 06:02:13 I Pelic get_multipickli "Unassigned don't find the mainteam name from G_parameter"
2022-12-07 06:02:22 I Pelic get_multipickli "Unassigned don't find the mainteam name from G_parameter"
2022-12-07 06:02:29 I Pelic get_multipickli "Unassigned don't find the mainteam name from G_parameter"
2022-12-07 06:02:38 I Pelic get_multipickli "Unassigned don't find the mainteam name from G_parameter"
2022-12-07 06:02:45 I Pelic get_multipickli "Unassigned don't find the mainteam name from G_parameter"
2022-12-07 06:05:52 I Pelic get_multipickli "Unassigned don't find the mainteam name from G_parameter"
2022-12-07 06:05:58 I Pelic get_multipickli "Unassigned don't find the mainteam name from G_parameter"
2022-12-07 06:10:35 I Pelic get_multipickli "Digital Experience – Android don't find the mainteam name from G_parameter"
2022-12-07 06:10:36 I Pelic get_multipickli "Digital Experience – IOS don't find the mainteam name from G_parameter"
2022-12-07 06:10:38 I Pelic get_multipickli "Digital Experience – SDK don't find the mainteam name from G_parameter"
2022-12-07 06:11:39 I Pelic get_multipickli "Unassigned don't find the mainteam name from G_parameter"
2022-12-07 06:11:52 I Pelic get_multipickli "Unassigned don't find the mainteam name from G_parameter"
2022-12-07 06:11:57 I Pelic get_multipickli "Unassigned don't find the mainteam name from G_parameter"
2022-12-07 06:12:01 I Pelic get_multipickli "Unassigned don't find the mainteam name from G_parameter"
2022-12-07 06:12:04 I Pelic get_multipickli "Unassigned don't find the mainteam name from G_parameter"
2022-12-07 06:12:09 I Pelic get_multipickli "Unassigned don't find the mainteam name from G_parameter"
2022-12-07 06:12:13 I Pelic get_multipickli "Unassigned don't find the mainteam name from G_parameter"
2022-12-07 06:12:17 I Pelic get_multipickli "Unassigned don't find the mainteam name from G_parameter"
2022-12-07 06:12:21 I Pelic get_multipickli "Digital Experience – Android don't find the mainteam name from G_parameter"
2022-12-07 06:12:22 I Pelic get_multipickli "Digital Experience – IOS don't find the mainteam name from G_parameter"
2022-12-07 06:12:26 I Pelic get_multipickli "Digital Experience – Android don't find the mainteam name from G_parameter"
2022-12-07 06:12:26 I Pelic get_multipickli "Digital Experience – IOS don't find the mainteam name from G_parameter"
2022-12-07 06:12:30 I Pelic get_multipickli "Digital Experience – Android don't find the mainteam name from G_parameter"
2022-12-07 06:12:30 I Pelic get_multipickli "Digital Experience – IOS don't find the mainteam name from G_parameter"
2022-12-07 06:12:34 I Pelic get_multipickli "Digital Experience – Android don't find the mainteam name from G_parameter"
2022-12-07 06:12:34 I Pelic get_multipickli "Digital Experience – IOS don't find the mainteam name from G_parameter"
2022-12-07 06:13:26 I Pelic get_multipickli "Digital Experience – Android don't find the mainteam name from G_parameter"
2022-12-07 06:13:26 I Pelic get_multipickli "Digital Experience – IOS don't find the mainteam name from G_parameter"
2022-12-07 06:13:50 I Pelic get_multipickli "Digital Experience – Android don't find the mainteam name from G_parameter"
2022-12-07 06:13:50 I Pelic get_multipickli "Digital Experience – IOS don't find the mainteam name from G_parameter"
2022-12-07 06:14:27 I Pelic get_multipickli "Digital Experience – Android don't find the mainteam name from G_parameter"
2022-12-07 06:14:27 I Pelic get_multipickli "Digital Experience – IOS don't find the mainteam name from G_parameter"
2022-12-07 06:14:46 I Pelic get_multipickli "Digital Experience – Android don't find the mainteam name from G_parameter"
2022-12-07 06:14:46 I Pelic get_multipickli "Digital Experience – IOS don't find the mainteam name from G_parameter"
2022-12-07 06:15:19 I Pelic get_multipickli "Digital Experience – Android don't find the mainteam name from G_parameter"
2022-12-07 06:15:19 I Pelic get_multipickli "Digital Experience – IOS don't find the mainteam name from G_parameter"
2022-12-07 06:15:19 I Pelic get_multipickli "Digital Experience – SDK don't find the mainteam name from G_parameter"
2022-12-07 06:17:05 I Pelic get_multipickli "Unassigned don't find the mainteam name from G_parameter"
2022-12-07 06:17:33 I Pelic get_multipickli "Unassigned don't find the mainteam name from G_parameter"
2022-12-07 06:17:37 I Pelic get_multipickli "Digital Experience – Android don't find the mainteam name from G_parameter"
2022-12-07 06:17:37 I Pelic get_multipickli "Digital Experience – IOS don't find the mainteam name from G_parameter"
2022-12-07 06:17:41 I Pelic get_multipickli "Digital Experience – Android don't find the mainteam name from G_parameter"
2022-12-07 06:17:41 I Pelic get_multipickli "Digital Experience – IOS don't find the mainteam name from G_parameter"
2022-12-07 06:17:45 I Pelic get_multipickli "Digital Experience – Android don't find the mainteam name from G_parameter"
2022-12-07 06:17:45 I Pelic get_multipickli "Digital Experience – IOS don't find the mainteam name from G_parameter"
2022-12-07 06:17:48 I Pelic get_multipickli "Digital Experience – Android don't find the mainteam name from G_parameter"
2022-12-07 06:17:48 I Pelic get_multipickli "Digital Experience – IOS don't find the mainteam name from G_parameter"
2022-12-07 06:17:52 I Pelic get_multipickli "Digital Experience – Android don't find the mainteam name from G_parameter"
2022-12-07 06:17:52 I Pelic get_multipickli "Digital Experience – IOS don't find the mainteam name from G_parameter"
2022-12-07 06:17:55 I Pelic get_multipickli "Digital Experience – Android don't find the mainteam name from G_parameter"
2022-12-07 06:17:55 I Pelic get_multipickli "Digital Experience – IOS don't find the mainteam name from G_parameter"
2022-12-07 06:17:58 I Pelic get_multipickli "Digital Experience – Android don't find the mainteam name from G_parameter"
2022-12-07 06:17:58 I Pelic get_multipickli "Digital Experience – IOS don't find the mainteam name from G_parameter"
2022-12-07 06:18:06 I Pelic get_multipickli "Unassigned don't find the mainteam name from G_parameter"
2022-12-07 06:18:09 I Pelic get_multipickli "Digital Experience – Android don't find the mainteam name from G_parameter"
2022-12-07 06:18:09 I Pelic get_multipickli "Digital Experience – IOS don't find the mainteam name from G_parameter"
2022-12-07 06:18:12 I Pelic get_multipickli "Digital Experience – Android don't find the mainteam name from G_parameter"
2022-12-07 06:18:16 I Pelic get_multipickli "Digital Experience – Android don't find the mainteam name from G_parameter"
2022-12-07 06:18:19 I Pelic get_multipickli "Digital Experience – Android don't find the mainteam name from G_parameter"
2022-12-07 06:18:23 I Pelic get_multipickli "Digital Experience – Android don't find the mainteam name from G_parameter"
2022-12-07 06:18:27 I Pelic get_multipickli "Digital Experience – Android don't find the mainteam name from G_parameter"
2022-12-07 06:18:31 I Pelic get_multipickli "Digital Experience – Android don't find the mainteam name from G_parameter"
2022-12-07 06:20:22 I Pelic get_multipickli "Unassigned don't find the mainteam name from G_parameter"
2022-12-07 06:22:37 I Pelic get_multipickli "Unassigned don't find the mainteam name from G_parameter"
2022-12-07 06:22:40 I Pelic get_multipickli "Unassigned don't find the mainteam name from G_parameter"
2022-12-07 06:29:39 I Pelic get_multipickli "Unassigned don't find the mainteam name from G_parameter"
2022-12-07 06:34:48 I Pelic get_multipickli "Unassigned don't find the mainteam name from G_parameter"
2022-12-07 06:35:42 I Pelic get_multipickli "Unassigned don't find the mainteam name from G_parameter"
2022-12-07 06:45:45 I Pelic get_multipickli "Unassigned don't find the mainteam name from G_parameter"
2022-12-07 06:46:20 I Pelic get_multipickli "ESW Platform Test don't find the mainteam name from G_parameter"
2022-12-07 06:46:38 I Pelic get_multipickli "ESW Platform Test don't find the mainteam name from G_parameter"
2022-12-07 06:46:56 I Pelic get_multipickli "ESW Platform Test don't find the mainteam name from G_parameter"
2022-12-07 06:47:14 I Pelic get_multipickli "ESW Platform Test don't find the mainteam name from G_parameter"
2022-12-07 06:49:50 I Pelic get_multipickli "Unassigned don't find the mainteam name from G_parameter"
2022-12-07 06:49:54 I Pelic get_multipickli "Unassigned don't find the mainteam name from G_parameter"
2022-12-07 06:49:58 I Pelic get_multipickli "Unassigned don't find the mainteam name from G_parameter"
2022-12-07 06:50:02 I Pelic get_multipickli "Unassigned don't find the mainteam name from G_parameter"
2022-12-07 06:50:05 I Pelic get_multipickli "Unassigned don't find the mainteam name from G_parameter"
2022-12-07 06:50:11 I Pelic get_multipickli "Unassigned don't find the mainteam name from G_parameter"
2022-12-07 06:51:54 I Pelic get_multipickli "Unassigned don't find the mainteam name from G_parameter"
2022-12-07 06:51:57 I Pelic get_multipickli "Unassigned don't find the mainteam name from G_parameter"
2022-12-07 06:53:01 I Pelic get_multipickli "Unassigned don't find the mainteam name from G_parameter"
2022-12-07 06:53:44 I Pelic get_multipickli "Unassigned don't find the mainteam name from G_parameter"
2022-12-07 06:53:54 I Pelic get_multipickli "Unassigned don't find the mainteam name from G_parameter"
2022-12-07 06:55:49 I Pelic get_multipickli "Unassigned don't find the mainteam name from G_parameter"
2022-12-07 06:55:56 I Pelic get_multipickli "ESW Platform Test don't find the mainteam name from G_parameter"
2022-12-07 06:56:00 I Pelic get_multipickli "ESW Platform Test don't find the mainteam name from G_parameter"
2022-12-07 06:56:03 I Pelic get_multipickli "ESW Platform Test don't find the mainteam name from G_parameter"
2022-12-07 06:56:06 I Pelic get_multipickli "ESW Platform Test don't find the mainteam name from G_parameter"
2022-12-07 06:57:02 I Pelic get_multipickli "Unassigned don't find the mainteam name from G_parameter"
2022-12-07 06:57:04 I Pelic get_multipickli "Unassigned don't find the mainteam name from G_parameter"
2022-12-07 06:57:07 I Pelic get_multipickli "Unassigned don't find the mainteam name from G_parameter"
2022-12-07 06:57:12 I Pelic get_multipickli "Unassigned don't find the mainteam name from G_parameter"
2022-12-07 06:57:15 I Pelic get_multipickli "Unassigned don't find the mainteam name from G_parameter"
2022-12-07 06:57:18 I Pelic Print           "DROP TABLE IF EXISTS allrequirements:successful"
2022-12-07 06:57:18 I Pelic Print           "DROP TABLE IF EXISTS allcoverage:successful"
2022-12-07 06:57:18 I Pelic Print           "CREATE TABLE IF NOT EXISTS requirements (                        rel TEXT, status TEXT, count INT, date TEXT) ENGINE=InnoDB DEFAULT CHARSET=utf8:successful"
2022-12-07 06:57:18 I Pelic Print           "CREATE TABLE IF NOT EXISTS allrequirements (                        id INT, uniqueid TEXT, name TEXT, status TEXT, rel TEXT, upstream TEXT, downstream TEXT, team TEXT, test_status TEXT) ENGINE=InnoDB DEFAULT CHARSET=utf8:successful"
2022-12-07 06:57:18 I Pelic Print           "CREATE TABLE IF NOT EXISTS coverage (                        team text, covered int, expected int, date text) ENGINE=InnoDB DEFAULT CHARSET=utf8:successful"
2022-12-07 06:57:18 I Pelic Print           "CREATE TABLE IF NOT EXISTS allcoverage (                        id INT, uniqueid TEXT, name TEXT, status TEXT, rel TEXT, verify TEXT, missing TEXT) ENGINE=InnoDB DEFAULT CHARSET=utf8:successful"
2022-12-07 06:57:18 I Pelic Print           "DELETE FROM requirements WHERE date='2022-12-07':successful"
2022-12-07 06:57:18 I Pelic Print           "DELETE FROM coverage WHERE date='2022-12-07':successful"
2022-12-07 06:57:18 I Pelic Print           "INSERT INTO requirements (rel, status, count, date) SELECT rel, status, count((@rn := @rn + 1)) as count, '2022-12-07' as date FROM allrequirements cross join (select @rn := 0) const GROUP BY rel, status:successful"
2022-12-07 06:57:18 I Pelic Print           "CREATE TABLE IF NOT EXISTS feattest (rel TEXT, status TEXT, count TEXT, date TEXT) ENGINE=InnoDB DEFAULT CHARSET=utf8:successful"
2022-12-07 06:57:18 I Pelic Print           "CREATE TABLE IF NOT EXISTS reqtest (rel TEXT, status TEXT, count TEXT, date TEXT) ENGINE=InnoDB DEFAULT CHARSET=utf8:successful"
2022-12-07 06:57:18 I Pelic Print           "SELECT id FROM allfeatures:successful"
2022-12-07 06:57:18 I Pelic Print           "SELECT id,upstream,downstream,team FROM allrequirements:successful"
2022-12-07 06:57:18 I Pelic Print           "SELECT id FROM allcoverage:successful"
2022-12-07 06:57:18 I Pelic Print           "SELECT * FROM testcases:successful"
