2022-11-30 04:59:22 I Maple Print           "Connet 20547 successfully!!!"
2022-11-30 04:59:22 I Maple Get_alltests    "Get project name:Maple id:20547 all testplans"
2022-11-30 04:59:26 I Maple Get_alltests    "{9193870: {'id': 9193870, 'name': 'Environmental Compliance test', 'archived': False, 'index': '9193870:Environmental Compliance test'}, 8496709: {'id': 8496709, 'name': 'ESW Test Plan', 'archived': False, 'index': '8496709:ESW Test Plan'}, 9889469: {'id': 9889469, 'name': 'ESW Test Plan FCS - SP1', 'archived': False, 'index': '9889469:ESW Test Plan FCS - SP1'}, 8290088: {'id': 8290088, 'name': 'HW DVT Plan', 'archived': False, 'index': '8290088:HW DVT Plan'}, 8226833: {'id': 8226833, 'name': 'Maple Product Quality Plan and PVT inputs', 'archived': False, 'index': '8226833:Maple Product Quality Plan and PVT inputs'}, 8339487: {'id': 8339487, 'name': 'Packaging Verification Test Plan', 'archived': False, 'index': '8339487:Packaging Verification Test Plan'}, 9976084: {'id': 9976084, 'name': 'Product Maintenance test Plan', 'archived': False, 'index': '9976084:Product Maintenance test Plan'}, 8286559: {'id': 8286559, 'name': 'Product Verification Test Plan', 'archived': False, 'index': '8286559:Product Verification Test Plan'}, 8625269: {'id': 8625269, 'name': 'UX Test Plan', 'archived': False, 'index': '8625269:UX Test Plan'}}"
2022-11-30 04:59:26 I Maple Get_alltests    "Get project name:Maple id:20547 all testplans successful!!!"
2022-11-30 05:13:41 I Maple tidy_alltestcas "1149"
2022-11-30 05:21:14 I Maple Print           "DROP TABLE IF EXISTS testcases:successful"
2022-11-30 05:21:14 I Maple Print           "CREATE TABLE IF NOT EXISTS testcases (                             testplan_id INT,                             testplan_name TEXT,                             testgroup_id INT,                             testgroup_name TEXT,                             testcycle_id INT,                             testcycle_name TEXT,                             rel TEXT,                             id INT,                             uniqueid TEXT,                             name TEXT,                             status TEXT,                             upstream TEXT,                             downstream TEXT,                             executionDate TEXT) ENGINE=InnoDB DEFAULT CHARSET=utf8:successful"
2022-11-30 05:21:14 I Maple update_database "Insert testcases table successful"
2022-11-30 05:21:14 I Maple Print           "CREATE TABLE IF NOT EXISTS tests (                             testplan_id INT,                             testplan_name TEXT,                             testplan_status TEXT,                             rel TEXT, status TEXT,                             count INT, date TEXT) ENGINE=InnoDB DEFAULT CHARSET=utf8:successful"
2022-11-30 05:21:14 I Maple Print           "DELETE FROM tests WHERE date='2022-11-30':successful"
2022-11-30 05:21:14 I Maple Print           "SELECT testplan_id FROM tests GROUP BY testplan_id:successful"
2022-11-30 05:21:14 I Maple Print           "SELECT testplan_name FROM tests WHERE testplan_id=9193870 LIMIT 1:successful"
2022-11-30 05:21:14 I Maple Print           "UPDATE tests SET testplan_status='Active' WHERE testplan_id=9193870:successful"
2022-11-30 05:21:14 I Maple Print           "SELECT testplan_name FROM tests WHERE testplan_id=8496709 LIMIT 1:successful"
2022-11-30 05:21:14 I Maple Print           "UPDATE tests SET testplan_status='Active' WHERE testplan_id=8496709:successful"
2022-11-30 05:21:14 I Maple Print           "SELECT testplan_name FROM tests WHERE testplan_id=9889469 LIMIT 1:successful"
2022-11-30 05:21:14 I Maple Print           "UPDATE tests SET testplan_status='Active' WHERE testplan_id=9889469:successful"
2022-11-30 05:21:14 I Maple Print           "SELECT testplan_name FROM tests WHERE testplan_id=8290088 LIMIT 1:successful"
2022-11-30 05:21:14 I Maple Print           "UPDATE tests SET testplan_status='Active' WHERE testplan_id=8290088:successful"
2022-11-30 05:21:14 I Maple Print           "SELECT testplan_name FROM tests WHERE testplan_id=8339487 LIMIT 1:successful"
2022-11-30 05:21:14 I Maple Print           "UPDATE tests SET testplan_status='Active' WHERE testplan_id=8339487:successful"
2022-11-30 05:21:14 I Maple Print           "SELECT testplan_name FROM tests WHERE testplan_id=8286559 LIMIT 1:successful"
2022-11-30 05:21:14 I Maple Print           "UPDATE tests SET testplan_status='Active' WHERE testplan_id=8286559:successful"
2022-11-30 05:21:14 I Maple Print           "SELECT testplan_name FROM tests WHERE testplan_id=8625269 LIMIT 1:successful"
2022-11-30 05:21:14 I Maple Print           "UPDATE tests SET testplan_status='Active' WHERE testplan_id=8625269:successful"
2022-11-30 05:21:14 I Maple Print           "INSERT INTO tests (testplan_id, testplan_name, testplan_status, rel, status, count, date) SELECT testplan_id, testplan_name, 'Active' as testplan_status, rel, status, count((@rn := @rn + 1)) as count, '2022-11-30' as date FROM testcases cross join (select @rn := 0) const GROUP BY testplan_id, rel, status:successful"
2022-11-30 05:21:14 I Maple update_database "Insert tests table successful"
2022-11-30 05:21:14 I Maple Print           "CREATE TABLE IF NOT EXISTS testapproval (                                 rel TEXT, team TEXT, status TEXT, upstream TEXT, count INT, date TEXT                                 ) ENGINE=InnoDB DEFAULT CHARSET=utf8:successful"
2022-11-30 05:21:14 I Maple Print           "DROP TABLE IF EXISTS alltestapproval:successful"
2022-11-30 05:21:15 I Maple Print           "CREATE TABLE IF NOT EXISTS alltestapproval (                                 id INT, uniqueid TEXT, name TEXT, status TEXT, rel TEXT, team TEXT, upstream TEXT                                 ) ENGINE=InnoDB DEFAULT CHARSET=utf8:successful"
2022-11-30 05:21:15 I Maple Print           "DELETE FROM testapproval WHERE date='2022-11-30':successful"
2022-11-30 05:21:15 I Maple Print           "INSERT INTO testapproval (rel, team, status, count, date, upstream) SELECT rel, team, status, count((@rn := @rn + 1)) as count, '2022-11-30' as date, upstream FROM alltestapproval cross join (select @rn := 0) const GROUP BY rel, team, status, upstream:successful"
2022-11-30 05:21:28 I Maple Get_allfeatuers "[{'id': 9292479, 'name': 'Secure OTA Pairing', 'documentKey': 'Map-FEAT-55', 'statusId': 156410, 'status': 'Approved'}, {'id': 8698240, 'name': 'MS Teams Certification', 'documentKey': 'Map-FEAT-38', 'statusId': 156410, 'status': 'Approved'}]"
2022-11-30 05:21:28 I Maple Print           "CREATE TABLE IF NOT EXISTS features (                                rel TEXT, status TEXT, count INT, date TEXT) ENGINE=InnoDB DEFAULT CHARSET=utf8:successful"
2022-11-30 05:21:28 I Maple Print           "CREATE TABLE IF NOT EXISTS allfeatures (                                id INT, uniqueid TEXT, name TEXT, status TEXT, rel TEXT,test_status TEXT) ENGINE=InnoDB DEFAULT CHARSET=utf8:successful"
2022-11-30 05:21:28 I Maple Print           "DELETE FROM features WHERE date='2022-11-30':successful"
2022-11-30 05:21:28 I Maple Print           "DELETE FROM allfeatures WHERE id=20851029:successful"
2022-11-30 05:21:28 I Maple Print           "DELETE FROM allfeatures WHERE id=18785666:successful"
2022-11-30 05:21:28 I Maple Print           "DELETE FROM allfeatures WHERE id=18714026:successful"
2022-11-30 05:21:28 I Maple Print           "DELETE FROM allfeatures WHERE id=18631037:successful"
2022-11-30 05:21:28 I Maple Print           "DELETE FROM allfeatures WHERE id=18620088:successful"
2022-11-30 05:21:28 I Maple Print           "DELETE FROM allfeatures WHERE id=18620076:successful"
2022-11-30 05:21:28 I Maple Print           "DELETE FROM allfeatures WHERE id=18620060:successful"
2022-11-30 05:21:28 I Maple Print           "DELETE FROM allfeatures WHERE id=18620025:successful"
2022-11-30 05:21:28 I Maple Print           "DELETE FROM allfeatures WHERE id=18618173:successful"
2022-11-30 05:21:28 I Maple Print           "DELETE FROM allfeatures WHERE id=18617760:successful"
2022-11-30 05:21:28 I Maple Print           "DELETE FROM allfeatures WHERE id=18591634:successful"
2022-11-30 05:21:28 I Maple Print           "DELETE FROM allfeatures WHERE id=9292479:successful"
2022-11-30 05:21:28 I Maple Print           "DELETE FROM allfeatures WHERE id=8698240:successful"
2022-11-30 05:21:28 I Maple Print           "INSERT INTO features (rel, status, count, date)                                 SELECT rel, status, count((@rn := @rn + 1)) as count, '2022-11-30' as date FROM allfeatures cross join (select @rn := 0) const GROUP BY rel, status:successful"
2022-11-30 05:21:41 I Maple Get_allchangere "[{'id': 9733673, 'name': 'Conferencing: Out of range cases', 'documentKey': 'Map-CR-20', 'statusId': 156410, 'status': 'Approved', 'priorityId': 156643, 'priority': 'Not defined', 'req': 'UX / ESW'}, {'id': 9869047, 'name': 'Change connection priority', 'documentKey': 'Map-CR-21', 'statusId': 156410, 'status': 'Approved', 'priorityId': 156643, 'priority': 'Not defined', 'req': 'UX'}]"
2022-11-30 05:21:41 I Maple Print           "CREATE TABLE IF NOT EXISTS changes (                                 rel TEXT, status TEXT, priority TEXT,                                 requester TEXT, date TEXT, count INT) ENGINE=InnoDB DEFAULT CHARSET=utf8:successful"
2022-11-30 05:21:41 I Maple Print           "CREATE TABLE IF NOT EXISTS allchanges (                                 id INT, uniqueid TEXT, name TEXT,                                 status TEXT, rel TEXT, priority TEXT,                                 requester TEXT) ENGINE=InnoDB DEFAULT CHARSET=utf8:successful"
2022-11-30 05:21:41 I Maple Print           "DELETE FROM changes WHERE date='2022-11-30':successful"
2022-11-30 05:21:41 I Maple Print           "DELETE FROM allchanges WHERE id=9733673:successful"
2022-11-30 05:21:41 I Maple Print           "DELETE FROM allchanges WHERE id=9869047:successful"
2022-11-30 05:21:41 I Maple Print           "INSERT INTO changes (                                 rel, status, priority, requester, date, count)                                 SELECT rel, status, priority, requester, '2022-11-30' as date, count((@rn := @rn + 1)) as count FROM allchanges                                 cross join (select @rn := 0) const GROUP BY rel, status, priority, requester:successful"
2022-11-30 05:21:47 I Maple Print           "CREATE TABLE IF NOT EXISTS designspec (                            rel TEXT, team TEXT, status TEXT, count INT, date text) ENGINE=InnoDB DEFAULT CHARSET=utf8:successful"
2022-11-30 05:21:47 I Maple Print           "CREATE TABLE IF NOT EXISTS alldesignspec (                             id INT, uniqueid TEXT, name TEXT, status TEXT, rel TEXT, team TEXT) ENGINE=InnoDB DEFAULT CHARSET=utf8:successful"
2022-11-30 05:21:47 I Maple Print           "DELETE FROM designspec WHERE date='2022-11-30':successful"
2022-11-30 05:21:47 I Maple Print           "INSERT INTO designspec (rel, team, status, count, date) SELECT rel, team, status, count((@rn := @rn + 1)) as count, '2022-11-30' as date FROM alldesignspec cross join (select @rn := 0) const GROUP BY rel, team, status:successful"
2022-11-30 05:21:59 I Maple Get_alluserstor "[]"
2022-11-30 05:21:59 I Maple Print           "CREATE TABLE IF NOT EXISTS userstories (                 rel TEXT, status TEXT, count INT, date TEXT) ENGINE=InnoDB DEFAULT CHARSET=utf8:successful"
2022-11-30 05:21:59 I Maple Print           "CREATE TABLE IF NOT EXISTS alluserstories (                 id INT, uniqueid TEXT, name TEXT, status TEXT, rel TEXT) ENGINE=InnoDB DEFAULT CHARSET=utf8:successful"
2022-11-30 05:21:59 I Maple Print           "DELETE FROM userstories WHERE date='2022-11-30':successful"
2022-11-30 05:21:59 I Maple Print           "INSERT INTO userstories (rel, status, count, date) SELECT rel, status, count((@rn := @rn + 1)) as count, '2022-11-30' as date FROM alluserstories cross join (select @rn := 0) const GROUP BY rel, status:successful"
2022-11-30 05:23:20 I Maple Get_alldefects  "[{'id': 9094676, 'name': '[Yealink HP, hook off] The call link shuts down automatically', 'documentKey': 'Map-BUG-101', 'statusId': 156538, 'status': 'Closed', 'teamId': 156569, 'team': 'ESW DECT', 'priorityId': 156535, 'priority': 'Trivial', 'upstream': '10147595, 9024385', 'jira': 'https://jabra1.atlassian.net/browse/MAP-545'}, {'id': 9129285, 'name': "[Telemetry on Mac 12.x]All Telemetry inform for buttons' event will lost in log on latest Mac12.x", 'documentKey': 'Map-BUG-121', 'statusId': 156536, 'status': 'Open', 'teamId': 156569, 'team': 'ESW DECT', 'priorityId': 156533, 'priority': 'Major', 'upstream': '8496297, 9438455, 9438860, 9023450, 9195048, 9234587, 9438456, 9438862, 9685042, 10111170, 10200315', 'jira': 'https://jabra1.atlassian.net/browse/MAP-580'}, {'id': 9175916, 'name': ' [Teams pre-cert on Mac 12.x]Teams invocation and Team notification cleaning all fail on latest Mac12.x', 'documentKey': 'Map-BUG-151', 'statusId': 156536, 'status': 'Open', 'teamId': 156569, 'team': 'ESW DECT', 'priorityId': 156533, 'priority': 'Major', 'upstream': '9438870, 9438530, 9438866, 9570662, 9572398, 9601515, 9603681, 9685047, 9685663, 10200320, 10201209, 9438528, 9554558, 9554894, 9570660, 9572395, 9601512, 9603679, 9685044, 9685661', 'jira': 'https://jabra1.atlassian.net/browse/OS-577'}, {'id': 9201882, 'name': '[JDO setting]Miss the "Secure pairing with USB" setting in JDO', 'documentKey': 'Map-BUG-190', 'statusId': 156536, 'status': 'Open', 'teamId': 156571, 'team': 'DE Online', 'priorityId': 156533, 'priority': 'Major', 'upstream': '9161006, 9362615, 9191792, 9225981, 9437886, 9457259, 9891947, 9225984', 'jira': 'https://jabra1.atlassian.net/browse/MAP-781'}, {'id': 9239130, 'name': 'CLONE - [Teams pre-cert on Mac 12.x]Teams invocation and Team notification cleaning all fail on latest Mac12.x', 'documentKey': 'Map-BUG-245', 'statusId': 156536, 'status': 'Open', 'teamId': 156670, 'team': 'Strategic Alliances', 'priorityId': 156533, 'priority': 'Major', 'upstream': '9523779, 9522726, 9522736, 9523841, 9523894, 9523811, 9523914, 9522771, 9522789, 9522741', 'jira': 'https://jabra1.atlassian.net/browse/STRAT-286'}, {'id': 9400795, 'name': '[Teams]the latest Teams release(ring4.0 v1.5.00.8070) fail to answer the second incoming call from HS', 'documentKey': 'Map-BUG-331', 'statusId': 156536, 'status': 'Open', 'teamId': 156670, 'team': 'Strategic Alliances', 'priorityId': 156533, 'priority': 'Major', 'upstream': '8492370, 7626654, 9745084, 10111215, 10200275, 10201056, 9855509, 9438597, 9438933, 9685349, 9685774, 10146768, 10146777, 10201374, 9855871, 9855872, 9855874, 9486816, 9518542, 9542319', 'jira': 'https://jabra1.atlassian.net/browse/MAP-1453'}, {'id': 9424894, 'name': '[Partner certification][Zoom on Mac]fail to end call from HS on Mac', 'documentKey': 'Map-BUG-340', 'statusId': 156536, 'status': 'Open', 'teamId': 156569, 'team': 'ESW DECT', 'priorityId': 156532, 'priority': 'Critical', 'upstream': '9108165, 9108164, 9108169, 9108171, 9108168, 9108170, 9108163, 9108207, 9108208, 9108202, 9108200, 10261631, 10261632, 10261629, 10261628, 9108191, 9108193, 9108188, 9108186, 9108177', 'jira': 'https://jabra1.atlassian.net/browse/MAP-1482'}, {'id': 9434469, 'name': '[SP][Unify OpenScape Fusion]lose RCC after dis/reconnect HS from call', 'documentKey': 'Map-BUG-346', 'statusId': 156536, 'status': 'Open', 'teamId': 156569, 'team': 'ESW DECT', 'priorityId': 156535, 'priority': 'Trivial', 'upstream': '9367608', 'jira': 'https://jabra1.atlassian.net/browse/MAP-1525'}, {'id': 9456259, 'name': '[DQT] Maple OTA  upgrade/downgrade JDO return code 18 ', 'documentKey': 'Map-BUG-373', 'statusId': 156538, 'status': 'Closed', 'teamId': 156569, 'team': 'ESW DECT', 'priorityId': 156531, 'priority': 'Blocker', 'upstream': '8495548, 10057107, 9437930', 'jira': 'https://jabra1.atlassian.net/browse/MAP-1591'}, {'id': 9466709, 'name': 'CLONE - [Partner certification][Zoom on Mac]fail to end call from HS on Mac', 'documentKey': 'Map-BUG-381', 'statusId': 156536, 'status': 'Open', 'teamId': 156569, 'team': 'ESW DECT', 'priorityId': 156532, 'priority': 'Critical', 'upstream': '9483920, 9572420, 9483926, 9572426, 9483930, 9572431, 9438500, 9439025, 9601130, 9572448, 9572450, 9483946', 'jira': 'https://jabra1.atlassian.net/browse/OS-1232'}, {'id': 9581115, 'name': '[JDO]two unexpected problem when do reset and configure from JDO Maple HS entrance', 'documentKey': 'Map-BUG-405', 'statusId': 156537, 'status': 'Resolved', 'teamId': 156569, 'team': 'ESW DECT', 'priorityId': 156534, 'priority': 'Minor', 'upstream': '', 'jira': 'https://jabra1.atlassian.net/browse/MAP-1776'}, {'id': 9656385, 'name': '[OTA update]device should either keep in DFU or return to last normal FW image if the HS OTA fail', 'documentKey': 'Map-BUG-408', 'statusId': 156536, 'status': 'Open', 'teamId': 156571, 'team': 'DE Online', 'priorityId': 156533, 'priority': 'Major', 'upstream': '', 'jira': 'https://jabra1.atlassian.net/browse/MAP-1798'}, {'id': 9679706, 'name': '[Enumeration]Device will fail to enumerated as audio device by PC after connected on PC long long time', 'documentKey': 'Map-BUG-414', 'statusId': 156541, 'status': 'In Testing', 'teamId': 156569, 'team': 'ESW DECT', 'priorityId': 156534, 'priority': 'Minor', 'upstream': '', 'jira': 'https://jabra1.atlassian.net/browse/MAP-1827'}, {'id': 9841236, 'name': '[Volume store on Mac and Ubuntu]the true volume level in HS will up 1-2 steps after disconnect and reconnect', 'documentKey': 'Map-BUG-427', 'statusId': 156536, 'status': 'Open', 'teamId': 156569, 'team': 'ESW DECT', 'priorityId': 156534, 'priority': 'Minor', 'upstream': '', 'jira': 'https://jabra1.atlassian.net/browse/MAP-1914'}, {'id': 9992868, 'name': 'CLONE - [SP, Unify Fusion]lose RCC after dis/reconnect HS from call', 'documentKey': 'Map-BUG-430', 'statusId': 156536, 'status': 'Open', 'teamId': 156569, 'team': 'ESW DECT', 'priorityId': 156535, 'priority': 'Trivial', 'upstream': '', 'jira': 'https://jabra1.atlassian.net/browse/OS-1719'}, {'id': 10064921, 'name': 'Maple HS update failed in Linux OS (eLux & Ubuntu)', 'documentKey': 'Map-BUG-433', 'statusId': 156541, 'status': 'In Testing', 'teamId': 156569, 'team': 'ESW DECT', 'priorityId': 156531, 'priority': 'Blocker', 'upstream': '', 'jira': 'https://jabra1.atlassian.net/browse/MAP-1970'}, {'id': 10065532, 'name': 'Switch HS from Base to dongle and dongle side has streaming, dongle not show Cyan LED at this time', 'documentKey': 'Map-BUG-434', 'statusId': 156538, 'status': 'Closed', 'teamId': 156569, 'team': 'ESW DECT', 'priorityId': 156534, 'priority': 'Minor', 'upstream': '10057176', 'jira': 'https://jabra1.atlassian.net/browse/MAP-1971'}, {'id': 10066255, 'name': 'Secondary HS leave, not voice "Device disconnected"', 'documentKey': 'Map-BUG-436', 'statusId': 156538, 'status': 'Closed', 'teamId': 156569, 'team': 'ESW DECT', 'priorityId': 156534, 'priority': 'Minor', 'upstream': '', 'jira': 'https://jabra1.atlassian.net/browse/MAP-1975'}, {'id': 10121897, 'name': 'No audio in secondary HS', 'documentKey': 'Map-BUG-439', 'statusId': 156538, 'status': 'Closed', 'teamId': 156569, 'team': 'ESW DECT', 'priorityId': 156534, 'priority': 'Minor', 'upstream': '', 'jira': 'https://jabra1.atlassian.net/browse/MAP-2028'}, {'id': 10183642, 'name': 'Conference audio cue not playing', 'documentKey': 'Map-BUG-441', 'statusId': 156538, 'status': 'Closed', 'teamId': 156569, 'team': 'ESW DECT', 'priorityId': 156534, 'priority': 'Minor', 'upstream': '', 'jira': 'https://jabra1.atlassian.net/browse/MAP-2058'}, {'id': 10200100, 'name': 'After HS OTA from v5.6.0 to v5.8.6(or nightly build), JDO will freeze in 100% dialog for a long time and then return code18 error', 'documentKey': 'Map-BUG-442', 'statusId': 156538, 'status': 'Closed', 'teamId': 156569, 'team': 'ESW DECT', 'priorityId': 156533, 'priority': 'Major', 'upstream': '', 'jira': 'https://jabra1.atlassian.net/browse/MAP-2063'}, {'id': 10277141, 'name': '[FT]Hold call+ incoming call,  will have in-band ringtone in HS even has disabled the "Ringtone in HS"', 'documentKey': 'Map-BUG-443', 'statusId': 156536, 'status': 'Open', 'teamId': 156569, 'team': 'ESW DECT', 'priorityId': 156535, 'priority': 'Trivial', 'upstream': '', 'jira': 'https://jabra1.atlassian.net/browse/MAP-2081'}, {'id': 10277142, 'name': '[FT]the HS volume will change up and down during conferencing', 'documentKey': 'Map-BUG-444', 'statusId': 156536, 'status': 'Open', 'teamId': 156569, 'team': 'ESW DECT', 'priorityId': 156533, 'priority': 'Major', 'upstream': '9891904', 'jira': 'https://jabra1.atlassian.net/browse/MAP-2080'}, {'id': 10277290, 'name': '[SP IOP] disconnect and reconnect dongle during Teams active call, fail to sync the call state on dongle', 'documentKey': 'Map-BUG-445', 'statusId': 156538, 'status': 'Closed', 'teamId': 156569, 'team': 'ESW DECT', 'priorityId': 156533, 'priority': 'Major', 'upstream': '', 'jira': 'https://jabra1.atlassian.net/browse/MAP-2084'}, {'id': 10277292, 'name': '[JDO] HS name in the Product information is not consistent with the Jama Requirements', 'documentKey': 'Map-BUG-446', 'statusId': 156536, 'status': 'Open', 'teamId': 156569, 'team': 'ESW DECT', 'priorityId': 156535, 'priority': 'Trivial', 'upstream': '9891942, 9891936', 'jira': 'https://jabra1.atlassian.net/browse/MAP-2085'}, {'id': 10277570, 'name': '[JDO]Need replug to make setting of "Power Nap" and "Power Nap wakeup" take effect when the setting has changed', 'documentKey': 'Map-BUG-447', 'statusId': 156536, 'status': 'Open', 'teamId': 156569, 'team': 'ESW DECT', 'priorityId': 156534, 'priority': 'Minor', 'upstream': '9891963, 9891932', 'jira': 'https://jabra1.atlassian.net/browse/MAP-2087'}, {'id': 10277583, 'name': '[DQT] Maple OTA upgrade/downgrade on MacOS M1 fails occasionally', 'documentKey': 'Map-BUG-448', 'statusId': 156536, 'status': 'Open', 'teamId': 156569, 'team': 'ESW DECT', 'priorityId': 156531, 'priority': 'Blocker', 'upstream': '', 'jira': 'https://jabra1.atlassian.net/browse/MAP-2086'}, {'id': 10278170, 'name': '[Event]Unexpected agentSpeaking=true event while muting device for Link 400 and Engage 75', 'documentKey': 'Map-BUG-449', 'statusId': 156536, 'status': 'Open', 'teamId': 157345, 'team': 'DE SDK', 'priorityId': 156533, 'priority': 'Major', 'upstream': '', 'jira': 'https://jabra1.atlassian.net/browse/MAP-2089'}, {'id': 10284876, 'name': '[Chrome OS, Volume restore] The true volume level in HS will change 1-2 steps after disconnecting and reconnecting', 'documentKey': 'Map-BUG-450', 'statusId': 156536, 'status': 'Open', 'teamId': 156569, 'team': 'ESW DECT', 'priorityId': 156534, 'priority': 'Minor', 'upstream': '', 'jira': 'https://jabra1.atlassian.net/browse/MAP-2091'}, {'id': 10301500, 'name': "[SP IOP]disconnect and reconnect dongle during Teams active call, sometimes can't end the call from HS", 'documentKey': 'Map-BUG-451', 'statusId': 156536, 'status': 'Open', 'teamId': 156569, 'team': 'ESW DECT', 'priorityId': 156534, 'priority': 'Minor', 'upstream': '', 'jira': 'https://jabra1.atlassian.net/browse/MAP-2099'}]"
2022-11-30 05:23:20 I Maple Print           "CREATE TABLE IF NOT EXISTS defects (                     rel TEXT, team TEXT, status TEXT, priority TEXT, count INT, date TEXT) ENGINE=InnoDB DEFAULT CHARSET=utf8:successful"
2022-11-30 05:23:20 I Maple Print           "CREATE TABLE IF NOT EXISTS alldefects (                     id INT, uniqueid TEXT, name TEXT, status TEXT, rel TEXT, team TEXT, priority TEXT, jira TEXT, upstream TEXT) ENGINE=InnoDB DEFAULT CHARSET=utf8:successful"
2022-11-30 05:23:20 I Maple Print           "DELETE FROM defects WHERE date='2022-11-30':successful"
2022-11-30 05:23:20 I Maple Print           "DELETE FROM alldefects WHERE id = 9094676:successful"
2022-11-30 05:23:20 I Maple Print           "DELETE FROM alldefects WHERE id = 9129285:successful"
2022-11-30 05:23:20 I Maple Print           "DELETE FROM alldefects WHERE id = 9175916:successful"
2022-11-30 05:23:20 I Maple Print           "DELETE FROM alldefects WHERE id = 9201882:successful"
2022-11-30 05:23:20 I Maple Print           "DELETE FROM alldefects WHERE id = 9239130:successful"
2022-11-30 05:23:20 I Maple Print           "DELETE FROM alldefects WHERE id = 9400795:successful"
2022-11-30 05:23:20 I Maple Print           "DELETE FROM alldefects WHERE id = 9424894:successful"
2022-11-30 05:23:20 I Maple Print           "DELETE FROM alldefects WHERE id = 9434469:successful"
2022-11-30 05:23:20 I Maple Print           "DELETE FROM alldefects WHERE id = 9456259:successful"
2022-11-30 05:23:20 I Maple Print           "DELETE FROM alldefects WHERE id = 9466709:successful"
2022-11-30 05:23:20 I Maple Print           "DELETE FROM alldefects WHERE id = 9581115:successful"
2022-11-30 05:23:20 I Maple Print           "DELETE FROM alldefects WHERE id = 9656385:successful"
2022-11-30 05:23:20 I Maple Print           "DELETE FROM alldefects WHERE id = 9679706:successful"
2022-11-30 05:23:20 I Maple Print           "DELETE FROM alldefects WHERE id = 9841236:successful"
2022-11-30 05:23:20 I Maple Print           "DELETE FROM alldefects WHERE id = 9992868:successful"
2022-11-30 05:23:20 I Maple Print           "DELETE FROM alldefects WHERE id = 10064921:successful"
2022-11-30 05:23:20 I Maple Print           "DELETE FROM alldefects WHERE id = 10065532:successful"
2022-11-30 05:23:20 I Maple Print           "DELETE FROM alldefects WHERE id = 10066255:successful"
2022-11-30 05:23:20 I Maple Print           "DELETE FROM alldefects WHERE id = 10121897:successful"
2022-11-30 05:23:20 I Maple Print           "DELETE FROM alldefects WHERE id = 10183642:successful"
2022-11-30 05:23:20 I Maple Print           "DELETE FROM alldefects WHERE id = 10200100:successful"
2022-11-30 05:23:20 I Maple Print           "DELETE FROM alldefects WHERE id = 10277141:successful"
2022-11-30 05:23:20 I Maple Print           "DELETE FROM alldefects WHERE id = 10277142:successful"
2022-11-30 05:23:20 I Maple Print           "DELETE FROM alldefects WHERE id = 10277290:successful"
2022-11-30 05:23:20 I Maple Print           "DELETE FROM alldefects WHERE id = 10277292:successful"
2022-11-30 05:23:20 I Maple Print           "DELETE FROM alldefects WHERE id = 10277570:successful"
2022-11-30 05:23:20 I Maple Print           "DELETE FROM alldefects WHERE id = 10277583:successful"
2022-11-30 05:23:20 I Maple Print           "DELETE FROM alldefects WHERE id = 10278170:successful"
2022-11-30 05:23:20 I Maple Print           "DELETE FROM alldefects WHERE id = 10284876:successful"
2022-11-30 05:23:20 I Maple Print           "DELETE FROM alldefects WHERE id = 10301500:successful"
2022-11-30 05:23:20 I Maple Print           "Not enough parameters for the SQL statement"
2022-11-30 05:23:20 I Maple Print           "INSERT INTO defects (rel, team, status, count, date, priority) SELECT rel, team, status, count((@rn := @rn + 1)) as count, '2022-11-30' as date, priority FROM alldefects cross join (select @rn := 0) const GROUP BY rel, team, status, priority:successful"
2022-11-30 05:23:53 I Maple get_multipickli "Unassigned don't find the mainteam name from G_parameter"
2022-11-30 05:24:03 I Maple get_multipickli "Unassigned don't find the mainteam name from G_parameter"
2022-11-30 05:24:16 I Maple get_multipickli "Unassigned don't find the mainteam name from G_parameter"
2022-11-30 05:24:24 I Maple get_multipickli "Unassigned don't find the mainteam name from G_parameter"
2022-11-30 05:24:31 I Maple get_multipickli "Unassigned don't find the mainteam name from G_parameter"
2022-11-30 05:24:53 I Maple get_multipickli "Unassigned don't find the mainteam name from G_parameter"
2022-11-30 05:25:02 I Maple get_multipickli "Unassigned don't find the mainteam name from G_parameter"
2022-11-30 05:25:10 I Maple get_multipickli "Unassigned don't find the mainteam name from G_parameter"
2022-11-30 05:25:22 I Maple get_multipickli "Unassigned don't find the mainteam name from G_parameter"
2022-11-30 05:25:30 I Maple get_multipickli "Unassigned don't find the mainteam name from G_parameter"
2022-11-30 05:25:35 I Maple get_multipickli "Unassigned don't find the mainteam name from G_parameter"
2022-11-30 05:25:37 I Maple get_multipickli "Unassigned don't find the mainteam name from G_parameter"
2022-11-30 05:26:26 I Maple get_multipickli "Unassigned don't find the mainteam name from G_parameter"
2022-11-30 05:26:29 I Maple get_multipickli "Unassigned don't find the mainteam name from G_parameter"
2022-11-30 05:38:54 I Maple get_multipickli "ESW Platform Test don't find the mainteam name from G_parameter"
2022-11-30 05:39:00 I Maple get_multipickli "ESW Platform Test don't find the mainteam name from G_parameter"
2022-11-30 05:39:05 I Maple get_multipickli "ESW Platform Test don't find the mainteam name from G_parameter"
2022-11-30 05:39:08 I Maple get_multipickli "ESW Platform Test don't find the mainteam name from G_parameter"
2022-11-30 05:41:40 I Maple get_multipickli "ESW Platform Test don't find the mainteam name from G_parameter"
2022-11-30 05:43:51 I Maple get_multipickli "Unassigned don't find the mainteam name from G_parameter"
2022-11-30 05:44:12 I Maple get_multipickli "Unassigned don't find the mainteam name from G_parameter"
2022-11-30 05:44:17 I Maple get_multipickli "Unassigned don't find the mainteam name from G_parameter"
2022-11-30 05:44:24 I Maple get_multipickli "Unassigned don't find the mainteam name from G_parameter"
2022-11-30 05:44:32 I Maple get_multipickli "Unassigned don't find the mainteam name from G_parameter"
2022-11-30 05:44:40 I Maple get_multipickli "Unassigned don't find the mainteam name from G_parameter"
2022-11-30 05:44:48 I Maple get_multipickli "Unassigned don't find the mainteam name from G_parameter"
2022-11-30 05:45:03 I Maple get_multipickli "Unassigned don't find the mainteam name from G_parameter"
2022-11-30 05:45:19 I Maple get_multipickli "Unassigned don't find the mainteam name from G_parameter"
2022-11-30 05:45:47 I Maple get_multipickli "Unassigned don't find the mainteam name from G_parameter"
2022-11-30 05:46:52 I Maple get_multipickli "Unassigned don't find the mainteam name from G_parameter"
2022-11-30 05:47:02 I Maple get_multipickli "Unassigned don't find the mainteam name from G_parameter"
2022-11-30 05:47:17 I Maple get_multipickli "ESW Platform Test don't find the mainteam name from G_parameter"
2022-11-30 05:47:40 I Maple get_multipickli "Unassigned don't find the mainteam name from G_parameter"
2022-11-30 05:47:47 I Maple get_multipickli "Digital Experience – Android don't find the mainteam name from G_parameter"
2022-11-30 05:47:50 I Maple get_multipickli "Digital Experience – IOS don't find the mainteam name from G_parameter"
2022-11-30 05:48:17 I Maple get_multipickli "ESW Platform Test don't find the mainteam name from G_parameter"
2022-11-30 05:48:45 I Maple Print           "DROP TABLE IF EXISTS allrequirements:successful"
2022-11-30 05:48:45 I Maple Print           "DROP TABLE IF EXISTS allcoverage:successful"
2022-11-30 05:48:45 I Maple Print           "CREATE TABLE IF NOT EXISTS requirements (                        rel TEXT, status TEXT, count INT, date TEXT) ENGINE=InnoDB DEFAULT CHARSET=utf8:successful"
2022-11-30 05:48:45 I Maple Print           "CREATE TABLE IF NOT EXISTS allrequirements (                        id INT, uniqueid TEXT, name TEXT, status TEXT, rel TEXT, upstream TEXT, downstream TEXT, team TEXT, test_status TEXT) ENGINE=InnoDB DEFAULT CHARSET=utf8:successful"
2022-11-30 05:48:45 I Maple Print           "CREATE TABLE IF NOT EXISTS coverage (                        team text, covered int, expected int, date text) ENGINE=InnoDB DEFAULT CHARSET=utf8:successful"
2022-11-30 05:48:45 I Maple Print           "CREATE TABLE IF NOT EXISTS allcoverage (                        id INT, uniqueid TEXT, name TEXT, status TEXT, rel TEXT, verify TEXT, missing TEXT) ENGINE=InnoDB DEFAULT CHARSET=utf8:successful"
2022-11-30 05:48:45 I Maple Print           "DELETE FROM requirements WHERE date='2022-11-30':successful"
2022-11-30 05:48:45 I Maple Print           "DELETE FROM coverage WHERE date='2022-11-30':successful"
2022-11-30 05:48:45 I Maple Print           "INSERT INTO requirements (rel, status, count, date) SELECT rel, status, count((@rn := @rn + 1)) as count, '2022-11-30' as date FROM allrequirements cross join (select @rn := 0) const GROUP BY rel, status:successful"
2022-11-30 05:48:45 I Maple Print           "CREATE TABLE IF NOT EXISTS feattest (rel TEXT, status TEXT, count TEXT, date TEXT) ENGINE=InnoDB DEFAULT CHARSET=utf8:successful"
2022-11-30 05:48:45 I Maple Print           "CREATE TABLE IF NOT EXISTS reqtest (rel TEXT, status TEXT, count TEXT, date TEXT) ENGINE=InnoDB DEFAULT CHARSET=utf8:successful"
2022-11-30 05:48:45 I Maple Print           "SELECT id FROM allfeatures:successful"
2022-11-30 05:48:45 I Maple Print           "SELECT id,upstream,downstream,team FROM allrequirements:successful"
2022-11-30 05:48:45 I Maple Print           "SELECT id FROM allcoverage:successful"
2022-11-30 05:48:45 I Maple Print           "SELECT * FROM testcases:successful"
