2022-11-30 04:59:22 I Pelic Print           "Connet 20625 successfully!!!"
2022-11-30 04:59:22 I Pelic Get_alltests    "Get project name:Pelican id:20625 all testplans"
2022-11-30 04:59:24 I Pelic Get_alltests    "{10183809: {'id': 10183809, 'name': 'Product Verification Test Plan', 'archived': False, 'index': '10183809:Product Verification Test Plan'}, 10219787: {'id': 10219787, 'name': 'Tonly SW Test Plan', 'archived': False, 'index': '10219787:Tonly SW Test Plan'}}"
2022-11-30 04:59:24 I Pelic Get_alltests    "Get project name:Pelican id:20625 all testplans successful!!!"
2022-11-30 05:08:41 I Pelic tidy_alltestcas "57"
2022-11-30 05:10:15 I Pelic Print           "DROP TABLE IF EXISTS testcases:successful"
2022-11-30 05:10:16 I Pelic Print           "CREATE TABLE IF NOT EXISTS testcases (                             testplan_id INT,                             testplan_name TEXT,                             testgroup_id INT,                             testgroup_name TEXT,                             testcycle_id INT,                             testcycle_name TEXT,                             rel TEXT,                             id INT,                             uniqueid TEXT,                             name TEXT,                             status TEXT,                             upstream TEXT,                             downstream TEXT,                             executionDate TEXT) ENGINE=InnoDB DEFAULT CHARSET=utf8:successful"
2022-11-30 05:10:16 I Pelic update_database "Insert testcases table successful"
2022-11-30 05:10:16 I Pelic Print           "CREATE TABLE IF NOT EXISTS tests (                             testplan_id INT,                             testplan_name TEXT,                             testplan_status TEXT,                             rel TEXT, status TEXT,                             count INT, date TEXT) ENGINE=InnoDB DEFAULT CHARSET=utf8:successful"
2022-11-30 05:10:16 I Pelic Print           "DELETE FROM tests WHERE date='2022-11-30':successful"
2022-11-30 05:10:16 I Pelic Print           "SELECT testplan_id FROM tests GROUP BY testplan_id:successful"
2022-11-30 05:10:16 I Pelic Print           "SELECT testplan_name FROM tests WHERE testplan_id=10183809 LIMIT 1:successful"
2022-11-30 05:10:16 I Pelic Print           "UPDATE tests SET testplan_status='Active' WHERE testplan_id=10183809:successful"
2022-11-30 05:10:16 I Pelic Print           "INSERT INTO tests (testplan_id, testplan_name, testplan_status, rel, status, count, date) SELECT testplan_id, testplan_name, 'Active' as testplan_status, rel, status, count((@rn := @rn + 1)) as count, '2022-11-30' as date FROM testcases cross join (select @rn := 0) const GROUP BY testplan_id, rel, status:successful"
2022-11-30 05:10:16 I Pelic update_database "Insert tests table successful"
2022-11-30 05:10:16 I Pelic Print           "CREATE TABLE IF NOT EXISTS testapproval (                                 rel TEXT, team TEXT, status TEXT, upstream TEXT, count INT, date TEXT                                 ) ENGINE=InnoDB DEFAULT CHARSET=utf8:successful"
2022-11-30 05:10:16 I Pelic Print           "DROP TABLE IF EXISTS alltestapproval:successful"
2022-11-30 05:10:16 I Pelic Print           "CREATE TABLE IF NOT EXISTS alltestapproval (                                 id INT, uniqueid TEXT, name TEXT, status TEXT, rel TEXT, team TEXT, upstream TEXT                                 ) ENGINE=InnoDB DEFAULT CHARSET=utf8:successful"
2022-11-30 05:10:16 I Pelic Print           "DELETE FROM testapproval WHERE date='2022-11-30':successful"
2022-11-30 05:10:16 I Pelic Print           "INSERT INTO testapproval (rel, team, status, count, date, upstream) SELECT rel, team, status, count((@rn := @rn + 1)) as count, '2022-11-30' as date, upstream FROM alltestapproval cross join (select @rn := 0) const GROUP BY rel, team, status, upstream:successful"
2022-11-30 05:10:37 I Pelic Get_allfeatuers "[{'id': 10281768, 'name': 'Legal docs (App only)', 'documentKey': 'pel-FEAT-755', 'statusId': 156584, 'status': 'Proposal'}, {'id': 9783814, 'name': 'Google Bisto Voice Assistance Certification - Audio (Draft)', 'documentKey': 'pel-FEAT-182', 'statusId': 156761, 'status': 'Previously approved'}, {'id': 9783818, 'name': 'Tx Rogue One Plus (2 microphones)', 'documentKey': 'pel-FEAT-156', 'statusId': 156584, 'status': 'Proposal'}, {'id': 9783828, 'name': 'Rx In-Ear semi-open ANC with best performance tier', 'documentKey': 'pel-FEAT-189', 'statusId': 156761, 'status': 'Previously approved'}, {'id': 9783843, 'name': 'Rx Virtual Surround HP Lite', 'documentKey': 'pel-FEAT-188', 'statusId': 156584, 'status': 'Proposal'}, {'id': 9783863, 'name': 'Wind Detection for Adaptive FF ANC Control', 'documentKey': 'pel-FEAT-166', 'statusId': 156880, 'status': 'Pending platform (only in project)'}, {'id': 9783865, 'name': 'Google Bisto - Push To Talk (PTT)', 'documentKey': 'pel-FEAT-183', 'statusId': 156409, 'status': 'Draft'}, {'id': 9783866, 'name': 'Google Bisto - Always on Voice (AoV)', 'documentKey': 'pel-FEAT-184', 'statusId': 156409, 'status': 'Draft'}, {'id': 9831913, 'name': 'LE Audio Unicast [TBD]', 'documentKey': 'pel-FEAT-598', 'statusId': 156584, 'status': 'Proposal'}, {'id': 9831915, 'name': 'LE Audio Auracast Receiver', 'documentKey': 'pel-FEAT-600', 'statusId': 156584, 'status': 'Proposal'}, {'id': 9783870, 'name': 'ID Concept and Wearingstyle', 'documentKey': 'pel-FEAT-43', 'statusId': 156409, 'status': 'Draft'}, {'id': 9783872, 'name': 'USB Type-C interface', 'documentKey': 'pel-FEAT-44', 'statusId': 156761, 'status': 'Previously approved'}, {'id': 9783873, 'name': 'Weight', 'documentKey': 'pel-FEAT-45', 'statusId': 156761, 'status': 'Previously approved'}, {'id': 10142763, 'name': 'Spotify Tap', 'documentKey': 'pel-FEAT-622', 'statusId': 156761, 'status': 'Previously approved'}, {'id': 9783880, 'name': 'Wireless Charging Pad [FCS]', 'documentKey': 'pel-FEAT-152', 'statusId': 156584, 'status': 'Proposal'}, {'id': 10170531, 'name': 'USB cable', 'documentKey': 'pel-FEAT-750', 'statusId': 156584, 'status': 'Proposal'}, {'id': 9783892, 'name': 'Device Tracking', 'documentKey': 'pel-FEAT-59', 'statusId': 156761, 'status': 'Previously approved'}, {'id': 9783894, 'name': 'Item tracking', 'documentKey': 'pel-FEAT-61', 'statusId': 156761, 'status': 'Previously approved'}, {'id': 9783895, 'name': 'Jabra production support', 'documentKey': 'pel-FEAT-62', 'statusId': 156761, 'status': 'Previously approved'}, {'id': 9783902, 'name': 'Bluetooth pairing', 'documentKey': 'pel-FEAT-69', 'statusId': 156761, 'status': 'Previously approved'}, {'id': 9783911, 'name': ' Bluetooth Multipoint ', 'documentKey': 'pel-FEAT-76', 'statusId': 156584, 'status': 'Proposal'}, {'id': 9783914, 'name': 'PC Dongle', 'documentKey': 'pel-FEAT-79', 'statusId': 156761, 'status': 'Previously approved'}, {'id': 10099257, 'name': 'Support for Multiple Voice Assistants, wake word', 'documentKey': 'pel-FEAT-617', 'statusId': 156409, 'status': 'Draft'}, {'id': 9783905, 'name': 'Customize Bluetooth name', 'documentKey': 'pel-FEAT-72', 'statusId': 156409, 'status': 'Draft'}, {'id': 9783923, 'name': 'Call management, Bluetooth', 'documentKey': 'pel-FEAT-87', 'statusId': 156761, 'status': 'Previously approved'}, {'id': 9783926, 'name': 'Eargels', 'documentKey': 'pel-FEAT-88', 'statusId': 156761, 'status': 'Previously approved'}, {'id': 9783927, 'name': 'Factory reset', 'documentKey': 'pel-FEAT-89', 'statusId': 156761, 'status': 'Previously approved'}, {'id': 9783933, 'name': 'Secure and Comfortable fit', 'documentKey': 'pel-FEAT-97', 'statusId': 156410, 'status': 'Approved'}, {'id': 9783837, 'name': 'Rx MySound Music', 'documentKey': 'pel-FEAT-29', 'statusId': 156412, 'status': 'Rejected'}, {'id': 9783838, 'name': 'Rx MySound Calls', 'documentKey': 'pel-FEAT-28', 'statusId': 156412, 'status': 'Rejected'}, {'id': 9783839, 'name': 'Rx Audio Sealing test In-Ear', 'documentKey': 'pel-FEAT-27', 'statusId': 156412, 'status': 'Rejected'}, {'id': 9783912, 'name': 'MySound - Hearing test in Sound+ (Platform BT)', 'documentKey': 'pel-FEAT-77', 'statusId': 156412, 'status': 'Rejected'}, {'id': 9783913, 'name': 'MySound - Music & Communications mode (feature name may change !)', 'documentKey': 'pel-FEAT-78', 'statusId': 156412, 'status': 'Rejected'}, {'id': 9783797, 'name': 'Selection of Voice Assistant (App only)', 'documentKey': 'pel-FEAT-6', 'statusId': 156410, 'status': 'Approved'}, {'id': 9783793, 'name': 'Find my head phones (App only)', 'documentKey': 'pel-FEAT-2', 'statusId': 156410, 'status': 'Approved'}, {'id': 10072160, 'name': 'ANC control (App only)', 'documentKey': 'pel-FEAT-614', 'statusId': 156410, 'status': 'Approved'}, {'id': 10281711, 'name': 'Link to device FAQ (App only)', 'documentKey': 'pel-FEAT-752', 'statusId': 156410, 'status': 'Approved'}, {'id': 10281726, 'name': 'Link to "Buy Jabra" (App only)', 'documentKey': 'pel-FEAT-753', 'statusId': 156410, 'status': 'Approved'}, {'id': 10281733, 'name': 'Soundscapes (App only)', 'documentKey': 'pel-FEAT-754', 'statusId': 156410, 'status': 'Approved'}, {'id': 10285256, 'name': 'Technical info (summary)', 'documentKey': 'pel-FEAT-756', 'statusId': 156410, 'status': 'Approved'}, {'id': 9783801, 'name': 'Adjustable Hearthrough', 'documentKey': 'pel-FEAT-9', 'statusId': 156410, 'status': 'Approved'}, {'id': 9783810, 'name': 'Adaptive Active Noise Cancelling (ANC)', 'documentKey': 'pel-FEAT-159', 'statusId': 156410, 'status': 'Approved'}, {'id': 9783803, 'name': 'User Audio Configuration', 'documentKey': 'pel-FEAT-11', 'statusId': 156410, 'status': 'Approved'}, {'id': 9783812, 'name': 'Sidetone', 'documentKey': 'pel-FEAT-161', 'statusId': 156410, 'status': 'Approved'}, {'id': 9783831, 'name': 'Rx Music User Equalizer', 'documentKey': 'pel-FEAT-24', 'statusId': 156410, 'status': 'Approved'}, {'id': 9783834, 'name': 'Rx Communication User Equalizer', 'documentKey': 'pel-FEAT-23', 'statusId': 156410, 'status': 'Approved'}, {'id': 10234733, 'name': 'Rx Virtual Surround Sound "Dolby Spatial Audio"', 'documentKey': 'pel-FEAT-751', 'statusId': 156410, 'status': 'Approved'}, {'id': 9783852, 'name': 'Sidetone', 'documentKey': 'pel-FEAT-34', 'statusId': 156410, 'status': 'Approved'}, {'id': 9783853, 'name': 'Sidetone - Low Latency Noise Reduction', 'documentKey': 'pel-FEAT-35', 'statusId': 156410, 'status': 'Approved'}, {'id': 9783908, 'name': 'Google Bisto [Android only]', 'documentKey': 'pel-FEAT-75', 'statusId': 156410, 'status': 'Approved'}, {'id': 9783909, 'name': 'Google Fast Pair', 'documentKey': 'pel-FEAT-66', 'statusId': 156410, 'status': 'Approved'}, {'id': 9952535, 'name': 'Microsoft Swift Pair', 'documentKey': 'pel-FEAT-602', 'statusId': 156410, 'status': 'Approved'}, {'id': 9783878, 'name': 'Quick Start Guide and Manuals', 'documentKey': 'pel-FEAT-48', 'statusId': 156410, 'status': 'Approved'}, {'id': 9783879, 'name': 'SKUs', 'documentKey': 'pel-FEAT-49', 'statusId': 156410, 'status': 'Approved'}, {'id': 9783896, 'name': 'SKU awareness [TBD]', 'documentKey': 'pel-FEAT-64', 'statusId': 156410, 'status': 'Approved'}, {'id': 9783900, 'name': 'Battery status', 'documentKey': 'pel-FEAT-67', 'statusId': 156410, 'status': 'Approved'}, {'id': 9783907, 'name': 'Firmware update OTA', 'documentKey': 'pel-FEAT-74', 'statusId': 156410, 'status': 'Approved'}, {'id': 9783910, 'name': 'Google qualified Google Wake word functionality', 'documentKey': 'pel-FEAT-147', 'statusId': 156410, 'status': 'Approved'}, {'id': 9783918, 'name': 'Support for Multiple Voice Assistants, button press', 'documentKey': 'pel-FEAT-83', 'statusId': 156410, 'status': 'Approved'}, {'id': 9783904, 'name': 'Change headset language pack', 'documentKey': 'pel-FEAT-71', 'statusId': 156410, 'status': 'Approved'}, {'id': 9783906, 'name': 'Device configuration changes synced to applications', 'documentKey': 'pel-FEAT-73', 'statusId': 156410, 'status': 'Approved'}, {'id': 9783919, 'name': 'Symmetric and Seamless Design for TWS', 'documentKey': 'pel-FEAT-84', 'statusId': 156410, 'status': 'Approved'}, {'id': 9783920, 'name': 'Voice guidance', 'documentKey': 'pel-FEAT-85', 'statusId': 156410, 'status': 'Approved'}, {'id': 9783922, 'name': 'Buttons', 'documentKey': 'pel-FEAT-86', 'statusId': 156410, 'status': 'Approved'}, {'id': 9783929, 'name': 'Visual status indication of cradle and earbuds', 'documentKey': 'pel-FEAT-91', 'statusId': 156410, 'status': 'Approved'}, {'id': 10091928, 'name': 'Sound Modes', 'documentKey': 'pel-FEAT-615', 'statusId': 156410, 'status': 'Approved'}, {'id': 9783928, 'name': 'In- and out of ear detection', 'documentKey': 'pel-FEAT-151', 'statusId': 156410, 'status': 'Approved'}, {'id': 9783931, 'name': 'Mute reminder tones On / Off', 'documentKey': 'pel-FEAT-94', 'statusId': 156410, 'status': 'Approved'}, {'id': 9783935, 'name': 'UI Configurable Buttons // MyControls', 'documentKey': 'pel-FEAT-99', 'statusId': 156410, 'status': 'Approved'}, {'id': 10292215, 'name': 'Wireless Charging Pad [VP1]', 'documentKey': 'pel-FEAT-786', 'statusId': 156409, 'status': 'Draft'}, {'id': 10294178, 'name': 'Wireless Charging Pad [VP1]', 'documentKey': 'pel-FEAT-888', 'statusId': 156409, 'status': 'Draft'}]"
2022-11-30 05:10:37 I Pelic Print           "CREATE TABLE IF NOT EXISTS features (                                rel TEXT, status TEXT, count INT, date TEXT) ENGINE=InnoDB DEFAULT CHARSET=utf8:successful"
2022-11-30 05:10:37 I Pelic Print           "CREATE TABLE IF NOT EXISTS allfeatures (                                id INT, uniqueid TEXT, name TEXT, status TEXT, rel TEXT,test_status TEXT) ENGINE=InnoDB DEFAULT CHARSET=utf8:successful"
2022-11-30 05:10:37 I Pelic Print           "DELETE FROM features WHERE date='2022-11-30':successful"
2022-11-30 05:10:37 I Pelic Print           "DELETE FROM allfeatures WHERE id=20944440:successful"
2022-11-30 05:10:37 I Pelic Print           "DELETE FROM allfeatures WHERE id=20494242:successful"
2022-11-30 05:10:37 I Pelic Print           "DELETE FROM allfeatures WHERE id=20485782:successful"
2022-11-30 05:10:37 I Pelic Print           "DELETE FROM allfeatures WHERE id=20485558:successful"
2022-11-30 05:10:37 I Pelic Print           "DELETE FROM allfeatures WHERE id=20477465:successful"
2022-11-30 05:10:37 I Pelic Print           "DELETE FROM allfeatures WHERE id=20477231:successful"
2022-11-30 05:10:37 I Pelic Print           "DELETE FROM allfeatures WHERE id=20476941:successful"
2022-11-30 05:10:37 I Pelic Print           "DELETE FROM allfeatures WHERE id=20424968:successful"
2022-11-30 05:10:37 I Pelic Print           "DELETE FROM allfeatures WHERE id=20411798:successful"
2022-11-30 05:10:37 I Pelic Print           "DELETE FROM allfeatures WHERE id=20330590:successful"
2022-11-30 05:10:37 I Pelic Print           "DELETE FROM allfeatures WHERE id=20330589:successful"
2022-11-30 05:10:37 I Pelic Print           "DELETE FROM allfeatures WHERE id=20232016:successful"
2022-11-30 05:10:37 I Pelic Print           "DELETE FROM allfeatures WHERE id=10281768:successful"
2022-11-30 05:10:37 I Pelic Print           "DELETE FROM allfeatures WHERE id=9783814:successful"
2022-11-30 05:10:37 I Pelic Print           "DELETE FROM allfeatures WHERE id=9783818:successful"
2022-11-30 05:10:37 I Pelic Print           "DELETE FROM allfeatures WHERE id=9783828:successful"
2022-11-30 05:10:37 I Pelic Print           "DELETE FROM allfeatures WHERE id=9783843:successful"
2022-11-30 05:10:37 I Pelic Print           "DELETE FROM allfeatures WHERE id=9783863:successful"
2022-11-30 05:10:37 I Pelic Print           "DELETE FROM allfeatures WHERE id=9783865:successful"
2022-11-30 05:10:37 I Pelic Print           "DELETE FROM allfeatures WHERE id=9783866:successful"
2022-11-30 05:10:37 I Pelic Print           "DELETE FROM allfeatures WHERE id=9831913:successful"
2022-11-30 05:10:37 I Pelic Print           "DELETE FROM allfeatures WHERE id=9831915:successful"
2022-11-30 05:10:37 I Pelic Print           "DELETE FROM allfeatures WHERE id=9783870:successful"
2022-11-30 05:10:37 I Pelic Print           "DELETE FROM allfeatures WHERE id=9783872:successful"
2022-11-30 05:10:37 I Pelic Print           "DELETE FROM allfeatures WHERE id=9783873:successful"
2022-11-30 05:10:37 I Pelic Print           "DELETE FROM allfeatures WHERE id=10142763:successful"
2022-11-30 05:10:37 I Pelic Print           "DELETE FROM allfeatures WHERE id=9783880:successful"
2022-11-30 05:10:37 I Pelic Print           "DELETE FROM allfeatures WHERE id=10170531:successful"
2022-11-30 05:10:37 I Pelic Print           "DELETE FROM allfeatures WHERE id=9783892:successful"
2022-11-30 05:10:37 I Pelic Print           "DELETE FROM allfeatures WHERE id=9783894:successful"
2022-11-30 05:10:37 I Pelic Print           "DELETE FROM allfeatures WHERE id=9783895:successful"
2022-11-30 05:10:37 I Pelic Print           "DELETE FROM allfeatures WHERE id=9783902:successful"
2022-11-30 05:10:37 I Pelic Print           "DELETE FROM allfeatures WHERE id=9783911:successful"
2022-11-30 05:10:37 I Pelic Print           "DELETE FROM allfeatures WHERE id=9783914:successful"
2022-11-30 05:10:37 I Pelic Print           "DELETE FROM allfeatures WHERE id=10099257:successful"
2022-11-30 05:10:37 I Pelic Print           "DELETE FROM allfeatures WHERE id=9783905:successful"
2022-11-30 05:10:37 I Pelic Print           "DELETE FROM allfeatures WHERE id=9783923:successful"
2022-11-30 05:10:37 I Pelic Print           "DELETE FROM allfeatures WHERE id=9783926:successful"
2022-11-30 05:10:37 I Pelic Print           "DELETE FROM allfeatures WHERE id=9783927:successful"
2022-11-30 05:10:37 I Pelic Print           "DELETE FROM allfeatures WHERE id=9783933:successful"
2022-11-30 05:10:37 I Pelic Print           "DELETE FROM allfeatures WHERE id=9783837:successful"
2022-11-30 05:10:37 I Pelic Print           "DELETE FROM allfeatures WHERE id=9783838:successful"
2022-11-30 05:10:37 I Pelic Print           "DELETE FROM allfeatures WHERE id=9783839:successful"
2022-11-30 05:10:37 I Pelic Print           "DELETE FROM allfeatures WHERE id=9783912:successful"
2022-11-30 05:10:37 I Pelic Print           "DELETE FROM allfeatures WHERE id=9783913:successful"
2022-11-30 05:10:37 I Pelic Print           "DELETE FROM allfeatures WHERE id=9783797:successful"
2022-11-30 05:10:37 I Pelic Print           "DELETE FROM allfeatures WHERE id=9783793:successful"
2022-11-30 05:10:37 I Pelic Print           "DELETE FROM allfeatures WHERE id=10072160:successful"
2022-11-30 05:10:37 I Pelic Print           "DELETE FROM allfeatures WHERE id=10281711:successful"
2022-11-30 05:10:37 I Pelic Print           "DELETE FROM allfeatures WHERE id=10281726:successful"
2022-11-30 05:10:37 I Pelic Print           "DELETE FROM allfeatures WHERE id=10281733:successful"
2022-11-30 05:10:37 I Pelic Print           "DELETE FROM allfeatures WHERE id=10285256:successful"
2022-11-30 05:10:37 I Pelic Print           "DELETE FROM allfeatures WHERE id=9783801:successful"
2022-11-30 05:10:37 I Pelic Print           "DELETE FROM allfeatures WHERE id=9783810:successful"
2022-11-30 05:10:37 I Pelic Print           "DELETE FROM allfeatures WHERE id=9783803:successful"
2022-11-30 05:10:37 I Pelic Print           "DELETE FROM allfeatures WHERE id=9783812:successful"
2022-11-30 05:10:37 I Pelic Print           "DELETE FROM allfeatures WHERE id=9783831:successful"
2022-11-30 05:10:37 I Pelic Print           "DELETE FROM allfeatures WHERE id=9783834:successful"
2022-11-30 05:10:37 I Pelic Print           "DELETE FROM allfeatures WHERE id=10234733:successful"
2022-11-30 05:10:37 I Pelic Print           "DELETE FROM allfeatures WHERE id=9783852:successful"
2022-11-30 05:10:37 I Pelic Print           "DELETE FROM allfeatures WHERE id=9783853:successful"
2022-11-30 05:10:37 I Pelic Print           "DELETE FROM allfeatures WHERE id=9783908:successful"
2022-11-30 05:10:37 I Pelic Print           "DELETE FROM allfeatures WHERE id=9783909:successful"
2022-11-30 05:10:37 I Pelic Print           "DELETE FROM allfeatures WHERE id=9952535:successful"
2022-11-30 05:10:37 I Pelic Print           "DELETE FROM allfeatures WHERE id=9783878:successful"
2022-11-30 05:10:37 I Pelic Print           "DELETE FROM allfeatures WHERE id=9783879:successful"
2022-11-30 05:10:37 I Pelic Print           "DELETE FROM allfeatures WHERE id=9783896:successful"
2022-11-30 05:10:37 I Pelic Print           "DELETE FROM allfeatures WHERE id=9783900:successful"
2022-11-30 05:10:37 I Pelic Print           "DELETE FROM allfeatures WHERE id=9783907:successful"
2022-11-30 05:10:37 I Pelic Print           "DELETE FROM allfeatures WHERE id=9783910:successful"
2022-11-30 05:10:37 I Pelic Print           "DELETE FROM allfeatures WHERE id=9783918:successful"
2022-11-30 05:10:37 I Pelic Print           "DELETE FROM allfeatures WHERE id=9783904:successful"
2022-11-30 05:10:37 I Pelic Print           "DELETE FROM allfeatures WHERE id=9783906:successful"
2022-11-30 05:10:37 I Pelic Print           "DELETE FROM allfeatures WHERE id=9783919:successful"
2022-11-30 05:10:37 I Pelic Print           "DELETE FROM allfeatures WHERE id=9783920:successful"
2022-11-30 05:10:37 I Pelic Print           "DELETE FROM allfeatures WHERE id=9783922:successful"
2022-11-30 05:10:37 I Pelic Print           "DELETE FROM allfeatures WHERE id=9783929:successful"
2022-11-30 05:10:37 I Pelic Print           "DELETE FROM allfeatures WHERE id=10091928:successful"
2022-11-30 05:10:37 I Pelic Print           "DELETE FROM allfeatures WHERE id=9783928:successful"
2022-11-30 05:10:37 I Pelic Print           "DELETE FROM allfeatures WHERE id=9783931:successful"
2022-11-30 05:10:37 I Pelic Print           "DELETE FROM allfeatures WHERE id=9783935:successful"
2022-11-30 05:10:37 I Pelic Print           "DELETE FROM allfeatures WHERE id=10292215:successful"
2022-11-30 05:10:37 I Pelic Print           "DELETE FROM allfeatures WHERE id=10294178:successful"
2022-11-30 05:10:37 I Pelic Print           "INSERT INTO features (rel, status, count, date)                                 SELECT rel, status, count((@rn := @rn + 1)) as count, '2022-11-30' as date FROM allfeatures cross join (select @rn := 0) const GROUP BY rel, status:successful"
2022-11-30 05:10:43 I Pelic Get_allchangere "[]"
2022-11-30 05:10:43 I Pelic Print           "CREATE TABLE IF NOT EXISTS changes (                                 rel TEXT, status TEXT, priority TEXT,                                 requester TEXT, date TEXT, count INT) ENGINE=InnoDB DEFAULT CHARSET=utf8:successful"
2022-11-30 05:10:43 I Pelic Print           "CREATE TABLE IF NOT EXISTS allchanges (                                 id INT, uniqueid TEXT, name TEXT,                                 status TEXT, rel TEXT, priority TEXT,                                 requester TEXT) ENGINE=InnoDB DEFAULT CHARSET=utf8:successful"
2022-11-30 05:10:43 I Pelic Print           "DELETE FROM changes WHERE date='2022-11-30':successful"
2022-11-30 05:10:43 I Pelic Print           "INSERT INTO changes (                                 rel, status, priority, requester, date, count)                                 SELECT rel, status, priority, requester, '2022-11-30' as date, count((@rn := @rn + 1)) as count FROM allchanges                                 cross join (select @rn := 0) const GROUP BY rel, status, priority, requester:successful"
2022-11-30 05:10:46 I Pelic Print           "CREATE TABLE IF NOT EXISTS designspec (                            rel TEXT, team TEXT, status TEXT, count INT, date text) ENGINE=InnoDB DEFAULT CHARSET=utf8:successful"
2022-11-30 05:10:46 I Pelic Print           "CREATE TABLE IF NOT EXISTS alldesignspec (                             id INT, uniqueid TEXT, name TEXT, status TEXT, rel TEXT, team TEXT) ENGINE=InnoDB DEFAULT CHARSET=utf8:successful"
2022-11-30 05:10:46 I Pelic Print           "DELETE FROM designspec WHERE date='2022-11-30':successful"
2022-11-30 05:10:46 I Pelic Print           "DELETE FROM alldesignspec WHERE id=9785019:successful"
2022-11-30 05:10:46 I Pelic Print           "INSERT INTO designspec (rel, team, status, count, date) SELECT rel, team, status, count((@rn := @rn + 1)) as count, '2022-11-30' as date FROM alldesignspec cross join (select @rn := 0) const GROUP BY rel, team, status:successful"
2022-11-30 05:10:51 I Pelic Get_alluserstor "[]"
2022-11-30 05:10:51 I Pelic Print           "CREATE TABLE IF NOT EXISTS userstories (                 rel TEXT, status TEXT, count INT, date TEXT) ENGINE=InnoDB DEFAULT CHARSET=utf8:successful"
2022-11-30 05:10:51 I Pelic Print           "CREATE TABLE IF NOT EXISTS alluserstories (                 id INT, uniqueid TEXT, name TEXT, status TEXT, rel TEXT) ENGINE=InnoDB DEFAULT CHARSET=utf8:successful"
2022-11-30 05:10:51 I Pelic Print           "DELETE FROM userstories WHERE date='2022-11-30':successful"
2022-11-30 05:10:51 I Pelic Print           "INSERT INTO userstories (rel, status, count, date) SELECT rel, status, count((@rn := @rn + 1)) as count, '2022-11-30' as date FROM alluserstories cross join (select @rn := 0) const GROUP BY rel, status:successful"
2022-11-30 05:10:53 I Pelic Get_alldefects  "[]"
2022-11-30 05:10:53 I Pelic Print           "CREATE TABLE IF NOT EXISTS defects (                     rel TEXT, team TEXT, status TEXT, priority TEXT, count INT, date TEXT) ENGINE=InnoDB DEFAULT CHARSET=utf8:successful"
2022-11-30 05:10:53 I Pelic Print           "CREATE TABLE IF NOT EXISTS alldefects (                     id INT, uniqueid TEXT, name TEXT, status TEXT, rel TEXT, team TEXT, priority TEXT, jira TEXT, upstream TEXT) ENGINE=InnoDB DEFAULT CHARSET=utf8:successful"
2022-11-30 05:10:53 I Pelic Print           "DELETE FROM defects WHERE date='2022-11-30':successful"
2022-11-30 05:10:53 I Pelic Print           "INSERT INTO defects (rel, team, status, count, date, priority) SELECT rel, team, status, count((@rn := @rn + 1)) as count, '2022-11-30' as date, priority FROM alldefects cross join (select @rn := 0) const GROUP BY rel, team, status, priority:successful"
2022-11-30 05:17:25 I Pelic get_multipickli "Unassigned don't find the mainteam name from G_parameter"
2022-11-30 05:26:26 I Pelic get_multipickli "Unassigned don't find the mainteam name from G_parameter"
2022-11-30 05:26:30 I Pelic get_multipickli "Unassigned don't find the mainteam name from G_parameter"
2022-11-30 05:30:44 I Pelic get_multipickli "Unassigned don't find the mainteam name from G_parameter"
2022-11-30 05:34:48 I Pelic get_multipickli "Unassigned don't find the mainteam name from G_parameter"
2022-11-30 05:35:07 I Pelic get_multipickli "Unassigned don't find the mainteam name from G_parameter"
2022-11-30 05:38:50 I Pelic get_multipickli "Unassigned don't find the mainteam name from G_parameter"
2022-11-30 05:39:03 I Pelic get_multipickli "ESW Platform Test don't find the mainteam name from G_parameter"
2022-11-30 05:39:11 I Pelic get_multipickli "ESW Platform Test don't find the mainteam name from G_parameter"
2022-11-30 05:39:17 I Pelic get_multipickli "ESW Platform Test don't find the mainteam name from G_parameter"
2022-11-30 05:39:24 I Pelic get_multipickli "ESW Platform Test don't find the mainteam name from G_parameter"
2022-11-30 05:41:43 I Pelic get_multipickli "Unassigned don't find the mainteam name from G_parameter"
2022-11-30 05:41:50 I Pelic get_multipickli "Unassigned don't find the mainteam name from G_parameter"
2022-11-30 05:41:53 I Pelic get_multipickli "Unassigned don't find the mainteam name from G_parameter"
2022-11-30 05:42:05 I Pelic get_multipickli "Unassigned don't find the mainteam name from G_parameter"
2022-11-30 05:42:15 I Pelic get_multipickli "Unassigned don't find the mainteam name from G_parameter"
2022-11-30 05:43:47 I Pelic get_multipickli "ESW Platform Test don't find the mainteam name from G_parameter"
2022-11-30 05:43:51 I Pelic get_multipickli "ESW Platform Test don't find the mainteam name from G_parameter"
2022-11-30 05:44:40 I Pelic get_multipickli "Unassigned don't find the mainteam name from G_parameter"
2022-11-30 05:44:48 I Pelic get_multipickli "Unassigned don't find the mainteam name from G_parameter"
2022-11-30 05:44:56 I Pelic get_multipickli "Unassigned don't find the mainteam name from G_parameter"
2022-11-30 05:45:04 I Pelic get_multipickli "Unassigned don't find the mainteam name from G_parameter"
2022-11-30 05:45:12 I Pelic get_multipickli "Unassigned don't find the mainteam name from G_parameter"
2022-11-30 05:45:20 I Pelic get_multipickli "Unassigned don't find the mainteam name from G_parameter"
2022-11-30 05:45:27 I Pelic get_multipickli "Unassigned don't find the mainteam name from G_parameter"
2022-11-30 05:45:32 I Pelic get_multipickli "Unassigned don't find the mainteam name from G_parameter"
2022-11-30 05:45:36 I Pelic get_multipickli "Unassigned don't find the mainteam name from G_parameter"
2022-11-30 05:45:41 I Pelic get_multipickli "Unassigned don't find the mainteam name from G_parameter"
2022-11-30 05:45:47 I Pelic get_multipickli "Unassigned don't find the mainteam name from G_parameter"
2022-11-30 05:45:52 I Pelic get_multipickli "Unassigned don't find the mainteam name from G_parameter"
2022-11-30 05:45:57 I Pelic get_multipickli "Unassigned don't find the mainteam name from G_parameter"
2022-11-30 05:46:02 I Pelic get_multipickli "Unassigned don't find the mainteam name from G_parameter"
2022-11-30 05:46:07 I Pelic get_multipickli "Unassigned don't find the mainteam name from G_parameter"
2022-11-30 05:46:12 I Pelic get_multipickli "Unassigned don't find the mainteam name from G_parameter"
2022-11-30 05:46:17 I Pelic get_multipickli "Unassigned don't find the mainteam name from G_parameter"
2022-11-30 05:46:22 I Pelic get_multipickli "Unassigned don't find the mainteam name from G_parameter"
2022-11-30 05:46:27 I Pelic get_multipickli "Unassigned don't find the mainteam name from G_parameter"
2022-11-30 05:46:31 I Pelic get_multipickli "Unassigned don't find the mainteam name from G_parameter"
2022-11-30 05:46:36 I Pelic get_multipickli "Unassigned don't find the mainteam name from G_parameter"
2022-11-30 05:46:41 I Pelic get_multipickli "Unassigned don't find the mainteam name from G_parameter"
2022-11-30 05:46:45 I Pelic get_multipickli "Unassigned don't find the mainteam name from G_parameter"
2022-11-30 05:46:50 I Pelic get_multipickli "Unassigned don't find the mainteam name from G_parameter"
2022-11-30 05:46:56 I Pelic get_multipickli "Unassigned don't find the mainteam name from G_parameter"
2022-11-30 05:47:00 I Pelic get_multipickli "Unassigned don't find the mainteam name from G_parameter"
2022-11-30 05:47:05 I Pelic get_multipickli "Unassigned don't find the mainteam name from G_parameter"
2022-11-30 05:47:10 I Pelic get_multipickli "Unassigned don't find the mainteam name from G_parameter"
2022-11-30 05:47:15 I Pelic get_multipickli "Unassigned don't find the mainteam name from G_parameter"
2022-11-30 05:47:20 I Pelic get_multipickli "Unassigned don't find the mainteam name from G_parameter"
2022-11-30 05:47:25 I Pelic get_multipickli "Unassigned don't find the mainteam name from G_parameter"
2022-11-30 05:47:32 I Pelic get_multipickli "Unassigned don't find the mainteam name from G_parameter"
2022-11-30 05:47:37 I Pelic get_multipickli "Unassigned don't find the mainteam name from G_parameter"
2022-11-30 05:47:43 I Pelic get_multipickli "Unassigned don't find the mainteam name from G_parameter"
2022-11-30 05:47:48 I Pelic get_multipickli "Unassigned don't find the mainteam name from G_parameter"
2022-11-30 05:47:53 I Pelic get_multipickli "Unassigned don't find the mainteam name from G_parameter"
2022-11-30 05:48:00 I Pelic get_multipickli "Unassigned don't find the mainteam name from G_parameter"
2022-11-30 05:48:04 I Pelic get_multipickli "Unassigned don't find the mainteam name from G_parameter"
2022-11-30 05:48:09 I Pelic get_multipickli "Unassigned don't find the mainteam name from G_parameter"
2022-11-30 05:48:15 I Pelic get_multipickli "Unassigned don't find the mainteam name from G_parameter"
2022-11-30 05:48:20 I Pelic get_multipickli "Unassigned don't find the mainteam name from G_parameter"
2022-11-30 05:48:25 I Pelic get_multipickli "Unassigned don't find the mainteam name from G_parameter"
2022-11-30 05:48:31 I Pelic get_multipickli "Unassigned don't find the mainteam name from G_parameter"
2022-11-30 05:48:36 I Pelic get_multipickli "Unassigned don't find the mainteam name from G_parameter"
2022-11-30 05:48:43 I Pelic get_multipickli "Unassigned don't find the mainteam name from G_parameter"
2022-11-30 05:48:48 I Pelic get_multipickli "Unassigned don't find the mainteam name from G_parameter"
2022-11-30 05:48:53 I Pelic get_multipickli "Unassigned don't find the mainteam name from G_parameter"
2022-11-30 05:48:58 I Pelic get_multipickli "Unassigned don't find the mainteam name from G_parameter"
2022-11-30 05:49:05 I Pelic get_multipickli "Unassigned don't find the mainteam name from G_parameter"
2022-11-30 05:52:31 I Pelic get_multipickli "Unassigned don't find the mainteam name from G_parameter"
2022-11-30 05:52:39 I Pelic get_multipickli "Unassigned don't find the mainteam name from G_parameter"
2022-11-30 05:57:05 I Pelic get_multipickli "Digital Experience – Android don't find the mainteam name from G_parameter"
2022-11-30 05:57:07 I Pelic get_multipickli "Digital Experience – IOS don't find the mainteam name from G_parameter"
2022-11-30 05:57:11 I Pelic get_multipickli "Digital Experience – SDK don't find the mainteam name from G_parameter"
2022-11-30 05:58:27 I Pelic get_multipickli "Unassigned don't find the mainteam name from G_parameter"
2022-11-30 05:58:33 I Pelic get_multipickli "Digital Experience – Android don't find the mainteam name from G_parameter"
2022-11-30 05:58:35 I Pelic get_multipickli "Digital Experience – IOS don't find the mainteam name from G_parameter"
2022-11-30 05:58:39 I Pelic get_multipickli "Digital Experience – Android don't find the mainteam name from G_parameter"
2022-11-30 05:58:39 I Pelic get_multipickli "Digital Experience – IOS don't find the mainteam name from G_parameter"
2022-11-30 05:58:45 I Pelic get_multipickli "Digital Experience – Android don't find the mainteam name from G_parameter"
2022-11-30 05:58:45 I Pelic get_multipickli "Digital Experience – IOS don't find the mainteam name from G_parameter"
2022-11-30 05:58:51 I Pelic get_multipickli "Digital Experience – Android don't find the mainteam name from G_parameter"
2022-11-30 05:58:51 I Pelic get_multipickli "Digital Experience – IOS don't find the mainteam name from G_parameter"
2022-11-30 05:59:50 I Pelic get_multipickli "Digital Experience – Android don't find the mainteam name from G_parameter"
2022-11-30 05:59:50 I Pelic get_multipickli "Digital Experience – IOS don't find the mainteam name from G_parameter"
2022-11-30 06:00:22 I Pelic get_multipickli "Digital Experience – Android don't find the mainteam name from G_parameter"
2022-11-30 06:00:22 I Pelic get_multipickli "Digital Experience – IOS don't find the mainteam name from G_parameter"
2022-11-30 06:00:57 I Pelic get_multipickli "Digital Experience – Android don't find the mainteam name from G_parameter"
2022-11-30 06:00:57 I Pelic get_multipickli "Digital Experience – IOS don't find the mainteam name from G_parameter"
2022-11-30 06:01:12 I Pelic get_multipickli "Digital Experience – Android don't find the mainteam name from G_parameter"
2022-11-30 06:01:12 I Pelic get_multipickli "Digital Experience – IOS don't find the mainteam name from G_parameter"
2022-11-30 06:01:36 I Pelic get_multipickli "Digital Experience – Android don't find the mainteam name from G_parameter"
2022-11-30 06:01:36 I Pelic get_multipickli "Digital Experience – IOS don't find the mainteam name from G_parameter"
2022-11-30 06:01:36 I Pelic get_multipickli "Digital Experience – SDK don't find the mainteam name from G_parameter"
2022-11-30 06:02:55 I Pelic get_multipickli "Unassigned don't find the mainteam name from G_parameter"
2022-11-30 06:03:29 I Pelic get_multipickli "Unassigned don't find the mainteam name from G_parameter"
2022-11-30 06:03:33 I Pelic get_multipickli "Digital Experience – Android don't find the mainteam name from G_parameter"
2022-11-30 06:03:33 I Pelic get_multipickli "Digital Experience – IOS don't find the mainteam name from G_parameter"
2022-11-30 06:03:39 I Pelic get_multipickli "Digital Experience – Android don't find the mainteam name from G_parameter"
2022-11-30 06:03:39 I Pelic get_multipickli "Digital Experience – IOS don't find the mainteam name from G_parameter"
2022-11-30 06:03:46 I Pelic get_multipickli "Digital Experience – Android don't find the mainteam name from G_parameter"
2022-11-30 06:03:46 I Pelic get_multipickli "Digital Experience – IOS don't find the mainteam name from G_parameter"
2022-11-30 06:03:54 I Pelic get_multipickli "Digital Experience – Android don't find the mainteam name from G_parameter"
2022-11-30 06:03:54 I Pelic get_multipickli "Digital Experience – IOS don't find the mainteam name from G_parameter"
2022-11-30 06:04:02 I Pelic get_multipickli "Digital Experience – Android don't find the mainteam name from G_parameter"
2022-11-30 06:04:02 I Pelic get_multipickli "Digital Experience – IOS don't find the mainteam name from G_parameter"
2022-11-30 06:04:10 I Pelic get_multipickli "Digital Experience – Android don't find the mainteam name from G_parameter"
2022-11-30 06:04:10 I Pelic get_multipickli "Digital Experience – IOS don't find the mainteam name from G_parameter"
2022-11-30 06:04:17 I Pelic get_multipickli "Digital Experience – Android don't find the mainteam name from G_parameter"
2022-11-30 06:04:17 I Pelic get_multipickli "Digital Experience – IOS don't find the mainteam name from G_parameter"
2022-11-30 06:04:32 I Pelic get_multipickli "Unassigned don't find the mainteam name from G_parameter"
2022-11-30 06:04:38 I Pelic get_multipickli "Digital Experience – Android don't find the mainteam name from G_parameter"
2022-11-30 06:04:38 I Pelic get_multipickli "Digital Experience – IOS don't find the mainteam name from G_parameter"
2022-11-30 06:04:45 I Pelic get_multipickli "Digital Experience – Android don't find the mainteam name from G_parameter"
2022-11-30 06:04:50 I Pelic get_multipickli "Digital Experience – Android don't find the mainteam name from G_parameter"
2022-11-30 06:04:54 I Pelic get_multipickli "Digital Experience – Android don't find the mainteam name from G_parameter"
2022-11-30 06:04:59 I Pelic get_multipickli "Digital Experience – Android don't find the mainteam name from G_parameter"
2022-11-30 06:05:04 I Pelic get_multipickli "Digital Experience – Android don't find the mainteam name from G_parameter"
2022-11-30 06:05:09 I Pelic get_multipickli "Digital Experience – Android don't find the mainteam name from G_parameter"
2022-11-30 06:06:38 I Pelic get_multipickli "Unassigned don't find the mainteam name from G_parameter"
2022-11-30 06:11:36 I Pelic get_multipickli "Unassigned don't find the mainteam name from G_parameter"
2022-11-30 06:11:55 I Pelic get_multipickli "Unassigned don't find the mainteam name from G_parameter"
2022-11-30 06:20:41 I Pelic get_multipickli "Unassigned don't find the mainteam name from G_parameter"
2022-11-30 06:25:42 I Pelic get_multipickli "Unassigned don't find the mainteam name from G_parameter"
2022-11-30 06:26:23 I Pelic get_multipickli "Unassigned don't find the mainteam name from G_parameter"
2022-11-30 06:34:53 I Pelic get_multipickli "Unassigned don't find the mainteam name from G_parameter"
2022-11-30 06:35:30 I Pelic get_multipickli "ESW Platform Test don't find the mainteam name from G_parameter"
2022-11-30 06:35:48 I Pelic get_multipickli "ESW Platform Test don't find the mainteam name from G_parameter"
2022-11-30 06:36:06 I Pelic get_multipickli "ESW Platform Test don't find the mainteam name from G_parameter"
2022-11-30 06:36:24 I Pelic get_multipickli "ESW Platform Test don't find the mainteam name from G_parameter"
2022-11-30 06:39:19 I Pelic get_multipickli "Unassigned don't find the mainteam name from G_parameter"
2022-11-30 06:39:20 I Pelic get_multipickli "Unassigned don't find the mainteam name from G_parameter"
2022-11-30 06:39:22 I Pelic get_multipickli "Unassigned don't find the mainteam name from G_parameter"
2022-11-30 06:39:28 I Pelic get_multipickli "Unassigned don't find the mainteam name from G_parameter"
2022-11-30 06:39:31 I Pelic get_multipickli "Unassigned don't find the mainteam name from G_parameter"
2022-11-30 06:39:35 I Pelic get_multipickli "Unassigned don't find the mainteam name from G_parameter"
2022-11-30 06:40:51 I Pelic get_multipickli "Unassigned don't find the mainteam name from G_parameter"
2022-11-30 06:40:54 I Pelic get_multipickli "Unassigned don't find the mainteam name from G_parameter"
2022-11-30 06:42:13 I Pelic get_multipickli "Unassigned don't find the mainteam name from G_parameter"
2022-11-30 06:42:50 I Pelic get_multipickli "Unassigned don't find the mainteam name from G_parameter"
2022-11-30 06:42:55 I Pelic get_multipickli "Unassigned don't find the mainteam name from G_parameter"
2022-11-30 06:43:52 I Pelic get_multipickli "Unassigned don't find the mainteam name from G_parameter"
2022-11-30 06:43:57 I Pelic get_multipickli "ESW Platform Test don't find the mainteam name from G_parameter"
2022-11-30 06:43:59 I Pelic get_multipickli "ESW Platform Test don't find the mainteam name from G_parameter"
2022-11-30 06:44:01 I Pelic get_multipickli "ESW Platform Test don't find the mainteam name from G_parameter"
2022-11-30 06:44:02 I Pelic get_multipickli "ESW Platform Test don't find the mainteam name from G_parameter"
2022-11-30 06:44:31 I Pelic get_multipickli "Unassigned don't find the mainteam name from G_parameter"
2022-11-30 06:44:32 I Pelic get_multipickli "Unassigned don't find the mainteam name from G_parameter"
2022-11-30 06:44:35 I Pelic get_multipickli "Unassigned don't find the mainteam name from G_parameter"
2022-11-30 06:44:38 I Pelic get_multipickli "Unassigned don't find the mainteam name from G_parameter"
2022-11-30 06:44:40 I Pelic get_multipickli "Unassigned don't find the mainteam name from G_parameter"
2022-11-30 06:44:42 I Pelic Print           "2055: Lost connection to MySQL server at '127.0.0.1:3306', system error: 10053 An established connection was aborted by the software in your host machine"
2022-11-30 06:44:42 I Pelic Print           "2055: Lost connection to MySQL server at '127.0.0.1:3306', system error: 10053 An established connection was aborted by the software in your host machine"
2022-11-30 06:44:42 I Pelic Print           "2055: Lost connection to MySQL server at '127.0.0.1:3306', system error: 10053 An established connection was aborted by the software in your host machine"
2022-11-30 06:44:42 I Pelic Print           "2055: Lost connection to MySQL server at '127.0.0.1:3306', system error: 10053 An established connection was aborted by the software in your host machine"
2022-11-30 06:44:42 I Pelic Print           "2055: Lost connection to MySQL server at '127.0.0.1:3306', system error: 10053 An established connection was aborted by the software in your host machine"
2022-11-30 06:44:42 I Pelic Print           "2055: Lost connection to MySQL server at '127.0.0.1:3306', system error: 10053 An established connection was aborted by the software in your host machine"
2022-11-30 06:44:42 I Pelic Print           "2055: Lost connection to MySQL server at '127.0.0.1:3306', system error: 10053 An established connection was aborted by the software in your host machine"
2022-11-30 06:44:42 I Pelic Print           "2055: Lost connection to MySQL server at '127.0.0.1:3306', system error: 10053 An established connection was aborted by the software in your host machine"
2022-11-30 06:44:42 I Pelic Print           "2055: Lost connection to MySQL server at '127.0.0.1:3306', system error: 10053 An established connection was aborted by the software in your host machine"
Traceback (most recent call last):
  File "C:\Python37-32\lib\site-packages\mysql\connector\network.py", line 148, in send_plain
    self.sock.sendall(packet)
ConnectionAbortedError: [WinError 10053] An established connection was aborted by the software in your host machine

During handling of the above exception, another exception occurred:

Traceback (most recent call last):
  File "E:\New Jira_Jama\Jama_jira_script\REST_Jama20201207.py", line 196, in fetch_data
    jamadata.Get_and_Save()
  File "E:\New Jira_Jama\Jama_jira_script\Subprogress.py", line 465, in Get_and_Save
    self.Update_db.Store_allrequirements(self.P_reqcovered, self.P_allrequirements)
  File "E:\New Jira_Jama\Jama_jira_script\UpdateDatabase.py", line 66, in Store_allrequirements
    self.update_database_allrequirements(P_reqcovered, P_allrequirements)
  File "E:\New Jira_Jama\Jama_jira_script\UpdateDatabase.py", line 466, in update_database_allrequirements
    self.mydb.db_commit()
  File "E:\New Jira_Jama\Jama_jira_script\Mysqlconn.py", line 93, in db_commit
    self.mydb.commit()
  File "C:\Python37-32\lib\site-packages\mysql\connector\connection.py", line 951, in commit
    self._execute_query("COMMIT")
  File "C:\Python37-32\lib\site-packages\mysql\connector\connection.py", line 970, in _execute_query
    self.cmd_query(query)
  File "C:\Python37-32\lib\site-packages\mysql\connector\connection.py", line 590, in cmd_query
    result = self._handle_result(self._send_cmd(ServerCmd.QUERY, query))
  File "C:\Python37-32\lib\site-packages\mysql\connector\connection.py", line 344, in _send_cmd
    packet_number, compressed_packet_number)
  File "C:\Python37-32\lib\site-packages\mysql\connector\network.py", line 151, in send_plain
    errno=2055, values=(self.get_address(), _strioerror(err)))
mysql.connector.errors.OperationalError: 2055: Lost connection to MySQL server at '127.0.0.1:3306', system error: 10053 An established connection was aborted by the software in your host machine
