2023-01-13 05:16:10 I Platf Print           "Connet 20396 successfully!!!"
2023-01-13 05:16:10 I Platf Get_alltests    "Get project name:Platform Audio id:20396 all testplans"
2023-01-13 05:16:22 I Platf Get_alltests    "{4048261: {'id': 4048261, 'name': 'Audio Test Plan', 'archived': False, 'index': '4048261:Audio Test Plan'}, 7371315: {'id': 7371315, 'name': 'Project Test Plan', 'archived': False, 'index': '7371315:Project Test Plan'}}"
2023-01-13 05:16:22 I Platf Get_alltests    "Get project name:Platform Audio id:20396 all testplans successful!!!"
2023-01-13 05:18:49 I Platf tidy_alltestcas "34"
2023-01-13 05:19:28 I Platf Print           "DROP TABLE IF EXISTS testcases:successful"
2023-01-13 05:19:28 I Platf Print           "CREATE TABLE IF NOT EXISTS testcases (                             testplan_id INT,                             testplan_name TEXT,                             testgroup_id INT,                             testgroup_name TEXT,                             testcycle_id INT,                             testcycle_name TEXT,                             rel TEXT,                             id INT,                             uniqueid TEXT,                             name TEXT,                             status TEXT,                             upstream TEXT,                             downstream TEXT,                             executionDate TEXT) ENGINE=InnoDB DEFAULT CHARSET=utf8:successful"
2023-01-13 05:19:28 I Platf update_database "Insert testcases table successful"
2023-01-13 05:19:28 I Platf Print           "CREATE TABLE IF NOT EXISTS tests (                             testplan_id INT,                             testplan_name TEXT,                             testplan_status TEXT,                             rel TEXT, status TEXT,                             count INT, date TEXT) ENGINE=InnoDB DEFAULT CHARSET=utf8:successful"
2023-01-13 05:19:28 I Platf Print           "DELETE FROM tests WHERE date='2023-01-13':successful"
2023-01-13 05:19:28 I Platf Print           "SELECT testplan_id FROM tests GROUP BY testplan_id:successful"
2023-01-13 05:19:28 I Platf Print           "SELECT testplan_name FROM tests WHERE testplan_id=4048261 LIMIT 1:successful"
2023-01-13 05:19:28 I Platf Print           "UPDATE tests SET testplan_status='Active' WHERE testplan_id=4048261:successful"
2023-01-13 05:19:28 I Platf Print           "SELECT testplan_name FROM tests WHERE testplan_id=7371315 LIMIT 1:successful"
2023-01-13 05:19:28 I Platf Print           "UPDATE tests SET testplan_status='Active' WHERE testplan_id=7371315:successful"
2023-01-13 05:19:28 I Platf Print           "INSERT INTO tests (testplan_id, testplan_name, testplan_status, rel, status, count, date) SELECT testplan_id, testplan_name, 'Active' as testplan_status, rel, status, count((@rn := @rn + 1)) as count, '2023-01-13' as date FROM testcases cross join (select @rn := 0) const GROUP BY testplan_id, rel, status:successful"
2023-01-13 05:19:28 I Platf update_database "Insert tests table successful"
2023-01-13 05:19:28 I Platf Print           "CREATE TABLE IF NOT EXISTS testapproval (                                 rel TEXT, team TEXT, status TEXT, upstream TEXT, count INT, date TEXT                                 ) ENGINE=InnoDB DEFAULT CHARSET=utf8:successful"
2023-01-13 05:19:28 I Platf Print           "DROP TABLE IF EXISTS alltestapproval:successful"
2023-01-13 05:19:28 I Platf Print           "CREATE TABLE IF NOT EXISTS alltestapproval (                                 id INT, uniqueid TEXT, name TEXT, status TEXT, rel TEXT, team TEXT, upstream TEXT                                 ) ENGINE=InnoDB DEFAULT CHARSET=utf8:successful"
2023-01-13 05:19:28 I Platf Print           "DELETE FROM testapproval WHERE date='2023-01-13':successful"
2023-01-13 05:19:28 I Platf Print           "INSERT INTO testapproval (rel, team, status, count, date, upstream) SELECT rel, team, status, count((@rn := @rn + 1)) as count, '2023-01-13' as date, upstream FROM alltestapproval cross join (select @rn := 0) const GROUP BY rel, team, status, upstream:successful"
2023-01-13 05:19:45 I Platf Get_allfeatuers "[{'id': 9478888, 'name': 'Zoom Certification v2.0 (Headsets) - Audio', 'documentKey': 'PlA-FEAT-301', 'statusId': 156409, 'status': 'Draft'}, {'id': 9240104, 'name': 'Rx In-ear closed ANC with good performance tier', 'documentKey': 'PlA-FEAT-266', 'statusId': 156410, 'status': 'Approved'}, {'id': 9240510, 'name': 'Rx On-Ear ANC with good performance tier', 'documentKey': 'PlA-FEAT-273', 'statusId': 156409, 'status': 'Draft'}, {'id': 9240508, 'name': 'Rx On-Ear ANC with better performance tier', 'documentKey': 'PlA-FEAT-272', 'statusId': 156409, 'status': 'Draft'}, {'id': 9240489, 'name': 'Rx On-Ear ANC with best performance tier', 'documentKey': 'PlA-FEAT-271', 'statusId': 156409, 'status': 'Draft'}, {'id': 9240528, 'name': 'Rx On-Ear ANC with good performance tier', 'documentKey': 'PlA-FEAT-280', 'statusId': 156409, 'status': 'Draft'}, {'id': 9240525, 'name': 'Rx On-Ear ANC with better performance tier', 'documentKey': 'PlA-FEAT-277', 'statusId': 156409, 'status': 'Draft'}, {'id': 9240519, 'name': 'Rx On-Ear ANC with best performance tier', 'documentKey': 'PlA-FEAT-274', 'statusId': 156409, 'status': 'Draft'}, {'id': 9240529, 'name': 'Rx Over-Ear ANC with good performance tier', 'documentKey': 'PlA-FEAT-281', 'statusId': 156409, 'status': 'Draft'}, {'id': 9240526, 'name': 'Rx Over-Ear ANC with better performance tier', 'documentKey': 'PlA-FEAT-278', 'statusId': 156409, 'status': 'Draft'}, {'id': 9240520, 'name': 'Rx Over-Ear ANC with high performance tier', 'documentKey': 'PlA-FEAT-275', 'statusId': 156409, 'status': 'Draft'}, {'id': 9240530, 'name': 'Rx Over-Ear ANC with good performance tier', 'documentKey': 'PlA-FEAT-282', 'statusId': 156409, 'status': 'Draft'}, {'id': 9240527, 'name': 'Rx Over-Ear ANC with better performance tier', 'documentKey': 'PlA-FEAT-279', 'statusId': 156409, 'status': 'Draft'}, {'id': 9240521, 'name': 'Rx Over-Ear ANC with best performance tier', 'documentKey': 'PlA-FEAT-276', 'statusId': 156409, 'status': 'Draft'}]"
2023-01-13 05:19:45 I Platf Print           "CREATE TABLE IF NOT EXISTS features (                                rel TEXT, status TEXT, count INT, date TEXT) ENGINE=InnoDB DEFAULT CHARSET=utf8:successful"
2023-01-13 05:19:45 I Platf Print           "CREATE TABLE IF NOT EXISTS allfeatures (                                id INT, uniqueid TEXT, name TEXT, status TEXT, rel TEXT,test_status TEXT) ENGINE=InnoDB DEFAULT CHARSET=utf8:successful"
2023-01-13 05:19:45 I Platf Print           "DELETE FROM features WHERE date='2023-01-13':successful"
2023-01-13 05:19:45 I Platf Print           "DELETE FROM allfeatures WHERE id=19297583:successful"
2023-01-13 05:19:45 I Platf Print           "DELETE FROM allfeatures WHERE id=19296308:successful"
2023-01-13 05:19:45 I Platf Print           "DELETE FROM allfeatures WHERE id=19296302:successful"
2023-01-13 05:19:45 I Platf Print           "DELETE FROM allfeatures WHERE id=19296298:successful"
2023-01-13 05:19:45 I Platf Print           "DELETE FROM allfeatures WHERE id=19296162:successful"
2023-01-13 05:19:45 I Platf Print           "DELETE FROM allfeatures WHERE id=18903194:successful"
2023-01-13 05:19:45 I Platf Print           "DELETE FROM allfeatures WHERE id=18796457:successful"
2023-01-13 05:19:45 I Platf Print           "DELETE FROM allfeatures WHERE id=18796455:successful"
2023-01-13 05:19:45 I Platf Print           "DELETE FROM allfeatures WHERE id=18663833:successful"
2023-01-13 05:19:45 I Platf Print           "DELETE FROM allfeatures WHERE id=18651824:successful"
2023-01-13 05:19:45 I Platf Print           "DELETE FROM allfeatures WHERE id=18651805:successful"
2023-01-13 05:19:45 I Platf Print           "DELETE FROM allfeatures WHERE id=18453270:successful"
2023-01-13 05:19:45 I Platf Print           "DELETE FROM allfeatures WHERE id=18453268:successful"
2023-01-13 05:19:45 I Platf Print           "DELETE FROM allfeatures WHERE id=18453267:successful"
2023-01-13 05:19:45 I Platf Print           "DELETE FROM allfeatures WHERE id=18452234:successful"
2023-01-13 05:19:45 I Platf Print           "DELETE FROM allfeatures WHERE id=18452227:successful"
2023-01-13 05:19:45 I Platf Print           "DELETE FROM allfeatures WHERE id=18451958:successful"
2023-01-13 05:19:45 I Platf Print           "DELETE FROM allfeatures WHERE id=18451870:successful"
2023-01-13 05:19:45 I Platf Print           "DELETE FROM allfeatures WHERE id=18449929:successful"
2023-01-13 05:19:45 I Platf Print           "DELETE FROM allfeatures WHERE id=18449928:successful"
2023-01-13 05:19:45 I Platf Print           "DELETE FROM allfeatures WHERE id=18441742:successful"
2023-01-13 05:19:45 I Platf Print           "DELETE FROM allfeatures WHERE id=18280213:successful"
2023-01-13 05:19:45 I Platf Print           "DELETE FROM allfeatures WHERE id=17887413:successful"
2023-01-13 05:19:45 I Platf Print           "DELETE FROM allfeatures WHERE id=17860490:successful"
2023-01-13 05:19:45 I Platf Print           "DELETE FROM allfeatures WHERE id=17270642:successful"
2023-01-13 05:19:45 I Platf Print           "DELETE FROM allfeatures WHERE id=17199767:successful"
2023-01-13 05:19:45 I Platf Print           "DELETE FROM allfeatures WHERE id=16818154:successful"
2023-01-13 05:19:45 I Platf Print           "DELETE FROM allfeatures WHERE id=16797442:successful"
2023-01-13 05:19:45 I Platf Print           "DELETE FROM allfeatures WHERE id=16797198:successful"
2023-01-13 05:19:45 I Platf Print           "DELETE FROM allfeatures WHERE id=16716069:successful"
2023-01-13 05:19:45 I Platf Print           "DELETE FROM allfeatures WHERE id=16716065:successful"
2023-01-13 05:19:45 I Platf Print           "DELETE FROM allfeatures WHERE id=16668586:successful"
2023-01-13 05:19:45 I Platf Print           "DELETE FROM allfeatures WHERE id=15659508:successful"
2023-01-13 05:19:45 I Platf Print           "DELETE FROM allfeatures WHERE id=14776629:successful"
2023-01-13 05:19:45 I Platf Print           "DELETE FROM allfeatures WHERE id=13999176:successful"
2023-01-13 05:19:45 I Platf Print           "DELETE FROM allfeatures WHERE id=13927665:successful"
2023-01-13 05:19:45 I Platf Print           "DELETE FROM allfeatures WHERE id=13847532:successful"
2023-01-13 05:19:45 I Platf Print           "DELETE FROM allfeatures WHERE id=13772670:successful"
2023-01-13 05:19:45 I Platf Print           "DELETE FROM allfeatures WHERE id=13591098:successful"
2023-01-13 05:19:45 I Platf Print           "DELETE FROM allfeatures WHERE id=10319781:successful"
2023-01-13 05:19:45 I Platf Print           "DELETE FROM allfeatures WHERE id=9873450:successful"
2023-01-13 05:19:45 I Platf Print           "DELETE FROM allfeatures WHERE id=8880511:successful"
2023-01-13 05:19:45 I Platf Print           "DELETE FROM allfeatures WHERE id=8880508:successful"
2023-01-13 05:19:45 I Platf Print           "DELETE FROM allfeatures WHERE id=8880019:successful"
2023-01-13 05:19:45 I Platf Print           "DELETE FROM allfeatures WHERE id=8623168:successful"
2023-01-13 05:19:45 I Platf Print           "DELETE FROM allfeatures WHERE id=8590906:successful"
2023-01-13 05:19:45 I Platf Print           "DELETE FROM allfeatures WHERE id=7585397:successful"
2023-01-13 05:19:45 I Platf Print           "DELETE FROM allfeatures WHERE id=7585396:successful"
2023-01-13 05:19:45 I Platf Print           "DELETE FROM allfeatures WHERE id=7585395:successful"
2023-01-13 05:19:45 I Platf Print           "DELETE FROM allfeatures WHERE id=7528980:successful"
2023-01-13 05:19:45 I Platf Print           "DELETE FROM allfeatures WHERE id=7296886:successful"
2023-01-13 05:19:45 I Platf Print           "DELETE FROM allfeatures WHERE id=7166233:successful"
2023-01-13 05:19:45 I Platf Print           "DELETE FROM allfeatures WHERE id=7163196:successful"
2023-01-13 05:19:45 I Platf Print           "DELETE FROM allfeatures WHERE id=7163195:successful"
2023-01-13 05:19:45 I Platf Print           "DELETE FROM allfeatures WHERE id=7100343:successful"
2023-01-13 05:19:45 I Platf Print           "DELETE FROM allfeatures WHERE id=9478888:successful"
2023-01-13 05:19:45 I Platf Print           "DELETE FROM allfeatures WHERE id=9240104:successful"
2023-01-13 05:19:45 I Platf Print           "DELETE FROM allfeatures WHERE id=9240510:successful"
2023-01-13 05:19:45 I Platf Print           "DELETE FROM allfeatures WHERE id=9240508:successful"
2023-01-13 05:19:45 I Platf Print           "DELETE FROM allfeatures WHERE id=9240489:successful"
2023-01-13 05:19:45 I Platf Print           "DELETE FROM allfeatures WHERE id=9240528:successful"
2023-01-13 05:19:45 I Platf Print           "DELETE FROM allfeatures WHERE id=9240525:successful"
2023-01-13 05:19:45 I Platf Print           "DELETE FROM allfeatures WHERE id=9240519:successful"
2023-01-13 05:19:45 I Platf Print           "DELETE FROM allfeatures WHERE id=9240529:successful"
2023-01-13 05:19:45 I Platf Print           "DELETE FROM allfeatures WHERE id=9240526:successful"
2023-01-13 05:19:45 I Platf Print           "DELETE FROM allfeatures WHERE id=9240520:successful"
2023-01-13 05:19:45 I Platf Print           "DELETE FROM allfeatures WHERE id=9240530:successful"
2023-01-13 05:19:45 I Platf Print           "DELETE FROM allfeatures WHERE id=9240527:successful"
2023-01-13 05:19:45 I Platf Print           "DELETE FROM allfeatures WHERE id=9240521:successful"
2023-01-13 05:19:45 I Platf Print           "INSERT INTO features (rel, status, count, date)                                 SELECT rel, status, count((@rn := @rn + 1)) as count, '2023-01-13' as date FROM allfeatures cross join (select @rn := 0) const GROUP BY rel, status:successful"
2023-01-13 05:19:50 I Platf Get_allchangere "[]"
2023-01-13 05:19:50 I Platf Print           "CREATE TABLE IF NOT EXISTS changes (                                 rel TEXT, status TEXT, priority TEXT,                                 requester TEXT, date TEXT, count INT) ENGINE=InnoDB DEFAULT CHARSET=utf8:successful"
2023-01-13 05:19:50 I Platf Print           "CREATE TABLE IF NOT EXISTS allchanges (                                 id INT, uniqueid TEXT, name TEXT,                                 status TEXT, rel TEXT, priority TEXT,                                 requester TEXT) ENGINE=InnoDB DEFAULT CHARSET=utf8:successful"
2023-01-13 05:19:50 I Platf Print           "DELETE FROM changes WHERE date='2023-01-13':successful"
2023-01-13 05:19:50 I Platf Print           "INSERT INTO changes (                                 rel, status, priority, requester, date, count)                                 SELECT rel, status, priority, requester, '2023-01-13' as date, count((@rn := @rn + 1)) as count FROM allchanges                                 cross join (select @rn := 0) const GROUP BY rel, status, priority, requester:successful"
2023-01-13 05:19:54 I Platf Print           "CREATE TABLE IF NOT EXISTS designspec (                            rel TEXT, team TEXT, status TEXT, count INT, date text) ENGINE=InnoDB DEFAULT CHARSET=utf8:successful"
2023-01-13 05:19:54 I Platf Print           "CREATE TABLE IF NOT EXISTS alldesignspec (                             id INT, uniqueid TEXT, name TEXT, status TEXT, rel TEXT, team TEXT) ENGINE=InnoDB DEFAULT CHARSET=utf8:successful"
2023-01-13 05:19:54 I Platf Print           "DELETE FROM designspec WHERE date='2023-01-13':successful"
2023-01-13 05:19:54 I Platf Print           "INSERT INTO designspec (rel, team, status, count, date) SELECT rel, team, status, count((@rn := @rn + 1)) as count, '2023-01-13' as date FROM alldesignspec cross join (select @rn := 0) const GROUP BY rel, team, status:successful"
2023-01-13 05:20:02 I Platf Get_alluserstor "[]"
2023-01-13 05:20:02 I Platf Print           "CREATE TABLE IF NOT EXISTS userstories (                 rel TEXT, status TEXT, count INT, date TEXT) ENGINE=InnoDB DEFAULT CHARSET=utf8:successful"
2023-01-13 05:20:02 I Platf Print           "CREATE TABLE IF NOT EXISTS alluserstories (                 id INT, uniqueid TEXT, name TEXT, status TEXT, rel TEXT) ENGINE=InnoDB DEFAULT CHARSET=utf8:successful"
2023-01-13 05:20:02 I Platf Print           "DELETE FROM userstories WHERE date='2023-01-13':successful"
2023-01-13 05:20:02 I Platf Print           "INSERT INTO userstories (rel, status, count, date) SELECT rel, status, count((@rn := @rn + 1)) as count, '2023-01-13' as date FROM alluserstories cross join (select @rn := 0) const GROUP BY rel, status:successful"
2023-01-13 05:20:09 I Platf Get_alldefects  "[]"
2023-01-13 05:20:09 I Platf Print           "CREATE TABLE IF NOT EXISTS defects (                     rel TEXT, team TEXT, status TEXT, priority TEXT, count INT, date TEXT) ENGINE=InnoDB DEFAULT CHARSET=utf8:successful"
2023-01-13 05:20:09 I Platf Print           "CREATE TABLE IF NOT EXISTS alldefects (                     id INT, uniqueid TEXT, name TEXT, status TEXT, rel TEXT, team TEXT, priority TEXT, jira TEXT, upstream TEXT) ENGINE=InnoDB DEFAULT CHARSET=utf8:successful"
2023-01-13 05:20:09 I Platf Print           "DELETE FROM defects WHERE date='2023-01-13':successful"
2023-01-13 05:20:09 I Platf Print           "INSERT INTO defects (rel, team, status, count, date, priority) SELECT rel, team, status, count((@rn := @rn + 1)) as count, '2023-01-13' as date, priority FROM alldefects cross join (select @rn := 0) const GROUP BY rel, team, status, priority:successful"
2023-01-13 05:28:56 I Platf get_multipickli "Unassigned don't find the mainteam name from G_parameter"
2023-01-13 05:29:26 I Platf get_multipickli "Unassigned don't find the mainteam name from G_parameter"
2023-01-13 05:32:52 I Platf get_multipickli "Unassigned don't find the mainteam name from G_parameter"
2023-01-13 05:39:23 I Platf get_multipickli "Unassigned don't find the mainteam name from G_parameter"
2023-01-13 05:39:44 I Platf get_multipickli "Unassigned don't find the mainteam name from G_parameter"
2023-01-13 05:39:54 I Platf get_multipickli "Unassigned don't find the mainteam name from G_parameter"
2023-01-13 05:40:00 I Platf get_multipickli "Unassigned don't find the mainteam name from G_parameter"
2023-01-13 05:40:04 I Platf get_multipickli "Unassigned don't find the mainteam name from G_parameter"
2023-01-13 05:40:09 I Platf get_multipickli "Unassigned don't find the mainteam name from G_parameter"
2023-01-13 05:40:15 I Platf get_multipickli "Unassigned don't find the mainteam name from G_parameter"
2023-01-13 05:40:21 I Platf get_multipickli "Unassigned don't find the mainteam name from G_parameter"
2023-01-13 05:57:10 I Platf get_multipickli "Unassigned don't find the mainteam name from G_parameter"
2023-01-13 05:57:15 I Platf get_multipickli "Unassigned don't find the mainteam name from G_parameter"
2023-01-13 05:57:20 I Platf get_multipickli "Unassigned don't find the mainteam name from G_parameter"
2023-01-13 05:57:25 I Platf get_multipickli "Unassigned don't find the mainteam name from G_parameter"
2023-01-13 05:57:30 I Platf get_multipickli "Unassigned don't find the mainteam name from G_parameter"
2023-01-13 05:57:35 I Platf get_multipickli "Unassigned don't find the mainteam name from G_parameter"
2023-01-13 05:57:40 I Platf get_multipickli "Unassigned don't find the mainteam name from G_parameter"
2023-01-13 05:58:25 I Platf get_multipickli "Unassigned don't find the mainteam name from G_parameter"
2023-01-13 05:58:29 I Platf get_multipickli "Unassigned don't find the mainteam name from G_parameter"
2023-01-13 05:58:34 I Platf get_multipickli "Unassigned don't find the mainteam name from G_parameter"
2023-01-13 06:00:16 I Platf get_multipickli "Unassigned don't find the mainteam name from G_parameter"
2023-01-13 06:03:05 I Platf get_multipickli "Unassigned don't find the mainteam name from G_parameter"
2023-01-13 06:03:48 I Platf get_multipickli "Unassigned don't find the mainteam name from G_parameter"
2023-01-13 06:04:26 I Platf get_multipickli "Unassigned don't find the mainteam name from G_parameter"
2023-01-13 06:04:58 I Platf get_multipickli "Unassigned don't find the mainteam name from G_parameter"
2023-01-13 06:05:34 I Platf get_multipickli "Unassigned don't find the mainteam name from G_parameter"
2023-01-13 06:06:09 I Platf get_multipickli "Unassigned don't find the mainteam name from G_parameter"
2023-01-13 06:11:01 I Platf get_multipickli "Unassigned don't find the mainteam name from G_parameter"
2023-01-13 06:12:45 I Platf get_multipickli "Unassigned don't find the mainteam name from G_parameter"
2023-01-13 06:13:03 I Platf get_multipickli "Unassigned don't find the mainteam name from G_parameter"
2023-01-13 06:14:05 I Platf get_multipickli "Unassigned don't find the mainteam name from G_parameter"
2023-01-13 06:14:42 I Platf get_multipickli "Unassigned don't find the mainteam name from G_parameter"
2023-01-13 06:16:03 I Platf get_multipickli "Unassigned don't find the mainteam name from G_parameter"
2023-01-13 06:16:45 I Platf get_multipickli "Unassigned don't find the mainteam name from G_parameter"
2023-01-13 06:16:58 I Platf get_multipickli "Unassigned don't find the mainteam name from G_parameter"
2023-01-13 06:17:04 I Platf get_multipickli "Unassigned don't find the mainteam name from G_parameter"
2023-01-13 06:17:10 I Platf get_multipickli "Unassigned don't find the mainteam name from G_parameter"
2023-01-13 06:17:19 I Platf get_multipickli "Unassigned don't find the mainteam name from G_parameter"
2023-01-13 06:17:23 I Platf get_multipickli "Unassigned don't find the mainteam name from G_parameter"
2023-01-13 06:17:29 I Platf get_multipickli "Unassigned don't find the mainteam name from G_parameter"
2023-01-13 06:17:50 I Platf get_multipickli "Unassigned don't find the mainteam name from G_parameter"
2023-01-13 06:17:56 I Platf get_multipickli "Unassigned don't find the mainteam name from G_parameter"
2023-01-13 06:18:13 I Platf get_multipickli "Unassigned don't find the mainteam name from G_parameter"
2023-01-13 06:19:38 I Platf get_multipickli "Unassigned don't find the mainteam name from G_parameter"
2023-01-13 06:19:59 I Platf get_multipickli "Unassigned don't find the mainteam name from G_parameter"
2023-01-13 06:20:07 I Platf get_multipickli "Unassigned don't find the mainteam name from G_parameter"
2023-01-13 06:20:19 I Platf get_multipickli "Unassigned don't find the mainteam name from G_parameter"
2023-01-13 06:20:29 I Platf get_multipickli "Unassigned don't find the mainteam name from G_parameter"
2023-01-13 06:20:37 I Platf get_multipickli "Unassigned don't find the mainteam name from G_parameter"
2023-01-13 06:20:45 I Platf get_multipickli "Unassigned don't find the mainteam name from G_parameter"
2023-01-13 06:20:55 I Platf get_multipickli "Unassigned don't find the mainteam name from G_parameter"
2023-01-13 06:21:04 I Platf get_multipickli "Unassigned don't find the mainteam name from G_parameter"
2023-01-13 06:21:12 I Platf get_multipickli "Unassigned don't find the mainteam name from G_parameter"
2023-01-13 06:21:21 I Platf get_multipickli "Unassigned don't find the mainteam name from G_parameter"
2023-01-13 06:21:30 I Platf get_multipickli "Unassigned don't find the mainteam name from G_parameter"
2023-01-13 06:21:37 I Platf get_multipickli "Unassigned don't find the mainteam name from G_parameter"
2023-01-13 06:21:42 I Platf get_multipickli "Unassigned don't find the mainteam name from G_parameter"
2023-01-13 06:21:46 I Platf get_multipickli "Unassigned don't find the mainteam name from G_parameter"
2023-01-13 06:21:51 I Platf get_multipickli "Unassigned don't find the mainteam name from G_parameter"
2023-01-13 06:21:56 I Platf get_multipickli "Unassigned don't find the mainteam name from G_parameter"
2023-01-13 06:22:02 I Platf get_multipickli "Unassigned don't find the mainteam name from G_parameter"
2023-01-13 06:22:07 I Platf get_multipickli "Unassigned don't find the mainteam name from G_parameter"
2023-01-13 06:22:13 I Platf get_multipickli "Unassigned don't find the mainteam name from G_parameter"
2023-01-13 06:22:22 I Platf get_multipickli "Unassigned don't find the mainteam name from G_parameter"
2023-01-13 06:22:28 I Platf get_multipickli "Unassigned don't find the mainteam name from G_parameter"
2023-01-13 06:22:34 I Platf get_multipickli "Unassigned don't find the mainteam name from G_parameter"
2023-01-13 06:22:41 I Platf get_multipickli "Unassigned don't find the mainteam name from G_parameter"
2023-01-13 06:22:48 I Platf get_multipickli "Unassigned don't find the mainteam name from G_parameter"
2023-01-13 06:22:54 I Platf get_multipickli "Unassigned don't find the mainteam name from G_parameter"
2023-01-13 06:22:59 I Platf get_multipickli "Unassigned don't find the mainteam name from G_parameter"
2023-01-13 06:23:04 I Platf get_multipickli "Unassigned don't find the mainteam name from G_parameter"
2023-01-13 06:23:09 I Platf get_multipickli "Unassigned don't find the mainteam name from G_parameter"
2023-01-13 06:23:15 I Platf get_multipickli "Unassigned don't find the mainteam name from G_parameter"
2023-01-13 06:23:22 I Platf get_multipickli "Unassigned don't find the mainteam name from G_parameter"
2023-01-13 06:23:28 I Platf get_multipickli "Unassigned don't find the mainteam name from G_parameter"
2023-01-13 06:23:34 I Platf get_multipickli "Unassigned don't find the mainteam name from G_parameter"
2023-01-13 06:23:39 I Platf get_multipickli "Unassigned don't find the mainteam name from G_parameter"
2023-01-13 06:23:45 I Platf get_multipickli "Unassigned don't find the mainteam name from G_parameter"
2023-01-13 06:23:54 I Platf get_multipickli "Unassigned don't find the mainteam name from G_parameter"
2023-01-13 06:24:13 I Platf get_multipickli "Unassigned don't find the mainteam name from G_parameter"
2023-01-13 06:24:32 I Platf get_multipickli "Unassigned don't find the mainteam name from G_parameter"
2023-01-13 06:24:53 I Platf get_multipickli "Unassigned don't find the mainteam name from G_parameter"
2023-01-13 06:25:14 I Platf get_multipickli "Unassigned don't find the mainteam name from G_parameter"
2023-01-13 06:25:35 I Platf get_multipickli "Unassigned don't find the mainteam name from G_parameter"
2023-01-13 06:26:01 I Platf get_multipickli "Unassigned don't find the mainteam name from G_parameter"
2023-01-13 06:26:37 I Platf get_multipickli "Unassigned don't find the mainteam name from G_parameter"
2023-01-13 06:26:43 I Platf get_multipickli "Unassigned don't find the mainteam name from G_parameter"
2023-01-13 06:26:48 I Platf get_multipickli "Unassigned don't find the mainteam name from G_parameter"
2023-01-13 06:26:54 I Platf get_multipickli "Unassigned don't find the mainteam name from G_parameter"
2023-01-13 06:26:58 I Platf get_multipickli "Unassigned don't find the mainteam name from G_parameter"
2023-01-13 06:27:04 I Platf get_multipickli "Unassigned don't find the mainteam name from G_parameter"
2023-01-13 06:27:10 I Platf get_multipickli "Unassigned don't find the mainteam name from G_parameter"
2023-01-13 06:27:34 I Platf get_multipickli "Unassigned don't find the mainteam name from G_parameter"
2023-01-13 06:27:40 I Platf get_multipickli "Unassigned don't find the mainteam name from G_parameter"
2023-01-13 06:27:45 I Platf get_multipickli "Unassigned don't find the mainteam name from G_parameter"
2023-01-13 06:27:50 I Platf get_multipickli "Unassigned don't find the mainteam name from G_parameter"
2023-01-13 06:27:55 I Platf get_multipickli "Unassigned don't find the mainteam name from G_parameter"
2023-01-13 06:28:00 I Platf get_multipickli "Unassigned don't find the mainteam name from G_parameter"
2023-01-13 06:29:28 I Platf get_multipickli "Unassigned don't find the mainteam name from G_parameter"
2023-01-13 06:29:34 I Platf get_multipickli "Unassigned don't find the mainteam name from G_parameter"
2023-01-13 06:29:40 I Platf get_multipickli "Unassigned don't find the mainteam name from G_parameter"
2023-01-13 06:29:48 I Platf get_multipickli "Unassigned don't find the mainteam name from G_parameter"
2023-01-13 06:29:53 I Platf get_multipickli "Unassigned don't find the mainteam name from G_parameter"
2023-01-13 06:30:00 I Platf get_multipickli "Unassigned don't find the mainteam name from G_parameter"
2023-01-13 06:30:09 I Platf get_multipickli "Unassigned don't find the mainteam name from G_parameter"
2023-01-13 06:31:40 I Platf Print           "DROP TABLE IF EXISTS allrequirements:successful"
2023-01-13 06:31:40 I Platf Print           "DROP TABLE IF EXISTS allcoverage:successful"
2023-01-13 06:31:40 I Platf Print           "CREATE TABLE IF NOT EXISTS requirements (                        rel TEXT, status TEXT, count INT, date TEXT) ENGINE=InnoDB DEFAULT CHARSET=utf8:successful"
2023-01-13 06:31:40 I Platf Print           "CREATE TABLE IF NOT EXISTS allrequirements (                        id INT, uniqueid TEXT, name TEXT, status TEXT, rel TEXT, upstream TEXT, downstream TEXT, team TEXT, test_status TEXT) ENGINE=InnoDB DEFAULT CHARSET=utf8:successful"
2023-01-13 06:31:40 I Platf Print           "CREATE TABLE IF NOT EXISTS coverage (                        team text, covered int, expected int, date text) ENGINE=InnoDB DEFAULT CHARSET=utf8:successful"
2023-01-13 06:31:40 I Platf Print           "CREATE TABLE IF NOT EXISTS allcoverage (                        id INT, uniqueid TEXT, name TEXT, status TEXT, rel TEXT, verify TEXT, missing TEXT) ENGINE=InnoDB DEFAULT CHARSET=utf8:successful"
2023-01-13 06:31:40 I Platf Print           "DELETE FROM requirements WHERE date='2023-01-13':successful"
2023-01-13 06:31:40 I Platf Print           "DELETE FROM coverage WHERE date='2023-01-13':successful"
2023-01-13 06:31:40 I Platf Print           "INSERT INTO requirements (rel, status, count, date) SELECT rel, status, count((@rn := @rn + 1)) as count, '2023-01-13' as date FROM allrequirements cross join (select @rn := 0) const GROUP BY rel, status:successful"
2023-01-13 06:31:40 I Platf Print           "CREATE TABLE IF NOT EXISTS feattest (rel TEXT, status TEXT, count TEXT, date TEXT) ENGINE=InnoDB DEFAULT CHARSET=utf8:successful"
2023-01-13 06:31:40 I Platf Print           "CREATE TABLE IF NOT EXISTS reqtest (rel TEXT, status TEXT, count TEXT, date TEXT) ENGINE=InnoDB DEFAULT CHARSET=utf8:successful"
2023-01-13 06:31:40 I Platf Print           "SELECT id FROM allfeatures:successful"
2023-01-13 06:31:40 I Platf Print           "SELECT id,upstream,downstream,team FROM allrequirements:successful"
2023-01-13 06:31:40 I Platf Print           "SELECT id FROM allcoverage:successful"
2023-01-13 06:31:40 I Platf Print           "SELECT * FROM testcases:successful"
