2023-01-13 09:37:11 I Polar Print           "Connet 20620 successfully!!!"
2023-01-13 09:37:11 I Polar Get_alltests    "Get project name:Polaris id:20620 all testplans"
2023-01-13 09:37:19 I Polar Get_alltests    "{}"
2023-01-13 09:37:19 I Polar Get_alltests    "Get project name:Polaris id:20620 all testplans successful!!!"
2023-01-13 09:37:19 I Polar tidy_alltestcas "0"
2023-01-13 09:37:19 I Polar Print           "DROP TABLE IF EXISTS testcases:successful"
2023-01-13 09:37:19 I Polar Print           "CREATE TABLE IF NOT EXISTS testcases (                             testplan_id INT,                             testplan_name TEXT,                             testgroup_id INT,                             testgroup_name TEXT,                             testcycle_id INT,                             testcycle_name TEXT,                             rel TEXT,                             id INT,                             uniqueid TEXT,                             name TEXT,                             status TEXT,                             upstream TEXT,                             downstream TEXT,                             executionDate TEXT) ENGINE=InnoDB DEFAULT CHARSET=utf8:successful"
2023-01-13 09:37:19 I Polar update_database "Insert testcases table successful"
2023-01-13 09:37:19 I Polar Print           "CREATE TABLE IF NOT EXISTS tests (                             testplan_id INT,                             testplan_name TEXT,                             testplan_status TEXT,                             rel TEXT, status TEXT,                             count INT, date TEXT) ENGINE=InnoDB DEFAULT CHARSET=utf8:successful"
2023-01-13 09:37:19 I Polar Print           "DELETE FROM tests WHERE date='2023-01-13':successful"
2023-01-13 09:37:19 I Polar Print           "SELECT testplan_id FROM tests GROUP BY testplan_id:successful"
2023-01-13 09:37:19 I Polar Print           "INSERT INTO tests (testplan_id, testplan_name, testplan_status, rel, status, count, date) SELECT testplan_id, testplan_name, 'Active' as testplan_status, rel, status, count((@rn := @rn + 1)) as count, '2023-01-13' as date FROM testcases cross join (select @rn := 0) const GROUP BY testplan_id, rel, status:successful"
2023-01-13 09:37:19 I Polar update_database "Insert tests table successful"
2023-01-13 09:37:19 I Polar Print           "CREATE TABLE IF NOT EXISTS testapproval (                                 rel TEXT, team TEXT, status TEXT, upstream TEXT, count INT, date TEXT                                 ) ENGINE=InnoDB DEFAULT CHARSET=utf8:successful"
2023-01-13 09:37:19 I Polar Print           "DROP TABLE IF EXISTS alltestapproval:successful"
2023-01-13 09:37:19 I Polar Print           "CREATE TABLE IF NOT EXISTS alltestapproval (                                 id INT, uniqueid TEXT, name TEXT, status TEXT, rel TEXT, team TEXT, upstream TEXT                                 ) ENGINE=InnoDB DEFAULT CHARSET=utf8:successful"
2023-01-13 09:37:19 I Polar Print           "DELETE FROM testapproval WHERE date='2023-01-13':successful"
2023-01-13 09:37:19 I Polar Print           "INSERT INTO testapproval (rel, team, status, count, date, upstream) SELECT rel, team, status, count((@rn := @rn + 1)) as count, '2023-01-13' as date, upstream FROM alltestapproval cross join (select @rn := 0) const GROUP BY rel, team, status, upstream:successful"
2023-01-13 09:37:28 I Polar Get_allfeatuers "[{'id': 9540668, 'name': 'Call management, Bluetooth', 'documentKey': 'Pol-FEAT-87', 'statusId': 156410, 'status': 'Approved'}, {'id': 9540679, 'name': 'Sound Modes', 'documentKey': 'Pol-FEAT-98', 'statusId': 156410, 'status': 'Approved'}, {'id': 9540649, 'name': 'Change headset language pack', 'documentKey': 'Pol-FEAT-71', 'statusId': 156410, 'status': 'Approved'}, {'id': 9540548, 'name': 'User Audio Configuration', 'documentKey': 'Pol-FEAT-11', 'statusId': 156584, 'status': 'Proposal'}, {'id': 10094256, 'name': 'Dynamic Virtual Surround Sound audio, with headtracking (DVSS)', 'documentKey': 'Pol-FEAT-782', 'statusId': 156410, 'status': 'Approved'}, {'id': 10259002, 'name': 'Connected when in open cradle', 'documentKey': 'Pol-FEAT-796', 'statusId': 156410, 'status': 'Approved'}, {'id': 10147639, 'name': 'IMU sensor protocol', 'documentKey': 'Pol-FEAT-795', 'statusId': 156409, 'status': 'Draft'}, {'id': 10304158, 'name': 'Amazon Chime Certification (Professionals only)', 'documentKey': 'Pol-FEAT-801', 'statusId': 156410, 'status': 'Approved'}, {'id': 10304186, 'name': 'Avaya Certification (Professionals only)', 'documentKey': 'Pol-FEAT-804', 'statusId': 156410, 'status': 'Approved'}, {'id': 10304147, 'name': 'Cisco Webex Certification (Professionals only)', 'documentKey': 'Pol-FEAT-799', 'statusId': 156410, 'status': 'Approved'}, {'id': 10303909, 'name': 'Spotify Tap (Consumer only)', 'documentKey': 'Pol-FEAT-797', 'statusId': 156410, 'status': 'Approved'}, {'id': 10304179, 'name': 'Unify Certification (Professionals only)', 'documentKey': 'Pol-FEAT-803', 'statusId': 156410, 'status': 'Approved'}, {'id': 9540623, 'name': 'Quick Start Guide and Manuals', 'documentKey': 'Pol-FEAT-48', 'statusId': 156410, 'status': 'Approved'}, {'id': 10304116, 'name': 'Alcatel Certification (Professionals only)', 'documentKey': 'Pol-FEAT-798', 'statusId': 156412, 'status': 'Rejected'}, {'id': 10304167, 'name': 'Mitel Certification (Professionals only)', 'documentKey': 'Pol-FEAT-802', 'statusId': 156412, 'status': 'Rejected'}]"
2023-01-13 09:37:28 I Polar Print           "CREATE TABLE IF NOT EXISTS features (                                rel TEXT, status TEXT, count INT, date TEXT) ENGINE=InnoDB DEFAULT CHARSET=utf8:successful"
2023-01-13 09:37:28 I Polar Print           "CREATE TABLE IF NOT EXISTS allfeatures (                                id INT, uniqueid TEXT, name TEXT, status TEXT, rel TEXT,test_status TEXT) ENGINE=InnoDB DEFAULT CHARSET=utf8:successful"
2023-01-13 09:37:28 I Polar Print           "DELETE FROM features WHERE date='2023-01-13':successful"
2023-01-13 09:37:28 I Polar Print           "DELETE FROM allfeatures WHERE id=20976567:successful"
2023-01-13 09:37:28 I Polar Print           "DELETE FROM allfeatures WHERE id=20623227:successful"
2023-01-13 09:37:28 I Polar Print           "DELETE FROM allfeatures WHERE id=20497723:successful"
2023-01-13 09:37:28 I Polar Print           "DELETE FROM allfeatures WHERE id=20497687:successful"
2023-01-13 09:37:28 I Polar Print           "DELETE FROM allfeatures WHERE id=20495173:successful"
2023-01-13 09:37:28 I Polar Print           "DELETE FROM allfeatures WHERE id=20490902:successful"
2023-01-13 09:37:28 I Polar Print           "DELETE FROM allfeatures WHERE id=20490894:successful"
2023-01-13 09:37:28 I Polar Print           "DELETE FROM allfeatures WHERE id=20490889:successful"
2023-01-13 09:37:28 I Polar Print           "DELETE FROM allfeatures WHERE id=20485504:successful"
2023-01-13 09:37:28 I Polar Print           "DELETE FROM allfeatures WHERE id=20455724:successful"
2023-01-13 09:37:28 I Polar Print           "DELETE FROM allfeatures WHERE id=20455679:successful"
2023-01-13 09:37:28 I Polar Print           "DELETE FROM allfeatures WHERE id=20389169:successful"
2023-01-13 09:37:28 I Polar Print           "DELETE FROM allfeatures WHERE id=20227819:successful"
2023-01-13 09:37:28 I Polar Print           "DELETE FROM allfeatures WHERE id=20199518:successful"
2023-01-13 09:37:28 I Polar Print           "DELETE FROM allfeatures WHERE id=19616757:successful"
2023-01-13 09:37:28 I Polar Print           "DELETE FROM allfeatures WHERE id=9540668:successful"
2023-01-13 09:37:28 I Polar Print           "DELETE FROM allfeatures WHERE id=9540679:successful"
2023-01-13 09:37:28 I Polar Print           "DELETE FROM allfeatures WHERE id=9540649:successful"
2023-01-13 09:37:28 I Polar Print           "DELETE FROM allfeatures WHERE id=9540548:successful"
2023-01-13 09:37:28 I Polar Print           "DELETE FROM allfeatures WHERE id=10094256:successful"
2023-01-13 09:37:28 I Polar Print           "DELETE FROM allfeatures WHERE id=10259002:successful"
2023-01-13 09:37:28 I Polar Print           "DELETE FROM allfeatures WHERE id=10147639:successful"
2023-01-13 09:37:28 I Polar Print           "DELETE FROM allfeatures WHERE id=10304158:successful"
2023-01-13 09:37:28 I Polar Print           "DELETE FROM allfeatures WHERE id=10304186:successful"
2023-01-13 09:37:28 I Polar Print           "DELETE FROM allfeatures WHERE id=10304147:successful"
2023-01-13 09:37:28 I Polar Print           "DELETE FROM allfeatures WHERE id=10303909:successful"
2023-01-13 09:37:28 I Polar Print           "DELETE FROM allfeatures WHERE id=10304179:successful"
2023-01-13 09:37:28 I Polar Print           "DELETE FROM allfeatures WHERE id=9540623:successful"
2023-01-13 09:37:28 I Polar Print           "DELETE FROM allfeatures WHERE id=10304116:successful"
2023-01-13 09:37:28 I Polar Print           "DELETE FROM allfeatures WHERE id=10304167:successful"
2023-01-13 09:37:28 I Polar Print           "INSERT INTO features (rel, status, count, date)                                 SELECT rel, status, count((@rn := @rn + 1)) as count, '2023-01-13' as date FROM allfeatures cross join (select @rn := 0) const GROUP BY rel, status:successful"
2023-01-13 09:37:30 I Polar Get_allchangere "[]"
2023-01-13 09:37:30 I Polar Print           "CREATE TABLE IF NOT EXISTS changes (                                 rel TEXT, status TEXT, priority TEXT,                                 requester TEXT, date TEXT, count INT) ENGINE=InnoDB DEFAULT CHARSET=utf8:successful"
2023-01-13 09:37:30 I Polar Print           "CREATE TABLE IF NOT EXISTS allchanges (                                 id INT, uniqueid TEXT, name TEXT,                                 status TEXT, rel TEXT, priority TEXT,                                 requester TEXT) ENGINE=InnoDB DEFAULT CHARSET=utf8:successful"
2023-01-13 09:37:30 I Polar Print           "DELETE FROM changes WHERE date='2023-01-13':successful"
2023-01-13 09:37:30 I Polar Print           "INSERT INTO changes (                                 rel, status, priority, requester, date, count)                                 SELECT rel, status, priority, requester, '2023-01-13' as date, count((@rn := @rn + 1)) as count FROM allchanges                                 cross join (select @rn := 0) const GROUP BY rel, status, priority, requester:successful"
2023-01-13 09:37:32 I Polar Print           "CREATE TABLE IF NOT EXISTS designspec (                            rel TEXT, team TEXT, status TEXT, count INT, date text) ENGINE=InnoDB DEFAULT CHARSET=utf8:successful"
2023-01-13 09:37:32 I Polar Print           "CREATE TABLE IF NOT EXISTS alldesignspec (                             id INT, uniqueid TEXT, name TEXT, status TEXT, rel TEXT, team TEXT) ENGINE=InnoDB DEFAULT CHARSET=utf8:successful"
2023-01-13 09:37:32 I Polar Print           "DELETE FROM designspec WHERE date='2023-01-13':successful"
2023-01-13 09:37:32 I Polar Print           "INSERT INTO designspec (rel, team, status, count, date) SELECT rel, team, status, count((@rn := @rn + 1)) as count, '2023-01-13' as date FROM alldesignspec cross join (select @rn := 0) const GROUP BY rel, team, status:successful"
2023-01-13 09:37:35 I Polar Get_alluserstor "[]"
2023-01-13 09:37:35 I Polar Print           "CREATE TABLE IF NOT EXISTS userstories (                 rel TEXT, status TEXT, count INT, date TEXT) ENGINE=InnoDB DEFAULT CHARSET=utf8:successful"
2023-01-13 09:37:35 I Polar Print           "CREATE TABLE IF NOT EXISTS alluserstories (                 id INT, uniqueid TEXT, name TEXT, status TEXT, rel TEXT) ENGINE=InnoDB DEFAULT CHARSET=utf8:successful"
2023-01-13 09:37:35 I Polar Print           "DELETE FROM userstories WHERE date='2023-01-13':successful"
2023-01-13 09:37:35 I Polar Print           "INSERT INTO userstories (rel, status, count, date) SELECT rel, status, count((@rn := @rn + 1)) as count, '2023-01-13' as date FROM alluserstories cross join (select @rn := 0) const GROUP BY rel, status:successful"
2023-01-13 09:37:39 I Polar Get_alldefects  "[]"
2023-01-13 09:37:39 I Polar Print           "CREATE TABLE IF NOT EXISTS defects (                     rel TEXT, team TEXT, status TEXT, priority TEXT, count INT, date TEXT) ENGINE=InnoDB DEFAULT CHARSET=utf8:successful"
2023-01-13 09:37:39 I Polar Print           "CREATE TABLE IF NOT EXISTS alldefects (                     id INT, uniqueid TEXT, name TEXT, status TEXT, rel TEXT, team TEXT, priority TEXT, jira TEXT, upstream TEXT) ENGINE=InnoDB DEFAULT CHARSET=utf8:successful"
2023-01-13 09:37:39 I Polar Print           "DELETE FROM defects WHERE date='2023-01-13':successful"
2023-01-13 09:37:39 I Polar Print           "INSERT INTO defects (rel, team, status, count, date, priority) SELECT rel, team, status, count((@rn := @rn + 1)) as count, '2023-01-13' as date, priority FROM alldefects cross join (select @rn := 0) const GROUP BY rel, team, status, priority:successful"
2023-01-13 09:39:07 I Polar get_multipickli "Unassigned don't find the mainteam name from G_parameter"
2023-01-13 09:39:12 I Polar get_multipickli "Unassigned don't find the mainteam name from G_parameter"
2023-01-13 09:39:18 I Polar get_multipickli "Unassigned don't find the mainteam name from G_parameter"
2023-01-13 09:40:27 I Polar get_multipickli "Unassigned don't find the mainteam name from G_parameter"
2023-01-13 09:41:46 I Polar get_multipickli "Unassigned don't find the mainteam name from G_parameter"
2023-01-13 09:42:25 I Polar get_multipickli "Unassigned don't find the mainteam name from G_parameter"
2023-01-13 09:42:44 I Polar get_multipickli "Unassigned don't find the mainteam name from G_parameter"
2023-01-13 09:44:46 I Polar get_multipickli "Unassigned don't find the mainteam name from G_parameter"
2023-01-13 09:44:56 I Polar get_multipickli "Unassigned don't find the mainteam name from G_parameter"
2023-01-13 09:45:21 I Polar get_multipickli "Unassigned don't find the mainteam name from G_parameter"
2023-01-13 09:45:45 I Polar get_multipickli "Unassigned don't find the mainteam name from G_parameter"
2023-01-13 09:45:48 I Polar get_multipickli "Unassigned don't find the mainteam name from G_parameter"
2023-01-13 09:45:52 I Polar get_multipickli "Unassigned don't find the mainteam name from G_parameter"
2023-01-13 09:45:58 I Polar get_multipickli "Unassigned don't find the mainteam name from G_parameter"
2023-01-13 09:46:02 I Polar get_multipickli "Unassigned don't find the mainteam name from G_parameter"
2023-01-13 09:46:06 I Polar get_multipickli "Unassigned don't find the mainteam name from G_parameter"
2023-01-13 09:46:21 I Polar get_multipickli "Unassigned don't find the mainteam name from G_parameter"
2023-01-13 09:47:13 I Polar get_multipickli "Unassigned don't find the mainteam name from G_parameter"
2023-01-13 09:47:19 I Polar get_multipickli "Unassigned don't find the mainteam name from G_parameter"
2023-01-13 09:47:24 I Polar get_multipickli "Unassigned don't find the mainteam name from G_parameter"
2023-01-13 09:47:29 I Polar get_multipickli "Unassigned don't find the mainteam name from G_parameter"
2023-01-13 09:47:34 I Polar get_multipickli "Unassigned don't find the mainteam name from G_parameter"
2023-01-13 09:47:38 I Polar get_multipickli "Unassigned don't find the mainteam name from G_parameter"
2023-01-13 09:47:43 I Polar get_multipickli "Unassigned don't find the mainteam name from G_parameter"
2023-01-13 09:47:48 I Polar get_multipickli "Unassigned don't find the mainteam name from G_parameter"
2023-01-13 09:47:52 I Polar get_multipickli "Unassigned don't find the mainteam name from G_parameter"
2023-01-13 09:47:56 I Polar get_multipickli "Unassigned don't find the mainteam name from G_parameter"
2023-01-13 09:48:01 I Polar get_multipickli "Unassigned don't find the mainteam name from G_parameter"
2023-01-13 09:48:05 I Polar get_multipickli "Unassigned don't find the mainteam name from G_parameter"
2023-01-13 09:48:09 I Polar get_multipickli "Unassigned don't find the mainteam name from G_parameter"
2023-01-13 09:48:13 I Polar get_multipickli "Unassigned don't find the mainteam name from G_parameter"
2023-01-13 09:48:17 I Polar get_multipickli "Unassigned don't find the mainteam name from G_parameter"
2023-01-13 09:48:21 I Polar get_multipickli "Unassigned don't find the mainteam name from G_parameter"
2023-01-13 09:48:24 I Polar get_multipickli "Unassigned don't find the mainteam name from G_parameter"
2023-01-13 09:48:28 I Polar get_multipickli "Unassigned don't find the mainteam name from G_parameter"
2023-01-13 09:48:31 I Polar get_multipickli "Unassigned don't find the mainteam name from G_parameter"
2023-01-13 09:48:35 I Polar get_multipickli "Unassigned don't find the mainteam name from G_parameter"
2023-01-13 09:48:39 I Polar get_multipickli "Unassigned don't find the mainteam name from G_parameter"
2023-01-13 09:48:43 I Polar get_multipickli "Unassigned don't find the mainteam name from G_parameter"
2023-01-13 09:48:46 I Polar get_multipickli "Unassigned don't find the mainteam name from G_parameter"
2023-01-13 09:48:50 I Polar get_multipickli "Unassigned don't find the mainteam name from G_parameter"
2023-01-13 09:48:54 I Polar get_multipickli "Unassigned don't find the mainteam name from G_parameter"
2023-01-13 09:48:58 I Polar get_multipickli "Unassigned don't find the mainteam name from G_parameter"
2023-01-13 09:49:01 I Polar get_multipickli "Unassigned don't find the mainteam name from G_parameter"
2023-01-13 09:49:05 I Polar get_multipickli "Unassigned don't find the mainteam name from G_parameter"
2023-01-13 09:49:09 I Polar get_multipickli "Unassigned don't find the mainteam name from G_parameter"
2023-01-13 09:49:12 I Polar get_multipickli "Unassigned don't find the mainteam name from G_parameter"
2023-01-13 09:49:17 I Polar get_multipickli "Unassigned don't find the mainteam name from G_parameter"
2023-01-13 09:49:20 I Polar get_multipickli "Unassigned don't find the mainteam name from G_parameter"
2023-01-13 09:49:24 I Polar get_multipickli "Unassigned don't find the mainteam name from G_parameter"
2023-01-13 09:49:29 I Polar get_multipickli "Unassigned don't find the mainteam name from G_parameter"
2023-01-13 09:49:47 I Polar get_multipickli "Unassigned don't find the mainteam name from G_parameter"
2023-01-13 09:49:51 I Polar get_multipickli "Unassigned don't find the mainteam name from G_parameter"
2023-01-13 09:49:55 I Polar get_multipickli "Unassigned don't find the mainteam name from G_parameter"
2023-01-13 09:49:59 I Polar get_multipickli "Unassigned don't find the mainteam name from G_parameter"
2023-01-13 09:50:03 I Polar get_multipickli "Unassigned don't find the mainteam name from G_parameter"
2023-01-13 09:50:08 I Polar get_multipickli "Unassigned don't find the mainteam name from G_parameter"
2023-01-13 09:50:11 I Polar get_multipickli "Unassigned don't find the mainteam name from G_parameter"
2023-01-13 09:50:30 I Polar get_multipickli "Unassigned don't find the mainteam name from G_parameter"
2023-01-13 09:50:34 I Polar get_multipickli "Unassigned don't find the mainteam name from G_parameter"
2023-01-13 09:50:38 I Polar get_multipickli "Unassigned don't find the mainteam name from G_parameter"
2023-01-13 09:50:43 I Polar get_multipickli "Unassigned don't find the mainteam name from G_parameter"
2023-01-13 09:50:47 I Polar get_multipickli "Unassigned don't find the mainteam name from G_parameter"
2023-01-13 09:50:51 I Polar get_multipickli "Unassigned don't find the mainteam name from G_parameter"
2023-01-13 09:57:33 I Polar get_multipickli "ESW Platform Test don't find the mainteam name from G_parameter"
2023-01-13 09:57:37 I Polar get_multipickli "ESW Platform Test don't find the mainteam name from G_parameter"
2023-01-13 09:57:42 I Polar get_multipickli "ESW Platform Test don't find the mainteam name from G_parameter"
2023-01-13 09:58:01 I Polar get_multipickli "ESW Platform Test don't find the mainteam name from G_parameter"
2023-01-13 09:58:04 I Polar get_multipickli "ESW Platform Test don't find the mainteam name from G_parameter"
2023-01-13 09:58:07 I Polar get_multipickli "ESW Platform Test don't find the mainteam name from G_parameter"
2023-01-13 09:58:18 I Polar get_multipickli "Digital Experience – Android don't find the mainteam name from G_parameter"
2023-01-13 09:58:19 I Polar get_multipickli "Digital Experience – IOS don't find the mainteam name from G_parameter"
2023-01-13 09:58:21 I Polar get_multipickli "Digital Experience – SDK don't find the mainteam name from G_parameter"
2023-01-13 09:58:30 I Polar get_multipickli "Digital Experience – Android don't find the mainteam name from G_parameter"
2023-01-13 09:58:30 I Polar get_multipickli "Digital Experience – IOS don't find the mainteam name from G_parameter"
2023-01-13 09:58:33 I Polar get_multipickli "Unassigned don't find the mainteam name from G_parameter"
2023-01-13 09:58:35 I Polar get_multipickli "Digital Experience – Android don't find the mainteam name from G_parameter"
2023-01-13 09:58:35 I Polar get_multipickli "Digital Experience – IOS don't find the mainteam name from G_parameter"
2023-01-13 09:58:41 I Polar get_multipickli "Digital Experience – Android don't find the mainteam name from G_parameter"
2023-01-13 09:58:41 I Polar get_multipickli "Digital Experience – IOS don't find the mainteam name from G_parameter"
2023-01-13 09:58:44 I Polar get_multipickli "Digital Experience – Android don't find the mainteam name from G_parameter"
2023-01-13 09:58:44 I Polar get_multipickli "Digital Experience – IOS don't find the mainteam name from G_parameter"
2023-01-13 10:01:49 I Polar get_multipickli "Unassigned don't find the mainteam name from G_parameter"
2023-01-13 10:01:52 I Polar get_multipickli "Unassigned don't find the mainteam name from G_parameter"
2023-01-13 10:02:00 I Polar get_multipickli "Unassigned don't find the mainteam name from G_parameter"
2023-01-13 10:03:40 I Polar get_multipickli "Unassigned don't find the mainteam name from G_parameter"
2023-01-13 10:03:49 I Polar get_multipickli "Unassigned don't find the mainteam name from G_parameter"
2023-01-13 10:05:21 I Polar get_multipickli "Unassigned don't find the mainteam name from G_parameter"
2023-01-13 10:05:24 I Polar get_multipickli "Unassigned don't find the mainteam name from G_parameter"
2023-01-13 10:05:27 I Polar get_multipickli "Unassigned don't find the mainteam name from G_parameter"
2023-01-13 10:05:33 I Polar get_multipickli "Unassigned don't find the mainteam name from G_parameter"
2023-01-13 10:05:36 I Polar get_multipickli "Unassigned don't find the mainteam name from G_parameter"
2023-01-13 10:05:41 I Polar get_multipickli "Unassigned don't find the mainteam name from G_parameter"
2023-01-13 10:07:18 I Polar get_multipickli "Digital Experience – Android don't find the mainteam name from G_parameter"
2023-01-13 10:07:18 I Polar get_multipickli "Digital Experience – IOS don't find the mainteam name from G_parameter"
2023-01-13 10:07:34 I Polar get_multipickli "Digital Experience – Android don't find the mainteam name from G_parameter"
2023-01-13 10:07:34 I Polar get_multipickli "Digital Experience – IOS don't find the mainteam name from G_parameter"
2023-01-13 10:07:59 I Polar get_multipickli "Digital Experience – Android don't find the mainteam name from G_parameter"
2023-01-13 10:07:59 I Polar get_multipickli "Digital Experience – IOS don't find the mainteam name from G_parameter"
2023-01-13 10:08:11 I Polar get_multipickli "Digital Experience – Android don't find the mainteam name from G_parameter"
2023-01-13 10:08:11 I Polar get_multipickli "Digital Experience – IOS don't find the mainteam name from G_parameter"
2023-01-13 10:08:27 I Polar get_multipickli "Digital Experience – Android don't find the mainteam name from G_parameter"
2023-01-13 10:08:27 I Polar get_multipickli "Digital Experience – IOS don't find the mainteam name from G_parameter"
2023-01-13 10:08:27 I Polar get_multipickli "Digital Experience – SDK don't find the mainteam name from G_parameter"
2023-01-13 10:08:33 I Polar get_multipickli "Unassigned don't find the mainteam name from G_parameter"
2023-01-13 10:09:13 I Polar get_multipickli "Unassigned don't find the mainteam name from G_parameter"
2023-01-13 10:09:24 I Polar get_multipickli "Unassigned don't find the mainteam name from G_parameter"
2023-01-13 10:09:27 I Polar get_multipickli "Digital Experience – Android don't find the mainteam name from G_parameter"
2023-01-13 10:09:27 I Polar get_multipickli "Digital Experience – IOS don't find the mainteam name from G_parameter"
2023-01-13 10:09:29 I Polar get_multipickli "Digital Experience – Android don't find the mainteam name from G_parameter"
2023-01-13 10:09:29 I Polar get_multipickli "Digital Experience – IOS don't find the mainteam name from G_parameter"
2023-01-13 10:09:30 I Polar get_multipickli "Digital Experience – Android don't find the mainteam name from G_parameter"
2023-01-13 10:09:30 I Polar get_multipickli "Digital Experience – IOS don't find the mainteam name from G_parameter"
2023-01-13 10:09:32 I Polar get_multipickli "Digital Experience – Android don't find the mainteam name from G_parameter"
2023-01-13 10:09:32 I Polar get_multipickli "Digital Experience – IOS don't find the mainteam name from G_parameter"
2023-01-13 10:09:34 I Polar get_multipickli "Digital Experience – Android don't find the mainteam name from G_parameter"
2023-01-13 10:09:34 I Polar get_multipickli "Digital Experience – IOS don't find the mainteam name from G_parameter"
2023-01-13 10:09:35 I Polar get_multipickli "Digital Experience – Android don't find the mainteam name from G_parameter"
2023-01-13 10:09:35 I Polar get_multipickli "Digital Experience – IOS don't find the mainteam name from G_parameter"
2023-01-13 10:09:37 I Polar get_multipickli "Digital Experience – Android don't find the mainteam name from G_parameter"
2023-01-13 10:09:37 I Polar get_multipickli "Digital Experience – IOS don't find the mainteam name from G_parameter"
2023-01-13 10:09:41 I Polar get_multipickli "Unassigned don't find the mainteam name from G_parameter"
2023-01-13 10:09:42 I Polar get_multipickli "Digital Experience – Android don't find the mainteam name from G_parameter"
2023-01-13 10:09:42 I Polar get_multipickli "Digital Experience – IOS don't find the mainteam name from G_parameter"
2023-01-13 10:09:44 I Polar get_multipickli "Digital Experience – Android don't find the mainteam name from G_parameter"
2023-01-13 10:09:47 I Polar get_multipickli "Digital Experience – Android don't find the mainteam name from G_parameter"
2023-01-13 10:09:49 I Polar get_multipickli "Digital Experience – Android don't find the mainteam name from G_parameter"
2023-01-13 10:09:51 I Polar get_multipickli "Digital Experience – Android don't find the mainteam name from G_parameter"
2023-01-13 10:09:53 I Polar get_multipickli "Digital Experience – Android don't find the mainteam name from G_parameter"
2023-01-13 10:09:55 I Polar get_multipickli "Digital Experience – Android don't find the mainteam name from G_parameter"
2023-01-13 10:10:34 I Polar Print           "DROP TABLE IF EXISTS allrequirements:successful"
2023-01-13 10:10:34 I Polar Print           "DROP TABLE IF EXISTS allcoverage:successful"
2023-01-13 10:10:34 I Polar Print           "CREATE TABLE IF NOT EXISTS requirements (                        rel TEXT, status TEXT, count INT, date TEXT) ENGINE=InnoDB DEFAULT CHARSET=utf8:successful"
2023-01-13 10:10:34 I Polar Print           "CREATE TABLE IF NOT EXISTS allrequirements (                        id INT, uniqueid TEXT, name TEXT, status TEXT, rel TEXT, upstream TEXT, downstream TEXT, team TEXT, test_status TEXT) ENGINE=InnoDB DEFAULT CHARSET=utf8:successful"
2023-01-13 10:10:34 I Polar Print           "CREATE TABLE IF NOT EXISTS coverage (                        team text, covered int, expected int, date text) ENGINE=InnoDB DEFAULT CHARSET=utf8:successful"
2023-01-13 10:10:34 I Polar Print           "CREATE TABLE IF NOT EXISTS allcoverage (                        id INT, uniqueid TEXT, name TEXT, status TEXT, rel TEXT, verify TEXT, missing TEXT) ENGINE=InnoDB DEFAULT CHARSET=utf8:successful"
2023-01-13 10:10:34 I Polar Print           "DELETE FROM requirements WHERE date='2023-01-13':successful"
2023-01-13 10:10:34 I Polar Print           "DELETE FROM coverage WHERE date='2023-01-13':successful"
2023-01-13 10:10:34 I Polar Print           "INSERT INTO requirements (rel, status, count, date) SELECT rel, status, count((@rn := @rn + 1)) as count, '2023-01-13' as date FROM allrequirements cross join (select @rn := 0) const GROUP BY rel, status:successful"
2023-01-13 10:10:34 I Polar Print           "CREATE TABLE IF NOT EXISTS feattest (rel TEXT, status TEXT, count TEXT, date TEXT) ENGINE=InnoDB DEFAULT CHARSET=utf8:successful"
2023-01-13 10:10:34 I Polar Print           "CREATE TABLE IF NOT EXISTS reqtest (rel TEXT, status TEXT, count TEXT, date TEXT) ENGINE=InnoDB DEFAULT CHARSET=utf8:successful"
2023-01-13 10:10:34 I Polar Print           "SELECT id FROM allfeatures:successful"
2023-01-13 10:10:34 I Polar Print           "SELECT id,upstream,downstream,team FROM allrequirements:successful"
2023-01-13 10:10:34 I Polar Print           "SELECT id FROM allcoverage:successful"
2023-01-13 10:10:34 I Polar Print           "SELECT * FROM testcases:successful"
