2022-11-26 04:59:18 I Pytho Print           "Connet 20446 successfully!!!"
2022-11-26 04:59:18 I Pytho Get_alltests    "Get project name:Python id:20446 all testplans"
2022-11-26 04:59:27 I Pytho Get_alltests    "{7372947: {'id': 7372947, 'name': 'Apollo Nightly Test', 'archived': False, 'index': '7372947:Apollo Nightly Test'}, 8140305: {'id': 8140305, 'name': 'Apollo Release Smoke Test', 'archived': False, 'index': '8140305:Apollo Release Smoke Test'}, 9839931: {'id': 9839931, 'name': 'Apollo Release Stress Test', 'archived': False, 'index': '9839931:Apollo Release Stress Test'}, 7887393: {'id': 7887393, 'name': 'Apollo Weekly Test', 'archived': False, 'index': '7887393:Apollo Weekly Test'}, 7209846: {'id': 7209846, 'name': 'Audio DVT test plan', 'archived': False, 'index': '7209846:Audio DVT test plan'}, 5773923: {'id': 5773923, 'name': 'HW DVT Plan', 'archived': False, 'index': '5773923:HW DVT Plan'}, 6781943: {'id': 6781943, 'name': 'HW Test Plan -Python Remote Controller', 'archived': False, 'index': '6781943:HW Test Plan -Python Remote Controller'}, 8193821: {'id': 8193821, 'name': 'kh clean up2', 'archived': True, 'index': '8193821:kh clean up2'}, 8193594: {'id': 8193594, 'name': 'kh1 clean up', 'archived': True, 'index': '8193594:kh1 clean up'}, 4859722: {'id': 4859722, 'name': 'MT Test Plan', 'archived': False, 'index': '4859722:MT Test Plan'}, 5311623: {'id': 5311623, 'name': 'Packaging transportation test', 'archived': False, 'index': '5311623:Packaging transportation test'}, 8776307: {'id': 8776307, 'name': 'Product Maintenance Test Plan', 'archived': False, 'index': '8776307:Product Maintenance Test Plan'}, 4767556: {'id': 4767556, 'name': 'Product Verification Test Plan', 'archived': False, 'index': '4767556:Product Verification Test Plan'}, 5418156: {'id': 5418156, 'name': 'Python Offering Quality Plan', 'archived': False, 'index': '5418156:Python Offering Quality Plan'}, 8676487: {'id': 8676487, 'name': 'Python Hinge insert assy Reliability test in Smooth', 'archived': False, 'index': '8676487:Python Hinge insert assy Reliability test in Smooth'}, 8067765: {'id': 8067765, 'name': 'Python Humidity and Artificial Sweat test for Wall Mount and Hinge bracket', 'archived': False, 'index': '8067765:Python Humidity and Artificial Sweat test for Wall Mount and Hinge bracket'}, 6019344: {'id': 6019344, 'name': 'Regulatory Compliance Test Plan', 'archived': False, 'index': '6019344:Regulatory Compliance Test Plan'}, 10204871: {'id': 10204871, 'name': 'SE Verification test plan', 'archived': False, 'index': '10204871:SE Verification test plan'}, 6960105: {'id': 6960105, 'name': 'SW Test Plan', 'archived': False, 'index': '6960105:SW Test Plan'}, 10252386: {'id': 10252386, 'name': 'SW Test Plan - Bundle with Crestron', 'archived': False, 'index': '10252386:SW Test Plan - Bundle with Crestron'}, 9430122: {'id': 9430122, 'name': 'SW Test Plan - Bundle with Lenovo', 'archived': False, 'index': '9430122:SW Test Plan - Bundle with Lenovo'}, 9721077: {'id': 9721077, 'name': 'SW Test Plan - HW Redesign', 'archived': False, 'index': '9721077:SW Test Plan - HW Redesign'}, 9619657: {'id': 9619657, 'name': 'SW Test Plan - HW Redesign', 'archived': True, 'index': '9619657:SW Test Plan - HW Redesign'}, 9752410: {'id': 9752410, 'name': 'SW Test Plan - Newport Platform', 'archived': False, 'index': '9752410:SW Test Plan - Newport Platform'}, 8936920: {'id': 8936920, 'name': 'SW Test Plan - VP1 and VP2', 'archived': False, 'index': '8936920:SW Test Plan - VP1 and VP2'}, 9592679: {'id': 9592679, 'name': 'SW Test Plan - VP3', 'archived': False, 'index': '9592679:SW Test Plan - VP3'}, 5416527: {'id': 5416527, 'name': 'UX Test plan', 'archived': False, 'index': '5416527:UX Test plan'}, 9311623: {'id': 9311623, 'name': 'Video  Test Plan -VP2 - AI Features IZ VD PC Video Quality  WB and IGV-Functional', 'archived': False, 'index': '9311623:Video  Test Plan -VP2 - AI Features IZ VD PC Video Quality  WB and IGV-Functional'}, 8961490: {'id': 8961490, 'name': 'Video - Automation - Regression', 'archived': False, 'index': '8961490:Video - Automation - Regression'}, 7164015: {'id': 7164015, 'name': 'Video SW Test Plan', 'archived': True, 'index': '7164015:Video SW Test Plan'}, 8012482: {'id': 8012482, 'name': 'Video SW Test Plan - AI Features IZ Virtual Director People Count Video Quality  Whiteboard', 'archived': False, 'index': '8012482:Video SW Test Plan - AI Features IZ Virtual Director People Count Video Quality  Whiteboard'}, 10273890: {'id': 10273890, 'name': 'Video Test Plan - Bundle with Crestron - Inter-Operability', 'archived': False, 'index': '10273890:Video Test Plan - Bundle with Crestron - Inter-Operability'}, 10273892: {'id': 10273892, 'name': 'Video Test Plan - Bundle with Crestron - Non Functional', 'archived': False, 'index': '10273892:Video Test Plan - Bundle with Crestron - Non Functional'}, 10273910: {'id': 10273910, 'name': 'Video Test Plan - Bundle with Crestron - Reliability', 'archived': False, 'index': '10273910:Video Test Plan - Bundle with Crestron - Reliability'}, 9430167: {'id': 9430167, 'name': 'Video Test Plan - Bundle with Lenovo - Inter-Operability', 'archived': False, 'index': '9430167:Video Test Plan - Bundle with Lenovo - Inter-Operability'}, 9431939: {'id': 9431939, 'name': 'Video Test Plan - Bundle with Lenovo - Non Functional', 'archived': False, 'index': '9431939:Video Test Plan - Bundle with Lenovo - Non Functional'}, 9431951: {'id': 9431951, 'name': 'Video Test Plan - Bundle with Lenovo - Reliability', 'archived': False, 'index': '9431951:Video Test Plan - Bundle with Lenovo - Reliability'}, 8043946: {'id': 8043946, 'name': 'Video Test Plan - Functional', 'archived': False, 'index': '8043946:Video Test Plan - Functional'}, 9735195: {'id': 9735195, 'name': 'Video Test Plan - HW Redesign - Functional', 'archived': False, 'index': '9735195:Video Test Plan - HW Redesign - Functional'}, 9726716: {'id': 9726716, 'name': 'Video Test Plan - HW Redesign - Inter-Operability', 'archived': False, 'index': '9726716:Video Test Plan - HW Redesign - Inter-Operability'}, 9737211: {'id': 9737211, 'name': 'Video Test Plan - HW Redesign - Non Functional ', 'archived': False, 'index': '9737211:Video Test Plan - HW Redesign - Non Functional '}, 9738134: {'id': 9738134, 'name': 'Video Test Plan - HW Redesign - Reliability ', 'archived': False, 'index': '9738134:Video Test Plan - HW Redesign - Reliability '}, 9737198: {'id': 9737198, 'name': 'Video Test Plan - HW Redesign- AI IZ VD Video Quality IGV  WB', 'archived': False, 'index': '9737198:Video Test Plan - HW Redesign- AI IZ VD Video Quality IGV  WB'}, 7915338: {'id': 7915338, 'name': 'Video Test Plan - Inter-Operability', 'archived': False, 'index': '7915338:Video Test Plan - Inter-Operability'}, 7915071: {'id': 7915071, 'name': 'Video Test Plan - Non Functional', 'archived': False, 'index': '7915071:Video Test Plan - Non Functional'}, 7998288: {'id': 7998288, 'name': 'Video Test Plan - Reliability', 'archived': False, 'index': '7998288:Video Test Plan - Reliability'}, 7915740: {'id': 7915740, 'name': 'Video Test Plan - Reliability Deleted', 'archived': True, 'index': '7915740:Video Test Plan - Reliability Deleted'}, 9308622: {'id': 9308622, 'name': 'Video Test Plan - VP2 - Functional ', 'archived': False, 'index': '9308622:Video Test Plan - VP2 - Functional '}, 9369395: {'id': 9369395, 'name': 'Video Test Plan - VP2 - Inter-Operability', 'archived': False, 'index': '9369395:Video Test Plan - VP2 - Inter-Operability'}, 9338368: {'id': 9338368, 'name': 'Video Test Plan - VP2 - Non Functional ', 'archived': False, 'index': '9338368:Video Test Plan - VP2 - Non Functional '}, 9335135: {'id': 9335135, 'name': 'Video Test Plan - VP2 - Reliability ', 'archived': False, 'index': '9335135:Video Test Plan - VP2 - Reliability '}, 10144843: {'id': 10144843, 'name': 'Video Test Plan - VP3 - AI IZ VD Video Quality Whiteboard  IGV ', 'archived': False, 'index': '10144843:Video Test Plan - VP3 - AI IZ VD Video Quality Whiteboard  IGV '}, 10141934: {'id': 10141934, 'name': 'Video Test Plan - VP3 - Functional', 'archived': False, 'index': '10141934:Video Test Plan - VP3 - Functional'}, 10122544: {'id': 10122544, 'name': 'Video Test Plan - VP3 - Inter-Operability', 'archived': False, 'index': '10122544:Video Test Plan - VP3 - Inter-Operability'}, 10122547: {'id': 10122547, 'name': 'Video Test Plan - VP3 - Non Functional ', 'archived': False, 'index': '10122547:Video Test Plan - VP3 - Non Functional '}, 10122549: {'id': 10122549, 'name': 'Video Test Plan - VP3 - Reliability ', 'archived': False, 'index': '10122549:Video Test Plan - VP3 - Reliability '}}"
2022-11-26 04:59:27 I Pytho Get_alltests    "Get project name:Python id:20446 all testplans successful!!!"
2022-11-26 05:20:02 I Pytho get_testruns    "Error:Test testruns result is None,testplane:6960105"
2022-11-26 05:20:05 I Pytho get_testruns    "Error:Test testruns result is None,testplane:6960105"
2022-11-26 05:20:05 I Pytho get_testruns    "Error:Test testruns result is None,testplane:6960105"
2022-11-26 05:51:24 I Pytho tidy_alltestcas "13288"
2022-11-26 06:17:50 I Pytho Print           "DROP TABLE IF EXISTS testcases:successful"
2022-11-26 06:17:50 I Pytho Print           "CREATE TABLE IF NOT EXISTS testcases (                             testplan_id INT,                             testplan_name TEXT,                             testgroup_id INT,                             testgroup_name TEXT,                             testcycle_id INT,                             testcycle_name TEXT,                             rel TEXT,                             id INT,                             uniqueid TEXT,                             name TEXT,                             status TEXT,                             upstream TEXT,                             downstream TEXT,                             executionDate TEXT) ENGINE=InnoDB DEFAULT CHARSET=utf8:successful"
2022-11-26 06:17:52 I Pytho update_database "Insert testcases table successful"
2022-11-26 06:17:52 I Pytho Print           "CREATE TABLE IF NOT EXISTS tests (                             testplan_id INT,                             testplan_name TEXT,                             testplan_status TEXT,                             rel TEXT, status TEXT,                             count INT, date TEXT) ENGINE=InnoDB DEFAULT CHARSET=utf8:successful"
2022-11-26 06:17:52 I Pytho Print           "DELETE FROM tests WHERE date='2022-11-26':successful"
2022-11-26 06:17:52 I Pytho Print           "SELECT testplan_id FROM tests GROUP BY testplan_id:successful"
2022-11-26 06:17:52 I Pytho Print           "SELECT testplan_name FROM tests WHERE testplan_id=7372947 LIMIT 1:successful"
2022-11-26 06:17:52 I Pytho Print           "UPDATE tests SET testplan_status='Active' WHERE testplan_id=7372947:successful"
2022-11-26 06:17:52 I Pytho Print           "SELECT testplan_name FROM tests WHERE testplan_id=8140305 LIMIT 1:successful"
2022-11-26 06:17:52 I Pytho Print           "UPDATE tests SET testplan_status='Active' WHERE testplan_id=8140305:successful"
2022-11-26 06:17:52 I Pytho Print           "SELECT testplan_name FROM tests WHERE testplan_id=9839931 LIMIT 1:successful"
2022-11-26 06:17:52 I Pytho Print           "UPDATE tests SET testplan_status='Active' WHERE testplan_id=9839931:successful"
2022-11-26 06:17:52 I Pytho Print           "SELECT testplan_name FROM tests WHERE testplan_id=7887393 LIMIT 1:successful"
2022-11-26 06:17:52 I Pytho Print           "UPDATE tests SET testplan_status='Active' WHERE testplan_id=7887393:successful"
2022-11-26 06:17:52 I Pytho Print           "SELECT testplan_name FROM tests WHERE testplan_id=7209846 LIMIT 1:successful"
2022-11-26 06:17:52 I Pytho Print           "UPDATE tests SET testplan_status='Active' WHERE testplan_id=7209846:successful"
2022-11-26 06:17:52 I Pytho Print           "SELECT testplan_name FROM tests WHERE testplan_id=5773923 LIMIT 1:successful"
2022-11-26 06:17:52 I Pytho Print           "UPDATE tests SET testplan_status='Active' WHERE testplan_id=5773923:successful"
2022-11-26 06:17:52 I Pytho Print           "SELECT testplan_name FROM tests WHERE testplan_id=6781943 LIMIT 1:successful"
2022-11-26 06:17:52 I Pytho Print           "UPDATE tests SET testplan_status='Active' WHERE testplan_id=6781943:successful"
2022-11-26 06:17:52 I Pytho Print           "SELECT testplan_name FROM tests WHERE testplan_id=4859722 LIMIT 1:successful"
2022-11-26 06:17:52 I Pytho Print           "UPDATE tests SET testplan_status='Active' WHERE testplan_id=4859722:successful"
2022-11-26 06:17:52 I Pytho Print           "SELECT testplan_name FROM tests WHERE testplan_id=5311623 LIMIT 1:successful"
2022-11-26 06:17:52 I Pytho Print           "UPDATE tests SET testplan_status='Active' WHERE testplan_id=5311623:successful"
2022-11-26 06:17:52 I Pytho Print           "SELECT testplan_name FROM tests WHERE testplan_id=8776307 LIMIT 1:successful"
2022-11-26 06:17:52 I Pytho Print           "UPDATE tests SET testplan_status='Active' WHERE testplan_id=8776307:successful"
2022-11-26 06:17:52 I Pytho Print           "SELECT testplan_name FROM tests WHERE testplan_id=4767556 LIMIT 1:successful"
2022-11-26 06:17:52 I Pytho Print           "UPDATE tests SET testplan_status='Active' WHERE testplan_id=4767556:successful"
2022-11-26 06:17:52 I Pytho Print           "SELECT testplan_name FROM tests WHERE testplan_id=6019344 LIMIT 1:successful"
2022-11-26 06:17:52 I Pytho Print           "UPDATE tests SET testplan_status='Active' WHERE testplan_id=6019344:successful"
2022-11-26 06:17:52 I Pytho Print           "SELECT testplan_name FROM tests WHERE testplan_id=10204871 LIMIT 1:successful"
2022-11-26 06:17:52 I Pytho Print           "UPDATE tests SET testplan_status='Active' WHERE testplan_id=10204871:successful"
2022-11-26 06:17:52 I Pytho Print           "SELECT testplan_name FROM tests WHERE testplan_id=6960105 LIMIT 1:successful"
2022-11-26 06:17:52 I Pytho Print           "UPDATE tests SET testplan_status='Active' WHERE testplan_id=6960105:successful"
2022-11-26 06:17:53 I Pytho Print           "SELECT testplan_name FROM tests WHERE testplan_id=10252386 LIMIT 1:successful"
2022-11-26 06:17:53 I Pytho Print           "UPDATE tests SET testplan_status='Active' WHERE testplan_id=10252386:successful"
2022-11-26 06:17:53 I Pytho Print           "SELECT testplan_name FROM tests WHERE testplan_id=9430122 LIMIT 1:successful"
2022-11-26 06:17:53 I Pytho Print           "UPDATE tests SET testplan_status='Active' WHERE testplan_id=9430122:successful"
2022-11-26 06:17:53 I Pytho Print           "SELECT testplan_name FROM tests WHERE testplan_id=9721077 LIMIT 1:successful"
2022-11-26 06:17:53 I Pytho Print           "UPDATE tests SET testplan_status='Active' WHERE testplan_id=9721077:successful"
2022-11-26 06:17:53 I Pytho Print           "SELECT testplan_name FROM tests WHERE testplan_id=9752410 LIMIT 1:successful"
2022-11-26 06:17:53 I Pytho Print           "UPDATE tests SET testplan_status='Active' WHERE testplan_id=9752410:successful"
2022-11-26 06:17:53 I Pytho Print           "SELECT testplan_name FROM tests WHERE testplan_id=8936920 LIMIT 1:successful"
2022-11-26 06:17:53 I Pytho Print           "UPDATE tests SET testplan_status='Active' WHERE testplan_id=8936920:successful"
2022-11-26 06:17:53 I Pytho Print           "SELECT testplan_name FROM tests WHERE testplan_id=9592679 LIMIT 1:successful"
2022-11-26 06:17:53 I Pytho Print           "UPDATE tests SET testplan_status='Active' WHERE testplan_id=9592679:successful"
2022-11-26 06:17:53 I Pytho Print           "SELECT testplan_name FROM tests WHERE testplan_id=5416527 LIMIT 1:successful"
2022-11-26 06:17:53 I Pytho Print           "UPDATE tests SET testplan_status='Active' WHERE testplan_id=5416527:successful"
2022-11-26 06:17:53 I Pytho Print           "SELECT testplan_name FROM tests WHERE testplan_id=9311623 LIMIT 1:successful"
2022-11-26 06:17:53 I Pytho Print           "UPDATE tests SET testplan_status='Active' WHERE testplan_id=9311623:successful"
2022-11-26 06:17:53 I Pytho Print           "SELECT testplan_name FROM tests WHERE testplan_id=8961490 LIMIT 1:successful"
2022-11-26 06:17:53 I Pytho Print           "UPDATE tests SET testplan_status='Active' WHERE testplan_id=8961490:successful"
2022-11-26 06:17:53 I Pytho Print           "SELECT testplan_name FROM tests WHERE testplan_id=7164015 LIMIT 1:successful"
2022-11-26 06:17:53 I Pytho Print           "UPDATE tests SET testplan_status='Inactive' WHERE testplan_id=7164015:successful"
2022-11-26 06:17:53 I Pytho Print           "SELECT testplan_name FROM tests WHERE testplan_id=8012482 LIMIT 1:successful"
2022-11-26 06:17:53 I Pytho Print           "UPDATE tests SET testplan_status='Active' WHERE testplan_id=8012482:successful"
2022-11-26 06:17:53 I Pytho Print           "SELECT testplan_name FROM tests WHERE testplan_id=10273890 LIMIT 1:successful"
2022-11-26 06:17:53 I Pytho Print           "UPDATE tests SET testplan_status='Active' WHERE testplan_id=10273890:successful"
2022-11-26 06:17:53 I Pytho Print           "SELECT testplan_name FROM tests WHERE testplan_id=10273892 LIMIT 1:successful"
2022-11-26 06:17:53 I Pytho Print           "UPDATE tests SET testplan_status='Active' WHERE testplan_id=10273892:successful"
2022-11-26 06:17:53 I Pytho Print           "SELECT testplan_name FROM tests WHERE testplan_id=10273910 LIMIT 1:successful"
2022-11-26 06:17:53 I Pytho Print           "UPDATE tests SET testplan_status='Active' WHERE testplan_id=10273910:successful"
2022-11-26 06:17:53 I Pytho Print           "SELECT testplan_name FROM tests WHERE testplan_id=9430167 LIMIT 1:successful"
2022-11-26 06:17:53 I Pytho Print           "UPDATE tests SET testplan_status='Active' WHERE testplan_id=9430167:successful"
2022-11-26 06:17:53 I Pytho Print           "SELECT testplan_name FROM tests WHERE testplan_id=9431939 LIMIT 1:successful"
2022-11-26 06:17:53 I Pytho Print           "UPDATE tests SET testplan_status='Active' WHERE testplan_id=9431939:successful"
2022-11-26 06:17:53 I Pytho Print           "SELECT testplan_name FROM tests WHERE testplan_id=9431951 LIMIT 1:successful"
2022-11-26 06:17:53 I Pytho Print           "UPDATE tests SET testplan_status='Active' WHERE testplan_id=9431951:successful"
2022-11-26 06:17:53 I Pytho Print           "SELECT testplan_name FROM tests WHERE testplan_id=8043946 LIMIT 1:successful"
2022-11-26 06:17:53 I Pytho Print           "UPDATE tests SET testplan_status='Active' WHERE testplan_id=8043946:successful"
2022-11-26 06:17:53 I Pytho Print           "SELECT testplan_name FROM tests WHERE testplan_id=9735195 LIMIT 1:successful"
2022-11-26 06:17:54 I Pytho Print           "UPDATE tests SET testplan_status='Active' WHERE testplan_id=9735195:successful"
2022-11-26 06:17:54 I Pytho Print           "SELECT testplan_name FROM tests WHERE testplan_id=9726716 LIMIT 1:successful"
2022-11-26 06:17:54 I Pytho Print           "UPDATE tests SET testplan_status='Active' WHERE testplan_id=9726716:successful"
2022-11-26 06:17:54 I Pytho Print           "SELECT testplan_name FROM tests WHERE testplan_id=9737211 LIMIT 1:successful"
2022-11-26 06:17:54 I Pytho Print           "UPDATE tests SET testplan_status='Active' WHERE testplan_id=9737211:successful"
2022-11-26 06:17:54 I Pytho Print           "SELECT testplan_name FROM tests WHERE testplan_id=9738134 LIMIT 1:successful"
2022-11-26 06:17:54 I Pytho Print           "UPDATE tests SET testplan_status='Active' WHERE testplan_id=9738134:successful"
2022-11-26 06:17:54 I Pytho Print           "SELECT testplan_name FROM tests WHERE testplan_id=9737198 LIMIT 1:successful"
2022-11-26 06:17:54 I Pytho Print           "UPDATE tests SET testplan_status='Active' WHERE testplan_id=9737198:successful"
2022-11-26 06:17:54 I Pytho Print           "SELECT testplan_name FROM tests WHERE testplan_id=7915338 LIMIT 1:successful"
2022-11-26 06:17:54 I Pytho Print           "UPDATE tests SET testplan_status='Active' WHERE testplan_id=7915338:successful"
2022-11-26 06:17:54 I Pytho Print           "SELECT testplan_name FROM tests WHERE testplan_id=7915071 LIMIT 1:successful"
2022-11-26 06:17:54 I Pytho Print           "UPDATE tests SET testplan_status='Active' WHERE testplan_id=7915071:successful"
2022-11-26 06:17:54 I Pytho Print           "SELECT testplan_name FROM tests WHERE testplan_id=7998288 LIMIT 1:successful"
2022-11-26 06:17:54 I Pytho Print           "UPDATE tests SET testplan_status='Active' WHERE testplan_id=7998288:successful"
2022-11-26 06:17:54 I Pytho Print           "SELECT testplan_name FROM tests WHERE testplan_id=9308622 LIMIT 1:successful"
2022-11-26 06:17:54 I Pytho Print           "UPDATE tests SET testplan_status='Active' WHERE testplan_id=9308622:successful"
2022-11-26 06:17:54 I Pytho Print           "SELECT testplan_name FROM tests WHERE testplan_id=9369395 LIMIT 1:successful"
2022-11-26 06:17:54 I Pytho Print           "UPDATE tests SET testplan_status='Active' WHERE testplan_id=9369395:successful"
2022-11-26 06:17:54 I Pytho Print           "SELECT testplan_name FROM tests WHERE testplan_id=9338368 LIMIT 1:successful"
2022-11-26 06:17:54 I Pytho Print           "UPDATE tests SET testplan_status='Active' WHERE testplan_id=9338368:successful"
2022-11-26 06:17:54 I Pytho Print           "SELECT testplan_name FROM tests WHERE testplan_id=9335135 LIMIT 1:successful"
2022-11-26 06:17:54 I Pytho Print           "UPDATE tests SET testplan_status='Active' WHERE testplan_id=9335135:successful"
2022-11-26 06:17:54 I Pytho Print           "SELECT testplan_name FROM tests WHERE testplan_id=10144843 LIMIT 1:successful"
2022-11-26 06:17:54 I Pytho Print           "UPDATE tests SET testplan_status='Active' WHERE testplan_id=10144843:successful"
2022-11-26 06:17:54 I Pytho Print           "SELECT testplan_name FROM tests WHERE testplan_id=10141934 LIMIT 1:successful"
2022-11-26 06:17:54 I Pytho Print           "UPDATE tests SET testplan_status='Active' WHERE testplan_id=10141934:successful"
2022-11-26 06:17:54 I Pytho Print           "SELECT testplan_name FROM tests WHERE testplan_id=10122544 LIMIT 1:successful"
2022-11-26 06:17:54 I Pytho Print           "UPDATE tests SET testplan_status='Active' WHERE testplan_id=10122544:successful"
2022-11-26 06:17:54 I Pytho Print           "SELECT testplan_name FROM tests WHERE testplan_id=10122547 LIMIT 1:successful"
2022-11-26 06:17:54 I Pytho Print           "UPDATE tests SET testplan_status='Active' WHERE testplan_id=10122547:successful"
2022-11-26 06:17:54 I Pytho Print           "SELECT testplan_name FROM tests WHERE testplan_id=10122549 LIMIT 1:successful"
2022-11-26 06:17:54 I Pytho Print           "UPDATE tests SET testplan_status='Active' WHERE testplan_id=10122549:successful"
2022-11-26 06:17:54 I Pytho Print           "INSERT INTO tests (testplan_id, testplan_name, testplan_status, rel, status, count, date) SELECT testplan_id, testplan_name, 'Active' as testplan_status, rel, status, count((@rn := @rn + 1)) as count, '2022-11-26' as date FROM testcases cross join (select @rn := 0) const GROUP BY testplan_id, rel, status:successful"
2022-11-26 06:17:54 I Pytho update_database "Insert tests table successful"
2022-11-26 06:17:54 I Pytho Print           "CREATE TABLE IF NOT EXISTS testapproval (                                 rel TEXT, team TEXT, status TEXT, upstream TEXT, count INT, date TEXT                                 ) ENGINE=InnoDB DEFAULT CHARSET=utf8:successful"
2022-11-26 06:17:54 I Pytho Print           "DROP TABLE IF EXISTS alltestapproval:successful"
2022-11-26 06:17:55 I Pytho Print           "CREATE TABLE IF NOT EXISTS alltestapproval (                                 id INT, uniqueid TEXT, name TEXT, status TEXT, rel TEXT, team TEXT, upstream TEXT                                 ) ENGINE=InnoDB DEFAULT CHARSET=utf8:successful"
2022-11-26 06:17:55 I Pytho Print           "DELETE FROM testapproval WHERE date='2022-11-26':successful"
2022-11-26 06:17:56 I Pytho Print           "INSERT INTO testapproval (rel, team, status, count, date, upstream) SELECT rel, team, status, count((@rn := @rn + 1)) as count, '2022-11-26' as date, upstream FROM alltestapproval cross join (select @rn := 0) const GROUP BY rel, team, status, upstream:successful"
2022-11-26 06:18:00 I Pytho Get_allfeatuers "[{'id': 4406939, 'name': 'Music Performance (Rx)', 'documentKey': 'Pu-FEAT-56', 'statusId': 156410, 'status': 'Approved'}, {'id': 4406942, 'name': 'Communication Performance (Rx) [FCS]', 'documentKey': 'Pu-FEAT-57', 'statusId': 156410, 'status': 'Approved'}, {'id': 4406945, 'name': 'User Audio Configuration', 'documentKey': 'Pu-FEAT-58', 'statusId': 156410, 'status': 'Approved'}, {'id': 5420607, 'name': 'Audio input (USB)', 'documentKey': 'Pu-FEAT-92', 'statusId': 156410, 'status': 'Approved'}, {'id': 4522674, 'name': 'Speakerphone (USB)', 'documentKey': 'Pu-FEAT-71', 'statusId': 156410, 'status': 'Approved'}, {'id': 5655270, 'name': 'Whiteboard extraction and rectification', 'documentKey': 'Pu-FEAT-117', 'statusId': 156410, 'status': 'Approved'}, {'id': 4147126, 'name': 'Enhanced video quality', 'documentKey': 'Pu-FEAT-31', 'statusId': 156410, 'status': 'Approved'}, {'id': 4147165, 'name': 'Intelligent Zoom [FCS]', 'documentKey': 'Pu-FEAT-33', 'statusId': 156410, 'status': 'Approved'}, {'id': 4147105, 'name': 'Video streams and resolution', 'documentKey': 'Pu-FEAT-29', 'statusId': 156410, 'status': 'Approved'}, {'id': 4531917, 'name': 'Manual Pan, Tilt and Zoom control', 'documentKey': 'Pu-FEAT-73', 'statusId': 156410, 'status': 'Approved'}, {'id': 8203057, 'name': 'Bluetooth Remote Control', 'documentKey': 'Pu-FEAT-295', 'statusId': 156584, 'status': 'Proposal'}, {'id': 8203041, 'name': 'Bluetooth Remote Control Application [FCS]', 'documentKey': 'Pu-FEAT-293', 'statusId': 156584, 'status': 'Proposal'}, {'id': 4740808, 'name': 'Management via Ethernet', 'documentKey': 'Pu-FEAT-82', 'statusId': 156410, 'status': 'Approved'}, {'id': 4139356, 'name': 'Device customization data', 'documentKey': 'Pu-FEAT-12', 'statusId': 156410, 'status': 'Approved'}, {'id': 6440990, 'name': 'Jabra production configuration', 'documentKey': 'Pu-FEAT-119', 'statusId': 156410, 'status': 'Approved'}, {'id': 4146370, 'name': 'Packaging', 'documentKey': 'Pu-FEAT-22', 'statusId': 156410, 'status': 'Approved'}, {'id': 4146376, 'name': 'SKUs', 'documentKey': 'Pu-FEAT-24', 'statusId': 156410, 'status': 'Approved'}, {'id': 9230135, 'name': 'Speaker detection [VP2]', 'documentKey': 'Pu-FEAT-447', 'statusId': 156410, 'status': 'Approved'}, {'id': 7518831, 'name': 'Audio input (Analog)', 'documentKey': 'Pu-FEAT-245', 'statusId': 156410, 'status': 'Approved'}, {'id': 7768026, 'name': 'Standby mode', 'documentKey': 'Pu-FEAT-269', 'statusId': 156584, 'status': 'Proposal'}, {'id': 4425939, 'name': 'Standby mode', 'documentKey': 'Pu-FEAT-60', 'statusId': 156584, 'status': 'Proposal'}]"
2022-11-26 06:18:00 I Pytho Print           "CREATE TABLE IF NOT EXISTS features (                                rel TEXT, status TEXT, count INT, date TEXT) ENGINE=InnoDB DEFAULT CHARSET=utf8:successful"
2022-11-26 06:18:00 I Pytho Print           "CREATE TABLE IF NOT EXISTS allfeatures (                                id INT, uniqueid TEXT, name TEXT, status TEXT, rel TEXT,test_status TEXT) ENGINE=InnoDB DEFAULT CHARSET=utf8:successful"
2022-11-26 06:18:00 I Pytho Print           "DELETE FROM features WHERE date='2022-11-26':successful"
2022-11-26 06:18:00 I Pytho Print           "DELETE FROM allfeatures WHERE id=18593851:successful"
2022-11-26 06:18:00 I Pytho Print           "DELETE FROM allfeatures WHERE id=18578102:successful"
2022-11-26 06:18:00 I Pytho Print           "DELETE FROM allfeatures WHERE id=18405103:successful"
2022-11-26 06:18:00 I Pytho Print           "DELETE FROM allfeatures WHERE id=18101004:successful"
2022-11-26 06:18:00 I Pytho Print           "DELETE FROM allfeatures WHERE id=17755334:successful"
2022-11-26 06:18:00 I Pytho Print           "DELETE FROM allfeatures WHERE id=17755331:successful"
2022-11-26 06:18:00 I Pytho Print           "DELETE FROM allfeatures WHERE id=17254498:successful"
2022-11-26 06:18:00 I Pytho Print           "DELETE FROM allfeatures WHERE id=17172498:successful"
2022-11-26 06:18:00 I Pytho Print           "DELETE FROM allfeatures WHERE id=17172468:successful"
2022-11-26 06:18:00 I Pytho Print           "DELETE FROM allfeatures WHERE id=17149230:successful"
2022-11-26 06:18:00 I Pytho Print           "DELETE FROM allfeatures WHERE id=17149229:successful"
2022-11-26 06:18:00 I Pytho Print           "DELETE FROM allfeatures WHERE id=16926946:successful"
2022-11-26 06:18:00 I Pytho Print           "DELETE FROM allfeatures WHERE id=16926541:successful"
2022-11-26 06:18:00 I Pytho Print           "DELETE FROM allfeatures WHERE id=16715871:successful"
2022-11-26 06:18:00 I Pytho Print           "DELETE FROM allfeatures WHERE id=16531668:successful"
2022-11-26 06:18:00 I Pytho Print           "DELETE FROM allfeatures WHERE id=16464040:successful"
2022-11-26 06:18:00 I Pytho Print           "DELETE FROM allfeatures WHERE id=16464007:successful"
2022-11-26 06:18:00 I Pytho Print           "DELETE FROM allfeatures WHERE id=16416894:successful"
2022-11-26 06:18:00 I Pytho Print           "DELETE FROM allfeatures WHERE id=16375061:successful"
2022-11-26 06:18:00 I Pytho Print           "DELETE FROM allfeatures WHERE id=16374983:successful"
2022-11-26 06:18:00 I Pytho Print           "DELETE FROM allfeatures WHERE id=16374305:successful"
2022-11-26 06:18:00 I Pytho Print           "DELETE FROM allfeatures WHERE id=16334737:successful"
2022-11-26 06:18:00 I Pytho Print           "DELETE FROM allfeatures WHERE id=16327636:successful"
2022-11-26 06:18:00 I Pytho Print           "DELETE FROM allfeatures WHERE id=16327631:successful"
2022-11-26 06:18:00 I Pytho Print           "DELETE FROM allfeatures WHERE id=16327622:successful"
2022-11-26 06:18:00 I Pytho Print           "DELETE FROM allfeatures WHERE id=16327620:successful"
2022-11-26 06:18:00 I Pytho Print           "DELETE FROM allfeatures WHERE id=16327618:successful"
2022-11-26 06:18:00 I Pytho Print           "DELETE FROM allfeatures WHERE id=16327616:successful"
2022-11-26 06:18:00 I Pytho Print           "DELETE FROM allfeatures WHERE id=16327614:successful"
2022-11-26 06:18:00 I Pytho Print           "DELETE FROM allfeatures WHERE id=16327610:successful"
2022-11-26 06:18:00 I Pytho Print           "DELETE FROM allfeatures WHERE id=16327607:successful"
2022-11-26 06:18:00 I Pytho Print           "DELETE FROM allfeatures WHERE id=15916630:successful"
2022-11-26 06:18:00 I Pytho Print           "DELETE FROM allfeatures WHERE id=15715329:successful"
2022-11-26 06:18:00 I Pytho Print           "DELETE FROM allfeatures WHERE id=15446741:successful"
2022-11-26 06:18:00 I Pytho Print           "DELETE FROM allfeatures WHERE id=15440278:successful"
2022-11-26 06:18:00 I Pytho Print           "DELETE FROM allfeatures WHERE id=15440275:successful"
2022-11-26 06:18:00 I Pytho Print           "DELETE FROM allfeatures WHERE id=15440251:successful"
2022-11-26 06:18:00 I Pytho Print           "DELETE FROM allfeatures WHERE id=15440248:successful"
2022-11-26 06:18:00 I Pytho Print           "DELETE FROM allfeatures WHERE id=15440245:successful"
2022-11-26 06:18:00 I Pytho Print           "DELETE FROM allfeatures WHERE id=15440242:successful"
2022-11-26 06:18:00 I Pytho Print           "DELETE FROM allfeatures WHERE id=15440238:successful"
2022-11-26 06:18:00 I Pytho Print           "DELETE FROM allfeatures WHERE id=15360230:successful"
2022-11-26 06:18:00 I Pytho Print           "DELETE FROM allfeatures WHERE id=14880390:successful"
2022-11-26 06:18:00 I Pytho Print           "DELETE FROM allfeatures WHERE id=14880255:successful"
2022-11-26 06:18:00 I Pytho Print           "DELETE FROM allfeatures WHERE id=14621427:successful"
2022-11-26 06:18:00 I Pytho Print           "DELETE FROM allfeatures WHERE id=14369214:successful"
2022-11-26 06:18:00 I Pytho Print           "DELETE FROM allfeatures WHERE id=14368674:successful"
2022-11-26 06:18:00 I Pytho Print           "DELETE FROM allfeatures WHERE id=14368662:successful"
2022-11-26 06:18:00 I Pytho Print           "DELETE FROM allfeatures WHERE id=14368638:successful"
2022-11-26 06:18:00 I Pytho Print           "DELETE FROM allfeatures WHERE id=14306682:successful"
2022-11-26 06:18:00 I Pytho Print           "DELETE FROM allfeatures WHERE id=13962657:successful"
2022-11-26 06:18:00 I Pytho Print           "DELETE FROM allfeatures WHERE id=13962612:successful"
2022-11-26 06:18:00 I Pytho Print           "DELETE FROM allfeatures WHERE id=13962531:successful"
2022-11-26 06:18:00 I Pytho Print           "DELETE FROM allfeatures WHERE id=13962204:successful"
2022-11-26 06:18:00 I Pytho Print           "DELETE FROM allfeatures WHERE id=13962072:successful"
2022-11-26 06:18:00 I Pytho Print           "DELETE FROM allfeatures WHERE id=13649280:successful"
2022-11-26 06:18:00 I Pytho Print           "DELETE FROM allfeatures WHERE id=13648992:successful"
2022-11-26 06:18:00 I Pytho Print           "DELETE FROM allfeatures WHERE id=13647171:successful"
2022-11-26 06:18:00 I Pytho Print           "DELETE FROM allfeatures WHERE id=13646934:successful"
2022-11-26 06:18:00 I Pytho Print           "DELETE FROM allfeatures WHERE id=13110954:successful"
2022-11-26 06:18:00 I Pytho Print           "DELETE FROM allfeatures WHERE id=12825911:successful"
2022-11-26 06:18:00 I Pytho Print           "DELETE FROM allfeatures WHERE id=12825893:successful"
2022-11-26 06:18:00 I Pytho Print           "DELETE FROM allfeatures WHERE id=12590753:successful"
2022-11-26 06:18:00 I Pytho Print           "DELETE FROM allfeatures WHERE id=12589301:successful"
2022-11-26 06:18:00 I Pytho Print           "DELETE FROM allfeatures WHERE id=12589292:successful"
2022-11-26 06:18:00 I Pytho Print           "DELETE FROM allfeatures WHERE id=12589067:successful"
2022-11-26 06:18:00 I Pytho Print           "DELETE FROM allfeatures WHERE id=12589064:successful"
2022-11-26 06:18:00 I Pytho Print           "DELETE FROM allfeatures WHERE id=12589046:successful"
2022-11-26 06:18:00 I Pytho Print           "DELETE FROM allfeatures WHERE id=12589043:successful"
2022-11-26 06:18:00 I Pytho Print           "DELETE FROM allfeatures WHERE id=12589040:successful"
2022-11-26 06:18:00 I Pytho Print           "DELETE FROM allfeatures WHERE id=12588686:successful"
2022-11-26 06:18:00 I Pytho Print           "DELETE FROM allfeatures WHERE id=12588587:successful"
2022-11-26 06:18:00 I Pytho Print           "DELETE FROM allfeatures WHERE id=12337310:successful"
2022-11-26 06:18:00 I Pytho Print           "DELETE FROM allfeatures WHERE id=11590461:successful"
2022-11-26 06:18:00 I Pytho Print           "DELETE FROM allfeatures WHERE id=11146533:successful"
2022-11-26 06:18:00 I Pytho Print           "DELETE FROM allfeatures WHERE id=11062593:successful"
2022-11-26 06:18:00 I Pytho Print           "DELETE FROM allfeatures WHERE id=10890279:successful"
2022-11-26 06:18:00 I Pytho Print           "DELETE FROM allfeatures WHERE id=10889271:successful"
2022-11-26 06:18:00 I Pytho Print           "DELETE FROM allfeatures WHERE id=10884522:successful"
2022-11-26 06:18:00 I Pytho Print           "DELETE FROM allfeatures WHERE id=10882386:successful"
2022-11-26 06:18:00 I Pytho Print           "DELETE FROM allfeatures WHERE id=10882350:successful"
2022-11-26 06:18:00 I Pytho Print           "DELETE FROM allfeatures WHERE id=10511094:successful"
2022-11-26 06:18:00 I Pytho Print           "DELETE FROM allfeatures WHERE id=10089663:successful"
2022-11-26 06:18:00 I Pytho Print           "DELETE FROM allfeatures WHERE id=10075068:successful"
2022-11-26 06:18:00 I Pytho Print           "DELETE FROM allfeatures WHERE id=9682198:successful"
2022-11-26 06:18:00 I Pytho Print           "DELETE FROM allfeatures WHERE id=9677371:successful"
2022-11-26 06:18:00 I Pytho Print           "DELETE FROM allfeatures WHERE id=9365055:successful"
2022-11-26 06:18:00 I Pytho Print           "DELETE FROM allfeatures WHERE id=9364860:successful"
2022-11-26 06:18:00 I Pytho Print           "DELETE FROM allfeatures WHERE id=9361998:successful"
2022-11-26 06:18:00 I Pytho Print           "DELETE FROM allfeatures WHERE id=9306567:successful"
2022-11-26 06:18:00 I Pytho Print           "DELETE FROM allfeatures WHERE id=9306417:successful"
2022-11-26 06:18:00 I Pytho Print           "DELETE FROM allfeatures WHERE id=9301617:successful"
2022-11-26 06:18:00 I Pytho Print           "DELETE FROM allfeatures WHERE id=9215292:successful"
2022-11-26 06:18:00 I Pytho Print           "DELETE FROM allfeatures WHERE id=9209031:successful"
2022-11-26 06:18:00 I Pytho Print           "DELETE FROM allfeatures WHERE id=9058379:successful"
2022-11-26 06:18:00 I Pytho Print           "DELETE FROM allfeatures WHERE id=9058322:successful"
2022-11-26 06:18:00 I Pytho Print           "DELETE FROM allfeatures WHERE id=4406939:successful"
2022-11-26 06:18:00 I Pytho Print           "DELETE FROM allfeatures WHERE id=4406942:successful"
2022-11-26 06:18:00 I Pytho Print           "DELETE FROM allfeatures WHERE id=4406945:successful"
2022-11-26 06:18:00 I Pytho Print           "DELETE FROM allfeatures WHERE id=5420607:successful"
2022-11-26 06:18:00 I Pytho Print           "DELETE FROM allfeatures WHERE id=4522674:successful"
2022-11-26 06:18:00 I Pytho Print           "DELETE FROM allfeatures WHERE id=5655270:successful"
2022-11-26 06:18:00 I Pytho Print           "DELETE FROM allfeatures WHERE id=4147126:successful"
2022-11-26 06:18:00 I Pytho Print           "DELETE FROM allfeatures WHERE id=4147165:successful"
2022-11-26 06:18:00 I Pytho Print           "DELETE FROM allfeatures WHERE id=4147105:successful"
2022-11-26 06:18:00 I Pytho Print           "DELETE FROM allfeatures WHERE id=4531917:successful"
2022-11-26 06:18:00 I Pytho Print           "DELETE FROM allfeatures WHERE id=8203057:successful"
2022-11-26 06:18:00 I Pytho Print           "DELETE FROM allfeatures WHERE id=8203041:successful"
2022-11-26 06:18:00 I Pytho Print           "DELETE FROM allfeatures WHERE id=4740808:successful"
2022-11-26 06:18:00 I Pytho Print           "DELETE FROM allfeatures WHERE id=4139356:successful"
2022-11-26 06:18:00 I Pytho Print           "DELETE FROM allfeatures WHERE id=6440990:successful"
2022-11-26 06:18:00 I Pytho Print           "DELETE FROM allfeatures WHERE id=4146370:successful"
2022-11-26 06:18:00 I Pytho Print           "DELETE FROM allfeatures WHERE id=4146376:successful"
2022-11-26 06:18:00 I Pytho Print           "DELETE FROM allfeatures WHERE id=9230135:successful"
2022-11-26 06:18:00 I Pytho Print           "DELETE FROM allfeatures WHERE id=7518831:successful"
2022-11-26 06:18:00 I Pytho Print           "DELETE FROM allfeatures WHERE id=7768026:successful"
2022-11-26 06:18:00 I Pytho Print           "DELETE FROM allfeatures WHERE id=4425939:successful"
2022-11-26 06:18:00 I Pytho Print           "INSERT INTO features (rel, status, count, date)                                 SELECT rel, status, count((@rn := @rn + 1)) as count, '2022-11-26' as date FROM allfeatures cross join (select @rn := 0) const GROUP BY rel, status:successful"
2022-11-26 06:18:02 I Pytho Get_allchangere "[{'id': 10274115, 'name': 'Changes to WiFi MAC usage in VP3', 'documentKey': 'Pu-CR-49', 'statusId': 156584, 'status': 'Proposal', 'priorityId': 156643, 'priority': 'Not defined', 'req': 'Unassigned'}, {'id': 10228779, 'name': 'Jabra P50 Crestron co-branding', 'documentKey': 'Pu-CR-45', 'statusId': 156584, 'status': 'Proposal', 'priorityId': 156644, 'priority': 'MHOD', 'req': 'Jayway Huang'}]"
2022-11-26 06:18:02 I Pytho Print           "CREATE TABLE IF NOT EXISTS changes (                                 rel TEXT, status TEXT, priority TEXT,                                 requester TEXT, date TEXT, count INT) ENGINE=InnoDB DEFAULT CHARSET=utf8:successful"
2022-11-26 06:18:02 I Pytho Print           "CREATE TABLE IF NOT EXISTS allchanges (                                 id INT, uniqueid TEXT, name TEXT,                                 status TEXT, rel TEXT, priority TEXT,                                 requester TEXT) ENGINE=InnoDB DEFAULT CHARSET=utf8:successful"
2022-11-26 06:18:02 I Pytho Print           "DELETE FROM changes WHERE date='2022-11-26':successful"
2022-11-26 06:18:02 I Pytho Print           "DELETE FROM allchanges WHERE id=10274115:successful"
2022-11-26 06:18:02 I Pytho Print           "DELETE FROM allchanges WHERE id=10228779:successful"
2022-11-26 06:18:02 I Pytho Print           "INSERT INTO changes (                                 rel, status, priority, requester, date, count)                                 SELECT rel, status, priority, requester, '2022-11-26' as date, count((@rn := @rn + 1)) as count FROM allchanges                                 cross join (select @rn := 0) const GROUP BY rel, status, priority, requester:successful"
2022-11-26 06:18:03 I Pytho Print           "CREATE TABLE IF NOT EXISTS designspec (                            rel TEXT, team TEXT, status TEXT, count INT, date text) ENGINE=InnoDB DEFAULT CHARSET=utf8:successful"
2022-11-26 06:18:03 I Pytho Print           "CREATE TABLE IF NOT EXISTS alldesignspec (                             id INT, uniqueid TEXT, name TEXT, status TEXT, rel TEXT, team TEXT) ENGINE=InnoDB DEFAULT CHARSET=utf8:successful"
2022-11-26 06:18:03 I Pytho Print           "DELETE FROM designspec WHERE date='2022-11-26':successful"
2022-11-26 06:18:03 I Pytho Print           "DELETE FROM alldesignspec WHERE id=10287271:successful"
2022-11-26 06:18:03 I Pytho Print           "INSERT INTO designspec (rel, team, status, count, date) SELECT rel, team, status, count((@rn := @rn + 1)) as count, '2022-11-26' as date FROM alldesignspec cross join (select @rn := 0) const GROUP BY rel, team, status:successful"
2022-11-26 06:18:06 I Pytho Get_alluserstor "[]"
2022-11-26 06:18:06 I Pytho Print           "CREATE TABLE IF NOT EXISTS userstories (                 rel TEXT, status TEXT, count INT, date TEXT) ENGINE=InnoDB DEFAULT CHARSET=utf8:successful"
2022-11-26 06:18:06 I Pytho Print           "CREATE TABLE IF NOT EXISTS alluserstories (                 id INT, uniqueid TEXT, name TEXT, status TEXT, rel TEXT) ENGINE=InnoDB DEFAULT CHARSET=utf8:successful"
2022-11-26 06:18:06 I Pytho Print           "DELETE FROM userstories WHERE date='2022-11-26':successful"
2022-11-26 06:18:06 I Pytho Print           "INSERT INTO userstories (rel, status, count, date) SELECT rel, status, count((@rn := @rn + 1)) as count, '2022-11-26' as date FROM alluserstories cross join (select @rn := 0) const GROUP BY rel, status:successful"
2022-11-26 06:18:55 I Pytho Get_alldefects  "[{'id': 8522052, 'name': 'In 1920x1080 and 1280*720 NV12 - At Zoom Level 45 - Not all Pan and Tilt Values function.', 'documentKey': 'Pu-BUG-239', 'statusId': 156536, 'status': 'Open', 'teamId': 157047, 'team': 'Video Engineering', 'priorityId': 156535, 'priority': 'Trivial', 'upstream': '8495828, 8495824, 8495848, 9699961, 9099491, 8495835, 10163326, 8495823, 8495858, 9099466, 9099473, 8495830, 9099432, 8495853, 8495850, 9099485, 8495832, 8495857, 9099464, 8495851', 'jira': 'https://jabra1.atlassian.net/browse/PYT-360'}, {'id': 8564335, 'name': '[Video]Video driver will lost when establish a meeting', 'documentKey': 'Pu-BUG-292', 'statusId': 156536, 'status': 'Open', 'teamId': 157047, 'team': 'Video Engineering', 'priorityId': 156534, 'priority': 'Minor', 'upstream': '9779920, 10141974, 10142063, 10142101', 'jira': 'https://jabra1.atlassian.net/browse/PYT-443'}, {'id': 9170021, 'name': "[Video: Zoom Room]VD can't work anymore after VD doesn't work in Auto-framing mode", 'documentKey': 'Pu-BUG-474', 'statusId': 156538, 'status': 'Closed', 'teamId': 157047, 'team': 'Video Engineering', 'priorityId': 156535, 'priority': 'Trivial', 'upstream': '10125379, 10125380, 10125381', 'jira': 'https://jabra1.atlassian.net/browse/PYT-978'}, {'id': 9307841, 'name': '[FT,BLE]Python VB cannot pair with a remote control', 'documentKey': 'Pu-BUG-528', 'statusId': 156539, 'status': 'In Progress', 'teamId': 157051, 'team': 'ESW WIFI', 'priorityId': 156533, 'priority': 'Major', 'upstream': '', 'jira': 'https://jabra1.atlassian.net/browse/PYT-1128'}, {'id': 9433315, 'name': '[Python-VP1-VideoDistortion]-Observed vertical distorted lines in video while streaming in Zoom app', 'documentKey': 'Pu-BUG-580', 'statusId': 156536, 'status': 'Open', 'teamId': 157047, 'team': 'Video Engineering', 'priorityId': 156534, 'priority': 'Minor', 'upstream': '10194764', 'jira': 'https://jabra1.atlassian.net/browse/PYT-951'}, {'id': 9489984, 'name': '[Python-VP2-4.0.6]-Sometime Virtual Director is not working after Unplug and plug', 'documentKey': 'Pu-BUG-617', 'statusId': 156536, 'status': 'Open', 'teamId': 157047, 'team': 'Video Engineering', 'priorityId': 156533, 'priority': 'Major', 'upstream': '9521424, 9521450, 9700094, 9915117, 10195931, 10196012, 10196431, 9474695, 9487851, 9701732, 9474546, 9487730, 9701501, 9878296, 9915260, 10194698, 9474698, 9487857, 9520954, 9701735', 'jira': 'https://jabra1.atlassian.net/browse/PYT-1325'}, {'id': 9689048, 'name': '[Python-VP2-Normal mode] Observed video soft freeze when switching the resolution from 1280x720 to 1920x1080p in MAC latest OS(12.3-Monterey).', 'documentKey': 'Pu-BUG-660', 'statusId': 156536, 'status': 'Open', 'teamId': 157047, 'team': 'Video Engineering', 'priorityId': 156533, 'priority': 'Major', 'upstream': '9785332, 9915450, 9699948, 9915370, 10055943, 10195907', 'jira': 'https://jabra1.atlassian.net/browse/PYT-1503'}, {'id': 9768426, 'name': 'WLAN RF power levels are too high in FW 4.0.15 (Rev. N)', 'documentKey': 'Pu-BUG-678', 'statusId': 156538, 'status': 'Closed', 'teamId': 157051, 'team': 'ESW WIFI', 'priorityId': 156531, 'priority': 'Blocker', 'upstream': '', 'jira': 'https://jabra1.atlassian.net/browse/PYT-1562'}, {'id': 9884974, 'name': "Ethernet is listed as 'up' after enabling interface with cable disconnected", 'documentKey': 'Pu-BUG-716', 'statusId': 156538, 'status': 'Closed', 'teamId': 157051, 'team': 'ESW WIFI', 'priorityId': 156535, 'priority': 'Trivial', 'upstream': '', 'jira': 'https://jabra1.atlassian.net/browse/NEWPORT-17304'}, {'id': 9925118, 'name': 'IZ stopped working. ', 'documentKey': 'Pu-BUG-727', 'statusId': 156852, 'status': 'Ready for Review', 'teamId': 157047, 'team': 'Video Engineering', 'priorityId': 156533, 'priority': 'Major', 'upstream': '', 'jira': 'https://jabra1.atlassian.net/browse/PYT-1741'}, {'id': 9984842, 'name': '[FT,Video/4.1.4]There is a random green screen during switch resolution', 'documentKey': 'Pu-BUG-737', 'statusId': 156536, 'status': 'Open', 'teamId': 157047, 'team': 'Video Engineering', 'priorityId': 156534, 'priority': 'Minor', 'upstream': '10163281, 10196101', 'jira': 'https://jabra1.atlassian.net/browse/PYT-1769'}, {'id': 9985240, 'name': '[FT, Audio] DUT plays a  loud sound  "cracking noise" in playing prompt tones scenarios occasionally . ', 'documentKey': 'Pu-BUG-738', 'statusId': 156538, 'status': 'Closed', 'teamId': 157051, 'team': 'ESW WIFI', 'priorityId': 156534, 'priority': 'Minor', 'upstream': '', 'jira': 'https://jabra1.atlassian.net/browse/PYT-1773'}, {'id': 10032476, 'name': "[FT,longevity/4.1.4/4.1.5]After overnight Teams meeting, Intelligent Zoom can't work", 'documentKey': 'Pu-BUG-744', 'statusId': 156536, 'status': 'Open', 'teamId': 157047, 'team': 'Video Engineering', 'priorityId': 156533, 'priority': 'Major', 'upstream': '10126596, 10046438, 10234884, 10234881, 10249703, 10249710', 'jira': 'https://jabra1.atlassian.net/browse/PYT-1798'}, {'id': 10059075, 'name': "[FT, Rx Audio] DUT's speaker is silent and mic works normally", 'documentKey': 'Pu-BUG-746', 'statusId': 156536, 'status': 'Open', 'teamId': 157051, 'team': 'ESW WIFI', 'priorityId': 156534, 'priority': 'Minor', 'upstream': '10045316', 'jira': 'https://jabra1.atlassian.net/browse/PYT-1842'}, {'id': 10079432, 'name': 'MTR updater failure', 'documentKey': 'Pu-BUG-754', 'statusId': 156536, 'status': 'Open', 'teamId': 157345, 'team': 'DE SDK', 'priorityId': 156533, 'priority': 'Major', 'upstream': '', 'jira': 'https://jabra1.atlassian.net/browse/PYT-1898'}, {'id': 10109425, 'name': "[Longevity] Tx is silent, DUT's BT/GNP could not work", 'documentKey': 'Pu-BUG-761', 'statusId': 156539, 'status': 'In Progress', 'teamId': 157051, 'team': 'ESW WIFI', 'priorityId': 156532, 'priority': 'Critical', 'upstream': '', 'jira': 'https://jabra1.atlassian.net/browse/PYT-1978'}, {'id': 10155695, 'name': '[VP3] Observed MX Reboot (I2C write error - assuming MX is rebooting) while video is streaming', 'documentKey': 'Pu-BUG-767', 'statusId': 156539, 'status': 'In Progress', 'teamId': 157047, 'team': 'Video Engineering', 'priorityId': 156533, 'priority': 'Major', 'upstream': '10126585, 10126596, 10126601, 10125599, 10126527, 10126559, 10207824, 10234884, 10234802, 10234882, 10234805, 10234885, 10249709, 10234874, 10234883, 10234801, 10234881, 10234800, 10234880, 10249703', 'jira': 'https://jabra1.atlassian.net/browse/PYT-2048'}, {'id': 10156756, 'name': '[Python - VP3 - 5.0.2 - MTR] Observed the video flashing in shared content video when did the JPC 50 video stop', 'documentKey': 'Pu-BUG-768', 'statusId': 156536, 'status': 'Open', 'teamId': 157047, 'team': 'Video Engineering', 'priorityId': 156533, 'priority': 'Major', 'upstream': '10162948, 10163923', 'jira': 'https://jabra1.atlassian.net/browse/PYT-2049'}, {'id': 10159462, 'name': '[Python-VP3-5.0.2-Mac]- Chromatic Line Distortion observed when Toggle the WHITEBOARD VIEW On/Off from JDO while in a Teams Call', 'documentKey': 'Pu-BUG-771', 'statusId': 156536, 'status': 'Open', 'teamId': 157047, 'team': 'Video Engineering', 'priorityId': 156533, 'priority': 'Major', 'upstream': '10195936', 'jira': 'https://jabra1.atlassian.net/browse/PYT-2052'}, {'id': 10164468, 'name': 'Observed Video Freeze when DUT is placed in Longevity .', 'documentKey': 'Pu-BUG-772', 'statusId': 156539, 'status': 'In Progress', 'teamId': 157047, 'team': 'Video Engineering', 'priorityId': 156533, 'priority': 'Major', 'upstream': '', 'jira': 'https://jabra1.atlassian.net/browse/PYT-2056'}, {'id': 10170649, 'name': 'ZD#315137 | P50 shows green display in MS teams(both client and Web) in VDI environment', 'documentKey': 'Pu-BUG-775', 'statusId': 156536, 'status': 'Open', 'teamId': 157047, 'team': 'Video Engineering', 'priorityId': 156532, 'priority': 'Critical', 'upstream': '', 'jira': 'https://jabra1.atlassian.net/browse/PYT-2084'}, {'id': 10179414, 'name': "TX & RX loss (Audio-Application memory wrong) and BT don't work", 'documentKey': 'Pu-BUG-778', 'statusId': 156536, 'status': 'Open', 'teamId': 157051, 'team': 'ESW WIFI', 'priorityId': 156533, 'priority': 'Major', 'upstream': '10123962', 'jira': 'https://jabra1.atlassian.net/browse/PYT-2097'}, {'id': 10179421, 'name': '[Python-VP3-FW-5.0.4-Mac]-Constant Green screen observed at 1080p during resolution switching', 'documentKey': 'Pu-BUG-779', 'statusId': 156536, 'status': 'Open', 'teamId': 157047, 'team': 'Video Engineering', 'priorityId': 156533, 'priority': 'Major', 'upstream': '10163277, 10196109', 'jira': 'https://jabra1.atlassian.net/browse/PYT-2098'}, {'id': 10179678, 'name': '[Image quality] Turn the white balance to minimum value, it could not take effect after reboot device', 'documentKey': 'Pu-BUG-780', 'statusId': 156536, 'status': 'Open', 'teamId': 157047, 'team': 'Video Engineering', 'priorityId': 156535, 'priority': 'Trivial', 'upstream': '10123943, 10123962', 'jira': 'https://jabra1.atlassian.net/browse/PYT-2100'}, {'id': 10186654, 'name': '[FT,Upgrade]SE1-M cant be downgrade from 5.04 to 5.0.3\\5.02 ', 'documentKey': 'Pu-BUG-781', 'statusId': 156538, 'status': 'Closed', 'teamId': 157051, 'team': 'ESW WIFI', 'priorityId': 156533, 'priority': 'Major', 'upstream': '', 'jira': 'https://jabra1.atlassian.net/browse/PYT-2104'}, {'id': 10187192, 'name': 'CTO Fail_Error while ejecting Jabra Mass storage device', 'documentKey': 'Pu-BUG-782', 'statusId': 156538, 'status': 'Closed', 'teamId': 157051, 'team': 'ESW WIFI', 'priorityId': 156532, 'priority': 'Critical', 'upstream': '', 'jira': 'https://jabra1.atlassian.net/browse/PYT-2106'}, {'id': 10188642, 'name': '[Longevity]IGV video stream for one night, observe the whole device reboot from log', 'documentKey': 'Pu-BUG-783', 'statusId': 156539, 'status': 'In Progress', 'teamId': 157047, 'team': 'Video Engineering', 'priorityId': 156533, 'priority': 'Major', 'upstream': '10196754, 10123973', 'jira': 'https://jabra1.atlassian.net/browse/PYT-2110'}, {'id': 10189532, 'name': "[FT, Network] There is a device ethernet can't work.", 'documentKey': 'Pu-BUG-784', 'statusId': 156538, 'status': 'Closed', 'teamId': 157051, 'team': 'ESW WIFI', 'priorityId': 156533, 'priority': 'Major', 'upstream': '10123973', 'jira': 'https://jabra1.atlassian.net/browse/PYT-2116'}, {'id': 10192430, 'name': 'Microphones and Speakers fail to get detected by UC Application ', 'documentKey': 'Pu-BUG-785', 'statusId': 156536, 'status': 'Open', 'teamId': 157051, 'team': 'ESW WIFI', 'priorityId': 156531, 'priority': 'Blocker', 'upstream': '', 'jira': 'https://jabra1.atlassian.net/browse/PYT-2121'}, {'id': 10199563, 'name': 'Crash in MX i2cslaveglue', 'documentKey': 'Pu-BUG-786', 'statusId': 156538, 'status': 'Closed', 'teamId': 157051, 'team': 'ESW WIFI', 'priorityId': 156535, 'priority': 'Trivial', 'upstream': '', 'jira': 'https://jabra1.atlassian.net/browse/PYT-2123'}, {'id': 10200665, 'name': '[PC IOP] PC hibernates when python is playing music, python could not auto play music after PC wakes up', 'documentKey': 'Pu-BUG-787', 'statusId': 156539, 'status': 'In Progress', 'teamId': 157051, 'team': 'ESW WIFI', 'priorityId': 156534, 'priority': 'Minor', 'upstream': '10123943, 10123962, 10123973', 'jira': 'https://jabra1.atlassian.net/browse/PYT-2126'}, {'id': 10201069, 'name': '[IOP,Dock] Python could not enumerate video driver when connects with Targus Dock430/Dock180 to PC.', 'documentKey': 'Pu-BUG-788', 'statusId': 156536, 'status': 'Open', 'teamId': 157051, 'team': 'ESW WIFI', 'priorityId': 156534, 'priority': 'Minor', 'upstream': '10123943, 10123973', 'jira': 'https://jabra1.atlassian.net/browse/PYT-2127'}, {'id': 10203811, 'name': '[Longevity]mode2a video stream for 2 days,15h and 49m, observe that the image color turns to green and the middle lens cant work, switch resolution MX reboot', 'documentKey': 'Pu-BUG-789', 'statusId': 156536, 'status': 'Open', 'teamId': 157047, 'team': 'Video Engineering', 'priorityId': 156533, 'priority': 'Major', 'upstream': '10234805', 'jira': 'https://jabra1.atlassian.net/browse/PYT-2128'}, {'id': 10207915, 'name': '[Python-VP3-5.0.4] - When two people are in FOV, IZ responsive time is more compared to 4.1.5 FW', 'documentKey': 'Pu-BUG-790', 'statusId': 156536, 'status': 'Open', 'teamId': 157047, 'team': 'Video Engineering', 'priorityId': 156533, 'priority': 'Major', 'upstream': '10194343', 'jira': 'https://jabra1.atlassian.net/browse/PYT-2130'}, {'id': 10209433, 'name': '[Core Dump] Panic detected (newport core_dump on 5.0.4)', 'documentKey': 'Pu-BUG-791', 'statusId': 156539, 'status': 'In Progress', 'teamId': 157051, 'team': 'ESW WIFI', 'priorityId': 156534, 'priority': 'Minor', 'upstream': '', 'jira': 'https://jabra1.atlassian.net/browse/PYT-2139'}, {'id': 10210318, 'name': '[Python_ VP3_ 5.0.4 SE1M] Video freezes when toggling whiteboard from Remote control when connected to USB 2.0 port', 'documentKey': 'Pu-BUG-792', 'statusId': 156536, 'status': 'Open', 'teamId': 157047, 'team': 'Video Engineering', 'priorityId': 156533, 'priority': 'Major', 'upstream': '10195009, 10195154, 10196866', 'jira': 'https://jabra1.atlassian.net/browse/PYT-2141'}, {'id': 10211178, 'name': '[JDO Python VP3] Many reboots required to correctly setup network connection', 'documentKey': 'Pu-BUG-793', 'statusId': 156536, 'status': 'Open', 'teamId': 157051, 'team': 'ESW WIFI', 'priorityId': 156535, 'priority': 'Trivial', 'upstream': '', 'jira': 'https://jabra1.atlassian.net/browse/PYT-2144'}, {'id': 10211195, 'name': '[Python-VP3-5.0.4 - New SE1 M]-Observed Blooming effect more on SE1 Modified HW device when compared to SE1 HW', 'documentKey': 'Pu-BUG-794', 'statusId': 156536, 'status': 'Open', 'teamId': 157047, 'team': 'Video Engineering', 'priorityId': 156534, 'priority': 'Minor', 'upstream': '10194234', 'jira': 'https://jabra1.atlassian.net/browse/PYT-2146'}, {'id': 10213625, 'name': "[FT, VD] VD don't work, when disabled and enabled VD by JDO serval times. ", 'documentKey': 'Pu-BUG-795', 'statusId': 156536, 'status': 'Open', 'teamId': 157047, 'team': 'Video Engineering', 'priorityId': 156533, 'priority': 'Major', 'upstream': '10123973', 'jira': 'https://jabra1.atlassian.net/browse/PYT-2148'}, {'id': 10214736, 'name': 'Upgrading to firmware 5.0.4 garbles the Ethernet MAC address', 'documentKey': 'Pu-BUG-796', 'statusId': 156539, 'status': 'In Progress', 'teamId': 157051, 'team': 'ESW WIFI', 'priorityId': 156531, 'priority': 'Blocker', 'upstream': '', 'jira': 'https://jabra1.atlassian.net/browse/PYT-2149'}, {'id': 10218667, 'name': '[Panic]log shows panic code:1:00000080 2:0000023D/573 3:00000000 4:00000000 5:00000000', 'documentKey': 'Pu-BUG-797', 'statusId': 156536, 'status': 'Open', 'teamId': 157051, 'team': 'ESW WIFI', 'priorityId': 156534, 'priority': 'Minor', 'upstream': '10123973', 'jira': 'https://jabra1.atlassian.net/browse/PYT-2154'}, {'id': 10230466, 'name': 'SE1 HW restarts when playing sweep in music mode at maximum volume', 'documentKey': 'Pu-BUG-798', 'statusId': 156538, 'status': 'Closed', 'teamId': 156853, 'team': 'Audio Engineering', 'priorityId': 156533, 'priority': 'Major', 'upstream': '', 'jira': 'https://jabra1.atlassian.net/browse/PYT-2160'}, {'id': 10236084, 'name': '[Python-VP3 -SE1 M-5.0.4] - IZ is going to Auto OFF in JDO Camera Controller when JPC 50 Video streaming from RCT with 1080p MJPG on USB 2.0', 'documentKey': 'Pu-BUG-799', 'statusId': 156536, 'status': 'Open', 'teamId': 157047, 'team': 'Video Engineering', 'priorityId': 156533, 'priority': 'Major', 'upstream': '', 'jira': 'https://jabra1.atlassian.net/browse/PYT-2167'}, {'id': 10247839, 'name': '[FT, JDO setting] The Video transition style is always display smooth, although change it to immediate', 'documentKey': 'Pu-BUG-800', 'statusId': 156538, 'status': 'Closed', 'teamId': 157047, 'team': 'Video Engineering', 'priorityId': 156534, 'priority': 'Minor', 'upstream': '', 'jira': 'https://jabra1.atlassian.net/browse/PYT-2183'}, {'id': 10248430, 'name': '[FT,JDO setting]There is a setting Playback device type in JDO/JXO for version5.0.4, but Python has no function related to this setting, please confirm', 'documentKey': 'Pu-BUG-801', 'statusId': 156536, 'status': 'Open', 'teamId': 157051, 'team': 'ESW WIFI', 'priorityId': 156533, 'priority': 'Major', 'upstream': '', 'jira': 'https://jabra1.atlassian.net/browse/PYT-2186'}, {'id': 10249048, 'name': '[FT-HDR] Vivi HDR has no effect ', 'documentKey': 'Pu-BUG-802', 'statusId': 156538, 'status': 'Closed', 'teamId': 157047, 'team': 'Video Engineering', 'priorityId': 156533, 'priority': 'Major', 'upstream': '', 'jira': 'https://jabra1.atlassian.net/browse/PYT-2189'}, {'id': 10249176, 'name': 'JDO: WIN  [Python] A network error is displayed during the first update of Python SE1M after the restart', 'documentKey': 'Pu-BUG-803', 'statusId': 156538, 'status': 'Closed', 'teamId': 156571, 'team': 'DE Online', 'priorityId': 156535, 'priority': 'Trivial', 'upstream': '', 'jira': 'https://jabra1.atlassian.net/browse/PYT-2191'}, {'id': 10258587, 'name': 'Prevent overwriting the CTO file in the signing pipeline', 'documentKey': 'Pu-BUG-804', 'statusId': 156538, 'status': 'Closed', 'teamId': 157051, 'team': 'ESW WIFI', 'priorityId': 156535, 'priority': 'Trivial', 'upstream': '', 'jira': 'https://jabra1.atlassian.net/browse/PYT-2178'}, {'id': 10258778, 'name': '[DQT]DQT for Python SE1-M failed on Elux6.*', 'documentKey': 'Pu-BUG-805', 'statusId': 156536, 'status': 'Open', 'teamId': 157051, 'team': 'ESW WIFI', 'priorityId': 156533, 'priority': 'Major', 'upstream': '10122716, 10160375', 'jira': 'https://jabra1.atlassian.net/browse/PYT-2196'}, {'id': 10265881, 'name': 'Discoloration on optical head', 'documentKey': 'Pu-BUG-806', 'statusId': 156536, 'status': 'Open', 'teamId': 156574, 'team': 'QA', 'priorityId': 156533, 'priority': 'Major', 'upstream': '4968417, 10204894', 'jira': 'https://jabra1.atlassian.net/browse/PYT-2216'}, {'id': 10277247, 'name': 'Unable to Accept Call and End Call using Remote Control with Teams app on Linux', 'documentKey': 'Pu-BUG-807', 'statusId': 156536, 'status': 'Open', 'teamId': 157051, 'team': 'ESW WIFI', 'priorityId': 156534, 'priority': 'Minor', 'upstream': '', 'jira': 'https://jabra1.atlassian.net/browse/PYT-2197'}, {'id': 10277557, 'name': '[Python-VP3-5.0.4] Observed soft video freeze in JPC 50 Content Camera when left over in Longevity. JPC 50 is streaming without any issues', 'documentKey': 'Pu-BUG-808', 'statusId': 156536, 'status': 'Open', 'teamId': 157047, 'team': 'Video Engineering', 'priorityId': 156533, 'priority': 'Major', 'upstream': '', 'jira': 'https://jabra1.atlassian.net/browse/PYT-2210'}]"
2022-11-26 06:18:55 I Pytho Print           "CREATE TABLE IF NOT EXISTS defects (                     rel TEXT, team TEXT, status TEXT, priority TEXT, count INT, date TEXT) ENGINE=InnoDB DEFAULT CHARSET=utf8:successful"
2022-11-26 06:18:55 I Pytho Print           "CREATE TABLE IF NOT EXISTS alldefects (                     id INT, uniqueid TEXT, name TEXT, status TEXT, rel TEXT, team TEXT, priority TEXT, jira TEXT, upstream TEXT) ENGINE=InnoDB DEFAULT CHARSET=utf8:successful"
2022-11-26 06:18:55 I Pytho Print           "DELETE FROM defects WHERE date='2022-11-26':successful"
2022-11-26 06:18:55 I Pytho Print           "DELETE FROM alldefects WHERE id = 15354117:successful"
2022-11-26 06:18:55 I Pytho Print           "DELETE FROM alldefects WHERE id = 8522052:successful"
2022-11-26 06:18:55 I Pytho Print           "DELETE FROM alldefects WHERE id = 8564335:successful"
2022-11-26 06:18:55 I Pytho Print           "DELETE FROM alldefects WHERE id = 9170021:successful"
2022-11-26 06:18:55 I Pytho Print           "DELETE FROM alldefects WHERE id = 9307841:successful"
2022-11-26 06:18:55 I Pytho Print           "DELETE FROM alldefects WHERE id = 9433315:successful"
2022-11-26 06:18:55 I Pytho Print           "DELETE FROM alldefects WHERE id = 9489984:successful"
2022-11-26 06:18:55 I Pytho Print           "DELETE FROM alldefects WHERE id = 9689048:successful"
2022-11-26 06:18:55 I Pytho Print           "DELETE FROM alldefects WHERE id = 9768426:successful"
2022-11-26 06:18:55 I Pytho Print           "DELETE FROM alldefects WHERE id = 9884974:successful"
2022-11-26 06:18:55 I Pytho Print           "DELETE FROM alldefects WHERE id = 9925118:successful"
2022-11-26 06:18:55 I Pytho Print           "DELETE FROM alldefects WHERE id = 9984842:successful"
2022-11-26 06:18:55 I Pytho Print           "DELETE FROM alldefects WHERE id = 9985240:successful"
2022-11-26 06:18:55 I Pytho Print           "DELETE FROM alldefects WHERE id = 10032476:successful"
2022-11-26 06:18:55 I Pytho Print           "DELETE FROM alldefects WHERE id = 10059075:successful"
2022-11-26 06:18:55 I Pytho Print           "DELETE FROM alldefects WHERE id = 10079432:successful"
2022-11-26 06:18:55 I Pytho Print           "DELETE FROM alldefects WHERE id = 10109425:successful"
2022-11-26 06:18:55 I Pytho Print           "DELETE FROM alldefects WHERE id = 10155695:successful"
2022-11-26 06:18:55 I Pytho Print           "DELETE FROM alldefects WHERE id = 10156756:successful"
2022-11-26 06:18:55 I Pytho Print           "DELETE FROM alldefects WHERE id = 10159462:successful"
2022-11-26 06:18:55 I Pytho Print           "DELETE FROM alldefects WHERE id = 10164468:successful"
2022-11-26 06:18:55 I Pytho Print           "DELETE FROM alldefects WHERE id = 10170649:successful"
2022-11-26 06:18:55 I Pytho Print           "DELETE FROM alldefects WHERE id = 10179414:successful"
2022-11-26 06:18:55 I Pytho Print           "DELETE FROM alldefects WHERE id = 10179421:successful"
2022-11-26 06:18:55 I Pytho Print           "DELETE FROM alldefects WHERE id = 10179678:successful"
2022-11-26 06:18:55 I Pytho Print           "DELETE FROM alldefects WHERE id = 10186654:successful"
2022-11-26 06:18:55 I Pytho Print           "DELETE FROM alldefects WHERE id = 10187192:successful"
2022-11-26 06:18:55 I Pytho Print           "DELETE FROM alldefects WHERE id = 10188642:successful"
2022-11-26 06:18:55 I Pytho Print           "DELETE FROM alldefects WHERE id = 10189532:successful"
2022-11-26 06:18:55 I Pytho Print           "DELETE FROM alldefects WHERE id = 10192430:successful"
2022-11-26 06:18:55 I Pytho Print           "DELETE FROM alldefects WHERE id = 10199563:successful"
2022-11-26 06:18:55 I Pytho Print           "DELETE FROM alldefects WHERE id = 10200665:successful"
2022-11-26 06:18:55 I Pytho Print           "DELETE FROM alldefects WHERE id = 10201069:successful"
2022-11-26 06:18:55 I Pytho Print           "DELETE FROM alldefects WHERE id = 10203811:successful"
2022-11-26 06:18:55 I Pytho Print           "DELETE FROM alldefects WHERE id = 10207915:successful"
2022-11-26 06:18:55 I Pytho Print           "DELETE FROM alldefects WHERE id = 10209433:successful"
2022-11-26 06:18:55 I Pytho Print           "DELETE FROM alldefects WHERE id = 10210318:successful"
2022-11-26 06:18:55 I Pytho Print           "DELETE FROM alldefects WHERE id = 10211178:successful"
2022-11-26 06:18:55 I Pytho Print           "DELETE FROM alldefects WHERE id = 10211195:successful"
2022-11-26 06:18:55 I Pytho Print           "DELETE FROM alldefects WHERE id = 10213625:successful"
2022-11-26 06:18:55 I Pytho Print           "DELETE FROM alldefects WHERE id = 10214736:successful"
2022-11-26 06:18:55 I Pytho Print           "DELETE FROM alldefects WHERE id = 10218667:successful"
2022-11-26 06:18:55 I Pytho Print           "DELETE FROM alldefects WHERE id = 10230466:successful"
2022-11-26 06:18:55 I Pytho Print           "DELETE FROM alldefects WHERE id = 10236084:successful"
2022-11-26 06:18:55 I Pytho Print           "DELETE FROM alldefects WHERE id = 10247839:successful"
2022-11-26 06:18:55 I Pytho Print           "DELETE FROM alldefects WHERE id = 10248430:successful"
2022-11-26 06:18:55 I Pytho Print           "DELETE FROM alldefects WHERE id = 10249048:successful"
2022-11-26 06:18:55 I Pytho Print           "DELETE FROM alldefects WHERE id = 10249176:successful"
2022-11-26 06:18:55 I Pytho Print           "DELETE FROM alldefects WHERE id = 10258587:successful"
2022-11-26 06:18:55 I Pytho Print           "DELETE FROM alldefects WHERE id = 10258778:successful"
2022-11-26 06:18:55 I Pytho Print           "DELETE FROM alldefects WHERE id = 10265881:successful"
2022-11-26 06:18:55 I Pytho Print           "DELETE FROM alldefects WHERE id = 10277247:successful"
2022-11-26 06:18:55 I Pytho Print           "DELETE FROM alldefects WHERE id = 10277557:successful"
2022-11-26 06:18:55 I Pytho Print           "Not enough parameters for the SQL statement"
2022-11-26 06:18:55 I Pytho Print           "INSERT INTO defects (rel, team, status, count, date, priority) SELECT rel, team, status, count((@rn := @rn + 1)) as count, '2022-11-26' as date, priority FROM alldefects cross join (select @rn := 0) const GROUP BY rel, team, status, priority:successful"
2022-11-26 06:23:00 I Pytho get_multipickli "Unassigned don't find the mainteam name from G_parameter"
2022-11-26 06:23:03 I Pytho get_multipickli "Unassigned don't find the mainteam name from G_parameter"
2022-11-26 06:23:31 I Pytho get_multipickli "Unassigned don't find the mainteam name from G_parameter"
2022-11-26 06:23:37 I Pytho get_multipickli "Unassigned don't find the mainteam name from G_parameter"
2022-11-26 06:23:55 I Pytho get_multipickli "Unassigned don't find the mainteam name from G_parameter"
2022-11-26 06:24:47 I Pytho get_multipickli "Digital Experience  SDK don't find the mainteam name from G_parameter"
2022-11-26 06:24:52 I Pytho get_multipickli "Unassigned don't find the mainteam name from G_parameter"
2022-11-26 06:26:46 I Pytho get_multipickli "Unassigned don't find the mainteam name from G_parameter"
2022-11-26 06:29:39 I Pytho get_multipickli "Digital Experience  SDK don't find the mainteam name from G_parameter"
2022-11-26 06:29:40 I Pytho get_multipickli "Digital Experience  SDK don't find the mainteam name from G_parameter"
2022-11-26 06:29:42 I Pytho get_multipickli "Digital Experience  SDK don't find the mainteam name from G_parameter"
2022-11-26 06:29:44 I Pytho get_multipickli "Digital Experience  SDK don't find the mainteam name from G_parameter"
2022-11-26 06:31:21 I Pytho get_multipickli "Unassigned don't find the mainteam name from G_parameter"
2022-11-26 06:32:08 I Pytho get_multipickli "ESW Platform Test don't find the mainteam name from G_parameter"
2022-11-26 06:32:38 I Pytho get_multipickli "Digital Experience  SDK don't find the mainteam name from G_parameter"
2022-11-26 06:32:40 I Pytho get_multipickli "Digital Experience  SDK don't find the mainteam name from G_parameter"
2022-11-26 06:32:42 I Pytho get_multipickli "Digital Experience  SDK don't find the mainteam name from G_parameter"
2022-11-26 06:32:47 I Pytho get_multipickli "Digital Experience  SDK don't find the mainteam name from G_parameter"
2022-11-26 06:32:50 I Pytho get_multipickli "Digital Experience  SDK don't find the mainteam name from G_parameter"
2022-11-26 06:33:07 I Pytho get_multipickli "ESW Platform Test don't find the mainteam name from G_parameter"
2022-11-26 06:34:21 I Pytho get_multipickli "Digital Experience  Android don't find the mainteam name from G_parameter"
2022-11-26 06:34:21 I Pytho get_multipickli "Digital Experience  IOS don't find the mainteam name from G_parameter"
2022-11-26 06:34:23 I Pytho get_multipickli "Digital Experience  Android don't find the mainteam name from G_parameter"
2022-11-26 06:34:23 I Pytho get_multipickli "Digital Experience  IOS don't find the mainteam name from G_parameter"
2022-11-26 06:34:45 I Pytho get_multipickli "Unassigned don't find the mainteam name from G_parameter"
2022-11-26 06:35:20 I Pytho get_multipickli "Digital Experience  SDK don't find the mainteam name from G_parameter"
2022-11-26 06:35:38 I Pytho get_multipickli "Unassigned don't find the mainteam name from G_parameter"
2022-11-26 06:35:38 I Pytho get_multipickli "Digital Experience  SDK don't find the mainteam name from G_parameter"
2022-11-26 06:36:29 I Pytho get_multipickli "Digital Experience  Android don't find the mainteam name from G_parameter"
2022-11-26 06:36:30 I Pytho get_multipickli "Digital Experience  IOS don't find the mainteam name from G_parameter"
2022-11-26 06:38:44 I Pytho get_multipickli "Digital Experience  SDK don't find the mainteam name from G_parameter"
2022-11-26 06:53:42 I Pytho get_multipickli "Digital Experience  SDK don't find the mainteam name from G_parameter"
2022-11-26 06:54:08 I Pytho get_multipickli "Digital Experience  SDK don't find the mainteam name from G_parameter"
2022-11-26 06:54:18 I Pytho get_multipickli "Unassigned don't find the mainteam name from G_parameter"
2022-11-26 06:54:49 I Pytho get_multipickli "Digital Experience  SDK don't find the mainteam name from G_parameter"
2022-11-26 06:54:50 I Pytho get_multipickli "Digital Experience  SDK don't find the mainteam name from G_parameter"
2022-11-26 06:54:52 I Pytho get_multipickli "Digital Experience  SDK don't find the mainteam name from G_parameter"
2022-11-26 06:54:57 I Pytho get_multipickli "Digital Experience  SDK don't find the mainteam name from G_parameter"
2022-11-26 06:55:30 I Pytho get_multipickli "Unassigned don't find the mainteam name from G_parameter"
2022-11-26 06:55:35 I Pytho get_multipickli "Unassigned don't find the mainteam name from G_parameter"
2022-11-26 06:55:49 I Pytho get_multipickli "Unassigned don't find the mainteam name from G_parameter"
2022-11-26 06:56:07 I Pytho get_multipickli "Unassigned don't find the mainteam name from G_parameter"
2022-11-26 06:56:15 I Pytho get_multipickli "Unassigned don't find the mainteam name from G_parameter"
2022-11-26 06:56:25 I Pytho get_multipickli "Digital Experience  SDK don't find the mainteam name from G_parameter"
2022-11-26 06:57:00 I Pytho Print           "DROP TABLE IF EXISTS allrequirements:successful"
2022-11-26 06:57:00 I Pytho Print           "DROP TABLE IF EXISTS allcoverage:successful"
2022-11-26 06:57:00 I Pytho Print           "CREATE TABLE IF NOT EXISTS requirements (                        rel TEXT, status TEXT, count INT, date TEXT) ENGINE=InnoDB DEFAULT CHARSET=utf8:successful"
2022-11-26 06:57:00 I Pytho Print           "CREATE TABLE IF NOT EXISTS allrequirements (                        id INT, uniqueid TEXT, name TEXT, status TEXT, rel TEXT, upstream TEXT, downstream TEXT, team TEXT, test_status TEXT) ENGINE=InnoDB DEFAULT CHARSET=utf8:successful"
2022-11-26 06:57:00 I Pytho Print           "CREATE TABLE IF NOT EXISTS coverage (                        team text, covered int, expected int, date text) ENGINE=InnoDB DEFAULT CHARSET=utf8:successful"
2022-11-26 06:57:00 I Pytho Print           "CREATE TABLE IF NOT EXISTS allcoverage (                        id INT, uniqueid TEXT, name TEXT, status TEXT, rel TEXT, verify TEXT, missing TEXT) ENGINE=InnoDB DEFAULT CHARSET=utf8:successful"
2022-11-26 06:57:00 I Pytho Print           "DELETE FROM requirements WHERE date='2022-11-26':successful"
2022-11-26 06:57:00 I Pytho Print           "DELETE FROM coverage WHERE date='2022-11-26':successful"
2022-11-26 06:57:00 I Pytho Print           "INSERT INTO requirements (rel, status, count, date) SELECT rel, status, count((@rn := @rn + 1)) as count, '2022-11-26' as date FROM allrequirements cross join (select @rn := 0) const GROUP BY rel, status:successful"
2022-11-26 06:57:00 I Pytho Print           "CREATE TABLE IF NOT EXISTS feattest (rel TEXT, status TEXT, count TEXT, date TEXT) ENGINE=InnoDB DEFAULT CHARSET=utf8:successful"
2022-11-26 06:57:00 I Pytho Print           "CREATE TABLE IF NOT EXISTS reqtest (rel TEXT, status TEXT, count TEXT, date TEXT) ENGINE=InnoDB DEFAULT CHARSET=utf8:successful"
2022-11-26 06:57:00 I Pytho Print           "SELECT id FROM allfeatures:successful"
2022-11-26 06:57:00 I Pytho Print           "SELECT id,upstream,downstream,team FROM allrequirements:successful"
2022-11-26 06:57:01 I Pytho Print           "SELECT id FROM allcoverage:successful"
2022-11-26 06:57:01 I Pytho Print           "SELECT * FROM testcases:successful"
