2023-01-30 08:38:52 I Elano Print           "Connet 20603 successfully!!!"
2023-01-30 08:38:52 I Elano Get_alltests    "Get project name:Elanor id:20603 all testplans"
2023-01-30 08:38:53 I Elano Get_alltests    "{}"
2023-01-30 08:38:53 I Elano Get_alltests    "Get project name:Elanor id:20603 all testplans successful!!!"
2023-01-30 08:38:53 I Elano tidy_alltestcas "0"
2023-01-30 08:38:53 I Elano Print           "DROP TABLE IF EXISTS testcases:successful"
2023-01-30 08:38:53 I Elano Print           "CREATE TABLE IF NOT EXISTS testcases (                             testplan_id INT,                             testplan_name TEXT,                             testgroup_id INT,                             testgroup_name TEXT,                             testcycle_id INT,                             testcycle_name TEXT,                             rel TEXT,                             id INT,                             uniqueid TEXT,                             name TEXT,                             status TEXT,                             upstream TEXT,                             downstream TEXT,                             executionDate TEXT) ENGINE=InnoDB DEFAULT CHARSET=utf8:successful"
2023-01-30 08:38:53 I Elano update_database "Insert testcases table successful"
2023-01-30 08:38:53 I Elano Print           "CREATE TABLE IF NOT EXISTS tests (                             testplan_id INT,                             testplan_name TEXT,                             testplan_status TEXT,                             rel TEXT, status TEXT,                             count INT, date TEXT) ENGINE=InnoDB DEFAULT CHARSET=utf8:successful"
2023-01-30 08:38:53 I Elano Print           "DELETE FROM tests WHERE date='2023-01-30':successful"
2023-01-30 08:38:53 I Elano Print           "SELECT testplan_id FROM tests GROUP BY testplan_id:successful"
2023-01-30 08:38:53 I Elano Print           "INSERT INTO tests (testplan_id, testplan_name, testplan_status, rel, status, count, date) SELECT testplan_id, testplan_name, 'Active' as testplan_status, rel, status, count((@rn := @rn + 1)) as count, '2023-01-30' as date FROM testcases cross join (select @rn := 0) const GROUP BY testplan_id, rel, status:successful"
2023-01-30 08:38:53 I Elano update_database "Insert tests table successful"
2023-01-30 08:38:53 I Elano Print           "CREATE TABLE IF NOT EXISTS testapproval (                                 rel TEXT, team TEXT, status TEXT, upstream TEXT, count INT, date TEXT                                 ) ENGINE=InnoDB DEFAULT CHARSET=utf8:successful"
2023-01-30 08:38:53 I Elano Print           "DROP TABLE IF EXISTS alltestapproval:successful"
2023-01-30 08:38:53 I Elano Print           "CREATE TABLE IF NOT EXISTS alltestapproval (                                 id INT, uniqueid TEXT, name TEXT, status TEXT, rel TEXT, team TEXT, upstream TEXT                                 ) ENGINE=InnoDB DEFAULT CHARSET=utf8:successful"
2023-01-30 08:38:53 I Elano Print           "DELETE FROM testapproval WHERE date='2023-01-30':successful"
2023-01-30 08:38:54 I Elano Print           "INSERT INTO testapproval (rel, team, status, count, date, upstream) SELECT rel, team, status, count((@rn := @rn + 1)) as count, '2023-01-30' as date, upstream FROM alltestapproval cross join (select @rn := 0) const GROUP BY rel, team, status, upstream:successful"
2023-01-30 08:38:56 I Elano Get_allfeatuers "[]"
2023-01-30 08:38:56 I Elano Print           "CREATE TABLE IF NOT EXISTS features (                                rel TEXT, status TEXT, count INT, date TEXT) ENGINE=InnoDB DEFAULT CHARSET=utf8:successful"
2023-01-30 08:38:56 I Elano Print           "CREATE TABLE IF NOT EXISTS allfeatures (                                id INT, uniqueid TEXT, name TEXT, status TEXT, rel TEXT,test_status TEXT) ENGINE=InnoDB DEFAULT CHARSET=utf8:successful"
2023-01-30 08:38:56 I Elano Print           "DELETE FROM features WHERE date='2023-01-30':successful"
2023-01-30 08:38:56 I Elano Print           "DELETE FROM allfeatures WHERE id=18553605:successful"
2023-01-30 08:38:56 I Elano Print           "DELETE FROM allfeatures WHERE id=18387242:successful"
2023-01-30 08:38:56 I Elano Print           "DELETE FROM allfeatures WHERE id=18384363:successful"
2023-01-30 08:38:56 I Elano Print           "DELETE FROM allfeatures WHERE id=18384290:successful"
2023-01-30 08:38:56 I Elano Print           "DELETE FROM allfeatures WHERE id=18383799:successful"
2023-01-30 08:38:56 I Elano Print           "DELETE FROM allfeatures WHERE id=18362052:successful"
2023-01-30 08:38:56 I Elano Print           "DELETE FROM allfeatures WHERE id=18343391:successful"
2023-01-30 08:38:56 I Elano Print           "DELETE FROM allfeatures WHERE id=18316326:successful"
2023-01-30 08:38:56 I Elano Print           "DELETE FROM allfeatures WHERE id=18316322:successful"
2023-01-30 08:38:56 I Elano Print           "DELETE FROM allfeatures WHERE id=18314391:successful"
2023-01-30 08:38:56 I Elano Print           "DELETE FROM allfeatures WHERE id=18314290:successful"
2023-01-30 08:38:56 I Elano Print           "DELETE FROM allfeatures WHERE id=18313782:successful"
2023-01-30 08:38:56 I Elano Print           "INSERT INTO features (rel, status, count, date)                                 SELECT rel, status, count((@rn := @rn + 1)) as count, '2023-01-30' as date FROM allfeatures cross join (select @rn := 0) const GROUP BY rel, status:successful"
2023-01-30 08:38:58 I Elano Get_allchangere "[]"
2023-01-30 08:38:58 I Elano Print           "CREATE TABLE IF NOT EXISTS changes (                                 rel TEXT, status TEXT, priority TEXT,                                 requester TEXT, date TEXT, count INT) ENGINE=InnoDB DEFAULT CHARSET=utf8:successful"
2023-01-30 08:38:58 I Elano Print           "CREATE TABLE IF NOT EXISTS allchanges (                                 id INT, uniqueid TEXT, name TEXT,                                 status TEXT, rel TEXT, priority TEXT,                                 requester TEXT) ENGINE=InnoDB DEFAULT CHARSET=utf8:successful"
2023-01-30 08:38:58 I Elano Print           "DELETE FROM changes WHERE date='2023-01-30':successful"
2023-01-30 08:38:58 I Elano Print           "INSERT INTO changes (                                 rel, status, priority, requester, date, count)                                 SELECT rel, status, priority, requester, '2023-01-30' as date, count((@rn := @rn + 1)) as count FROM allchanges                                 cross join (select @rn := 0) const GROUP BY rel, status, priority, requester:successful"
2023-01-30 08:39:00 I Elano Print           "CREATE TABLE IF NOT EXISTS designspec (                            rel TEXT, team TEXT, status TEXT, count INT, date text) ENGINE=InnoDB DEFAULT CHARSET=utf8:successful"
2023-01-30 08:39:00 I Elano Print           "CREATE TABLE IF NOT EXISTS alldesignspec (                             id INT, uniqueid TEXT, name TEXT, status TEXT, rel TEXT, team TEXT) ENGINE=InnoDB DEFAULT CHARSET=utf8:successful"
2023-01-30 08:39:00 I Elano Print           "DELETE FROM designspec WHERE date='2023-01-30':successful"
2023-01-30 08:39:00 I Elano Print           "INSERT INTO designspec (rel, team, status, count, date) SELECT rel, team, status, count((@rn := @rn + 1)) as count, '2023-01-30' as date FROM alldesignspec cross join (select @rn := 0) const GROUP BY rel, team, status:successful"
2023-01-30 08:39:03 I Elano Get_alluserstor "[]"
2023-01-30 08:39:03 I Elano Print           "CREATE TABLE IF NOT EXISTS userstories (                 rel TEXT, status TEXT, count INT, date TEXT) ENGINE=InnoDB DEFAULT CHARSET=utf8:successful"
2023-01-30 08:39:03 I Elano Print           "CREATE TABLE IF NOT EXISTS alluserstories (                 id INT, uniqueid TEXT, name TEXT, status TEXT, rel TEXT) ENGINE=InnoDB DEFAULT CHARSET=utf8:successful"
2023-01-30 08:39:03 I Elano Print           "DELETE FROM userstories WHERE date='2023-01-30':successful"
2023-01-30 08:39:03 I Elano Print           "INSERT INTO userstories (rel, status, count, date) SELECT rel, status, count((@rn := @rn + 1)) as count, '2023-01-30' as date FROM alluserstories cross join (select @rn := 0) const GROUP BY rel, status:successful"
2023-01-30 08:39:06 I Elano Get_alldefects  "[]"
2023-01-30 08:39:06 I Elano Print           "CREATE TABLE IF NOT EXISTS defects (                     rel TEXT, team TEXT, status TEXT, priority TEXT, count INT, date TEXT) ENGINE=InnoDB DEFAULT CHARSET=utf8:successful"
2023-01-30 08:39:06 I Elano Print           "CREATE TABLE IF NOT EXISTS alldefects (                     id INT, uniqueid TEXT, name TEXT, status TEXT, rel TEXT, team TEXT, priority TEXT, jira TEXT, upstream TEXT) ENGINE=InnoDB DEFAULT CHARSET=utf8:successful"
2023-01-30 08:39:06 I Elano Print           "DELETE FROM defects WHERE date='2023-01-30':successful"
2023-01-30 08:39:06 I Elano Print           "INSERT INTO defects (rel, team, status, count, date, priority) SELECT rel, team, status, count((@rn := @rn + 1)) as count, '2023-01-30' as date, priority FROM alldefects cross join (select @rn := 0) const GROUP BY rel, team, status, priority:successful"
2023-01-30 08:39:48 I Elano get_multipickli "Unassigned don't find the mainteam name from G_parameter"
2023-01-30 08:40:12 I Elano get_multipickli "Unassigned don't find the mainteam name from G_parameter"
2023-01-30 08:40:17 I Elano get_multipickli "Unassigned don't find the mainteam name from G_parameter"
2023-01-30 08:41:08 I Elano get_multipickli "Unassigned don't find the mainteam name from G_parameter"
2023-01-30 08:41:27 I Elano get_multipickli "Unassigned don't find the mainteam name from G_parameter"
2023-01-30 08:41:38 I Elano get_multipickli "Unassigned don't find the mainteam name from G_parameter"
2023-01-30 08:41:43 I Elano get_multipickli "Unassigned don't find the mainteam name from G_parameter"
2023-01-30 08:41:51 I Elano get_multipickli "Unassigned don't find the mainteam name from G_parameter"
2023-01-30 08:42:00 I Elano get_multipickli "Unassigned don't find the mainteam name from G_parameter"
2023-01-30 08:42:09 I Elano get_multipickli "Unassigned don't find the mainteam name from G_parameter"
2023-01-30 08:42:15 I Elano get_multipickli "Unassigned don't find the mainteam name from G_parameter"
2023-01-30 08:42:21 I Elano get_multipickli "Unassigned don't find the mainteam name from G_parameter"
2023-01-30 08:42:26 I Elano get_multipickli "Unassigned don't find the mainteam name from G_parameter"
2023-01-30 08:42:32 I Elano get_multipickli "Unassigned don't find the mainteam name from G_parameter"
2023-01-30 08:42:37 I Elano get_multipickli "Unassigned don't find the mainteam name from G_parameter"
2023-01-30 08:42:54 I Elano get_multipickli "Unassigned don't find the mainteam name from G_parameter"
2023-01-30 08:48:03 I Elano get_multipickli "Digital Experience – Android don't find the mainteam name from G_parameter"
2023-01-30 08:48:05 I Elano get_multipickli "Digital Experience – IOS don't find the mainteam name from G_parameter"
2023-01-30 08:48:39 I Elano get_multipickli "Digital Experience – Android don't find the mainteam name from G_parameter"
2023-01-30 08:48:39 I Elano get_multipickli "Digital Experience – IOS don't find the mainteam name from G_parameter"
2023-01-30 08:48:46 I Elano get_multipickli "Digital Experience – SDK don't find the mainteam name from G_parameter"
2023-01-30 08:48:51 I Elano get_multipickli "Digital Experience – SDK don't find the mainteam name from G_parameter"
2023-01-30 08:49:07 I Elano get_multipickli "Digital Experience – IOS don't find the mainteam name from G_parameter"
2023-01-30 08:49:11 I Elano get_multipickli "Digital Experience – Android don't find the mainteam name from G_parameter"
2023-01-30 08:49:11 I Elano get_multipickli "Digital Experience – IOS don't find the mainteam name from G_parameter"
2023-01-30 08:49:26 I Elano get_multipickli "ESW Platform Test don't find the mainteam name from G_parameter"
2023-01-30 08:49:30 I Elano get_multipickli "ESW Platform Test don't find the mainteam name from G_parameter"
2023-01-30 08:49:53 I Elano get_multipickli "Digital Experience – Android don't find the mainteam name from G_parameter"
2023-01-30 08:49:53 I Elano get_multipickli "Digital Experience – IOS don't find the mainteam name from G_parameter"
2023-01-30 08:50:22 I Elano get_multipickli "Unassigned don't find the mainteam name from G_parameter"
2023-01-30 08:54:59 I Elano get_multipickli "Unassigned don't find the mainteam name from G_parameter"
2023-01-30 08:55:04 I Elano get_multipickli "Unassigned don't find the mainteam name from G_parameter"
2023-01-30 08:55:13 I Elano get_multipickli "Unassigned don't find the mainteam name from G_parameter"
2023-01-30 08:55:24 I Elano get_multipickli "Unassigned don't find the mainteam name from G_parameter"
2023-01-30 08:55:43 I Elano get_multipickli "Unassigned don't find the mainteam name from G_parameter"
2023-01-30 08:56:20 I Elano get_multipickli "Unassigned don't find the mainteam name from G_parameter"
2023-01-30 08:59:10 I Elano get_multipickli "Unassigned don't find the mainteam name from G_parameter"
2023-01-30 08:59:19 I Elano get_multipickli "Unassigned don't find the mainteam name from G_parameter"
2023-01-30 08:59:27 I Elano get_multipickli "Digital Experience – Android don't find the mainteam name from G_parameter"
2023-01-30 08:59:27 I Elano get_multipickli "Digital Experience – IOS don't find the mainteam name from G_parameter"
2023-01-30 08:59:32 I Elano get_multipickli "Digital Experience – SDK don't find the mainteam name from G_parameter"
2023-01-30 08:59:45 I Elano get_multipickli "Digital Experience – Android don't find the mainteam name from G_parameter"
2023-01-30 08:59:45 I Elano get_multipickli "Digital Experience – IOS don't find the mainteam name from G_parameter"
2023-01-30 09:00:29 I Elano get_multipickli "Digital Experience – IOS don't find the mainteam name from G_parameter"
2023-01-30 09:00:29 I Elano get_multipickli "Digital Experience – SDK don't find the mainteam name from G_parameter"
2023-01-30 09:00:35 I Elano get_multipickli "Digital Experience – Android don't find the mainteam name from G_parameter"
2023-01-30 09:00:35 I Elano get_multipickli "Digital Experience – IOS don't find the mainteam name from G_parameter"
2023-01-30 09:00:35 I Elano get_multipickli "Digital Experience – SDK don't find the mainteam name from G_parameter"
2023-01-30 09:01:31 I Elano get_multipickli "Unassigned don't find the mainteam name from G_parameter"
2023-01-30 09:01:41 I Elano get_multipickli "Digital Experience – Android don't find the mainteam name from G_parameter"
2023-01-30 09:01:41 I Elano get_multipickli "Digital Experience – IOS don't find the mainteam name from G_parameter"
2023-01-30 09:02:52 I Elano get_multipickli "Unassigned don't find the mainteam name from G_parameter"
2023-01-30 09:03:04 I Elano get_multipickli "Unassigned don't find the mainteam name from G_parameter"
2023-01-30 09:03:09 I Elano get_multipickli "Unassigned don't find the mainteam name from G_parameter"
2023-01-30 09:03:35 I Elano get_multipickli "Unassigned don't find the mainteam name from G_parameter"
2023-01-30 09:03:46 I Elano get_multipickli "Unassigned don't find the mainteam name from G_parameter"
2023-01-30 09:04:18 I Elano get_multipickli "Unassigned don't find the mainteam name from G_parameter"
2023-01-30 09:04:23 I Elano get_multipickli "Unassigned don't find the mainteam name from G_parameter"
2023-01-30 09:04:29 I Elano get_multipickli "Unassigned don't find the mainteam name from G_parameter"
2023-01-30 09:04:34 I Elano get_multipickli "Unassigned don't find the mainteam name from G_parameter"
2023-01-30 09:04:39 I Elano get_multipickli "Unassigned don't find the mainteam name from G_parameter"
2023-01-30 09:05:15 I Elano get_multipickli "Unassigned don't find the mainteam name from G_parameter"
2023-01-30 09:10:16 I Elano get_multipickli "Unassigned don't find the mainteam name from G_parameter"
2023-01-30 09:10:25 I Elano get_multipickli "Unassigned don't find the mainteam name from G_parameter"
2023-01-30 09:10:33 I Elano get_multipickli "Unassigned don't find the mainteam name from G_parameter"
2023-01-30 09:10:44 I Elano get_multipickli "Unassigned don't find the mainteam name from G_parameter"
2023-01-30 09:10:48 I Elano get_multipickli "Unassigned don't find the mainteam name from G_parameter"
2023-01-30 09:10:57 I Elano Print           "DROP TABLE IF EXISTS allrequirements:successful"
2023-01-30 09:10:57 I Elano Print           "DROP TABLE IF EXISTS allcoverage:successful"
2023-01-30 09:10:57 I Elano Print           "CREATE TABLE IF NOT EXISTS requirements (                        rel TEXT, status TEXT, count INT, date TEXT) ENGINE=InnoDB DEFAULT CHARSET=utf8:successful"
2023-01-30 09:10:57 I Elano Print           "CREATE TABLE IF NOT EXISTS allrequirements (                        id INT, uniqueid TEXT, name TEXT, status TEXT, rel TEXT, upstream TEXT, downstream TEXT, team TEXT, test_status TEXT) ENGINE=InnoDB DEFAULT CHARSET=utf8:successful"
2023-01-30 09:10:57 I Elano Print           "CREATE TABLE IF NOT EXISTS coverage (                        team text, covered int, expected int, date text) ENGINE=InnoDB DEFAULT CHARSET=utf8:successful"
2023-01-30 09:10:57 I Elano Print           "CREATE TABLE IF NOT EXISTS allcoverage (                        id INT, uniqueid TEXT, name TEXT, status TEXT, rel TEXT, verify TEXT, missing TEXT) ENGINE=InnoDB DEFAULT CHARSET=utf8:successful"
2023-01-30 09:10:57 I Elano Print           "DELETE FROM requirements WHERE date='2023-01-30':successful"
2023-01-30 09:10:57 I Elano Print           "DELETE FROM coverage WHERE date='2023-01-30':successful"
2023-01-30 09:10:58 I Elano Print           "INSERT INTO requirements (rel, status, count, date) SELECT rel, status, count((@rn := @rn + 1)) as count, '2023-01-30' as date FROM allrequirements cross join (select @rn := 0) const GROUP BY rel, status:successful"
2023-01-30 09:10:58 I Elano Print           "CREATE TABLE IF NOT EXISTS feattest (rel TEXT, status TEXT, count TEXT, date TEXT) ENGINE=InnoDB DEFAULT CHARSET=utf8:successful"
2023-01-30 09:10:58 I Elano Print           "CREATE TABLE IF NOT EXISTS reqtest (rel TEXT, status TEXT, count TEXT, date TEXT) ENGINE=InnoDB DEFAULT CHARSET=utf8:successful"
2023-01-30 09:10:58 I Elano Print           "SELECT id FROM allfeatures:successful"
2023-01-30 09:10:58 I Elano Print           "SELECT id,upstream,downstream,team FROM allrequirements:successful"
2023-01-30 09:10:58 I Elano Print           "SELECT id FROM allcoverage:successful"
2023-01-30 09:10:58 I Elano Print           "SELECT * FROM testcases:successful"
