2023-01-30 07:45:40 I FRO   Print           "Connet 20558 successfully!!!"
2023-01-30 07:45:40 I FRO   Get_alltests    "Get project name:FRO id:20558 all testplans"
2023-01-30 07:45:42 I FRO   Get_alltests    "{8250349: {'id': 8250349, 'name': 'Product Verification Test Plan', 'archived': False, 'index': '8250349:Product Verification Test Plan'}}"
2023-01-30 07:45:42 I FRO   Get_alltests    "Get project name:FRO id:20558 all testplans successful!!!"
2023-01-30 07:46:01 I FRO   tidy_alltestcas "31"
2023-01-30 07:46:05 I FRO   Print           "DROP TABLE IF EXISTS testcases:successful"
2023-01-30 07:46:05 I FRO   Print           "CREATE TABLE IF NOT EXISTS testcases (                             testplan_id INT,                             testplan_name TEXT,                             testgroup_id INT,                             testgroup_name TEXT,                             testcycle_id INT,                             testcycle_name TEXT,                             rel TEXT,                             id INT,                             uniqueid TEXT,                             name TEXT,                             status TEXT,                             upstream TEXT,                             downstream TEXT,                             executionDate TEXT) ENGINE=InnoDB DEFAULT CHARSET=utf8:successful"
2023-01-30 07:46:05 I FRO   update_database "Insert testcases table successful"
2023-01-30 07:46:05 I FRO   Print           "CREATE TABLE IF NOT EXISTS tests (                             testplan_id INT,                             testplan_name TEXT,                             testplan_status TEXT,                             rel TEXT, status TEXT,                             count INT, date TEXT) ENGINE=InnoDB DEFAULT CHARSET=utf8:successful"
2023-01-30 07:46:05 I FRO   Print           "DELETE FROM tests WHERE date='2023-01-30':successful"
2023-01-30 07:46:05 I FRO   Print           "SELECT testplan_id FROM tests GROUP BY testplan_id:successful"
2023-01-30 07:46:05 I FRO   Print           "SELECT testplan_name FROM tests WHERE testplan_id=8250349 LIMIT 1:successful"
2023-01-30 07:46:05 I FRO   Print           "UPDATE tests SET testplan_status='Active' WHERE testplan_id=8250349:successful"
2023-01-30 07:46:05 I FRO   Print           "INSERT INTO tests (testplan_id, testplan_name, testplan_status, rel, status, count, date) SELECT testplan_id, testplan_name, 'Active' as testplan_status, rel, status, count((@rn := @rn + 1)) as count, '2023-01-30' as date FROM testcases cross join (select @rn := 0) const GROUP BY testplan_id, rel, status:successful"
2023-01-30 07:46:05 I FRO   update_database "Insert tests table successful"
2023-01-30 07:46:05 I FRO   Print           "CREATE TABLE IF NOT EXISTS testapproval (                                 rel TEXT, team TEXT, status TEXT, upstream TEXT, count INT, date TEXT                                 ) ENGINE=InnoDB DEFAULT CHARSET=utf8:successful"
2023-01-30 07:46:05 I FRO   Print           "DROP TABLE IF EXISTS alltestapproval:successful"
2023-01-30 07:46:05 I FRO   Print           "CREATE TABLE IF NOT EXISTS alltestapproval (                                 id INT, uniqueid TEXT, name TEXT, status TEXT, rel TEXT, team TEXT, upstream TEXT                                 ) ENGINE=InnoDB DEFAULT CHARSET=utf8:successful"
2023-01-30 07:46:05 I FRO   Print           "DELETE FROM testapproval WHERE date='2023-01-30':successful"
2023-01-30 07:46:05 I FRO   Print           "INSERT INTO testapproval (rel, team, status, count, date, upstream) SELECT rel, team, status, count((@rn := @rn + 1)) as count, '2023-01-30' as date, upstream FROM alltestapproval cross join (select @rn := 0) const GROUP BY rel, team, status, upstream:successful"
2023-01-30 07:46:11 I FRO   Get_allfeatuers "[]"
2023-01-30 07:46:11 I FRO   Print           "CREATE TABLE IF NOT EXISTS features (                                rel TEXT, status TEXT, count INT, date TEXT) ENGINE=InnoDB DEFAULT CHARSET=utf8:successful"
2023-01-30 07:46:11 I FRO   Print           "CREATE TABLE IF NOT EXISTS allfeatures (                                id INT, uniqueid TEXT, name TEXT, status TEXT, rel TEXT,test_status TEXT) ENGINE=InnoDB DEFAULT CHARSET=utf8:successful"
2023-01-30 07:46:11 I FRO   Print           "DELETE FROM features WHERE date='2023-01-30':successful"
2023-01-30 07:46:11 I FRO   Print           "DELETE FROM allfeatures WHERE id=15807102:successful"
2023-01-30 07:46:11 I FRO   Print           "DELETE FROM allfeatures WHERE id=15807101:successful"
2023-01-30 07:46:11 I FRO   Print           "DELETE FROM allfeatures WHERE id=15807031:successful"
2023-01-30 07:46:11 I FRO   Print           "DELETE FROM allfeatures WHERE id=15803971:successful"
2023-01-30 07:46:11 I FRO   Print           "DELETE FROM allfeatures WHERE id=15778771:successful"
2023-01-30 07:46:11 I FRO   Print           "DELETE FROM allfeatures WHERE id=15778714:successful"
2023-01-30 07:46:11 I FRO   Print           "DELETE FROM allfeatures WHERE id=15777372:successful"
2023-01-30 07:46:11 I FRO   Print           "DELETE FROM allfeatures WHERE id=15777006:successful"
2023-01-30 07:46:11 I FRO   Print           "DELETE FROM allfeatures WHERE id=15776996:successful"
2023-01-30 07:46:11 I FRO   Print           "DELETE FROM allfeatures WHERE id=15776228:successful"
2023-01-30 07:46:11 I FRO   Print           "DELETE FROM allfeatures WHERE id=15771315:successful"
2023-01-30 07:46:11 I FRO   Print           "DELETE FROM allfeatures WHERE id=15763879:successful"
2023-01-30 07:46:11 I FRO   Print           "DELETE FROM allfeatures WHERE id=15763793:successful"
2023-01-30 07:46:11 I FRO   Print           "DELETE FROM allfeatures WHERE id=15723859:successful"
2023-01-30 07:46:11 I FRO   Print           "DELETE FROM allfeatures WHERE id=15714554:successful"
2023-01-30 07:46:11 I FRO   Print           "DELETE FROM allfeatures WHERE id=15693814:successful"
2023-01-30 07:46:11 I FRO   Print           "DELETE FROM allfeatures WHERE id=15692849:successful"
2023-01-30 07:46:11 I FRO   Print           "DELETE FROM allfeatures WHERE id=15691813:successful"
2023-01-30 07:46:11 I FRO   Print           "DELETE FROM allfeatures WHERE id=15431242:successful"
2023-01-30 07:46:11 I FRO   Print           "INSERT INTO features (rel, status, count, date)                                 SELECT rel, status, count((@rn := @rn + 1)) as count, '2023-01-30' as date FROM allfeatures cross join (select @rn := 0) const GROUP BY rel, status:successful"
2023-01-30 07:46:13 I FRO   Get_allchangere "[]"
2023-01-30 07:46:13 I FRO   Print           "CREATE TABLE IF NOT EXISTS changes (                                 rel TEXT, status TEXT, priority TEXT,                                 requester TEXT, date TEXT, count INT) ENGINE=InnoDB DEFAULT CHARSET=utf8:successful"
2023-01-30 07:46:13 I FRO   Print           "CREATE TABLE IF NOT EXISTS allchanges (                                 id INT, uniqueid TEXT, name TEXT,                                 status TEXT, rel TEXT, priority TEXT,                                 requester TEXT) ENGINE=InnoDB DEFAULT CHARSET=utf8:successful"
2023-01-30 07:46:13 I FRO   Print           "DELETE FROM changes WHERE date='2023-01-30':successful"
2023-01-30 07:46:13 I FRO   Print           "INSERT INTO changes (                                 rel, status, priority, requester, date, count)                                 SELECT rel, status, priority, requester, '2023-01-30' as date, count((@rn := @rn + 1)) as count FROM allchanges                                 cross join (select @rn := 0) const GROUP BY rel, status, priority, requester:successful"
2023-01-30 07:46:15 I FRO   Print           "CREATE TABLE IF NOT EXISTS designspec (                            rel TEXT, team TEXT, status TEXT, count INT, date text) ENGINE=InnoDB DEFAULT CHARSET=utf8:successful"
2023-01-30 07:46:15 I FRO   Print           "CREATE TABLE IF NOT EXISTS alldesignspec (                             id INT, uniqueid TEXT, name TEXT, status TEXT, rel TEXT, team TEXT) ENGINE=InnoDB DEFAULT CHARSET=utf8:successful"
2023-01-30 07:46:15 I FRO   Print           "DELETE FROM designspec WHERE date='2023-01-30':successful"
2023-01-30 07:46:15 I FRO   Print           "INSERT INTO designspec (rel, team, status, count, date) SELECT rel, team, status, count((@rn := @rn + 1)) as count, '2023-01-30' as date FROM alldesignspec cross join (select @rn := 0) const GROUP BY rel, team, status:successful"
2023-01-30 07:46:17 I FRO   Get_alluserstor "[]"
2023-01-30 07:46:17 I FRO   Print           "CREATE TABLE IF NOT EXISTS userstories (                 rel TEXT, status TEXT, count INT, date TEXT) ENGINE=InnoDB DEFAULT CHARSET=utf8:successful"
2023-01-30 07:46:17 I FRO   Print           "CREATE TABLE IF NOT EXISTS alluserstories (                 id INT, uniqueid TEXT, name TEXT, status TEXT, rel TEXT) ENGINE=InnoDB DEFAULT CHARSET=utf8:successful"
2023-01-30 07:46:17 I FRO   Print           "DELETE FROM userstories WHERE date='2023-01-30':successful"
2023-01-30 07:46:17 I FRO   Print           "INSERT INTO userstories (rel, status, count, date) SELECT rel, status, count((@rn := @rn + 1)) as count, '2023-01-30' as date FROM alluserstories cross join (select @rn := 0) const GROUP BY rel, status:successful"
2023-01-30 07:46:20 I FRO   Get_alldefects  "[]"
2023-01-30 07:46:20 I FRO   Print           "CREATE TABLE IF NOT EXISTS defects (                     rel TEXT, team TEXT, status TEXT, priority TEXT, count INT, date TEXT) ENGINE=InnoDB DEFAULT CHARSET=utf8:successful"
2023-01-30 07:46:20 I FRO   Print           "CREATE TABLE IF NOT EXISTS alldefects (                     id INT, uniqueid TEXT, name TEXT, status TEXT, rel TEXT, team TEXT, priority TEXT, jira TEXT, upstream TEXT) ENGINE=InnoDB DEFAULT CHARSET=utf8:successful"
2023-01-30 07:46:20 I FRO   Print           "DELETE FROM defects WHERE date='2023-01-30':successful"
2023-01-30 07:46:20 I FRO   Print           "INSERT INTO defects (rel, team, status, count, date, priority) SELECT rel, team, status, count((@rn := @rn + 1)) as count, '2023-01-30' as date, priority FROM alldefects cross join (select @rn := 0) const GROUP BY rel, team, status, priority:successful"
2023-01-30 07:52:57 I FRO   get_multipickli "Unassigned don't find the mainteam name from G_parameter"
2023-01-30 07:56:26 I FRO   get_multipickli "Unassigned don't find the mainteam name from G_parameter"
2023-01-30 07:58:56 I FRO   get_multipickli "Unassigned don't find the mainteam name from G_parameter"
2023-01-30 07:59:56 I FRO   get_multipickli "Digital Experience – Android don't find the mainteam name from G_parameter"
2023-01-30 07:59:59 I FRO   get_multipickli "Digital Experience – IOS don't find the mainteam name from G_parameter"
2023-01-30 08:00:47 I FRO   get_multipickli "Digital Experience – Android don't find the mainteam name from G_parameter"
2023-01-30 08:00:47 I FRO   get_multipickli "Digital Experience – IOS don't find the mainteam name from G_parameter"
2023-01-30 08:00:56 I FRO   get_multipickli "Unassigned don't find the mainteam name from G_parameter"
2023-01-30 08:00:56 I FRO   get_multipickli "Digital Experience – Android don't find the mainteam name from G_parameter"
2023-01-30 08:00:56 I FRO   get_multipickli "Digital Experience – IOS don't find the mainteam name from G_parameter"
2023-01-30 08:04:05 I FRO   get_multipickli "Digital Experience – SDK don't find the mainteam name from G_parameter"
2023-01-30 08:04:13 I FRO   get_multipickli "Digital Experience – SDK don't find the mainteam name from G_parameter"
2023-01-30 08:04:22 I FRO   get_multipickli "Digital Experience – SDK don't find the mainteam name from G_parameter"
2023-01-30 08:04:30 I FRO   get_multipickli "Digital Experience – SDK don't find the mainteam name from G_parameter"
2023-01-30 08:05:22 I FRO   get_multipickli "Digital Experience – SDK don't find the mainteam name from G_parameter"
2023-01-30 08:17:00 I FRO   get_multipickli "Unassigned don't find the mainteam name from G_parameter"
2023-01-30 08:18:27 I FRO   get_multipickli "Unassigned don't find the mainteam name from G_parameter"
2023-01-30 08:20:14 I FRO   get_multipickli "Unassigned don't find the mainteam name from G_parameter"
2023-01-30 08:20:53 I FRO   get_multipickli "ESW Platform Test don't find the mainteam name from G_parameter"
2023-01-30 08:21:04 I FRO   get_multipickli "Unassigned don't find the mainteam name from G_parameter"
2023-01-30 08:21:13 I FRO   get_multipickli "Unassigned don't find the mainteam name from G_parameter"
2023-01-30 08:21:28 I FRO   get_multipickli "Unassigned don't find the mainteam name from G_parameter"
2023-01-30 08:21:43 I FRO   get_multipickli "Unassigned don't find the mainteam name from G_parameter"
2023-01-30 08:21:57 I FRO   get_multipickli "Digital Experience – Android don't find the mainteam name from G_parameter"
2023-01-30 08:21:59 I FRO   get_multipickli "Digital Experience – IOS don't find the mainteam name from G_parameter"
2023-01-30 08:22:11 I FRO   get_multipickli "Unassigned don't find the mainteam name from G_parameter"
2023-01-30 08:22:16 I FRO   get_multipickli "Unassigned don't find the mainteam name from G_parameter"
2023-01-30 08:22:24 I FRO   get_multipickli "Unassigned don't find the mainteam name from G_parameter"
2023-01-30 08:22:29 I FRO   get_multipickli "Digital Experience – Android don't find the mainteam name from G_parameter"
2023-01-30 08:22:29 I FRO   get_multipickli "Digital Experience – IOS don't find the mainteam name from G_parameter"
2023-01-30 08:22:38 I FRO   get_multipickli "Unassigned don't find the mainteam name from G_parameter"
2023-01-30 08:22:47 I FRO   get_multipickli "Unassigned don't find the mainteam name from G_parameter"
2023-01-30 08:22:51 I FRO   get_multipickli "Unassigned don't find the mainteam name from G_parameter"
2023-01-30 08:23:20 I FRO   get_multipickli "Digital Experience – Android don't find the mainteam name from G_parameter"
2023-01-30 08:23:20 I FRO   get_multipickli "Digital Experience – IOS don't find the mainteam name from G_parameter"
2023-01-30 08:23:39 I FRO   get_multipickli "Unassigned don't find the mainteam name from G_parameter"
2023-01-30 08:23:44 I FRO   get_multipickli "Unassigned don't find the mainteam name from G_parameter"
2023-01-30 08:23:57 I FRO   get_multipickli "Unassigned don't find the mainteam name from G_parameter"
2023-01-30 08:24:22 I FRO   get_multipickli "Digital Experience – Android don't find the mainteam name from G_parameter"
2023-01-30 08:24:22 I FRO   get_multipickli "Digital Experience – IOS don't find the mainteam name from G_parameter"
2023-01-30 08:28:57 I FRO   get_multipickli "Digital Experience – Android don't find the mainteam name from G_parameter"
2023-01-30 08:28:57 I FRO   get_multipickli "Digital Experience – IOS don't find the mainteam name from G_parameter"
2023-01-30 08:29:04 I FRO   get_multipickli "Digital Experience – Android don't find the mainteam name from G_parameter"
2023-01-30 08:29:04 I FRO   get_multipickli "Digital Experience – IOS don't find the mainteam name from G_parameter"
2023-01-30 08:29:09 I FRO   get_multipickli "Digital Experience – Android don't find the mainteam name from G_parameter"
2023-01-30 08:29:09 I FRO   get_multipickli "Digital Experience – IOS don't find the mainteam name from G_parameter"
2023-01-30 08:29:14 I FRO   get_multipickli "Digital Experience – Android don't find the mainteam name from G_parameter"
2023-01-30 08:29:14 I FRO   get_multipickli "Digital Experience – IOS don't find the mainteam name from G_parameter"
2023-01-30 08:29:18 I FRO   get_multipickli "Digital Experience – Android don't find the mainteam name from G_parameter"
2023-01-30 08:29:18 I FRO   get_multipickli "Digital Experience – IOS don't find the mainteam name from G_parameter"
2023-01-30 08:34:23 I FRO   get_multipickli "Digital Experience – Android don't find the mainteam name from G_parameter"
2023-01-30 08:34:23 I FRO   get_multipickli "Digital Experience – IOS don't find the mainteam name from G_parameter"
2023-01-30 08:35:04 I FRO   get_multipickli "Unassigned don't find the mainteam name from G_parameter"
2023-01-30 08:35:10 I FRO   get_multipickli "Unassigned don't find the mainteam name from G_parameter"
2023-01-30 08:35:25 I FRO   get_multipickli "Unassigned don't find the mainteam name from G_parameter"
2023-01-30 08:35:31 I FRO   get_multipickli "Unassigned don't find the mainteam name from G_parameter"
2023-01-30 08:36:08 I FRO   get_multipickli "Unassigned don't find the mainteam name from G_parameter"
2023-01-30 08:36:15 I FRO   get_multipickli "Unassigned don't find the mainteam name from G_parameter"
2023-01-30 08:36:23 I FRO   get_multipickli "Unassigned don't find the mainteam name from G_parameter"
2023-01-30 08:38:52 I FRO   Print           "DROP TABLE IF EXISTS allrequirements:successful"
2023-01-30 08:38:52 I FRO   Print           "DROP TABLE IF EXISTS allcoverage:successful"
2023-01-30 08:38:52 I FRO   Print           "CREATE TABLE IF NOT EXISTS requirements (                        rel TEXT, status TEXT, count INT, date TEXT) ENGINE=InnoDB DEFAULT CHARSET=utf8:successful"
2023-01-30 08:38:52 I FRO   Print           "CREATE TABLE IF NOT EXISTS allrequirements (                        id INT, uniqueid TEXT, name TEXT, status TEXT, rel TEXT, upstream TEXT, downstream TEXT, team TEXT, test_status TEXT) ENGINE=InnoDB DEFAULT CHARSET=utf8:successful"
2023-01-30 08:38:52 I FRO   Print           "CREATE TABLE IF NOT EXISTS coverage (                        team text, covered int, expected int, date text) ENGINE=InnoDB DEFAULT CHARSET=utf8:successful"
2023-01-30 08:38:52 I FRO   Print           "CREATE TABLE IF NOT EXISTS allcoverage (                        id INT, uniqueid TEXT, name TEXT, status TEXT, rel TEXT, verify TEXT, missing TEXT) ENGINE=InnoDB DEFAULT CHARSET=utf8:successful"
2023-01-30 08:38:52 I FRO   Print           "DELETE FROM requirements WHERE date='2023-01-30':successful"
2023-01-30 08:38:52 I FRO   Print           "DELETE FROM coverage WHERE date='2023-01-30':successful"
2023-01-30 08:38:52 I FRO   Print           "INSERT INTO requirements (rel, status, count, date) SELECT rel, status, count((@rn := @rn + 1)) as count, '2023-01-30' as date FROM allrequirements cross join (select @rn := 0) const GROUP BY rel, status:successful"
2023-01-30 08:38:52 I FRO   Print           "CREATE TABLE IF NOT EXISTS feattest (rel TEXT, status TEXT, count TEXT, date TEXT) ENGINE=InnoDB DEFAULT CHARSET=utf8:successful"
2023-01-30 08:38:52 I FRO   Print           "CREATE TABLE IF NOT EXISTS reqtest (rel TEXT, status TEXT, count TEXT, date TEXT) ENGINE=InnoDB DEFAULT CHARSET=utf8:successful"
2023-01-30 08:38:52 I FRO   Print           "SELECT id FROM allfeatures:successful"
2023-01-30 08:38:52 I FRO   Print           "SELECT id,upstream,downstream,team FROM allrequirements:successful"
2023-01-30 08:38:52 I FRO   Print           "SELECT id FROM allcoverage:successful"
2023-01-30 08:38:52 I FRO   Print           "SELECT * FROM testcases:successful"
