2023-01-30 09:43:08 I Polar Print           "Connet 20620 successfully!!!"
2023-01-30 09:43:08 I Polar Get_alltests    "Get project name:Polaris id:20620 all testplans"
2023-01-30 09:43:09 I Polar Get_alltests    "{}"
2023-01-30 09:43:09 I Polar Get_alltests    "Get project name:Polaris id:20620 all testplans successful!!!"
2023-01-30 09:43:09 I Polar tidy_alltestcas "0"
2023-01-30 09:43:09 I Polar Print           "DROP TABLE IF EXISTS testcases:successful"
2023-01-30 09:43:09 I Polar Print           "CREATE TABLE IF NOT EXISTS testcases (                             testplan_id INT,                             testplan_name TEXT,                             testgroup_id INT,                             testgroup_name TEXT,                             testcycle_id INT,                             testcycle_name TEXT,                             rel TEXT,                             id INT,                             uniqueid TEXT,                             name TEXT,                             status TEXT,                             upstream TEXT,                             downstream TEXT,                             executionDate TEXT) ENGINE=InnoDB DEFAULT CHARSET=utf8:successful"
2023-01-30 09:43:09 I Polar update_database "Insert testcases table successful"
2023-01-30 09:43:09 I Polar Print           "CREATE TABLE IF NOT EXISTS tests (                             testplan_id INT,                             testplan_name TEXT,                             testplan_status TEXT,                             rel TEXT, status TEXT,                             count INT, date TEXT) ENGINE=InnoDB DEFAULT CHARSET=utf8:successful"
2023-01-30 09:43:09 I Polar Print           "DELETE FROM tests WHERE date='2023-01-30':successful"
2023-01-30 09:43:09 I Polar Print           "SELECT testplan_id FROM tests GROUP BY testplan_id:successful"
2023-01-30 09:43:09 I Polar Print           "INSERT INTO tests (testplan_id, testplan_name, testplan_status, rel, status, count, date) SELECT testplan_id, testplan_name, 'Active' as testplan_status, rel, status, count((@rn := @rn + 1)) as count, '2023-01-30' as date FROM testcases cross join (select @rn := 0) const GROUP BY testplan_id, rel, status:successful"
2023-01-30 09:43:09 I Polar update_database "Insert tests table successful"
2023-01-30 09:43:09 I Polar Print           "CREATE TABLE IF NOT EXISTS testapproval (                                 rel TEXT, team TEXT, status TEXT, upstream TEXT, count INT, date TEXT                                 ) ENGINE=InnoDB DEFAULT CHARSET=utf8:successful"
2023-01-30 09:43:09 I Polar Print           "DROP TABLE IF EXISTS alltestapproval:successful"
2023-01-30 09:43:09 I Polar Print           "CREATE TABLE IF NOT EXISTS alltestapproval (                                 id INT, uniqueid TEXT, name TEXT, status TEXT, rel TEXT, team TEXT, upstream TEXT                                 ) ENGINE=InnoDB DEFAULT CHARSET=utf8:successful"
2023-01-30 09:43:09 I Polar Print           "DELETE FROM testapproval WHERE date='2023-01-30':successful"
2023-01-30 09:43:09 I Polar Print           "INSERT INTO testapproval (rel, team, status, count, date, upstream) SELECT rel, team, status, count((@rn := @rn + 1)) as count, '2023-01-30' as date, upstream FROM alltestapproval cross join (select @rn := 0) const GROUP BY rel, team, status, upstream:successful"
2023-01-30 09:43:13 I Polar Get_allfeatuers "[]"
2023-01-30 09:43:13 I Polar Print           "CREATE TABLE IF NOT EXISTS features (                                rel TEXT, status TEXT, count INT, date TEXT) ENGINE=InnoDB DEFAULT CHARSET=utf8:successful"
2023-01-30 09:43:13 I Polar Print           "CREATE TABLE IF NOT EXISTS allfeatures (                                id INT, uniqueid TEXT, name TEXT, status TEXT, rel TEXT,test_status TEXT) ENGINE=InnoDB DEFAULT CHARSET=utf8:successful"
2023-01-30 09:43:13 I Polar Print           "DELETE FROM features WHERE date='2023-01-30':successful"
2023-01-30 09:43:13 I Polar Print           "DELETE FROM allfeatures WHERE id=20976567:successful"
2023-01-30 09:43:13 I Polar Print           "DELETE FROM allfeatures WHERE id=20623227:successful"
2023-01-30 09:43:13 I Polar Print           "DELETE FROM allfeatures WHERE id=20497723:successful"
2023-01-30 09:43:13 I Polar Print           "DELETE FROM allfeatures WHERE id=20497687:successful"
2023-01-30 09:43:13 I Polar Print           "DELETE FROM allfeatures WHERE id=20495173:successful"
2023-01-30 09:43:13 I Polar Print           "DELETE FROM allfeatures WHERE id=20490902:successful"
2023-01-30 09:43:13 I Polar Print           "DELETE FROM allfeatures WHERE id=20490894:successful"
2023-01-30 09:43:13 I Polar Print           "DELETE FROM allfeatures WHERE id=20490889:successful"
2023-01-30 09:43:13 I Polar Print           "DELETE FROM allfeatures WHERE id=20485504:successful"
2023-01-30 09:43:13 I Polar Print           "DELETE FROM allfeatures WHERE id=20455724:successful"
2023-01-30 09:43:13 I Polar Print           "DELETE FROM allfeatures WHERE id=20455679:successful"
2023-01-30 09:43:13 I Polar Print           "DELETE FROM allfeatures WHERE id=20389169:successful"
2023-01-30 09:43:13 I Polar Print           "DELETE FROM allfeatures WHERE id=20227819:successful"
2023-01-30 09:43:13 I Polar Print           "DELETE FROM allfeatures WHERE id=20199518:successful"
2023-01-30 09:43:13 I Polar Print           "DELETE FROM allfeatures WHERE id=19616757:successful"
2023-01-30 09:43:13 I Polar Print           "INSERT INTO features (rel, status, count, date)                                 SELECT rel, status, count((@rn := @rn + 1)) as count, '2023-01-30' as date FROM allfeatures cross join (select @rn := 0) const GROUP BY rel, status:successful"
2023-01-30 09:43:14 I Polar Get_allchangere "[]"
2023-01-30 09:43:14 I Polar Print           "CREATE TABLE IF NOT EXISTS changes (                                 rel TEXT, status TEXT, priority TEXT,                                 requester TEXT, date TEXT, count INT) ENGINE=InnoDB DEFAULT CHARSET=utf8:successful"
2023-01-30 09:43:14 I Polar Print           "CREATE TABLE IF NOT EXISTS allchanges (                                 id INT, uniqueid TEXT, name TEXT,                                 status TEXT, rel TEXT, priority TEXT,                                 requester TEXT) ENGINE=InnoDB DEFAULT CHARSET=utf8:successful"
2023-01-30 09:43:14 I Polar Print           "DELETE FROM changes WHERE date='2023-01-30':successful"
2023-01-30 09:43:14 I Polar Print           "INSERT INTO changes (                                 rel, status, priority, requester, date, count)                                 SELECT rel, status, priority, requester, '2023-01-30' as date, count((@rn := @rn + 1)) as count FROM allchanges                                 cross join (select @rn := 0) const GROUP BY rel, status, priority, requester:successful"
2023-01-30 09:43:16 I Polar Print           "CREATE TABLE IF NOT EXISTS designspec (                            rel TEXT, team TEXT, status TEXT, count INT, date text) ENGINE=InnoDB DEFAULT CHARSET=utf8:successful"
2023-01-30 09:43:16 I Polar Print           "CREATE TABLE IF NOT EXISTS alldesignspec (                             id INT, uniqueid TEXT, name TEXT, status TEXT, rel TEXT, team TEXT) ENGINE=InnoDB DEFAULT CHARSET=utf8:successful"
2023-01-30 09:43:16 I Polar Print           "DELETE FROM designspec WHERE date='2023-01-30':successful"
2023-01-30 09:43:16 I Polar Print           "INSERT INTO designspec (rel, team, status, count, date) SELECT rel, team, status, count((@rn := @rn + 1)) as count, '2023-01-30' as date FROM alldesignspec cross join (select @rn := 0) const GROUP BY rel, team, status:successful"
2023-01-30 09:43:18 I Polar Get_alluserstor "[]"
2023-01-30 09:43:18 I Polar Print           "CREATE TABLE IF NOT EXISTS userstories (                 rel TEXT, status TEXT, count INT, date TEXT) ENGINE=InnoDB DEFAULT CHARSET=utf8:successful"
2023-01-30 09:43:18 I Polar Print           "CREATE TABLE IF NOT EXISTS alluserstories (                 id INT, uniqueid TEXT, name TEXT, status TEXT, rel TEXT) ENGINE=InnoDB DEFAULT CHARSET=utf8:successful"
2023-01-30 09:43:18 I Polar Print           "DELETE FROM userstories WHERE date='2023-01-30':successful"
2023-01-30 09:43:19 I Polar Print           "INSERT INTO userstories (rel, status, count, date) SELECT rel, status, count((@rn := @rn + 1)) as count, '2023-01-30' as date FROM alluserstories cross join (select @rn := 0) const GROUP BY rel, status:successful"
2023-01-30 09:43:21 I Polar Get_alldefects  "[]"
2023-01-30 09:43:21 I Polar Print           "CREATE TABLE IF NOT EXISTS defects (                     rel TEXT, team TEXT, status TEXT, priority TEXT, count INT, date TEXT) ENGINE=InnoDB DEFAULT CHARSET=utf8:successful"
2023-01-30 09:43:21 I Polar Print           "CREATE TABLE IF NOT EXISTS alldefects (                     id INT, uniqueid TEXT, name TEXT, status TEXT, rel TEXT, team TEXT, priority TEXT, jira TEXT, upstream TEXT) ENGINE=InnoDB DEFAULT CHARSET=utf8:successful"
2023-01-30 09:43:21 I Polar Print           "DELETE FROM defects WHERE date='2023-01-30':successful"
2023-01-30 09:43:21 I Polar Print           "INSERT INTO defects (rel, team, status, count, date, priority) SELECT rel, team, status, count((@rn := @rn + 1)) as count, '2023-01-30' as date, priority FROM alldefects cross join (select @rn := 0) const GROUP BY rel, team, status, priority:successful"
2023-01-30 09:44:47 I Polar get_multipickli "Unassigned don't find the mainteam name from G_parameter"
2023-01-30 09:44:52 I Polar get_multipickli "Unassigned don't find the mainteam name from G_parameter"
2023-01-30 09:44:56 I Polar get_multipickli "Unassigned don't find the mainteam name from G_parameter"
2023-01-30 09:46:05 I Polar get_multipickli "Unassigned don't find the mainteam name from G_parameter"
2023-01-30 09:47:23 I Polar get_multipickli "Unassigned don't find the mainteam name from G_parameter"
2023-01-30 09:47:30 I Polar get_multipickli "Unassigned don't find the mainteam name from G_parameter"
2023-01-30 09:47:35 I Polar get_multipickli "Unassigned don't find the mainteam name from G_parameter"
2023-01-30 09:48:12 I Polar get_multipickli "Unassigned don't find the mainteam name from G_parameter"
2023-01-30 09:48:23 I Polar get_multipickli "Unassigned don't find the mainteam name from G_parameter"
2023-01-30 09:49:27 I Polar get_multipickli "Unassigned don't find the mainteam name from G_parameter"
2023-01-30 09:50:03 I Polar get_multipickli "Unassigned don't find the mainteam name from G_parameter"
2023-01-30 09:50:21 I Polar get_multipickli "Unassigned don't find the mainteam name from G_parameter"
2023-01-30 09:50:40 I Polar get_multipickli "Unassigned don't find the mainteam name from G_parameter"
2023-01-30 09:50:59 I Polar get_multipickli "Unassigned don't find the mainteam name from G_parameter"
2023-01-30 09:51:14 I Polar get_multipickli "Unassigned don't find the mainteam name from G_parameter"
2023-01-30 09:51:26 I Polar get_multipickli "Unassigned don't find the mainteam name from G_parameter"
2023-01-30 09:51:46 I Polar get_multipickli "Unassigned don't find the mainteam name from G_parameter"
2023-01-30 09:52:52 I Polar get_multipickli "Unassigned don't find the mainteam name from G_parameter"
2023-01-30 09:52:58 I Polar get_multipickli "Unassigned don't find the mainteam name from G_parameter"
2023-01-30 09:53:04 I Polar get_multipickli "Unassigned don't find the mainteam name from G_parameter"
2023-01-30 09:53:10 I Polar get_multipickli "Unassigned don't find the mainteam name from G_parameter"
2023-01-30 09:53:16 I Polar get_multipickli "Unassigned don't find the mainteam name from G_parameter"
2023-01-30 09:53:22 I Polar get_multipickli "Unassigned don't find the mainteam name from G_parameter"
2023-01-30 09:53:27 I Polar get_multipickli "Unassigned don't find the mainteam name from G_parameter"
2023-01-30 09:53:32 I Polar get_multipickli "Unassigned don't find the mainteam name from G_parameter"
2023-01-30 09:53:39 I Polar get_multipickli "Unassigned don't find the mainteam name from G_parameter"
2023-01-30 09:53:57 I Polar get_multipickli "Unassigned don't find the mainteam name from G_parameter"
2023-01-30 09:54:06 I Polar get_multipickli "Unassigned don't find the mainteam name from G_parameter"
2023-01-30 09:54:11 I Polar get_multipickli "Unassigned don't find the mainteam name from G_parameter"
2023-01-30 09:54:17 I Polar get_multipickli "Unassigned don't find the mainteam name from G_parameter"
2023-01-30 09:54:22 I Polar get_multipickli "Unassigned don't find the mainteam name from G_parameter"
2023-01-30 09:54:25 I Polar get_multipickli "Unassigned don't find the mainteam name from G_parameter"
2023-01-30 09:54:33 I Polar get_multipickli "Unassigned don't find the mainteam name from G_parameter"
2023-01-30 09:54:41 I Polar get_multipickli "Unassigned don't find the mainteam name from G_parameter"
2023-01-30 09:54:49 I Polar get_multipickli "Unassigned don't find the mainteam name from G_parameter"
2023-01-30 09:54:55 I Polar get_multipickli "Unassigned don't find the mainteam name from G_parameter"
2023-01-30 09:55:00 I Polar get_multipickli "Unassigned don't find the mainteam name from G_parameter"
2023-01-30 09:55:04 I Polar get_multipickli "Unassigned don't find the mainteam name from G_parameter"
2023-01-30 09:55:08 I Polar get_multipickli "Unassigned don't find the mainteam name from G_parameter"
2023-01-30 09:55:13 I Polar get_multipickli "Unassigned don't find the mainteam name from G_parameter"
2023-01-30 09:55:17 I Polar get_multipickli "Unassigned don't find the mainteam name from G_parameter"
2023-01-30 09:55:21 I Polar get_multipickli "Unassigned don't find the mainteam name from G_parameter"
2023-01-30 09:55:25 I Polar get_multipickli "Unassigned don't find the mainteam name from G_parameter"
2023-01-30 09:55:29 I Polar get_multipickli "Unassigned don't find the mainteam name from G_parameter"
2023-01-30 09:55:33 I Polar get_multipickli "Unassigned don't find the mainteam name from G_parameter"
2023-01-30 09:55:38 I Polar get_multipickli "Unassigned don't find the mainteam name from G_parameter"
2023-01-30 09:55:42 I Polar get_multipickli "Unassigned don't find the mainteam name from G_parameter"
2023-01-30 09:55:46 I Polar get_multipickli "Unassigned don't find the mainteam name from G_parameter"
2023-01-30 09:55:50 I Polar get_multipickli "Unassigned don't find the mainteam name from G_parameter"
2023-01-30 09:55:55 I Polar get_multipickli "Unassigned don't find the mainteam name from G_parameter"
2023-01-30 09:56:01 I Polar get_multipickli "Unassigned don't find the mainteam name from G_parameter"
2023-01-30 09:56:22 I Polar get_multipickli "Unassigned don't find the mainteam name from G_parameter"
2023-01-30 09:56:27 I Polar get_multipickli "Unassigned don't find the mainteam name from G_parameter"
2023-01-30 09:56:32 I Polar get_multipickli "Unassigned don't find the mainteam name from G_parameter"
2023-01-30 09:56:37 I Polar get_multipickli "Unassigned don't find the mainteam name from G_parameter"
2023-01-30 09:56:42 I Polar get_multipickli "Unassigned don't find the mainteam name from G_parameter"
2023-01-30 09:56:47 I Polar get_multipickli "Unassigned don't find the mainteam name from G_parameter"
2023-01-30 09:56:52 I Polar get_multipickli "Unassigned don't find the mainteam name from G_parameter"
2023-01-30 09:57:17 I Polar get_multipickli "Unassigned don't find the mainteam name from G_parameter"
2023-01-30 09:57:22 I Polar get_multipickli "Unassigned don't find the mainteam name from G_parameter"
2023-01-30 09:57:27 I Polar get_multipickli "Unassigned don't find the mainteam name from G_parameter"
2023-01-30 09:57:31 I Polar get_multipickli "Unassigned don't find the mainteam name from G_parameter"
2023-01-30 09:57:37 I Polar get_multipickli "Unassigned don't find the mainteam name from G_parameter"
2023-01-30 09:57:41 I Polar get_multipickli "Unassigned don't find the mainteam name from G_parameter"
2023-01-30 10:07:32 I Polar get_multipickli "ESW Platform Test don't find the mainteam name from G_parameter"
2023-01-30 10:07:36 I Polar get_multipickli "ESW Platform Test don't find the mainteam name from G_parameter"
2023-01-30 10:07:40 I Polar get_multipickli "ESW Platform Test don't find the mainteam name from G_parameter"
2023-01-30 10:08:05 I Polar get_multipickli "ESW Platform Test don't find the mainteam name from G_parameter"
2023-01-30 10:08:09 I Polar get_multipickli "ESW Platform Test don't find the mainteam name from G_parameter"
2023-01-30 10:08:13 I Polar get_multipickli "ESW Platform Test don't find the mainteam name from G_parameter"
2023-01-30 10:08:29 I Polar get_multipickli "Digital Experience – Android don't find the mainteam name from G_parameter"
2023-01-30 10:08:30 I Polar get_multipickli "Digital Experience – IOS don't find the mainteam name from G_parameter"
2023-01-30 10:08:33 I Polar get_multipickli "Digital Experience – SDK don't find the mainteam name from G_parameter"
2023-01-30 10:08:44 I Polar get_multipickli "Digital Experience – Android don't find the mainteam name from G_parameter"
2023-01-30 10:08:46 I Polar get_multipickli "Digital Experience – IOS don't find the mainteam name from G_parameter"
2023-01-30 10:08:49 I Polar get_multipickli "Unassigned don't find the mainteam name from G_parameter"
2023-01-30 10:08:53 I Polar get_multipickli "Digital Experience – Android don't find the mainteam name from G_parameter"
2023-01-30 10:08:53 I Polar get_multipickli "Digital Experience – IOS don't find the mainteam name from G_parameter"
2023-01-30 10:09:01 I Polar get_multipickli "Digital Experience – Android don't find the mainteam name from G_parameter"
2023-01-30 10:09:01 I Polar get_multipickli "Digital Experience – IOS don't find the mainteam name from G_parameter"
2023-01-30 10:09:04 I Polar get_multipickli "Digital Experience – Android don't find the mainteam name from G_parameter"
2023-01-30 10:09:04 I Polar get_multipickli "Digital Experience – IOS don't find the mainteam name from G_parameter"
2023-01-30 10:12:37 I Polar get_multipickli "Unassigned don't find the mainteam name from G_parameter"
2023-01-30 10:12:40 I Polar get_multipickli "Unassigned don't find the mainteam name from G_parameter"
2023-01-30 10:12:51 I Polar get_multipickli "Unassigned don't find the mainteam name from G_parameter"
2023-01-30 10:14:41 I Polar get_multipickli "Unassigned don't find the mainteam name from G_parameter"
2023-01-30 10:14:51 I Polar get_multipickli "Unassigned don't find the mainteam name from G_parameter"
2023-01-30 10:16:44 I Polar get_multipickli "Unassigned don't find the mainteam name from G_parameter"
2023-01-30 10:16:49 I Polar get_multipickli "Unassigned don't find the mainteam name from G_parameter"
2023-01-30 10:16:53 I Polar get_multipickli "Unassigned don't find the mainteam name from G_parameter"
2023-01-30 10:16:59 I Polar get_multipickli "Unassigned don't find the mainteam name from G_parameter"
2023-01-30 10:17:02 I Polar get_multipickli "Unassigned don't find the mainteam name from G_parameter"
2023-01-30 10:17:10 I Polar get_multipickli "Unassigned don't find the mainteam name from G_parameter"
2023-01-30 10:18:49 I Polar get_multipickli "Digital Experience – Android don't find the mainteam name from G_parameter"
2023-01-30 10:18:49 I Polar get_multipickli "Digital Experience – IOS don't find the mainteam name from G_parameter"
2023-01-30 10:19:04 I Polar get_multipickli "Digital Experience – Android don't find the mainteam name from G_parameter"
2023-01-30 10:19:04 I Polar get_multipickli "Digital Experience – IOS don't find the mainteam name from G_parameter"
2023-01-30 10:19:25 I Polar get_multipickli "Digital Experience – Android don't find the mainteam name from G_parameter"
2023-01-30 10:19:25 I Polar get_multipickli "Digital Experience – IOS don't find the mainteam name from G_parameter"
2023-01-30 10:19:39 I Polar get_multipickli "Digital Experience – Android don't find the mainteam name from G_parameter"
2023-01-30 10:19:39 I Polar get_multipickli "Digital Experience – IOS don't find the mainteam name from G_parameter"
2023-01-30 10:20:03 I Polar get_multipickli "Digital Experience – Android don't find the mainteam name from G_parameter"
2023-01-30 10:20:03 I Polar get_multipickli "Digital Experience – IOS don't find the mainteam name from G_parameter"
2023-01-30 10:20:03 I Polar get_multipickli "Digital Experience – SDK don't find the mainteam name from G_parameter"
2023-01-30 10:20:10 I Polar get_multipickli "Unassigned don't find the mainteam name from G_parameter"
2023-01-30 10:21:07 I Polar get_multipickli "Unassigned don't find the mainteam name from G_parameter"
2023-01-30 10:21:22 I Polar get_multipickli "Unassigned don't find the mainteam name from G_parameter"
2023-01-30 10:21:25 I Polar get_multipickli "Digital Experience – Android don't find the mainteam name from G_parameter"
2023-01-30 10:21:25 I Polar get_multipickli "Digital Experience – IOS don't find the mainteam name from G_parameter"
2023-01-30 10:21:26 I Polar get_multipickli "Digital Experience – Android don't find the mainteam name from G_parameter"
2023-01-30 10:21:26 I Polar get_multipickli "Digital Experience – IOS don't find the mainteam name from G_parameter"
2023-01-30 10:21:28 I Polar get_multipickli "Digital Experience – Android don't find the mainteam name from G_parameter"
2023-01-30 10:21:28 I Polar get_multipickli "Digital Experience – IOS don't find the mainteam name from G_parameter"
2023-01-30 10:21:30 I Polar get_multipickli "Digital Experience – Android don't find the mainteam name from G_parameter"
2023-01-30 10:21:30 I Polar get_multipickli "Digital Experience – IOS don't find the mainteam name from G_parameter"
2023-01-30 10:21:33 I Polar get_multipickli "Digital Experience – Android don't find the mainteam name from G_parameter"
2023-01-30 10:21:33 I Polar get_multipickli "Digital Experience – IOS don't find the mainteam name from G_parameter"
2023-01-30 10:21:35 I Polar get_multipickli "Digital Experience – Android don't find the mainteam name from G_parameter"
2023-01-30 10:21:35 I Polar get_multipickli "Digital Experience – IOS don't find the mainteam name from G_parameter"
2023-01-30 10:21:38 I Polar get_multipickli "Digital Experience – Android don't find the mainteam name from G_parameter"
2023-01-30 10:21:38 I Polar get_multipickli "Digital Experience – IOS don't find the mainteam name from G_parameter"
2023-01-30 10:21:42 I Polar get_multipickli "Unassigned don't find the mainteam name from G_parameter"
2023-01-30 10:21:44 I Polar get_multipickli "Digital Experience – Android don't find the mainteam name from G_parameter"
2023-01-30 10:21:44 I Polar get_multipickli "Digital Experience – IOS don't find the mainteam name from G_parameter"
2023-01-30 10:21:46 I Polar get_multipickli "Digital Experience – Android don't find the mainteam name from G_parameter"
2023-01-30 10:21:48 I Polar get_multipickli "Digital Experience – Android don't find the mainteam name from G_parameter"
2023-01-30 10:21:50 I Polar get_multipickli "Digital Experience – Android don't find the mainteam name from G_parameter"
2023-01-30 10:21:52 I Polar get_multipickli "Digital Experience – Android don't find the mainteam name from G_parameter"
2023-01-30 10:21:54 I Polar get_multipickli "Digital Experience – Android don't find the mainteam name from G_parameter"
2023-01-30 10:21:56 I Polar get_multipickli "Digital Experience – Android don't find the mainteam name from G_parameter"
2023-01-30 10:22:35 I Polar Print           "DROP TABLE IF EXISTS allrequirements:successful"
2023-01-30 10:22:35 I Polar Print           "DROP TABLE IF EXISTS allcoverage:successful"
2023-01-30 10:22:35 I Polar Print           "CREATE TABLE IF NOT EXISTS requirements (                        rel TEXT, status TEXT, count INT, date TEXT) ENGINE=InnoDB DEFAULT CHARSET=utf8:successful"
2023-01-30 10:22:35 I Polar Print           "CREATE TABLE IF NOT EXISTS allrequirements (                        id INT, uniqueid TEXT, name TEXT, status TEXT, rel TEXT, upstream TEXT, downstream TEXT, team TEXT, test_status TEXT) ENGINE=InnoDB DEFAULT CHARSET=utf8:successful"
2023-01-30 10:22:35 I Polar Print           "CREATE TABLE IF NOT EXISTS coverage (                        team text, covered int, expected int, date text) ENGINE=InnoDB DEFAULT CHARSET=utf8:successful"
2023-01-30 10:22:35 I Polar Print           "CREATE TABLE IF NOT EXISTS allcoverage (                        id INT, uniqueid TEXT, name TEXT, status TEXT, rel TEXT, verify TEXT, missing TEXT) ENGINE=InnoDB DEFAULT CHARSET=utf8:successful"
2023-01-30 10:22:35 I Polar Print           "DELETE FROM requirements WHERE date='2023-01-30':successful"
2023-01-30 10:22:35 I Polar Print           "DELETE FROM coverage WHERE date='2023-01-30':successful"
2023-01-30 10:22:35 I Polar Print           "INSERT INTO requirements (rel, status, count, date) SELECT rel, status, count((@rn := @rn + 1)) as count, '2023-01-30' as date FROM allrequirements cross join (select @rn := 0) const GROUP BY rel, status:successful"
2023-01-30 10:22:35 I Polar Print           "CREATE TABLE IF NOT EXISTS feattest (rel TEXT, status TEXT, count TEXT, date TEXT) ENGINE=InnoDB DEFAULT CHARSET=utf8:successful"
2023-01-30 10:22:35 I Polar Print           "CREATE TABLE IF NOT EXISTS reqtest (rel TEXT, status TEXT, count TEXT, date TEXT) ENGINE=InnoDB DEFAULT CHARSET=utf8:successful"
2023-01-30 10:22:35 I Polar Print           "SELECT id FROM allfeatures:successful"
2023-01-30 10:22:35 I Polar Print           "SELECT id,upstream,downstream,team FROM allrequirements:successful"
2023-01-30 10:22:35 I Polar Print           "SELECT id FROM allcoverage:successful"
2023-01-30 10:22:35 I Polar Print           "SELECT * FROM testcases:successful"
