2023-01-27 09:31:39 I Pelic Print           "Connet 20625 successfully!!!"
2023-01-27 09:31:39 I Pelic Get_alltests    "Get project name:Pelican id:20625 all testplans"
2023-01-27 09:31:41 I Pelic Get_alltests    "{10332183: {'id': 10332183, 'name': 'HW Test Plan', 'archived': False, 'index': '10332183:HW Test Plan'}, 10329003: {'id': 10329003, 'name': 'Packaging Verification Plan', 'archived': False, 'index': '10329003:Packaging Verification Plan'}, 10183809: {'id': 10183809, 'name': 'Product Verification Test Plan', 'archived': False, 'index': '10183809:Product Verification Test Plan'}, 10219787: {'id': 10219787, 'name': 'Tonly SW Test Plan', 'archived': False, 'index': '10219787:Tonly SW Test Plan'}}"
2023-01-27 09:31:41 I Pelic Get_alltests    "Get project name:Pelican id:20625 all testplans successful!!!"
2023-01-27 09:35:56 I Pelic tidy_alltestcas "68"
2023-01-27 09:36:04 I Pelic Print           "DROP TABLE IF EXISTS testcases:successful"
2023-01-27 09:36:04 I Pelic Print           "CREATE TABLE IF NOT EXISTS testcases (                             testplan_id INT,                             testplan_name TEXT,                             testgroup_id INT,                             testgroup_name TEXT,                             testcycle_id INT,                             testcycle_name TEXT,                             rel TEXT,                             id INT,                             uniqueid TEXT,                             name TEXT,                             status TEXT,                             upstream TEXT,                             downstream TEXT,                             executionDate TEXT) ENGINE=InnoDB DEFAULT CHARSET=utf8:successful"
2023-01-27 09:36:04 I Pelic update_database "Insert testcases table successful"
2023-01-27 09:36:04 I Pelic Print           "CREATE TABLE IF NOT EXISTS tests (                             testplan_id INT,                             testplan_name TEXT,                             testplan_status TEXT,                             rel TEXT, status TEXT,                             count INT, date TEXT) ENGINE=InnoDB DEFAULT CHARSET=utf8:successful"
2023-01-27 09:36:04 I Pelic Print           "DELETE FROM tests WHERE date='2023-01-27':successful"
2023-01-27 09:36:04 I Pelic Print           "SELECT testplan_id FROM tests GROUP BY testplan_id:successful"
2023-01-27 09:36:04 I Pelic Print           "SELECT testplan_name FROM tests WHERE testplan_id=10332183 LIMIT 1:successful"
2023-01-27 09:36:04 I Pelic Print           "UPDATE tests SET testplan_status='Active' WHERE testplan_id=10332183:successful"
2023-01-27 09:36:04 I Pelic Print           "SELECT testplan_name FROM tests WHERE testplan_id=10329003 LIMIT 1:successful"
2023-01-27 09:36:04 I Pelic Print           "UPDATE tests SET testplan_status='Active' WHERE testplan_id=10329003:successful"
2023-01-27 09:36:04 I Pelic Print           "SELECT testplan_name FROM tests WHERE testplan_id=10183809 LIMIT 1:successful"
2023-01-27 09:36:04 I Pelic Print           "UPDATE tests SET testplan_status='Active' WHERE testplan_id=10183809:successful"
2023-01-27 09:36:04 I Pelic Print           "INSERT INTO tests (testplan_id, testplan_name, testplan_status, rel, status, count, date) SELECT testplan_id, testplan_name, 'Active' as testplan_status, rel, status, count((@rn := @rn + 1)) as count, '2023-01-27' as date FROM testcases cross join (select @rn := 0) const GROUP BY testplan_id, rel, status:successful"
2023-01-27 09:36:04 I Pelic update_database "Insert tests table successful"
2023-01-27 09:36:04 I Pelic Print           "CREATE TABLE IF NOT EXISTS testapproval (                                 rel TEXT, team TEXT, status TEXT, upstream TEXT, count INT, date TEXT                                 ) ENGINE=InnoDB DEFAULT CHARSET=utf8:successful"
2023-01-27 09:36:04 I Pelic Print           "DROP TABLE IF EXISTS alltestapproval:successful"
2023-01-27 09:36:04 I Pelic Print           "CREATE TABLE IF NOT EXISTS alltestapproval (                                 id INT, uniqueid TEXT, name TEXT, status TEXT, rel TEXT, team TEXT, upstream TEXT                                 ) ENGINE=InnoDB DEFAULT CHARSET=utf8:successful"
2023-01-27 09:36:04 I Pelic Print           "DELETE FROM testapproval WHERE date='2023-01-27':successful"
2023-01-27 09:36:04 I Pelic Print           "INSERT INTO testapproval (rel, team, status, count, date, upstream) SELECT rel, team, status, count((@rn := @rn + 1)) as count, '2023-01-27' as date, upstream FROM alltestapproval cross join (select @rn := 0) const GROUP BY rel, team, status, upstream:successful"
2023-01-27 09:36:17 I Pelic Get_allfeatuers "[{'id': 9783838, 'name': 'Rx MySound Calls', 'documentKey': 'pel-FEAT-28', 'statusId': 156412, 'status': 'Rejected'}, {'id': 10151959, 'name': 'Sound+ support', 'documentKey': 'pel-FEAT-738', 'statusId': 156410, 'status': 'Approved'}, {'id': 10285256, 'name': 'Technical info (summary)', 'documentKey': 'pel-FEAT-756', 'statusId': 156410, 'status': 'Approved'}, {'id': 10313492, 'name': 'Virtual Surround Sound control', 'documentKey': 'pel-FEAT-890', 'statusId': 156410, 'status': 'Approved'}, {'id': 9783792, 'name': 'Application Controlled Pairing (MFi)', 'documentKey': 'pel-FEAT-1', 'statusId': 156410, 'status': 'Approved'}, {'id': 9783794, 'name': 'Product Certification Markings via App (App only)', 'documentKey': 'pel-FEAT-3', 'statusId': 156410, 'status': 'Approved'}, {'id': 9783795, 'name': 'Product registration (App only)', 'documentKey': 'pel-FEAT-4', 'statusId': 156410, 'status': 'Approved'}, {'id': 9783796, 'name': 'Rate the device (App only)', 'documentKey': 'pel-FEAT-5', 'statusId': 156410, 'status': 'Approved'}, {'id': 10281768, 'name': 'Legal docs (App only)', 'documentKey': 'pel-FEAT-755', 'statusId': 156410, 'status': 'Approved'}, {'id': 9783803, 'name': 'User Audio Configuration', 'documentKey': 'pel-FEAT-11', 'statusId': 156410, 'status': 'Approved'}, {'id': 9783799, 'name': 'Music Performance (Rx)', 'documentKey': 'pel-FEAT-7', 'statusId': 156410, 'status': 'Approved'}, {'id': 9783800, 'name': 'Communication Performance (Rx)', 'documentKey': 'pel-FEAT-8', 'statusId': 156410, 'status': 'Approved'}, {'id': 9783802, 'name': 'Audio I/O', 'documentKey': 'pel-FEAT-10', 'statusId': 156410, 'status': 'Approved'}, {'id': 9783804, 'name': 'Rx Noise Cancellation Performance', 'documentKey': 'pel-FEAT-12', 'statusId': 156410, 'status': 'Approved'}, {'id': 9783805, 'name': 'Communication Performance (Tx)', 'documentKey': 'pel-FEAT-13', 'statusId': 156410, 'status': 'Approved'}, {'id': 9783806, 'name': 'IEC 62368  (Part 1) Acoustic Energy Radiation', 'documentKey': 'pel-FEAT-14', 'statusId': 156410, 'status': 'Approved'}, {'id': 9783807, 'name': 'UL 62368 (Part 1, 2nd Annex DVJ) Acoustic Pressure Limiting', 'documentKey': 'pel-FEAT-163', 'statusId': 156410, 'status': 'Approved'}, {'id': 9783808, 'name': 'Acoustic Protection', 'documentKey': 'pel-FEAT-15', 'statusId': 156410, 'status': 'Approved'}, {'id': 9783809, 'name': 'Internal Audio Requirements (Music, Headset)', 'documentKey': 'pel-FEAT-158', 'statusId': 156410, 'status': 'Approved'}, {'id': 9783811, 'name': 'Internal Audio Requirements (Communication, Headset)', 'documentKey': 'pel-FEAT-160', 'statusId': 156410, 'status': 'Approved'}, {'id': 9783814, 'name': 'Google Bisto Voice Assistance Certification - Audio (Draft)', 'documentKey': 'pel-FEAT-182', 'statusId': 156410, 'status': 'Approved'}, {'id': 9783821, 'name': 'Tx Equalization Filters', 'documentKey': 'pel-FEAT-18', 'statusId': 156410, 'status': 'Approved'}, {'id': 9783822, 'name': 'Tx User Mute', 'documentKey': 'pel-FEAT-19', 'statusId': 156410, 'status': 'Approved'}, {'id': 9783824, 'name': 'Tx Echo Canceller', 'documentKey': 'pel-FEAT-20', 'statusId': 156410, 'status': 'Approved'}, {'id': 9783830, 'name': 'Rx User Volume Control and Mute', 'documentKey': 'pel-FEAT-22', 'statusId': 156410, 'status': 'Approved'}, {'id': 9783832, 'name': 'Rx Equalization Filters', 'documentKey': 'pel-FEAT-25', 'statusId': 156410, 'status': 'Approved'}, {'id': 9783833, 'name': 'Rx Sound Prompt Player', 'documentKey': 'pel-FEAT-26', 'statusId': 156410, 'status': 'Approved'}, {'id': 9783835, 'name': 'Rx Hardlimiter', 'documentKey': 'pel-FEAT-157', 'statusId': 156410, 'status': 'Approved'}, {'id': 9783845, 'name': 'Audio over Bluetooth', 'documentKey': 'pel-FEAT-30', 'statusId': 156410, 'status': 'Approved'}, {'id': 9783846, 'name': 'BT A2DP - AAC Codec', 'documentKey': 'pel-FEAT-31', 'statusId': 156410, 'status': 'Approved'}, {'id': 9783847, 'name': 'BT A2DP - SBC Codec', 'documentKey': 'pel-FEAT-32', 'statusId': 156410, 'status': 'Approved'}, {'id': 9783848, 'name': 'BT SCO - mSBC Codec', 'documentKey': 'pel-FEAT-33', 'statusId': 156410, 'status': 'Approved'}, {'id': 9783855, 'name': 'Production Test Mode', 'documentKey': 'pel-FEAT-36', 'statusId': 156410, 'status': 'Approved'}, {'id': 9783856, 'name': 'Speaker Sensitivity Calibration', 'documentKey': 'pel-FEAT-37', 'statusId': 156410, 'status': 'Approved'}, {'id': 9783857, 'name': 'Microphone Sensitivity Calibration', 'documentKey': 'pel-FEAT-38', 'statusId': 156412, 'status': 'Rejected'}, {'id': 9831913, 'name': 'LE Audio Unicast', 'documentKey': 'pel-FEAT-598', 'statusId': 156410, 'status': 'Approved'}, {'id': 9831914, 'name': 'LE Audio Control', 'documentKey': 'pel-FEAT-599', 'statusId': 156410, 'status': 'Approved'}, {'id': 9831915, 'name': 'LE Audio Auracast Receiver', 'documentKey': 'pel-FEAT-600', 'statusId': 156410, 'status': 'Approved'}, {'id': 9831916, 'name': 'LE Audio Pairing', 'documentKey': 'pel-FEAT-601', 'statusId': 156410, 'status': 'Approved'}, {'id': 10123052, 'name': 'LE Audio TO BE RELEASED AFTER FCS - almost', 'documentKey': 'pel-FEAT-619', 'statusId': 156410, 'status': 'Approved'}, {'id': 9783870, 'name': 'ID Concept and Wearingstyle', 'documentKey': 'pel-FEAT-43', 'statusId': 156410, 'status': 'Approved'}, {'id': 9783871, 'name': 'Sustainability', 'documentKey': 'pel-FEAT-148', 'statusId': 156410, 'status': 'Approved'}, {'id': 9783872, 'name': 'USB Type-C interface', 'documentKey': 'pel-FEAT-44', 'statusId': 156410, 'status': 'Approved'}, {'id': 9783873, 'name': 'Weight', 'documentKey': 'pel-FEAT-45', 'statusId': 156410, 'status': 'Approved'}, {'id': 9783875, 'name': 'Accessories', 'documentKey': 'pel-FEAT-46', 'statusId': 156410, 'status': 'Approved'}, {'id': 9783877, 'name': 'Packaging', 'documentKey': 'pel-FEAT-47', 'statusId': 156410, 'status': 'Approved'}, {'id': 9783882, 'name': 'Battery performance', 'documentKey': 'pel-FEAT-50', 'statusId': 156410, 'status': 'Approved'}, {'id': 9783883, 'name': 'Charging', 'documentKey': 'pel-FEAT-51', 'statusId': 156410, 'status': 'Approved'}, {'id': 9783884, 'name': 'Conformance to Wireless Power Consortium (WPC)', 'documentKey': 'pel-FEAT-52', 'statusId': 156410, 'status': 'Approved'}, {'id': 9783885, 'name': 'Durability', 'documentKey': 'pel-FEAT-53', 'statusId': 156410, 'status': 'Approved'}, {'id': 9783886, 'name': 'Global Design Quality Standard', 'documentKey': 'pel-FEAT-54', 'statusId': 156410, 'status': 'Approved'}, {'id': 9783887, 'name': 'MFi certified', 'documentKey': 'pel-FEAT-55', 'statusId': 156410, 'status': 'Approved'}, {'id': 9783888, 'name': 'Range, wireless', 'documentKey': 'pel-FEAT-56', 'statusId': 156410, 'status': 'Approved'}, {'id': 9783889, 'name': 'Regulatory approvals', 'documentKey': 'pel-FEAT-57', 'statusId': 156410, 'status': 'Approved'}, {'id': 9783890, 'name': 'Sweat and water resistant', 'documentKey': 'pel-FEAT-58', 'statusId': 156410, 'status': 'Approved'}, {'id': 9783892, 'name': 'Device Tracking', 'documentKey': 'pel-FEAT-59', 'statusId': 156410, 'status': 'Approved'}, {'id': 9783894, 'name': 'Item tracking', 'documentKey': 'pel-FEAT-61', 'statusId': 156410, 'status': 'Approved'}, {'id': 9783895, 'name': 'Jabra production support', 'documentKey': 'pel-FEAT-62', 'statusId': 156410, 'status': 'Approved'}, {'id': 9783902, 'name': 'Bluetooth pairing', 'documentKey': 'pel-FEAT-69', 'statusId': 156410, 'status': 'Approved'}, {'id': 9783911, 'name': 'Bluetooth Multipoint ', 'documentKey': 'pel-FEAT-76', 'statusId': 156410, 'status': 'Approved'}, {'id': 9783914, 'name': 'PC Dongle', 'documentKey': 'pel-FEAT-79', 'statusId': 156410, 'status': 'Approved'}, {'id': 9783915, 'name': 'Platform', 'documentKey': 'pel-FEAT-80', 'statusId': 156410, 'status': 'Approved'}, {'id': 9783917, 'name': "Support for Mobile Communications App's", 'documentKey': 'pel-FEAT-82', 'statusId': 156410, 'status': 'Approved'}, {'id': 10099257, 'name': 'Support for Multiple Voice Assistants, wake word', 'documentKey': 'pel-FEAT-617', 'statusId': 156410, 'status': 'Approved'}, {'id': 9783923, 'name': 'Call management, Bluetooth', 'documentKey': 'pel-FEAT-87', 'statusId': 156410, 'status': 'Approved'}, {'id': 9783924, 'name': 'Connectivity Management', 'documentKey': 'pel-FEAT-153', 'statusId': 156410, 'status': 'Approved'}, {'id': 9783925, 'name': 'Ear-gel sealing test for TWS headsets', 'documentKey': 'pel-FEAT-95', 'statusId': 156410, 'status': 'Approved'}, {'id': 9783926, 'name': 'Eargels', 'documentKey': 'pel-FEAT-88', 'statusId': 156410, 'status': 'Approved'}, {'id': 9783927, 'name': 'Factory reset', 'documentKey': 'pel-FEAT-89', 'statusId': 156410, 'status': 'Approved'}, {'id': 9783930, 'name': 'Music streaming and control', 'documentKey': 'pel-FEAT-93', 'statusId': 156410, 'status': 'Approved'}, {'id': 9783932, 'name': 'Power off mode', 'documentKey': 'pel-FEAT-96', 'statusId': 156410, 'status': 'Approved'}, {'id': 9783933, 'name': 'Secure and Comfortable fit', 'documentKey': 'pel-FEAT-97', 'statusId': 156410, 'status': 'Approved'}, {'id': 10416990, 'name': 'Mute microphone', 'documentKey': 'pel-FEAT-897', 'statusId': 156410, 'status': 'Approved'}, {'id': 10416991, 'name': 'Mute reminder tones', 'documentKey': 'pel-FEAT-898', 'statusId': 156410, 'status': 'Approved'}, {'id': 10373339, 'name': 'Quick Start Guide and Manuals', 'documentKey': 'pel-FEAT-893', 'statusId': 156410, 'status': 'Approved'}, {'id': 10373340, 'name': 'Packaging', 'documentKey': 'pel-FEAT-894', 'statusId': 156410, 'status': 'Approved'}, {'id': 9783912, 'name': 'MySound - Hearing test in Sound+', 'documentKey': 'pel-FEAT-77', 'statusId': 156410, 'status': 'Approved'}, {'id': 9783839, 'name': 'Rx Audio Sealing test In-Ear', 'documentKey': 'pel-FEAT-27', 'statusId': 156410, 'status': 'Approved'}, {'id': 9783837, 'name': 'Rx MySound Music', 'documentKey': 'pel-FEAT-29', 'statusId': 156410, 'status': 'Approved'}, {'id': 9783913, 'name': 'MySound - Music mode', 'documentKey': 'pel-FEAT-78', 'statusId': 156410, 'status': 'Approved'}, {'id': 9783880, 'name': 'Wireless Charging Pad', 'documentKey': 'pel-FEAT-152', 'statusId': 156412, 'status': 'Rejected'}, {'id': 10311551, 'name': 'Auto hear through mode in mono use', 'documentKey': 'pel-FEAT-889', 'statusId': 156584, 'status': 'Proposal'}, {'id': 9783905, 'name': 'Customize Bluetooth name', 'documentKey': 'pel-FEAT-72', 'statusId': 156410, 'status': 'Approved'}]"
2023-01-27 09:36:17 I Pelic Print           "CREATE TABLE IF NOT EXISTS features (                                rel TEXT, status TEXT, count INT, date TEXT) ENGINE=InnoDB DEFAULT CHARSET=utf8:successful"
2023-01-27 09:36:17 I Pelic Print           "CREATE TABLE IF NOT EXISTS allfeatures (                                id INT, uniqueid TEXT, name TEXT, status TEXT, rel TEXT,test_status TEXT) ENGINE=InnoDB DEFAULT CHARSET=utf8:successful"
2023-01-27 09:36:17 I Pelic Print           "DELETE FROM features WHERE date='2023-01-27':successful"
2023-01-27 09:36:17 I Pelic Print           "DELETE FROM allfeatures WHERE id=21398459:successful"
2023-01-27 09:36:17 I Pelic Print           "DELETE FROM allfeatures WHERE id=21374475:successful"
2023-01-27 09:36:17 I Pelic Print           "DELETE FROM allfeatures WHERE id=21326408:successful"
2023-01-27 09:36:17 I Pelic Print           "DELETE FROM allfeatures WHERE id=21220586:successful"
2023-01-27 09:36:17 I Pelic Print           "DELETE FROM allfeatures WHERE id=21201181:successful"
2023-01-27 09:36:17 I Pelic Print           "DELETE FROM allfeatures WHERE id=21200646:successful"
2023-01-27 09:36:17 I Pelic Print           "DELETE FROM allfeatures WHERE id=21199769:successful"
2023-01-27 09:36:17 I Pelic Print           "DELETE FROM allfeatures WHERE id=21199428:successful"
2023-01-27 09:36:17 I Pelic Print           "DELETE FROM allfeatures WHERE id=21198558:successful"
2023-01-27 09:36:17 I Pelic Print           "DELETE FROM allfeatures WHERE id=21198534:successful"
2023-01-27 09:36:17 I Pelic Print           "DELETE FROM allfeatures WHERE id=21198289:successful"
2023-01-27 09:36:17 I Pelic Print           "DELETE FROM allfeatures WHERE id=21165167:successful"
2023-01-27 09:36:17 I Pelic Print           "DELETE FROM allfeatures WHERE id=21165157:successful"
2023-01-27 09:36:17 I Pelic Print           "DELETE FROM allfeatures WHERE id=20944440:successful"
2023-01-27 09:36:17 I Pelic Print           "DELETE FROM allfeatures WHERE id=20494242:successful"
2023-01-27 09:36:17 I Pelic Print           "DELETE FROM allfeatures WHERE id=20485782:successful"
2023-01-27 09:36:17 I Pelic Print           "DELETE FROM allfeatures WHERE id=20485558:successful"
2023-01-27 09:36:17 I Pelic Print           "DELETE FROM allfeatures WHERE id=20477465:successful"
2023-01-27 09:36:17 I Pelic Print           "DELETE FROM allfeatures WHERE id=20477231:successful"
2023-01-27 09:36:17 I Pelic Print           "DELETE FROM allfeatures WHERE id=20476941:successful"
2023-01-27 09:36:17 I Pelic Print           "DELETE FROM allfeatures WHERE id=20424968:successful"
2023-01-27 09:36:17 I Pelic Print           "DELETE FROM allfeatures WHERE id=20411798:successful"
2023-01-27 09:36:17 I Pelic Print           "DELETE FROM allfeatures WHERE id=20330590:successful"
2023-01-27 09:36:17 I Pelic Print           "DELETE FROM allfeatures WHERE id=20330589:successful"
2023-01-27 09:36:17 I Pelic Print           "DELETE FROM allfeatures WHERE id=20232016:successful"
2023-01-27 09:36:17 I Pelic Print           "DELETE FROM allfeatures WHERE id=9783838:successful"
2023-01-27 09:36:17 I Pelic Print           "DELETE FROM allfeatures WHERE id=10151959:successful"
2023-01-27 09:36:17 I Pelic Print           "DELETE FROM allfeatures WHERE id=10285256:successful"
2023-01-27 09:36:17 I Pelic Print           "DELETE FROM allfeatures WHERE id=10313492:successful"
2023-01-27 09:36:17 I Pelic Print           "DELETE FROM allfeatures WHERE id=9783792:successful"
2023-01-27 09:36:17 I Pelic Print           "DELETE FROM allfeatures WHERE id=9783794:successful"
2023-01-27 09:36:17 I Pelic Print           "DELETE FROM allfeatures WHERE id=9783795:successful"
2023-01-27 09:36:17 I Pelic Print           "DELETE FROM allfeatures WHERE id=9783796:successful"
2023-01-27 09:36:17 I Pelic Print           "DELETE FROM allfeatures WHERE id=10281768:successful"
2023-01-27 09:36:17 I Pelic Print           "DELETE FROM allfeatures WHERE id=9783803:successful"
2023-01-27 09:36:17 I Pelic Print           "DELETE FROM allfeatures WHERE id=9783799:successful"
2023-01-27 09:36:17 I Pelic Print           "DELETE FROM allfeatures WHERE id=9783800:successful"
2023-01-27 09:36:17 I Pelic Print           "DELETE FROM allfeatures WHERE id=9783802:successful"
2023-01-27 09:36:17 I Pelic Print           "DELETE FROM allfeatures WHERE id=9783804:successful"
2023-01-27 09:36:17 I Pelic Print           "DELETE FROM allfeatures WHERE id=9783805:successful"
2023-01-27 09:36:17 I Pelic Print           "DELETE FROM allfeatures WHERE id=9783806:successful"
2023-01-27 09:36:17 I Pelic Print           "DELETE FROM allfeatures WHERE id=9783807:successful"
2023-01-27 09:36:17 I Pelic Print           "DELETE FROM allfeatures WHERE id=9783808:successful"
2023-01-27 09:36:17 I Pelic Print           "DELETE FROM allfeatures WHERE id=9783809:successful"
2023-01-27 09:36:17 I Pelic Print           "DELETE FROM allfeatures WHERE id=9783811:successful"
2023-01-27 09:36:17 I Pelic Print           "DELETE FROM allfeatures WHERE id=9783814:successful"
2023-01-27 09:36:17 I Pelic Print           "DELETE FROM allfeatures WHERE id=9783821:successful"
2023-01-27 09:36:17 I Pelic Print           "DELETE FROM allfeatures WHERE id=9783822:successful"
2023-01-27 09:36:17 I Pelic Print           "DELETE FROM allfeatures WHERE id=9783824:successful"
2023-01-27 09:36:17 I Pelic Print           "DELETE FROM allfeatures WHERE id=9783830:successful"
2023-01-27 09:36:17 I Pelic Print           "DELETE FROM allfeatures WHERE id=9783832:successful"
2023-01-27 09:36:17 I Pelic Print           "DELETE FROM allfeatures WHERE id=9783833:successful"
2023-01-27 09:36:17 I Pelic Print           "DELETE FROM allfeatures WHERE id=9783835:successful"
2023-01-27 09:36:17 I Pelic Print           "DELETE FROM allfeatures WHERE id=9783845:successful"
2023-01-27 09:36:17 I Pelic Print           "DELETE FROM allfeatures WHERE id=9783846:successful"
2023-01-27 09:36:17 I Pelic Print           "DELETE FROM allfeatures WHERE id=9783847:successful"
2023-01-27 09:36:17 I Pelic Print           "DELETE FROM allfeatures WHERE id=9783848:successful"
2023-01-27 09:36:17 I Pelic Print           "DELETE FROM allfeatures WHERE id=9783855:successful"
2023-01-27 09:36:17 I Pelic Print           "DELETE FROM allfeatures WHERE id=9783856:successful"
2023-01-27 09:36:17 I Pelic Print           "DELETE FROM allfeatures WHERE id=9783857:successful"
2023-01-27 09:36:17 I Pelic Print           "DELETE FROM allfeatures WHERE id=9831913:successful"
2023-01-27 09:36:17 I Pelic Print           "DELETE FROM allfeatures WHERE id=9831914:successful"
2023-01-27 09:36:17 I Pelic Print           "DELETE FROM allfeatures WHERE id=9831915:successful"
2023-01-27 09:36:17 I Pelic Print           "DELETE FROM allfeatures WHERE id=9831916:successful"
2023-01-27 09:36:17 I Pelic Print           "DELETE FROM allfeatures WHERE id=10123052:successful"
2023-01-27 09:36:17 I Pelic Print           "DELETE FROM allfeatures WHERE id=9783870:successful"
2023-01-27 09:36:17 I Pelic Print           "DELETE FROM allfeatures WHERE id=9783871:successful"
2023-01-27 09:36:17 I Pelic Print           "DELETE FROM allfeatures WHERE id=9783872:successful"
2023-01-27 09:36:17 I Pelic Print           "DELETE FROM allfeatures WHERE id=9783873:successful"
2023-01-27 09:36:17 I Pelic Print           "DELETE FROM allfeatures WHERE id=9783875:successful"
2023-01-27 09:36:17 I Pelic Print           "DELETE FROM allfeatures WHERE id=9783877:successful"
2023-01-27 09:36:17 I Pelic Print           "DELETE FROM allfeatures WHERE id=9783882:successful"
2023-01-27 09:36:17 I Pelic Print           "DELETE FROM allfeatures WHERE id=9783883:successful"
2023-01-27 09:36:17 I Pelic Print           "DELETE FROM allfeatures WHERE id=9783884:successful"
2023-01-27 09:36:17 I Pelic Print           "DELETE FROM allfeatures WHERE id=9783885:successful"
2023-01-27 09:36:17 I Pelic Print           "DELETE FROM allfeatures WHERE id=9783886:successful"
2023-01-27 09:36:17 I Pelic Print           "DELETE FROM allfeatures WHERE id=9783887:successful"
2023-01-27 09:36:17 I Pelic Print           "DELETE FROM allfeatures WHERE id=9783888:successful"
2023-01-27 09:36:17 I Pelic Print           "DELETE FROM allfeatures WHERE id=9783889:successful"
2023-01-27 09:36:17 I Pelic Print           "DELETE FROM allfeatures WHERE id=9783890:successful"
2023-01-27 09:36:17 I Pelic Print           "DELETE FROM allfeatures WHERE id=9783892:successful"
2023-01-27 09:36:17 I Pelic Print           "DELETE FROM allfeatures WHERE id=9783894:successful"
2023-01-27 09:36:17 I Pelic Print           "DELETE FROM allfeatures WHERE id=9783895:successful"
2023-01-27 09:36:17 I Pelic Print           "DELETE FROM allfeatures WHERE id=9783902:successful"
2023-01-27 09:36:17 I Pelic Print           "DELETE FROM allfeatures WHERE id=9783911:successful"
2023-01-27 09:36:17 I Pelic Print           "DELETE FROM allfeatures WHERE id=9783914:successful"
2023-01-27 09:36:17 I Pelic Print           "DELETE FROM allfeatures WHERE id=9783915:successful"
2023-01-27 09:36:17 I Pelic Print           "DELETE FROM allfeatures WHERE id=9783917:successful"
2023-01-27 09:36:17 I Pelic Print           "DELETE FROM allfeatures WHERE id=10099257:successful"
2023-01-27 09:36:17 I Pelic Print           "DELETE FROM allfeatures WHERE id=9783923:successful"
2023-01-27 09:36:17 I Pelic Print           "DELETE FROM allfeatures WHERE id=9783924:successful"
2023-01-27 09:36:17 I Pelic Print           "DELETE FROM allfeatures WHERE id=9783925:successful"
2023-01-27 09:36:17 I Pelic Print           "DELETE FROM allfeatures WHERE id=9783926:successful"
2023-01-27 09:36:17 I Pelic Print           "DELETE FROM allfeatures WHERE id=9783927:successful"
2023-01-27 09:36:17 I Pelic Print           "DELETE FROM allfeatures WHERE id=9783930:successful"
2023-01-27 09:36:17 I Pelic Print           "DELETE FROM allfeatures WHERE id=9783932:successful"
2023-01-27 09:36:17 I Pelic Print           "DELETE FROM allfeatures WHERE id=9783933:successful"
2023-01-27 09:36:17 I Pelic Print           "DELETE FROM allfeatures WHERE id=10416990:successful"
2023-01-27 09:36:17 I Pelic Print           "DELETE FROM allfeatures WHERE id=10416991:successful"
2023-01-27 09:36:17 I Pelic Print           "DELETE FROM allfeatures WHERE id=10373339:successful"
2023-01-27 09:36:17 I Pelic Print           "DELETE FROM allfeatures WHERE id=10373340:successful"
2023-01-27 09:36:17 I Pelic Print           "DELETE FROM allfeatures WHERE id=9783912:successful"
2023-01-27 09:36:17 I Pelic Print           "DELETE FROM allfeatures WHERE id=9783839:successful"
2023-01-27 09:36:17 I Pelic Print           "DELETE FROM allfeatures WHERE id=9783837:successful"
2023-01-27 09:36:17 I Pelic Print           "DELETE FROM allfeatures WHERE id=9783913:successful"
2023-01-27 09:36:17 I Pelic Print           "DELETE FROM allfeatures WHERE id=9783880:successful"
2023-01-27 09:36:17 I Pelic Print           "DELETE FROM allfeatures WHERE id=10311551:successful"
2023-01-27 09:36:17 I Pelic Print           "DELETE FROM allfeatures WHERE id=9783905:successful"
2023-01-27 09:36:17 I Pelic Print           "INSERT INTO features (rel, status, count, date)                                 SELECT rel, status, count((@rn := @rn + 1)) as count, '2023-01-27' as date FROM allfeatures cross join (select @rn := 0) const GROUP BY rel, status:successful"
2023-01-27 09:36:18 I Pelic Get_allchangere "[]"
2023-01-27 09:36:18 I Pelic Print           "CREATE TABLE IF NOT EXISTS changes (                                 rel TEXT, status TEXT, priority TEXT,                                 requester TEXT, date TEXT, count INT) ENGINE=InnoDB DEFAULT CHARSET=utf8:successful"
2023-01-27 09:36:18 I Pelic Print           "CREATE TABLE IF NOT EXISTS allchanges (                                 id INT, uniqueid TEXT, name TEXT,                                 status TEXT, rel TEXT, priority TEXT,                                 requester TEXT) ENGINE=InnoDB DEFAULT CHARSET=utf8:successful"
2023-01-27 09:36:18 I Pelic Print           "DELETE FROM changes WHERE date='2023-01-27':successful"
2023-01-27 09:36:18 I Pelic Print           "INSERT INTO changes (                                 rel, status, priority, requester, date, count)                                 SELECT rel, status, priority, requester, '2023-01-27' as date, count((@rn := @rn + 1)) as count FROM allchanges                                 cross join (select @rn := 0) const GROUP BY rel, status, priority, requester:successful"
2023-01-27 09:36:20 I Pelic Print           "CREATE TABLE IF NOT EXISTS designspec (                            rel TEXT, team TEXT, status TEXT, count INT, date text) ENGINE=InnoDB DEFAULT CHARSET=utf8:successful"
2023-01-27 09:36:20 I Pelic Print           "CREATE TABLE IF NOT EXISTS alldesignspec (                             id INT, uniqueid TEXT, name TEXT, status TEXT, rel TEXT, team TEXT) ENGINE=InnoDB DEFAULT CHARSET=utf8:successful"
2023-01-27 09:36:20 I Pelic Print           "DELETE FROM designspec WHERE date='2023-01-27':successful"
2023-01-27 09:36:20 I Pelic Print           "INSERT INTO designspec (rel, team, status, count, date) SELECT rel, team, status, count((@rn := @rn + 1)) as count, '2023-01-27' as date FROM alldesignspec cross join (select @rn := 0) const GROUP BY rel, team, status:successful"
2023-01-27 09:36:24 I Pelic Get_alluserstor "[]"
2023-01-27 09:36:24 I Pelic Print           "CREATE TABLE IF NOT EXISTS userstories (                 rel TEXT, status TEXT, count INT, date TEXT) ENGINE=InnoDB DEFAULT CHARSET=utf8:successful"
2023-01-27 09:36:24 I Pelic Print           "CREATE TABLE IF NOT EXISTS alluserstories (                 id INT, uniqueid TEXT, name TEXT, status TEXT, rel TEXT) ENGINE=InnoDB DEFAULT CHARSET=utf8:successful"
2023-01-27 09:36:24 I Pelic Print           "DELETE FROM userstories WHERE date='2023-01-27':successful"
2023-01-27 09:36:24 I Pelic Print           "INSERT INTO userstories (rel, status, count, date) SELECT rel, status, count((@rn := @rn + 1)) as count, '2023-01-27' as date FROM alluserstories cross join (select @rn := 0) const GROUP BY rel, status:successful"
Traceback (most recent call last):
  File "E:\New Jira_Jama\Jama_jira_script\REST_Jama20201207.py", line 196, in fetch_data
    jamadata.Get_and_Save()
  File "E:\New Jira_Jama\Jama_jira_script\Subprogress.py", line 461, in Get_and_Save
    self.Get_alldefects()
  File "E:\New Jira_Jama\Jama_jira_script\Subprogress.py", line 606, in Get_alldefects
    self.P_changedefects =  self.get_change_defects(projectId, defects_type_id)
  File "E:\New Jira_Jama\Jama_jira_script\Subprogress.py", line 309, in get_change_defects
    callback=data_reshape.getChangeDefects, endless=True)
  File "E:\New Jira_Jama\Jama_jira_script\api\api_common.py", line 179, in getResource
    return callback(rawdatas,rawmeta)
  File "E:\New Jira_Jama\Jama_jira_script\data_reshape.py", line 429, in getChangeDefects
    "priorityId":item["fields"]["priority"], "priority":"","upstream":"","jira":jira})
UnboundLocalError: local variable 'jira' referenced before assignment
