2023-01-20 05:18:53 I Platf Print           "Connet 20396 successfully!!!"
2023-01-20 05:18:53 I Platf Get_alltests    "Get project name:Platform Audio id:20396 all testplans"
2023-01-20 05:19:02 I Platf Get_alltests    "{4048261: {'id': 4048261, 'name': 'Audio Test Plan', 'archived': False, 'index': '4048261:Audio Test Plan'}, 7371315: {'id': 7371315, 'name': 'Project Test Plan', 'archived': False, 'index': '7371315:Project Test Plan'}}"
2023-01-20 05:19:02 I Platf Get_alltests    "Get project name:Platform Audio id:20396 all testplans successful!!!"
2023-01-20 05:21:37 I Platf tidy_alltestcas "34"
2023-01-20 05:22:45 I Platf Print           "DROP TABLE IF EXISTS testcases:successful"
2023-01-20 05:22:45 I Platf Print           "CREATE TABLE IF NOT EXISTS testcases (                             testplan_id INT,                             testplan_name TEXT,                             testgroup_id INT,                             testgroup_name TEXT,                             testcycle_id INT,                             testcycle_name TEXT,                             rel TEXT,                             id INT,                             uniqueid TEXT,                             name TEXT,                             status TEXT,                             upstream TEXT,                             downstream TEXT,                             executionDate TEXT) ENGINE=InnoDB DEFAULT CHARSET=utf8:successful"
2023-01-20 05:22:47 I Platf update_database "Insert testcases table successful"
2023-01-20 05:22:47 I Platf Print           "CREATE TABLE IF NOT EXISTS tests (                             testplan_id INT,                             testplan_name TEXT,                             testplan_status TEXT,                             rel TEXT, status TEXT,                             count INT, date TEXT) ENGINE=InnoDB DEFAULT CHARSET=utf8:successful"
2023-01-20 05:22:47 I Platf Print           "DELETE FROM tests WHERE date='2023-01-20':successful"
2023-01-20 05:22:47 I Platf Print           "SELECT testplan_id FROM tests GROUP BY testplan_id:successful"
2023-01-20 05:22:48 I Platf Print           "SELECT testplan_name FROM tests WHERE testplan_id=4048261 LIMIT 1:successful"
2023-01-20 05:22:48 I Platf Print           "UPDATE tests SET testplan_status='Active' WHERE testplan_id=4048261:successful"
2023-01-20 05:22:48 I Platf Print           "SELECT testplan_name FROM tests WHERE testplan_id=7371315 LIMIT 1:successful"
2023-01-20 05:22:48 I Platf Print           "UPDATE tests SET testplan_status='Active' WHERE testplan_id=7371315:successful"
2023-01-20 05:22:48 I Platf Print           "INSERT INTO tests (testplan_id, testplan_name, testplan_status, rel, status, count, date) SELECT testplan_id, testplan_name, 'Active' as testplan_status, rel, status, count((@rn := @rn + 1)) as count, '2023-01-20' as date FROM testcases cross join (select @rn := 0) const GROUP BY testplan_id, rel, status:successful"
2023-01-20 05:22:48 I Platf update_database "Insert tests table successful"
2023-01-20 05:22:48 I Platf Print           "CREATE TABLE IF NOT EXISTS testapproval (                                 rel TEXT, team TEXT, status TEXT, upstream TEXT, count INT, date TEXT                                 ) ENGINE=InnoDB DEFAULT CHARSET=utf8:successful"
2023-01-20 05:22:50 I Platf Print           "DROP TABLE IF EXISTS alltestapproval:successful"
2023-01-20 05:22:50 I Platf Print           "CREATE TABLE IF NOT EXISTS alltestapproval (                                 id INT, uniqueid TEXT, name TEXT, status TEXT, rel TEXT, team TEXT, upstream TEXT                                 ) ENGINE=InnoDB DEFAULT CHARSET=utf8:successful"
2023-01-20 05:22:50 I Platf Print           "DELETE FROM testapproval WHERE date='2023-01-20':successful"
2023-01-20 05:22:50 I Platf Print           "INSERT INTO testapproval (rel, team, status, count, date, upstream) SELECT rel, team, status, count((@rn := @rn + 1)) as count, '2023-01-20' as date, upstream FROM alltestapproval cross join (select @rn := 0) const GROUP BY rel, team, status, upstream:successful"
2023-01-20 05:23:02 I Platf Get_allfeatuers "[]"
2023-01-20 05:23:02 I Platf Print           "CREATE TABLE IF NOT EXISTS features (                                rel TEXT, status TEXT, count INT, date TEXT) ENGINE=InnoDB DEFAULT CHARSET=utf8:successful"
2023-01-20 05:23:02 I Platf Print           "CREATE TABLE IF NOT EXISTS allfeatures (                                id INT, uniqueid TEXT, name TEXT, status TEXT, rel TEXT,test_status TEXT) ENGINE=InnoDB DEFAULT CHARSET=utf8:successful"
2023-01-20 05:23:02 I Platf Print           "DELETE FROM features WHERE date='2023-01-20':successful"
2023-01-20 05:23:02 I Platf Print           "DELETE FROM allfeatures WHERE id=19297583:successful"
2023-01-20 05:23:02 I Platf Print           "DELETE FROM allfeatures WHERE id=19296308:successful"
2023-01-20 05:23:02 I Platf Print           "DELETE FROM allfeatures WHERE id=19296302:successful"
2023-01-20 05:23:02 I Platf Print           "DELETE FROM allfeatures WHERE id=19296298:successful"
2023-01-20 05:23:02 I Platf Print           "DELETE FROM allfeatures WHERE id=19296162:successful"
2023-01-20 05:23:02 I Platf Print           "DELETE FROM allfeatures WHERE id=18903194:successful"
2023-01-20 05:23:02 I Platf Print           "DELETE FROM allfeatures WHERE id=18796457:successful"
2023-01-20 05:23:02 I Platf Print           "DELETE FROM allfeatures WHERE id=18796455:successful"
2023-01-20 05:23:02 I Platf Print           "DELETE FROM allfeatures WHERE id=18663833:successful"
2023-01-20 05:23:02 I Platf Print           "DELETE FROM allfeatures WHERE id=18651824:successful"
2023-01-20 05:23:02 I Platf Print           "DELETE FROM allfeatures WHERE id=18651805:successful"
2023-01-20 05:23:02 I Platf Print           "DELETE FROM allfeatures WHERE id=18453270:successful"
2023-01-20 05:23:02 I Platf Print           "DELETE FROM allfeatures WHERE id=18453268:successful"
2023-01-20 05:23:02 I Platf Print           "DELETE FROM allfeatures WHERE id=18453267:successful"
2023-01-20 05:23:02 I Platf Print           "DELETE FROM allfeatures WHERE id=18452234:successful"
2023-01-20 05:23:02 I Platf Print           "DELETE FROM allfeatures WHERE id=18452227:successful"
2023-01-20 05:23:02 I Platf Print           "DELETE FROM allfeatures WHERE id=18451958:successful"
2023-01-20 05:23:02 I Platf Print           "DELETE FROM allfeatures WHERE id=18451870:successful"
2023-01-20 05:23:02 I Platf Print           "DELETE FROM allfeatures WHERE id=18449929:successful"
2023-01-20 05:23:02 I Platf Print           "DELETE FROM allfeatures WHERE id=18449928:successful"
2023-01-20 05:23:02 I Platf Print           "DELETE FROM allfeatures WHERE id=18441742:successful"
2023-01-20 05:23:02 I Platf Print           "DELETE FROM allfeatures WHERE id=18280213:successful"
2023-01-20 05:23:02 I Platf Print           "DELETE FROM allfeatures WHERE id=17887413:successful"
2023-01-20 05:23:02 I Platf Print           "DELETE FROM allfeatures WHERE id=17860490:successful"
2023-01-20 05:23:02 I Platf Print           "DELETE FROM allfeatures WHERE id=17270642:successful"
2023-01-20 05:23:02 I Platf Print           "DELETE FROM allfeatures WHERE id=17199767:successful"
2023-01-20 05:23:02 I Platf Print           "DELETE FROM allfeatures WHERE id=16818154:successful"
2023-01-20 05:23:02 I Platf Print           "DELETE FROM allfeatures WHERE id=16797442:successful"
2023-01-20 05:23:02 I Platf Print           "DELETE FROM allfeatures WHERE id=16797198:successful"
2023-01-20 05:23:02 I Platf Print           "DELETE FROM allfeatures WHERE id=16716069:successful"
2023-01-20 05:23:02 I Platf Print           "DELETE FROM allfeatures WHERE id=16716065:successful"
2023-01-20 05:23:02 I Platf Print           "DELETE FROM allfeatures WHERE id=16668586:successful"
2023-01-20 05:23:02 I Platf Print           "DELETE FROM allfeatures WHERE id=15659508:successful"
2023-01-20 05:23:02 I Platf Print           "DELETE FROM allfeatures WHERE id=14776629:successful"
2023-01-20 05:23:02 I Platf Print           "DELETE FROM allfeatures WHERE id=13999176:successful"
2023-01-20 05:23:02 I Platf Print           "DELETE FROM allfeatures WHERE id=13927665:successful"
2023-01-20 05:23:02 I Platf Print           "DELETE FROM allfeatures WHERE id=13847532:successful"
2023-01-20 05:23:02 I Platf Print           "DELETE FROM allfeatures WHERE id=13772670:successful"
2023-01-20 05:23:02 I Platf Print           "DELETE FROM allfeatures WHERE id=13591098:successful"
2023-01-20 05:23:02 I Platf Print           "DELETE FROM allfeatures WHERE id=10319781:successful"
2023-01-20 05:23:02 I Platf Print           "DELETE FROM allfeatures WHERE id=9873450:successful"
2023-01-20 05:23:02 I Platf Print           "DELETE FROM allfeatures WHERE id=8880511:successful"
2023-01-20 05:23:02 I Platf Print           "DELETE FROM allfeatures WHERE id=8880508:successful"
2023-01-20 05:23:02 I Platf Print           "DELETE FROM allfeatures WHERE id=8880019:successful"
2023-01-20 05:23:02 I Platf Print           "DELETE FROM allfeatures WHERE id=8623168:successful"
2023-01-20 05:23:02 I Platf Print           "DELETE FROM allfeatures WHERE id=8590906:successful"
2023-01-20 05:23:02 I Platf Print           "DELETE FROM allfeatures WHERE id=7585397:successful"
2023-01-20 05:23:02 I Platf Print           "DELETE FROM allfeatures WHERE id=7585396:successful"
2023-01-20 05:23:02 I Platf Print           "DELETE FROM allfeatures WHERE id=7585395:successful"
2023-01-20 05:23:03 I Platf Print           "DELETE FROM allfeatures WHERE id=7528980:successful"
2023-01-20 05:23:03 I Platf Print           "DELETE FROM allfeatures WHERE id=7296886:successful"
2023-01-20 05:23:03 I Platf Print           "DELETE FROM allfeatures WHERE id=7166233:successful"
2023-01-20 05:23:03 I Platf Print           "DELETE FROM allfeatures WHERE id=7163196:successful"
2023-01-20 05:23:03 I Platf Print           "DELETE FROM allfeatures WHERE id=7163195:successful"
2023-01-20 05:23:03 I Platf Print           "DELETE FROM allfeatures WHERE id=7100343:successful"
2023-01-20 05:23:03 I Platf Print           "INSERT INTO features (rel, status, count, date)                                 SELECT rel, status, count((@rn := @rn + 1)) as count, '2023-01-20' as date FROM allfeatures cross join (select @rn := 0) const GROUP BY rel, status:successful"
2023-01-20 05:23:03 I Platf Get_allchangere "[]"
2023-01-20 05:23:03 I Platf Print           "CREATE TABLE IF NOT EXISTS changes (                                 rel TEXT, status TEXT, priority TEXT,                                 requester TEXT, date TEXT, count INT) ENGINE=InnoDB DEFAULT CHARSET=utf8:successful"
2023-01-20 05:23:03 I Platf Print           "CREATE TABLE IF NOT EXISTS allchanges (                                 id INT, uniqueid TEXT, name TEXT,                                 status TEXT, rel TEXT, priority TEXT,                                 requester TEXT) ENGINE=InnoDB DEFAULT CHARSET=utf8:successful"
2023-01-20 05:23:03 I Platf Print           "DELETE FROM changes WHERE date='2023-01-20':successful"
2023-01-20 05:23:03 I Platf Print           "INSERT INTO changes (                                 rel, status, priority, requester, date, count)                                 SELECT rel, status, priority, requester, '2023-01-20' as date, count((@rn := @rn + 1)) as count FROM allchanges                                 cross join (select @rn := 0) const GROUP BY rel, status, priority, requester:successful"
2023-01-20 05:23:04 I Platf Print           "CREATE TABLE IF NOT EXISTS designspec (                            rel TEXT, team TEXT, status TEXT, count INT, date text) ENGINE=InnoDB DEFAULT CHARSET=utf8:successful"
2023-01-20 05:23:04 I Platf Print           "CREATE TABLE IF NOT EXISTS alldesignspec (                             id INT, uniqueid TEXT, name TEXT, status TEXT, rel TEXT, team TEXT) ENGINE=InnoDB DEFAULT CHARSET=utf8:successful"
2023-01-20 05:23:04 I Platf Print           "DELETE FROM designspec WHERE date='2023-01-20':successful"
2023-01-20 05:23:04 I Platf Print           "DELETE FROM alldesignspec WHERE id=8674542:successful"
2023-01-20 05:23:04 I Platf Print           "DELETE FROM alldesignspec WHERE id=9471646:successful"
2023-01-20 05:23:04 I Platf Print           "INSERT INTO designspec (rel, team, status, count, date) SELECT rel, team, status, count((@rn := @rn + 1)) as count, '2023-01-20' as date FROM alldesignspec cross join (select @rn := 0) const GROUP BY rel, team, status:successful"
2023-01-20 05:23:07 I Platf Get_alluserstor "[]"
2023-01-20 05:23:07 I Platf Print           "CREATE TABLE IF NOT EXISTS userstories (                 rel TEXT, status TEXT, count INT, date TEXT) ENGINE=InnoDB DEFAULT CHARSET=utf8:successful"
2023-01-20 05:23:07 I Platf Print           "CREATE TABLE IF NOT EXISTS alluserstories (                 id INT, uniqueid TEXT, name TEXT, status TEXT, rel TEXT) ENGINE=InnoDB DEFAULT CHARSET=utf8:successful"
2023-01-20 05:23:07 I Platf Print           "DELETE FROM userstories WHERE date='2023-01-20':successful"
2023-01-20 05:23:07 I Platf Print           "INSERT INTO userstories (rel, status, count, date) SELECT rel, status, count((@rn := @rn + 1)) as count, '2023-01-20' as date FROM alluserstories cross join (select @rn := 0) const GROUP BY rel, status:successful"
2023-01-20 05:23:14 I Platf Get_alldefects  "[]"
2023-01-20 05:23:14 I Platf Print           "CREATE TABLE IF NOT EXISTS defects (                     rel TEXT, team TEXT, status TEXT, priority TEXT, count INT, date TEXT) ENGINE=InnoDB DEFAULT CHARSET=utf8:successful"
2023-01-20 05:23:14 I Platf Print           "CREATE TABLE IF NOT EXISTS alldefects (                     id INT, uniqueid TEXT, name TEXT, status TEXT, rel TEXT, team TEXT, priority TEXT, jira TEXT, upstream TEXT) ENGINE=InnoDB DEFAULT CHARSET=utf8:successful"
2023-01-20 05:23:14 I Platf Print           "DELETE FROM defects WHERE date='2023-01-20':successful"
2023-01-20 05:23:14 I Platf Print           "INSERT INTO defects (rel, team, status, count, date, priority) SELECT rel, team, status, count((@rn := @rn + 1)) as count, '2023-01-20' as date, priority FROM alldefects cross join (select @rn := 0) const GROUP BY rel, team, status, priority:successful"
2023-01-20 05:31:20 I Platf get_multipickli "Unassigned don't find the mainteam name from G_parameter"
2023-01-20 05:31:40 I Platf get_multipickli "Unassigned don't find the mainteam name from G_parameter"
2023-01-20 05:36:42 I Platf get_multipickli "Unassigned don't find the mainteam name from G_parameter"
2023-01-20 05:49:41 I Platf Print           "Connet 20396 successfully!!!"
2023-01-20 05:49:41 I Platf Get_alltests    "Get project name:Platform Audio id:20396 all testplans"
2023-01-20 05:49:57 I Platf Get_alltests    "{4048261: {'id': 4048261, 'name': 'Audio Test Plan', 'archived': False, 'index': '4048261:Audio Test Plan'}, 7371315: {'id': 7371315, 'name': 'Project Test Plan', 'archived': False, 'index': '7371315:Project Test Plan'}}"
2023-01-20 05:49:57 I Platf Get_alltests    "Get project name:Platform Audio id:20396 all testplans successful!!!"
2023-01-20 05:52:34 I Platf tidy_alltestcas "34"
2023-01-20 05:53:04 I Platf Print           "DROP TABLE IF EXISTS testcases:successful"
2023-01-20 05:53:04 I Platf Print           "CREATE TABLE IF NOT EXISTS testcases (                             testplan_id INT,                             testplan_name TEXT,                             testgroup_id INT,                             testgroup_name TEXT,                             testcycle_id INT,                             testcycle_name TEXT,                             rel TEXT,                             id INT,                             uniqueid TEXT,                             name TEXT,                             status TEXT,                             upstream TEXT,                             downstream TEXT,                             executionDate TEXT) ENGINE=InnoDB DEFAULT CHARSET=utf8:successful"
2023-01-20 05:53:04 I Platf update_database "Insert testcases table successful"
2023-01-20 05:53:04 I Platf Print           "CREATE TABLE IF NOT EXISTS tests (                             testplan_id INT,                             testplan_name TEXT,                             testplan_status TEXT,                             rel TEXT, status TEXT,                             count INT, date TEXT) ENGINE=InnoDB DEFAULT CHARSET=utf8:successful"
2023-01-20 05:53:04 I Platf Print           "DELETE FROM tests WHERE date='2023-01-20':successful"
2023-01-20 05:53:04 I Platf Print           "SELECT testplan_id FROM tests GROUP BY testplan_id:successful"
2023-01-20 05:53:04 I Platf Print           "SELECT testplan_name FROM tests WHERE testplan_id=4048261 LIMIT 1:successful"
2023-01-20 05:53:04 I Platf Print           "UPDATE tests SET testplan_status='Active' WHERE testplan_id=4048261:successful"
2023-01-20 05:53:04 I Platf Print           "SELECT testplan_name FROM tests WHERE testplan_id=7371315 LIMIT 1:successful"
2023-01-20 05:53:04 I Platf Print           "UPDATE tests SET testplan_status='Active' WHERE testplan_id=7371315:successful"
2023-01-20 05:53:04 I Platf Print           "INSERT INTO tests (testplan_id, testplan_name, testplan_status, rel, status, count, date) SELECT testplan_id, testplan_name, 'Active' as testplan_status, rel, status, count((@rn := @rn + 1)) as count, '2023-01-20' as date FROM testcases cross join (select @rn := 0) const GROUP BY testplan_id, rel, status:successful"
2023-01-20 05:53:04 I Platf update_database "Insert tests table successful"
2023-01-20 05:53:04 I Platf Print           "CREATE TABLE IF NOT EXISTS testapproval (                                 rel TEXT, team TEXT, status TEXT, upstream TEXT, count INT, date TEXT                                 ) ENGINE=InnoDB DEFAULT CHARSET=utf8:successful"
2023-01-20 05:53:04 I Platf Print           "DROP TABLE IF EXISTS alltestapproval:successful"
2023-01-20 05:53:04 I Platf Print           "CREATE TABLE IF NOT EXISTS alltestapproval (                                 id INT, uniqueid TEXT, name TEXT, status TEXT, rel TEXT, team TEXT, upstream TEXT                                 ) ENGINE=InnoDB DEFAULT CHARSET=utf8:successful"
2023-01-20 05:53:04 I Platf Print           "DELETE FROM testapproval WHERE date='2023-01-20':successful"
2023-01-20 05:53:04 I Platf Print           "INSERT INTO testapproval (rel, team, status, count, date, upstream) SELECT rel, team, status, count((@rn := @rn + 1)) as count, '2023-01-20' as date, upstream FROM alltestapproval cross join (select @rn := 0) const GROUP BY rel, team, status, upstream:successful"
2023-01-20 05:53:19 I Platf Get_allfeatuers "[]"
2023-01-20 05:53:19 I Platf Print           "CREATE TABLE IF NOT EXISTS features (                                rel TEXT, status TEXT, count INT, date TEXT) ENGINE=InnoDB DEFAULT CHARSET=utf8:successful"
2023-01-20 05:53:19 I Platf Print           "CREATE TABLE IF NOT EXISTS allfeatures (                                id INT, uniqueid TEXT, name TEXT, status TEXT, rel TEXT,test_status TEXT) ENGINE=InnoDB DEFAULT CHARSET=utf8:successful"
2023-01-20 05:53:19 I Platf Print           "DELETE FROM features WHERE date='2023-01-20':successful"
2023-01-20 05:53:19 I Platf Print           "DELETE FROM allfeatures WHERE id=19297583:successful"
2023-01-20 05:53:19 I Platf Print           "DELETE FROM allfeatures WHERE id=19296308:successful"
2023-01-20 05:53:19 I Platf Print           "DELETE FROM allfeatures WHERE id=19296302:successful"
2023-01-20 05:53:19 I Platf Print           "DELETE FROM allfeatures WHERE id=19296298:successful"
2023-01-20 05:53:19 I Platf Print           "DELETE FROM allfeatures WHERE id=19296162:successful"
2023-01-20 05:53:19 I Platf Print           "DELETE FROM allfeatures WHERE id=18903194:successful"
2023-01-20 05:53:19 I Platf Print           "DELETE FROM allfeatures WHERE id=18796457:successful"
2023-01-20 05:53:19 I Platf Print           "DELETE FROM allfeatures WHERE id=18796455:successful"
2023-01-20 05:53:19 I Platf Print           "DELETE FROM allfeatures WHERE id=18663833:successful"
2023-01-20 05:53:19 I Platf Print           "DELETE FROM allfeatures WHERE id=18651824:successful"
2023-01-20 05:53:19 I Platf Print           "DELETE FROM allfeatures WHERE id=18651805:successful"
2023-01-20 05:53:19 I Platf Print           "DELETE FROM allfeatures WHERE id=18453270:successful"
2023-01-20 05:53:19 I Platf Print           "DELETE FROM allfeatures WHERE id=18453268:successful"
2023-01-20 05:53:19 I Platf Print           "DELETE FROM allfeatures WHERE id=18453267:successful"
2023-01-20 05:53:19 I Platf Print           "DELETE FROM allfeatures WHERE id=18452234:successful"
2023-01-20 05:53:19 I Platf Print           "DELETE FROM allfeatures WHERE id=18452227:successful"
2023-01-20 05:53:19 I Platf Print           "DELETE FROM allfeatures WHERE id=18451958:successful"
2023-01-20 05:53:19 I Platf Print           "DELETE FROM allfeatures WHERE id=18451870:successful"
2023-01-20 05:53:19 I Platf Print           "DELETE FROM allfeatures WHERE id=18449929:successful"
2023-01-20 05:53:19 I Platf Print           "DELETE FROM allfeatures WHERE id=18449928:successful"
2023-01-20 05:53:19 I Platf Print           "DELETE FROM allfeatures WHERE id=18441742:successful"
2023-01-20 05:53:19 I Platf Print           "DELETE FROM allfeatures WHERE id=18280213:successful"
2023-01-20 05:53:19 I Platf Print           "DELETE FROM allfeatures WHERE id=17887413:successful"
2023-01-20 05:53:19 I Platf Print           "DELETE FROM allfeatures WHERE id=17860490:successful"
2023-01-20 05:53:19 I Platf Print           "DELETE FROM allfeatures WHERE id=17270642:successful"
2023-01-20 05:53:19 I Platf Print           "DELETE FROM allfeatures WHERE id=17199767:successful"
2023-01-20 05:53:19 I Platf Print           "DELETE FROM allfeatures WHERE id=16818154:successful"
2023-01-20 05:53:19 I Platf Print           "DELETE FROM allfeatures WHERE id=16797442:successful"
2023-01-20 05:53:19 I Platf Print           "DELETE FROM allfeatures WHERE id=16797198:successful"
2023-01-20 05:53:19 I Platf Print           "DELETE FROM allfeatures WHERE id=16716069:successful"
2023-01-20 05:53:19 I Platf Print           "DELETE FROM allfeatures WHERE id=16716065:successful"
2023-01-20 05:53:19 I Platf Print           "DELETE FROM allfeatures WHERE id=16668586:successful"
2023-01-20 05:53:19 I Platf Print           "DELETE FROM allfeatures WHERE id=15659508:successful"
2023-01-20 05:53:19 I Platf Print           "DELETE FROM allfeatures WHERE id=14776629:successful"
2023-01-20 05:53:19 I Platf Print           "DELETE FROM allfeatures WHERE id=13999176:successful"
2023-01-20 05:53:19 I Platf Print           "DELETE FROM allfeatures WHERE id=13927665:successful"
2023-01-20 05:53:19 I Platf Print           "DELETE FROM allfeatures WHERE id=13847532:successful"
2023-01-20 05:53:19 I Platf Print           "DELETE FROM allfeatures WHERE id=13772670:successful"
2023-01-20 05:53:19 I Platf Print           "DELETE FROM allfeatures WHERE id=13591098:successful"
2023-01-20 05:53:19 I Platf Print           "DELETE FROM allfeatures WHERE id=10319781:successful"
2023-01-20 05:53:19 I Platf Print           "DELETE FROM allfeatures WHERE id=9873450:successful"
2023-01-20 05:53:19 I Platf Print           "DELETE FROM allfeatures WHERE id=8880511:successful"
2023-01-20 05:53:19 I Platf Print           "DELETE FROM allfeatures WHERE id=8880508:successful"
2023-01-20 05:53:19 I Platf Print           "DELETE FROM allfeatures WHERE id=8880019:successful"
2023-01-20 05:53:19 I Platf Print           "DELETE FROM allfeatures WHERE id=8623168:successful"
2023-01-20 05:53:19 I Platf Print           "DELETE FROM allfeatures WHERE id=8590906:successful"
2023-01-20 05:53:19 I Platf Print           "DELETE FROM allfeatures WHERE id=7585397:successful"
2023-01-20 05:53:19 I Platf Print           "DELETE FROM allfeatures WHERE id=7585396:successful"
2023-01-20 05:53:19 I Platf Print           "DELETE FROM allfeatures WHERE id=7585395:successful"
2023-01-20 05:53:19 I Platf Print           "DELETE FROM allfeatures WHERE id=7528980:successful"
2023-01-20 05:53:19 I Platf Print           "DELETE FROM allfeatures WHERE id=7296886:successful"
2023-01-20 05:53:19 I Platf Print           "DELETE FROM allfeatures WHERE id=7166233:successful"
2023-01-20 05:53:19 I Platf Print           "DELETE FROM allfeatures WHERE id=7163196:successful"
2023-01-20 05:53:19 I Platf Print           "DELETE FROM allfeatures WHERE id=7163195:successful"
2023-01-20 05:53:19 I Platf Print           "DELETE FROM allfeatures WHERE id=7100343:successful"
2023-01-20 05:53:19 I Platf Print           "INSERT INTO features (rel, status, count, date)                                 SELECT rel, status, count((@rn := @rn + 1)) as count, '2023-01-20' as date FROM allfeatures cross join (select @rn := 0) const GROUP BY rel, status:successful"
2023-01-20 05:53:24 I Platf Get_allchangere "[]"
2023-01-20 05:53:24 I Platf Print           "CREATE TABLE IF NOT EXISTS changes (                                 rel TEXT, status TEXT, priority TEXT,                                 requester TEXT, date TEXT, count INT) ENGINE=InnoDB DEFAULT CHARSET=utf8:successful"
2023-01-20 05:53:24 I Platf Print           "CREATE TABLE IF NOT EXISTS allchanges (                                 id INT, uniqueid TEXT, name TEXT,                                 status TEXT, rel TEXT, priority TEXT,                                 requester TEXT) ENGINE=InnoDB DEFAULT CHARSET=utf8:successful"
2023-01-20 05:53:24 I Platf Print           "DELETE FROM changes WHERE date='2023-01-20':successful"
2023-01-20 05:53:24 I Platf Print           "INSERT INTO changes (                                 rel, status, priority, requester, date, count)                                 SELECT rel, status, priority, requester, '2023-01-20' as date, count((@rn := @rn + 1)) as count FROM allchanges                                 cross join (select @rn := 0) const GROUP BY rel, status, priority, requester:successful"
2023-01-20 05:53:30 I Platf Print           "CREATE TABLE IF NOT EXISTS designspec (                            rel TEXT, team TEXT, status TEXT, count INT, date text) ENGINE=InnoDB DEFAULT CHARSET=utf8:successful"
2023-01-20 05:53:30 I Platf Print           "CREATE TABLE IF NOT EXISTS alldesignspec (                             id INT, uniqueid TEXT, name TEXT, status TEXT, rel TEXT, team TEXT) ENGINE=InnoDB DEFAULT CHARSET=utf8:successful"
2023-01-20 05:53:30 I Platf Print           "DELETE FROM designspec WHERE date='2023-01-20':successful"
2023-01-20 05:53:30 I Platf Print           "DELETE FROM alldesignspec WHERE id=8674542:successful"
2023-01-20 05:53:30 I Platf Print           "DELETE FROM alldesignspec WHERE id=9471646:successful"
2023-01-20 05:53:30 I Platf Print           "INSERT INTO designspec (rel, team, status, count, date) SELECT rel, team, status, count((@rn := @rn + 1)) as count, '2023-01-20' as date FROM alldesignspec cross join (select @rn := 0) const GROUP BY rel, team, status:successful"
2023-01-20 05:53:40 I Platf Get_alluserstor "[]"
2023-01-20 05:53:40 I Platf Print           "CREATE TABLE IF NOT EXISTS userstories (                 rel TEXT, status TEXT, count INT, date TEXT) ENGINE=InnoDB DEFAULT CHARSET=utf8:successful"
2023-01-20 05:53:40 I Platf Print           "CREATE TABLE IF NOT EXISTS alluserstories (                 id INT, uniqueid TEXT, name TEXT, status TEXT, rel TEXT) ENGINE=InnoDB DEFAULT CHARSET=utf8:successful"
2023-01-20 05:53:40 I Platf Print           "DELETE FROM userstories WHERE date='2023-01-20':successful"
2023-01-20 05:53:40 I Platf Print           "INSERT INTO userstories (rel, status, count, date) SELECT rel, status, count((@rn := @rn + 1)) as count, '2023-01-20' as date FROM alluserstories cross join (select @rn := 0) const GROUP BY rel, status:successful"
2023-01-20 05:53:49 I Platf Get_alldefects  "[]"
2023-01-20 05:53:49 I Platf Print           "CREATE TABLE IF NOT EXISTS defects (                     rel TEXT, team TEXT, status TEXT, priority TEXT, count INT, date TEXT) ENGINE=InnoDB DEFAULT CHARSET=utf8:successful"
2023-01-20 05:53:49 I Platf Print           "CREATE TABLE IF NOT EXISTS alldefects (                     id INT, uniqueid TEXT, name TEXT, status TEXT, rel TEXT, team TEXT, priority TEXT, jira TEXT, upstream TEXT) ENGINE=InnoDB DEFAULT CHARSET=utf8:successful"
2023-01-20 05:53:49 I Platf Print           "DELETE FROM defects WHERE date='2023-01-20':successful"
2023-01-20 05:53:49 I Platf Print           "INSERT INTO defects (rel, team, status, count, date, priority) SELECT rel, team, status, count((@rn := @rn + 1)) as count, '2023-01-20' as date, priority FROM alldefects cross join (select @rn := 0) const GROUP BY rel, team, status, priority:successful"
2023-01-20 05:55:29 I Platf get_multipickli "Unassigned don't find the mainteam name from G_parameter"
2023-01-20 05:55:56 I Platf get_multipickli "Unassigned don't find the mainteam name from G_parameter"
2023-01-20 05:56:30 I Platf get_multipickli "Unassigned don't find the mainteam name from G_parameter"
2023-01-20 05:56:52 I Platf get_multipickli "Unassigned don't find the mainteam name from G_parameter"
2023-01-20 05:57:13 I Platf get_multipickli "Unassigned don't find the mainteam name from G_parameter"
2023-01-20 05:57:35 I Platf get_multipickli "Unassigned don't find the mainteam name from G_parameter"
2023-01-20 05:58:01 I Platf get_multipickli "Unassigned don't find the mainteam name from G_parameter"
2023-01-20 05:58:25 I Platf get_multipickli "Unassigned don't find the mainteam name from G_parameter"
2023-01-20 06:04:42 I Platf get_multipickli "Unassigned don't find the mainteam name from G_parameter"
2023-01-20 06:04:54 I Platf get_multipickli "Unassigned don't find the mainteam name from G_parameter"
2023-01-20 06:08:42 I Platf get_multipickli "Unassigned don't find the mainteam name from G_parameter"
2023-01-20 06:17:55 I Platf get_multipickli "Unassigned don't find the mainteam name from G_parameter"
2023-01-20 06:18:03 I Platf get_multipickli "Unassigned don't find the mainteam name from G_parameter"
2023-01-20 06:18:12 I Platf get_multipickli "Unassigned don't find the mainteam name from G_parameter"
2023-01-20 06:18:20 I Platf get_multipickli "Unassigned don't find the mainteam name from G_parameter"
2023-01-20 06:18:28 I Platf get_multipickli "Unassigned don't find the mainteam name from G_parameter"
2023-01-20 06:18:37 I Platf get_multipickli "Unassigned don't find the mainteam name from G_parameter"
2023-01-20 06:18:45 I Platf get_multipickli "Unassigned don't find the mainteam name from G_parameter"
2023-01-20 06:18:54 I Platf get_multipickli "Unassigned don't find the mainteam name from G_parameter"
2023-01-20 06:32:59 I Platf get_multipickli "Unassigned don't find the mainteam name from G_parameter"
2023-01-20 06:33:09 I Platf get_multipickli "Unassigned don't find the mainteam name from G_parameter"
2023-01-20 06:33:18 I Platf get_multipickli "Unassigned don't find the mainteam name from G_parameter"
2023-01-20 06:33:27 I Platf get_multipickli "Unassigned don't find the mainteam name from G_parameter"
2023-01-20 06:33:38 I Platf get_multipickli "Unassigned don't find the mainteam name from G_parameter"
2023-01-20 06:33:47 I Platf get_multipickli "Unassigned don't find the mainteam name from G_parameter"
2023-01-20 06:33:57 I Platf get_multipickli "Unassigned don't find the mainteam name from G_parameter"
2023-01-20 06:36:14 I Platf get_multipickli "Unassigned don't find the mainteam name from G_parameter"
2023-01-20 06:36:29 I Platf get_multipickli "Unassigned don't find the mainteam name from G_parameter"
2023-01-20 06:36:38 I Platf get_multipickli "Unassigned don't find the mainteam name from G_parameter"
2023-01-20 06:39:18 I Platf get_multipickli "Unassigned don't find the mainteam name from G_parameter"
2023-01-20 06:43:28 I Platf get_multipickli "Unassigned don't find the mainteam name from G_parameter"
2023-01-20 06:44:28 I Platf get_multipickli "Unassigned don't find the mainteam name from G_parameter"
2023-01-20 06:44:53 I Platf get_multipickli "Unassigned don't find the mainteam name from G_parameter"
2023-01-20 06:45:02 I Platf get_multipickli "Unassigned don't find the mainteam name from G_parameter"
2023-01-20 06:45:11 I Platf get_multipickli "Unassigned don't find the mainteam name from G_parameter"
2023-01-20 06:45:18 I Platf get_multipickli "Unassigned don't find the mainteam name from G_parameter"
2023-01-20 06:45:28 I Platf get_multipickli "Unassigned don't find the mainteam name from G_parameter"
2023-01-20 06:45:28 I Platf get_multipickli "Unassigned don't find the mainteam name from G_parameter"
2023-01-20 06:45:37 I Platf get_multipickli "Unassigned don't find the mainteam name from G_parameter"
2023-01-20 06:45:45 I Platf get_multipickli "Unassigned don't find the mainteam name from G_parameter"
2023-01-20 06:46:23 I Platf get_multipickli "Unassigned don't find the mainteam name from G_parameter"
2023-01-20 06:47:06 I Platf get_multipickli "Unassigned don't find the mainteam name from G_parameter"
2023-01-20 06:47:16 I Platf get_multipickli "Unassigned don't find the mainteam name from G_parameter"
2023-01-20 06:47:24 I Platf get_multipickli "Unassigned don't find the mainteam name from G_parameter"
2023-01-20 06:47:25 I Platf get_multipickli "Unassigned don't find the mainteam name from G_parameter"
2023-01-20 06:48:26 I Platf get_multipickli "Unassigned don't find the mainteam name from G_parameter"
2023-01-20 06:50:08 I Platf get_multipickli "Unassigned don't find the mainteam name from G_parameter"
2023-01-20 06:54:19 I Platf get_multipickli "Unassigned don't find the mainteam name from G_parameter"
2023-01-20 06:55:13 I Platf get_multipickli "Unassigned don't find the mainteam name from G_parameter"
2023-01-20 06:55:14 I Platf get_multipickli "Unassigned don't find the mainteam name from G_parameter"
2023-01-20 06:56:07 I Platf get_multipickli "Unassigned don't find the mainteam name from G_parameter"
2023-01-20 06:56:49 I Platf get_multipickli "Unassigned don't find the mainteam name from G_parameter"
2023-01-20 06:57:09 I Platf get_multipickli "Unassigned don't find the mainteam name from G_parameter"
2023-01-20 06:57:24 I Platf get_multipickli "Unassigned don't find the mainteam name from G_parameter"
2023-01-20 06:57:44 I Platf get_multipickli "Unassigned don't find the mainteam name from G_parameter"
2023-01-20 06:58:38 I Platf get_multipickli "Unassigned don't find the mainteam name from G_parameter"
2023-01-20 06:58:42 I Platf get_multipickli "Unassigned don't find the mainteam name from G_parameter"
2023-01-20 06:58:57 I Platf get_multipickli "Unassigned don't find the mainteam name from G_parameter"
2023-01-20 06:59:31 I Platf get_multipickli "Unassigned don't find the mainteam name from G_parameter"
2023-01-20 06:59:50 I Platf get_multipickli "Unassigned don't find the mainteam name from G_parameter"
2023-01-20 06:59:58 I Platf get_multipickli "Unassigned don't find the mainteam name from G_parameter"
2023-01-20 07:00:07 I Platf get_multipickli "Unassigned don't find the mainteam name from G_parameter"
2023-01-20 07:00:15 I Platf get_multipickli "Unassigned don't find the mainteam name from G_parameter"
2023-01-20 07:00:22 I Platf get_multipickli "Unassigned don't find the mainteam name from G_parameter"
2023-01-20 07:00:31 I Platf get_multipickli "Unassigned don't find the mainteam name from G_parameter"
2023-01-20 07:00:39 I Platf get_multipickli "Unassigned don't find the mainteam name from G_parameter"
2023-01-20 07:00:54 I Platf get_multipickli "Unassigned don't find the mainteam name from G_parameter"
2023-01-20 07:01:03 I Platf get_multipickli "Unassigned don't find the mainteam name from G_parameter"
2023-01-20 07:01:31 I Platf get_multipickli "Unassigned don't find the mainteam name from G_parameter"
2023-01-20 07:03:23 I Platf get_multipickli "Unassigned don't find the mainteam name from G_parameter"
2023-01-20 07:03:54 I Platf get_multipickli "Unassigned don't find the mainteam name from G_parameter"
2023-01-20 07:04:05 I Platf get_multipickli "Unassigned don't find the mainteam name from G_parameter"
2023-01-20 07:04:15 I Platf get_multipickli "Unassigned don't find the mainteam name from G_parameter"
2023-01-20 07:04:28 I Platf get_multipickli "Unassigned don't find the mainteam name from G_parameter"
2023-01-20 07:04:40 I Platf get_multipickli "Unassigned don't find the mainteam name from G_parameter"
2023-01-20 07:04:47 I Platf get_multipickli "Unassigned don't find the mainteam name from G_parameter"
2023-01-20 07:04:54 I Platf get_multipickli "Unassigned don't find the mainteam name from G_parameter"
2023-01-20 07:05:02 I Platf get_multipickli "Unassigned don't find the mainteam name from G_parameter"
2023-01-20 07:05:12 I Platf get_multipickli "Unassigned don't find the mainteam name from G_parameter"
2023-01-20 07:05:18 I Platf get_multipickli "Unassigned don't find the mainteam name from G_parameter"
2023-01-20 07:05:26 I Platf get_multipickli "Unassigned don't find the mainteam name from G_parameter"
2023-01-20 07:05:33 I Platf get_multipickli "Unassigned don't find the mainteam name from G_parameter"
2023-01-20 07:05:40 I Platf get_multipickli "Unassigned don't find the mainteam name from G_parameter"
2023-01-20 07:05:46 I Platf get_multipickli "Unassigned don't find the mainteam name from G_parameter"
2023-01-20 07:05:55 I Platf get_multipickli "Unassigned don't find the mainteam name from G_parameter"
2023-01-20 07:05:59 I Platf get_multipickli "Unassigned don't find the mainteam name from G_parameter"
2023-01-20 07:06:03 I Platf get_multipickli "Unassigned don't find the mainteam name from G_parameter"
2023-01-20 07:06:12 I Platf get_multipickli "Unassigned don't find the mainteam name from G_parameter"
2023-01-20 07:06:22 I Platf get_multipickli "Unassigned don't find the mainteam name from G_parameter"
2023-01-20 07:06:31 I Platf get_multipickli "Unassigned don't find the mainteam name from G_parameter"
2023-01-20 07:06:37 I Platf get_multipickli "Unassigned don't find the mainteam name from G_parameter"
2023-01-20 07:06:47 I Platf get_multipickli "Unassigned don't find the mainteam name from G_parameter"
2023-01-20 07:07:00 I Platf get_multipickli "Unassigned don't find the mainteam name from G_parameter"
2023-01-20 07:07:11 I Platf get_multipickli "Unassigned don't find the mainteam name from G_parameter"
2023-01-20 07:07:19 I Platf get_multipickli "Unassigned don't find the mainteam name from G_parameter"
2023-01-20 07:07:28 I Platf get_multipickli "Unassigned don't find the mainteam name from G_parameter"
2023-01-20 07:07:36 I Platf get_multipickli "Unassigned don't find the mainteam name from G_parameter"
2023-01-20 07:07:45 I Platf get_multipickli "Unassigned don't find the mainteam name from G_parameter"
2023-01-20 07:07:55 I Platf get_multipickli "Unassigned don't find the mainteam name from G_parameter"
2023-01-20 07:08:06 I Platf get_multipickli "Unassigned don't find the mainteam name from G_parameter"
2023-01-20 07:08:14 I Platf get_multipickli "Unassigned don't find the mainteam name from G_parameter"
2023-01-20 07:08:17 I Platf get_multipickli "Unassigned don't find the mainteam name from G_parameter"
2023-01-20 07:08:22 I Platf get_multipickli "Unassigned don't find the mainteam name from G_parameter"
2023-01-20 07:08:31 I Platf get_multipickli "Unassigned don't find the mainteam name from G_parameter"
2023-01-20 07:08:36 I Platf get_multipickli "Unassigned don't find the mainteam name from G_parameter"
2023-01-20 07:08:40 I Platf get_multipickli "Unassigned don't find the mainteam name from G_parameter"
2023-01-20 07:08:51 I Platf get_multipickli "Unassigned don't find the mainteam name from G_parameter"
2023-01-20 07:09:11 I Platf get_multipickli "Unassigned don't find the mainteam name from G_parameter"
2023-01-20 07:09:32 I Platf get_multipickli "Unassigned don't find the mainteam name from G_parameter"
2023-01-20 07:09:52 I Platf get_multipickli "Unassigned don't find the mainteam name from G_parameter"
2023-01-20 07:10:13 I Platf get_multipickli "Unassigned don't find the mainteam name from G_parameter"
2023-01-20 07:10:33 I Platf get_multipickli "Unassigned don't find the mainteam name from G_parameter"
2023-01-20 07:10:55 I Platf get_multipickli "Unassigned don't find the mainteam name from G_parameter"
2023-01-20 07:11:22 I Platf get_multipickli "Unassigned don't find the mainteam name from G_parameter"
2023-01-20 07:11:24 I Platf get_multipickli "Unassigned don't find the mainteam name from G_parameter"
2023-01-20 07:11:59 I Platf get_multipickli "Unassigned don't find the mainteam name from G_parameter"
2023-01-20 07:12:29 I Platf get_multipickli "Unassigned don't find the mainteam name from G_parameter"
2023-01-20 07:12:40 I Platf get_multipickli "Unassigned don't find the mainteam name from G_parameter"
2023-01-20 07:12:43 I Platf get_multipickli "Unassigned don't find the mainteam name from G_parameter"
2023-01-20 07:12:47 I Platf get_multipickli "Unassigned don't find the mainteam name from G_parameter"
2023-01-20 07:12:54 I Platf get_multipickli "Unassigned don't find the mainteam name from G_parameter"
2023-01-20 07:12:57 I Platf get_multipickli "Unassigned don't find the mainteam name from G_parameter"
2023-01-20 07:13:02 I Platf get_multipickli "Unassigned don't find the mainteam name from G_parameter"
2023-01-20 07:13:05 I Platf get_multipickli "Unassigned don't find the mainteam name from G_parameter"
2023-01-20 07:13:09 I Platf get_multipickli "Unassigned don't find the mainteam name from G_parameter"
2023-01-20 07:13:11 I Platf get_multipickli "Unassigned don't find the mainteam name from G_parameter"
2023-01-20 07:13:17 I Platf get_multipickli "Unassigned don't find the mainteam name from G_parameter"
2023-01-20 07:13:20 I Platf get_multipickli "Unassigned don't find the mainteam name from G_parameter"
2023-01-20 07:13:27 I Platf get_multipickli "Unassigned don't find the mainteam name from G_parameter"
2023-01-20 07:13:34 I Platf get_multipickli "Unassigned don't find the mainteam name from G_parameter"
2023-01-20 07:13:45 I Platf get_multipickli "Unassigned don't find the mainteam name from G_parameter"
2023-01-20 07:14:02 I Platf get_multipickli "Unassigned don't find the mainteam name from G_parameter"
2023-01-20 07:14:07 I Platf get_multipickli "Unassigned don't find the mainteam name from G_parameter"
2023-01-20 07:14:13 I Platf get_multipickli "Unassigned don't find the mainteam name from G_parameter"
2023-01-20 07:14:17 I Platf get_multipickli "Unassigned don't find the mainteam name from G_parameter"
2023-01-20 07:14:21 I Platf get_multipickli "Unassigned don't find the mainteam name from G_parameter"
2023-01-20 07:14:30 I Platf get_multipickli "Unassigned don't find the mainteam name from G_parameter"
2023-01-20 07:14:37 I Platf get_multipickli "Unassigned don't find the mainteam name from G_parameter"
2023-01-20 07:14:41 I Platf get_multipickli "Unassigned don't find the mainteam name from G_parameter"
2023-01-20 07:14:47 I Platf get_multipickli "Unassigned don't find the mainteam name from G_parameter"
2023-01-20 07:16:31 I Platf get_multipickli "Unassigned don't find the mainteam name from G_parameter"
2023-01-20 07:17:05 I Platf get_multipickli "Unassigned don't find the mainteam name from G_parameter"
2023-01-20 07:17:16 I Platf get_multipickli "Unassigned don't find the mainteam name from G_parameter"
2023-01-20 07:17:18 I Platf get_multipickli "Unassigned don't find the mainteam name from G_parameter"
2023-01-20 07:17:28 I Platf get_multipickli "Unassigned don't find the mainteam name from G_parameter"
2023-01-20 07:17:29 I Platf get_multipickli "Unassigned don't find the mainteam name from G_parameter"
2023-01-20 07:17:37 I Platf get_multipickli "Unassigned don't find the mainteam name from G_parameter"
2023-01-20 07:17:40 I Platf get_multipickli "Unassigned don't find the mainteam name from G_parameter"
2023-01-20 07:17:47 I Platf get_multipickli "Unassigned don't find the mainteam name from G_parameter"
2023-01-20 07:17:50 I Platf get_multipickli "Unassigned don't find the mainteam name from G_parameter"
2023-01-20 07:17:56 I Platf get_multipickli "Unassigned don't find the mainteam name from G_parameter"
2023-01-20 07:17:57 I Platf get_multipickli "Unassigned don't find the mainteam name from G_parameter"
2023-01-20 07:18:03 I Platf get_multipickli "Unassigned don't find the mainteam name from G_parameter"
2023-01-20 07:18:04 I Platf get_multipickli "Unassigned don't find the mainteam name from G_parameter"
2023-01-20 07:18:11 I Platf get_multipickli "Unassigned don't find the mainteam name from G_parameter"
2023-01-20 07:18:13 I Platf get_multipickli "Unassigned don't find the mainteam name from G_parameter"
2023-01-20 07:18:19 I Platf get_multipickli "Unassigned don't find the mainteam name from G_parameter"
2023-01-20 07:18:26 I Platf get_multipickli "Unassigned don't find the mainteam name from G_parameter"
2023-01-20 07:18:34 I Platf get_multipickli "Unassigned don't find the mainteam name from G_parameter"
2023-01-20 07:18:42 I Platf get_multipickli "Unassigned don't find the mainteam name from G_parameter"
2023-01-20 07:18:50 I Platf get_multipickli "Unassigned don't find the mainteam name from G_parameter"
2023-01-20 07:18:57 I Platf get_multipickli "Unassigned don't find the mainteam name from G_parameter"
2023-01-20 07:19:05 I Platf get_multipickli "Unassigned don't find the mainteam name from G_parameter"
2023-01-20 07:19:13 I Platf get_multipickli "Unassigned don't find the mainteam name from G_parameter"
2023-01-20 07:19:21 I Platf get_multipickli "Unassigned don't find the mainteam name from G_parameter"
2023-01-20 07:19:36 I Platf get_multipickli "Unassigned don't find the mainteam name from G_parameter"
2023-01-20 07:20:00 I Platf get_multipickli "Unassigned don't find the mainteam name from G_parameter"
2023-01-20 07:20:20 I Platf get_multipickli "Unassigned don't find the mainteam name from G_parameter"
2023-01-20 07:20:40 I Platf get_multipickli "Unassigned don't find the mainteam name from G_parameter"
2023-01-20 07:20:41 I Platf Print           "DROP TABLE IF EXISTS allrequirements:successful"
2023-01-20 07:20:41 I Platf Print           "DROP TABLE IF EXISTS allcoverage:successful"
2023-01-20 07:20:41 I Platf Print           "CREATE TABLE IF NOT EXISTS requirements (                        rel TEXT, status TEXT, count INT, date TEXT) ENGINE=InnoDB DEFAULT CHARSET=utf8:successful"
2023-01-20 07:20:41 I Platf Print           "CREATE TABLE IF NOT EXISTS allrequirements (                        id INT, uniqueid TEXT, name TEXT, status TEXT, rel TEXT, upstream TEXT, downstream TEXT, team TEXT, test_status TEXT) ENGINE=InnoDB DEFAULT CHARSET=utf8:successful"
2023-01-20 07:20:41 I Platf Print           "CREATE TABLE IF NOT EXISTS coverage (                        team text, covered int, expected int, date text) ENGINE=InnoDB DEFAULT CHARSET=utf8:successful"
2023-01-20 07:20:41 I Platf Print           "CREATE TABLE IF NOT EXISTS allcoverage (                        id INT, uniqueid TEXT, name TEXT, status TEXT, rel TEXT, verify TEXT, missing TEXT) ENGINE=InnoDB DEFAULT CHARSET=utf8:successful"
2023-01-20 07:20:41 I Platf Print           "DELETE FROM requirements WHERE date='2023-01-20':successful"
2023-01-20 07:20:41 I Platf Print           "DELETE FROM coverage WHERE date='2023-01-20':successful"
2023-01-20 07:20:41 I Platf Print           "INSERT INTO requirements (rel, status, count, date) SELECT rel, status, count((@rn := @rn + 1)) as count, '2023-01-20' as date FROM allrequirements cross join (select @rn := 0) const GROUP BY rel, status:successful"
2023-01-20 07:20:41 I Platf Print           "CREATE TABLE IF NOT EXISTS feattest (rel TEXT, status TEXT, count TEXT, date TEXT) ENGINE=InnoDB DEFAULT CHARSET=utf8:successful"
2023-01-20 07:20:41 I Platf Print           "CREATE TABLE IF NOT EXISTS reqtest (rel TEXT, status TEXT, count TEXT, date TEXT) ENGINE=InnoDB DEFAULT CHARSET=utf8:successful"
2023-01-20 07:20:41 I Platf Print           "SELECT id FROM allfeatures:successful"
2023-01-20 07:20:41 I Platf Print           "SELECT id,upstream,downstream,team FROM allrequirements:successful"
2023-01-20 07:20:41 I Platf Print           "SELECT id FROM allcoverage:successful"
2023-01-20 07:20:41 I Platf Print           "SELECT * FROM testcases:successful"
2023-01-20 07:20:59 I Platf get_multipickli "Unassigned don't find the mainteam name from G_parameter"
2023-01-20 07:21:20 I Platf get_multipickli "Unassigned don't find the mainteam name from G_parameter"
2023-01-20 07:21:37 I Platf get_multipickli "Unassigned don't find the mainteam name from G_parameter"
2023-01-20 07:21:45 I Platf get_multipickli "Unassigned don't find the mainteam name from G_parameter"
2023-01-20 07:21:51 I Platf get_multipickli "Unassigned don't find the mainteam name from G_parameter"
2023-01-20 07:21:58 I Platf get_multipickli "Unassigned don't find the mainteam name from G_parameter"
2023-01-20 07:22:06 I Platf get_multipickli "Unassigned don't find the mainteam name from G_parameter"
2023-01-20 07:22:14 I Platf get_multipickli "Unassigned don't find the mainteam name from G_parameter"
2023-01-20 07:22:21 I Platf get_multipickli "Unassigned don't find the mainteam name from G_parameter"
2023-01-20 07:22:28 I Platf get_multipickli "Unassigned don't find the mainteam name from G_parameter"
2023-01-20 07:22:36 I Platf get_multipickli "Unassigned don't find the mainteam name from G_parameter"
2023-01-20 07:22:44 I Platf get_multipickli "Unassigned don't find the mainteam name from G_parameter"
2023-01-20 07:22:51 I Platf get_multipickli "Unassigned don't find the mainteam name from G_parameter"
2023-01-20 07:23:00 I Platf get_multipickli "Unassigned don't find the mainteam name from G_parameter"
2023-01-20 07:23:09 I Platf get_multipickli "Unassigned don't find the mainteam name from G_parameter"
2023-01-20 07:23:18 I Platf get_multipickli "Unassigned don't find the mainteam name from G_parameter"
2023-01-20 07:23:27 I Platf get_multipickli "Unassigned don't find the mainteam name from G_parameter"
2023-01-20 07:23:37 I Platf get_multipickli "Unassigned don't find the mainteam name from G_parameter"
2023-01-20 07:23:45 I Platf get_multipickli "Unassigned don't find the mainteam name from G_parameter"
2023-01-20 07:23:53 I Platf get_multipickli "Unassigned don't find the mainteam name from G_parameter"
2023-01-20 07:24:29 I Platf get_multipickli "Unassigned don't find the mainteam name from G_parameter"
2023-01-20 07:24:38 I Platf get_multipickli "Unassigned don't find the mainteam name from G_parameter"
2023-01-20 07:24:48 I Platf get_multipickli "Unassigned don't find the mainteam name from G_parameter"
2023-01-20 07:24:56 I Platf get_multipickli "Unassigned don't find the mainteam name from G_parameter"
2023-01-20 07:25:03 I Platf get_multipickli "Unassigned don't find the mainteam name from G_parameter"
2023-01-20 07:25:09 I Platf get_multipickli "Unassigned don't find the mainteam name from G_parameter"
2023-01-20 07:25:16 I Platf get_multipickli "Unassigned don't find the mainteam name from G_parameter"
2023-01-20 07:25:50 I Platf get_multipickli "Unassigned don't find the mainteam name from G_parameter"
2023-01-20 07:25:58 I Platf get_multipickli "Unassigned don't find the mainteam name from G_parameter"
2023-01-20 07:26:05 I Platf get_multipickli "Unassigned don't find the mainteam name from G_parameter"
2023-01-20 07:26:12 I Platf get_multipickli "Unassigned don't find the mainteam name from G_parameter"
2023-01-20 07:26:19 I Platf get_multipickli "Unassigned don't find the mainteam name from G_parameter"
2023-01-20 07:26:26 I Platf get_multipickli "Unassigned don't find the mainteam name from G_parameter"
2023-01-20 07:28:05 I Platf get_multipickli "Unassigned don't find the mainteam name from G_parameter"
2023-01-20 07:28:12 I Platf get_multipickli "Unassigned don't find the mainteam name from G_parameter"
2023-01-20 07:28:18 I Platf get_multipickli "Unassigned don't find the mainteam name from G_parameter"
2023-01-20 07:28:32 I Platf get_multipickli "Unassigned don't find the mainteam name from G_parameter"
2023-01-20 07:28:52 I Platf get_multipickli "Unassigned don't find the mainteam name from G_parameter"
2023-01-20 07:29:12 I Platf get_multipickli "Unassigned don't find the mainteam name from G_parameter"
2023-01-20 07:29:31 I Platf get_multipickli "Unassigned don't find the mainteam name from G_parameter"
2023-01-20 07:32:50 I Platf Print           "DROP TABLE IF EXISTS allrequirements:successful"
2023-01-20 07:32:50 I Platf Print           "DROP TABLE IF EXISTS allcoverage:successful"
2023-01-20 07:32:50 I Platf Print           "CREATE TABLE IF NOT EXISTS requirements (                        rel TEXT, status TEXT, count INT, date TEXT) ENGINE=InnoDB DEFAULT CHARSET=utf8:successful"
2023-01-20 07:32:50 I Platf Print           "CREATE TABLE IF NOT EXISTS allrequirements (                        id INT, uniqueid TEXT, name TEXT, status TEXT, rel TEXT, upstream TEXT, downstream TEXT, team TEXT, test_status TEXT) ENGINE=InnoDB DEFAULT CHARSET=utf8:successful"
2023-01-20 07:32:50 I Platf Print           "CREATE TABLE IF NOT EXISTS coverage (                        team text, covered int, expected int, date text) ENGINE=InnoDB DEFAULT CHARSET=utf8:successful"
2023-01-20 07:32:50 I Platf Print           "CREATE TABLE IF NOT EXISTS allcoverage (                        id INT, uniqueid TEXT, name TEXT, status TEXT, rel TEXT, verify TEXT, missing TEXT) ENGINE=InnoDB DEFAULT CHARSET=utf8:successful"
2023-01-20 07:32:50 I Platf Print           "DELETE FROM requirements WHERE date='2023-01-20':successful"
2023-01-20 07:32:50 I Platf Print           "DELETE FROM coverage WHERE date='2023-01-20':successful"
2023-01-20 07:32:51 I Platf Print           "INSERT INTO requirements (rel, status, count, date) SELECT rel, status, count((@rn := @rn + 1)) as count, '2023-01-20' as date FROM allrequirements cross join (select @rn := 0) const GROUP BY rel, status:successful"
2023-01-20 07:32:51 I Platf Print           "CREATE TABLE IF NOT EXISTS feattest (rel TEXT, status TEXT, count TEXT, date TEXT) ENGINE=InnoDB DEFAULT CHARSET=utf8:successful"
2023-01-20 07:32:51 I Platf Print           "CREATE TABLE IF NOT EXISTS reqtest (rel TEXT, status TEXT, count TEXT, date TEXT) ENGINE=InnoDB DEFAULT CHARSET=utf8:successful"
2023-01-20 07:32:51 I Platf Print           "SELECT id FROM allfeatures:successful"
2023-01-20 07:32:51 I Platf Print           "SELECT id,upstream,downstream,team FROM allrequirements:successful"
2023-01-20 07:32:51 I Platf Print           "SELECT id FROM allcoverage:successful"
2023-01-20 07:32:51 I Platf Print           "SELECT * FROM testcases:successful"
