2023-01-20 10:36:34 I Polar Print           "Connet 20620 successfully!!!"
2023-01-20 10:36:34 I Polar Get_alltests    "Get project name:Polaris id:20620 all testplans"
2023-01-20 10:36:36 I Polar Get_alltests    "{}"
2023-01-20 10:36:36 I Polar Get_alltests    "Get project name:Polaris id:20620 all testplans successful!!!"
2023-01-20 10:36:36 I Polar tidy_alltestcas "0"
2023-01-20 10:36:36 I Polar Print           "DROP TABLE IF EXISTS testcases:successful"
2023-01-20 10:36:36 I Polar Print           "CREATE TABLE IF NOT EXISTS testcases (                             testplan_id INT,                             testplan_name TEXT,                             testgroup_id INT,                             testgroup_name TEXT,                             testcycle_id INT,                             testcycle_name TEXT,                             rel TEXT,                             id INT,                             uniqueid TEXT,                             name TEXT,                             status TEXT,                             upstream TEXT,                             downstream TEXT,                             executionDate TEXT) ENGINE=InnoDB DEFAULT CHARSET=utf8:successful"
2023-01-20 10:36:36 I Polar update_database "Insert testcases table successful"
2023-01-20 10:36:36 I Polar Print           "CREATE TABLE IF NOT EXISTS tests (                             testplan_id INT,                             testplan_name TEXT,                             testplan_status TEXT,                             rel TEXT, status TEXT,                             count INT, date TEXT) ENGINE=InnoDB DEFAULT CHARSET=utf8:successful"
2023-01-20 10:36:36 I Polar Print           "DELETE FROM tests WHERE date='2023-01-20':successful"
2023-01-20 10:36:36 I Polar Print           "SELECT testplan_id FROM tests GROUP BY testplan_id:successful"
2023-01-20 10:36:36 I Polar Print           "INSERT INTO tests (testplan_id, testplan_name, testplan_status, rel, status, count, date) SELECT testplan_id, testplan_name, 'Active' as testplan_status, rel, status, count((@rn := @rn + 1)) as count, '2023-01-20' as date FROM testcases cross join (select @rn := 0) const GROUP BY testplan_id, rel, status:successful"
2023-01-20 10:36:36 I Polar update_database "Insert tests table successful"
2023-01-20 10:36:36 I Polar Print           "CREATE TABLE IF NOT EXISTS testapproval (                                 rel TEXT, team TEXT, status TEXT, upstream TEXT, count INT, date TEXT                                 ) ENGINE=InnoDB DEFAULT CHARSET=utf8:successful"
2023-01-20 10:36:36 I Polar Print           "DROP TABLE IF EXISTS alltestapproval:successful"
2023-01-20 10:36:36 I Polar Print           "CREATE TABLE IF NOT EXISTS alltestapproval (                                 id INT, uniqueid TEXT, name TEXT, status TEXT, rel TEXT, team TEXT, upstream TEXT                                 ) ENGINE=InnoDB DEFAULT CHARSET=utf8:successful"
2023-01-20 10:36:36 I Polar Print           "DELETE FROM testapproval WHERE date='2023-01-20':successful"
2023-01-20 10:36:36 I Polar Print           "INSERT INTO testapproval (rel, team, status, count, date, upstream) SELECT rel, team, status, count((@rn := @rn + 1)) as count, '2023-01-20' as date, upstream FROM alltestapproval cross join (select @rn := 0) const GROUP BY rel, team, status, upstream:successful"
2023-01-20 10:36:40 I Polar Get_allfeatuers "[]"
2023-01-20 10:36:40 I Polar Print           "CREATE TABLE IF NOT EXISTS features (                                rel TEXT, status TEXT, count INT, date TEXT) ENGINE=InnoDB DEFAULT CHARSET=utf8:successful"
2023-01-20 10:36:40 I Polar Print           "CREATE TABLE IF NOT EXISTS allfeatures (                                id INT, uniqueid TEXT, name TEXT, status TEXT, rel TEXT,test_status TEXT) ENGINE=InnoDB DEFAULT CHARSET=utf8:successful"
2023-01-20 10:36:40 I Polar Print           "DELETE FROM features WHERE date='2023-01-20':successful"
2023-01-20 10:36:40 I Polar Print           "DELETE FROM allfeatures WHERE id=20976567:successful"
2023-01-20 10:36:40 I Polar Print           "DELETE FROM allfeatures WHERE id=20623227:successful"
2023-01-20 10:36:40 I Polar Print           "DELETE FROM allfeatures WHERE id=20497723:successful"
2023-01-20 10:36:40 I Polar Print           "DELETE FROM allfeatures WHERE id=20497687:successful"
2023-01-20 10:36:40 I Polar Print           "DELETE FROM allfeatures WHERE id=20495173:successful"
2023-01-20 10:36:40 I Polar Print           "DELETE FROM allfeatures WHERE id=20490902:successful"
2023-01-20 10:36:40 I Polar Print           "DELETE FROM allfeatures WHERE id=20490894:successful"
2023-01-20 10:36:40 I Polar Print           "DELETE FROM allfeatures WHERE id=20490889:successful"
2023-01-20 10:36:40 I Polar Print           "DELETE FROM allfeatures WHERE id=20485504:successful"
2023-01-20 10:36:40 I Polar Print           "DELETE FROM allfeatures WHERE id=20455724:successful"
2023-01-20 10:36:40 I Polar Print           "DELETE FROM allfeatures WHERE id=20455679:successful"
2023-01-20 10:36:40 I Polar Print           "DELETE FROM allfeatures WHERE id=20389169:successful"
2023-01-20 10:36:40 I Polar Print           "DELETE FROM allfeatures WHERE id=20227819:successful"
2023-01-20 10:36:40 I Polar Print           "DELETE FROM allfeatures WHERE id=20199518:successful"
2023-01-20 10:36:40 I Polar Print           "DELETE FROM allfeatures WHERE id=19616757:successful"
2023-01-20 10:36:40 I Polar Print           "INSERT INTO features (rel, status, count, date)                                 SELECT rel, status, count((@rn := @rn + 1)) as count, '2023-01-20' as date FROM allfeatures cross join (select @rn := 0) const GROUP BY rel, status:successful"
2023-01-20 10:36:42 I Polar Get_allchangere "[]"
2023-01-20 10:36:43 I Polar Print           "CREATE TABLE IF NOT EXISTS changes (                                 rel TEXT, status TEXT, priority TEXT,                                 requester TEXT, date TEXT, count INT) ENGINE=InnoDB DEFAULT CHARSET=utf8:successful"
2023-01-20 10:36:43 I Polar Print           "CREATE TABLE IF NOT EXISTS allchanges (                                 id INT, uniqueid TEXT, name TEXT,                                 status TEXT, rel TEXT, priority TEXT,                                 requester TEXT) ENGINE=InnoDB DEFAULT CHARSET=utf8:successful"
2023-01-20 10:36:43 I Polar Print           "DELETE FROM changes WHERE date='2023-01-20':successful"
2023-01-20 10:36:43 I Polar Print           "INSERT INTO changes (                                 rel, status, priority, requester, date, count)                                 SELECT rel, status, priority, requester, '2023-01-20' as date, count((@rn := @rn + 1)) as count FROM allchanges                                 cross join (select @rn := 0) const GROUP BY rel, status, priority, requester:successful"
2023-01-20 10:36:45 I Polar Print           "CREATE TABLE IF NOT EXISTS designspec (                            rel TEXT, team TEXT, status TEXT, count INT, date text) ENGINE=InnoDB DEFAULT CHARSET=utf8:successful"
2023-01-20 10:36:45 I Polar Print           "CREATE TABLE IF NOT EXISTS alldesignspec (                             id INT, uniqueid TEXT, name TEXT, status TEXT, rel TEXT, team TEXT) ENGINE=InnoDB DEFAULT CHARSET=utf8:successful"
2023-01-20 10:36:45 I Polar Print           "DELETE FROM designspec WHERE date='2023-01-20':successful"
2023-01-20 10:36:45 I Polar Print           "INSERT INTO designspec (rel, team, status, count, date) SELECT rel, team, status, count((@rn := @rn + 1)) as count, '2023-01-20' as date FROM alldesignspec cross join (select @rn := 0) const GROUP BY rel, team, status:successful"
2023-01-20 10:36:49 I Polar Get_alluserstor "[]"
2023-01-20 10:36:49 I Polar Print           "CREATE TABLE IF NOT EXISTS userstories (                 rel TEXT, status TEXT, count INT, date TEXT) ENGINE=InnoDB DEFAULT CHARSET=utf8:successful"
2023-01-20 10:36:49 I Polar Print           "CREATE TABLE IF NOT EXISTS alluserstories (                 id INT, uniqueid TEXT, name TEXT, status TEXT, rel TEXT) ENGINE=InnoDB DEFAULT CHARSET=utf8:successful"
2023-01-20 10:36:49 I Polar Print           "DELETE FROM userstories WHERE date='2023-01-20':successful"
2023-01-20 10:36:49 I Polar Print           "INSERT INTO userstories (rel, status, count, date) SELECT rel, status, count((@rn := @rn + 1)) as count, '2023-01-20' as date FROM alluserstories cross join (select @rn := 0) const GROUP BY rel, status:successful"
2023-01-20 10:36:52 I Polar Get_alldefects  "[]"
2023-01-20 10:36:52 I Polar Print           "CREATE TABLE IF NOT EXISTS defects (                     rel TEXT, team TEXT, status TEXT, priority TEXT, count INT, date TEXT) ENGINE=InnoDB DEFAULT CHARSET=utf8:successful"
2023-01-20 10:36:52 I Polar Print           "CREATE TABLE IF NOT EXISTS alldefects (                     id INT, uniqueid TEXT, name TEXT, status TEXT, rel TEXT, team TEXT, priority TEXT, jira TEXT, upstream TEXT) ENGINE=InnoDB DEFAULT CHARSET=utf8:successful"
2023-01-20 10:36:52 I Polar Print           "DELETE FROM defects WHERE date='2023-01-20':successful"
2023-01-20 10:36:52 I Polar Print           "INSERT INTO defects (rel, team, status, count, date, priority) SELECT rel, team, status, count((@rn := @rn + 1)) as count, '2023-01-20' as date, priority FROM alldefects cross join (select @rn := 0) const GROUP BY rel, team, status, priority:successful"
2023-01-20 10:38:16 I Polar get_multipickli "Unassigned don't find the mainteam name from G_parameter"
2023-01-20 10:38:21 I Polar get_multipickli "Unassigned don't find the mainteam name from G_parameter"
2023-01-20 10:38:27 I Polar get_multipickli "Unassigned don't find the mainteam name from G_parameter"
2023-01-20 10:39:39 I Polar get_multipickli "Unassigned don't find the mainteam name from G_parameter"
2023-01-20 10:43:08 I Polar get_multipickli "Unassigned don't find the mainteam name from G_parameter"
2023-01-20 10:43:17 I Polar get_multipickli "Unassigned don't find the mainteam name from G_parameter"
2023-01-20 10:43:23 I Polar get_multipickli "Unassigned don't find the mainteam name from G_parameter"
2023-01-20 10:44:31 I Polar get_multipickli "Unassigned don't find the mainteam name from G_parameter"
2023-01-20 10:44:44 I Polar get_multipickli "Unassigned don't find the mainteam name from G_parameter"
2023-01-20 10:45:17 I Polar get_multipickli "Unassigned don't find the mainteam name from G_parameter"
2023-01-20 10:45:29 I Polar get_multipickli "Unassigned don't find the mainteam name from G_parameter"
2023-01-20 10:45:35 I Polar get_multipickli "Unassigned don't find the mainteam name from G_parameter"
2023-01-20 10:45:41 I Polar get_multipickli "Unassigned don't find the mainteam name from G_parameter"
2023-01-20 10:45:47 I Polar get_multipickli "Unassigned don't find the mainteam name from G_parameter"
2023-01-20 10:45:52 I Polar get_multipickli "Unassigned don't find the mainteam name from G_parameter"
2023-01-20 10:45:58 I Polar get_multipickli "Unassigned don't find the mainteam name from G_parameter"
2023-01-20 10:46:16 I Polar get_multipickli "Unassigned don't find the mainteam name from G_parameter"
2023-01-20 10:47:06 I Polar get_multipickli "Unassigned don't find the mainteam name from G_parameter"
2023-01-20 10:47:11 I Polar get_multipickli "Unassigned don't find the mainteam name from G_parameter"
2023-01-20 10:47:17 I Polar get_multipickli "Unassigned don't find the mainteam name from G_parameter"
2023-01-20 10:47:22 I Polar get_multipickli "Unassigned don't find the mainteam name from G_parameter"
2023-01-20 10:47:27 I Polar get_multipickli "Unassigned don't find the mainteam name from G_parameter"
2023-01-20 10:47:32 I Polar get_multipickli "Unassigned don't find the mainteam name from G_parameter"
2023-01-20 10:47:36 I Polar get_multipickli "Unassigned don't find the mainteam name from G_parameter"
2023-01-20 10:47:42 I Polar get_multipickli "Unassigned don't find the mainteam name from G_parameter"
2023-01-20 10:47:47 I Polar get_multipickli "Unassigned don't find the mainteam name from G_parameter"
2023-01-20 10:47:52 I Polar get_multipickli "Unassigned don't find the mainteam name from G_parameter"
2023-01-20 10:47:57 I Polar get_multipickli "Unassigned don't find the mainteam name from G_parameter"
2023-01-20 10:48:03 I Polar get_multipickli "Unassigned don't find the mainteam name from G_parameter"
2023-01-20 10:48:08 I Polar get_multipickli "Unassigned don't find the mainteam name from G_parameter"
2023-01-20 10:48:13 I Polar get_multipickli "Unassigned don't find the mainteam name from G_parameter"
2023-01-20 10:48:19 I Polar get_multipickli "Unassigned don't find the mainteam name from G_parameter"
2023-01-20 10:48:24 I Polar get_multipickli "Unassigned don't find the mainteam name from G_parameter"
2023-01-20 10:48:30 I Polar get_multipickli "Unassigned don't find the mainteam name from G_parameter"
2023-01-20 10:48:35 I Polar get_multipickli "Unassigned don't find the mainteam name from G_parameter"
2023-01-20 10:48:41 I Polar get_multipickli "Unassigned don't find the mainteam name from G_parameter"
2023-01-20 10:48:46 I Polar get_multipickli "Unassigned don't find the mainteam name from G_parameter"
2023-01-20 10:48:52 I Polar get_multipickli "Unassigned don't find the mainteam name from G_parameter"
2023-01-20 10:48:57 I Polar get_multipickli "Unassigned don't find the mainteam name from G_parameter"
2023-01-20 10:49:03 I Polar get_multipickli "Unassigned don't find the mainteam name from G_parameter"
2023-01-20 10:49:09 I Polar get_multipickli "Unassigned don't find the mainteam name from G_parameter"
2023-01-20 10:49:14 I Polar get_multipickli "Unassigned don't find the mainteam name from G_parameter"
2023-01-20 10:49:20 I Polar get_multipickli "Unassigned don't find the mainteam name from G_parameter"
2023-01-20 10:49:25 I Polar get_multipickli "Unassigned don't find the mainteam name from G_parameter"
2023-01-20 10:49:31 I Polar get_multipickli "Unassigned don't find the mainteam name from G_parameter"
2023-01-20 10:49:36 I Polar get_multipickli "Unassigned don't find the mainteam name from G_parameter"
2023-01-20 10:49:41 I Polar get_multipickli "Unassigned don't find the mainteam name from G_parameter"
2023-01-20 10:49:47 I Polar get_multipickli "Unassigned don't find the mainteam name from G_parameter"
2023-01-20 10:49:52 I Polar get_multipickli "Unassigned don't find the mainteam name from G_parameter"
2023-01-20 10:49:57 I Polar get_multipickli "Unassigned don't find the mainteam name from G_parameter"
2023-01-20 10:50:04 I Polar get_multipickli "Unassigned don't find the mainteam name from G_parameter"
2023-01-20 10:51:12 I Polar get_multipickli "Unassigned don't find the mainteam name from G_parameter"
2023-01-20 10:51:25 I Polar get_multipickli "Unassigned don't find the mainteam name from G_parameter"
2023-01-20 10:51:31 I Polar get_multipickli "Unassigned don't find the mainteam name from G_parameter"
2023-01-20 10:51:34 I Polar get_multipickli "Unassigned don't find the mainteam name from G_parameter"
2023-01-20 10:51:40 I Polar get_multipickli "Unassigned don't find the mainteam name from G_parameter"
2023-01-20 10:51:45 I Polar get_multipickli "Unassigned don't find the mainteam name from G_parameter"
2023-01-20 10:51:49 I Polar get_multipickli "Unassigned don't find the mainteam name from G_parameter"
2023-01-20 10:52:16 I Polar get_multipickli "Unassigned don't find the mainteam name from G_parameter"
2023-01-20 10:52:21 I Polar get_multipickli "Unassigned don't find the mainteam name from G_parameter"
2023-01-20 10:52:26 I Polar get_multipickli "Unassigned don't find the mainteam name from G_parameter"
2023-01-20 10:52:31 I Polar get_multipickli "Unassigned don't find the mainteam name from G_parameter"
2023-01-20 10:52:36 I Polar get_multipickli "Unassigned don't find the mainteam name from G_parameter"
2023-01-20 10:52:41 I Polar get_multipickli "Unassigned don't find the mainteam name from G_parameter"
2023-01-20 10:59:41 I Polar get_multipickli "ESW Platform Test don't find the mainteam name from G_parameter"
2023-01-20 10:59:44 I Polar get_multipickli "ESW Platform Test don't find the mainteam name from G_parameter"
2023-01-20 10:59:47 I Polar get_multipickli "ESW Platform Test don't find the mainteam name from G_parameter"
2023-01-20 11:00:03 I Polar get_multipickli "ESW Platform Test don't find the mainteam name from G_parameter"
2023-01-20 11:00:05 I Polar get_multipickli "ESW Platform Test don't find the mainteam name from G_parameter"
2023-01-20 11:00:08 I Polar get_multipickli "ESW Platform Test don't find the mainteam name from G_parameter"
2023-01-20 11:00:21 I Polar get_multipickli "Digital Experience – Android don't find the mainteam name from G_parameter"
2023-01-20 11:00:21 I Polar get_multipickli "Digital Experience – IOS don't find the mainteam name from G_parameter"
2023-01-20 11:00:24 I Polar get_multipickli "Digital Experience – SDK don't find the mainteam name from G_parameter"
2023-01-20 11:00:32 I Polar get_multipickli "Digital Experience – Android don't find the mainteam name from G_parameter"
2023-01-20 11:00:33 I Polar get_multipickli "Digital Experience – IOS don't find the mainteam name from G_parameter"
2023-01-20 11:00:37 I Polar get_multipickli "Unassigned don't find the mainteam name from G_parameter"
2023-01-20 11:00:39 I Polar get_multipickli "Digital Experience – Android don't find the mainteam name from G_parameter"
2023-01-20 11:00:39 I Polar get_multipickli "Digital Experience – IOS don't find the mainteam name from G_parameter"
2023-01-20 11:00:45 I Polar get_multipickli "Digital Experience – Android don't find the mainteam name from G_parameter"
2023-01-20 11:00:45 I Polar get_multipickli "Digital Experience – IOS don't find the mainteam name from G_parameter"
2023-01-20 11:00:48 I Polar get_multipickli "Digital Experience – Android don't find the mainteam name from G_parameter"
2023-01-20 11:00:48 I Polar get_multipickli "Digital Experience – IOS don't find the mainteam name from G_parameter"
2023-01-20 11:04:07 I Polar get_multipickli "Unassigned don't find the mainteam name from G_parameter"
2023-01-20 11:04:10 I Polar get_multipickli "Unassigned don't find the mainteam name from G_parameter"
2023-01-20 11:04:20 I Polar get_multipickli "Unassigned don't find the mainteam name from G_parameter"
2023-01-20 11:06:10 I Polar get_multipickli "Unassigned don't find the mainteam name from G_parameter"
2023-01-20 11:06:20 I Polar get_multipickli "Unassigned don't find the mainteam name from G_parameter"
2023-01-20 11:08:10 I Polar get_multipickli "Unassigned don't find the mainteam name from G_parameter"
2023-01-20 11:08:14 I Polar get_multipickli "Unassigned don't find the mainteam name from G_parameter"
2023-01-20 11:08:17 I Polar get_multipickli "Unassigned don't find the mainteam name from G_parameter"
2023-01-20 11:08:23 I Polar get_multipickli "Unassigned don't find the mainteam name from G_parameter"
2023-01-20 11:08:26 I Polar get_multipickli "Unassigned don't find the mainteam name from G_parameter"
2023-01-20 11:08:32 I Polar get_multipickli "Unassigned don't find the mainteam name from G_parameter"
2023-01-20 11:10:22 I Polar get_multipickli "Digital Experience – Android don't find the mainteam name from G_parameter"
2023-01-20 11:10:22 I Polar get_multipickli "Digital Experience – IOS don't find the mainteam name from G_parameter"
2023-01-20 11:10:38 I Polar get_multipickli "Digital Experience – Android don't find the mainteam name from G_parameter"
2023-01-20 11:10:38 I Polar get_multipickli "Digital Experience – IOS don't find the mainteam name from G_parameter"
2023-01-20 11:10:58 I Polar get_multipickli "Digital Experience – Android don't find the mainteam name from G_parameter"
2023-01-20 11:10:58 I Polar get_multipickli "Digital Experience – IOS don't find the mainteam name from G_parameter"
2023-01-20 11:11:08 I Polar get_multipickli "Digital Experience – Android don't find the mainteam name from G_parameter"
2023-01-20 11:11:08 I Polar get_multipickli "Digital Experience – IOS don't find the mainteam name from G_parameter"
2023-01-20 11:11:24 I Polar get_multipickli "Digital Experience – Android don't find the mainteam name from G_parameter"
2023-01-20 11:11:24 I Polar get_multipickli "Digital Experience – IOS don't find the mainteam name from G_parameter"
2023-01-20 11:11:24 I Polar get_multipickli "Digital Experience – SDK don't find the mainteam name from G_parameter"
2023-01-20 11:11:29 I Polar get_multipickli "Unassigned don't find the mainteam name from G_parameter"
2023-01-20 11:12:21 I Polar get_multipickli "Unassigned don't find the mainteam name from G_parameter"
2023-01-20 11:12:40 I Polar get_multipickli "Unassigned don't find the mainteam name from G_parameter"
2023-01-20 11:12:42 I Polar get_multipickli "Digital Experience – Android don't find the mainteam name from G_parameter"
2023-01-20 11:12:42 I Polar get_multipickli "Digital Experience – IOS don't find the mainteam name from G_parameter"
2023-01-20 11:12:44 I Polar get_multipickli "Digital Experience – Android don't find the mainteam name from G_parameter"
2023-01-20 11:12:44 I Polar get_multipickli "Digital Experience – IOS don't find the mainteam name from G_parameter"
2023-01-20 11:12:46 I Polar get_multipickli "Digital Experience – Android don't find the mainteam name from G_parameter"
2023-01-20 11:12:46 I Polar get_multipickli "Digital Experience – IOS don't find the mainteam name from G_parameter"
2023-01-20 11:12:48 I Polar get_multipickli "Digital Experience – Android don't find the mainteam name from G_parameter"
2023-01-20 11:12:48 I Polar get_multipickli "Digital Experience – IOS don't find the mainteam name from G_parameter"
2023-01-20 11:12:49 I Polar get_multipickli "Digital Experience – Android don't find the mainteam name from G_parameter"
2023-01-20 11:12:49 I Polar get_multipickli "Digital Experience – IOS don't find the mainteam name from G_parameter"
2023-01-20 11:12:51 I Polar get_multipickli "Digital Experience – Android don't find the mainteam name from G_parameter"
2023-01-20 11:12:51 I Polar get_multipickli "Digital Experience – IOS don't find the mainteam name from G_parameter"
2023-01-20 11:12:52 I Polar get_multipickli "Digital Experience – Android don't find the mainteam name from G_parameter"
2023-01-20 11:12:52 I Polar get_multipickli "Digital Experience – IOS don't find the mainteam name from G_parameter"
2023-01-20 11:12:56 I Polar get_multipickli "Unassigned don't find the mainteam name from G_parameter"
2023-01-20 11:12:58 I Polar get_multipickli "Digital Experience – Android don't find the mainteam name from G_parameter"
2023-01-20 11:12:58 I Polar get_multipickli "Digital Experience – IOS don't find the mainteam name from G_parameter"
2023-01-20 11:13:00 I Polar get_multipickli "Digital Experience – Android don't find the mainteam name from G_parameter"
2023-01-20 11:13:02 I Polar get_multipickli "Digital Experience – Android don't find the mainteam name from G_parameter"
2023-01-20 11:13:03 I Polar get_multipickli "Digital Experience – Android don't find the mainteam name from G_parameter"
2023-01-20 11:13:05 I Polar get_multipickli "Digital Experience – Android don't find the mainteam name from G_parameter"
2023-01-20 11:13:07 I Polar get_multipickli "Digital Experience – Android don't find the mainteam name from G_parameter"
2023-01-20 11:13:09 I Polar get_multipickli "Digital Experience – Android don't find the mainteam name from G_parameter"
2023-01-20 11:13:47 I Polar Print           "DROP TABLE IF EXISTS allrequirements:successful"
2023-01-20 11:13:47 I Polar Print           "DROP TABLE IF EXISTS allcoverage:successful"
2023-01-20 11:13:47 I Polar Print           "CREATE TABLE IF NOT EXISTS requirements (                        rel TEXT, status TEXT, count INT, date TEXT) ENGINE=InnoDB DEFAULT CHARSET=utf8:successful"
2023-01-20 11:13:47 I Polar Print           "CREATE TABLE IF NOT EXISTS allrequirements (                        id INT, uniqueid TEXT, name TEXT, status TEXT, rel TEXT, upstream TEXT, downstream TEXT, team TEXT, test_status TEXT) ENGINE=InnoDB DEFAULT CHARSET=utf8:successful"
2023-01-20 11:13:47 I Polar Print           "CREATE TABLE IF NOT EXISTS coverage (                        team text, covered int, expected int, date text) ENGINE=InnoDB DEFAULT CHARSET=utf8:successful"
2023-01-20 11:13:47 I Polar Print           "CREATE TABLE IF NOT EXISTS allcoverage (                        id INT, uniqueid TEXT, name TEXT, status TEXT, rel TEXT, verify TEXT, missing TEXT) ENGINE=InnoDB DEFAULT CHARSET=utf8:successful"
2023-01-20 11:13:47 I Polar Print           "DELETE FROM requirements WHERE date='2023-01-20':successful"
2023-01-20 11:13:47 I Polar Print           "DELETE FROM coverage WHERE date='2023-01-20':successful"
2023-01-20 11:13:47 I Polar Print           "INSERT INTO requirements (rel, status, count, date) SELECT rel, status, count((@rn := @rn + 1)) as count, '2023-01-20' as date FROM allrequirements cross join (select @rn := 0) const GROUP BY rel, status:successful"
2023-01-20 11:13:47 I Polar Print           "CREATE TABLE IF NOT EXISTS feattest (rel TEXT, status TEXT, count TEXT, date TEXT) ENGINE=InnoDB DEFAULT CHARSET=utf8:successful"
2023-01-20 11:13:47 I Polar Print           "CREATE TABLE IF NOT EXISTS reqtest (rel TEXT, status TEXT, count TEXT, date TEXT) ENGINE=InnoDB DEFAULT CHARSET=utf8:successful"
2023-01-20 11:13:47 I Polar Print           "SELECT id FROM allfeatures:successful"
2023-01-20 11:13:47 I Polar Print           "SELECT id,upstream,downstream,team FROM allrequirements:successful"
2023-01-20 11:13:47 I Polar Print           "SELECT id FROM allcoverage:successful"
2023-01-20 11:13:47 I Polar Print           "SELECT * FROM testcases:successful"
