2023-01-29 06:07:02 I Saga  Print           "Connet 20417 successfully!!!"
2023-01-29 06:07:02 I Saga  Get_alltests    "Get project name:Saga id:20417 all testplans"
2023-01-29 06:07:04 I Saga  Get_alltests    "{3662539: {'id': 3662539, 'name': 'ESW Test Plan', 'archived': False, 'index': '3662539:ESW Test Plan'}, 3859068: {'id': 3859068, 'name': 'HW DVT Plan', 'archived': False, 'index': '3859068:HW DVT Plan'}, 3991990: {'id': 3991990, 'name': 'MT DVT Plan', 'archived': False, 'index': '3991990:MT DVT Plan'}, 4472310: {'id': 4472310, 'name': 'PKG Test Plan', 'archived': False, 'index': '4472310:PKG Test Plan'}, 3996286: {'id': 3996286, 'name': 'Product Maintenance test plan', 'archived': False, 'index': '3996286:Product Maintenance test plan'}, 3908560: {'id': 3908560, 'name': 'Product Verification Test Plan', 'archived': False, 'index': '3908560:Product Verification Test Plan'}, 3953050: {'id': 3953050, 'name': 'Regulatory Compliance test plan - Post FCS', 'archived': False, 'index': '3953050:Regulatory Compliance test plan - Post FCS'}, 3953056: {'id': 3953056, 'name': 'Regulatory Compliance test plan - Pre FCS', 'archived': False, 'index': '3953056:Regulatory Compliance test plan - Pre FCS'}}"
2023-01-29 06:07:04 I Saga  Get_alltests    "Get project name:Saga id:20417 all testplans successful!!!"
2023-01-29 06:14:56 I Saga  tidy_alltestcas "1208"
2023-01-29 06:17:47 I Saga  Print           "DROP TABLE IF EXISTS testcases:successful"
2023-01-29 06:17:47 I Saga  Print           "CREATE TABLE IF NOT EXISTS testcases (                             testplan_id INT,                             testplan_name TEXT,                             testgroup_id INT,                             testgroup_name TEXT,                             testcycle_id INT,                             testcycle_name TEXT,                             rel TEXT,                             id INT,                             uniqueid TEXT,                             name TEXT,                             status TEXT,                             upstream TEXT,                             downstream TEXT,                             executionDate TEXT) ENGINE=InnoDB DEFAULT CHARSET=utf8:successful"
2023-01-29 06:17:48 I Saga  update_database "Insert testcases table successful"
2023-01-29 06:17:48 I Saga  Print           "CREATE TABLE IF NOT EXISTS tests (                             testplan_id INT,                             testplan_name TEXT,                             testplan_status TEXT,                             rel TEXT, status TEXT,                             count INT, date TEXT) ENGINE=InnoDB DEFAULT CHARSET=utf8:successful"
2023-01-29 06:17:48 I Saga  Print           "DELETE FROM tests WHERE date='2023-01-29':successful"
2023-01-29 06:17:48 I Saga  Print           "SELECT testplan_id FROM tests GROUP BY testplan_id:successful"
2023-01-29 06:17:48 I Saga  Print           "SELECT testplan_name FROM tests WHERE testplan_id=3662539 LIMIT 1:successful"
2023-01-29 06:17:48 I Saga  Print           "UPDATE tests SET testplan_status='Active' WHERE testplan_id=3662539:successful"
2023-01-29 06:17:48 I Saga  Print           "SELECT testplan_name FROM tests WHERE testplan_id=3859068 LIMIT 1:successful"
2023-01-29 06:17:48 I Saga  Print           "UPDATE tests SET testplan_status='Active' WHERE testplan_id=3859068:successful"
2023-01-29 06:17:48 I Saga  Print           "SELECT testplan_name FROM tests WHERE testplan_id=3991990 LIMIT 1:successful"
2023-01-29 06:17:48 I Saga  Print           "UPDATE tests SET testplan_status='Active' WHERE testplan_id=3991990:successful"
2023-01-29 06:17:48 I Saga  Print           "SELECT testplan_name FROM tests WHERE testplan_id=4472310 LIMIT 1:successful"
2023-01-29 06:17:48 I Saga  Print           "UPDATE tests SET testplan_status='Active' WHERE testplan_id=4472310:successful"
2023-01-29 06:17:48 I Saga  Print           "SELECT testplan_name FROM tests WHERE testplan_id=3908560 LIMIT 1:successful"
2023-01-29 06:17:48 I Saga  Print           "UPDATE tests SET testplan_status='Active' WHERE testplan_id=3908560:successful"
2023-01-29 06:17:48 I Saga  Print           "SELECT testplan_name FROM tests WHERE testplan_id=3953050 LIMIT 1:successful"
2023-01-29 06:17:48 I Saga  Print           "UPDATE tests SET testplan_status='Active' WHERE testplan_id=3953050:successful"
2023-01-29 06:17:48 I Saga  Print           "SELECT testplan_name FROM tests WHERE testplan_id=3953056 LIMIT 1:successful"
2023-01-29 06:17:48 I Saga  Print           "UPDATE tests SET testplan_status='Active' WHERE testplan_id=3953056:successful"
2023-01-29 06:17:48 I Saga  Print           "INSERT INTO tests (testplan_id, testplan_name, testplan_status, rel, status, count, date) SELECT testplan_id, testplan_name, 'Active' as testplan_status, rel, status, count((@rn := @rn + 1)) as count, '2023-01-29' as date FROM testcases cross join (select @rn := 0) const GROUP BY testplan_id, rel, status:successful"
2023-01-29 06:17:48 I Saga  update_database "Insert tests table successful"
2023-01-29 06:17:48 I Saga  Print           "CREATE TABLE IF NOT EXISTS testapproval (                                 rel TEXT, team TEXT, status TEXT, upstream TEXT, count INT, date TEXT                                 ) ENGINE=InnoDB DEFAULT CHARSET=utf8:successful"
2023-01-29 06:17:48 I Saga  Print           "DROP TABLE IF EXISTS alltestapproval:successful"
2023-01-29 06:17:48 I Saga  Print           "CREATE TABLE IF NOT EXISTS alltestapproval (                                 id INT, uniqueid TEXT, name TEXT, status TEXT, rel TEXT, team TEXT, upstream TEXT                                 ) ENGINE=InnoDB DEFAULT CHARSET=utf8:successful"
2023-01-29 06:17:48 I Saga  Print           "DELETE FROM testapproval WHERE date='2023-01-29':successful"
2023-01-29 06:17:48 I Saga  Print           "INSERT INTO testapproval (rel, team, status, count, date, upstream) SELECT rel, team, status, count((@rn := @rn + 1)) as count, '2023-01-29' as date, upstream FROM alltestapproval cross join (select @rn := 0) const GROUP BY rel, team, status, upstream:successful"
2023-01-29 06:17:54 I Saga  Get_allfeatuers "[]"
2023-01-29 06:17:54 I Saga  Print           "CREATE TABLE IF NOT EXISTS features (                                rel TEXT, status TEXT, count INT, date TEXT) ENGINE=InnoDB DEFAULT CHARSET=utf8:successful"
2023-01-29 06:17:54 I Saga  Print           "CREATE TABLE IF NOT EXISTS allfeatures (                                id INT, uniqueid TEXT, name TEXT, status TEXT, rel TEXT,test_status TEXT) ENGINE=InnoDB DEFAULT CHARSET=utf8:successful"
2023-01-29 06:17:54 I Saga  Print           "DELETE FROM features WHERE date='2023-01-29':successful"
2023-01-29 06:17:54 I Saga  Print           "DELETE FROM allfeatures WHERE id=7586993:successful"
2023-01-29 06:17:54 I Saga  Print           "DELETE FROM allfeatures WHERE id=7585794:successful"
2023-01-29 06:17:54 I Saga  Print           "INSERT INTO features (rel, status, count, date)                                 SELECT rel, status, count((@rn := @rn + 1)) as count, '2023-01-29' as date FROM allfeatures cross join (select @rn := 0) const GROUP BY rel, status:successful"
2023-01-29 06:18:00 I Saga  Get_allchangere "[{'id': 9544820, 'name': 'Samwise, Kili, and Windows 11', 'documentKey': 'Sag-CR-15', 'statusId': 156584, 'status': 'Proposal', 'priorityId': 156643, 'priority': 'Not defined', 'req': 'System Engineering'}]"
2023-01-29 06:18:00 I Saga  Print           "CREATE TABLE IF NOT EXISTS changes (                                 rel TEXT, status TEXT, priority TEXT,                                 requester TEXT, date TEXT, count INT) ENGINE=InnoDB DEFAULT CHARSET=utf8:successful"
2023-01-29 06:18:00 I Saga  Print           "CREATE TABLE IF NOT EXISTS allchanges (                                 id INT, uniqueid TEXT, name TEXT,                                 status TEXT, rel TEXT, priority TEXT,                                 requester TEXT) ENGINE=InnoDB DEFAULT CHARSET=utf8:successful"
2023-01-29 06:18:00 I Saga  Print           "DELETE FROM changes WHERE date='2023-01-29':successful"
2023-01-29 06:18:00 I Saga  Print           "DELETE FROM allchanges WHERE id=9544820:successful"
2023-01-29 06:18:00 I Saga  Print           "INSERT INTO changes (                                 rel, status, priority, requester, date, count)                                 SELECT rel, status, priority, requester, '2023-01-29' as date, count((@rn := @rn + 1)) as count FROM allchanges                                 cross join (select @rn := 0) const GROUP BY rel, status, priority, requester:successful"
2023-01-29 06:18:01 I Saga  Print           "CREATE TABLE IF NOT EXISTS designspec (                            rel TEXT, team TEXT, status TEXT, count INT, date text) ENGINE=InnoDB DEFAULT CHARSET=utf8:successful"
2023-01-29 06:18:02 I Saga  Print           "CREATE TABLE IF NOT EXISTS alldesignspec (                             id INT, uniqueid TEXT, name TEXT, status TEXT, rel TEXT, team TEXT) ENGINE=InnoDB DEFAULT CHARSET=utf8:successful"
2023-01-29 06:18:02 I Saga  Print           "DELETE FROM designspec WHERE date='2023-01-29':successful"
2023-01-29 06:18:02 I Saga  Print           "INSERT INTO designspec (rel, team, status, count, date) SELECT rel, team, status, count((@rn := @rn + 1)) as count, '2023-01-29' as date FROM alldesignspec cross join (select @rn := 0) const GROUP BY rel, team, status:successful"
2023-01-29 06:18:06 I Saga  Get_alluserstor "[]"
2023-01-29 06:18:06 I Saga  Print           "CREATE TABLE IF NOT EXISTS userstories (                 rel TEXT, status TEXT, count INT, date TEXT) ENGINE=InnoDB DEFAULT CHARSET=utf8:successful"
2023-01-29 06:18:06 I Saga  Print           "CREATE TABLE IF NOT EXISTS alluserstories (                 id INT, uniqueid TEXT, name TEXT, status TEXT, rel TEXT) ENGINE=InnoDB DEFAULT CHARSET=utf8:successful"
2023-01-29 06:18:06 I Saga  Print           "DELETE FROM userstories WHERE date='2023-01-29':successful"
2023-01-29 06:18:06 I Saga  Print           "INSERT INTO userstories (rel, status, count, date) SELECT rel, status, count((@rn := @rn + 1)) as count, '2023-01-29' as date FROM alluserstories cross join (select @rn := 0) const GROUP BY rel, status:successful"
2023-01-29 06:18:22 I Saga  Get_alldefects  "[{'id': 5465907, 'name': '[Mute Sync] Mute Sync failed in Teams Mac OS', 'documentKey': 'Sag-BUG-30', 'statusId': 156537, 'status': 'Resolved', 'teamId': 157251, 'team': 'ESW BT', 'priorityId': 156534, 'priority': 'Minor', 'upstream': '5902182, 5960316, 6059079, 10307560, 9024097, 9460024, 9880085, 10191935, 10370953, 9460025, 9880086, 10191936, 10370954, 9024096, 9542616, 9880091, 10146788, 10191941, 10297735, 10370933', 'jira': 'https://jabra1.atlassian.net/browse/SAGA-66'}, {'id': 10400366, 'name': 'Link 380: Changing wireless range setting has no effect on observed range', 'documentKey': 'Sag-BUG-211', 'statusId': 156538, 'status': 'Closed', 'teamId': 157251, 'team': 'ESW BT', 'priorityId': 156533, 'priority': 'Major', 'upstream': '', 'jira': 'https://jabra1.atlassian.net/browse/SAGA-390'}]"
2023-01-29 06:18:22 I Saga  Print           "CREATE TABLE IF NOT EXISTS defects (                     rel TEXT, team TEXT, status TEXT, priority TEXT, count INT, date TEXT) ENGINE=InnoDB DEFAULT CHARSET=utf8:successful"
2023-01-29 06:18:22 I Saga  Print           "CREATE TABLE IF NOT EXISTS alldefects (                     id INT, uniqueid TEXT, name TEXT, status TEXT, rel TEXT, team TEXT, priority TEXT, jira TEXT, upstream TEXT) ENGINE=InnoDB DEFAULT CHARSET=utf8:successful"
2023-01-29 06:18:22 I Saga  Print           "DELETE FROM defects WHERE date='2023-01-29':successful"
2023-01-29 06:18:22 I Saga  Print           "DELETE FROM alldefects WHERE id = 5465907:successful"
2023-01-29 06:18:22 I Saga  Print           "DELETE FROM alldefects WHERE id = 10400366:successful"
2023-01-29 06:18:22 I Saga  Print           "Not enough parameters for the SQL statement"
2023-01-29 06:18:22 I Saga  Print           "INSERT INTO defects (rel, team, status, count, date, priority) SELECT rel, team, status, count((@rn := @rn + 1)) as count, '2023-01-29' as date, priority FROM alldefects cross join (select @rn := 0) const GROUP BY rel, team, status, priority:successful"
2023-01-29 06:23:57 I Saga  get_multipickli "Unassigned don't find the mainteam name from G_parameter"
2023-01-29 06:24:16 I Saga  get_multipickli "Unassigned don't find the mainteam name from G_parameter"
2023-01-29 06:25:19 I Saga  get_multipickli "Unassigned don't find the mainteam name from G_parameter"
2023-01-29 06:26:17 I Saga  get_multipickli "Unassigned don't find the mainteam name from G_parameter"
2023-01-29 06:26:24 I Saga  get_multipickli "Unassigned don't find the mainteam name from G_parameter"
2023-01-29 06:26:41 I Saga  get_multipickli "Unassigned don't find the mainteam name from G_parameter"
2023-01-29 06:26:57 I Saga  get_multipickli "Unassigned don't find the mainteam name from G_parameter"
2023-01-29 06:27:19 I Saga  get_multipickli "Unassigned don't find the mainteam name from G_parameter"
2023-01-29 06:27:29 I Saga  get_multipickli "Unassigned don't find the mainteam name from G_parameter"
2023-01-29 06:27:35 I Saga  get_multipickli "Unassigned don't find the mainteam name from G_parameter"
2023-01-29 06:27:46 I Saga  get_multipickli "Unassigned don't find the mainteam name from G_parameter"
2023-01-29 06:27:52 I Saga  get_multipickli "Unassigned don't find the mainteam name from G_parameter"
2023-01-29 06:27:58 I Saga  get_multipickli "Unassigned don't find the mainteam name from G_parameter"
2023-01-29 06:40:40 I Saga  Print           "DROP TABLE IF EXISTS allrequirements:successful"
2023-01-29 06:40:40 I Saga  Print           "DROP TABLE IF EXISTS allcoverage:successful"
2023-01-29 06:40:40 I Saga  Print           "CREATE TABLE IF NOT EXISTS requirements (                        rel TEXT, status TEXT, count INT, date TEXT) ENGINE=InnoDB DEFAULT CHARSET=utf8:successful"
2023-01-29 06:40:40 I Saga  Print           "CREATE TABLE IF NOT EXISTS allrequirements (                        id INT, uniqueid TEXT, name TEXT, status TEXT, rel TEXT, upstream TEXT, downstream TEXT, team TEXT, test_status TEXT) ENGINE=InnoDB DEFAULT CHARSET=utf8:successful"
2023-01-29 06:40:40 I Saga  Print           "CREATE TABLE IF NOT EXISTS coverage (                        team text, covered int, expected int, date text) ENGINE=InnoDB DEFAULT CHARSET=utf8:successful"
2023-01-29 06:40:40 I Saga  Print           "CREATE TABLE IF NOT EXISTS allcoverage (                        id INT, uniqueid TEXT, name TEXT, status TEXT, rel TEXT, verify TEXT, missing TEXT) ENGINE=InnoDB DEFAULT CHARSET=utf8:successful"
2023-01-29 06:40:40 I Saga  Print           "DELETE FROM requirements WHERE date='2023-01-29':successful"
2023-01-29 06:40:40 I Saga  Print           "DELETE FROM coverage WHERE date='2023-01-29':successful"
2023-01-29 06:40:40 I Saga  Print           "INSERT INTO requirements (rel, status, count, date) SELECT rel, status, count((@rn := @rn + 1)) as count, '2023-01-29' as date FROM allrequirements cross join (select @rn := 0) const GROUP BY rel, status:successful"
2023-01-29 06:40:40 I Saga  Print           "CREATE TABLE IF NOT EXISTS feattest (rel TEXT, status TEXT, count TEXT, date TEXT) ENGINE=InnoDB DEFAULT CHARSET=utf8:successful"
2023-01-29 06:40:40 I Saga  Print           "CREATE TABLE IF NOT EXISTS reqtest (rel TEXT, status TEXT, count TEXT, date TEXT) ENGINE=InnoDB DEFAULT CHARSET=utf8:successful"
2023-01-29 06:40:40 I Saga  Print           "SELECT id FROM allfeatures:successful"
2023-01-29 06:40:40 I Saga  Print           "SELECT id,upstream,downstream,team FROM allrequirements:successful"
2023-01-29 06:40:40 I Saga  Print           "SELECT id FROM allcoverage:successful"
2023-01-29 06:40:40 I Saga  Print           "SELECT * FROM testcases:successful"
