2023-01-15 06:39:13 I Monta Print           "Connet 20508 successfully!!!"
2023-01-15 06:39:13 I Monta Get_alltests    "Get project name:Montanus id:20508 all testplans"
2023-01-15 06:39:15 I Monta Get_alltests    "{8327177: {'id': 8327177, 'name': 'ESW Test Plan', 'archived': False, 'index': '8327177:ESW Test Plan'}, 8156017: {'id': 8156017, 'name': 'HW Test Plan', 'archived': False, 'index': '8156017:HW Test Plan'}, 7865673: {'id': 7865673, 'name': 'MT Test Plan', 'archived': False, 'index': '7865673:MT Test Plan'}, 8522534: {'id': 8522534, 'name': 'Package test plan', 'archived': False, 'index': '8522534:Package test plan'}, 6961107: {'id': 6961107, 'name': 'Product Verification Test Plan', 'archived': False, 'index': '6961107:Product Verification Test Plan'}, 8687347: {'id': 8687347, 'name': 'Regulatory compliance test plan', 'archived': False, 'index': '8687347:Regulatory compliance test plan'}}"
2023-01-15 06:39:15 I Monta Get_alltests    "Get project name:Montanus id:20508 all testplans successful!!!"
2023-01-15 06:42:19 I Monta tidy_alltestcas "119"
2023-01-15 06:42:47 I Monta Print           "DROP TABLE IF EXISTS testcases:successful"
2023-01-15 06:42:48 I Monta Print           "CREATE TABLE IF NOT EXISTS testcases (                             testplan_id INT,                             testplan_name TEXT,                             testgroup_id INT,                             testgroup_name TEXT,                             testcycle_id INT,                             testcycle_name TEXT,                             rel TEXT,                             id INT,                             uniqueid TEXT,                             name TEXT,                             status TEXT,                             upstream TEXT,                             downstream TEXT,                             executionDate TEXT) ENGINE=InnoDB DEFAULT CHARSET=utf8:successful"
2023-01-15 06:42:48 I Monta update_database "Insert testcases table successful"
2023-01-15 06:42:48 I Monta Print           "CREATE TABLE IF NOT EXISTS tests (                             testplan_id INT,                             testplan_name TEXT,                             testplan_status TEXT,                             rel TEXT, status TEXT,                             count INT, date TEXT) ENGINE=InnoDB DEFAULT CHARSET=utf8:successful"
2023-01-15 06:42:48 I Monta Print           "DELETE FROM tests WHERE date='2023-01-15':successful"
2023-01-15 06:42:48 I Monta Print           "SELECT testplan_id FROM tests GROUP BY testplan_id:successful"
2023-01-15 06:42:48 I Monta Print           "SELECT testplan_name FROM tests WHERE testplan_id=8327177 LIMIT 1:successful"
2023-01-15 06:42:48 I Monta Print           "UPDATE tests SET testplan_status='Active' WHERE testplan_id=8327177:successful"
2023-01-15 06:42:48 I Monta Print           "SELECT testplan_name FROM tests WHERE testplan_id=8156017 LIMIT 1:successful"
2023-01-15 06:42:48 I Monta Print           "UPDATE tests SET testplan_status='Active' WHERE testplan_id=8156017:successful"
2023-01-15 06:42:48 I Monta Print           "SELECT testplan_name FROM tests WHERE testplan_id=7865673 LIMIT 1:successful"
2023-01-15 06:42:48 I Monta Print           "UPDATE tests SET testplan_status='Active' WHERE testplan_id=7865673:successful"
2023-01-15 06:42:48 I Monta Print           "SELECT testplan_name FROM tests WHERE testplan_id=8522534 LIMIT 1:successful"
2023-01-15 06:42:48 I Monta Print           "UPDATE tests SET testplan_status='Active' WHERE testplan_id=8522534:successful"
2023-01-15 06:42:48 I Monta Print           "SELECT testplan_name FROM tests WHERE testplan_id=6961107 LIMIT 1:successful"
2023-01-15 06:42:48 I Monta Print           "UPDATE tests SET testplan_status='Active' WHERE testplan_id=6961107:successful"
2023-01-15 06:42:48 I Monta Print           "SELECT testplan_name FROM tests WHERE testplan_id=8687347 LIMIT 1:successful"
2023-01-15 06:42:48 I Monta Print           "UPDATE tests SET testplan_status='Active' WHERE testplan_id=8687347:successful"
2023-01-15 06:42:48 I Monta Print           "INSERT INTO tests (testplan_id, testplan_name, testplan_status, rel, status, count, date) SELECT testplan_id, testplan_name, 'Active' as testplan_status, rel, status, count((@rn := @rn + 1)) as count, '2023-01-15' as date FROM testcases cross join (select @rn := 0) const GROUP BY testplan_id, rel, status:successful"
2023-01-15 06:42:48 I Monta update_database "Insert tests table successful"
2023-01-15 06:42:48 I Monta Print           "CREATE TABLE IF NOT EXISTS testapproval (                                 rel TEXT, team TEXT, status TEXT, upstream TEXT, count INT, date TEXT                                 ) ENGINE=InnoDB DEFAULT CHARSET=utf8:successful"
2023-01-15 06:42:48 I Monta Print           "DROP TABLE IF EXISTS alltestapproval:successful"
2023-01-15 06:42:48 I Monta Print           "CREATE TABLE IF NOT EXISTS alltestapproval (                                 id INT, uniqueid TEXT, name TEXT, status TEXT, rel TEXT, team TEXT, upstream TEXT                                 ) ENGINE=InnoDB DEFAULT CHARSET=utf8:successful"
2023-01-15 06:42:48 I Monta Print           "DELETE FROM testapproval WHERE date='2023-01-15':successful"
2023-01-15 06:42:48 I Monta Print           "INSERT INTO testapproval (rel, team, status, count, date, upstream) SELECT rel, team, status, count((@rn := @rn + 1)) as count, '2023-01-15' as date, upstream FROM alltestapproval cross join (select @rn := 0) const GROUP BY rel, team, status, upstream:successful"
2023-01-15 06:42:51 I Monta Get_allfeatuers "[]"
2023-01-15 06:42:51 I Monta Print           "CREATE TABLE IF NOT EXISTS features (                                rel TEXT, status TEXT, count INT, date TEXT) ENGINE=InnoDB DEFAULT CHARSET=utf8:successful"
2023-01-15 06:42:51 I Monta Print           "CREATE TABLE IF NOT EXISTS allfeatures (                                id INT, uniqueid TEXT, name TEXT, status TEXT, rel TEXT,test_status TEXT) ENGINE=InnoDB DEFAULT CHARSET=utf8:successful"
2023-01-15 06:42:51 I Monta Print           "DELETE FROM features WHERE date='2023-01-15':successful"
2023-01-15 06:42:51 I Monta Print           "DELETE FROM allfeatures WHERE id=11738385:successful"
2023-01-15 06:42:51 I Monta Print           "INSERT INTO features (rel, status, count, date)                                 SELECT rel, status, count((@rn := @rn + 1)) as count, '2023-01-15' as date FROM allfeatures cross join (select @rn := 0) const GROUP BY rel, status:successful"
2023-01-15 06:42:53 I Monta Get_allchangere "[]"
2023-01-15 06:42:53 I Monta Print           "CREATE TABLE IF NOT EXISTS changes (                                 rel TEXT, status TEXT, priority TEXT,                                 requester TEXT, date TEXT, count INT) ENGINE=InnoDB DEFAULT CHARSET=utf8:successful"
2023-01-15 06:42:53 I Monta Print           "CREATE TABLE IF NOT EXISTS allchanges (                                 id INT, uniqueid TEXT, name TEXT,                                 status TEXT, rel TEXT, priority TEXT,                                 requester TEXT) ENGINE=InnoDB DEFAULT CHARSET=utf8:successful"
2023-01-15 06:42:53 I Monta Print           "DELETE FROM changes WHERE date='2023-01-15':successful"
2023-01-15 06:42:53 I Monta Print           "INSERT INTO changes (                                 rel, status, priority, requester, date, count)                                 SELECT rel, status, priority, requester, '2023-01-15' as date, count((@rn := @rn + 1)) as count FROM allchanges                                 cross join (select @rn := 0) const GROUP BY rel, status, priority, requester:successful"
2023-01-15 06:42:55 I Monta Print           "CREATE TABLE IF NOT EXISTS designspec (                            rel TEXT, team TEXT, status TEXT, count INT, date text) ENGINE=InnoDB DEFAULT CHARSET=utf8:successful"
2023-01-15 06:42:55 I Monta Print           "CREATE TABLE IF NOT EXISTS alldesignspec (                             id INT, uniqueid TEXT, name TEXT, status TEXT, rel TEXT, team TEXT) ENGINE=InnoDB DEFAULT CHARSET=utf8:successful"
2023-01-15 06:42:55 I Monta Print           "DELETE FROM designspec WHERE date='2023-01-15':successful"
2023-01-15 06:42:55 I Monta Print           "INSERT INTO designspec (rel, team, status, count, date) SELECT rel, team, status, count((@rn := @rn + 1)) as count, '2023-01-15' as date FROM alldesignspec cross join (select @rn := 0) const GROUP BY rel, team, status:successful"
2023-01-15 06:42:59 I Monta Get_alluserstor "[]"
2023-01-15 06:42:59 I Monta Print           "CREATE TABLE IF NOT EXISTS userstories (                 rel TEXT, status TEXT, count INT, date TEXT) ENGINE=InnoDB DEFAULT CHARSET=utf8:successful"
2023-01-15 06:42:59 I Monta Print           "CREATE TABLE IF NOT EXISTS alluserstories (                 id INT, uniqueid TEXT, name TEXT, status TEXT, rel TEXT) ENGINE=InnoDB DEFAULT CHARSET=utf8:successful"
2023-01-15 06:42:59 I Monta Print           "DELETE FROM userstories WHERE date='2023-01-15':successful"
2023-01-15 06:42:59 I Monta Print           "INSERT INTO userstories (rel, status, count, date) SELECT rel, status, count((@rn := @rn + 1)) as count, '2023-01-15' as date FROM alluserstories cross join (select @rn := 0) const GROUP BY rel, status:successful"
2023-01-15 06:43:03 I Monta Get_alldefects  "[]"
2023-01-15 06:43:03 I Monta Print           "CREATE TABLE IF NOT EXISTS defects (                     rel TEXT, team TEXT, status TEXT, priority TEXT, count INT, date TEXT) ENGINE=InnoDB DEFAULT CHARSET=utf8:successful"
2023-01-15 06:43:03 I Monta Print           "CREATE TABLE IF NOT EXISTS alldefects (                     id INT, uniqueid TEXT, name TEXT, status TEXT, rel TEXT, team TEXT, priority TEXT, jira TEXT, upstream TEXT) ENGINE=InnoDB DEFAULT CHARSET=utf8:successful"
2023-01-15 06:43:03 I Monta Print           "DELETE FROM defects WHERE date='2023-01-15':successful"
2023-01-15 06:43:03 I Monta Print           "INSERT INTO defects (rel, team, status, count, date, priority) SELECT rel, team, status, count((@rn := @rn + 1)) as count, '2023-01-15' as date, priority FROM alldefects cross join (select @rn := 0) const GROUP BY rel, team, status, priority:successful"
2023-01-15 06:50:34 I Monta get_multipickli "Unassigned don't find the mainteam name from G_parameter"
2023-01-15 06:52:06 I Monta get_multipickli "Unassigned don't find the mainteam name from G_parameter"
2023-01-15 06:52:36 I Monta get_multipickli "Unassigned don't find the mainteam name from G_parameter"
2023-01-15 06:52:42 I Monta get_multipickli "Unassigned don't find the mainteam name from G_parameter"
2023-01-15 06:52:58 I Monta get_multipickli "Unassigned don't find the mainteam name from G_parameter"
2023-01-15 06:54:33 I Monta get_multipickli "Unassigned don't find the mainteam name from G_parameter"
2023-01-15 06:57:12 I Monta get_multipickli "Unassigned don't find the mainteam name from G_parameter"
2023-01-15 06:57:16 I Monta get_multipickli "Unassigned don't find the mainteam name from G_parameter"
2023-01-15 06:57:23 I Monta get_multipickli "Unassigned don't find the mainteam name from G_parameter"
2023-01-15 07:09:35 I Monta get_multipickli "Unassigned don't find the mainteam name from G_parameter"
2023-01-15 07:09:54 I Monta get_multipickli "Unassigned don't find the mainteam name from G_parameter"
2023-01-15 07:15:59 I Monta Print           "DROP TABLE IF EXISTS allrequirements:successful"
2023-01-15 07:15:59 I Monta Print           "DROP TABLE IF EXISTS allcoverage:successful"
2023-01-15 07:15:59 I Monta Print           "CREATE TABLE IF NOT EXISTS requirements (                        rel TEXT, status TEXT, count INT, date TEXT) ENGINE=InnoDB DEFAULT CHARSET=utf8:successful"
2023-01-15 07:15:59 I Monta Print           "CREATE TABLE IF NOT EXISTS allrequirements (                        id INT, uniqueid TEXT, name TEXT, status TEXT, rel TEXT, upstream TEXT, downstream TEXT, team TEXT, test_status TEXT) ENGINE=InnoDB DEFAULT CHARSET=utf8:successful"
2023-01-15 07:15:59 I Monta Print           "CREATE TABLE IF NOT EXISTS coverage (                        team text, covered int, expected int, date text) ENGINE=InnoDB DEFAULT CHARSET=utf8:successful"
2023-01-15 07:15:59 I Monta Print           "CREATE TABLE IF NOT EXISTS allcoverage (                        id INT, uniqueid TEXT, name TEXT, status TEXT, rel TEXT, verify TEXT, missing TEXT) ENGINE=InnoDB DEFAULT CHARSET=utf8:successful"
2023-01-15 07:15:59 I Monta Print           "DELETE FROM requirements WHERE date='2023-01-15':successful"
2023-01-15 07:15:59 I Monta Print           "DELETE FROM coverage WHERE date='2023-01-15':successful"
2023-01-15 07:15:59 I Monta Print           "INSERT INTO requirements (rel, status, count, date) SELECT rel, status, count((@rn := @rn + 1)) as count, '2023-01-15' as date FROM allrequirements cross join (select @rn := 0) const GROUP BY rel, status:successful"
2023-01-15 07:15:59 I Monta Print           "CREATE TABLE IF NOT EXISTS feattest (rel TEXT, status TEXT, count TEXT, date TEXT) ENGINE=InnoDB DEFAULT CHARSET=utf8:successful"
2023-01-15 07:15:59 I Monta Print           "CREATE TABLE IF NOT EXISTS reqtest (rel TEXT, status TEXT, count TEXT, date TEXT) ENGINE=InnoDB DEFAULT CHARSET=utf8:successful"
2023-01-15 07:15:59 I Monta Print           "SELECT id FROM allfeatures:successful"
2023-01-15 07:15:59 I Monta Print           "SELECT id,upstream,downstream,team FROM allrequirements:successful"
2023-01-15 07:15:59 I Monta Print           "SELECT id FROM allcoverage:successful"
2023-01-15 07:15:59 I Monta Print           "SELECT * FROM testcases:successful"
