2023-01-15 09:30:15 I Polar Print           "Connet 20620 successfully!!!"
2023-01-15 09:30:15 I Polar Get_alltests    "Get project name:Polaris id:20620 all testplans"
2023-01-15 09:30:17 I Polar Get_alltests    "{}"
2023-01-15 09:30:17 I Polar Get_alltests    "Get project name:Polaris id:20620 all testplans successful!!!"
2023-01-15 09:30:17 I Polar tidy_alltestcas "0"
2023-01-15 09:30:17 I Polar Print           "DROP TABLE IF EXISTS testcases:successful"
2023-01-15 09:30:17 I Polar Print           "CREATE TABLE IF NOT EXISTS testcases (                             testplan_id INT,                             testplan_name TEXT,                             testgroup_id INT,                             testgroup_name TEXT,                             testcycle_id INT,                             testcycle_name TEXT,                             rel TEXT,                             id INT,                             uniqueid TEXT,                             name TEXT,                             status TEXT,                             upstream TEXT,                             downstream TEXT,                             executionDate TEXT) ENGINE=InnoDB DEFAULT CHARSET=utf8:successful"
2023-01-15 09:30:17 I Polar update_database "Insert testcases table successful"
2023-01-15 09:30:17 I Polar Print           "CREATE TABLE IF NOT EXISTS tests (                             testplan_id INT,                             testplan_name TEXT,                             testplan_status TEXT,                             rel TEXT, status TEXT,                             count INT, date TEXT) ENGINE=InnoDB DEFAULT CHARSET=utf8:successful"
2023-01-15 09:30:17 I Polar Print           "DELETE FROM tests WHERE date='2023-01-15':successful"
2023-01-15 09:30:17 I Polar Print           "SELECT testplan_id FROM tests GROUP BY testplan_id:successful"
2023-01-15 09:30:17 I Polar Print           "INSERT INTO tests (testplan_id, testplan_name, testplan_status, rel, status, count, date) SELECT testplan_id, testplan_name, 'Active' as testplan_status, rel, status, count((@rn := @rn + 1)) as count, '2023-01-15' as date FROM testcases cross join (select @rn := 0) const GROUP BY testplan_id, rel, status:successful"
2023-01-15 09:30:17 I Polar update_database "Insert tests table successful"
2023-01-15 09:30:17 I Polar Print           "CREATE TABLE IF NOT EXISTS testapproval (                                 rel TEXT, team TEXT, status TEXT, upstream TEXT, count INT, date TEXT                                 ) ENGINE=InnoDB DEFAULT CHARSET=utf8:successful"
2023-01-15 09:30:17 I Polar Print           "DROP TABLE IF EXISTS alltestapproval:successful"
2023-01-15 09:30:17 I Polar Print           "CREATE TABLE IF NOT EXISTS alltestapproval (                                 id INT, uniqueid TEXT, name TEXT, status TEXT, rel TEXT, team TEXT, upstream TEXT                                 ) ENGINE=InnoDB DEFAULT CHARSET=utf8:successful"
2023-01-15 09:30:17 I Polar Print           "DELETE FROM testapproval WHERE date='2023-01-15':successful"
2023-01-15 09:30:17 I Polar Print           "INSERT INTO testapproval (rel, team, status, count, date, upstream) SELECT rel, team, status, count((@rn := @rn + 1)) as count, '2023-01-15' as date, upstream FROM alltestapproval cross join (select @rn := 0) const GROUP BY rel, team, status, upstream:successful"
2023-01-15 09:30:20 I Polar Get_allfeatuers "[]"
2023-01-15 09:30:20 I Polar Print           "CREATE TABLE IF NOT EXISTS features (                                rel TEXT, status TEXT, count INT, date TEXT) ENGINE=InnoDB DEFAULT CHARSET=utf8:successful"
2023-01-15 09:30:20 I Polar Print           "CREATE TABLE IF NOT EXISTS allfeatures (                                id INT, uniqueid TEXT, name TEXT, status TEXT, rel TEXT,test_status TEXT) ENGINE=InnoDB DEFAULT CHARSET=utf8:successful"
2023-01-15 09:30:20 I Polar Print           "DELETE FROM features WHERE date='2023-01-15':successful"
2023-01-15 09:30:20 I Polar Print           "DELETE FROM allfeatures WHERE id=20976567:successful"
2023-01-15 09:30:20 I Polar Print           "DELETE FROM allfeatures WHERE id=20623227:successful"
2023-01-15 09:30:20 I Polar Print           "DELETE FROM allfeatures WHERE id=20497723:successful"
2023-01-15 09:30:20 I Polar Print           "DELETE FROM allfeatures WHERE id=20497687:successful"
2023-01-15 09:30:20 I Polar Print           "DELETE FROM allfeatures WHERE id=20495173:successful"
2023-01-15 09:30:20 I Polar Print           "DELETE FROM allfeatures WHERE id=20490902:successful"
2023-01-15 09:30:20 I Polar Print           "DELETE FROM allfeatures WHERE id=20490894:successful"
2023-01-15 09:30:20 I Polar Print           "DELETE FROM allfeatures WHERE id=20490889:successful"
2023-01-15 09:30:20 I Polar Print           "DELETE FROM allfeatures WHERE id=20485504:successful"
2023-01-15 09:30:20 I Polar Print           "DELETE FROM allfeatures WHERE id=20455724:successful"
2023-01-15 09:30:20 I Polar Print           "DELETE FROM allfeatures WHERE id=20455679:successful"
2023-01-15 09:30:20 I Polar Print           "DELETE FROM allfeatures WHERE id=20389169:successful"
2023-01-15 09:30:20 I Polar Print           "DELETE FROM allfeatures WHERE id=20227819:successful"
2023-01-15 09:30:20 I Polar Print           "DELETE FROM allfeatures WHERE id=20199518:successful"
2023-01-15 09:30:20 I Polar Print           "DELETE FROM allfeatures WHERE id=19616757:successful"
2023-01-15 09:30:20 I Polar Print           "INSERT INTO features (rel, status, count, date)                                 SELECT rel, status, count((@rn := @rn + 1)) as count, '2023-01-15' as date FROM allfeatures cross join (select @rn := 0) const GROUP BY rel, status:successful"
2023-01-15 09:30:22 I Polar Get_allchangere "[]"
2023-01-15 09:30:22 I Polar Print           "CREATE TABLE IF NOT EXISTS changes (                                 rel TEXT, status TEXT, priority TEXT,                                 requester TEXT, date TEXT, count INT) ENGINE=InnoDB DEFAULT CHARSET=utf8:successful"
2023-01-15 09:30:22 I Polar Print           "CREATE TABLE IF NOT EXISTS allchanges (                                 id INT, uniqueid TEXT, name TEXT,                                 status TEXT, rel TEXT, priority TEXT,                                 requester TEXT) ENGINE=InnoDB DEFAULT CHARSET=utf8:successful"
2023-01-15 09:30:22 I Polar Print           "DELETE FROM changes WHERE date='2023-01-15':successful"
2023-01-15 09:30:22 I Polar Print           "INSERT INTO changes (                                 rel, status, priority, requester, date, count)                                 SELECT rel, status, priority, requester, '2023-01-15' as date, count((@rn := @rn + 1)) as count FROM allchanges                                 cross join (select @rn := 0) const GROUP BY rel, status, priority, requester:successful"
2023-01-15 09:30:24 I Polar Print           "CREATE TABLE IF NOT EXISTS designspec (                            rel TEXT, team TEXT, status TEXT, count INT, date text) ENGINE=InnoDB DEFAULT CHARSET=utf8:successful"
2023-01-15 09:30:24 I Polar Print           "CREATE TABLE IF NOT EXISTS alldesignspec (                             id INT, uniqueid TEXT, name TEXT, status TEXT, rel TEXT, team TEXT) ENGINE=InnoDB DEFAULT CHARSET=utf8:successful"
2023-01-15 09:30:24 I Polar Print           "DELETE FROM designspec WHERE date='2023-01-15':successful"
2023-01-15 09:30:24 I Polar Print           "INSERT INTO designspec (rel, team, status, count, date) SELECT rel, team, status, count((@rn := @rn + 1)) as count, '2023-01-15' as date FROM alldesignspec cross join (select @rn := 0) const GROUP BY rel, team, status:successful"
2023-01-15 09:30:27 I Polar Get_alluserstor "[]"
2023-01-15 09:30:27 I Polar Print           "CREATE TABLE IF NOT EXISTS userstories (                 rel TEXT, status TEXT, count INT, date TEXT) ENGINE=InnoDB DEFAULT CHARSET=utf8:successful"
2023-01-15 09:30:27 I Polar Print           "CREATE TABLE IF NOT EXISTS alluserstories (                 id INT, uniqueid TEXT, name TEXT, status TEXT, rel TEXT) ENGINE=InnoDB DEFAULT CHARSET=utf8:successful"
2023-01-15 09:30:27 I Polar Print           "DELETE FROM userstories WHERE date='2023-01-15':successful"
2023-01-15 09:30:27 I Polar Print           "INSERT INTO userstories (rel, status, count, date) SELECT rel, status, count((@rn := @rn + 1)) as count, '2023-01-15' as date FROM alluserstories cross join (select @rn := 0) const GROUP BY rel, status:successful"
2023-01-15 09:30:30 I Polar Get_alldefects  "[]"
2023-01-15 09:30:30 I Polar Print           "CREATE TABLE IF NOT EXISTS defects (                     rel TEXT, team TEXT, status TEXT, priority TEXT, count INT, date TEXT) ENGINE=InnoDB DEFAULT CHARSET=utf8:successful"
2023-01-15 09:30:30 I Polar Print           "CREATE TABLE IF NOT EXISTS alldefects (                     id INT, uniqueid TEXT, name TEXT, status TEXT, rel TEXT, team TEXT, priority TEXT, jira TEXT, upstream TEXT) ENGINE=InnoDB DEFAULT CHARSET=utf8:successful"
2023-01-15 09:30:30 I Polar Print           "DELETE FROM defects WHERE date='2023-01-15':successful"
2023-01-15 09:30:30 I Polar Print           "INSERT INTO defects (rel, team, status, count, date, priority) SELECT rel, team, status, count((@rn := @rn + 1)) as count, '2023-01-15' as date, priority FROM alldefects cross join (select @rn := 0) const GROUP BY rel, team, status, priority:successful"
2023-01-15 09:31:57 I Polar get_multipickli "Unassigned don't find the mainteam name from G_parameter"
2023-01-15 09:32:00 I Polar get_multipickli "Unassigned don't find the mainteam name from G_parameter"
2023-01-15 09:32:04 I Polar get_multipickli "Unassigned don't find the mainteam name from G_parameter"
2023-01-15 09:33:07 I Polar get_multipickli "Unassigned don't find the mainteam name from G_parameter"
2023-01-15 09:34:24 I Polar get_multipickli "Unassigned don't find the mainteam name from G_parameter"
2023-01-15 09:34:33 I Polar get_multipickli "Unassigned don't find the mainteam name from G_parameter"
2023-01-15 09:34:38 I Polar get_multipickli "Unassigned don't find the mainteam name from G_parameter"
2023-01-15 09:35:32 I Polar get_multipickli "Unassigned don't find the mainteam name from G_parameter"
2023-01-15 09:35:44 I Polar get_multipickli "Unassigned don't find the mainteam name from G_parameter"
2023-01-15 09:36:19 I Polar get_multipickli "Unassigned don't find the mainteam name from G_parameter"
2023-01-15 09:36:59 I Polar get_multipickli "Unassigned don't find the mainteam name from G_parameter"
2023-01-15 09:37:17 I Polar get_multipickli "Unassigned don't find the mainteam name from G_parameter"
2023-01-15 09:37:36 I Polar get_multipickli "Unassigned don't find the mainteam name from G_parameter"
2023-01-15 09:37:55 I Polar get_multipickli "Unassigned don't find the mainteam name from G_parameter"
2023-01-15 09:38:13 I Polar get_multipickli "Unassigned don't find the mainteam name from G_parameter"
2023-01-15 09:38:32 I Polar get_multipickli "Unassigned don't find the mainteam name from G_parameter"
2023-01-15 09:39:08 I Polar get_multipickli "Unassigned don't find the mainteam name from G_parameter"
2023-01-15 09:39:54 I Polar get_multipickli "Unassigned don't find the mainteam name from G_parameter"
2023-01-15 09:39:59 I Polar get_multipickli "Unassigned don't find the mainteam name from G_parameter"
2023-01-15 09:40:04 I Polar get_multipickli "Unassigned don't find the mainteam name from G_parameter"
2023-01-15 09:40:08 I Polar get_multipickli "Unassigned don't find the mainteam name from G_parameter"
2023-01-15 09:40:13 I Polar get_multipickli "Unassigned don't find the mainteam name from G_parameter"
2023-01-15 09:40:18 I Polar get_multipickli "Unassigned don't find the mainteam name from G_parameter"
2023-01-15 09:40:22 I Polar get_multipickli "Unassigned don't find the mainteam name from G_parameter"
2023-01-15 09:40:27 I Polar get_multipickli "Unassigned don't find the mainteam name from G_parameter"
2023-01-15 09:40:31 I Polar get_multipickli "Unassigned don't find the mainteam name from G_parameter"
2023-01-15 09:40:36 I Polar get_multipickli "Unassigned don't find the mainteam name from G_parameter"
2023-01-15 09:40:40 I Polar get_multipickli "Unassigned don't find the mainteam name from G_parameter"
2023-01-15 09:40:45 I Polar get_multipickli "Unassigned don't find the mainteam name from G_parameter"
2023-01-15 09:40:49 I Polar get_multipickli "Unassigned don't find the mainteam name from G_parameter"
2023-01-15 09:40:54 I Polar get_multipickli "Unassigned don't find the mainteam name from G_parameter"
2023-01-15 09:40:58 I Polar get_multipickli "Unassigned don't find the mainteam name from G_parameter"
2023-01-15 09:41:02 I Polar get_multipickli "Unassigned don't find the mainteam name from G_parameter"
2023-01-15 09:41:07 I Polar get_multipickli "Unassigned don't find the mainteam name from G_parameter"
2023-01-15 09:41:11 I Polar get_multipickli "Unassigned don't find the mainteam name from G_parameter"
2023-01-15 09:41:16 I Polar get_multipickli "Unassigned don't find the mainteam name from G_parameter"
2023-01-15 09:41:20 I Polar get_multipickli "Unassigned don't find the mainteam name from G_parameter"
2023-01-15 09:41:25 I Polar get_multipickli "Unassigned don't find the mainteam name from G_parameter"
2023-01-15 09:41:29 I Polar get_multipickli "Unassigned don't find the mainteam name from G_parameter"
2023-01-15 09:41:34 I Polar get_multipickli "Unassigned don't find the mainteam name from G_parameter"
2023-01-15 09:41:39 I Polar get_multipickli "Unassigned don't find the mainteam name from G_parameter"
2023-01-15 09:41:43 I Polar get_multipickli "Unassigned don't find the mainteam name from G_parameter"
2023-01-15 09:41:48 I Polar get_multipickli "Unassigned don't find the mainteam name from G_parameter"
2023-01-15 09:41:52 I Polar get_multipickli "Unassigned don't find the mainteam name from G_parameter"
2023-01-15 09:41:57 I Polar get_multipickli "Unassigned don't find the mainteam name from G_parameter"
2023-01-15 09:42:01 I Polar get_multipickli "Unassigned don't find the mainteam name from G_parameter"
2023-01-15 09:42:05 I Polar get_multipickli "Unassigned don't find the mainteam name from G_parameter"
2023-01-15 09:42:09 I Polar get_multipickli "Unassigned don't find the mainteam name from G_parameter"
2023-01-15 09:42:12 I Polar get_multipickli "Unassigned don't find the mainteam name from G_parameter"
2023-01-15 09:42:16 I Polar get_multipickli "Unassigned don't find the mainteam name from G_parameter"
2023-01-15 09:42:21 I Polar get_multipickli "Unassigned don't find the mainteam name from G_parameter"
2023-01-15 09:42:40 I Polar get_multipickli "Unassigned don't find the mainteam name from G_parameter"
2023-01-15 09:42:44 I Polar get_multipickli "Unassigned don't find the mainteam name from G_parameter"
2023-01-15 09:42:48 I Polar get_multipickli "Unassigned don't find the mainteam name from G_parameter"
2023-01-15 09:42:52 I Polar get_multipickli "Unassigned don't find the mainteam name from G_parameter"
2023-01-15 09:42:56 I Polar get_multipickli "Unassigned don't find the mainteam name from G_parameter"
2023-01-15 09:43:00 I Polar get_multipickli "Unassigned don't find the mainteam name from G_parameter"
2023-01-15 09:43:04 I Polar get_multipickli "Unassigned don't find the mainteam name from G_parameter"
2023-01-15 09:43:24 I Polar get_multipickli "Unassigned don't find the mainteam name from G_parameter"
2023-01-15 09:43:28 I Polar get_multipickli "Unassigned don't find the mainteam name from G_parameter"
2023-01-15 09:43:32 I Polar get_multipickli "Unassigned don't find the mainteam name from G_parameter"
2023-01-15 09:43:35 I Polar get_multipickli "Unassigned don't find the mainteam name from G_parameter"
2023-01-15 09:43:39 I Polar get_multipickli "Unassigned don't find the mainteam name from G_parameter"
2023-01-15 09:43:43 I Polar get_multipickli "Unassigned don't find the mainteam name from G_parameter"
2023-01-15 09:49:58 I Polar get_multipickli "ESW Platform Test don't find the mainteam name from G_parameter"
2023-01-15 09:50:02 I Polar get_multipickli "ESW Platform Test don't find the mainteam name from G_parameter"
2023-01-15 09:50:04 I Polar get_multipickli "ESW Platform Test don't find the mainteam name from G_parameter"
2023-01-15 09:50:21 I Polar get_multipickli "ESW Platform Test don't find the mainteam name from G_parameter"
2023-01-15 09:50:24 I Polar get_multipickli "ESW Platform Test don't find the mainteam name from G_parameter"
2023-01-15 09:50:27 I Polar get_multipickli "ESW Platform Test don't find the mainteam name from G_parameter"
2023-01-15 09:50:39 I Polar get_multipickli "Digital Experience – Android don't find the mainteam name from G_parameter"
2023-01-15 09:50:40 I Polar get_multipickli "Digital Experience – IOS don't find the mainteam name from G_parameter"
2023-01-15 09:50:42 I Polar get_multipickli "Digital Experience – SDK don't find the mainteam name from G_parameter"
2023-01-15 09:50:50 I Polar get_multipickli "Digital Experience – Android don't find the mainteam name from G_parameter"
2023-01-15 09:50:51 I Polar get_multipickli "Digital Experience – IOS don't find the mainteam name from G_parameter"
2023-01-15 09:50:54 I Polar get_multipickli "Unassigned don't find the mainteam name from G_parameter"
2023-01-15 09:50:57 I Polar get_multipickli "Digital Experience – Android don't find the mainteam name from G_parameter"
2023-01-15 09:50:57 I Polar get_multipickli "Digital Experience – IOS don't find the mainteam name from G_parameter"
2023-01-15 09:51:02 I Polar get_multipickli "Digital Experience – Android don't find the mainteam name from G_parameter"
2023-01-15 09:51:02 I Polar get_multipickli "Digital Experience – IOS don't find the mainteam name from G_parameter"
2023-01-15 09:51:05 I Polar get_multipickli "Digital Experience – Android don't find the mainteam name from G_parameter"
2023-01-15 09:51:05 I Polar get_multipickli "Digital Experience – IOS don't find the mainteam name from G_parameter"
2023-01-15 09:54:04 I Polar get_multipickli "Unassigned don't find the mainteam name from G_parameter"
2023-01-15 09:54:07 I Polar get_multipickli "Unassigned don't find the mainteam name from G_parameter"
2023-01-15 09:54:15 I Polar get_multipickli "Unassigned don't find the mainteam name from G_parameter"
2023-01-15 09:55:55 I Polar get_multipickli "Unassigned don't find the mainteam name from G_parameter"
2023-01-15 09:56:03 I Polar get_multipickli "Unassigned don't find the mainteam name from G_parameter"
2023-01-15 09:57:38 I Polar get_multipickli "Unassigned don't find the mainteam name from G_parameter"
2023-01-15 09:57:41 I Polar get_multipickli "Unassigned don't find the mainteam name from G_parameter"
2023-01-15 09:57:44 I Polar get_multipickli "Unassigned don't find the mainteam name from G_parameter"
2023-01-15 09:57:50 I Polar get_multipickli "Unassigned don't find the mainteam name from G_parameter"
2023-01-15 09:57:53 I Polar get_multipickli "Unassigned don't find the mainteam name from G_parameter"
2023-01-15 09:57:59 I Polar get_multipickli "Unassigned don't find the mainteam name from G_parameter"
2023-01-15 09:59:32 I Polar get_multipickli "Digital Experience – Android don't find the mainteam name from G_parameter"
2023-01-15 09:59:32 I Polar get_multipickli "Digital Experience – IOS don't find the mainteam name from G_parameter"
2023-01-15 09:59:48 I Polar get_multipickli "Digital Experience – Android don't find the mainteam name from G_parameter"
2023-01-15 09:59:48 I Polar get_multipickli "Digital Experience – IOS don't find the mainteam name from G_parameter"
2023-01-15 10:00:09 I Polar get_multipickli "Digital Experience – Android don't find the mainteam name from G_parameter"
2023-01-15 10:00:09 I Polar get_multipickli "Digital Experience – IOS don't find the mainteam name from G_parameter"
2023-01-15 10:00:21 I Polar get_multipickli "Digital Experience – Android don't find the mainteam name from G_parameter"
2023-01-15 10:00:21 I Polar get_multipickli "Digital Experience – IOS don't find the mainteam name from G_parameter"
2023-01-15 10:00:40 I Polar get_multipickli "Digital Experience – Android don't find the mainteam name from G_parameter"
2023-01-15 10:00:40 I Polar get_multipickli "Digital Experience – IOS don't find the mainteam name from G_parameter"
2023-01-15 10:00:40 I Polar get_multipickli "Digital Experience – SDK don't find the mainteam name from G_parameter"
2023-01-15 10:00:45 I Polar get_multipickli "Unassigned don't find the mainteam name from G_parameter"
2023-01-15 10:01:29 I Polar get_multipickli "Unassigned don't find the mainteam name from G_parameter"
2023-01-15 10:01:41 I Polar get_multipickli "Unassigned don't find the mainteam name from G_parameter"
2023-01-15 10:01:42 I Polar get_multipickli "Digital Experience – Android don't find the mainteam name from G_parameter"
2023-01-15 10:01:42 I Polar get_multipickli "Digital Experience – IOS don't find the mainteam name from G_parameter"
2023-01-15 10:01:44 I Polar get_multipickli "Digital Experience – Android don't find the mainteam name from G_parameter"
2023-01-15 10:01:44 I Polar get_multipickli "Digital Experience – IOS don't find the mainteam name from G_parameter"
2023-01-15 10:01:46 I Polar get_multipickli "Digital Experience – Android don't find the mainteam name from G_parameter"
2023-01-15 10:01:46 I Polar get_multipickli "Digital Experience – IOS don't find the mainteam name from G_parameter"
2023-01-15 10:01:47 I Polar get_multipickli "Digital Experience – Android don't find the mainteam name from G_parameter"
2023-01-15 10:01:47 I Polar get_multipickli "Digital Experience – IOS don't find the mainteam name from G_parameter"
2023-01-15 10:01:49 I Polar get_multipickli "Digital Experience – Android don't find the mainteam name from G_parameter"
2023-01-15 10:01:49 I Polar get_multipickli "Digital Experience – IOS don't find the mainteam name from G_parameter"
2023-01-15 10:01:51 I Polar get_multipickli "Digital Experience – Android don't find the mainteam name from G_parameter"
2023-01-15 10:01:51 I Polar get_multipickli "Digital Experience – IOS don't find the mainteam name from G_parameter"
2023-01-15 10:01:52 I Polar get_multipickli "Digital Experience – Android don't find the mainteam name from G_parameter"
2023-01-15 10:01:52 I Polar get_multipickli "Digital Experience – IOS don't find the mainteam name from G_parameter"
2023-01-15 10:01:55 I Polar get_multipickli "Unassigned don't find the mainteam name from G_parameter"
2023-01-15 10:01:57 I Polar get_multipickli "Digital Experience – Android don't find the mainteam name from G_parameter"
2023-01-15 10:01:57 I Polar get_multipickli "Digital Experience – IOS don't find the mainteam name from G_parameter"
2023-01-15 10:01:58 I Polar get_multipickli "Digital Experience – Android don't find the mainteam name from G_parameter"
2023-01-15 10:02:00 I Polar get_multipickli "Digital Experience – Android don't find the mainteam name from G_parameter"
2023-01-15 10:02:01 I Polar get_multipickli "Digital Experience – Android don't find the mainteam name from G_parameter"
2023-01-15 10:02:03 I Polar get_multipickli "Digital Experience – Android don't find the mainteam name from G_parameter"
2023-01-15 10:02:04 I Polar get_multipickli "Digital Experience – Android don't find the mainteam name from G_parameter"
2023-01-15 10:02:06 I Polar get_multipickli "Digital Experience – Android don't find the mainteam name from G_parameter"
2023-01-15 10:02:36 I Polar Print           "DROP TABLE IF EXISTS allrequirements:successful"
2023-01-15 10:02:36 I Polar Print           "DROP TABLE IF EXISTS allcoverage:successful"
2023-01-15 10:02:36 I Polar Print           "CREATE TABLE IF NOT EXISTS requirements (                        rel TEXT, status TEXT, count INT, date TEXT) ENGINE=InnoDB DEFAULT CHARSET=utf8:successful"
2023-01-15 10:02:36 I Polar Print           "CREATE TABLE IF NOT EXISTS allrequirements (                        id INT, uniqueid TEXT, name TEXT, status TEXT, rel TEXT, upstream TEXT, downstream TEXT, team TEXT, test_status TEXT) ENGINE=InnoDB DEFAULT CHARSET=utf8:successful"
2023-01-15 10:02:36 I Polar Print           "CREATE TABLE IF NOT EXISTS coverage (                        team text, covered int, expected int, date text) ENGINE=InnoDB DEFAULT CHARSET=utf8:successful"
2023-01-15 10:02:36 I Polar Print           "CREATE TABLE IF NOT EXISTS allcoverage (                        id INT, uniqueid TEXT, name TEXT, status TEXT, rel TEXT, verify TEXT, missing TEXT) ENGINE=InnoDB DEFAULT CHARSET=utf8:successful"
2023-01-15 10:02:36 I Polar Print           "DELETE FROM requirements WHERE date='2023-01-15':successful"
2023-01-15 10:02:36 I Polar Print           "DELETE FROM coverage WHERE date='2023-01-15':successful"
2023-01-15 10:02:36 I Polar Print           "INSERT INTO requirements (rel, status, count, date) SELECT rel, status, count((@rn := @rn + 1)) as count, '2023-01-15' as date FROM allrequirements cross join (select @rn := 0) const GROUP BY rel, status:successful"
2023-01-15 10:02:36 I Polar Print           "CREATE TABLE IF NOT EXISTS feattest (rel TEXT, status TEXT, count TEXT, date TEXT) ENGINE=InnoDB DEFAULT CHARSET=utf8:successful"
2023-01-15 10:02:36 I Polar Print           "CREATE TABLE IF NOT EXISTS reqtest (rel TEXT, status TEXT, count TEXT, date TEXT) ENGINE=InnoDB DEFAULT CHARSET=utf8:successful"
2023-01-15 10:02:36 I Polar Print           "SELECT id FROM allfeatures:successful"
2023-01-15 10:02:36 I Polar Print           "SELECT id,upstream,downstream,team FROM allrequirements:successful"
2023-01-15 10:02:36 I Polar Print           "SELECT id FROM allcoverage:successful"
2023-01-15 10:02:36 I Polar Print           "SELECT * FROM testcases:successful"
