2023-01-15 09:34:30 I Stell Print           "Connet 20624 successfully!!!"
2023-01-15 09:34:30 I Stell Get_alltests    "Get project name:Stella JDM id:20624 all testplans"
2023-01-15 09:34:32 I Stell Get_alltests    "{9828421: {'id': 9828421, 'name': 'ESW Test Plan for Geode', 'archived': False, 'index': '9828421:ESW Test Plan for Geode'}, 10074978: {'id': 10074978, 'name': 'Packaging Verification Test Plan', 'archived': False, 'index': '10074978:Packaging Verification Test Plan'}, 10212226: {'id': 10212226, 'name': 'Regulatory Compliance Test Plan', 'archived': False, 'index': '10212226:Regulatory Compliance Test Plan'}}"
2023-01-15 09:34:32 I Stell Get_alltests    "Get project name:Stella JDM id:20624 all testplans successful!!!"
2023-01-15 09:35:57 I Stell tidy_alltestcas "200"
2023-01-15 09:36:28 I Stell Print           "DROP TABLE IF EXISTS testcases:successful"
2023-01-15 09:36:28 I Stell Print           "CREATE TABLE IF NOT EXISTS testcases (                             testplan_id INT,                             testplan_name TEXT,                             testgroup_id INT,                             testgroup_name TEXT,                             testcycle_id INT,                             testcycle_name TEXT,                             rel TEXT,                             id INT,                             uniqueid TEXT,                             name TEXT,                             status TEXT,                             upstream TEXT,                             downstream TEXT,                             executionDate TEXT) ENGINE=InnoDB DEFAULT CHARSET=utf8:successful"
2023-01-15 09:36:28 I Stell update_database "Insert testcases table successful"
2023-01-15 09:36:28 I Stell Print           "CREATE TABLE IF NOT EXISTS tests (                             testplan_id INT,                             testplan_name TEXT,                             testplan_status TEXT,                             rel TEXT, status TEXT,                             count INT, date TEXT) ENGINE=InnoDB DEFAULT CHARSET=utf8:successful"
2023-01-15 09:36:28 I Stell Print           "DELETE FROM tests WHERE date='2023-01-15':successful"
2023-01-15 09:36:28 I Stell Print           "SELECT testplan_id FROM tests GROUP BY testplan_id:successful"
2023-01-15 09:36:28 I Stell Print           "SELECT testplan_name FROM tests WHERE testplan_id=9828421 LIMIT 1:successful"
2023-01-15 09:36:28 I Stell Print           "UPDATE tests SET testplan_status='Active' WHERE testplan_id=9828421:successful"
2023-01-15 09:36:28 I Stell Print           "SELECT testplan_name FROM tests WHERE testplan_id=10074978 LIMIT 1:successful"
2023-01-15 09:36:28 I Stell Print           "UPDATE tests SET testplan_status='Active' WHERE testplan_id=10074978:successful"
2023-01-15 09:36:28 I Stell Print           "SELECT testplan_name FROM tests WHERE testplan_id=10212226 LIMIT 1:successful"
2023-01-15 09:36:28 I Stell Print           "UPDATE tests SET testplan_status='Active' WHERE testplan_id=10212226:successful"
2023-01-15 09:36:28 I Stell Print           "INSERT INTO tests (testplan_id, testplan_name, testplan_status, rel, status, count, date) SELECT testplan_id, testplan_name, 'Active' as testplan_status, rel, status, count((@rn := @rn + 1)) as count, '2023-01-15' as date FROM testcases cross join (select @rn := 0) const GROUP BY testplan_id, rel, status:successful"
2023-01-15 09:36:28 I Stell update_database "Insert tests table successful"
2023-01-15 09:36:28 I Stell Print           "CREATE TABLE IF NOT EXISTS testapproval (                                 rel TEXT, team TEXT, status TEXT, upstream TEXT, count INT, date TEXT                                 ) ENGINE=InnoDB DEFAULT CHARSET=utf8:successful"
2023-01-15 09:36:28 I Stell Print           "DROP TABLE IF EXISTS alltestapproval:successful"
2023-01-15 09:36:28 I Stell Print           "CREATE TABLE IF NOT EXISTS alltestapproval (                                 id INT, uniqueid TEXT, name TEXT, status TEXT, rel TEXT, team TEXT, upstream TEXT                                 ) ENGINE=InnoDB DEFAULT CHARSET=utf8:successful"
2023-01-15 09:36:28 I Stell Print           "DELETE FROM testapproval WHERE date='2023-01-15':successful"
2023-01-15 09:36:28 I Stell Print           "INSERT INTO testapproval (rel, team, status, count, date, upstream) SELECT rel, team, status, count((@rn := @rn + 1)) as count, '2023-01-15' as date, upstream FROM alltestapproval cross join (select @rn := 0) const GROUP BY rel, team, status, upstream:successful"
2023-01-15 09:36:40 I Stell Get_allfeatuers "[]"
2023-01-15 09:36:40 I Stell Print           "CREATE TABLE IF NOT EXISTS features (                                rel TEXT, status TEXT, count INT, date TEXT) ENGINE=InnoDB DEFAULT CHARSET=utf8:successful"
2023-01-15 09:36:40 I Stell Print           "CREATE TABLE IF NOT EXISTS allfeatures (                                id INT, uniqueid TEXT, name TEXT, status TEXT, rel TEXT,test_status TEXT) ENGINE=InnoDB DEFAULT CHARSET=utf8:successful"
2023-01-15 09:36:40 I Stell Print           "DELETE FROM features WHERE date='2023-01-15':successful"
2023-01-15 09:36:40 I Stell Print           "DELETE FROM allfeatures WHERE id=19805811:successful"
2023-01-15 09:36:40 I Stell Print           "DELETE FROM allfeatures WHERE id=19760921:successful"
2023-01-15 09:36:40 I Stell Print           "INSERT INTO features (rel, status, count, date)                                 SELECT rel, status, count((@rn := @rn + 1)) as count, '2023-01-15' as date FROM allfeatures cross join (select @rn := 0) const GROUP BY rel, status:successful"
2023-01-15 09:36:46 I Stell Get_allchangere "[]"
2023-01-15 09:36:46 I Stell Print           "CREATE TABLE IF NOT EXISTS changes (                                 rel TEXT, status TEXT, priority TEXT,                                 requester TEXT, date TEXT, count INT) ENGINE=InnoDB DEFAULT CHARSET=utf8:successful"
2023-01-15 09:36:46 I Stell Print           "CREATE TABLE IF NOT EXISTS allchanges (                                 id INT, uniqueid TEXT, name TEXT,                                 status TEXT, rel TEXT, priority TEXT,                                 requester TEXT) ENGINE=InnoDB DEFAULT CHARSET=utf8:successful"
2023-01-15 09:36:46 I Stell Print           "DELETE FROM changes WHERE date='2023-01-15':successful"
2023-01-15 09:36:46 I Stell Print           "INSERT INTO changes (                                 rel, status, priority, requester, date, count)                                 SELECT rel, status, priority, requester, '2023-01-15' as date, count((@rn := @rn + 1)) as count FROM allchanges                                 cross join (select @rn := 0) const GROUP BY rel, status, priority, requester:successful"
2023-01-15 09:36:53 I Stell Print           "CREATE TABLE IF NOT EXISTS designspec (                            rel TEXT, team TEXT, status TEXT, count INT, date text) ENGINE=InnoDB DEFAULT CHARSET=utf8:successful"
2023-01-15 09:36:53 I Stell Print           "CREATE TABLE IF NOT EXISTS alldesignspec (                             id INT, uniqueid TEXT, name TEXT, status TEXT, rel TEXT, team TEXT) ENGINE=InnoDB DEFAULT CHARSET=utf8:successful"
2023-01-15 09:36:53 I Stell Print           "DELETE FROM designspec WHERE date='2023-01-15':successful"
2023-01-15 09:36:53 I Stell Print           "INSERT INTO designspec (rel, team, status, count, date) SELECT rel, team, status, count((@rn := @rn + 1)) as count, '2023-01-15' as date FROM alldesignspec cross join (select @rn := 0) const GROUP BY rel, team, status:successful"
2023-01-15 09:37:05 I Stell Get_alluserstor "[]"
2023-01-15 09:37:05 I Stell Print           "CREATE TABLE IF NOT EXISTS userstories (                 rel TEXT, status TEXT, count INT, date TEXT) ENGINE=InnoDB DEFAULT CHARSET=utf8:successful"
2023-01-15 09:37:05 I Stell Print           "CREATE TABLE IF NOT EXISTS alluserstories (                 id INT, uniqueid TEXT, name TEXT, status TEXT, rel TEXT) ENGINE=InnoDB DEFAULT CHARSET=utf8:successful"
2023-01-15 09:37:05 I Stell Print           "DELETE FROM userstories WHERE date='2023-01-15':successful"
2023-01-15 09:37:05 I Stell Print           "INSERT INTO userstories (rel, status, count, date) SELECT rel, status, count((@rn := @rn + 1)) as count, '2023-01-15' as date FROM alluserstories cross join (select @rn := 0) const GROUP BY rel, status:successful"
2023-01-15 09:37:18 I Stell Get_alldefects  "[]"
2023-01-15 09:37:18 I Stell Print           "CREATE TABLE IF NOT EXISTS defects (                     rel TEXT, team TEXT, status TEXT, priority TEXT, count INT, date TEXT) ENGINE=InnoDB DEFAULT CHARSET=utf8:successful"
2023-01-15 09:37:18 I Stell Print           "CREATE TABLE IF NOT EXISTS alldefects (                     id INT, uniqueid TEXT, name TEXT, status TEXT, rel TEXT, team TEXT, priority TEXT, jira TEXT, upstream TEXT) ENGINE=InnoDB DEFAULT CHARSET=utf8:successful"
2023-01-15 09:37:18 I Stell Print           "DELETE FROM defects WHERE date='2023-01-15':successful"
2023-01-15 09:37:18 I Stell Print           "INSERT INTO defects (rel, team, status, count, date, priority) SELECT rel, team, status, count((@rn := @rn + 1)) as count, '2023-01-15' as date, priority FROM alldefects cross join (select @rn := 0) const GROUP BY rel, team, status, priority:successful"
2023-01-15 09:38:12 I Stell get_multipickli "Unassigned don't find the mainteam name from G_parameter"
2023-01-15 09:39:23 I Stell get_multipickli "Unassigned don't find the mainteam name from G_parameter"
2023-01-15 09:39:28 I Stell get_multipickli "Unassigned don't find the mainteam name from G_parameter"
2023-01-15 09:39:34 I Stell get_multipickli "Unassigned don't find the mainteam name from G_parameter"
2023-01-15 09:39:38 I Stell get_multipickli "Unassigned don't find the mainteam name from G_parameter"
2023-01-15 09:43:51 I Stell get_multipickli "Unassigned don't find the mainteam name from G_parameter"
2023-01-15 09:49:57 I Stell Print           "DROP TABLE IF EXISTS allrequirements:successful"
2023-01-15 09:49:57 I Stell Print           "DROP TABLE IF EXISTS allcoverage:successful"
2023-01-15 09:49:57 I Stell Print           "CREATE TABLE IF NOT EXISTS requirements (                        rel TEXT, status TEXT, count INT, date TEXT) ENGINE=InnoDB DEFAULT CHARSET=utf8:successful"
2023-01-15 09:49:57 I Stell Print           "CREATE TABLE IF NOT EXISTS allrequirements (                        id INT, uniqueid TEXT, name TEXT, status TEXT, rel TEXT, upstream TEXT, downstream TEXT, team TEXT, test_status TEXT) ENGINE=InnoDB DEFAULT CHARSET=utf8:successful"
2023-01-15 09:49:57 I Stell Print           "CREATE TABLE IF NOT EXISTS coverage (                        team text, covered int, expected int, date text) ENGINE=InnoDB DEFAULT CHARSET=utf8:successful"
2023-01-15 09:49:57 I Stell Print           "CREATE TABLE IF NOT EXISTS allcoverage (                        id INT, uniqueid TEXT, name TEXT, status TEXT, rel TEXT, verify TEXT, missing TEXT) ENGINE=InnoDB DEFAULT CHARSET=utf8:successful"
2023-01-15 09:49:57 I Stell Print           "DELETE FROM requirements WHERE date='2023-01-15':successful"
2023-01-15 09:49:57 I Stell Print           "DELETE FROM coverage WHERE date='2023-01-15':successful"
2023-01-15 09:49:57 I Stell Print           "INSERT INTO requirements (rel, status, count, date) SELECT rel, status, count((@rn := @rn + 1)) as count, '2023-01-15' as date FROM allrequirements cross join (select @rn := 0) const GROUP BY rel, status:successful"
2023-01-15 09:49:57 I Stell Print           "CREATE TABLE IF NOT EXISTS feattest (rel TEXT, status TEXT, count TEXT, date TEXT) ENGINE=InnoDB DEFAULT CHARSET=utf8:successful"
2023-01-15 09:49:57 I Stell Print           "CREATE TABLE IF NOT EXISTS reqtest (rel TEXT, status TEXT, count TEXT, date TEXT) ENGINE=InnoDB DEFAULT CHARSET=utf8:successful"
2023-01-15 09:49:57 I Stell Print           "SELECT id FROM allfeatures:successful"
2023-01-15 09:49:57 I Stell Print           "SELECT id,upstream,downstream,team FROM allrequirements:successful"
2023-01-15 09:49:57 I Stell Print           "SELECT id FROM allcoverage:successful"
2023-01-15 09:49:57 I Stell Print           "SELECT * FROM testcases:successful"
