2023-01-25 08:35:05 I Elano Print           "Connet 20603 successfully!!!"
2023-01-25 08:35:05 I Elano Get_alltests    "Get project name:Elanor id:20603 all testplans"
2023-01-25 08:35:06 I Elano Get_alltests    "{}"
2023-01-25 08:35:06 I Elano Get_alltests    "Get project name:Elanor id:20603 all testplans successful!!!"
2023-01-25 08:35:06 I Elano tidy_alltestcas "0"
2023-01-25 08:35:06 I Elano Print           "DROP TABLE IF EXISTS testcases:successful"
2023-01-25 08:35:06 I Elano Print           "CREATE TABLE IF NOT EXISTS testcases (                             testplan_id INT,                             testplan_name TEXT,                             testgroup_id INT,                             testgroup_name TEXT,                             testcycle_id INT,                             testcycle_name TEXT,                             rel TEXT,                             id INT,                             uniqueid TEXT,                             name TEXT,                             status TEXT,                             upstream TEXT,                             downstream TEXT,                             executionDate TEXT) ENGINE=InnoDB DEFAULT CHARSET=utf8:successful"
2023-01-25 08:35:06 I Elano update_database "Insert testcases table successful"
2023-01-25 08:35:06 I Elano Print           "CREATE TABLE IF NOT EXISTS tests (                             testplan_id INT,                             testplan_name TEXT,                             testplan_status TEXT,                             rel TEXT, status TEXT,                             count INT, date TEXT) ENGINE=InnoDB DEFAULT CHARSET=utf8:successful"
2023-01-25 08:35:06 I Elano Print           "DELETE FROM tests WHERE date='2023-01-25':successful"
2023-01-25 08:35:06 I Elano Print           "SELECT testplan_id FROM tests GROUP BY testplan_id:successful"
2023-01-25 08:35:06 I Elano Print           "INSERT INTO tests (testplan_id, testplan_name, testplan_status, rel, status, count, date) SELECT testplan_id, testplan_name, 'Active' as testplan_status, rel, status, count((@rn := @rn + 1)) as count, '2023-01-25' as date FROM testcases cross join (select @rn := 0) const GROUP BY testplan_id, rel, status:successful"
2023-01-25 08:35:06 I Elano update_database "Insert tests table successful"
2023-01-25 08:35:06 I Elano Print           "CREATE TABLE IF NOT EXISTS testapproval (                                 rel TEXT, team TEXT, status TEXT, upstream TEXT, count INT, date TEXT                                 ) ENGINE=InnoDB DEFAULT CHARSET=utf8:successful"
2023-01-25 08:35:06 I Elano Print           "DROP TABLE IF EXISTS alltestapproval:successful"
2023-01-25 08:35:06 I Elano Print           "CREATE TABLE IF NOT EXISTS alltestapproval (                                 id INT, uniqueid TEXT, name TEXT, status TEXT, rel TEXT, team TEXT, upstream TEXT                                 ) ENGINE=InnoDB DEFAULT CHARSET=utf8:successful"
2023-01-25 08:35:06 I Elano Print           "DELETE FROM testapproval WHERE date='2023-01-25':successful"
2023-01-25 08:35:06 I Elano Print           "INSERT INTO testapproval (rel, team, status, count, date, upstream) SELECT rel, team, status, count((@rn := @rn + 1)) as count, '2023-01-25' as date, upstream FROM alltestapproval cross join (select @rn := 0) const GROUP BY rel, team, status, upstream:successful"
2023-01-25 08:35:09 I Elano Get_allfeatuers "[]"
2023-01-25 08:35:09 I Elano Print           "CREATE TABLE IF NOT EXISTS features (                                rel TEXT, status TEXT, count INT, date TEXT) ENGINE=InnoDB DEFAULT CHARSET=utf8:successful"
2023-01-25 08:35:09 I Elano Print           "CREATE TABLE IF NOT EXISTS allfeatures (                                id INT, uniqueid TEXT, name TEXT, status TEXT, rel TEXT,test_status TEXT) ENGINE=InnoDB DEFAULT CHARSET=utf8:successful"
2023-01-25 08:35:09 I Elano Print           "DELETE FROM features WHERE date='2023-01-25':successful"
2023-01-25 08:35:09 I Elano Print           "DELETE FROM allfeatures WHERE id=18553605:successful"
2023-01-25 08:35:09 I Elano Print           "DELETE FROM allfeatures WHERE id=18387242:successful"
2023-01-25 08:35:09 I Elano Print           "DELETE FROM allfeatures WHERE id=18384363:successful"
2023-01-25 08:35:09 I Elano Print           "DELETE FROM allfeatures WHERE id=18384290:successful"
2023-01-25 08:35:09 I Elano Print           "DELETE FROM allfeatures WHERE id=18383799:successful"
2023-01-25 08:35:09 I Elano Print           "DELETE FROM allfeatures WHERE id=18362052:successful"
2023-01-25 08:35:09 I Elano Print           "DELETE FROM allfeatures WHERE id=18343391:successful"
2023-01-25 08:35:09 I Elano Print           "DELETE FROM allfeatures WHERE id=18316326:successful"
2023-01-25 08:35:09 I Elano Print           "DELETE FROM allfeatures WHERE id=18316322:successful"
2023-01-25 08:35:09 I Elano Print           "DELETE FROM allfeatures WHERE id=18314391:successful"
2023-01-25 08:35:09 I Elano Print           "DELETE FROM allfeatures WHERE id=18314290:successful"
2023-01-25 08:35:09 I Elano Print           "DELETE FROM allfeatures WHERE id=18313782:successful"
2023-01-25 08:35:09 I Elano Print           "INSERT INTO features (rel, status, count, date)                                 SELECT rel, status, count((@rn := @rn + 1)) as count, '2023-01-25' as date FROM allfeatures cross join (select @rn := 0) const GROUP BY rel, status:successful"
2023-01-25 08:35:11 I Elano Get_allchangere "[]"
2023-01-25 08:35:11 I Elano Print           "CREATE TABLE IF NOT EXISTS changes (                                 rel TEXT, status TEXT, priority TEXT,                                 requester TEXT, date TEXT, count INT) ENGINE=InnoDB DEFAULT CHARSET=utf8:successful"
2023-01-25 08:35:11 I Elano Print           "CREATE TABLE IF NOT EXISTS allchanges (                                 id INT, uniqueid TEXT, name TEXT,                                 status TEXT, rel TEXT, priority TEXT,                                 requester TEXT) ENGINE=InnoDB DEFAULT CHARSET=utf8:successful"
2023-01-25 08:35:11 I Elano Print           "DELETE FROM changes WHERE date='2023-01-25':successful"
2023-01-25 08:35:11 I Elano Print           "INSERT INTO changes (                                 rel, status, priority, requester, date, count)                                 SELECT rel, status, priority, requester, '2023-01-25' as date, count((@rn := @rn + 1)) as count FROM allchanges                                 cross join (select @rn := 0) const GROUP BY rel, status, priority, requester:successful"
2023-01-25 08:35:13 I Elano Print           "CREATE TABLE IF NOT EXISTS designspec (                            rel TEXT, team TEXT, status TEXT, count INT, date text) ENGINE=InnoDB DEFAULT CHARSET=utf8:successful"
2023-01-25 08:35:13 I Elano Print           "CREATE TABLE IF NOT EXISTS alldesignspec (                             id INT, uniqueid TEXT, name TEXT, status TEXT, rel TEXT, team TEXT) ENGINE=InnoDB DEFAULT CHARSET=utf8:successful"
2023-01-25 08:35:13 I Elano Print           "DELETE FROM designspec WHERE date='2023-01-25':successful"
2023-01-25 08:35:13 I Elano Print           "INSERT INTO designspec (rel, team, status, count, date) SELECT rel, team, status, count((@rn := @rn + 1)) as count, '2023-01-25' as date FROM alldesignspec cross join (select @rn := 0) const GROUP BY rel, team, status:successful"
2023-01-25 08:35:16 I Elano Get_alluserstor "[]"
2023-01-25 08:35:16 I Elano Print           "CREATE TABLE IF NOT EXISTS userstories (                 rel TEXT, status TEXT, count INT, date TEXT) ENGINE=InnoDB DEFAULT CHARSET=utf8:successful"
2023-01-25 08:35:16 I Elano Print           "CREATE TABLE IF NOT EXISTS alluserstories (                 id INT, uniqueid TEXT, name TEXT, status TEXT, rel TEXT) ENGINE=InnoDB DEFAULT CHARSET=utf8:successful"
2023-01-25 08:35:17 I Elano Print           "DELETE FROM userstories WHERE date='2023-01-25':successful"
2023-01-25 08:35:17 I Elano Print           "INSERT INTO userstories (rel, status, count, date) SELECT rel, status, count((@rn := @rn + 1)) as count, '2023-01-25' as date FROM alluserstories cross join (select @rn := 0) const GROUP BY rel, status:successful"
2023-01-25 08:35:20 I Elano Get_alldefects  "[]"
2023-01-25 08:35:20 I Elano Print           "CREATE TABLE IF NOT EXISTS defects (                     rel TEXT, team TEXT, status TEXT, priority TEXT, count INT, date TEXT) ENGINE=InnoDB DEFAULT CHARSET=utf8:successful"
2023-01-25 08:35:20 I Elano Print           "CREATE TABLE IF NOT EXISTS alldefects (                     id INT, uniqueid TEXT, name TEXT, status TEXT, rel TEXT, team TEXT, priority TEXT, jira TEXT, upstream TEXT) ENGINE=InnoDB DEFAULT CHARSET=utf8:successful"
2023-01-25 08:35:20 I Elano Print           "DELETE FROM defects WHERE date='2023-01-25':successful"
2023-01-25 08:35:20 I Elano Print           "INSERT INTO defects (rel, team, status, count, date, priority) SELECT rel, team, status, count((@rn := @rn + 1)) as count, '2023-01-25' as date, priority FROM alldefects cross join (select @rn := 0) const GROUP BY rel, team, status, priority:successful"
2023-01-25 08:36:01 I Elano get_multipickli "Unassigned don't find the mainteam name from G_parameter"
2023-01-25 08:36:24 I Elano get_multipickli "Unassigned don't find the mainteam name from G_parameter"
2023-01-25 08:36:29 I Elano get_multipickli "Unassigned don't find the mainteam name from G_parameter"
2023-01-25 08:37:30 I Elano get_multipickli "Unassigned don't find the mainteam name from G_parameter"
2023-01-25 08:37:57 I Elano get_multipickli "Unassigned don't find the mainteam name from G_parameter"
2023-01-25 08:38:07 I Elano get_multipickli "Unassigned don't find the mainteam name from G_parameter"
2023-01-25 08:38:14 I Elano get_multipickli "Unassigned don't find the mainteam name from G_parameter"
2023-01-25 08:38:19 I Elano get_multipickli "Unassigned don't find the mainteam name from G_parameter"
2023-01-25 08:38:24 I Elano get_multipickli "Unassigned don't find the mainteam name from G_parameter"
2023-01-25 08:38:32 I Elano get_multipickli "Unassigned don't find the mainteam name from G_parameter"
2023-01-25 08:38:37 I Elano get_multipickli "Unassigned don't find the mainteam name from G_parameter"
2023-01-25 08:38:43 I Elano get_multipickli "Unassigned don't find the mainteam name from G_parameter"
2023-01-25 08:38:48 I Elano get_multipickli "Unassigned don't find the mainteam name from G_parameter"
2023-01-25 08:38:53 I Elano get_multipickli "Unassigned don't find the mainteam name from G_parameter"
2023-01-25 08:38:58 I Elano get_multipickli "Unassigned don't find the mainteam name from G_parameter"
2023-01-25 08:39:16 I Elano get_multipickli "Unassigned don't find the mainteam name from G_parameter"
2023-01-25 08:47:40 I Elano get_multipickli "Digital Experience – Android don't find the mainteam name from G_parameter"
2023-01-25 08:47:41 I Elano get_multipickli "Digital Experience – IOS don't find the mainteam name from G_parameter"
2023-01-25 08:48:16 I Elano get_multipickli "Digital Experience – Android don't find the mainteam name from G_parameter"
2023-01-25 08:48:16 I Elano get_multipickli "Digital Experience – IOS don't find the mainteam name from G_parameter"
2023-01-25 08:48:23 I Elano get_multipickli "Digital Experience – SDK don't find the mainteam name from G_parameter"
2023-01-25 08:48:28 I Elano get_multipickli "Digital Experience – SDK don't find the mainteam name from G_parameter"
2023-01-25 08:48:44 I Elano get_multipickli "Digital Experience – IOS don't find the mainteam name from G_parameter"
2023-01-25 08:48:49 I Elano get_multipickli "Digital Experience – Android don't find the mainteam name from G_parameter"
2023-01-25 08:48:49 I Elano get_multipickli "Digital Experience – IOS don't find the mainteam name from G_parameter"
2023-01-25 08:49:09 I Elano get_multipickli "ESW Platform Test don't find the mainteam name from G_parameter"
2023-01-25 08:49:14 I Elano get_multipickli "ESW Platform Test don't find the mainteam name from G_parameter"
2023-01-25 08:49:40 I Elano get_multipickli "Digital Experience – Android don't find the mainteam name from G_parameter"
2023-01-25 08:49:40 I Elano get_multipickli "Digital Experience – IOS don't find the mainteam name from G_parameter"
2023-01-25 08:50:12 I Elano get_multipickli "Unassigned don't find the mainteam name from G_parameter"
2023-01-25 08:54:45 I Elano get_multipickli "Unassigned don't find the mainteam name from G_parameter"
2023-01-25 08:54:50 I Elano get_multipickli "Unassigned don't find the mainteam name from G_parameter"
2023-01-25 08:55:01 I Elano get_multipickli "Unassigned don't find the mainteam name from G_parameter"
2023-01-25 08:55:12 I Elano get_multipickli "Unassigned don't find the mainteam name from G_parameter"
2023-01-25 08:55:17 I Elano get_multipickli "Unassigned don't find the mainteam name from G_parameter"
2023-01-25 08:55:28 I Elano get_multipickli "Unassigned don't find the mainteam name from G_parameter"
2023-01-25 08:56:56 I Elano get_multipickli "Unassigned don't find the mainteam name from G_parameter"
2023-01-25 08:57:07 I Elano get_multipickli "Unassigned don't find the mainteam name from G_parameter"
2023-01-25 08:57:18 I Elano get_multipickli "Digital Experience – Android don't find the mainteam name from G_parameter"
2023-01-25 08:57:18 I Elano get_multipickli "Digital Experience – IOS don't find the mainteam name from G_parameter"
2023-01-25 08:57:23 I Elano get_multipickli "Digital Experience – SDK don't find the mainteam name from G_parameter"
2023-01-25 08:57:39 I Elano get_multipickli "Digital Experience – Android don't find the mainteam name from G_parameter"
2023-01-25 08:57:39 I Elano get_multipickli "Digital Experience – IOS don't find the mainteam name from G_parameter"
2023-01-25 08:58:27 I Elano get_multipickli "Digital Experience – IOS don't find the mainteam name from G_parameter"
2023-01-25 08:58:27 I Elano get_multipickli "Digital Experience – SDK don't find the mainteam name from G_parameter"
2023-01-25 08:58:33 I Elano get_multipickli "Digital Experience – Android don't find the mainteam name from G_parameter"
2023-01-25 08:58:33 I Elano get_multipickli "Digital Experience – IOS don't find the mainteam name from G_parameter"
2023-01-25 08:58:33 I Elano get_multipickli "Digital Experience – SDK don't find the mainteam name from G_parameter"
2023-01-25 09:00:11 I Elano get_multipickli "Unassigned don't find the mainteam name from G_parameter"
2023-01-25 09:00:24 I Elano get_multipickli "Digital Experience – Android don't find the mainteam name from G_parameter"
2023-01-25 09:00:24 I Elano get_multipickli "Digital Experience – IOS don't find the mainteam name from G_parameter"
2023-01-25 09:01:31 I Elano get_multipickli "Unassigned don't find the mainteam name from G_parameter"
2023-01-25 09:01:45 I Elano get_multipickli "Unassigned don't find the mainteam name from G_parameter"
2023-01-25 09:01:50 I Elano get_multipickli "Unassigned don't find the mainteam name from G_parameter"
2023-01-25 09:02:15 I Elano get_multipickli "Unassigned don't find the mainteam name from G_parameter"
2023-01-25 09:02:25 I Elano get_multipickli "Unassigned don't find the mainteam name from G_parameter"
2023-01-25 09:03:46 I Elano get_multipickli "Unassigned don't find the mainteam name from G_parameter"
2023-01-25 09:04:05 I Elano get_multipickli "Unassigned don't find the mainteam name from G_parameter"
2023-01-25 09:04:23 I Elano get_multipickli "Unassigned don't find the mainteam name from G_parameter"
2023-01-25 09:04:41 I Elano get_multipickli "Unassigned don't find the mainteam name from G_parameter"
2023-01-25 09:04:58 I Elano get_multipickli "Unassigned don't find the mainteam name from G_parameter"
2023-01-25 09:05:44 I Elano get_multipickli "Unassigned don't find the mainteam name from G_parameter"
2023-01-25 09:12:55 E Elano Print           "HTTPSConnectionPool(host='jabra.jamacloud.com', port=443): Max retries exceeded with url: /rest/v1/items/9187801/upstreamrelationships (Caused by NewConnectionError('<urllib3.connection.VerifiedHTTPSConnection object at 0x08A63970>: Failed to establish a new connection: [WinError 10060] A connection attempt failed because the connected party did not properly respond after a period of time, or established connection failed because connected host has failed to respond'))"
2023-01-25 09:16:11 E Elano Print           "HTTPSConnectionPool(host='jabra.jamacloud.com', port=443): Max retries exceeded with url: /rest/v1/items/9187806/downstreamrelated (Caused by NewConnectionError('<urllib3.connection.VerifiedHTTPSConnection object at 0x0587B470>: Failed to establish a new connection: [WinError 10060] A connection attempt failed because the connected party did not properly respond after a period of time, or established connection failed because connected host has failed to respond'))"
2023-01-25 09:18:42 E Elano Print           "HTTPSConnectionPool(host='jabra.jamacloud.com', port=443): Max retries exceeded with url: /rest/v1/items/9187812/upstreamrelationships (Caused by NewConnectionError('<urllib3.connection.VerifiedHTTPSConnection object at 0x0DDEF2B0>: Failed to establish a new connection: [WinError 10060] A connection attempt failed because the connected party did not properly respond after a period of time, or established connection failed because connected host has failed to respond'))"
2023-01-25 09:21:11 E Elano Print           "HTTPSConnectionPool(host='jabra.jamacloud.com', port=443): Max retries exceeded with url: /rest/v1/items/9187814/downstreamrelated (Caused by NewConnectionError('<urllib3.connection.VerifiedHTTPSConnection object at 0x0587B830>: Failed to establish a new connection: [WinError 10060] A connection attempt failed because the connected party did not properly respond after a period of time, or established connection failed because connected host has failed to respond'))"
2023-01-25 09:22:29 I Elano get_multipickli "Unassigned don't find the mainteam name from G_parameter"
2023-01-25 09:22:33 I Elano get_multipickli "Unassigned don't find the mainteam name from G_parameter"
2023-01-25 09:22:37 I Elano get_multipickli "Unassigned don't find the mainteam name from G_parameter"
2023-01-25 09:22:44 I Elano get_multipickli "Unassigned don't find the mainteam name from G_parameter"
2023-01-25 09:22:48 I Elano get_multipickli "Unassigned don't find the mainteam name from G_parameter"
2023-01-25 09:22:56 I Elano Print           "DROP TABLE IF EXISTS allrequirements:successful"
2023-01-25 09:22:56 I Elano Print           "DROP TABLE IF EXISTS allcoverage:successful"
2023-01-25 09:22:56 I Elano Print           "CREATE TABLE IF NOT EXISTS requirements (                        rel TEXT, status TEXT, count INT, date TEXT) ENGINE=InnoDB DEFAULT CHARSET=utf8:successful"
2023-01-25 09:22:56 I Elano Print           "CREATE TABLE IF NOT EXISTS allrequirements (                        id INT, uniqueid TEXT, name TEXT, status TEXT, rel TEXT, upstream TEXT, downstream TEXT, team TEXT, test_status TEXT) ENGINE=InnoDB DEFAULT CHARSET=utf8:successful"
2023-01-25 09:22:56 I Elano Print           "CREATE TABLE IF NOT EXISTS coverage (                        team text, covered int, expected int, date text) ENGINE=InnoDB DEFAULT CHARSET=utf8:successful"
2023-01-25 09:22:56 I Elano Print           "CREATE TABLE IF NOT EXISTS allcoverage (                        id INT, uniqueid TEXT, name TEXT, status TEXT, rel TEXT, verify TEXT, missing TEXT) ENGINE=InnoDB DEFAULT CHARSET=utf8:successful"
2023-01-25 09:22:56 I Elano Print           "DELETE FROM requirements WHERE date='2023-01-25':successful"
2023-01-25 09:22:56 I Elano Print           "DELETE FROM coverage WHERE date='2023-01-25':successful"
2023-01-25 09:22:56 I Elano Print           "INSERT INTO requirements (rel, status, count, date) SELECT rel, status, count((@rn := @rn + 1)) as count, '2023-01-25' as date FROM allrequirements cross join (select @rn := 0) const GROUP BY rel, status:successful"
2023-01-25 09:22:56 I Elano Print           "CREATE TABLE IF NOT EXISTS feattest (rel TEXT, status TEXT, count TEXT, date TEXT) ENGINE=InnoDB DEFAULT CHARSET=utf8:successful"
2023-01-25 09:22:56 I Elano Print           "CREATE TABLE IF NOT EXISTS reqtest (rel TEXT, status TEXT, count TEXT, date TEXT) ENGINE=InnoDB DEFAULT CHARSET=utf8:successful"
2023-01-25 09:22:56 I Elano Print           "SELECT id FROM allfeatures:successful"
2023-01-25 09:22:56 I Elano Print           "SELECT id,upstream,downstream,team FROM allrequirements:successful"
2023-01-25 09:22:56 I Elano Print           "SELECT id FROM allcoverage:successful"
2023-01-25 09:22:56 I Elano Print           "SELECT * FROM testcases:successful"
