2023-01-25 08:29:29 I Odin  Print           "Connet 20550 successfully!!!"
2023-01-25 08:29:29 I Odin  Get_alltests    "Get project name:Odin id:20550 all testplans"
2023-01-25 08:29:31 I Odin  Get_alltests    "{7979358: {'id': 7979358, 'name': 'Product Verification Test Plan', 'archived': False, 'index': '7979358:Product Verification Test Plan'}, 8559429: {'id': 8559429, 'name': 'UX Test Plan', 'archived': False, 'index': '8559429:UX Test Plan'}}"
2023-01-25 08:29:31 I Odin  Get_alltests    "Get project name:Odin id:20550 all testplans successful!!!"
2023-01-25 08:30:37 I Odin  tidy_alltestcas "101"
2023-01-25 08:31:05 I Odin  Print           "DROP TABLE IF EXISTS testcases:successful"
2023-01-25 08:31:05 I Odin  Print           "CREATE TABLE IF NOT EXISTS testcases (                             testplan_id INT,                             testplan_name TEXT,                             testgroup_id INT,                             testgroup_name TEXT,                             testcycle_id INT,                             testcycle_name TEXT,                             rel TEXT,                             id INT,                             uniqueid TEXT,                             name TEXT,                             status TEXT,                             upstream TEXT,                             downstream TEXT,                             executionDate TEXT) ENGINE=InnoDB DEFAULT CHARSET=utf8:successful"
2023-01-25 08:31:05 I Odin  update_database "Insert testcases table successful"
2023-01-25 08:31:05 I Odin  Print           "CREATE TABLE IF NOT EXISTS tests (                             testplan_id INT,                             testplan_name TEXT,                             testplan_status TEXT,                             rel TEXT, status TEXT,                             count INT, date TEXT) ENGINE=InnoDB DEFAULT CHARSET=utf8:successful"
2023-01-25 08:31:05 I Odin  Print           "DELETE FROM tests WHERE date='2023-01-25':successful"
2023-01-25 08:31:05 I Odin  Print           "SELECT testplan_id FROM tests GROUP BY testplan_id:successful"
2023-01-25 08:31:05 I Odin  Print           "SELECT testplan_name FROM tests WHERE testplan_id=7979358 LIMIT 1:successful"
2023-01-25 08:31:05 I Odin  Print           "UPDATE tests SET testplan_status='Active' WHERE testplan_id=7979358:successful"
2023-01-25 08:31:05 I Odin  Print           "SELECT testplan_name FROM tests WHERE testplan_id=8559429 LIMIT 1:successful"
2023-01-25 08:31:05 I Odin  Print           "UPDATE tests SET testplan_status='Active' WHERE testplan_id=8559429:successful"
2023-01-25 08:31:05 I Odin  Print           "INSERT INTO tests (testplan_id, testplan_name, testplan_status, rel, status, count, date) SELECT testplan_id, testplan_name, 'Active' as testplan_status, rel, status, count((@rn := @rn + 1)) as count, '2023-01-25' as date FROM testcases cross join (select @rn := 0) const GROUP BY testplan_id, rel, status:successful"
2023-01-25 08:31:05 I Odin  update_database "Insert tests table successful"
2023-01-25 08:31:05 I Odin  Print           "CREATE TABLE IF NOT EXISTS testapproval (                                 rel TEXT, team TEXT, status TEXT, upstream TEXT, count INT, date TEXT                                 ) ENGINE=InnoDB DEFAULT CHARSET=utf8:successful"
2023-01-25 08:31:05 I Odin  Print           "DROP TABLE IF EXISTS alltestapproval:successful"
2023-01-25 08:31:05 I Odin  Print           "CREATE TABLE IF NOT EXISTS alltestapproval (                                 id INT, uniqueid TEXT, name TEXT, status TEXT, rel TEXT, team TEXT, upstream TEXT                                 ) ENGINE=InnoDB DEFAULT CHARSET=utf8:successful"
2023-01-25 08:31:05 I Odin  Print           "DELETE FROM testapproval WHERE date='2023-01-25':successful"
2023-01-25 08:31:05 I Odin  Print           "INSERT INTO testapproval (rel, team, status, count, date, upstream) SELECT rel, team, status, count((@rn := @rn + 1)) as count, '2023-01-25' as date, upstream FROM alltestapproval cross join (select @rn := 0) const GROUP BY rel, team, status, upstream:successful"
2023-01-25 08:31:10 I Odin  Get_allfeatuers "[]"
2023-01-25 08:31:10 I Odin  Print           "CREATE TABLE IF NOT EXISTS features (                                rel TEXT, status TEXT, count INT, date TEXT) ENGINE=InnoDB DEFAULT CHARSET=utf8:successful"
2023-01-25 08:31:10 I Odin  Print           "CREATE TABLE IF NOT EXISTS allfeatures (                                id INT, uniqueid TEXT, name TEXT, status TEXT, rel TEXT,test_status TEXT) ENGINE=InnoDB DEFAULT CHARSET=utf8:successful"
2023-01-25 08:31:10 I Odin  Print           "DELETE FROM features WHERE date='2023-01-25':successful"
2023-01-25 08:31:10 I Odin  Print           "DELETE FROM allfeatures WHERE id=20438488:successful"
2023-01-25 08:31:10 I Odin  Print           "DELETE FROM allfeatures WHERE id=20436984:successful"
2023-01-25 08:31:10 I Odin  Print           "DELETE FROM allfeatures WHERE id=20402475:successful"
2023-01-25 08:31:10 I Odin  Print           "DELETE FROM allfeatures WHERE id=20402441:successful"
2023-01-25 08:31:10 I Odin  Print           "DELETE FROM allfeatures WHERE id=20389163:successful"
2023-01-25 08:31:10 I Odin  Print           "DELETE FROM allfeatures WHERE id=20388816:successful"
2023-01-25 08:31:10 I Odin  Print           "DELETE FROM allfeatures WHERE id=20388807:successful"
2023-01-25 08:31:10 I Odin  Print           "DELETE FROM allfeatures WHERE id=20364798:successful"
2023-01-25 08:31:10 I Odin  Print           "DELETE FROM allfeatures WHERE id=20363469:successful"
2023-01-25 08:31:10 I Odin  Print           "DELETE FROM allfeatures WHERE id=19961485:successful"
2023-01-25 08:31:10 I Odin  Print           "DELETE FROM allfeatures WHERE id=19852323:successful"
2023-01-25 08:31:10 I Odin  Print           "DELETE FROM allfeatures WHERE id=17281075:successful"
2023-01-25 08:31:10 I Odin  Print           "DELETE FROM allfeatures WHERE id=16747580:successful"
2023-01-25 08:31:10 I Odin  Print           "DELETE FROM allfeatures WHERE id=16540015:successful"
2023-01-25 08:31:10 I Odin  Print           "DELETE FROM allfeatures WHERE id=16539943:successful"
2023-01-25 08:31:10 I Odin  Print           "DELETE FROM allfeatures WHERE id=16539914:successful"
2023-01-25 08:31:10 I Odin  Print           "DELETE FROM allfeatures WHERE id=15806998:successful"
2023-01-25 08:31:10 I Odin  Print           "DELETE FROM allfeatures WHERE id=15727115:successful"
2023-01-25 08:31:10 I Odin  Print           "DELETE FROM allfeatures WHERE id=15727112:successful"
2023-01-25 08:31:10 I Odin  Print           "DELETE FROM allfeatures WHERE id=15727109:successful"
2023-01-25 08:31:10 I Odin  Print           "DELETE FROM allfeatures WHERE id=15727106:successful"
2023-01-25 08:31:10 I Odin  Print           "DELETE FROM allfeatures WHERE id=15727102:successful"
2023-01-25 08:31:10 I Odin  Print           "DELETE FROM allfeatures WHERE id=15727092:successful"
2023-01-25 08:31:10 I Odin  Print           "DELETE FROM allfeatures WHERE id=15639185:successful"
2023-01-25 08:31:10 I Odin  Print           "DELETE FROM allfeatures WHERE id=15632120:successful"
2023-01-25 08:31:10 I Odin  Print           "DELETE FROM allfeatures WHERE id=15631971:successful"
2023-01-25 08:31:10 I Odin  Print           "DELETE FROM allfeatures WHERE id=15631674:successful"
2023-01-25 08:31:10 I Odin  Print           "DELETE FROM allfeatures WHERE id=15305113:successful"
2023-01-25 08:31:10 I Odin  Print           "DELETE FROM allfeatures WHERE id=15305106:successful"
2023-01-25 08:31:10 I Odin  Print           "DELETE FROM allfeatures WHERE id=15305098:successful"
2023-01-25 08:31:10 I Odin  Print           "DELETE FROM allfeatures WHERE id=15305092:successful"
2023-01-25 08:31:10 I Odin  Print           "DELETE FROM allfeatures WHERE id=15305088:successful"
2023-01-25 08:31:10 I Odin  Print           "DELETE FROM allfeatures WHERE id=15305083:successful"
2023-01-25 08:31:10 I Odin  Print           "DELETE FROM allfeatures WHERE id=15305078:successful"
2023-01-25 08:31:10 I Odin  Print           "DELETE FROM allfeatures WHERE id=15305073:successful"
2023-01-25 08:31:10 I Odin  Print           "DELETE FROM allfeatures WHERE id=15305069:successful"
2023-01-25 08:31:10 I Odin  Print           "DELETE FROM allfeatures WHERE id=15305051:successful"
2023-01-25 08:31:10 I Odin  Print           "DELETE FROM allfeatures WHERE id=15305045:successful"
2023-01-25 08:31:10 I Odin  Print           "DELETE FROM allfeatures WHERE id=15305040:successful"
2023-01-25 08:31:10 I Odin  Print           "DELETE FROM allfeatures WHERE id=15305026:successful"
2023-01-25 08:31:10 I Odin  Print           "DELETE FROM allfeatures WHERE id=15305018:successful"
2023-01-25 08:31:10 I Odin  Print           "DELETE FROM allfeatures WHERE id=15305004:successful"
2023-01-25 08:31:10 I Odin  Print           "DELETE FROM allfeatures WHERE id=15304999:successful"
2023-01-25 08:31:10 I Odin  Print           "DELETE FROM allfeatures WHERE id=15304994:successful"
2023-01-25 08:31:10 I Odin  Print           "DELETE FROM allfeatures WHERE id=15304989:successful"
2023-01-25 08:31:10 I Odin  Print           "DELETE FROM allfeatures WHERE id=15304981:successful"
2023-01-25 08:31:10 I Odin  Print           "DELETE FROM allfeatures WHERE id=15304975:successful"
2023-01-25 08:31:10 I Odin  Print           "DELETE FROM allfeatures WHERE id=15304966:successful"
2023-01-25 08:31:10 I Odin  Print           "DELETE FROM allfeatures WHERE id=15304943:successful"
2023-01-25 08:31:10 I Odin  Print           "DELETE FROM allfeatures WHERE id=15083052:successful"
2023-01-25 08:31:10 I Odin  Print           "INSERT INTO features (rel, status, count, date)                                 SELECT rel, status, count((@rn := @rn + 1)) as count, '2023-01-25' as date FROM allfeatures cross join (select @rn := 0) const GROUP BY rel, status:successful"
2023-01-25 08:31:12 I Odin  Get_allchangere "[]"
2023-01-25 08:31:12 I Odin  Print           "CREATE TABLE IF NOT EXISTS changes (                                 rel TEXT, status TEXT, priority TEXT,                                 requester TEXT, date TEXT, count INT) ENGINE=InnoDB DEFAULT CHARSET=utf8:successful"
2023-01-25 08:31:12 I Odin  Print           "CREATE TABLE IF NOT EXISTS allchanges (                                 id INT, uniqueid TEXT, name TEXT,                                 status TEXT, rel TEXT, priority TEXT,                                 requester TEXT) ENGINE=InnoDB DEFAULT CHARSET=utf8:successful"
2023-01-25 08:31:12 I Odin  Print           "DELETE FROM changes WHERE date='2023-01-25':successful"
2023-01-25 08:31:12 I Odin  Print           "INSERT INTO changes (                                 rel, status, priority, requester, date, count)                                 SELECT rel, status, priority, requester, '2023-01-25' as date, count((@rn := @rn + 1)) as count FROM allchanges                                 cross join (select @rn := 0) const GROUP BY rel, status, priority, requester:successful"
2023-01-25 08:31:14 I Odin  Print           "CREATE TABLE IF NOT EXISTS designspec (                            rel TEXT, team TEXT, status TEXT, count INT, date text) ENGINE=InnoDB DEFAULT CHARSET=utf8:successful"
2023-01-25 08:31:14 I Odin  Print           "CREATE TABLE IF NOT EXISTS alldesignspec (                             id INT, uniqueid TEXT, name TEXT, status TEXT, rel TEXT, team TEXT) ENGINE=InnoDB DEFAULT CHARSET=utf8:successful"
2023-01-25 08:31:14 I Odin  Print           "DELETE FROM designspec WHERE date='2023-01-25':successful"
2023-01-25 08:31:14 I Odin  Print           "INSERT INTO designspec (rel, team, status, count, date) SELECT rel, team, status, count((@rn := @rn + 1)) as count, '2023-01-25' as date FROM alldesignspec cross join (select @rn := 0) const GROUP BY rel, team, status:successful"
2023-01-25 08:31:17 I Odin  Get_alluserstor "[]"
2023-01-25 08:31:17 I Odin  Print           "CREATE TABLE IF NOT EXISTS userstories (                 rel TEXT, status TEXT, count INT, date TEXT) ENGINE=InnoDB DEFAULT CHARSET=utf8:successful"
2023-01-25 08:31:17 I Odin  Print           "CREATE TABLE IF NOT EXISTS alluserstories (                 id INT, uniqueid TEXT, name TEXT, status TEXT, rel TEXT) ENGINE=InnoDB DEFAULT CHARSET=utf8:successful"
2023-01-25 08:31:17 I Odin  Print           "DELETE FROM userstories WHERE date='2023-01-25':successful"
2023-01-25 08:31:17 I Odin  Print           "INSERT INTO userstories (rel, status, count, date) SELECT rel, status, count((@rn := @rn + 1)) as count, '2023-01-25' as date FROM alluserstories cross join (select @rn := 0) const GROUP BY rel, status:successful"
2023-01-25 08:31:21 I Odin  Get_alldefects  "[]"
2023-01-25 08:31:21 I Odin  Print           "CREATE TABLE IF NOT EXISTS defects (                     rel TEXT, team TEXT, status TEXT, priority TEXT, count INT, date TEXT) ENGINE=InnoDB DEFAULT CHARSET=utf8:successful"
2023-01-25 08:31:21 I Odin  Print           "CREATE TABLE IF NOT EXISTS alldefects (                     id INT, uniqueid TEXT, name TEXT, status TEXT, rel TEXT, team TEXT, priority TEXT, jira TEXT, upstream TEXT) ENGINE=InnoDB DEFAULT CHARSET=utf8:successful"
2023-01-25 08:31:21 I Odin  Print           "DELETE FROM defects WHERE date='2023-01-25':successful"
2023-01-25 08:31:21 I Odin  Print           "INSERT INTO defects (rel, team, status, count, date, priority) SELECT rel, team, status, count((@rn := @rn + 1)) as count, '2023-01-25' as date, priority FROM alldefects cross join (select @rn := 0) const GROUP BY rel, team, status, priority:successful"
2023-01-25 08:33:15 I Odin  get_multipickli "Unassigned don't find the mainteam name from G_parameter"
2023-01-25 08:33:22 I Odin  get_multipickli "Unassigned don't find the mainteam name from G_parameter"
2023-01-25 08:33:27 I Odin  get_multipickli "Unassigned don't find the mainteam name from G_parameter"
2023-01-25 08:33:32 I Odin  get_multipickli "Unassigned don't find the mainteam name from G_parameter"
2023-01-25 08:38:47 I Odin  get_multipickli "Unassigned don't find the mainteam name from G_parameter"
2023-01-25 08:39:38 I Odin  get_multipickli "Unassigned don't find the mainteam name from G_parameter"
2023-01-25 08:42:28 I Odin  get_multipickli "Unassigned don't find the mainteam name from G_parameter"
2023-01-25 08:43:09 I Odin  get_multipickli "Unassigned don't find the mainteam name from G_parameter"
2023-01-25 08:44:30 I Odin  get_multipickli "Unassigned don't find the mainteam name from G_parameter"
2023-01-25 08:44:41 I Odin  get_multipickli "Unassigned don't find the mainteam name from G_parameter"
2023-01-25 08:44:49 I Odin  get_multipickli "Unassigned don't find the mainteam name from G_parameter"
2023-01-25 08:44:55 I Odin  get_multipickli "Unassigned don't find the mainteam name from G_parameter"
2023-01-25 08:45:00 I Odin  get_multipickli "Unassigned don't find the mainteam name from G_parameter"
2023-01-25 08:45:06 I Odin  get_multipickli "Unassigned don't find the mainteam name from G_parameter"
2023-01-25 08:45:11 I Odin  get_multipickli "Unassigned don't find the mainteam name from G_parameter"
2023-01-25 08:45:17 I Odin  get_multipickli "Unassigned don't find the mainteam name from G_parameter"
2023-01-25 08:45:22 I Odin  get_multipickli "Unassigned don't find the mainteam name from G_parameter"
2023-01-25 08:45:26 I Odin  get_multipickli "Unassigned don't find the mainteam name from G_parameter"
2023-01-25 08:45:31 I Odin  get_multipickli "Unassigned don't find the mainteam name from G_parameter"
2023-01-25 08:45:36 I Odin  get_multipickli "Unassigned don't find the mainteam name from G_parameter"
2023-01-25 08:45:41 I Odin  get_multipickli "Unassigned don't find the mainteam name from G_parameter"
2023-01-25 08:45:46 I Odin  get_multipickli "Unassigned don't find the mainteam name from G_parameter"
2023-01-25 08:45:50 I Odin  get_multipickli "Unassigned don't find the mainteam name from G_parameter"
2023-01-25 08:45:55 I Odin  get_multipickli "Unassigned don't find the mainteam name from G_parameter"
2023-01-25 08:46:00 I Odin  get_multipickli "Unassigned don't find the mainteam name from G_parameter"
2023-01-25 08:46:05 I Odin  get_multipickli "Unassigned don't find the mainteam name from G_parameter"
2023-01-25 08:46:11 I Odin  get_multipickli "Unassigned don't find the mainteam name from G_parameter"
2023-01-25 08:46:16 I Odin  get_multipickli "Unassigned don't find the mainteam name from G_parameter"
2023-01-25 08:46:23 I Odin  get_multipickli "Unassigned don't find the mainteam name from G_parameter"
2023-01-25 08:46:28 I Odin  get_multipickli "Unassigned don't find the mainteam name from G_parameter"
2023-01-25 08:46:32 I Odin  get_multipickli "Unassigned don't find the mainteam name from G_parameter"
2023-01-25 08:46:39 I Odin  get_multipickli "Unassigned don't find the mainteam name from G_parameter"
2023-01-25 08:46:44 I Odin  get_multipickli "Unassigned don't find the mainteam name from G_parameter"
2023-01-25 08:46:50 I Odin  get_multipickli "Unassigned don't find the mainteam name from G_parameter"
2023-01-25 08:46:56 I Odin  get_multipickli "Unassigned don't find the mainteam name from G_parameter"
2023-01-25 08:47:05 I Odin  get_multipickli "Unassigned don't find the mainteam name from G_parameter"
2023-01-25 08:47:11 I Odin  get_multipickli "Unassigned don't find the mainteam name from G_parameter"
2023-01-25 08:47:15 I Odin  get_multipickli "Unassigned don't find the mainteam name from G_parameter"
2023-01-25 08:47:21 I Odin  get_multipickli "Unassigned don't find the mainteam name from G_parameter"
2023-01-25 08:47:26 I Odin  get_multipickli "Unassigned don't find the mainteam name from G_parameter"
2023-01-25 08:47:31 I Odin  get_multipickli "Unassigned don't find the mainteam name from G_parameter"
2023-01-25 08:47:42 I Odin  get_multipickli "Unassigned don't find the mainteam name from G_parameter"
2023-01-25 08:49:57 I Odin  get_multipickli "Unassigned don't find the mainteam name from G_parameter"
2023-01-25 08:50:04 I Odin  get_multipickli "Unassigned don't find the mainteam name from G_parameter"
2023-01-25 08:50:10 I Odin  get_multipickli "Unassigned don't find the mainteam name from G_parameter"
2023-01-25 08:50:15 I Odin  get_multipickli "Unassigned don't find the mainteam name from G_parameter"
2023-01-25 08:52:23 I Odin  get_multipickli "Unassigned don't find the mainteam name from G_parameter"
2023-01-25 08:52:29 I Odin  get_multipickli "Unassigned don't find the mainteam name from G_parameter"
2023-01-25 08:52:35 I Odin  get_multipickli "Unassigned don't find the mainteam name from G_parameter"
2023-01-25 08:52:40 I Odin  get_multipickli "Unassigned don't find the mainteam name from G_parameter"
2023-01-25 08:52:45 I Odin  get_multipickli "Unassigned don't find the mainteam name from G_parameter"
2023-01-25 08:52:50 I Odin  get_multipickli "Unassigned don't find the mainteam name from G_parameter"
2023-01-25 08:56:36 I Odin  get_multipickli "Unassigned don't find the mainteam name from G_parameter"
2023-01-25 08:59:18 I Odin  get_multipickli "Unassigned don't find the mainteam name from G_parameter"
2023-01-25 09:00:01 I Odin  get_multipickli "Digital Experience – Android don't find the mainteam name from G_parameter"
2023-01-25 09:00:09 I Odin  get_multipickli "Digital Experience – IOS don't find the mainteam name from G_parameter"
2023-01-25 09:00:22 I Odin  get_multipickli "Digital Experience – Android don't find the mainteam name from G_parameter"
2023-01-25 09:00:22 I Odin  get_multipickli "Digital Experience – IOS don't find the mainteam name from G_parameter"
2023-01-25 09:00:27 I Odin  get_multipickli "Digital Experience – Android don't find the mainteam name from G_parameter"
2023-01-25 09:00:27 I Odin  get_multipickli "Digital Experience – IOS don't find the mainteam name from G_parameter"
2023-01-25 09:00:31 I Odin  get_multipickli "Digital Experience – Android don't find the mainteam name from G_parameter"
2023-01-25 09:00:31 I Odin  get_multipickli "Digital Experience – IOS don't find the mainteam name from G_parameter"
2023-01-25 09:01:11 I Odin  get_multipickli "ESW Platform Test don't find the mainteam name from G_parameter"
2023-01-25 09:03:11 I Odin  get_multipickli "Unassigned don't find the mainteam name from G_parameter"
2023-01-25 09:03:30 I Odin  get_multipickli "Unassigned don't find the mainteam name from G_parameter"
2023-01-25 09:03:48 I Odin  get_multipickli "Unassigned don't find the mainteam name from G_parameter"
2023-01-25 09:04:06 I Odin  get_multipickli "Unassigned don't find the mainteam name from G_parameter"
2023-01-25 09:04:06 I Odin  get_multipickli "Digital Experience – IOS don't find the mainteam name from G_parameter"
2023-01-25 09:04:12 I Odin  get_multipickli "Digital Experience – SDK don't find the mainteam name from G_parameter"
2023-01-25 09:09:01 I Odin  get_multipickli "Unassigned don't find the mainteam name from G_parameter"
2023-01-25 09:10:46 E Odin  Print           "HTTPSConnectionPool(host='jabra.jamacloud.com', port=443): Max retries exceeded with url: /rest/v1/items/9775881/downstreamrelationships (Caused by NewConnectionError('<urllib3.connection.VerifiedHTTPSConnection object at 0x04DD85F0>: Failed to establish a new connection: [WinError 10060] A connection attempt failed because the connected party did not properly respond after a period of time, or established connection failed because connected host has failed to respond'))"
2023-01-25 09:12:53 E Odin  Print           "HTTPSConnectionPool(host='jabra.jamacloud.com', port=443): Max retries exceeded with url: /rest/v1/items/9775883/downstreamrelated (Caused by NewConnectionError('<urllib3.connection.VerifiedHTTPSConnection object at 0x03838550>: Failed to establish a new connection: [WinError 10060] A connection attempt failed because the connected party did not properly respond after a period of time, or established connection failed because connected host has failed to respond'))"
2023-01-25 09:13:56 E Odin  Print           "HTTPSConnectionPool(host='jabra.jamacloud.com', port=443): Max retries exceeded with url: /rest/v1/items/9775883/upstreamrelationships (Caused by NewConnectionError('<urllib3.connection.VerifiedHTTPSConnection object at 0x04E03C90>: Failed to establish a new connection: [WinError 10060] A connection attempt failed because the connected party did not properly respond after a period of time, or established connection failed because connected host has failed to respond'))"
2023-01-25 09:16:47 E Odin  Print           "HTTPSConnectionPool(host='jabra.jamacloud.com', port=443): Max retries exceeded with url: /rest/v1/items/7888911/downstreamrelated (Caused by NewConnectionError('<urllib3.connection.VerifiedHTTPSConnection object at 0x04DD8070>: Failed to establish a new connection: [WinError 10060] A connection attempt failed because the connected party did not properly respond after a period of time, or established connection failed because connected host has failed to respond'))"
2023-01-25 09:18:12 E Odin  Print           "HTTPSConnectionPool(host='jabra.jamacloud.com', port=443): Max retries exceeded with url: /rest/v1/items/7888911/upstreamrelationships (Caused by NewConnectionError('<urllib3.connection.VerifiedHTTPSConnection object at 0x03FD7710>: Failed to establish a new connection: [WinError 10060] A connection attempt failed because the connected party did not properly respond after a period of time, or established connection failed because connected host has failed to respond'))"
2023-01-25 09:19:37 E Odin  Print           "HTTPSConnectionPool(host='jabra.jamacloud.com', port=443): Max retries exceeded with url: /rest/v1/items/7888917/upstreamrelationships (Caused by NewConnectionError('<urllib3.connection.VerifiedHTTPSConnection object at 0x04E03910>: Failed to establish a new connection: [WinError 10060] A connection attempt failed because the connected party did not properly respond after a period of time, or established connection failed because connected host has failed to respond'))"
2023-01-25 09:21:45 I Odin  get_multipickli "Digital Experience – Android don't find the mainteam name from G_parameter"
2023-01-25 09:21:45 I Odin  get_multipickli "Digital Experience – IOS don't find the mainteam name from G_parameter"
2023-01-25 09:21:56 I Odin  get_multipickli "Digital Experience – Android don't find the mainteam name from G_parameter"
2023-01-25 09:21:56 I Odin  get_multipickli "Digital Experience – IOS don't find the mainteam name from G_parameter"
2023-01-25 09:22:00 I Odin  get_multipickli "Digital Experience – Android don't find the mainteam name from G_parameter"
2023-01-25 09:22:00 I Odin  get_multipickli "Digital Experience – IOS don't find the mainteam name from G_parameter"
2023-01-25 09:22:20 I Odin  get_multipickli "Unassigned don't find the mainteam name from G_parameter"
2023-01-25 09:23:01 I Odin  get_multipickli "Digital Experience – Android don't find the mainteam name from G_parameter"
2023-01-25 09:23:01 I Odin  get_multipickli "Digital Experience – IOS don't find the mainteam name from G_parameter"
2023-01-25 09:23:08 I Odin  get_multipickli "Digital Experience – Android don't find the mainteam name from G_parameter"
2023-01-25 09:23:08 I Odin  get_multipickli "Digital Experience – IOS don't find the mainteam name from G_parameter"
2023-01-25 09:24:11 I Odin  get_multipickli "Digital Experience – Android don't find the mainteam name from G_parameter"
2023-01-25 09:24:11 I Odin  get_multipickli "Digital Experience – IOS don't find the mainteam name from G_parameter"
2023-01-25 09:24:14 I Odin  get_multipickli "Digital Experience – Android don't find the mainteam name from G_parameter"
2023-01-25 09:24:14 I Odin  get_multipickli "Digital Experience – IOS don't find the mainteam name from G_parameter"
2023-01-25 09:24:26 I Odin  get_multipickli "Digital Experience – Android don't find the mainteam name from G_parameter"
2023-01-25 09:24:26 I Odin  get_multipickli "Digital Experience – IOS don't find the mainteam name from G_parameter"
2023-01-25 09:24:30 I Odin  get_multipickli "Digital Experience – Android don't find the mainteam name from G_parameter"
2023-01-25 09:24:30 I Odin  get_multipickli "Digital Experience – IOS don't find the mainteam name from G_parameter"
2023-01-25 09:24:33 I Odin  get_multipickli "Digital Experience – Android don't find the mainteam name from G_parameter"
2023-01-25 09:24:33 I Odin  get_multipickli "Digital Experience – IOS don't find the mainteam name from G_parameter"
2023-01-25 09:24:37 I Odin  get_multipickli "Digital Experience – Android don't find the mainteam name from G_parameter"
2023-01-25 09:24:37 I Odin  get_multipickli "Digital Experience – IOS don't find the mainteam name from G_parameter"
2023-01-25 09:24:41 I Odin  get_multipickli "Digital Experience – Android don't find the mainteam name from G_parameter"
2023-01-25 09:24:41 I Odin  get_multipickli "Digital Experience – IOS don't find the mainteam name from G_parameter"
2023-01-25 09:24:51 I Odin  get_multipickli "Unassigned don't find the mainteam name from G_parameter"
2023-01-25 09:25:24 I Odin  get_multipickli "Unassigned don't find the mainteam name from G_parameter"
2023-01-25 09:25:37 I Odin  get_multipickli "Unassigned don't find the mainteam name from G_parameter"
2023-01-25 09:25:51 I Odin  get_multipickli "Unassigned don't find the mainteam name from G_parameter"
2023-01-25 09:25:54 I Odin  get_multipickli "Unassigned don't find the mainteam name from G_parameter"
2023-01-25 09:26:41 I Odin  get_multipickli "Unassigned don't find the mainteam name from G_parameter"
2023-01-25 09:27:39 I Odin  get_multipickli "Unassigned don't find the mainteam name from G_parameter"
2023-01-25 09:27:43 I Odin  get_multipickli "Unassigned don't find the mainteam name from G_parameter"
2023-01-25 09:27:54 I Odin  get_multipickli "Unassigned don't find the mainteam name from G_parameter"
2023-01-25 09:27:58 I Odin  get_multipickli "Unassigned don't find the mainteam name from G_parameter"
2023-01-25 09:28:02 I Odin  get_multipickli "Unassigned don't find the mainteam name from G_parameter"
2023-01-25 09:28:06 I Odin  get_multipickli "Unassigned don't find the mainteam name from G_parameter"
2023-01-25 09:28:09 I Odin  get_multipickli "Unassigned don't find the mainteam name from G_parameter"
2023-01-25 09:28:33 I Odin  get_multipickli "Unassigned don't find the mainteam name from G_parameter"
2023-01-25 09:28:40 I Odin  get_multipickli "Unassigned don't find the mainteam name from G_parameter"
2023-01-25 09:28:43 I Odin  get_multipickli "Unassigned don't find the mainteam name from G_parameter"
2023-01-25 09:30:15 I Odin  get_multipickli "Unassigned don't find the mainteam name from G_parameter"
2023-01-25 09:31:00 I Odin  get_multipickli "Digital Experience – Android don't find the mainteam name from G_parameter"
2023-01-25 09:31:00 I Odin  get_multipickli "Digital Experience – IOS don't find the mainteam name from G_parameter"
2023-01-25 09:31:03 I Odin  get_multipickli "Digital Experience – Android don't find the mainteam name from G_parameter"
2023-01-25 09:31:03 I Odin  get_multipickli "Digital Experience – IOS don't find the mainteam name from G_parameter"
2023-01-25 09:31:59 I Odin  get_multipickli "Unassigned don't find the mainteam name from G_parameter"
2023-01-25 09:32:34 I Odin  get_multipickli "ESW Platform Test don't find the mainteam name from G_parameter"
2023-01-25 09:32:55 I Odin  get_multipickli "Unassigned don't find the mainteam name from G_parameter"
2023-01-25 09:33:01 I Odin  Print           "DROP TABLE IF EXISTS allrequirements:successful"
2023-01-25 09:33:01 I Odin  Print           "DROP TABLE IF EXISTS allcoverage:successful"
2023-01-25 09:33:01 I Odin  Print           "CREATE TABLE IF NOT EXISTS requirements (                        rel TEXT, status TEXT, count INT, date TEXT) ENGINE=InnoDB DEFAULT CHARSET=utf8:successful"
2023-01-25 09:33:01 I Odin  Print           "CREATE TABLE IF NOT EXISTS allrequirements (                        id INT, uniqueid TEXT, name TEXT, status TEXT, rel TEXT, upstream TEXT, downstream TEXT, team TEXT, test_status TEXT) ENGINE=InnoDB DEFAULT CHARSET=utf8:successful"
2023-01-25 09:33:01 I Odin  Print           "CREATE TABLE IF NOT EXISTS coverage (                        team text, covered int, expected int, date text) ENGINE=InnoDB DEFAULT CHARSET=utf8:successful"
2023-01-25 09:33:01 I Odin  Print           "CREATE TABLE IF NOT EXISTS allcoverage (                        id INT, uniqueid TEXT, name TEXT, status TEXT, rel TEXT, verify TEXT, missing TEXT) ENGINE=InnoDB DEFAULT CHARSET=utf8:successful"
2023-01-25 09:33:01 I Odin  Print           "DELETE FROM requirements WHERE date='2023-01-25':successful"
2023-01-25 09:33:01 I Odin  Print           "DELETE FROM coverage WHERE date='2023-01-25':successful"
2023-01-25 09:33:01 I Odin  Print           "INSERT INTO requirements (rel, status, count, date) SELECT rel, status, count((@rn := @rn + 1)) as count, '2023-01-25' as date FROM allrequirements cross join (select @rn := 0) const GROUP BY rel, status:successful"
2023-01-25 09:33:01 I Odin  Print           "CREATE TABLE IF NOT EXISTS feattest (rel TEXT, status TEXT, count TEXT, date TEXT) ENGINE=InnoDB DEFAULT CHARSET=utf8:successful"
2023-01-25 09:33:01 I Odin  Print           "CREATE TABLE IF NOT EXISTS reqtest (rel TEXT, status TEXT, count TEXT, date TEXT) ENGINE=InnoDB DEFAULT CHARSET=utf8:successful"
2023-01-25 09:33:01 I Odin  Print           "SELECT id FROM allfeatures:successful"
2023-01-25 09:33:01 I Odin  Print           "SELECT id,upstream,downstream,team FROM allrequirements:successful"
2023-01-25 09:33:01 I Odin  Print           "SELECT id FROM allcoverage:successful"
2023-01-25 09:33:01 I Odin  Print           "SELECT * FROM testcases:successful"
