2023-01-25 05:14:34 I Platf Print           "Connet 20396 successfully!!!"
2023-01-25 05:14:34 I Platf Get_alltests    "Get project name:Platform Audio id:20396 all testplans"
2023-01-25 05:14:38 I Platf Get_alltests    "{4048261: {'id': 4048261, 'name': 'Audio Test Plan', 'archived': False, 'index': '4048261:Audio Test Plan'}, 7371315: {'id': 7371315, 'name': 'Project Test Plan', 'archived': False, 'index': '7371315:Project Test Plan'}}"
2023-01-25 05:14:38 I Platf Get_alltests    "Get project name:Platform Audio id:20396 all testplans successful!!!"
2023-01-25 05:16:43 I Platf tidy_alltestcas "34"
2023-01-25 05:17:39 I Platf Print           "DROP TABLE IF EXISTS testcases:successful"
2023-01-25 05:17:39 I Platf Print           "CREATE TABLE IF NOT EXISTS testcases (                             testplan_id INT,                             testplan_name TEXT,                             testgroup_id INT,                             testgroup_name TEXT,                             testcycle_id INT,                             testcycle_name TEXT,                             rel TEXT,                             id INT,                             uniqueid TEXT,                             name TEXT,                             status TEXT,                             upstream TEXT,                             downstream TEXT,                             executionDate TEXT) ENGINE=InnoDB DEFAULT CHARSET=utf8:successful"
2023-01-25 05:17:39 I Platf update_database "Insert testcases table successful"
2023-01-25 05:17:39 I Platf Print           "CREATE TABLE IF NOT EXISTS tests (                             testplan_id INT,                             testplan_name TEXT,                             testplan_status TEXT,                             rel TEXT, status TEXT,                             count INT, date TEXT) ENGINE=InnoDB DEFAULT CHARSET=utf8:successful"
2023-01-25 05:17:39 I Platf Print           "DELETE FROM tests WHERE date='2023-01-25':successful"
2023-01-25 05:17:39 I Platf Print           "SELECT testplan_id FROM tests GROUP BY testplan_id:successful"
2023-01-25 05:17:39 I Platf Print           "SELECT testplan_name FROM tests WHERE testplan_id=4048261 LIMIT 1:successful"
2023-01-25 05:17:39 I Platf Print           "UPDATE tests SET testplan_status='Active' WHERE testplan_id=4048261:successful"
2023-01-25 05:17:39 I Platf Print           "SELECT testplan_name FROM tests WHERE testplan_id=7371315 LIMIT 1:successful"
2023-01-25 05:17:39 I Platf Print           "UPDATE tests SET testplan_status='Active' WHERE testplan_id=7371315:successful"
2023-01-25 05:17:39 I Platf Print           "INSERT INTO tests (testplan_id, testplan_name, testplan_status, rel, status, count, date) SELECT testplan_id, testplan_name, 'Active' as testplan_status, rel, status, count((@rn := @rn + 1)) as count, '2023-01-25' as date FROM testcases cross join (select @rn := 0) const GROUP BY testplan_id, rel, status:successful"
2023-01-25 05:17:39 I Platf update_database "Insert tests table successful"
2023-01-25 05:17:39 I Platf Print           "CREATE TABLE IF NOT EXISTS testapproval (                                 rel TEXT, team TEXT, status TEXT, upstream TEXT, count INT, date TEXT                                 ) ENGINE=InnoDB DEFAULT CHARSET=utf8:successful"
2023-01-25 05:17:39 I Platf Print           "DROP TABLE IF EXISTS alltestapproval:successful"
2023-01-25 05:17:39 I Platf Print           "CREATE TABLE IF NOT EXISTS alltestapproval (                                 id INT, uniqueid TEXT, name TEXT, status TEXT, rel TEXT, team TEXT, upstream TEXT                                 ) ENGINE=InnoDB DEFAULT CHARSET=utf8:successful"
2023-01-25 05:17:39 I Platf Print           "DELETE FROM testapproval WHERE date='2023-01-25':successful"
2023-01-25 05:17:39 I Platf Print           "INSERT INTO testapproval (rel, team, status, count, date, upstream) SELECT rel, team, status, count((@rn := @rn + 1)) as count, '2023-01-25' as date, upstream FROM alltestapproval cross join (select @rn := 0) const GROUP BY rel, team, status, upstream:successful"
2023-01-25 05:18:13 I Platf Get_allfeatuers "[]"
2023-01-25 05:18:13 I Platf Print           "CREATE TABLE IF NOT EXISTS features (                                rel TEXT, status TEXT, count INT, date TEXT) ENGINE=InnoDB DEFAULT CHARSET=utf8:successful"
2023-01-25 05:18:13 I Platf Print           "CREATE TABLE IF NOT EXISTS allfeatures (                                id INT, uniqueid TEXT, name TEXT, status TEXT, rel TEXT,test_status TEXT) ENGINE=InnoDB DEFAULT CHARSET=utf8:successful"
2023-01-25 05:18:13 I Platf Print           "DELETE FROM features WHERE date='2023-01-25':successful"
2023-01-25 05:18:13 I Platf Print           "DELETE FROM allfeatures WHERE id=19297583:successful"
2023-01-25 05:18:13 I Platf Print           "DELETE FROM allfeatures WHERE id=19296308:successful"
2023-01-25 05:18:13 I Platf Print           "DELETE FROM allfeatures WHERE id=19296302:successful"
2023-01-25 05:18:13 I Platf Print           "DELETE FROM allfeatures WHERE id=19296298:successful"
2023-01-25 05:18:13 I Platf Print           "DELETE FROM allfeatures WHERE id=19296162:successful"
2023-01-25 05:18:13 I Platf Print           "DELETE FROM allfeatures WHERE id=18903194:successful"
2023-01-25 05:18:13 I Platf Print           "DELETE FROM allfeatures WHERE id=18796457:successful"
2023-01-25 05:18:13 I Platf Print           "DELETE FROM allfeatures WHERE id=18796455:successful"
2023-01-25 05:18:13 I Platf Print           "DELETE FROM allfeatures WHERE id=18663833:successful"
2023-01-25 05:18:13 I Platf Print           "DELETE FROM allfeatures WHERE id=18651824:successful"
2023-01-25 05:18:13 I Platf Print           "DELETE FROM allfeatures WHERE id=18651805:successful"
2023-01-25 05:18:13 I Platf Print           "DELETE FROM allfeatures WHERE id=18453270:successful"
2023-01-25 05:18:13 I Platf Print           "DELETE FROM allfeatures WHERE id=18453268:successful"
2023-01-25 05:18:13 I Platf Print           "DELETE FROM allfeatures WHERE id=18453267:successful"
2023-01-25 05:18:13 I Platf Print           "DELETE FROM allfeatures WHERE id=18452234:successful"
2023-01-25 05:18:13 I Platf Print           "DELETE FROM allfeatures WHERE id=18452227:successful"
2023-01-25 05:18:13 I Platf Print           "DELETE FROM allfeatures WHERE id=18451958:successful"
2023-01-25 05:18:13 I Platf Print           "DELETE FROM allfeatures WHERE id=18451870:successful"
2023-01-25 05:18:13 I Platf Print           "DELETE FROM allfeatures WHERE id=18449929:successful"
2023-01-25 05:18:13 I Platf Print           "DELETE FROM allfeatures WHERE id=18449928:successful"
2023-01-25 05:18:13 I Platf Print           "DELETE FROM allfeatures WHERE id=18441742:successful"
2023-01-25 05:18:13 I Platf Print           "DELETE FROM allfeatures WHERE id=18280213:successful"
2023-01-25 05:18:13 I Platf Print           "DELETE FROM allfeatures WHERE id=17887413:successful"
2023-01-25 05:18:13 I Platf Print           "DELETE FROM allfeatures WHERE id=17860490:successful"
2023-01-25 05:18:13 I Platf Print           "DELETE FROM allfeatures WHERE id=17270642:successful"
2023-01-25 05:18:13 I Platf Print           "DELETE FROM allfeatures WHERE id=17199767:successful"
2023-01-25 05:18:13 I Platf Print           "DELETE FROM allfeatures WHERE id=16818154:successful"
2023-01-25 05:18:13 I Platf Print           "DELETE FROM allfeatures WHERE id=16797442:successful"
2023-01-25 05:18:13 I Platf Print           "DELETE FROM allfeatures WHERE id=16797198:successful"
2023-01-25 05:18:13 I Platf Print           "DELETE FROM allfeatures WHERE id=16716069:successful"
2023-01-25 05:18:13 I Platf Print           "DELETE FROM allfeatures WHERE id=16716065:successful"
2023-01-25 05:18:13 I Platf Print           "DELETE FROM allfeatures WHERE id=16668586:successful"
2023-01-25 05:18:13 I Platf Print           "DELETE FROM allfeatures WHERE id=15659508:successful"
2023-01-25 05:18:13 I Platf Print           "DELETE FROM allfeatures WHERE id=14776629:successful"
2023-01-25 05:18:13 I Platf Print           "DELETE FROM allfeatures WHERE id=13999176:successful"
2023-01-25 05:18:13 I Platf Print           "DELETE FROM allfeatures WHERE id=13927665:successful"
2023-01-25 05:18:13 I Platf Print           "DELETE FROM allfeatures WHERE id=13847532:successful"
2023-01-25 05:18:13 I Platf Print           "DELETE FROM allfeatures WHERE id=13772670:successful"
2023-01-25 05:18:13 I Platf Print           "DELETE FROM allfeatures WHERE id=13591098:successful"
2023-01-25 05:18:13 I Platf Print           "DELETE FROM allfeatures WHERE id=10319781:successful"
2023-01-25 05:18:13 I Platf Print           "DELETE FROM allfeatures WHERE id=9873450:successful"
2023-01-25 05:18:13 I Platf Print           "DELETE FROM allfeatures WHERE id=8880511:successful"
2023-01-25 05:18:13 I Platf Print           "DELETE FROM allfeatures WHERE id=8880508:successful"
2023-01-25 05:18:13 I Platf Print           "DELETE FROM allfeatures WHERE id=8880019:successful"
2023-01-25 05:18:13 I Platf Print           "DELETE FROM allfeatures WHERE id=8623168:successful"
2023-01-25 05:18:13 I Platf Print           "DELETE FROM allfeatures WHERE id=8590906:successful"
2023-01-25 05:18:13 I Platf Print           "DELETE FROM allfeatures WHERE id=7585397:successful"
2023-01-25 05:18:13 I Platf Print           "DELETE FROM allfeatures WHERE id=7585396:successful"
2023-01-25 05:18:13 I Platf Print           "DELETE FROM allfeatures WHERE id=7585395:successful"
2023-01-25 05:18:13 I Platf Print           "DELETE FROM allfeatures WHERE id=7528980:successful"
2023-01-25 05:18:13 I Platf Print           "DELETE FROM allfeatures WHERE id=7296886:successful"
2023-01-25 05:18:13 I Platf Print           "DELETE FROM allfeatures WHERE id=7166233:successful"
2023-01-25 05:18:13 I Platf Print           "DELETE FROM allfeatures WHERE id=7163196:successful"
2023-01-25 05:18:13 I Platf Print           "DELETE FROM allfeatures WHERE id=7163195:successful"
2023-01-25 05:18:13 I Platf Print           "DELETE FROM allfeatures WHERE id=7100343:successful"
2023-01-25 05:18:13 I Platf Print           "INSERT INTO features (rel, status, count, date)                                 SELECT rel, status, count((@rn := @rn + 1)) as count, '2023-01-25' as date FROM allfeatures cross join (select @rn := 0) const GROUP BY rel, status:successful"
2023-01-25 05:18:24 I Platf Get_allchangere "[]"
2023-01-25 05:18:24 I Platf Print           "CREATE TABLE IF NOT EXISTS changes (                                 rel TEXT, status TEXT, priority TEXT,                                 requester TEXT, date TEXT, count INT) ENGINE=InnoDB DEFAULT CHARSET=utf8:successful"
2023-01-25 05:18:24 I Platf Print           "CREATE TABLE IF NOT EXISTS allchanges (                                 id INT, uniqueid TEXT, name TEXT,                                 status TEXT, rel TEXT, priority TEXT,                                 requester TEXT) ENGINE=InnoDB DEFAULT CHARSET=utf8:successful"
2023-01-25 05:18:24 I Platf Print           "DELETE FROM changes WHERE date='2023-01-25':successful"
2023-01-25 05:18:24 I Platf Print           "INSERT INTO changes (                                 rel, status, priority, requester, date, count)                                 SELECT rel, status, priority, requester, '2023-01-25' as date, count((@rn := @rn + 1)) as count FROM allchanges                                 cross join (select @rn := 0) const GROUP BY rel, status, priority, requester:successful"
2023-01-25 05:18:35 I Platf Print           "CREATE TABLE IF NOT EXISTS designspec (                            rel TEXT, team TEXT, status TEXT, count INT, date text) ENGINE=InnoDB DEFAULT CHARSET=utf8:successful"
2023-01-25 05:18:35 I Platf Print           "CREATE TABLE IF NOT EXISTS alldesignspec (                             id INT, uniqueid TEXT, name TEXT, status TEXT, rel TEXT, team TEXT) ENGINE=InnoDB DEFAULT CHARSET=utf8:successful"
2023-01-25 05:18:35 I Platf Print           "DELETE FROM designspec WHERE date='2023-01-25':successful"
2023-01-25 05:18:35 I Platf Print           "DELETE FROM alldesignspec WHERE id=8674542:successful"
2023-01-25 05:18:35 I Platf Print           "DELETE FROM alldesignspec WHERE id=9471646:successful"
2023-01-25 05:18:35 I Platf Print           "INSERT INTO designspec (rel, team, status, count, date) SELECT rel, team, status, count((@rn := @rn + 1)) as count, '2023-01-25' as date FROM alldesignspec cross join (select @rn := 0) const GROUP BY rel, team, status:successful"
2023-01-25 05:18:57 I Platf Get_alluserstor "[]"
2023-01-25 05:18:57 I Platf Print           "CREATE TABLE IF NOT EXISTS userstories (                 rel TEXT, status TEXT, count INT, date TEXT) ENGINE=InnoDB DEFAULT CHARSET=utf8:successful"
2023-01-25 05:18:57 I Platf Print           "CREATE TABLE IF NOT EXISTS alluserstories (                 id INT, uniqueid TEXT, name TEXT, status TEXT, rel TEXT) ENGINE=InnoDB DEFAULT CHARSET=utf8:successful"
2023-01-25 05:18:57 I Platf Print           "DELETE FROM userstories WHERE date='2023-01-25':successful"
2023-01-25 05:18:57 I Platf Print           "INSERT INTO userstories (rel, status, count, date) SELECT rel, status, count((@rn := @rn + 1)) as count, '2023-01-25' as date FROM alluserstories cross join (select @rn := 0) const GROUP BY rel, status:successful"
2023-01-25 05:19:20 I Platf Get_alldefects  "[]"
2023-01-25 05:19:20 I Platf Print           "CREATE TABLE IF NOT EXISTS defects (                     rel TEXT, team TEXT, status TEXT, priority TEXT, count INT, date TEXT) ENGINE=InnoDB DEFAULT CHARSET=utf8:successful"
2023-01-25 05:19:20 I Platf Print           "CREATE TABLE IF NOT EXISTS alldefects (                     id INT, uniqueid TEXT, name TEXT, status TEXT, rel TEXT, team TEXT, priority TEXT, jira TEXT, upstream TEXT) ENGINE=InnoDB DEFAULT CHARSET=utf8:successful"
2023-01-25 05:19:20 I Platf Print           "DELETE FROM defects WHERE date='2023-01-25':successful"
2023-01-25 05:19:20 I Platf Print           "INSERT INTO defects (rel, team, status, count, date, priority) SELECT rel, team, status, count((@rn := @rn + 1)) as count, '2023-01-25' as date, priority FROM alldefects cross join (select @rn := 0) const GROUP BY rel, team, status, priority:successful"
2023-01-25 05:27:43 I Platf get_multipickli "Unassigned don't find the mainteam name from G_parameter"
2023-01-25 05:28:07 I Platf get_multipickli "Unassigned don't find the mainteam name from G_parameter"
2023-01-25 05:32:38 I Platf get_multipickli "Unassigned don't find the mainteam name from G_parameter"
2023-01-25 05:37:16 I Platf get_multipickli "Unassigned don't find the mainteam name from G_parameter"
2023-01-25 05:37:26 I Platf get_multipickli "Unassigned don't find the mainteam name from G_parameter"
2023-01-25 05:37:45 I Platf get_multipickli "Unassigned don't find the mainteam name from G_parameter"
2023-01-25 05:38:04 I Platf get_multipickli "Unassigned don't find the mainteam name from G_parameter"
2023-01-25 05:38:23 I Platf get_multipickli "Unassigned don't find the mainteam name from G_parameter"
2023-01-25 05:38:43 I Platf get_multipickli "Unassigned don't find the mainteam name from G_parameter"
2023-01-25 05:39:02 I Platf get_multipickli "Unassigned don't find the mainteam name from G_parameter"
2023-01-25 05:39:24 I Platf get_multipickli "Unassigned don't find the mainteam name from G_parameter"
2023-01-25 05:51:32 E Platf Print           "HTTPSConnectionPool(host='jabra.jamacloud.com', port=443): Max retries exceeded with url: /rest/v1/items/8259696/upstreamrelationships (Caused by NewConnectionError('<urllib3.connection.VerifiedHTTPSConnection object at 0x049BA3B0>: Failed to establish a new connection: [Errno 11001] getaddrinfo failed'))"
2023-01-25 05:56:35 I Platf get_multipickli "Unassigned don't find the mainteam name from G_parameter"
2023-01-25 05:56:40 I Platf get_multipickli "Unassigned don't find the mainteam name from G_parameter"
2023-01-25 05:56:46 I Platf get_multipickli "Unassigned don't find the mainteam name from G_parameter"
2023-01-25 05:56:50 I Platf get_multipickli "Unassigned don't find the mainteam name from G_parameter"
2023-01-25 05:56:55 I Platf get_multipickli "Unassigned don't find the mainteam name from G_parameter"
2023-01-25 05:57:00 I Platf get_multipickli "Unassigned don't find the mainteam name from G_parameter"
2023-01-25 05:57:05 I Platf get_multipickli "Unassigned don't find the mainteam name from G_parameter"
2023-01-25 05:57:51 I Platf get_multipickli "Unassigned don't find the mainteam name from G_parameter"
2023-01-25 05:57:56 I Platf get_multipickli "Unassigned don't find the mainteam name from G_parameter"
2023-01-25 05:58:01 I Platf get_multipickli "Unassigned don't find the mainteam name from G_parameter"
2023-01-25 05:59:36 I Platf get_multipickli "Unassigned don't find the mainteam name from G_parameter"
2023-01-25 06:02:19 I Platf get_multipickli "Unassigned don't find the mainteam name from G_parameter"
2023-01-25 06:02:55 I Platf get_multipickli "Unassigned don't find the mainteam name from G_parameter"
2023-01-25 06:03:35 I Platf get_multipickli "Unassigned don't find the mainteam name from G_parameter"
2023-01-25 06:04:10 I Platf get_multipickli "Unassigned don't find the mainteam name from G_parameter"
2023-01-25 06:04:47 I Platf get_multipickli "Unassigned don't find the mainteam name from G_parameter"
2023-01-25 06:05:24 I Platf get_multipickli "Unassigned don't find the mainteam name from G_parameter"
2023-01-25 06:09:43 I Platf get_multipickli "Unassigned don't find the mainteam name from G_parameter"
2023-01-25 06:11:17 I Platf get_multipickli "Unassigned don't find the mainteam name from G_parameter"
2023-01-25 06:11:24 I Platf get_multipickli "Unassigned don't find the mainteam name from G_parameter"
2023-01-25 06:12:18 I Platf get_multipickli "Unassigned don't find the mainteam name from G_parameter"
2023-01-25 06:12:37 I Platf get_multipickli "Unassigned don't find the mainteam name from G_parameter"
2023-01-25 06:13:02 I Platf get_multipickli "Unassigned don't find the mainteam name from G_parameter"
2023-01-25 06:13:18 I Platf get_multipickli "Unassigned don't find the mainteam name from G_parameter"
2023-01-25 06:13:28 I Platf get_multipickli "Unassigned don't find the mainteam name from G_parameter"
2023-01-25 06:13:37 I Platf get_multipickli "Unassigned don't find the mainteam name from G_parameter"
2023-01-25 06:13:48 I Platf get_multipickli "Unassigned don't find the mainteam name from G_parameter"
2023-01-25 06:13:55 I Platf get_multipickli "Unassigned don't find the mainteam name from G_parameter"
2023-01-25 06:14:00 I Platf get_multipickli "Unassigned don't find the mainteam name from G_parameter"
2023-01-25 06:14:07 I Platf get_multipickli "Unassigned don't find the mainteam name from G_parameter"
2023-01-25 06:14:19 I Platf get_multipickli "Unassigned don't find the mainteam name from G_parameter"
2023-01-25 06:14:39 I Platf get_multipickli "Unassigned don't find the mainteam name from G_parameter"
2023-01-25 06:15:39 I Platf get_multipickli "Unassigned don't find the mainteam name from G_parameter"
2023-01-25 06:17:46 I Platf get_multipickli "Unassigned don't find the mainteam name from G_parameter"
2023-01-25 06:18:02 I Platf get_multipickli "Unassigned don't find the mainteam name from G_parameter"
2023-01-25 06:18:10 I Platf get_multipickli "Unassigned don't find the mainteam name from G_parameter"
2023-01-25 06:18:18 I Platf get_multipickli "Unassigned don't find the mainteam name from G_parameter"
2023-01-25 06:18:26 I Platf get_multipickli "Unassigned don't find the mainteam name from G_parameter"
2023-01-25 06:18:35 I Platf get_multipickli "Unassigned don't find the mainteam name from G_parameter"
2023-01-25 06:18:44 I Platf get_multipickli "Unassigned don't find the mainteam name from G_parameter"
2023-01-25 06:18:50 I Platf get_multipickli "Unassigned don't find the mainteam name from G_parameter"
2023-01-25 06:18:57 I Platf get_multipickli "Unassigned don't find the mainteam name from G_parameter"
2023-01-25 06:19:05 I Platf get_multipickli "Unassigned don't find the mainteam name from G_parameter"
2023-01-25 06:19:10 I Platf get_multipickli "Unassigned don't find the mainteam name from G_parameter"
2023-01-25 06:19:19 I Platf get_multipickli "Unassigned don't find the mainteam name from G_parameter"
2023-01-25 06:19:29 I Platf get_multipickli "Unassigned don't find the mainteam name from G_parameter"
2023-01-25 06:19:37 I Platf get_multipickli "Unassigned don't find the mainteam name from G_parameter"
2023-01-25 06:19:47 I Platf get_multipickli "Unassigned don't find the mainteam name from G_parameter"
2023-01-25 06:19:55 I Platf get_multipickli "Unassigned don't find the mainteam name from G_parameter"
2023-01-25 06:20:00 I Platf get_multipickli "Unassigned don't find the mainteam name from G_parameter"
2023-01-25 06:20:05 I Platf get_multipickli "Unassigned don't find the mainteam name from G_parameter"
2023-01-25 06:20:10 I Platf get_multipickli "Unassigned don't find the mainteam name from G_parameter"
2023-01-25 06:20:19 I Platf get_multipickli "Unassigned don't find the mainteam name from G_parameter"
2023-01-25 06:20:28 I Platf get_multipickli "Unassigned don't find the mainteam name from G_parameter"
2023-01-25 06:20:37 I Platf get_multipickli "Unassigned don't find the mainteam name from G_parameter"
2023-01-25 06:20:47 I Platf get_multipickli "Unassigned don't find the mainteam name from G_parameter"
2023-01-25 06:20:52 I Platf get_multipickli "Unassigned don't find the mainteam name from G_parameter"
2023-01-25 06:20:58 I Platf get_multipickli "Unassigned don't find the mainteam name from G_parameter"
2023-01-25 06:21:03 I Platf get_multipickli "Unassigned don't find the mainteam name from G_parameter"
2023-01-25 06:21:11 I Platf get_multipickli "Unassigned don't find the mainteam name from G_parameter"
2023-01-25 06:21:17 I Platf get_multipickli "Unassigned don't find the mainteam name from G_parameter"
2023-01-25 06:21:22 I Platf get_multipickli "Unassigned don't find the mainteam name from G_parameter"
2023-01-25 06:21:26 I Platf get_multipickli "Unassigned don't find the mainteam name from G_parameter"
2023-01-25 06:21:29 I Platf get_multipickli "Unassigned don't find the mainteam name from G_parameter"
2023-01-25 06:21:38 I Platf get_multipickli "Unassigned don't find the mainteam name from G_parameter"
2023-01-25 06:21:46 I Platf get_multipickli "Unassigned don't find the mainteam name from G_parameter"
2023-01-25 06:21:53 I Platf get_multipickli "Unassigned don't find the mainteam name from G_parameter"
2023-01-25 06:22:01 I Platf get_multipickli "Unassigned don't find the mainteam name from G_parameter"
2023-01-25 06:22:10 I Platf get_multipickli "Unassigned don't find the mainteam name from G_parameter"
2023-01-25 06:22:18 I Platf get_multipickli "Unassigned don't find the mainteam name from G_parameter"
2023-01-25 06:22:24 I Platf get_multipickli "Unassigned don't find the mainteam name from G_parameter"
2023-01-25 06:22:29 I Platf get_multipickli "Unassigned don't find the mainteam name from G_parameter"
2023-01-25 06:22:35 I Platf get_multipickli "Unassigned don't find the mainteam name from G_parameter"
2023-01-25 06:22:40 I Platf get_multipickli "Unassigned don't find the mainteam name from G_parameter"
2023-01-25 06:22:45 I Platf get_multipickli "Unassigned don't find the mainteam name from G_parameter"
2023-01-25 06:23:32 I Platf get_multipickli "Unassigned don't find the mainteam name from G_parameter"
2023-01-25 06:23:51 I Platf get_multipickli "Unassigned don't find the mainteam name from G_parameter"
2023-01-25 06:24:11 I Platf get_multipickli "Unassigned don't find the mainteam name from G_parameter"
2023-01-25 06:24:31 I Platf get_multipickli "Unassigned don't find the mainteam name from G_parameter"
2023-01-25 06:24:51 I Platf get_multipickli "Unassigned don't find the mainteam name from G_parameter"
2023-01-25 06:25:10 I Platf get_multipickli "Unassigned don't find the mainteam name from G_parameter"
2023-01-25 06:25:21 I Platf get_multipickli "Unassigned don't find the mainteam name from G_parameter"
2023-01-25 06:25:47 I Platf get_multipickli "Unassigned don't find the mainteam name from G_parameter"
2023-01-25 06:25:53 I Platf get_multipickli "Unassigned don't find the mainteam name from G_parameter"
2023-01-25 06:25:58 I Platf get_multipickli "Unassigned don't find the mainteam name from G_parameter"
2023-01-25 06:26:07 I Platf get_multipickli "Unassigned don't find the mainteam name from G_parameter"
2023-01-25 06:26:15 I Platf get_multipickli "Unassigned don't find the mainteam name from G_parameter"
2023-01-25 06:26:23 I Platf get_multipickli "Unassigned don't find the mainteam name from G_parameter"
2023-01-25 06:27:56 I Platf get_multipickli "Unassigned don't find the mainteam name from G_parameter"
2023-01-25 06:28:02 I Platf get_multipickli "Unassigned don't find the mainteam name from G_parameter"
2023-01-25 06:28:08 I Platf get_multipickli "Unassigned don't find the mainteam name from G_parameter"
2023-01-25 06:28:12 I Platf get_multipickli "Unassigned don't find the mainteam name from G_parameter"
2023-01-25 06:28:18 I Platf get_multipickli "Unassigned don't find the mainteam name from G_parameter"
2023-01-25 06:28:23 I Platf get_multipickli "Unassigned don't find the mainteam name from G_parameter"
2023-01-25 06:28:28 I Platf get_multipickli "Unassigned don't find the mainteam name from G_parameter"
2023-01-25 06:29:38 I Platf Print           "DROP TABLE IF EXISTS allrequirements:successful"
2023-01-25 06:29:38 I Platf Print           "DROP TABLE IF EXISTS allcoverage:successful"
2023-01-25 06:29:38 I Platf Print           "CREATE TABLE IF NOT EXISTS requirements (                        rel TEXT, status TEXT, count INT, date TEXT) ENGINE=InnoDB DEFAULT CHARSET=utf8:successful"
2023-01-25 06:29:38 I Platf Print           "CREATE TABLE IF NOT EXISTS allrequirements (                        id INT, uniqueid TEXT, name TEXT, status TEXT, rel TEXT, upstream TEXT, downstream TEXT, team TEXT, test_status TEXT) ENGINE=InnoDB DEFAULT CHARSET=utf8:successful"
2023-01-25 06:29:38 I Platf Print           "CREATE TABLE IF NOT EXISTS coverage (                        team text, covered int, expected int, date text) ENGINE=InnoDB DEFAULT CHARSET=utf8:successful"
2023-01-25 06:29:38 I Platf Print           "CREATE TABLE IF NOT EXISTS allcoverage (                        id INT, uniqueid TEXT, name TEXT, status TEXT, rel TEXT, verify TEXT, missing TEXT) ENGINE=InnoDB DEFAULT CHARSET=utf8:successful"
2023-01-25 06:29:38 I Platf Print           "DELETE FROM requirements WHERE date='2023-01-25':successful"
2023-01-25 06:29:38 I Platf Print           "DELETE FROM coverage WHERE date='2023-01-25':successful"
2023-01-25 06:29:38 I Platf Print           "INSERT INTO requirements (rel, status, count, date) SELECT rel, status, count((@rn := @rn + 1)) as count, '2023-01-25' as date FROM allrequirements cross join (select @rn := 0) const GROUP BY rel, status:successful"
2023-01-25 06:29:38 I Platf Print           "CREATE TABLE IF NOT EXISTS feattest (rel TEXT, status TEXT, count TEXT, date TEXT) ENGINE=InnoDB DEFAULT CHARSET=utf8:successful"
2023-01-25 06:29:38 I Platf Print           "CREATE TABLE IF NOT EXISTS reqtest (rel TEXT, status TEXT, count TEXT, date TEXT) ENGINE=InnoDB DEFAULT CHARSET=utf8:successful"
2023-01-25 06:29:38 I Platf Print           "SELECT id FROM allfeatures:successful"
2023-01-25 06:29:38 I Platf Print           "SELECT id,upstream,downstream,team FROM allrequirements:successful"
2023-01-25 06:29:38 I Platf Print           "SELECT id FROM allcoverage:successful"
2023-01-25 06:29:38 I Platf Print           "SELECT * FROM testcases:successful"
