2022-10-01 04:59:17 I Pytho Print           "Connet 20446 successfully!!!"
2022-10-01 04:59:17 I Pytho Get_alltests    "Get project name:Python id:20446 all testplans"
2022-10-01 04:59:27 I Pytho Get_alltests    "{7372947: {'id': 7372947, 'name': 'Apollo Nightly Test', 'archived': False, 'index': '7372947:Apollo Nightly Test'}, 8140305: {'id': 8140305, 'name': 'Apollo Release Smoke Test', 'archived': False, 'index': '8140305:Apollo Release Smoke Test'}, 9839931: {'id': 9839931, 'name': 'Apollo Release Stress Test', 'archived': False, 'index': '9839931:Apollo Release Stress Test'}, 7887393: {'id': 7887393, 'name': 'Apollo Weekly Test', 'archived': False, 'index': '7887393:Apollo Weekly Test'}, 7209846: {'id': 7209846, 'name': 'Audio DVT test plan', 'archived': False, 'index': '7209846:Audio DVT test plan'}, 5773923: {'id': 5773923, 'name': 'HW DVT Plan', 'archived': False, 'index': '5773923:HW DVT Plan'}, 6781943: {'id': 6781943, 'name': 'HW Test Plan -Python Remote Controller', 'archived': False, 'index': '6781943:HW Test Plan -Python Remote Controller'}, 8193821: {'id': 8193821, 'name': 'kh clean up2', 'archived': True, 'index': '8193821:kh clean up2'}, 8193594: {'id': 8193594, 'name': 'kh1 clean up', 'archived': True, 'index': '8193594:kh1 clean up'}, 4859722: {'id': 4859722, 'name': 'MT Test Plan', 'archived': False, 'index': '4859722:MT Test Plan'}, 5311623: {'id': 5311623, 'name': 'Packaging transportation test', 'archived': False, 'index': '5311623:Packaging transportation test'}, 8776307: {'id': 8776307, 'name': 'Product Maintenance Test Plan', 'archived': False, 'index': '8776307:Product Maintenance Test Plan'}, 4767556: {'id': 4767556, 'name': 'Product Verification Test Plan', 'archived': False, 'index': '4767556:Product Verification Test Plan'}, 5418156: {'id': 5418156, 'name': 'Python Offering Quality Plan', 'archived': False, 'index': '5418156:Python Offering Quality Plan'}, 8676487: {'id': 8676487, 'name': 'Python Hinge insert assy Reliability test in Smooth', 'archived': False, 'index': '8676487:Python Hinge insert assy Reliability test in Smooth'}, 8067765: {'id': 8067765, 'name': 'Python Humidity and Artificial Sweat test for Wall Mount and Hinge bracket', 'archived': False, 'index': '8067765:Python Humidity and Artificial Sweat test for Wall Mount and Hinge bracket'}, 6019344: {'id': 6019344, 'name': 'Regulatory Compliance Test Plan', 'archived': False, 'index': '6019344:Regulatory Compliance Test Plan'}, 6960105: {'id': 6960105, 'name': 'SW Test Plan', 'archived': False, 'index': '6960105:SW Test Plan'}, 9430122: {'id': 9430122, 'name': 'SW Test Plan - Bundle with Lenovo', 'archived': False, 'index': '9430122:SW Test Plan - Bundle with Lenovo'}, 9721077: {'id': 9721077, 'name': 'SW Test Plan - HW Redesign', 'archived': False, 'index': '9721077:SW Test Plan - HW Redesign'}, 9619657: {'id': 9619657, 'name': 'SW Test Plan - HW Redesign', 'archived': True, 'index': '9619657:SW Test Plan - HW Redesign'}, 9752410: {'id': 9752410, 'name': 'SW Test Plan - Newport Platform', 'archived': False, 'index': '9752410:SW Test Plan - Newport Platform'}, 8936920: {'id': 8936920, 'name': 'SW Test Plan - VP1 and VP2', 'archived': False, 'index': '8936920:SW Test Plan - VP1 and VP2'}, 9592679: {'id': 9592679, 'name': 'SW Test Plan - VP3', 'archived': False, 'index': '9592679:SW Test Plan - VP3'}, 5416527: {'id': 5416527, 'name': 'UX Test plan', 'archived': False, 'index': '5416527:UX Test plan'}, 9311623: {'id': 9311623, 'name': 'Video  Test Plan -VP2 - AI Features IZ VD PC Video Quality  WB and IGV-Functional', 'archived': False, 'index': '9311623:Video  Test Plan -VP2 - AI Features IZ VD PC Video Quality  WB and IGV-Functional'}, 8961490: {'id': 8961490, 'name': 'Video - Automation - Regression', 'archived': False, 'index': '8961490:Video - Automation - Regression'}, 7164015: {'id': 7164015, 'name': 'Video SW Test Plan', 'archived': True, 'index': '7164015:Video SW Test Plan'}, 8012482: {'id': 8012482, 'name': 'Video SW Test Plan - AI Features IZ Virtual Director People Count Video Quality  Whiteboard', 'archived': False, 'index': '8012482:Video SW Test Plan - AI Features IZ Virtual Director People Count Video Quality  Whiteboard'}, 9430167: {'id': 9430167, 'name': 'Video Test Plan - Bundle with Lenovo - Inter-Operability', 'archived': False, 'index': '9430167:Video Test Plan - Bundle with Lenovo - Inter-Operability'}, 9431939: {'id': 9431939, 'name': 'Video Test Plan - Bundle with Lenovo - Non Functional', 'archived': False, 'index': '9431939:Video Test Plan - Bundle with Lenovo - Non Functional'}, 9431951: {'id': 9431951, 'name': 'Video Test Plan - Bundle with Lenovo - Reliability', 'archived': False, 'index': '9431951:Video Test Plan - Bundle with Lenovo - Reliability'}, 8043946: {'id': 8043946, 'name': 'Video Test Plan - Functional', 'archived': False, 'index': '8043946:Video Test Plan - Functional'}, 9735195: {'id': 9735195, 'name': 'Video Test Plan - HW Redesign - Functional', 'archived': False, 'index': '9735195:Video Test Plan - HW Redesign - Functional'}, 9726716: {'id': 9726716, 'name': 'Video Test Plan - HW Redesign - Inter-Operability', 'archived': False, 'index': '9726716:Video Test Plan - HW Redesign - Inter-Operability'}, 9737211: {'id': 9737211, 'name': 'Video Test Plan - HW Redesign - Non Functional ', 'archived': False, 'index': '9737211:Video Test Plan - HW Redesign - Non Functional '}, 9738134: {'id': 9738134, 'name': 'Video Test Plan - HW Redesign - Reliability ', 'archived': False, 'index': '9738134:Video Test Plan - HW Redesign - Reliability '}, 9737198: {'id': 9737198, 'name': 'Video Test Plan - HW Redesign- AI IZ VD Video Quality IGV  WB', 'archived': False, 'index': '9737198:Video Test Plan - HW Redesign- AI IZ VD Video Quality IGV  WB'}, 7915338: {'id': 7915338, 'name': 'Video Test Plan - Inter-Operability', 'archived': False, 'index': '7915338:Video Test Plan - Inter-Operability'}, 7915071: {'id': 7915071, 'name': 'Video Test Plan - Non Functional', 'archived': False, 'index': '7915071:Video Test Plan - Non Functional'}, 7998288: {'id': 7998288, 'name': 'Video Test Plan - Reliability', 'archived': False, 'index': '7998288:Video Test Plan - Reliability'}, 7915740: {'id': 7915740, 'name': 'Video Test Plan - Reliability Deleted', 'archived': True, 'index': '7915740:Video Test Plan - Reliability Deleted'}, 9308622: {'id': 9308622, 'name': 'Video Test Plan - VP2 - Functional ', 'archived': False, 'index': '9308622:Video Test Plan - VP2 - Functional '}, 9369395: {'id': 9369395, 'name': 'Video Test Plan - VP2 - Inter-Operability', 'archived': False, 'index': '9369395:Video Test Plan - VP2 - Inter-Operability'}, 9338368: {'id': 9338368, 'name': 'Video Test Plan - VP2 - Non Functional ', 'archived': False, 'index': '9338368:Video Test Plan - VP2 - Non Functional '}, 9335135: {'id': 9335135, 'name': 'Video Test Plan - VP2 - Reliability ', 'archived': False, 'index': '9335135:Video Test Plan - VP2 - Reliability '}}"
2022-10-01 04:59:27 I Pytho Get_alltests    "Get project name:Python id:20446 all testplans successful!!!"
2022-10-01 05:19:07 I Pytho get_testruns    "Error:Test testruns result is None,testplane:6960105"
2022-10-01 05:19:09 I Pytho get_testruns    "Error:Test testruns result is None,testplane:6960105"
2022-10-01 05:19:12 I Pytho get_testruns    "Error:Test testruns result is None,testplane:6960105"
2022-10-01 05:43:56 I Pytho tidy_alltestcas "9716"
2022-10-01 06:00:07 I Pytho Print           "DROP TABLE IF EXISTS testcases:successful"
2022-10-01 06:00:07 I Pytho Print           "CREATE TABLE IF NOT EXISTS testcases (                             testplan_id INT,                             testplan_name TEXT,                             testgroup_id INT,                             testgroup_name TEXT,                             testcycle_id INT,                             testcycle_name TEXT,                             rel TEXT,                             id INT,                             uniqueid TEXT,                             name TEXT,                             status TEXT,                             upstream TEXT,                             downstream TEXT,                             executionDate TEXT) ENGINE=InnoDB DEFAULT CHARSET=utf8:successful"
2022-10-01 06:00:09 I Pytho update_database "Insert testcases table successful"
2022-10-01 06:00:09 I Pytho Print           "CREATE TABLE IF NOT EXISTS tests (                             testplan_id INT,                             testplan_name TEXT,                             testplan_status TEXT,                             rel TEXT, status TEXT,                             count INT, date TEXT) ENGINE=InnoDB DEFAULT CHARSET=utf8:successful"
2022-10-01 06:00:09 I Pytho Print           "DELETE FROM tests WHERE date='2022-10-01':successful"
2022-10-01 06:00:09 I Pytho Print           "SELECT testplan_id FROM tests GROUP BY testplan_id:successful"
2022-10-01 06:00:09 I Pytho Print           "SELECT testplan_name FROM tests WHERE testplan_id=7372947 LIMIT 1:successful"
2022-10-01 06:00:09 I Pytho Print           "UPDATE tests SET testplan_status='Active' WHERE testplan_id=7372947:successful"
2022-10-01 06:00:09 I Pytho Print           "SELECT testplan_name FROM tests WHERE testplan_id=8140305 LIMIT 1:successful"
2022-10-01 06:00:09 I Pytho Print           "UPDATE tests SET testplan_status='Active' WHERE testplan_id=8140305:successful"
2022-10-01 06:00:09 I Pytho Print           "SELECT testplan_name FROM tests WHERE testplan_id=9839931 LIMIT 1:successful"
2022-10-01 06:00:09 I Pytho Print           "UPDATE tests SET testplan_status='Active' WHERE testplan_id=9839931:successful"
2022-10-01 06:00:09 I Pytho Print           "SELECT testplan_name FROM tests WHERE testplan_id=7887393 LIMIT 1:successful"
2022-10-01 06:00:09 I Pytho Print           "UPDATE tests SET testplan_status='Active' WHERE testplan_id=7887393:successful"
2022-10-01 06:00:09 I Pytho Print           "SELECT testplan_name FROM tests WHERE testplan_id=7209846 LIMIT 1:successful"
2022-10-01 06:00:09 I Pytho Print           "UPDATE tests SET testplan_status='Active' WHERE testplan_id=7209846:successful"
2022-10-01 06:00:09 I Pytho Print           "SELECT testplan_name FROM tests WHERE testplan_id=5773923 LIMIT 1:successful"
2022-10-01 06:00:09 I Pytho Print           "UPDATE tests SET testplan_status='Active' WHERE testplan_id=5773923:successful"
2022-10-01 06:00:09 I Pytho Print           "SELECT testplan_name FROM tests WHERE testplan_id=6781943 LIMIT 1:successful"
2022-10-01 06:00:09 I Pytho Print           "UPDATE tests SET testplan_status='Active' WHERE testplan_id=6781943:successful"
2022-10-01 06:00:09 I Pytho Print           "SELECT testplan_name FROM tests WHERE testplan_id=4859722 LIMIT 1:successful"
2022-10-01 06:00:09 I Pytho Print           "UPDATE tests SET testplan_status='Active' WHERE testplan_id=4859722:successful"
2022-10-01 06:00:09 I Pytho Print           "SELECT testplan_name FROM tests WHERE testplan_id=5311623 LIMIT 1:successful"
2022-10-01 06:00:09 I Pytho Print           "UPDATE tests SET testplan_status='Active' WHERE testplan_id=5311623:successful"
2022-10-01 06:00:09 I Pytho Print           "SELECT testplan_name FROM tests WHERE testplan_id=8776307 LIMIT 1:successful"
2022-10-01 06:00:09 I Pytho Print           "UPDATE tests SET testplan_status='Active' WHERE testplan_id=8776307:successful"
2022-10-01 06:00:09 I Pytho Print           "SELECT testplan_name FROM tests WHERE testplan_id=4767556 LIMIT 1:successful"
2022-10-01 06:00:09 I Pytho Print           "UPDATE tests SET testplan_status='Active' WHERE testplan_id=4767556:successful"
2022-10-01 06:00:09 I Pytho Print           "SELECT testplan_name FROM tests WHERE testplan_id=6019344 LIMIT 1:successful"
2022-10-01 06:00:09 I Pytho Print           "UPDATE tests SET testplan_status='Active' WHERE testplan_id=6019344:successful"
2022-10-01 06:00:09 I Pytho Print           "SELECT testplan_name FROM tests WHERE testplan_id=6960105 LIMIT 1:successful"
2022-10-01 06:00:09 I Pytho Print           "UPDATE tests SET testplan_status='Active' WHERE testplan_id=6960105:successful"
2022-10-01 06:00:09 I Pytho Print           "SELECT testplan_name FROM tests WHERE testplan_id=9430122 LIMIT 1:successful"
2022-10-01 06:00:09 I Pytho Print           "UPDATE tests SET testplan_status='Active' WHERE testplan_id=9430122:successful"
2022-10-01 06:00:09 I Pytho Print           "SELECT testplan_name FROM tests WHERE testplan_id=9721077 LIMIT 1:successful"
2022-10-01 06:00:09 I Pytho Print           "UPDATE tests SET testplan_status='Active' WHERE testplan_id=9721077:successful"
2022-10-01 06:00:09 I Pytho Print           "SELECT testplan_name FROM tests WHERE testplan_id=9752410 LIMIT 1:successful"
2022-10-01 06:00:09 I Pytho Print           "UPDATE tests SET testplan_status='Active' WHERE testplan_id=9752410:successful"
2022-10-01 06:00:09 I Pytho Print           "SELECT testplan_name FROM tests WHERE testplan_id=8936920 LIMIT 1:successful"
2022-10-01 06:00:09 I Pytho Print           "UPDATE tests SET testplan_status='Active' WHERE testplan_id=8936920:successful"
2022-10-01 06:00:09 I Pytho Print           "SELECT testplan_name FROM tests WHERE testplan_id=9592679 LIMIT 1:successful"
2022-10-01 06:00:09 I Pytho Print           "UPDATE tests SET testplan_status='Active' WHERE testplan_id=9592679:successful"
2022-10-01 06:00:09 I Pytho Print           "SELECT testplan_name FROM tests WHERE testplan_id=5416527 LIMIT 1:successful"
2022-10-01 06:00:09 I Pytho Print           "UPDATE tests SET testplan_status='Active' WHERE testplan_id=5416527:successful"
2022-10-01 06:00:09 I Pytho Print           "SELECT testplan_name FROM tests WHERE testplan_id=9311623 LIMIT 1:successful"
2022-10-01 06:00:09 I Pytho Print           "UPDATE tests SET testplan_status='Active' WHERE testplan_id=9311623:successful"
2022-10-01 06:00:09 I Pytho Print           "SELECT testplan_name FROM tests WHERE testplan_id=8961490 LIMIT 1:successful"
2022-10-01 06:00:09 I Pytho Print           "UPDATE tests SET testplan_status='Active' WHERE testplan_id=8961490:successful"
2022-10-01 06:00:09 I Pytho Print           "SELECT testplan_name FROM tests WHERE testplan_id=7164015 LIMIT 1:successful"
2022-10-01 06:00:09 I Pytho Print           "UPDATE tests SET testplan_status='Inactive' WHERE testplan_id=7164015:successful"
2022-10-01 06:00:10 I Pytho Print           "SELECT testplan_name FROM tests WHERE testplan_id=8012482 LIMIT 1:successful"
2022-10-01 06:00:10 I Pytho Print           "UPDATE tests SET testplan_status='Active' WHERE testplan_id=8012482:successful"
2022-10-01 06:00:10 I Pytho Print           "SELECT testplan_name FROM tests WHERE testplan_id=9430167 LIMIT 1:successful"
2022-10-01 06:00:10 I Pytho Print           "UPDATE tests SET testplan_status='Active' WHERE testplan_id=9430167:successful"
2022-10-01 06:00:10 I Pytho Print           "SELECT testplan_name FROM tests WHERE testplan_id=9431939 LIMIT 1:successful"
2022-10-01 06:00:10 I Pytho Print           "UPDATE tests SET testplan_status='Active' WHERE testplan_id=9431939:successful"
2022-10-01 06:00:10 I Pytho Print           "SELECT testplan_name FROM tests WHERE testplan_id=9431951 LIMIT 1:successful"
2022-10-01 06:00:10 I Pytho Print           "UPDATE tests SET testplan_status='Active' WHERE testplan_id=9431951:successful"
2022-10-01 06:00:10 I Pytho Print           "SELECT testplan_name FROM tests WHERE testplan_id=8043946 LIMIT 1:successful"
2022-10-01 06:00:10 I Pytho Print           "UPDATE tests SET testplan_status='Active' WHERE testplan_id=8043946:successful"
2022-10-01 06:00:10 I Pytho Print           "SELECT testplan_name FROM tests WHERE testplan_id=9735195 LIMIT 1:successful"
2022-10-01 06:00:10 I Pytho Print           "UPDATE tests SET testplan_status='Active' WHERE testplan_id=9735195:successful"
2022-10-01 06:00:10 I Pytho Print           "SELECT testplan_name FROM tests WHERE testplan_id=9726716 LIMIT 1:successful"
2022-10-01 06:00:10 I Pytho Print           "UPDATE tests SET testplan_status='Active' WHERE testplan_id=9726716:successful"
2022-10-01 06:00:10 I Pytho Print           "SELECT testplan_name FROM tests WHERE testplan_id=9737211 LIMIT 1:successful"
2022-10-01 06:00:10 I Pytho Print           "UPDATE tests SET testplan_status='Active' WHERE testplan_id=9737211:successful"
2022-10-01 06:00:10 I Pytho Print           "SELECT testplan_name FROM tests WHERE testplan_id=9738134 LIMIT 1:successful"
2022-10-01 06:00:10 I Pytho Print           "UPDATE tests SET testplan_status='Active' WHERE testplan_id=9738134:successful"
2022-10-01 06:00:10 I Pytho Print           "SELECT testplan_name FROM tests WHERE testplan_id=9737198 LIMIT 1:successful"
2022-10-01 06:00:10 I Pytho Print           "UPDATE tests SET testplan_status='Active' WHERE testplan_id=9737198:successful"
2022-10-01 06:00:10 I Pytho Print           "SELECT testplan_name FROM tests WHERE testplan_id=7915338 LIMIT 1:successful"
2022-10-01 06:00:10 I Pytho Print           "UPDATE tests SET testplan_status='Active' WHERE testplan_id=7915338:successful"
2022-10-01 06:00:10 I Pytho Print           "SELECT testplan_name FROM tests WHERE testplan_id=7915071 LIMIT 1:successful"
2022-10-01 06:00:10 I Pytho Print           "UPDATE tests SET testplan_status='Active' WHERE testplan_id=7915071:successful"
2022-10-01 06:00:10 I Pytho Print           "SELECT testplan_name FROM tests WHERE testplan_id=7998288 LIMIT 1:successful"
2022-10-01 06:00:10 I Pytho Print           "UPDATE tests SET testplan_status='Active' WHERE testplan_id=7998288:successful"
2022-10-01 06:00:10 I Pytho Print           "SELECT testplan_name FROM tests WHERE testplan_id=9308622 LIMIT 1:successful"
2022-10-01 06:00:10 I Pytho Print           "UPDATE tests SET testplan_status='Active' WHERE testplan_id=9308622:successful"
2022-10-01 06:00:10 I Pytho Print           "SELECT testplan_name FROM tests WHERE testplan_id=9369395 LIMIT 1:successful"
2022-10-01 06:00:10 I Pytho Print           "UPDATE tests SET testplan_status='Active' WHERE testplan_id=9369395:successful"
2022-10-01 06:00:10 I Pytho Print           "SELECT testplan_name FROM tests WHERE testplan_id=9338368 LIMIT 1:successful"
2022-10-01 06:00:10 I Pytho Print           "UPDATE tests SET testplan_status='Active' WHERE testplan_id=9338368:successful"
2022-10-01 06:00:10 I Pytho Print           "SELECT testplan_name FROM tests WHERE testplan_id=9335135 LIMIT 1:successful"
2022-10-01 06:00:10 I Pytho Print           "UPDATE tests SET testplan_status='Active' WHERE testplan_id=9335135:successful"
2022-10-01 06:00:10 I Pytho Print           "INSERT INTO tests (testplan_id, testplan_name, testplan_status, rel, status, count, date) SELECT testplan_id, testplan_name, 'Active' as testplan_status, rel, status, count((@rn := @rn + 1)) as count, '2022-10-01' as date FROM testcases cross join (select @rn := 0) const GROUP BY testplan_id, rel, status:successful"
2022-10-01 06:00:10 I Pytho update_database "Insert tests table successful"
2022-10-01 06:00:10 I Pytho Print           "CREATE TABLE IF NOT EXISTS testapproval (                                 rel TEXT, team TEXT, status TEXT, upstream TEXT, count INT, date TEXT                                 ) ENGINE=InnoDB DEFAULT CHARSET=utf8:successful"
2022-10-01 06:00:10 I Pytho Print           "DROP TABLE IF EXISTS alltestapproval:successful"
2022-10-01 06:00:10 I Pytho Print           "CREATE TABLE IF NOT EXISTS alltestapproval (                                 id INT, uniqueid TEXT, name TEXT, status TEXT, rel TEXT, team TEXT, upstream TEXT                                 ) ENGINE=InnoDB DEFAULT CHARSET=utf8:successful"
2022-10-01 06:00:11 I Pytho Print           "DELETE FROM testapproval WHERE date='2022-10-01':successful"
2022-10-01 06:00:11 I Pytho Print           "INSERT INTO testapproval (rel, team, status, count, date, upstream) SELECT rel, team, status, count((@rn := @rn + 1)) as count, '2022-10-01' as date, upstream FROM alltestapproval cross join (select @rn := 0) const GROUP BY rel, team, status, upstream:successful"
2022-10-01 06:00:16 I Pytho Get_allfeatuers "[{'id': 4740808, 'name': 'Management via Ethernet', 'documentKey': 'Pu-FEAT-82', 'statusId': 156410, 'status': 'Approved'}, {'id': 10085965, 'name': 'Fusing and Flashing', 'documentKey': 'Pu-FEAT-460', 'statusId': 156584, 'status': 'Proposal'}, {'id': 7518696, 'name': 'Speaker Tracking', 'documentKey': 'Pu-FEAT-242', 'statusId': 156409, 'status': 'Draft'}, {'id': 7518768, 'name': 'Improved security features', 'documentKey': 'Pu-FEAT-244', 'statusId': 156409, 'status': 'Draft'}, {'id': 7518714, 'name': 'Mobile App gen 2', 'documentKey': 'Pu-FEAT-243', 'statusId': 156409, 'status': 'Draft'}, {'id': 4755136, 'name': 'Super Wideband Audio', 'documentKey': 'Pu-FEAT-85', 'statusId': 156603, 'status': 'Info pending'}, {'id': 8506072, 'name': 'Audio recording mode (Support feature)', 'documentKey': 'Pu-FEAT-398', 'statusId': 156584, 'status': 'Proposal'}, {'id': 7384320, 'name': 'Audio input (Bluetooth)', 'documentKey': 'Pu-FEAT-196', 'statusId': 156584, 'status': 'Proposal'}, {'id': 8733533, 'name': ' MS Teams Positional Audio (Analog out)', 'documentKey': 'Pu-FEAT-427', 'statusId': 156409, 'status': 'Draft'}, {'id': 7384329, 'name': 'Speakerphone (Bluetooth)', 'documentKey': 'Pu-FEAT-199', 'statusId': 156584, 'status': 'Proposal'}, {'id': 7384389, 'name': 'Pairing of Mobile Device, Bluetooth', 'documentKey': 'Pu-FEAT-214', 'statusId': 156761, 'status': 'Previously approved'}, {'id': 7384392, 'name': 'Music streaming and control, Bluetooth', 'documentKey': 'Pu-FEAT-215', 'statusId': 156761, 'status': 'Previously approved'}, {'id': 7384395, 'name': 'MMI over Bluetooth Low Energy', 'documentKey': 'Pu-FEAT-216', 'statusId': 156761, 'status': 'Previously approved'}, {'id': 8495559, 'name': 'Automatic whiteboard corner detection', 'documentKey': 'Pu-FEAT-348', 'statusId': 156584, 'status': 'Proposal'}, {'id': 7384824, 'name': 'Whiteboard occlusion', 'documentKey': 'Pu-FEAT-217', 'statusId': 156409, 'status': 'Draft'}, {'id': 5421549, 'name': 'On-prem Server Authentication', 'documentKey': 'Pu-FEAT-97', 'statusId': 156584, 'status': 'Proposal'}, {'id': 4431522, 'name': 'Provisioning tool', 'documentKey': 'Pu-FEAT-63', 'statusId': 156584, 'status': 'Proposal'}, {'id': 5421555, 'name': 'Firmware update; bulk mode', 'documentKey': 'Pu-FEAT-98', 'statusId': 156584, 'status': 'Proposal'}, {'id': 7870299, 'name': 'Statistics collection [VPx]', 'documentKey': 'Pu-FEAT-275', 'statusId': 156409, 'status': 'Draft'}, {'id': 7264515, 'name': 'Statistics collection - Video information', 'documentKey': 'Pu-FEAT-184', 'statusId': 156410, 'status': 'Approved'}, {'id': 7264521, 'name': 'Statistics collection - Audio information', 'documentKey': 'Pu-FEAT-185', 'statusId': 156410, 'status': 'Approved'}, {'id': 7264620, 'name': 'Statistics collection - Debug information', 'documentKey': 'Pu-FEAT-187', 'statusId': 156410, 'status': 'Approved'}, {'id': 8053114, 'name': 'Privacy cover', 'documentKey': 'Pu-FEAT-281', 'statusId': 156410, 'status': 'Approved'}]"
2022-10-01 06:00:16 I Pytho Print           "CREATE TABLE IF NOT EXISTS features (                                rel TEXT, status TEXT, count INT, date TEXT) ENGINE=InnoDB DEFAULT CHARSET=utf8:successful"
2022-10-01 06:00:16 I Pytho Print           "CREATE TABLE IF NOT EXISTS allfeatures (                                id INT, uniqueid TEXT, name TEXT, status TEXT, rel TEXT,test_status TEXT) ENGINE=InnoDB DEFAULT CHARSET=utf8:successful"
2022-10-01 06:00:16 I Pytho Print           "DELETE FROM features WHERE date='2022-10-01':successful"
2022-10-01 06:00:16 I Pytho Print           "DELETE FROM allfeatures WHERE id=18593851:successful"
2022-10-01 06:00:16 I Pytho Print           "DELETE FROM allfeatures WHERE id=18578102:successful"
2022-10-01 06:00:16 I Pytho Print           "DELETE FROM allfeatures WHERE id=18405103:successful"
2022-10-01 06:00:16 I Pytho Print           "DELETE FROM allfeatures WHERE id=18101004:successful"
2022-10-01 06:00:16 I Pytho Print           "DELETE FROM allfeatures WHERE id=17755334:successful"
2022-10-01 06:00:16 I Pytho Print           "DELETE FROM allfeatures WHERE id=17755331:successful"
2022-10-01 06:00:16 I Pytho Print           "DELETE FROM allfeatures WHERE id=17254498:successful"
2022-10-01 06:00:16 I Pytho Print           "DELETE FROM allfeatures WHERE id=17172498:successful"
2022-10-01 06:00:16 I Pytho Print           "DELETE FROM allfeatures WHERE id=17172468:successful"
2022-10-01 06:00:16 I Pytho Print           "DELETE FROM allfeatures WHERE id=17149230:successful"
2022-10-01 06:00:16 I Pytho Print           "DELETE FROM allfeatures WHERE id=17149229:successful"
2022-10-01 06:00:16 I Pytho Print           "DELETE FROM allfeatures WHERE id=16926946:successful"
2022-10-01 06:00:16 I Pytho Print           "DELETE FROM allfeatures WHERE id=16926541:successful"
2022-10-01 06:00:16 I Pytho Print           "DELETE FROM allfeatures WHERE id=16715871:successful"
2022-10-01 06:00:16 I Pytho Print           "DELETE FROM allfeatures WHERE id=16531668:successful"
2022-10-01 06:00:16 I Pytho Print           "DELETE FROM allfeatures WHERE id=16464040:successful"
2022-10-01 06:00:16 I Pytho Print           "DELETE FROM allfeatures WHERE id=16464007:successful"
2022-10-01 06:00:16 I Pytho Print           "DELETE FROM allfeatures WHERE id=16416894:successful"
2022-10-01 06:00:16 I Pytho Print           "DELETE FROM allfeatures WHERE id=16375061:successful"
2022-10-01 06:00:16 I Pytho Print           "DELETE FROM allfeatures WHERE id=16374983:successful"
2022-10-01 06:00:16 I Pytho Print           "DELETE FROM allfeatures WHERE id=16374305:successful"
2022-10-01 06:00:16 I Pytho Print           "DELETE FROM allfeatures WHERE id=16334737:successful"
2022-10-01 06:00:16 I Pytho Print           "DELETE FROM allfeatures WHERE id=16327636:successful"
2022-10-01 06:00:16 I Pytho Print           "DELETE FROM allfeatures WHERE id=16327631:successful"
2022-10-01 06:00:16 I Pytho Print           "DELETE FROM allfeatures WHERE id=16327622:successful"
2022-10-01 06:00:16 I Pytho Print           "DELETE FROM allfeatures WHERE id=16327620:successful"
2022-10-01 06:00:16 I Pytho Print           "DELETE FROM allfeatures WHERE id=16327618:successful"
2022-10-01 06:00:16 I Pytho Print           "DELETE FROM allfeatures WHERE id=16327616:successful"
2022-10-01 06:00:16 I Pytho Print           "DELETE FROM allfeatures WHERE id=16327614:successful"
2022-10-01 06:00:16 I Pytho Print           "DELETE FROM allfeatures WHERE id=16327610:successful"
2022-10-01 06:00:16 I Pytho Print           "DELETE FROM allfeatures WHERE id=16327607:successful"
2022-10-01 06:00:16 I Pytho Print           "DELETE FROM allfeatures WHERE id=15916630:successful"
2022-10-01 06:00:16 I Pytho Print           "DELETE FROM allfeatures WHERE id=15715329:successful"
2022-10-01 06:00:16 I Pytho Print           "DELETE FROM allfeatures WHERE id=15446741:successful"
2022-10-01 06:00:16 I Pytho Print           "DELETE FROM allfeatures WHERE id=15440278:successful"
2022-10-01 06:00:16 I Pytho Print           "DELETE FROM allfeatures WHERE id=15440275:successful"
2022-10-01 06:00:16 I Pytho Print           "DELETE FROM allfeatures WHERE id=15440251:successful"
2022-10-01 06:00:16 I Pytho Print           "DELETE FROM allfeatures WHERE id=15440248:successful"
2022-10-01 06:00:16 I Pytho Print           "DELETE FROM allfeatures WHERE id=15440245:successful"
2022-10-01 06:00:16 I Pytho Print           "DELETE FROM allfeatures WHERE id=15440242:successful"
2022-10-01 06:00:16 I Pytho Print           "DELETE FROM allfeatures WHERE id=15440238:successful"
2022-10-01 06:00:16 I Pytho Print           "DELETE FROM allfeatures WHERE id=15360230:successful"
2022-10-01 06:00:16 I Pytho Print           "DELETE FROM allfeatures WHERE id=14880390:successful"
2022-10-01 06:00:16 I Pytho Print           "DELETE FROM allfeatures WHERE id=14880255:successful"
2022-10-01 06:00:16 I Pytho Print           "DELETE FROM allfeatures WHERE id=14621427:successful"
2022-10-01 06:00:16 I Pytho Print           "DELETE FROM allfeatures WHERE id=14369214:successful"
2022-10-01 06:00:16 I Pytho Print           "DELETE FROM allfeatures WHERE id=14368674:successful"
2022-10-01 06:00:16 I Pytho Print           "DELETE FROM allfeatures WHERE id=14368662:successful"
2022-10-01 06:00:16 I Pytho Print           "DELETE FROM allfeatures WHERE id=14368638:successful"
2022-10-01 06:00:16 I Pytho Print           "DELETE FROM allfeatures WHERE id=14306682:successful"
2022-10-01 06:00:16 I Pytho Print           "DELETE FROM allfeatures WHERE id=13962657:successful"
2022-10-01 06:00:16 I Pytho Print           "DELETE FROM allfeatures WHERE id=13962612:successful"
2022-10-01 06:00:16 I Pytho Print           "DELETE FROM allfeatures WHERE id=13962531:successful"
2022-10-01 06:00:16 I Pytho Print           "DELETE FROM allfeatures WHERE id=13962204:successful"
2022-10-01 06:00:16 I Pytho Print           "DELETE FROM allfeatures WHERE id=13962072:successful"
2022-10-01 06:00:16 I Pytho Print           "DELETE FROM allfeatures WHERE id=13649280:successful"
2022-10-01 06:00:16 I Pytho Print           "DELETE FROM allfeatures WHERE id=13648992:successful"
2022-10-01 06:00:16 I Pytho Print           "DELETE FROM allfeatures WHERE id=13647171:successful"
2022-10-01 06:00:16 I Pytho Print           "DELETE FROM allfeatures WHERE id=13646934:successful"
2022-10-01 06:00:16 I Pytho Print           "DELETE FROM allfeatures WHERE id=13110954:successful"
2022-10-01 06:00:16 I Pytho Print           "DELETE FROM allfeatures WHERE id=12825911:successful"
2022-10-01 06:00:16 I Pytho Print           "DELETE FROM allfeatures WHERE id=12825893:successful"
2022-10-01 06:00:16 I Pytho Print           "DELETE FROM allfeatures WHERE id=12590753:successful"
2022-10-01 06:00:16 I Pytho Print           "DELETE FROM allfeatures WHERE id=12589301:successful"
2022-10-01 06:00:16 I Pytho Print           "DELETE FROM allfeatures WHERE id=12589292:successful"
2022-10-01 06:00:16 I Pytho Print           "DELETE FROM allfeatures WHERE id=12589067:successful"
2022-10-01 06:00:16 I Pytho Print           "DELETE FROM allfeatures WHERE id=12589064:successful"
2022-10-01 06:00:16 I Pytho Print           "DELETE FROM allfeatures WHERE id=12589046:successful"
2022-10-01 06:00:16 I Pytho Print           "DELETE FROM allfeatures WHERE id=12589043:successful"
2022-10-01 06:00:16 I Pytho Print           "DELETE FROM allfeatures WHERE id=12589040:successful"
2022-10-01 06:00:16 I Pytho Print           "DELETE FROM allfeatures WHERE id=12588686:successful"
2022-10-01 06:00:16 I Pytho Print           "DELETE FROM allfeatures WHERE id=12588587:successful"
2022-10-01 06:00:16 I Pytho Print           "DELETE FROM allfeatures WHERE id=12337310:successful"
2022-10-01 06:00:16 I Pytho Print           "DELETE FROM allfeatures WHERE id=11590461:successful"
2022-10-01 06:00:16 I Pytho Print           "DELETE FROM allfeatures WHERE id=11146533:successful"
2022-10-01 06:00:16 I Pytho Print           "DELETE FROM allfeatures WHERE id=11062593:successful"
2022-10-01 06:00:16 I Pytho Print           "DELETE FROM allfeatures WHERE id=10890279:successful"
2022-10-01 06:00:16 I Pytho Print           "DELETE FROM allfeatures WHERE id=10889271:successful"
2022-10-01 06:00:16 I Pytho Print           "DELETE FROM allfeatures WHERE id=10884522:successful"
2022-10-01 06:00:16 I Pytho Print           "DELETE FROM allfeatures WHERE id=10882386:successful"
2022-10-01 06:00:16 I Pytho Print           "DELETE FROM allfeatures WHERE id=10882350:successful"
2022-10-01 06:00:16 I Pytho Print           "DELETE FROM allfeatures WHERE id=10511094:successful"
2022-10-01 06:00:16 I Pytho Print           "DELETE FROM allfeatures WHERE id=10089663:successful"
2022-10-01 06:00:16 I Pytho Print           "DELETE FROM allfeatures WHERE id=10075068:successful"
2022-10-01 06:00:16 I Pytho Print           "DELETE FROM allfeatures WHERE id=9682198:successful"
2022-10-01 06:00:16 I Pytho Print           "DELETE FROM allfeatures WHERE id=9677371:successful"
2022-10-01 06:00:16 I Pytho Print           "DELETE FROM allfeatures WHERE id=9365055:successful"
2022-10-01 06:00:16 I Pytho Print           "DELETE FROM allfeatures WHERE id=9364860:successful"
2022-10-01 06:00:16 I Pytho Print           "DELETE FROM allfeatures WHERE id=9361998:successful"
2022-10-01 06:00:16 I Pytho Print           "DELETE FROM allfeatures WHERE id=9306567:successful"
2022-10-01 06:00:16 I Pytho Print           "DELETE FROM allfeatures WHERE id=9306417:successful"
2022-10-01 06:00:16 I Pytho Print           "DELETE FROM allfeatures WHERE id=9301617:successful"
2022-10-01 06:00:16 I Pytho Print           "DELETE FROM allfeatures WHERE id=9215292:successful"
2022-10-01 06:00:16 I Pytho Print           "DELETE FROM allfeatures WHERE id=9209031:successful"
2022-10-01 06:00:16 I Pytho Print           "DELETE FROM allfeatures WHERE id=9058379:successful"
2022-10-01 06:00:16 I Pytho Print           "DELETE FROM allfeatures WHERE id=9058322:successful"
2022-10-01 06:00:16 I Pytho Print           "DELETE FROM allfeatures WHERE id=4740808:successful"
2022-10-01 06:00:16 I Pytho Print           "DELETE FROM allfeatures WHERE id=10085965:successful"
2022-10-01 06:00:16 I Pytho Print           "DELETE FROM allfeatures WHERE id=7518696:successful"
2022-10-01 06:00:16 I Pytho Print           "DELETE FROM allfeatures WHERE id=7518768:successful"
2022-10-01 06:00:16 I Pytho Print           "DELETE FROM allfeatures WHERE id=7518714:successful"
2022-10-01 06:00:16 I Pytho Print           "DELETE FROM allfeatures WHERE id=4755136:successful"
2022-10-01 06:00:16 I Pytho Print           "DELETE FROM allfeatures WHERE id=8506072:successful"
2022-10-01 06:00:16 I Pytho Print           "DELETE FROM allfeatures WHERE id=7384320:successful"
2022-10-01 06:00:16 I Pytho Print           "DELETE FROM allfeatures WHERE id=8733533:successful"
2022-10-01 06:00:16 I Pytho Print           "DELETE FROM allfeatures WHERE id=7384329:successful"
2022-10-01 06:00:16 I Pytho Print           "DELETE FROM allfeatures WHERE id=7384389:successful"
2022-10-01 06:00:16 I Pytho Print           "DELETE FROM allfeatures WHERE id=7384392:successful"
2022-10-01 06:00:16 I Pytho Print           "DELETE FROM allfeatures WHERE id=7384395:successful"
2022-10-01 06:00:16 I Pytho Print           "DELETE FROM allfeatures WHERE id=8495559:successful"
2022-10-01 06:00:16 I Pytho Print           "DELETE FROM allfeatures WHERE id=7384824:successful"
2022-10-01 06:00:16 I Pytho Print           "DELETE FROM allfeatures WHERE id=5421549:successful"
2022-10-01 06:00:16 I Pytho Print           "DELETE FROM allfeatures WHERE id=4431522:successful"
2022-10-01 06:00:16 I Pytho Print           "DELETE FROM allfeatures WHERE id=5421555:successful"
2022-10-01 06:00:16 I Pytho Print           "DELETE FROM allfeatures WHERE id=7870299:successful"
2022-10-01 06:00:16 I Pytho Print           "DELETE FROM allfeatures WHERE id=7264515:successful"
2022-10-01 06:00:16 I Pytho Print           "DELETE FROM allfeatures WHERE id=7264521:successful"
2022-10-01 06:00:16 I Pytho Print           "DELETE FROM allfeatures WHERE id=7264620:successful"
2022-10-01 06:00:16 I Pytho Print           "DELETE FROM allfeatures WHERE id=8053114:successful"
2022-10-01 06:00:16 I Pytho Print           "INSERT INTO features (rel, status, count, date)                                 SELECT rel, status, count((@rn := @rn + 1)) as count, '2022-10-01' as date FROM allfeatures cross join (select @rn := 0) const GROUP BY rel, status:successful"
2022-10-01 06:00:16 I Pytho Get_allchangere "[]"
2022-10-01 06:00:16 I Pytho Print           "CREATE TABLE IF NOT EXISTS changes (                                 rel TEXT, status TEXT, priority TEXT,                                 requester TEXT, date TEXT, count INT) ENGINE=InnoDB DEFAULT CHARSET=utf8:successful"
2022-10-01 06:00:16 I Pytho Print           "CREATE TABLE IF NOT EXISTS allchanges (                                 id INT, uniqueid TEXT, name TEXT,                                 status TEXT, rel TEXT, priority TEXT,                                 requester TEXT) ENGINE=InnoDB DEFAULT CHARSET=utf8:successful"
2022-10-01 06:00:16 I Pytho Print           "DELETE FROM changes WHERE date='2022-10-01':successful"
2022-10-01 06:00:16 I Pytho Print           "INSERT INTO changes (                                 rel, status, priority, requester, date, count)                                 SELECT rel, status, priority, requester, '2022-10-01' as date, count((@rn := @rn + 1)) as count FROM allchanges                                 cross join (select @rn := 0) const GROUP BY rel, status, priority, requester:successful"
2022-10-01 06:00:17 I Pytho Print           "CREATE TABLE IF NOT EXISTS designspec (                            rel TEXT, team TEXT, status TEXT, count INT, date text) ENGINE=InnoDB DEFAULT CHARSET=utf8:successful"
2022-10-01 06:00:17 I Pytho Print           "CREATE TABLE IF NOT EXISTS alldesignspec (                             id INT, uniqueid TEXT, name TEXT, status TEXT, rel TEXT, team TEXT) ENGINE=InnoDB DEFAULT CHARSET=utf8:successful"
2022-10-01 06:00:17 I Pytho Print           "DELETE FROM designspec WHERE date='2022-10-01':successful"
2022-10-01 06:00:17 I Pytho Print           "INSERT INTO designspec (rel, team, status, count, date) SELECT rel, team, status, count((@rn := @rn + 1)) as count, '2022-10-01' as date FROM alldesignspec cross join (select @rn := 0) const GROUP BY rel, team, status:successful"
2022-10-01 06:00:18 I Pytho Get_alluserstor "[]"
2022-10-01 06:00:18 I Pytho Print           "CREATE TABLE IF NOT EXISTS userstories (                 rel TEXT, status TEXT, count INT, date TEXT) ENGINE=InnoDB DEFAULT CHARSET=utf8:successful"
2022-10-01 06:00:18 I Pytho Print           "CREATE TABLE IF NOT EXISTS alluserstories (                 id INT, uniqueid TEXT, name TEXT, status TEXT, rel TEXT) ENGINE=InnoDB DEFAULT CHARSET=utf8:successful"
2022-10-01 06:00:18 I Pytho Print           "DELETE FROM userstories WHERE date='2022-10-01':successful"
2022-10-01 06:00:18 I Pytho Print           "INSERT INTO userstories (rel, status, count, date) SELECT rel, status, count((@rn := @rn + 1)) as count, '2022-10-01' as date FROM alluserstories cross join (select @rn := 0) const GROUP BY rel, status:successful"
2022-10-01 06:01:14 I Pytho Print           "CREATE TABLE IF NOT EXISTS defects (                     rel TEXT, team TEXT, status TEXT, priority TEXT, count INT, date TEXT) ENGINE=InnoDB DEFAULT CHARSET=utf8:successful"
2022-10-01 06:01:14 I Pytho Print           "CREATE TABLE IF NOT EXISTS alldefects (                     id INT, uniqueid TEXT, name TEXT, status TEXT, rel TEXT, team TEXT, priority TEXT, jira TEXT, upstream TEXT) ENGINE=InnoDB DEFAULT CHARSET=utf8:successful"
2022-10-01 06:01:14 I Pytho Print           "DELETE FROM defects WHERE date='2022-10-01':successful"
2022-10-01 06:01:14 I Pytho Print           "DELETE FROM alldefects WHERE id = 15354117:successful"
2022-10-01 06:01:14 I Pytho Print           "DELETE FROM alldefects WHERE id = 8525132:successful"
2022-10-01 06:01:14 I Pytho Print           "DELETE FROM alldefects WHERE id = 8564335:successful"
2022-10-01 06:01:14 I Pytho Print           "DELETE FROM alldefects WHERE id = 9107937:successful"
2022-10-01 06:01:14 I Pytho Print           "DELETE FROM alldefects WHERE id = 9131734:successful"
2022-10-01 06:01:14 I Pytho Print           "DELETE FROM alldefects WHERE id = 9140539:successful"
2022-10-01 06:01:14 I Pytho Print           "DELETE FROM alldefects WHERE id = 9307841:successful"
2022-10-01 06:01:14 I Pytho Print           "DELETE FROM alldefects WHERE id = 9336240:successful"
2022-10-01 06:01:14 I Pytho Print           "DELETE FROM alldefects WHERE id = 9340529:successful"
2022-10-01 06:01:14 I Pytho Print           "DELETE FROM alldefects WHERE id = 9340716:successful"
2022-10-01 06:01:14 I Pytho Print           "DELETE FROM alldefects WHERE id = 9438188:successful"
2022-10-01 06:01:14 I Pytho Print           "DELETE FROM alldefects WHERE id = 9465841:successful"
2022-10-01 06:01:14 I Pytho Print           "DELETE FROM alldefects WHERE id = 9482674:successful"
2022-10-01 06:01:14 I Pytho Print           "DELETE FROM alldefects WHERE id = 9483005:successful"
2022-10-01 06:01:14 I Pytho Print           "DELETE FROM alldefects WHERE id = 9489430:successful"
2022-10-01 06:01:14 I Pytho Print           "DELETE FROM alldefects WHERE id = 9489984:successful"
2022-10-01 06:01:14 I Pytho Print           "DELETE FROM alldefects WHERE id = 9493293:successful"
2022-10-01 06:01:14 I Pytho Print           "DELETE FROM alldefects WHERE id = 9527981:successful"
2022-10-01 06:01:14 I Pytho Print           "DELETE FROM alldefects WHERE id = 9529256:successful"
2022-10-01 06:01:14 I Pytho Print           "DELETE FROM alldefects WHERE id = 9682236:successful"
2022-10-01 06:01:14 I Pytho Print           "DELETE FROM alldefects WHERE id = 9689048:successful"
2022-10-01 06:01:14 I Pytho Print           "DELETE FROM alldefects WHERE id = 9689474:successful"
2022-10-01 06:01:14 I Pytho Print           "DELETE FROM alldefects WHERE id = 9715378:successful"
2022-10-01 06:01:14 I Pytho Print           "DELETE FROM alldefects WHERE id = 9720410:successful"
2022-10-01 06:01:14 I Pytho Print           "DELETE FROM alldefects WHERE id = 9721005:successful"
2022-10-01 06:01:14 I Pytho Print           "DELETE FROM alldefects WHERE id = 9724531:successful"
2022-10-01 06:01:14 I Pytho Print           "DELETE FROM alldefects WHERE id = 9734085:successful"
2022-10-01 06:01:14 I Pytho Print           "DELETE FROM alldefects WHERE id = 9768426:successful"
2022-10-01 06:01:14 I Pytho Print           "DELETE FROM alldefects WHERE id = 9768489:successful"
2022-10-01 06:01:14 I Pytho Print           "DELETE FROM alldefects WHERE id = 9803925:successful"
2022-10-01 06:01:14 I Pytho Print           "DELETE FROM alldefects WHERE id = 9846580:successful"
2022-10-01 06:01:14 I Pytho Print           "DELETE FROM alldefects WHERE id = 9846704:successful"
2022-10-01 06:01:14 I Pytho Print           "DELETE FROM alldefects WHERE id = 9853828:successful"
2022-10-01 06:01:14 I Pytho Print           "DELETE FROM alldefects WHERE id = 9863459:successful"
2022-10-01 06:01:14 I Pytho Print           "DELETE FROM alldefects WHERE id = 9868615:successful"
2022-10-01 06:01:14 I Pytho Print           "DELETE FROM alldefects WHERE id = 9872078:successful"
2022-10-01 06:01:14 I Pytho Print           "DELETE FROM alldefects WHERE id = 9874571:successful"
2022-10-01 06:01:14 I Pytho Print           "DELETE FROM alldefects WHERE id = 9875213:successful"
2022-10-01 06:01:14 I Pytho Print           "DELETE FROM alldefects WHERE id = 9879361:successful"
2022-10-01 06:01:14 I Pytho Print           "DELETE FROM alldefects WHERE id = 9879488:successful"
2022-10-01 06:01:14 I Pytho Print           "DELETE FROM alldefects WHERE id = 9881741:successful"
2022-10-01 06:01:14 I Pytho Print           "DELETE FROM alldefects WHERE id = 9883154:successful"
2022-10-01 06:01:14 I Pytho Print           "DELETE FROM alldefects WHERE id = 9883182:successful"
2022-10-01 06:01:14 I Pytho Print           "DELETE FROM alldefects WHERE id = 9883211:successful"
2022-10-01 06:01:14 I Pytho Print           "DELETE FROM alldefects WHERE id = 9887681:successful"
2022-10-01 06:01:14 I Pytho Print           "DELETE FROM alldefects WHERE id = 9888245:successful"
2022-10-01 06:01:14 I Pytho Print           "DELETE FROM alldefects WHERE id = 9889072:successful"
2022-10-01 06:01:14 I Pytho Print           "DELETE FROM alldefects WHERE id = 9896013:successful"
2022-10-01 06:01:14 I Pytho Print           "DELETE FROM alldefects WHERE id = 9915883:successful"
2022-10-01 06:01:14 I Pytho Print           "DELETE FROM alldefects WHERE id = 9916040:successful"
2022-10-01 06:01:14 I Pytho Print           "DELETE FROM alldefects WHERE id = 9916051:successful"
2022-10-01 06:01:14 I Pytho Print           "DELETE FROM alldefects WHERE id = 9925118:successful"
2022-10-01 06:01:14 I Pytho Print           "DELETE FROM alldefects WHERE id = 9932020:successful"
2022-10-01 06:01:14 I Pytho Print           "DELETE FROM alldefects WHERE id = 9933811:successful"
2022-10-01 06:01:14 I Pytho Print           "DELETE FROM alldefects WHERE id = 9936908:successful"
2022-10-01 06:01:14 I Pytho Print           "DELETE FROM alldefects WHERE id = 9940352:successful"
2022-10-01 06:01:14 I Pytho Print           "DELETE FROM alldefects WHERE id = 9946529:successful"
2022-10-01 06:01:14 I Pytho Print           "DELETE FROM alldefects WHERE id = 9947566:successful"
2022-10-01 06:01:14 I Pytho Print           "DELETE FROM alldefects WHERE id = 9974947:successful"
2022-10-01 06:01:14 I Pytho Print           "DELETE FROM alldefects WHERE id = 9976204:successful"
2022-10-01 06:01:14 I Pytho Print           "DELETE FROM alldefects WHERE id = 9984563:successful"
2022-10-01 06:01:14 I Pytho Print           "DELETE FROM alldefects WHERE id = 9984842:successful"
2022-10-01 06:01:14 I Pytho Print           "DELETE FROM alldefects WHERE id = 9985240:successful"
2022-10-01 06:01:14 I Pytho Print           "DELETE FROM alldefects WHERE id = 9985407:successful"
2022-10-01 06:01:14 I Pytho Print           "DELETE FROM alldefects WHERE id = 9985512:successful"
2022-10-01 06:01:14 I Pytho Print           "DELETE FROM alldefects WHERE id = 9994302:successful"
2022-10-01 06:01:14 I Pytho Print           "DELETE FROM alldefects WHERE id = 9994935:successful"
2022-10-01 06:01:14 I Pytho Print           "DELETE FROM alldefects WHERE id = 10032463:successful"
2022-10-01 06:01:14 I Pytho Print           "DELETE FROM alldefects WHERE id = 10032476:successful"
2022-10-01 06:01:14 I Pytho Print           "DELETE FROM alldefects WHERE id = 10055486:successful"
2022-10-01 06:01:14 I Pytho Print           "DELETE FROM alldefects WHERE id = 10059075:successful"
2022-10-01 06:01:14 I Pytho Print           "DELETE FROM alldefects WHERE id = 10069921:successful"
2022-10-01 06:01:14 I Pytho Print           "DELETE FROM alldefects WHERE id = 10075269:successful"
2022-10-01 06:01:14 I Pytho Print           "DELETE FROM alldefects WHERE id = 10075325:successful"
2022-10-01 06:01:14 I Pytho Print           "DELETE FROM alldefects WHERE id = 10075670:successful"
2022-10-01 06:01:14 I Pytho Print           "DELETE FROM alldefects WHERE id = 10077141:successful"
2022-10-01 06:01:14 I Pytho Print           "DELETE FROM alldefects WHERE id = 10077193:successful"
2022-10-01 06:01:14 I Pytho Print           "DELETE FROM alldefects WHERE id = 10077696:successful"
2022-10-01 06:01:14 I Pytho Print           "DELETE FROM alldefects WHERE id = 10079432:successful"
2022-10-01 06:01:14 I Pytho Print           "DELETE FROM alldefects WHERE id = 10083412:successful"
2022-10-01 06:01:14 I Pytho Print           "DELETE FROM alldefects WHERE id = 10094253:successful"
2022-10-01 06:01:14 I Pytho Print           "DELETE FROM alldefects WHERE id = 10096324:successful"
2022-10-01 06:01:14 I Pytho Print           "DELETE FROM alldefects WHERE id = 10104026:successful"
2022-10-01 06:01:14 I Pytho Print           "DELETE FROM alldefects WHERE id = 10106873:successful"
2022-10-01 06:01:14 I Pytho Print           "DELETE FROM alldefects WHERE id = 10107206:successful"
2022-10-01 06:01:14 I Pytho Print           "DELETE FROM alldefects WHERE id = 10109425:successful"
2022-10-01 06:01:14 I Pytho Print           "DELETE FROM alldefects WHERE id = 10113957:successful"
2022-10-01 06:01:14 I Pytho Print           "DELETE FROM alldefects WHERE id = 10113960:successful"
2022-10-01 06:01:14 I Pytho Print           "Not enough parameters for the SQL statement"
2022-10-01 06:01:14 I Pytho Print           "INSERT INTO defects (rel, team, status, count, date, priority) SELECT rel, team, status, count((@rn := @rn + 1)) as count, '2022-10-01' as date, priority FROM alldefects cross join (select @rn := 0) const GROUP BY rel, team, status, priority:successful"
2022-10-01 06:04:16 I Pytho get_multipickli "Unassigned don't find the mainteam name from G_parameter"
2022-10-01 06:04:18 I Pytho get_multipickli "Unassigned don't find the mainteam name from G_parameter"
2022-10-01 06:04:41 I Pytho get_multipickli "Unassigned don't find the mainteam name from G_parameter"
2022-10-01 06:04:47 I Pytho get_multipickli "Unassigned don't find the mainteam name from G_parameter"
2022-10-01 06:05:02 I Pytho get_multipickli "Unassigned don't find the mainteam name from G_parameter"
2022-10-01 06:05:44 I Pytho get_multipickli "Digital Experience – SDK don't find the mainteam name from G_parameter"
2022-10-01 06:05:48 I Pytho get_multipickli "Unassigned don't find the mainteam name from G_parameter"
2022-10-01 06:07:13 I Pytho get_multipickli "Unassigned don't find the mainteam name from G_parameter"
2022-10-01 06:09:26 I Pytho get_multipickli "Digital Experience – SDK don't find the mainteam name from G_parameter"
2022-10-01 06:09:27 I Pytho get_multipickli "Digital Experience – SDK don't find the mainteam name from G_parameter"
2022-10-01 06:09:29 I Pytho get_multipickli "Digital Experience – SDK don't find the mainteam name from G_parameter"
2022-10-01 06:09:31 I Pytho get_multipickli "Digital Experience – SDK don't find the mainteam name from G_parameter"
2022-10-01 06:11:20 I Pytho get_multipickli "Unassigned don't find the mainteam name from G_parameter"
2022-10-01 06:12:02 I Pytho get_multipickli "ESW Platform Test don't find the mainteam name from G_parameter"
2022-10-01 06:12:30 I Pytho get_multipickli "Digital Experience – SDK don't find the mainteam name from G_parameter"
2022-10-01 06:12:31 I Pytho get_multipickli "Digital Experience – SDK don't find the mainteam name from G_parameter"
2022-10-01 06:12:32 I Pytho get_multipickli "Digital Experience – SDK don't find the mainteam name from G_parameter"
2022-10-01 06:12:36 I Pytho get_multipickli "Digital Experience – SDK don't find the mainteam name from G_parameter"
2022-10-01 06:12:39 I Pytho get_multipickli "Digital Experience – SDK don't find the mainteam name from G_parameter"
2022-10-01 06:12:55 I Pytho get_multipickli "ESW Platform Test don't find the mainteam name from G_parameter"
2022-10-01 06:14:02 I Pytho get_multipickli "Digital Experience – Android don't find the mainteam name from G_parameter"
2022-10-01 06:14:03 I Pytho get_multipickli "Digital Experience – IOS don't find the mainteam name from G_parameter"
2022-10-01 06:14:05 I Pytho get_multipickli "Digital Experience – Android don't find the mainteam name from G_parameter"
2022-10-01 06:14:05 I Pytho get_multipickli "Digital Experience – IOS don't find the mainteam name from G_parameter"
2022-10-01 06:14:24 I Pytho get_multipickli "Unassigned don't find the mainteam name from G_parameter"
2022-10-01 06:14:59 I Pytho get_multipickli "Digital Experience – SDK don't find the mainteam name from G_parameter"
2022-10-01 06:15:19 I Pytho get_multipickli "Unassigned don't find the mainteam name from G_parameter"
2022-10-01 06:15:19 I Pytho get_multipickli "Digital Experience – SDK don't find the mainteam name from G_parameter"
2022-10-01 06:16:14 I Pytho get_multipickli "Digital Experience – Android don't find the mainteam name from G_parameter"
2022-10-01 06:16:14 I Pytho get_multipickli "Digital Experience – IOS don't find the mainteam name from G_parameter"
2022-10-01 06:18:12 I Pytho get_multipickli "Digital Experience – SDK don't find the mainteam name from G_parameter"
2022-10-01 06:29:07 I Pytho get_multipickli "Digital Experience – SDK don't find the mainteam name from G_parameter"
2022-10-01 06:29:27 I Pytho get_multipickli "Digital Experience – SDK don't find the mainteam name from G_parameter"
2022-10-01 06:29:37 I Pytho get_multipickli "Unassigned don't find the mainteam name from G_parameter"
2022-10-01 06:29:57 I Pytho get_multipickli "Digital Experience – SDK don't find the mainteam name from G_parameter"
2022-10-01 06:29:58 I Pytho get_multipickli "Digital Experience – SDK don't find the mainteam name from G_parameter"
2022-10-01 06:30:00 I Pytho get_multipickli "Digital Experience – SDK don't find the mainteam name from G_parameter"
2022-10-01 06:30:02 I Pytho get_multipickli "Digital Experience – SDK don't find the mainteam name from G_parameter"
2022-10-01 06:30:24 I Pytho get_multipickli "Unassigned don't find the mainteam name from G_parameter"
2022-10-01 06:30:28 I Pytho get_multipickli "Unassigned don't find the mainteam name from G_parameter"
2022-10-01 06:30:38 I Pytho get_multipickli "Unassigned don't find the mainteam name from G_parameter"
2022-10-01 06:30:51 I Pytho get_multipickli "Unassigned don't find the mainteam name from G_parameter"
2022-10-01 06:31:02 I Pytho get_multipickli "Digital Experience – SDK don't find the mainteam name from G_parameter"
2022-10-01 06:31:25 I Pytho Print           "DROP TABLE IF EXISTS allrequirements:successful"
2022-10-01 06:31:25 I Pytho Print           "DROP TABLE IF EXISTS allcoverage:successful"
2022-10-01 06:31:25 I Pytho Print           "CREATE TABLE IF NOT EXISTS requirements (                        rel TEXT, status TEXT, count INT, date TEXT) ENGINE=InnoDB DEFAULT CHARSET=utf8:successful"
2022-10-01 06:31:25 I Pytho Print           "CREATE TABLE IF NOT EXISTS allrequirements (                        id INT, uniqueid TEXT, name TEXT, status TEXT, rel TEXT, upstream TEXT, downstream TEXT, team TEXT, test_status TEXT) ENGINE=InnoDB DEFAULT CHARSET=utf8:successful"
2022-10-01 06:31:25 I Pytho Print           "CREATE TABLE IF NOT EXISTS coverage (                        team text, covered int, expected int, date text) ENGINE=InnoDB DEFAULT CHARSET=utf8:successful"
2022-10-01 06:31:25 I Pytho Print           "CREATE TABLE IF NOT EXISTS allcoverage (                        id INT, uniqueid TEXT, name TEXT, status TEXT, rel TEXT, verify TEXT, missing TEXT) ENGINE=InnoDB DEFAULT CHARSET=utf8:successful"
2022-10-01 06:31:25 I Pytho Print           "DELETE FROM requirements WHERE date='2022-10-01':successful"
2022-10-01 06:31:25 I Pytho Print           "DELETE FROM coverage WHERE date='2022-10-01':successful"
2022-10-01 06:31:25 I Pytho Print           "INSERT INTO requirements (rel, status, count, date) SELECT rel, status, count((@rn := @rn + 1)) as count, '2022-10-01' as date FROM allrequirements cross join (select @rn := 0) const GROUP BY rel, status:successful"
2022-10-01 06:31:25 I Pytho Print           "CREATE TABLE IF NOT EXISTS feattest (rel TEXT, status TEXT, count TEXT, date TEXT) ENGINE=InnoDB DEFAULT CHARSET=utf8:successful"
2022-10-01 06:31:25 I Pytho Print           "CREATE TABLE IF NOT EXISTS reqtest (rel TEXT, status TEXT, count TEXT, date TEXT) ENGINE=InnoDB DEFAULT CHARSET=utf8:successful"
2022-10-01 06:31:25 I Pytho Print           "SELECT id FROM allfeatures:successful"
2022-10-01 06:31:25 I Pytho Print           "SELECT id,upstream,downstream,team FROM allrequirements:successful"
2022-10-01 06:31:25 I Pytho Print           "SELECT id FROM allcoverage:successful"
2022-10-01 06:31:25 I Pytho Print           "SELECT * FROM testcases:successful"
