2022-10-17 04:59:18 I Maple Print           "Connet 20547 successfully!!!"
2022-10-17 04:59:18 I Maple Get_alltests    "Get project name:Maple id:20547 all testplans"
2022-10-17 04:59:22 I Maple Get_alltests    "{9193870: {'id': 9193870, 'name': 'Environmental Compliance test', 'archived': False, 'index': '9193870:Environmental Compliance test'}, 8496709: {'id': 8496709, 'name': 'ESW Test Plan', 'archived': False, 'index': '8496709:ESW Test Plan'}, 9889469: {'id': 9889469, 'name': 'ESW Test Plan FCS - SP1', 'archived': False, 'index': '9889469:ESW Test Plan FCS - SP1'}, 8290088: {'id': 8290088, 'name': 'HW DVT Plan', 'archived': False, 'index': '8290088:HW DVT Plan'}, 8226833: {'id': 8226833, 'name': 'Maple Product Quality Plan and PVT inputs', 'archived': False, 'index': '8226833:Maple Product Quality Plan and PVT inputs'}, 8339487: {'id': 8339487, 'name': 'Packaging Verification Test Plan', 'archived': False, 'index': '8339487:Packaging Verification Test Plan'}, 9976084: {'id': 9976084, 'name': 'Product Maintenance test Plan', 'archived': False, 'index': '9976084:Product Maintenance test Plan'}, 8286559: {'id': 8286559, 'name': 'Product Verification Test Plan', 'archived': False, 'index': '8286559:Product Verification Test Plan'}, 8625269: {'id': 8625269, 'name': 'UX Test Plan', 'archived': False, 'index': '8625269:UX Test Plan'}}"
2022-10-17 04:59:22 I Maple Get_alltests    "Get project name:Maple id:20547 all testplans successful!!!"
2022-10-17 05:06:36 I Maple tidy_alltestcas "1149"
2022-10-17 05:10:38 I Maple Print           "DROP TABLE IF EXISTS testcases:successful"
2022-10-17 05:10:38 I Maple Print           "CREATE TABLE IF NOT EXISTS testcases (                             testplan_id INT,                             testplan_name TEXT,                             testgroup_id INT,                             testgroup_name TEXT,                             testcycle_id INT,                             testcycle_name TEXT,                             rel TEXT,                             id INT,                             uniqueid TEXT,                             name TEXT,                             status TEXT,                             upstream TEXT,                             downstream TEXT,                             executionDate TEXT) ENGINE=InnoDB DEFAULT CHARSET=utf8:successful"
2022-10-17 05:10:38 I Maple update_database "Insert testcases table successful"
2022-10-17 05:10:38 I Maple Print           "CREATE TABLE IF NOT EXISTS tests (                             testplan_id INT,                             testplan_name TEXT,                             testplan_status TEXT,                             rel TEXT, status TEXT,                             count INT, date TEXT) ENGINE=InnoDB DEFAULT CHARSET=utf8:successful"
2022-10-17 05:10:38 I Maple Print           "DELETE FROM tests WHERE date='2022-10-17':successful"
2022-10-17 05:10:38 I Maple Print           "SELECT testplan_id FROM tests GROUP BY testplan_id:successful"
2022-10-17 05:10:38 I Maple Print           "SELECT testplan_name FROM tests WHERE testplan_id=9193870 LIMIT 1:successful"
2022-10-17 05:10:38 I Maple Print           "UPDATE tests SET testplan_status='Active' WHERE testplan_id=9193870:successful"
2022-10-17 05:10:38 I Maple Print           "SELECT testplan_name FROM tests WHERE testplan_id=8496709 LIMIT 1:successful"
2022-10-17 05:10:38 I Maple Print           "UPDATE tests SET testplan_status='Active' WHERE testplan_id=8496709:successful"
2022-10-17 05:10:38 I Maple Print           "SELECT testplan_name FROM tests WHERE testplan_id=9889469 LIMIT 1:successful"
2022-10-17 05:10:38 I Maple Print           "UPDATE tests SET testplan_status='Active' WHERE testplan_id=9889469:successful"
2022-10-17 05:10:38 I Maple Print           "SELECT testplan_name FROM tests WHERE testplan_id=8290088 LIMIT 1:successful"
2022-10-17 05:10:38 I Maple Print           "UPDATE tests SET testplan_status='Active' WHERE testplan_id=8290088:successful"
2022-10-17 05:10:38 I Maple Print           "SELECT testplan_name FROM tests WHERE testplan_id=8339487 LIMIT 1:successful"
2022-10-17 05:10:38 I Maple Print           "UPDATE tests SET testplan_status='Active' WHERE testplan_id=8339487:successful"
2022-10-17 05:10:38 I Maple Print           "SELECT testplan_name FROM tests WHERE testplan_id=8286559 LIMIT 1:successful"
2022-10-17 05:10:38 I Maple Print           "UPDATE tests SET testplan_status='Active' WHERE testplan_id=8286559:successful"
2022-10-17 05:10:38 I Maple Print           "SELECT testplan_name FROM tests WHERE testplan_id=8625269 LIMIT 1:successful"
2022-10-17 05:10:39 I Maple Print           "UPDATE tests SET testplan_status='Active' WHERE testplan_id=8625269:successful"
2022-10-17 05:10:39 I Maple Print           "INSERT INTO tests (testplan_id, testplan_name, testplan_status, rel, status, count, date) SELECT testplan_id, testplan_name, 'Active' as testplan_status, rel, status, count((@rn := @rn + 1)) as count, '2022-10-17' as date FROM testcases cross join (select @rn := 0) const GROUP BY testplan_id, rel, status:successful"
2022-10-17 05:10:39 I Maple update_database "Insert tests table successful"
2022-10-17 05:10:39 I Maple Print           "CREATE TABLE IF NOT EXISTS testapproval (                                 rel TEXT, team TEXT, status TEXT, upstream TEXT, count INT, date TEXT                                 ) ENGINE=InnoDB DEFAULT CHARSET=utf8:successful"
2022-10-17 05:10:39 I Maple Print           "DROP TABLE IF EXISTS alltestapproval:successful"
2022-10-17 05:10:39 I Maple Print           "CREATE TABLE IF NOT EXISTS alltestapproval (                                 id INT, uniqueid TEXT, name TEXT, status TEXT, rel TEXT, team TEXT, upstream TEXT                                 ) ENGINE=InnoDB DEFAULT CHARSET=utf8:successful"
2022-10-17 05:10:39 I Maple Print           "DELETE FROM testapproval WHERE date='2022-10-17':successful"
2022-10-17 05:10:39 I Maple Print           "INSERT INTO testapproval (rel, team, status, count, date, upstream) SELECT rel, team, status, count((@rn := @rn + 1)) as count, '2022-10-17' as date, upstream FROM alltestapproval cross join (select @rn := 0) const GROUP BY rel, team, status, upstream:successful"
2022-10-17 05:10:42 I Maple Get_allfeatuers "[]"
2022-10-17 05:10:42 I Maple Print           "CREATE TABLE IF NOT EXISTS features (                                rel TEXT, status TEXT, count INT, date TEXT) ENGINE=InnoDB DEFAULT CHARSET=utf8:successful"
2022-10-17 05:10:42 I Maple Print           "CREATE TABLE IF NOT EXISTS allfeatures (                                id INT, uniqueid TEXT, name TEXT, status TEXT, rel TEXT,test_status TEXT) ENGINE=InnoDB DEFAULT CHARSET=utf8:successful"
2022-10-17 05:10:42 I Maple Print           "DELETE FROM features WHERE date='2022-10-17':successful"
2022-10-17 05:10:42 I Maple Print           "DELETE FROM allfeatures WHERE id=18785666:successful"
2022-10-17 05:10:42 I Maple Print           "DELETE FROM allfeatures WHERE id=18714026:successful"
2022-10-17 05:10:42 I Maple Print           "DELETE FROM allfeatures WHERE id=18631037:successful"
2022-10-17 05:10:42 I Maple Print           "DELETE FROM allfeatures WHERE id=18620088:successful"
2022-10-17 05:10:42 I Maple Print           "DELETE FROM allfeatures WHERE id=18620076:successful"
2022-10-17 05:10:42 I Maple Print           "DELETE FROM allfeatures WHERE id=18620060:successful"
2022-10-17 05:10:42 I Maple Print           "DELETE FROM allfeatures WHERE id=18620025:successful"
2022-10-17 05:10:42 I Maple Print           "DELETE FROM allfeatures WHERE id=18618173:successful"
2022-10-17 05:10:42 I Maple Print           "DELETE FROM allfeatures WHERE id=18617760:successful"
2022-10-17 05:10:42 I Maple Print           "DELETE FROM allfeatures WHERE id=18591634:successful"
2022-10-17 05:10:42 I Maple Print           "INSERT INTO features (rel, status, count, date)                                 SELECT rel, status, count((@rn := @rn + 1)) as count, '2022-10-17' as date FROM allfeatures cross join (select @rn := 0) const GROUP BY rel, status:successful"
2022-10-17 05:10:44 I Maple Get_allchangere "[]"
2022-10-17 05:10:44 I Maple Print           "CREATE TABLE IF NOT EXISTS changes (                                 rel TEXT, status TEXT, priority TEXT,                                 requester TEXT, date TEXT, count INT) ENGINE=InnoDB DEFAULT CHARSET=utf8:successful"
2022-10-17 05:10:44 I Maple Print           "CREATE TABLE IF NOT EXISTS allchanges (                                 id INT, uniqueid TEXT, name TEXT,                                 status TEXT, rel TEXT, priority TEXT,                                 requester TEXT) ENGINE=InnoDB DEFAULT CHARSET=utf8:successful"
2022-10-17 05:10:44 I Maple Print           "DELETE FROM changes WHERE date='2022-10-17':successful"
2022-10-17 05:10:44 I Maple Print           "INSERT INTO changes (                                 rel, status, priority, requester, date, count)                                 SELECT rel, status, priority, requester, '2022-10-17' as date, count((@rn := @rn + 1)) as count FROM allchanges                                 cross join (select @rn := 0) const GROUP BY rel, status, priority, requester:successful"
2022-10-17 05:10:45 I Maple Print           "CREATE TABLE IF NOT EXISTS designspec (                            rel TEXT, team TEXT, status TEXT, count INT, date text) ENGINE=InnoDB DEFAULT CHARSET=utf8:successful"
2022-10-17 05:10:45 I Maple Print           "CREATE TABLE IF NOT EXISTS alldesignspec (                             id INT, uniqueid TEXT, name TEXT, status TEXT, rel TEXT, team TEXT) ENGINE=InnoDB DEFAULT CHARSET=utf8:successful"
2022-10-17 05:10:45 I Maple Print           "DELETE FROM designspec WHERE date='2022-10-17':successful"
2022-10-17 05:10:45 I Maple Print           "INSERT INTO designspec (rel, team, status, count, date) SELECT rel, team, status, count((@rn := @rn + 1)) as count, '2022-10-17' as date FROM alldesignspec cross join (select @rn := 0) const GROUP BY rel, team, status:successful"
2022-10-17 05:10:49 I Maple Get_alluserstor "[]"
2022-10-17 05:10:49 I Maple Print           "CREATE TABLE IF NOT EXISTS userstories (                 rel TEXT, status TEXT, count INT, date TEXT) ENGINE=InnoDB DEFAULT CHARSET=utf8:successful"
2022-10-17 05:10:49 I Maple Print           "CREATE TABLE IF NOT EXISTS alluserstories (                 id INT, uniqueid TEXT, name TEXT, status TEXT, rel TEXT) ENGINE=InnoDB DEFAULT CHARSET=utf8:successful"
2022-10-17 05:10:49 I Maple Print           "DELETE FROM userstories WHERE date='2022-10-17':successful"
2022-10-17 05:10:49 I Maple Print           "INSERT INTO userstories (rel, status, count, date) SELECT rel, status, count((@rn := @rn + 1)) as count, '2022-10-17' as date FROM alluserstories cross join (select @rn := 0) const GROUP BY rel, status:successful"
2022-10-17 05:13:07 I Maple Get_alldefects  "[{'id': 9307536, 'name': '[FT][Conferencing HS]after primary HS not available, the conferencing HS will fail to receive new state from PC', 'documentKey': 'Map-BUG-300', 'statusId': 156538, 'status': 'Closed', 'teamId': 156569, 'team': 'ESW DECT', 'priorityId': 156534, 'priority': 'Minor', 'upstream': '8493104, 9266313', 'jira': 'https://jabra1.atlassian.net/browse/MAP-1319'}, {'id': 9400795, 'name': '[Teams]the latest Teams release(ring4.0 v1.5.00.8070) fail to answer the second incoming call from HS', 'documentKey': 'Map-BUG-331', 'statusId': 156536, 'status': 'Open', 'teamId': 156670, 'team': 'Strategic Alliances', 'priorityId': 156533, 'priority': 'Major', 'upstream': '8492370, 7626654, 9745084, 9855509, 9438597, 9438933, 9855871, 9855872, 9855874, 9486816, 9518542, 9542319, 9542612, 9862931, 9862942, 9367312, 9354663, 9354721, 9438096, 9510152', 'jira': 'https://jabra1.atlassian.net/browse/MAP-1453'}, {'id': 9424894, 'name': '[Partner certification][Zoom on Mac]fail to end call from HS on Mac', 'documentKey': 'Map-BUG-340', 'statusId': 156536, 'status': 'Open', 'teamId': 156569, 'team': 'ESW DECT', 'priorityId': 156532, 'priority': 'Critical', 'upstream': '9108165, 9108164, 9108177, 9108169, 9108171, 9108174, 9108168, 9108170, 9108156, 9108163, 9108162, 9108211, 9108207, 9108208, 9108195, 9108202, 9108200, 9108199, 9108191, 9108193', 'jira': 'https://jabra1.atlassian.net/browse/MAP-1482'}, {'id': 9452755, 'name': '[FT][Powernap]Dongle powernap behavior not be defined in detail from UI', 'documentKey': 'Map-BUG-362', 'statusId': 156538, 'status': 'Closed', 'teamId': 156569, 'team': 'ESW DECT', 'priorityId': 156534, 'priority': 'Minor', 'upstream': '9160856, 9437877, 9472010', 'jira': 'https://jabra1.atlassian.net/browse/MAP-1579'}, {'id': 9456259, 'name': '[DQT] Maple OTA  upgrade/downgrade JDO return code 18 ', 'documentKey': 'Map-BUG-373', 'statusId': 156539, 'status': 'In Progress', 'teamId': 156569, 'team': 'ESW DECT', 'priorityId': 156531, 'priority': 'Blocker', 'upstream': '8495548, 9437930', 'jira': 'https://jabra1.atlassian.net/browse/MAP-1591'}, {'id': 9483169, 'name': 'Headset not showing up in JDO', 'documentKey': 'Map-BUG-390', 'statusId': 156538, 'status': 'Closed', 'teamId': 157345, 'team': 'DE SDK', 'priorityId': 156535, 'priority': 'Trivial', 'upstream': '', 'jira': 'https://jabra1.atlassian.net/browse/MAP-1668'}, {'id': 9513993, 'name': 'Headset loses pairing after power cycle', 'documentKey': 'Map-BUG-399', 'statusId': 156541, 'status': 'In Testing', 'teamId': 156569, 'team': 'ESW DECT', 'priorityId': 156535, 'priority': 'Trivial', 'upstream': '', 'jira': 'https://jabra1.atlassian.net/browse/MAP-1750'}, {'id': 9581115, 'name': '[JDO]two unexpected problem when do reset and configure from JDO Maple HS entrance', 'documentKey': 'Map-BUG-405', 'statusId': 156536, 'status': 'Open', 'teamId': 156569, 'team': 'ESW DECT', 'priorityId': 156534, 'priority': 'Minor', 'upstream': '', 'jira': 'https://jabra1.atlassian.net/browse/MAP-1776'}, {'id': 9656385, 'name': '[OTA update]I think device should either keep in DFU or return to last normal FW image if the HS OTA fail', 'documentKey': 'Map-BUG-408', 'statusId': 156536, 'status': 'Open', 'teamId': 156571, 'team': 'DE Online', 'priorityId': 156533, 'priority': 'Major', 'upstream': '', 'jira': 'https://jabra1.atlassian.net/browse/MAP-1798'}, {'id': 9937001, 'name': '[Reboot]dongle reboot on 2022-08-30 Rio_vp4 branch nightly build when verify MAP-1319', 'documentKey': 'Map-BUG-428', 'statusId': 156538, 'status': 'Closed', 'teamId': 156569, 'team': 'ESW DECT', 'priorityId': 156533, 'priority': 'Major', 'upstream': '', 'jira': 'https://jabra1.atlassian.net/browse/MAP-1938'}, {'id': 10032460, 'name': 'CLONE - [FT][Volume store] volume store on Mac failed if do the disconnect and reconnect after changed volume', 'documentKey': 'Map-BUG-431', 'statusId': 156536, 'status': 'Open', 'teamId': 156569, 'team': 'ESW DECT', 'priorityId': 156533, 'priority': 'Major', 'upstream': '', 'jira': 'https://jabra1.atlassian.net/browse/MAP-1955'}, {'id': 10063100, 'name': 'Maple has busy events enabled all time', 'documentKey': 'Map-BUG-432', 'statusId': 156539, 'status': 'In Progress', 'teamId': 156569, 'team': 'ESW DECT', 'priorityId': 156532, 'priority': 'Critical', 'upstream': '', 'jira': 'https://jabra1.atlassian.net/browse/MAP-1967'}, {'id': 10064921, 'name': 'Maple HS update failed in Linux OS (eLux & Ubuntu)', 'documentKey': 'Map-BUG-433', 'statusId': 156536, 'status': 'Open', 'teamId': 156569, 'team': 'ESW DECT', 'priorityId': 156531, 'priority': 'Blocker', 'upstream': '', 'jira': 'https://jabra1.atlassian.net/browse/MAP-1970'}, {'id': 10065532, 'name': 'Switch HS from Base to dongle and dongle side has streaming, dongle not show Cyan LED at this time', 'documentKey': 'Map-BUG-434', 'statusId': 156538, 'status': 'Closed', 'teamId': 156569, 'team': 'ESW DECT', 'priorityId': 156534, 'priority': 'Minor', 'upstream': '10057176', 'jira': 'https://jabra1.atlassian.net/browse/MAP-1971'}, {'id': 10066050, 'name': "[JDO]New JDO on Mac seems can't change and save the HS name for Maple's HS", 'documentKey': 'Map-BUG-435', 'statusId': 156536, 'status': 'Open', 'teamId': 156571, 'team': 'DE Online', 'priorityId': 156534, 'priority': 'Minor', 'upstream': '10057176', 'jira': 'https://jabra1.atlassian.net/browse/MAP-1973'}, {'id': 10066255, 'name': 'Secondary HS leave, not voice "Device disconnected"', 'documentKey': 'Map-BUG-436', 'statusId': 156539, 'status': 'In Progress', 'teamId': 156569, 'team': 'ESW DECT', 'priorityId': 156534, 'priority': 'Minor', 'upstream': '', 'jira': 'https://jabra1.atlassian.net/browse/MAP-1975'}, {'id': 10066501, 'name': 'The beginning volume level is too low after the secondary HS added into the conferencing', 'documentKey': 'Map-BUG-437', 'statusId': 156536, 'status': 'Open', 'teamId': 156569, 'team': 'ESW DECT', 'priorityId': 156534, 'priority': 'Minor', 'upstream': '', 'jira': 'https://jabra1.atlassian.net/browse/MAP-1976'}, {'id': 10120446, 'name': 'Headset cannot power off when voice prompt "power off" missing', 'documentKey': 'Map-BUG-438', 'statusId': 156538, 'status': 'Closed', 'teamId': 156569, 'team': 'ESW DECT', 'priorityId': 156535, 'priority': 'Trivial', 'upstream': '', 'jira': 'https://jabra1.atlassian.net/browse/MAP-2031'}, {'id': 10121897, 'name': 'No audio in secondary HS', 'documentKey': 'Map-BUG-439', 'statusId': 156539, 'status': 'In Progress', 'teamId': 156569, 'team': 'ESW DECT', 'priorityId': 156534, 'priority': 'Minor', 'upstream': '', 'jira': 'https://jabra1.atlassian.net/browse/MAP-2028'}]"
2022-10-17 05:13:07 I Maple Print           "CREATE TABLE IF NOT EXISTS defects (                     rel TEXT, team TEXT, status TEXT, priority TEXT, count INT, date TEXT) ENGINE=InnoDB DEFAULT CHARSET=utf8:successful"
2022-10-17 05:13:07 I Maple Print           "CREATE TABLE IF NOT EXISTS alldefects (                     id INT, uniqueid TEXT, name TEXT, status TEXT, rel TEXT, team TEXT, priority TEXT, jira TEXT, upstream TEXT) ENGINE=InnoDB DEFAULT CHARSET=utf8:successful"
2022-10-17 05:13:07 I Maple Print           "DELETE FROM defects WHERE date='2022-10-17':successful"
2022-10-17 05:13:07 I Maple Print           "DELETE FROM alldefects WHERE id = 9307536:successful"
2022-10-17 05:13:07 I Maple Print           "DELETE FROM alldefects WHERE id = 9400795:successful"
2022-10-17 05:13:07 I Maple Print           "DELETE FROM alldefects WHERE id = 9424894:successful"
2022-10-17 05:13:07 I Maple Print           "DELETE FROM alldefects WHERE id = 9452755:successful"
2022-10-17 05:13:07 I Maple Print           "DELETE FROM alldefects WHERE id = 9456259:successful"
2022-10-17 05:13:07 I Maple Print           "DELETE FROM alldefects WHERE id = 9483169:successful"
2022-10-17 05:13:07 I Maple Print           "DELETE FROM alldefects WHERE id = 9513993:successful"
2022-10-17 05:13:07 I Maple Print           "DELETE FROM alldefects WHERE id = 9581115:successful"
2022-10-17 05:13:07 I Maple Print           "DELETE FROM alldefects WHERE id = 9656385:successful"
2022-10-17 05:13:07 I Maple Print           "DELETE FROM alldefects WHERE id = 9937001:successful"
2022-10-17 05:13:07 I Maple Print           "DELETE FROM alldefects WHERE id = 10032460:successful"
2022-10-17 05:13:07 I Maple Print           "DELETE FROM alldefects WHERE id = 10063100:successful"
2022-10-17 05:13:07 I Maple Print           "DELETE FROM alldefects WHERE id = 10064921:successful"
2022-10-17 05:13:07 I Maple Print           "DELETE FROM alldefects WHERE id = 10065532:successful"
2022-10-17 05:13:07 I Maple Print           "DELETE FROM alldefects WHERE id = 10066050:successful"
2022-10-17 05:13:07 I Maple Print           "DELETE FROM alldefects WHERE id = 10066255:successful"
2022-10-17 05:13:07 I Maple Print           "DELETE FROM alldefects WHERE id = 10066501:successful"
2022-10-17 05:13:07 I Maple Print           "DELETE FROM alldefects WHERE id = 10120446:successful"
2022-10-17 05:13:07 I Maple Print           "DELETE FROM alldefects WHERE id = 10121897:successful"
2022-10-17 05:13:07 I Maple Print           "Not enough parameters for the SQL statement"
2022-10-17 05:13:07 I Maple Print           "INSERT INTO defects (rel, team, status, count, date, priority) SELECT rel, team, status, count((@rn := @rn + 1)) as count, '2022-10-17' as date, priority FROM alldefects cross join (select @rn := 0) const GROUP BY rel, team, status, priority:successful"
2022-10-17 05:14:20 I Maple get_multipickli "Unassigned don't find the mainteam name from G_parameter"
2022-10-17 05:14:43 I Maple get_multipickli "Unassigned don't find the mainteam name from G_parameter"
2022-10-17 05:15:05 I Maple get_multipickli "Unassigned don't find the mainteam name from G_parameter"
2022-10-17 05:15:28 I Maple get_multipickli "Unassigned don't find the mainteam name from G_parameter"
2022-10-17 05:15:42 I Maple get_multipickli "Unassigned don't find the mainteam name from G_parameter"
2022-10-17 05:15:56 I Maple get_multipickli "Unassigned don't find the mainteam name from G_parameter"
2022-10-17 05:16:04 I Maple get_multipickli "Unassigned don't find the mainteam name from G_parameter"
2022-10-17 05:16:11 I Maple get_multipickli "Unassigned don't find the mainteam name from G_parameter"
2022-10-17 05:16:18 I Maple get_multipickli "Unassigned don't find the mainteam name from G_parameter"
2022-10-17 05:16:26 I Maple get_multipickli "Unassigned don't find the mainteam name from G_parameter"
2022-10-17 05:16:32 I Maple get_multipickli "Unassigned don't find the mainteam name from G_parameter"
2022-10-17 05:16:38 I Maple get_multipickli "Unassigned don't find the mainteam name from G_parameter"
2022-10-17 05:17:02 I Maple get_multipickli "Unassigned don't find the mainteam name from G_parameter"
2022-10-17 05:17:08 I Maple get_multipickli "Unassigned don't find the mainteam name from G_parameter"
2022-10-17 05:26:43 I Maple get_multipickli "ESW Platform Test don't find the mainteam name from G_parameter"
2022-10-17 05:26:49 I Maple get_multipickli "ESW Platform Test don't find the mainteam name from G_parameter"
2022-10-17 05:26:52 I Maple get_multipickli "ESW Platform Test don't find the mainteam name from G_parameter"
2022-10-17 05:26:55 I Maple get_multipickli "ESW Platform Test don't find the mainteam name from G_parameter"
2022-10-17 05:28:45 I Maple get_multipickli "ESW Platform Test don't find the mainteam name from G_parameter"
2022-10-17 05:30:51 I Maple get_multipickli "Unassigned don't find the mainteam name from G_parameter"
2022-10-17 05:31:07 I Maple get_multipickli "Unassigned don't find the mainteam name from G_parameter"
2022-10-17 05:31:11 I Maple get_multipickli "Unassigned don't find the mainteam name from G_parameter"
2022-10-17 05:31:14 I Maple get_multipickli "Unassigned don't find the mainteam name from G_parameter"
2022-10-17 05:31:18 I Maple get_multipickli "Unassigned don't find the mainteam name from G_parameter"
2022-10-17 05:31:22 I Maple get_multipickli "Unassigned don't find the mainteam name from G_parameter"
2022-10-17 05:31:27 I Maple get_multipickli "Unassigned don't find the mainteam name from G_parameter"
2022-10-17 05:31:34 I Maple get_multipickli "Unassigned don't find the mainteam name from G_parameter"
2022-10-17 05:31:41 I Maple get_multipickli "Unassigned don't find the mainteam name from G_parameter"
2022-10-17 05:32:02 I Maple get_multipickli "Unassigned don't find the mainteam name from G_parameter"
2022-10-17 05:33:09 I Maple get_multipickli "Unassigned don't find the mainteam name from G_parameter"
2022-10-17 05:33:18 I Maple get_multipickli "Unassigned don't find the mainteam name from G_parameter"
2022-10-17 05:33:29 I Maple get_multipickli "ESW Platform Test don't find the mainteam name from G_parameter"
2022-10-17 05:33:46 I Maple get_multipickli "Unassigned don't find the mainteam name from G_parameter"
2022-10-17 05:33:55 I Maple get_multipickli "Digital Experience – Android don't find the mainteam name from G_parameter"
2022-10-17 05:33:59 I Maple get_multipickli "Digital Experience – IOS don't find the mainteam name from G_parameter"
2022-10-17 05:34:20 I Maple get_multipickli "ESW Platform Test don't find the mainteam name from G_parameter"
2022-10-17 05:34:39 I Maple Print           "DROP TABLE IF EXISTS allrequirements:successful"
2022-10-17 05:34:39 I Maple Print           "DROP TABLE IF EXISTS allcoverage:successful"
2022-10-17 05:34:39 I Maple Print           "CREATE TABLE IF NOT EXISTS requirements (                        rel TEXT, status TEXT, count INT, date TEXT) ENGINE=InnoDB DEFAULT CHARSET=utf8:successful"
2022-10-17 05:34:39 I Maple Print           "CREATE TABLE IF NOT EXISTS allrequirements (                        id INT, uniqueid TEXT, name TEXT, status TEXT, rel TEXT, upstream TEXT, downstream TEXT, team TEXT, test_status TEXT) ENGINE=InnoDB DEFAULT CHARSET=utf8:successful"
2022-10-17 05:34:39 I Maple Print           "CREATE TABLE IF NOT EXISTS coverage (                        team text, covered int, expected int, date text) ENGINE=InnoDB DEFAULT CHARSET=utf8:successful"
2022-10-17 05:34:39 I Maple Print           "CREATE TABLE IF NOT EXISTS allcoverage (                        id INT, uniqueid TEXT, name TEXT, status TEXT, rel TEXT, verify TEXT, missing TEXT) ENGINE=InnoDB DEFAULT CHARSET=utf8:successful"
2022-10-17 05:34:39 I Maple Print           "DELETE FROM requirements WHERE date='2022-10-17':successful"
2022-10-17 05:34:39 I Maple Print           "DELETE FROM coverage WHERE date='2022-10-17':successful"
2022-10-17 05:34:40 I Maple Print           "INSERT INTO requirements (rel, status, count, date) SELECT rel, status, count((@rn := @rn + 1)) as count, '2022-10-17' as date FROM allrequirements cross join (select @rn := 0) const GROUP BY rel, status:successful"
2022-10-17 05:34:40 I Maple Print           "CREATE TABLE IF NOT EXISTS feattest (rel TEXT, status TEXT, count TEXT, date TEXT) ENGINE=InnoDB DEFAULT CHARSET=utf8:successful"
2022-10-17 05:34:40 I Maple Print           "CREATE TABLE IF NOT EXISTS reqtest (rel TEXT, status TEXT, count TEXT, date TEXT) ENGINE=InnoDB DEFAULT CHARSET=utf8:successful"
2022-10-17 05:34:40 I Maple Print           "SELECT id FROM allfeatures:successful"
2022-10-17 05:34:40 I Maple Print           "SELECT id,upstream,downstream,team FROM allrequirements:successful"
2022-10-17 05:34:40 I Maple Print           "SELECT id FROM allcoverage:successful"
2022-10-17 05:34:40 I Maple Print           "SELECT * FROM testcases:successful"
