2022-11-05 04:59:18 I Odin  Print           "Connet 20550 successfully!!!"
2022-11-05 04:59:18 I Odin  Get_alltests    "Get project name:Odin id:20550 all testplans"
2022-11-05 04:59:18 I Odin  Get_alltests    "{7979358: {'id': 7979358, 'name': 'Product Verification Test Plan', 'archived': False, 'index': '7979358:Product Verification Test Plan'}, 8559429: {'id': 8559429, 'name': 'UX Test Plan', 'archived': False, 'index': '8559429:UX Test Plan'}}"
2022-11-05 04:59:18 I Odin  Get_alltests    "Get project name:Odin id:20550 all testplans successful!!!"
2022-11-05 05:02:23 I Odin  tidy_alltestcas "101"
2022-11-05 05:03:46 I Odin  Print           "DROP TABLE IF EXISTS testcases:successful"
2022-11-05 05:03:46 I Odin  Print           "CREATE TABLE IF NOT EXISTS testcases (                             testplan_id INT,                             testplan_name TEXT,                             testgroup_id INT,                             testgroup_name TEXT,                             testcycle_id INT,                             testcycle_name TEXT,                             rel TEXT,                             id INT,                             uniqueid TEXT,                             name TEXT,                             status TEXT,                             upstream TEXT,                             downstream TEXT,                             executionDate TEXT) ENGINE=InnoDB DEFAULT CHARSET=utf8:successful"
2022-11-05 05:03:47 I Odin  update_database "Insert testcases table successful"
2022-11-05 05:03:47 I Odin  Print           "CREATE TABLE IF NOT EXISTS tests (                             testplan_id INT,                             testplan_name TEXT,                             testplan_status TEXT,                             rel TEXT, status TEXT,                             count INT, date TEXT) ENGINE=InnoDB DEFAULT CHARSET=utf8:successful"
2022-11-05 05:03:47 I Odin  Print           "DELETE FROM tests WHERE date='2022-11-05':successful"
2022-11-05 05:03:47 I Odin  Print           "SELECT testplan_id FROM tests GROUP BY testplan_id:successful"
2022-11-05 05:03:47 I Odin  Print           "SELECT testplan_name FROM tests WHERE testplan_id=7979358 LIMIT 1:successful"
2022-11-05 05:03:47 I Odin  Print           "UPDATE tests SET testplan_status='Active' WHERE testplan_id=7979358:successful"
2022-11-05 05:03:47 I Odin  Print           "SELECT testplan_name FROM tests WHERE testplan_id=8559429 LIMIT 1:successful"
2022-11-05 05:03:47 I Odin  Print           "UPDATE tests SET testplan_status='Active' WHERE testplan_id=8559429:successful"
2022-11-05 05:03:47 I Odin  Print           "INSERT INTO tests (testplan_id, testplan_name, testplan_status, rel, status, count, date) SELECT testplan_id, testplan_name, 'Active' as testplan_status, rel, status, count((@rn := @rn + 1)) as count, '2022-11-05' as date FROM testcases cross join (select @rn := 0) const GROUP BY testplan_id, rel, status:successful"
2022-11-05 05:03:47 I Odin  update_database "Insert tests table successful"
2022-11-05 05:03:47 I Odin  Print           "CREATE TABLE IF NOT EXISTS testapproval (                                 rel TEXT, team TEXT, status TEXT, upstream TEXT, count INT, date TEXT                                 ) ENGINE=InnoDB DEFAULT CHARSET=utf8:successful"
2022-11-05 05:03:47 I Odin  Print           "DROP TABLE IF EXISTS alltestapproval:successful"
2022-11-05 05:03:47 I Odin  Print           "CREATE TABLE IF NOT EXISTS alltestapproval (                                 id INT, uniqueid TEXT, name TEXT, status TEXT, rel TEXT, team TEXT, upstream TEXT                                 ) ENGINE=InnoDB DEFAULT CHARSET=utf8:successful"
2022-11-05 05:03:47 I Odin  Print           "DELETE FROM testapproval WHERE date='2022-11-05':successful"
2022-11-05 05:03:47 I Odin  Print           "INSERT INTO testapproval (rel, team, status, count, date, upstream) SELECT rel, team, status, count((@rn := @rn + 1)) as count, '2022-11-05' as date, upstream FROM alltestapproval cross join (select @rn := 0) const GROUP BY rel, team, status, upstream:successful"
2022-11-05 05:03:54 I Odin  Get_allfeatuers "[{'id': 7888188, 'name': 'PC Dongle', 'documentKey': 'Od-FEAT-43', 'statusId': 156410, 'status': 'Approved'}, {'id': 7935903, 'name': 'Weight', 'documentKey': 'Od-FEAT-84', 'statusId': 156584, 'status': 'Proposal'}, {'id': 8038639, 'name': 'Headset as neckphone', 'documentKey': 'Od-FEAT-274', 'statusId': 156584, 'status': 'Proposal'}, {'id': 8120354, 'name': 'Sustainable materials', 'documentKey': 'Od-FEAT-277', 'statusId': 156584, 'status': 'Proposal'}, {'id': 7935735, 'name': 'Application Controlled Paring (MFi)', 'documentKey': 'Od-FEAT-82', 'statusId': 156410, 'status': 'Approved'}, {'id': 7888080, 'name': 'Battery status (App only)', 'documentKey': 'Od-FEAT-7', 'statusId': 156410, 'status': 'Approved'}, {'id': 7888125, 'name': 'Find my head phones (App only)', 'documentKey': 'Od-FEAT-22', 'statusId': 156410, 'status': 'Approved'}, {'id': 7888197, 'name': 'Product Certification Markings via App (App only)', 'documentKey': 'Od-FEAT-46', 'statusId': 156410, 'status': 'Approved'}, {'id': 7888176, 'name': 'MySound - Hearing test in Sound+ (Platform BT)', 'documentKey': 'Od-FEAT-39', 'statusId': 156410, 'status': 'Approved'}, {'id': 10091199, 'name': 'MySound - Music & Communications mode (feature name may change !)', 'documentKey': 'Od-FEAT-316', 'statusId': 156409, 'status': 'Draft'}, {'id': 7888092, 'name': 'Button takeover legacy support', 'documentKey': 'Od-FEAT-11', 'statusId': 156410, 'status': 'Approved'}, {'id': 10104325, 'name': 'Edit pairing list', 'documentKey': 'Od-FEAT-321', 'statusId': 156584, 'status': 'Proposal'}, {'id': 7889118, 'name': 'Audio Logging', 'documentKey': 'Od-FEAT-76', 'statusId': 156410, 'status': 'Approved'}, {'id': 7889106, 'name': 'Communication Performance (Tx)', 'documentKey': 'Od-FEAT-72', 'statusId': 156410, 'status': 'Approved'}, {'id': 10078339, 'name': 'Fraunhofer LC3+ codec', 'documentKey': 'Od-FEAT-315', 'statusId': 156409, 'status': 'Draft'}, {'id': 7889130, 'name': 'Hearthrough', 'documentKey': 'Od-FEAT-80', 'statusId': 156584, 'status': 'Proposal'}, {'id': 9858036, 'name': 'MS Teams Certification v5.0 (Headsets) - Audio', 'documentKey': 'Od-FEAT-303', 'statusId': 156584, 'status': 'Proposal'}, {'id': 10104344, 'name': 'Rx Speech Level Normalization', 'documentKey': 'Od-FEAT-322', 'statusId': 156584, 'status': 'Proposal'}, {'id': 7889112, 'name': 'Sidetone', 'documentKey': 'Od-FEAT-74', 'statusId': 156410, 'status': 'Approved'}, {'id': 7888194, 'name': 'Pouch', 'documentKey': 'Od-FEAT-45', 'statusId': 156410, 'status': 'Approved'}, {'id': 7935972, 'name': 'Quick Start Guide and Manuals', 'documentKey': 'Od-FEAT-85', 'statusId': 156410, 'status': 'Approved'}, {'id': 7888221, 'name': 'SKUs', 'documentKey': 'Od-FEAT-54', 'statusId': 156584, 'status': 'Proposal'}, {'id': 7888161, 'name': 'MFi certified', 'documentKey': 'Od-FEAT-34', 'statusId': 156410, 'status': 'Approved'}, {'id': 7888122, 'name': 'Ear cushions', 'documentKey': 'Od-FEAT-21', 'statusId': 156410, 'status': 'Approved'}]"
2022-11-05 05:03:54 I Odin  Print           "CREATE TABLE IF NOT EXISTS features (                                rel TEXT, status TEXT, count INT, date TEXT) ENGINE=InnoDB DEFAULT CHARSET=utf8:successful"
2022-11-05 05:03:54 I Odin  Print           "CREATE TABLE IF NOT EXISTS allfeatures (                                id INT, uniqueid TEXT, name TEXT, status TEXT, rel TEXT,test_status TEXT) ENGINE=InnoDB DEFAULT CHARSET=utf8:successful"
2022-11-05 05:03:54 I Odin  Print           "DELETE FROM features WHERE date='2022-11-05':successful"
2022-11-05 05:03:54 I Odin  Print           "DELETE FROM allfeatures WHERE id=20438488:successful"
2022-11-05 05:03:54 I Odin  Print           "DELETE FROM allfeatures WHERE id=20436984:successful"
2022-11-05 05:03:54 I Odin  Print           "DELETE FROM allfeatures WHERE id=20402475:successful"
2022-11-05 05:03:54 I Odin  Print           "DELETE FROM allfeatures WHERE id=20402441:successful"
2022-11-05 05:03:54 I Odin  Print           "DELETE FROM allfeatures WHERE id=20389163:successful"
2022-11-05 05:03:54 I Odin  Print           "DELETE FROM allfeatures WHERE id=20388816:successful"
2022-11-05 05:03:54 I Odin  Print           "DELETE FROM allfeatures WHERE id=20388807:successful"
2022-11-05 05:03:54 I Odin  Print           "DELETE FROM allfeatures WHERE id=20364798:successful"
2022-11-05 05:03:54 I Odin  Print           "DELETE FROM allfeatures WHERE id=20363469:successful"
2022-11-05 05:03:54 I Odin  Print           "DELETE FROM allfeatures WHERE id=19961485:successful"
2022-11-05 05:03:54 I Odin  Print           "DELETE FROM allfeatures WHERE id=19852323:successful"
2022-11-05 05:03:54 I Odin  Print           "DELETE FROM allfeatures WHERE id=17281075:successful"
2022-11-05 05:03:54 I Odin  Print           "DELETE FROM allfeatures WHERE id=16747580:successful"
2022-11-05 05:03:54 I Odin  Print           "DELETE FROM allfeatures WHERE id=16540015:successful"
2022-11-05 05:03:54 I Odin  Print           "DELETE FROM allfeatures WHERE id=16539943:successful"
2022-11-05 05:03:54 I Odin  Print           "DELETE FROM allfeatures WHERE id=16539914:successful"
2022-11-05 05:03:54 I Odin  Print           "DELETE FROM allfeatures WHERE id=15806998:successful"
2022-11-05 05:03:54 I Odin  Print           "DELETE FROM allfeatures WHERE id=15727115:successful"
2022-11-05 05:03:54 I Odin  Print           "DELETE FROM allfeatures WHERE id=15727112:successful"
2022-11-05 05:03:54 I Odin  Print           "DELETE FROM allfeatures WHERE id=15727109:successful"
2022-11-05 05:03:54 I Odin  Print           "DELETE FROM allfeatures WHERE id=15727106:successful"
2022-11-05 05:03:54 I Odin  Print           "DELETE FROM allfeatures WHERE id=15727102:successful"
2022-11-05 05:03:54 I Odin  Print           "DELETE FROM allfeatures WHERE id=15727092:successful"
2022-11-05 05:03:54 I Odin  Print           "DELETE FROM allfeatures WHERE id=15639185:successful"
2022-11-05 05:03:54 I Odin  Print           "DELETE FROM allfeatures WHERE id=15632120:successful"
2022-11-05 05:03:54 I Odin  Print           "DELETE FROM allfeatures WHERE id=15631971:successful"
2022-11-05 05:03:54 I Odin  Print           "DELETE FROM allfeatures WHERE id=15631674:successful"
2022-11-05 05:03:54 I Odin  Print           "DELETE FROM allfeatures WHERE id=15305113:successful"
2022-11-05 05:03:54 I Odin  Print           "DELETE FROM allfeatures WHERE id=15305106:successful"
2022-11-05 05:03:54 I Odin  Print           "DELETE FROM allfeatures WHERE id=15305098:successful"
2022-11-05 05:03:54 I Odin  Print           "DELETE FROM allfeatures WHERE id=15305092:successful"
2022-11-05 05:03:54 I Odin  Print           "DELETE FROM allfeatures WHERE id=15305088:successful"
2022-11-05 05:03:54 I Odin  Print           "DELETE FROM allfeatures WHERE id=15305083:successful"
2022-11-05 05:03:54 I Odin  Print           "DELETE FROM allfeatures WHERE id=15305078:successful"
2022-11-05 05:03:54 I Odin  Print           "DELETE FROM allfeatures WHERE id=15305073:successful"
2022-11-05 05:03:54 I Odin  Print           "DELETE FROM allfeatures WHERE id=15305069:successful"
2022-11-05 05:03:54 I Odin  Print           "DELETE FROM allfeatures WHERE id=15305051:successful"
2022-11-05 05:03:54 I Odin  Print           "DELETE FROM allfeatures WHERE id=15305045:successful"
2022-11-05 05:03:54 I Odin  Print           "DELETE FROM allfeatures WHERE id=15305040:successful"
2022-11-05 05:03:54 I Odin  Print           "DELETE FROM allfeatures WHERE id=15305026:successful"
2022-11-05 05:03:54 I Odin  Print           "DELETE FROM allfeatures WHERE id=15305018:successful"
2022-11-05 05:03:54 I Odin  Print           "DELETE FROM allfeatures WHERE id=15305004:successful"
2022-11-05 05:03:54 I Odin  Print           "DELETE FROM allfeatures WHERE id=15304999:successful"
2022-11-05 05:03:54 I Odin  Print           "DELETE FROM allfeatures WHERE id=15304994:successful"
2022-11-05 05:03:54 I Odin  Print           "DELETE FROM allfeatures WHERE id=15304989:successful"
2022-11-05 05:03:54 I Odin  Print           "DELETE FROM allfeatures WHERE id=15304981:successful"
2022-11-05 05:03:54 I Odin  Print           "DELETE FROM allfeatures WHERE id=15304975:successful"
2022-11-05 05:03:54 I Odin  Print           "DELETE FROM allfeatures WHERE id=15304966:successful"
2022-11-05 05:03:54 I Odin  Print           "DELETE FROM allfeatures WHERE id=15304943:successful"
2022-11-05 05:03:54 I Odin  Print           "DELETE FROM allfeatures WHERE id=15083052:successful"
2022-11-05 05:03:54 I Odin  Print           "DELETE FROM allfeatures WHERE id=7888188:successful"
2022-11-05 05:03:54 I Odin  Print           "DELETE FROM allfeatures WHERE id=7935903:successful"
2022-11-05 05:03:54 I Odin  Print           "DELETE FROM allfeatures WHERE id=8038639:successful"
2022-11-05 05:03:54 I Odin  Print           "DELETE FROM allfeatures WHERE id=8120354:successful"
2022-11-05 05:03:54 I Odin  Print           "DELETE FROM allfeatures WHERE id=7935735:successful"
2022-11-05 05:03:54 I Odin  Print           "DELETE FROM allfeatures WHERE id=7888080:successful"
2022-11-05 05:03:54 I Odin  Print           "DELETE FROM allfeatures WHERE id=7888125:successful"
2022-11-05 05:03:54 I Odin  Print           "DELETE FROM allfeatures WHERE id=7888197:successful"
2022-11-05 05:03:54 I Odin  Print           "DELETE FROM allfeatures WHERE id=7888176:successful"
2022-11-05 05:03:54 I Odin  Print           "DELETE FROM allfeatures WHERE id=10091199:successful"
2022-11-05 05:03:54 I Odin  Print           "DELETE FROM allfeatures WHERE id=7888092:successful"
2022-11-05 05:03:54 I Odin  Print           "DELETE FROM allfeatures WHERE id=10104325:successful"
2022-11-05 05:03:54 I Odin  Print           "DELETE FROM allfeatures WHERE id=7889118:successful"
2022-11-05 05:03:54 I Odin  Print           "DELETE FROM allfeatures WHERE id=7889106:successful"
2022-11-05 05:03:54 I Odin  Print           "DELETE FROM allfeatures WHERE id=10078339:successful"
2022-11-05 05:03:54 I Odin  Print           "DELETE FROM allfeatures WHERE id=7889130:successful"
2022-11-05 05:03:54 I Odin  Print           "DELETE FROM allfeatures WHERE id=9858036:successful"
2022-11-05 05:03:54 I Odin  Print           "DELETE FROM allfeatures WHERE id=10104344:successful"
2022-11-05 05:03:54 I Odin  Print           "DELETE FROM allfeatures WHERE id=7889112:successful"
2022-11-05 05:03:54 I Odin  Print           "DELETE FROM allfeatures WHERE id=7888194:successful"
2022-11-05 05:03:54 I Odin  Print           "DELETE FROM allfeatures WHERE id=7935972:successful"
2022-11-05 05:03:54 I Odin  Print           "DELETE FROM allfeatures WHERE id=7888221:successful"
2022-11-05 05:03:54 I Odin  Print           "DELETE FROM allfeatures WHERE id=7888161:successful"
2022-11-05 05:03:54 I Odin  Print           "DELETE FROM allfeatures WHERE id=7888122:successful"
2022-11-05 05:03:54 I Odin  Print           "INSERT INTO features (rel, status, count, date)                                 SELECT rel, status, count((@rn := @rn + 1)) as count, '2022-11-05' as date FROM allfeatures cross join (select @rn := 0) const GROUP BY rel, status:successful"
2022-11-05 05:03:55 I Odin  Get_allchangere "[]"
2022-11-05 05:03:55 I Odin  Print           "CREATE TABLE IF NOT EXISTS changes (                                 rel TEXT, status TEXT, priority TEXT,                                 requester TEXT, date TEXT, count INT) ENGINE=InnoDB DEFAULT CHARSET=utf8:successful"
2022-11-05 05:03:55 I Odin  Print           "CREATE TABLE IF NOT EXISTS allchanges (                                 id INT, uniqueid TEXT, name TEXT,                                 status TEXT, rel TEXT, priority TEXT,                                 requester TEXT) ENGINE=InnoDB DEFAULT CHARSET=utf8:successful"
2022-11-05 05:03:55 I Odin  Print           "DELETE FROM changes WHERE date='2022-11-05':successful"
2022-11-05 05:03:55 I Odin  Print           "INSERT INTO changes (                                 rel, status, priority, requester, date, count)                                 SELECT rel, status, priority, requester, '2022-11-05' as date, count((@rn := @rn + 1)) as count FROM allchanges                                 cross join (select @rn := 0) const GROUP BY rel, status, priority, requester:successful"
2022-11-05 05:03:56 I Odin  Print           "CREATE TABLE IF NOT EXISTS designspec (                            rel TEXT, team TEXT, status TEXT, count INT, date text) ENGINE=InnoDB DEFAULT CHARSET=utf8:successful"
2022-11-05 05:03:56 I Odin  Print           "CREATE TABLE IF NOT EXISTS alldesignspec (                             id INT, uniqueid TEXT, name TEXT, status TEXT, rel TEXT, team TEXT) ENGINE=InnoDB DEFAULT CHARSET=utf8:successful"
2022-11-05 05:03:56 I Odin  Print           "DELETE FROM designspec WHERE date='2022-11-05':successful"
2022-11-05 05:03:56 I Odin  Print           "DELETE FROM alldesignspec WHERE id=7889067:successful"
2022-11-05 05:03:56 I Odin  Print           "INSERT INTO designspec (rel, team, status, count, date) SELECT rel, team, status, count((@rn := @rn + 1)) as count, '2022-11-05' as date FROM alldesignspec cross join (select @rn := 0) const GROUP BY rel, team, status:successful"
2022-11-05 05:03:57 I Odin  Get_alluserstor "[]"
2022-11-05 05:03:57 I Odin  Print           "CREATE TABLE IF NOT EXISTS userstories (                 rel TEXT, status TEXT, count INT, date TEXT) ENGINE=InnoDB DEFAULT CHARSET=utf8:successful"
2022-11-05 05:03:57 I Odin  Print           "CREATE TABLE IF NOT EXISTS alluserstories (                 id INT, uniqueid TEXT, name TEXT, status TEXT, rel TEXT) ENGINE=InnoDB DEFAULT CHARSET=utf8:successful"
2022-11-05 05:03:57 I Odin  Print           "DELETE FROM userstories WHERE date='2022-11-05':successful"
2022-11-05 05:03:57 I Odin  Print           "INSERT INTO userstories (rel, status, count, date) SELECT rel, status, count((@rn := @rn + 1)) as count, '2022-11-05' as date FROM alluserstories cross join (select @rn := 0) const GROUP BY rel, status:successful"
2022-11-05 05:03:59 I Odin  Get_alldefects  "[]"
2022-11-05 05:03:59 I Odin  Print           "CREATE TABLE IF NOT EXISTS defects (                     rel TEXT, team TEXT, status TEXT, priority TEXT, count INT, date TEXT) ENGINE=InnoDB DEFAULT CHARSET=utf8:successful"
2022-11-05 05:03:59 I Odin  Print           "CREATE TABLE IF NOT EXISTS alldefects (                     id INT, uniqueid TEXT, name TEXT, status TEXT, rel TEXT, team TEXT, priority TEXT, jira TEXT, upstream TEXT) ENGINE=InnoDB DEFAULT CHARSET=utf8:successful"
2022-11-05 05:03:59 I Odin  Print           "DELETE FROM defects WHERE date='2022-11-05':successful"
2022-11-05 05:03:59 I Odin  Print           "INSERT INTO defects (rel, team, status, count, date, priority) SELECT rel, team, status, count((@rn := @rn + 1)) as count, '2022-11-05' as date, priority FROM alldefects cross join (select @rn := 0) const GROUP BY rel, team, status, priority:successful"
2022-11-05 05:05:40 I Odin  get_multipickli "Unassigned don't find the mainteam name from G_parameter"
2022-11-05 05:05:45 I Odin  get_multipickli "Unassigned don't find the mainteam name from G_parameter"
2022-11-05 05:05:47 I Odin  get_multipickli "Unassigned don't find the mainteam name from G_parameter"
2022-11-05 05:05:49 I Odin  get_multipickli "Unassigned don't find the mainteam name from G_parameter"
2022-11-05 05:12:48 I Odin  get_multipickli "Unassigned don't find the mainteam name from G_parameter"
2022-11-05 05:13:14 I Odin  get_multipickli "Unassigned don't find the mainteam name from G_parameter"
2022-11-05 05:17:37 I Odin  get_multipickli "Unassigned don't find the mainteam name from G_parameter"
2022-11-05 05:18:23 I Odin  get_multipickli "Unassigned don't find the mainteam name from G_parameter"
2022-11-05 05:18:54 I Odin  get_multipickli "Unassigned don't find the mainteam name from G_parameter"
2022-11-05 05:18:57 I Odin  get_multipickli "Unassigned don't find the mainteam name from G_parameter"
2022-11-05 05:19:04 I Odin  get_multipickli "Unassigned don't find the mainteam name from G_parameter"
2022-11-05 05:19:10 I Odin  get_multipickli "Unassigned don't find the mainteam name from G_parameter"
2022-11-05 05:19:13 I Odin  get_multipickli "Unassigned don't find the mainteam name from G_parameter"
2022-11-05 05:19:15 I Odin  get_multipickli "Unassigned don't find the mainteam name from G_parameter"
2022-11-05 05:19:19 I Odin  get_multipickli "Unassigned don't find the mainteam name from G_parameter"
2022-11-05 05:19:23 I Odin  get_multipickli "Unassigned don't find the mainteam name from G_parameter"
2022-11-05 05:19:28 I Odin  get_multipickli "Unassigned don't find the mainteam name from G_parameter"
2022-11-05 05:19:32 I Odin  get_multipickli "Unassigned don't find the mainteam name from G_parameter"
2022-11-05 05:19:36 I Odin  get_multipickli "Unassigned don't find the mainteam name from G_parameter"
2022-11-05 05:19:39 I Odin  get_multipickli "Unassigned don't find the mainteam name from G_parameter"
2022-11-05 05:19:42 I Odin  get_multipickli "Unassigned don't find the mainteam name from G_parameter"
2022-11-05 05:19:45 I Odin  get_multipickli "Unassigned don't find the mainteam name from G_parameter"
2022-11-05 05:19:48 I Odin  get_multipickli "Unassigned don't find the mainteam name from G_parameter"
2022-11-05 05:19:49 I Odin  get_multipickli "Unassigned don't find the mainteam name from G_parameter"
2022-11-05 05:19:51 I Odin  get_multipickli "Unassigned don't find the mainteam name from G_parameter"
2022-11-05 05:19:54 I Odin  get_multipickli "Unassigned don't find the mainteam name from G_parameter"
2022-11-05 05:19:56 I Odin  get_multipickli "Unassigned don't find the mainteam name from G_parameter"
2022-11-05 05:19:58 I Odin  get_multipickli "Unassigned don't find the mainteam name from G_parameter"
2022-11-05 05:20:01 I Odin  get_multipickli "Unassigned don't find the mainteam name from G_parameter"
2022-11-05 05:20:04 I Odin  get_multipickli "Unassigned don't find the mainteam name from G_parameter"
2022-11-05 05:20:06 I Odin  get_multipickli "Unassigned don't find the mainteam name from G_parameter"
2022-11-05 05:20:10 I Odin  get_multipickli "Unassigned don't find the mainteam name from G_parameter"
2022-11-05 05:20:14 I Odin  get_multipickli "Unassigned don't find the mainteam name from G_parameter"
2022-11-05 05:20:18 I Odin  get_multipickli "Unassigned don't find the mainteam name from G_parameter"
2022-11-05 05:20:23 I Odin  get_multipickli "Unassigned don't find the mainteam name from G_parameter"
2022-11-05 05:20:33 I Odin  get_multipickli "Unassigned don't find the mainteam name from G_parameter"
2022-11-05 05:20:40 I Odin  get_multipickli "Unassigned don't find the mainteam name from G_parameter"
2022-11-05 05:20:47 I Odin  get_multipickli "Unassigned don't find the mainteam name from G_parameter"
2022-11-05 05:20:55 I Odin  get_multipickli "Unassigned don't find the mainteam name from G_parameter"
2022-11-05 05:21:04 I Odin  get_multipickli "Unassigned don't find the mainteam name from G_parameter"
2022-11-05 05:21:13 I Odin  get_multipickli "Unassigned don't find the mainteam name from G_parameter"
2022-11-05 05:21:34 I Odin  get_multipickli "Unassigned don't find the mainteam name from G_parameter"
2022-11-05 05:25:37 I Odin  get_multipickli "Unassigned don't find the mainteam name from G_parameter"
2022-11-05 05:25:43 I Odin  get_multipickli "Unassigned don't find the mainteam name from G_parameter"
2022-11-05 05:25:51 I Odin  get_multipickli "Unassigned don't find the mainteam name from G_parameter"
2022-11-05 05:26:01 I Odin  get_multipickli "Unassigned don't find the mainteam name from G_parameter"
2022-11-05 05:27:25 I Odin  get_multipickli "Unassigned don't find the mainteam name from G_parameter"
2022-11-05 05:27:30 I Odin  get_multipickli "Unassigned don't find the mainteam name from G_parameter"
2022-11-05 05:27:33 I Odin  get_multipickli "Unassigned don't find the mainteam name from G_parameter"
2022-11-05 05:27:36 I Odin  get_multipickli "Unassigned don't find the mainteam name from G_parameter"
2022-11-05 05:27:40 I Odin  get_multipickli "Unassigned don't find the mainteam name from G_parameter"
2022-11-05 05:27:42 I Odin  get_multipickli "Unassigned don't find the mainteam name from G_parameter"
2022-11-05 05:30:38 I Odin  get_multipickli "Unassigned don't find the mainteam name from G_parameter"
2022-11-05 05:32:35 I Odin  get_multipickli "Unassigned don't find the mainteam name from G_parameter"
2022-11-05 05:32:56 I Odin  get_multipickli "Digital Experience – Android don't find the mainteam name from G_parameter"
2022-11-05 05:32:58 I Odin  get_multipickli "Digital Experience – IOS don't find the mainteam name from G_parameter"
2022-11-05 05:33:05 I Odin  get_multipickli "Digital Experience – Android don't find the mainteam name from G_parameter"
2022-11-05 05:33:05 I Odin  get_multipickli "Digital Experience – IOS don't find the mainteam name from G_parameter"
2022-11-05 05:33:09 I Odin  get_multipickli "Digital Experience – Android don't find the mainteam name from G_parameter"
2022-11-05 05:33:09 I Odin  get_multipickli "Digital Experience – IOS don't find the mainteam name from G_parameter"
2022-11-05 05:33:12 I Odin  get_multipickli "Digital Experience – Android don't find the mainteam name from G_parameter"
2022-11-05 05:33:12 I Odin  get_multipickli "Digital Experience – IOS don't find the mainteam name from G_parameter"
2022-11-05 05:33:43 I Odin  get_multipickli "ESW Platform Test don't find the mainteam name from G_parameter"
2022-11-05 05:35:10 I Odin  get_multipickli "Unassigned don't find the mainteam name from G_parameter"
2022-11-05 05:35:14 I Odin  get_multipickli "Unassigned don't find the mainteam name from G_parameter"
2022-11-05 05:35:17 I Odin  get_multipickli "Unassigned don't find the mainteam name from G_parameter"
2022-11-05 05:35:20 I Odin  get_multipickli "Unassigned don't find the mainteam name from G_parameter"
2022-11-05 05:35:20 I Odin  get_multipickli "Digital Experience – IOS don't find the mainteam name from G_parameter"
2022-11-05 05:35:22 I Odin  get_multipickli "Digital Experience – SDK don't find the mainteam name from G_parameter"
2022-11-05 05:37:31 I Odin  get_multipickli "Unassigned don't find the mainteam name from G_parameter"
2022-11-05 05:38:09 I Odin  get_multipickli "Digital Experience – Android don't find the mainteam name from G_parameter"
2022-11-05 05:38:09 I Odin  get_multipickli "Digital Experience – IOS don't find the mainteam name from G_parameter"
2022-11-05 05:38:16 I Odin  get_multipickli "Digital Experience – Android don't find the mainteam name from G_parameter"
2022-11-05 05:38:16 I Odin  get_multipickli "Digital Experience – IOS don't find the mainteam name from G_parameter"
2022-11-05 05:38:19 I Odin  get_multipickli "Digital Experience – Android don't find the mainteam name from G_parameter"
2022-11-05 05:38:19 I Odin  get_multipickli "Digital Experience – IOS don't find the mainteam name from G_parameter"
2022-11-05 05:38:34 I Odin  get_multipickli "Unassigned don't find the mainteam name from G_parameter"
2022-11-05 05:39:01 I Odin  get_multipickli "Digital Experience – Android don't find the mainteam name from G_parameter"
2022-11-05 05:39:01 I Odin  get_multipickli "Digital Experience – IOS don't find the mainteam name from G_parameter"
2022-11-05 05:39:06 I Odin  get_multipickli "Digital Experience – Android don't find the mainteam name from G_parameter"
2022-11-05 05:39:06 I Odin  get_multipickli "Digital Experience – IOS don't find the mainteam name from G_parameter"
2022-11-05 05:39:49 I Odin  get_multipickli "Digital Experience – Android don't find the mainteam name from G_parameter"
2022-11-05 05:39:49 I Odin  get_multipickli "Digital Experience – IOS don't find the mainteam name from G_parameter"
2022-11-05 05:39:52 I Odin  get_multipickli "Digital Experience – Android don't find the mainteam name from G_parameter"
2022-11-05 05:39:52 I Odin  get_multipickli "Digital Experience – IOS don't find the mainteam name from G_parameter"
2022-11-05 05:40:02 I Odin  get_multipickli "Digital Experience – Android don't find the mainteam name from G_parameter"
2022-11-05 05:40:02 I Odin  get_multipickli "Digital Experience – IOS don't find the mainteam name from G_parameter"
2022-11-05 05:40:06 I Odin  get_multipickli "Digital Experience – Android don't find the mainteam name from G_parameter"
2022-11-05 05:40:06 I Odin  get_multipickli "Digital Experience – IOS don't find the mainteam name from G_parameter"
2022-11-05 05:40:08 I Odin  get_multipickli "Digital Experience – Android don't find the mainteam name from G_parameter"
2022-11-05 05:40:08 I Odin  get_multipickli "Digital Experience – IOS don't find the mainteam name from G_parameter"
2022-11-05 05:40:10 I Odin  get_multipickli "Digital Experience – Android don't find the mainteam name from G_parameter"
2022-11-05 05:40:10 I Odin  get_multipickli "Digital Experience – IOS don't find the mainteam name from G_parameter"
2022-11-05 05:40:13 I Odin  get_multipickli "Digital Experience – Android don't find the mainteam name from G_parameter"
2022-11-05 05:40:13 I Odin  get_multipickli "Digital Experience – IOS don't find the mainteam name from G_parameter"
2022-11-05 05:40:20 I Odin  get_multipickli "Unassigned don't find the mainteam name from G_parameter"
2022-11-05 05:40:42 I Odin  get_multipickli "Unassigned don't find the mainteam name from G_parameter"
2022-11-05 05:40:57 I Odin  get_multipickli "Unassigned don't find the mainteam name from G_parameter"
2022-11-05 05:41:08 I Odin  get_multipickli "Unassigned don't find the mainteam name from G_parameter"
2022-11-05 05:41:12 I Odin  get_multipickli "Unassigned don't find the mainteam name from G_parameter"
2022-11-05 05:41:52 I Odin  get_multipickli "Unassigned don't find the mainteam name from G_parameter"
2022-11-05 05:42:44 I Odin  get_multipickli "Unassigned don't find the mainteam name from G_parameter"
2022-11-05 05:42:47 I Odin  get_multipickli "Unassigned don't find the mainteam name from G_parameter"
2022-11-05 05:42:52 I Odin  get_multipickli "Unassigned don't find the mainteam name from G_parameter"
2022-11-05 05:42:56 I Odin  get_multipickli "Unassigned don't find the mainteam name from G_parameter"
2022-11-05 05:43:00 I Odin  get_multipickli "Unassigned don't find the mainteam name from G_parameter"
2022-11-05 05:43:02 I Odin  get_multipickli "Unassigned don't find the mainteam name from G_parameter"
2022-11-05 05:43:05 I Odin  get_multipickli "Unassigned don't find the mainteam name from G_parameter"
2022-11-05 05:43:22 I Odin  get_multipickli "Unassigned don't find the mainteam name from G_parameter"
2022-11-05 05:43:30 I Odin  get_multipickli "Unassigned don't find the mainteam name from G_parameter"
2022-11-05 05:43:32 I Odin  get_multipickli "Unassigned don't find the mainteam name from G_parameter"
2022-11-05 05:44:18 I Odin  get_multipickli "Unassigned don't find the mainteam name from G_parameter"
2022-11-05 05:44:39 I Odin  get_multipickli "Digital Experience – Android don't find the mainteam name from G_parameter"
2022-11-05 05:44:39 I Odin  get_multipickli "Digital Experience – IOS don't find the mainteam name from G_parameter"
2022-11-05 05:44:43 I Odin  get_multipickli "Digital Experience – Android don't find the mainteam name from G_parameter"
2022-11-05 05:44:43 I Odin  get_multipickli "Digital Experience – IOS don't find the mainteam name from G_parameter"
2022-11-05 05:46:01 I Odin  get_multipickli "Unassigned don't find the mainteam name from G_parameter"
2022-11-05 05:46:46 I Odin  get_multipickli "ESW Platform Test don't find the mainteam name from G_parameter"
2022-11-05 05:47:06 I Odin  get_multipickli "Unassigned don't find the mainteam name from G_parameter"
2022-11-05 05:47:14 I Odin  Print           "DROP TABLE IF EXISTS allrequirements:successful"
2022-11-05 05:47:14 I Odin  Print           "DROP TABLE IF EXISTS allcoverage:successful"
2022-11-05 05:47:14 I Odin  Print           "CREATE TABLE IF NOT EXISTS requirements (                        rel TEXT, status TEXT, count INT, date TEXT) ENGINE=InnoDB DEFAULT CHARSET=utf8:successful"
2022-11-05 05:47:14 I Odin  Print           "CREATE TABLE IF NOT EXISTS allrequirements (                        id INT, uniqueid TEXT, name TEXT, status TEXT, rel TEXT, upstream TEXT, downstream TEXT, team TEXT, test_status TEXT) ENGINE=InnoDB DEFAULT CHARSET=utf8:successful"
2022-11-05 05:47:14 I Odin  Print           "CREATE TABLE IF NOT EXISTS coverage (                        team text, covered int, expected int, date text) ENGINE=InnoDB DEFAULT CHARSET=utf8:successful"
2022-11-05 05:47:14 I Odin  Print           "CREATE TABLE IF NOT EXISTS allcoverage (                        id INT, uniqueid TEXT, name TEXT, status TEXT, rel TEXT, verify TEXT, missing TEXT) ENGINE=InnoDB DEFAULT CHARSET=utf8:successful"
2022-11-05 05:47:14 I Odin  Print           "DELETE FROM requirements WHERE date='2022-11-05':successful"
2022-11-05 05:47:14 I Odin  Print           "DELETE FROM coverage WHERE date='2022-11-05':successful"
2022-11-05 05:47:15 I Odin  Print           "INSERT INTO requirements (rel, status, count, date) SELECT rel, status, count((@rn := @rn + 1)) as count, '2022-11-05' as date FROM allrequirements cross join (select @rn := 0) const GROUP BY rel, status:successful"
2022-11-05 05:47:15 I Odin  Print           "CREATE TABLE IF NOT EXISTS feattest (rel TEXT, status TEXT, count TEXT, date TEXT) ENGINE=InnoDB DEFAULT CHARSET=utf8:successful"
2022-11-05 05:47:15 I Odin  Print           "CREATE TABLE IF NOT EXISTS reqtest (rel TEXT, status TEXT, count TEXT, date TEXT) ENGINE=InnoDB DEFAULT CHARSET=utf8:successful"
2022-11-05 05:47:15 I Odin  Print           "SELECT id FROM allfeatures:successful"
2022-11-05 05:47:15 I Odin  Print           "SELECT id,upstream,downstream,team FROM allrequirements:successful"
2022-11-05 05:47:15 I Odin  Print           "SELECT id FROM allcoverage:successful"
2022-11-05 05:47:15 I Odin  Print           "SELECT * FROM testcases:successful"
