2022-10-07 04:59:19 I Osbor Print           "Connet 20403 successfully!!!"
2022-10-07 04:59:19 I Osbor Get_alltests    "Get project name:Osborn id:20403 all testplans"
2022-10-07 04:59:21 I Osbor Get_alltests    "{8341707: {'id': 8341707, 'name': 'Controller HW DVT test plan', 'archived': False, 'index': '8341707:Controller HW DVT test plan'}, 8226282: {'id': 8226282, 'name': 'HS HW DVT test plan', 'archived': False, 'index': '8226282:HS HW DVT test plan'}, 9037640: {'id': 9037640, 'name': 'Osborn Mid ESW Test Plan', 'archived': False, 'index': '9037640:Osborn Mid ESW Test Plan'}, 8264933: {'id': 8264933, 'name': 'Osborn ESW Test Plan', 'archived': False, 'index': '8264933:Osborn ESW Test Plan'}, 8769952: {'id': 8769952, 'name': 'Packaging verification plan', 'archived': False, 'index': '8769952:Packaging verification plan'}, 9976079: {'id': 9976079, 'name': 'Product Maintenance test Plan', 'archived': False, 'index': '9976079:Product Maintenance test Plan'}, 8093197: {'id': 8093197, 'name': 'Product Quality Plan and PVT inputs', 'archived': False, 'index': '8093197:Product Quality Plan and PVT inputs'}, 3396973: {'id': 3396973, 'name': 'Product Verification Test Plan', 'archived': False, 'index': '3396973:Product Verification Test Plan'}, 8049692: {'id': 8049692, 'name': 'Regulatory Compliance test plan', 'archived': False, 'index': '8049692:Regulatory Compliance test plan'}, 8295691: {'id': 8295691, 'name': 'UX evaluation  plan', 'archived': False, 'index': '8295691:UX evaluation  plan'}}"
2022-10-07 04:59:21 I Osbor Get_alltests    "Get project name:Osborn id:20403 all testplans successful!!!"
2022-10-07 05:21:13 I Osbor tidy_alltestcas "1296"
2022-10-07 05:24:32 I Osbor Print           "DROP TABLE IF EXISTS testcases:successful"
2022-10-07 05:24:32 I Osbor Print           "CREATE TABLE IF NOT EXISTS testcases (                             testplan_id INT,                             testplan_name TEXT,                             testgroup_id INT,                             testgroup_name TEXT,                             testcycle_id INT,                             testcycle_name TEXT,                             rel TEXT,                             id INT,                             uniqueid TEXT,                             name TEXT,                             status TEXT,                             upstream TEXT,                             downstream TEXT,                             executionDate TEXT) ENGINE=InnoDB DEFAULT CHARSET=utf8:successful"
2022-10-07 05:24:32 I Osbor update_database "Insert testcases table successful"
2022-10-07 05:24:32 I Osbor Print           "CREATE TABLE IF NOT EXISTS tests (                             testplan_id INT,                             testplan_name TEXT,                             testplan_status TEXT,                             rel TEXT, status TEXT,                             count INT, date TEXT) ENGINE=InnoDB DEFAULT CHARSET=utf8:successful"
2022-10-07 05:24:32 I Osbor Print           "DELETE FROM tests WHERE date='2022-10-07':successful"
2022-10-07 05:24:32 I Osbor Print           "SELECT testplan_id FROM tests GROUP BY testplan_id:successful"
2022-10-07 05:24:32 I Osbor Print           "SELECT testplan_name FROM tests WHERE testplan_id=8341707 LIMIT 1:successful"
2022-10-07 05:24:32 I Osbor Print           "UPDATE tests SET testplan_status='Active' WHERE testplan_id=8341707:successful"
2022-10-07 05:24:32 I Osbor Print           "SELECT testplan_name FROM tests WHERE testplan_id=8226282 LIMIT 1:successful"
2022-10-07 05:24:32 I Osbor Print           "UPDATE tests SET testplan_status='Active' WHERE testplan_id=8226282:successful"
2022-10-07 05:24:32 I Osbor Print           "SELECT testplan_name FROM tests WHERE testplan_id=9037640 LIMIT 1:successful"
2022-10-07 05:24:32 I Osbor Print           "UPDATE tests SET testplan_status='Active' WHERE testplan_id=9037640:successful"
2022-10-07 05:24:32 I Osbor Print           "SELECT testplan_name FROM tests WHERE testplan_id=8264933 LIMIT 1:successful"
2022-10-07 05:24:32 I Osbor Print           "UPDATE tests SET testplan_status='Active' WHERE testplan_id=8264933:successful"
2022-10-07 05:24:32 I Osbor Print           "SELECT testplan_name FROM tests WHERE testplan_id=8769952 LIMIT 1:successful"
2022-10-07 05:24:32 I Osbor Print           "UPDATE tests SET testplan_status='Active' WHERE testplan_id=8769952:successful"
2022-10-07 05:24:32 I Osbor Print           "SELECT testplan_name FROM tests WHERE testplan_id=3396973 LIMIT 1:successful"
2022-10-07 05:24:32 I Osbor Print           "UPDATE tests SET testplan_status='Active' WHERE testplan_id=3396973:successful"
2022-10-07 05:24:32 I Osbor Print           "SELECT testplan_name FROM tests WHERE testplan_id=8049692 LIMIT 1:successful"
2022-10-07 05:24:32 I Osbor Print           "UPDATE tests SET testplan_status='Active' WHERE testplan_id=8049692:successful"
2022-10-07 05:24:32 I Osbor Print           "INSERT INTO tests (testplan_id, testplan_name, testplan_status, rel, status, count, date) SELECT testplan_id, testplan_name, 'Active' as testplan_status, rel, status, count((@rn := @rn + 1)) as count, '2022-10-07' as date FROM testcases cross join (select @rn := 0) const GROUP BY testplan_id, rel, status:successful"
2022-10-07 05:24:32 I Osbor update_database "Insert tests table successful"
2022-10-07 05:24:32 I Osbor Print           "CREATE TABLE IF NOT EXISTS testapproval (                                 rel TEXT, team TEXT, status TEXT, upstream TEXT, count INT, date TEXT                                 ) ENGINE=InnoDB DEFAULT CHARSET=utf8:successful"
2022-10-07 05:24:32 I Osbor Print           "DROP TABLE IF EXISTS alltestapproval:successful"
2022-10-07 05:24:32 I Osbor Print           "CREATE TABLE IF NOT EXISTS alltestapproval (                                 id INT, uniqueid TEXT, name TEXT, status TEXT, rel TEXT, team TEXT, upstream TEXT                                 ) ENGINE=InnoDB DEFAULT CHARSET=utf8:successful"
2022-10-07 05:24:33 I Osbor Print           "DELETE FROM testapproval WHERE date='2022-10-07':successful"
2022-10-07 05:24:33 I Osbor Print           "INSERT INTO testapproval (rel, team, status, count, date, upstream) SELECT rel, team, status, count((@rn := @rn + 1)) as count, '2022-10-07' as date, upstream FROM alltestapproval cross join (select @rn := 0) const GROUP BY rel, team, status, upstream:successful"
2022-10-07 05:24:37 I Osbor Get_allfeatuers "[]"
2022-10-07 05:24:37 I Osbor Print           "CREATE TABLE IF NOT EXISTS features (                                rel TEXT, status TEXT, count INT, date TEXT) ENGINE=InnoDB DEFAULT CHARSET=utf8:successful"
2022-10-07 05:24:37 I Osbor Print           "CREATE TABLE IF NOT EXISTS allfeatures (                                id INT, uniqueid TEXT, name TEXT, status TEXT, rel TEXT,test_status TEXT) ENGINE=InnoDB DEFAULT CHARSET=utf8:successful"
2022-10-07 05:24:37 I Osbor Print           "DELETE FROM features WHERE date='2022-10-07':successful"
2022-10-07 05:24:37 I Osbor Print           "DELETE FROM allfeatures WHERE id=15620102:successful"
2022-10-07 05:24:37 I Osbor Print           "DELETE FROM allfeatures WHERE id=15620101:successful"
2022-10-07 05:24:37 I Osbor Print           "DELETE FROM allfeatures WHERE id=15620100:successful"
2022-10-07 05:24:37 I Osbor Print           "DELETE FROM allfeatures WHERE id=15620099:successful"
2022-10-07 05:24:37 I Osbor Print           "DELETE FROM allfeatures WHERE id=15620098:successful"
2022-10-07 05:24:37 I Osbor Print           "DELETE FROM allfeatures WHERE id=15620097:successful"
2022-10-07 05:24:37 I Osbor Print           "DELETE FROM allfeatures WHERE id=15620096:successful"
2022-10-07 05:24:37 I Osbor Print           "DELETE FROM allfeatures WHERE id=15620095:successful"
2022-10-07 05:24:37 I Osbor Print           "DELETE FROM allfeatures WHERE id=15620094:successful"
2022-10-07 05:24:37 I Osbor Print           "DELETE FROM allfeatures WHERE id=15616789:successful"
2022-10-07 05:24:37 I Osbor Print           "DELETE FROM allfeatures WHERE id=15616784:successful"
2022-10-07 05:24:37 I Osbor Print           "DELETE FROM allfeatures WHERE id=15616780:successful"
2022-10-07 05:24:37 I Osbor Print           "DELETE FROM allfeatures WHERE id=15583113:successful"
2022-10-07 05:24:37 I Osbor Print           "DELETE FROM allfeatures WHERE id=15291790:successful"
2022-10-07 05:24:37 I Osbor Print           "DELETE FROM allfeatures WHERE id=14726265:successful"
2022-10-07 05:24:37 I Osbor Print           "DELETE FROM allfeatures WHERE id=14726259:successful"
2022-10-07 05:24:37 I Osbor Print           "DELETE FROM allfeatures WHERE id=14705805:successful"
2022-10-07 05:24:37 I Osbor Print           "DELETE FROM allfeatures WHERE id=14674875:successful"
2022-10-07 05:24:37 I Osbor Print           "DELETE FROM allfeatures WHERE id=14674809:successful"
2022-10-07 05:24:37 I Osbor Print           "DELETE FROM allfeatures WHERE id=14674776:successful"
2022-10-07 05:24:37 I Osbor Print           "DELETE FROM allfeatures WHERE id=14674728:successful"
2022-10-07 05:24:37 I Osbor Print           "DELETE FROM allfeatures WHERE id=14674668:successful"
2022-10-07 05:24:37 I Osbor Print           "DELETE FROM allfeatures WHERE id=14674608:successful"
2022-10-07 05:24:37 I Osbor Print           "DELETE FROM allfeatures WHERE id=14674593:successful"
2022-10-07 05:24:37 I Osbor Print           "DELETE FROM allfeatures WHERE id=14674578:successful"
2022-10-07 05:24:37 I Osbor Print           "DELETE FROM allfeatures WHERE id=14674542:successful"
2022-10-07 05:24:37 I Osbor Print           "DELETE FROM allfeatures WHERE id=14674263:successful"
2022-10-07 05:24:37 I Osbor Print           "DELETE FROM allfeatures WHERE id=14674182:successful"
2022-10-07 05:24:37 I Osbor Print           "DELETE FROM allfeatures WHERE id=14672754:successful"
2022-10-07 05:24:37 I Osbor Print           "DELETE FROM allfeatures WHERE id=14672682:successful"
2022-10-07 05:24:37 I Osbor Print           "DELETE FROM allfeatures WHERE id=14672667:successful"
2022-10-07 05:24:37 I Osbor Print           "DELETE FROM allfeatures WHERE id=14672616:successful"
2022-10-07 05:24:37 I Osbor Print           "DELETE FROM allfeatures WHERE id=14672457:successful"
2022-10-07 05:24:37 I Osbor Print           "DELETE FROM allfeatures WHERE id=14672439:successful"
2022-10-07 05:24:37 I Osbor Print           "DELETE FROM allfeatures WHERE id=14672430:successful"
2022-10-07 05:24:37 I Osbor Print           "DELETE FROM allfeatures WHERE id=14672370:successful"
2022-10-07 05:24:37 I Osbor Print           "DELETE FROM allfeatures WHERE id=14672358:successful"
2022-10-07 05:24:37 I Osbor Print           "DELETE FROM allfeatures WHERE id=14672283:successful"
2022-10-07 05:24:37 I Osbor Print           "DELETE FROM allfeatures WHERE id=14672163:successful"
2022-10-07 05:24:37 I Osbor Print           "DELETE FROM allfeatures WHERE id=14672118:successful"
2022-10-07 05:24:37 I Osbor Print           "DELETE FROM allfeatures WHERE id=14672100:successful"
2022-10-07 05:24:37 I Osbor Print           "DELETE FROM allfeatures WHERE id=14671359:successful"
2022-10-07 05:24:37 I Osbor Print           "DELETE FROM allfeatures WHERE id=14033466:successful"
2022-10-07 05:24:37 I Osbor Print           "INSERT INTO features (rel, status, count, date)                                 SELECT rel, status, count((@rn := @rn + 1)) as count, '2022-10-07' as date FROM allfeatures cross join (select @rn := 0) const GROUP BY rel, status:successful"
2022-10-07 05:24:39 I Osbor Get_allchangere "[]"
2022-10-07 05:24:39 I Osbor Print           "CREATE TABLE IF NOT EXISTS changes (                                 rel TEXT, status TEXT, priority TEXT,                                 requester TEXT, date TEXT, count INT) ENGINE=InnoDB DEFAULT CHARSET=utf8:successful"
2022-10-07 05:24:39 I Osbor Print           "CREATE TABLE IF NOT EXISTS allchanges (                                 id INT, uniqueid TEXT, name TEXT,                                 status TEXT, rel TEXT, priority TEXT,                                 requester TEXT) ENGINE=InnoDB DEFAULT CHARSET=utf8:successful"
2022-10-07 05:24:39 I Osbor Print           "DELETE FROM changes WHERE date='2022-10-07':successful"
2022-10-07 05:24:39 I Osbor Print           "INSERT INTO changes (                                 rel, status, priority, requester, date, count)                                 SELECT rel, status, priority, requester, '2022-10-07' as date, count((@rn := @rn + 1)) as count FROM allchanges                                 cross join (select @rn := 0) const GROUP BY rel, status, priority, requester:successful"
2022-10-07 05:24:40 I Osbor Print           "CREATE TABLE IF NOT EXISTS designspec (                            rel TEXT, team TEXT, status TEXT, count INT, date text) ENGINE=InnoDB DEFAULT CHARSET=utf8:successful"
2022-10-07 05:24:40 I Osbor Print           "CREATE TABLE IF NOT EXISTS alldesignspec (                             id INT, uniqueid TEXT, name TEXT, status TEXT, rel TEXT, team TEXT) ENGINE=InnoDB DEFAULT CHARSET=utf8:successful"
2022-10-07 05:24:40 I Osbor Print           "DELETE FROM designspec WHERE date='2022-10-07':successful"
2022-10-07 05:24:40 I Osbor Print           "INSERT INTO designspec (rel, team, status, count, date) SELECT rel, team, status, count((@rn := @rn + 1)) as count, '2022-10-07' as date FROM alldesignspec cross join (select @rn := 0) const GROUP BY rel, team, status:successful"
2022-10-07 05:24:42 I Osbor Get_alluserstor "[]"
2022-10-07 05:24:42 I Osbor Print           "CREATE TABLE IF NOT EXISTS userstories (                 rel TEXT, status TEXT, count INT, date TEXT) ENGINE=InnoDB DEFAULT CHARSET=utf8:successful"
2022-10-07 05:24:42 I Osbor Print           "CREATE TABLE IF NOT EXISTS alluserstories (                 id INT, uniqueid TEXT, name TEXT, status TEXT, rel TEXT) ENGINE=InnoDB DEFAULT CHARSET=utf8:successful"
2022-10-07 05:24:42 I Osbor Print           "DELETE FROM userstories WHERE date='2022-10-07':successful"
2022-10-07 05:24:42 I Osbor Print           "INSERT INTO userstories (rel, status, count, date) SELECT rel, status, count((@rn := @rn + 1)) as count, '2022-10-07' as date FROM alluserstories cross join (select @rn := 0) const GROUP BY rel, status:successful"
2022-10-07 05:25:09 I Osbor Get_alldefects  "[{'id': 9175825, 'name': '[Plus+Mid]Busylight audio promts does not match UI', 'documentKey': 'Ob-BUG-66', 'statusId': 156538, 'status': 'Closed', 'teamId': 156569, 'team': 'ESW DECT', 'priorityId': 156534, 'priority': 'Minor', 'upstream': '9092966, 9166404', 'jira': 'https://jabra1.atlassian.net/browse/OS-576'}, {'id': 9355634, 'name': 'CLONE - [SP IOP,Mac Zoom]Can not reject incoming call', 'documentKey': 'Ob-BUG-163', 'statusId': 156539, 'status': 'In Progress', 'teamId': 156569, 'team': 'ESW DECT', 'priorityId': 156533, 'priority': 'Major', 'upstream': '9108171, 9108200, 9108186, 9438975, 9348901, 9941505, 9941530, 9941516, 9343104, 9572714, 9343134, 9572742, 9343117, 9572727', 'jira': 'https://jabra1.atlassian.net/browse/SPIDER-1690'}, {'id': 9450217, 'name': "[JDO, Ringtone volume] Ringtone volume setting not be greyed out if 'Ringtone' is set to 'Off'", 'documentKey': 'Ob-BUG-181', 'statusId': 156538, 'status': 'Closed', 'teamId': 157345, 'team': 'DE SDK', 'priorityId': 156534, 'priority': 'Minor', 'upstream': '9480350, 9438369', 'jira': 'https://jabra1.atlassian.net/browse/SDK-7080'}, {'id': 9569718, 'name': "[FT, Upgrade]Some devices can't boot after being updating", 'documentKey': 'Ob-BUG-218', 'statusId': 156538, 'status': 'Closed', 'teamId': 156569, 'team': 'ESW DECT', 'priorityId': 156532, 'priority': 'Critical', 'upstream': '9689000, 9571965', 'jira': 'https://jabra1.atlassian.net/browse/OS-1370'}, {'id': 9681392, 'name': 'CLONE - [SP IOP][Teams]Tap call button can not end active call and accept 2nd incoming call', 'documentKey': 'Ob-BUG-253', 'statusId': 156536, 'status': 'Open', 'teamId': 157251, 'team': 'ESW BT', 'priorityId': 156535, 'priority': 'Trivial', 'upstream': '10025566, 10073705, 10073712, 10073733', 'jira': 'https://jabra1.atlassian.net/browse/WILL-627'}, {'id': 9691886, 'name': 'Unstable beamformer performance on Osborn mid', 'documentKey': 'Ob-BUG-258', 'statusId': 156536, 'status': 'Open', 'teamId': 156853, 'team': 'Audio Engineering', 'priorityId': 156533, 'priority': 'Major', 'upstream': '', 'jira': 'https://jabra1.atlassian.net/browse/OS-1625'}, {'id': 9699447, 'name': '[Test Fest, audio]There will be a few words distorted during meeting', 'documentKey': 'Ob-BUG-262', 'statusId': 156536, 'status': 'Open', 'teamId': 156569, 'team': 'ESW DECT', 'priorityId': 156533, 'priority': 'Major', 'upstream': '', 'jira': 'https://jabra1.atlassian.net/browse/OS-1635'}, {'id': 9976182, 'name': '[Partner Certification, Google, Chrome]Mute will not send message to PC after tap call button during Google Meet meeting', 'documentKey': 'Ob-BUG-286', 'statusId': 156538, 'status': 'Closed', 'teamId': 156569, 'team': 'ESW DECT', 'priorityId': 156534, 'priority': 'Minor', 'upstream': '', 'jira': 'https://jabra1.atlassian.net/browse/OS-1718'}, {'id': 10091164, 'name': 'Speech_Analysis_TX and Speech_Analysis_RX events send invalid values when device goes into off hook', 'documentKey': 'Ob-BUG-287', 'statusId': 156536, 'status': 'Open', 'teamId': 156853, 'team': 'Audio Engineering', 'priorityId': 156535, 'priority': 'Trivial', 'upstream': '', 'jira': 'https://jabra1.atlassian.net/browse/OS-1721'}, {'id': 10098676, 'name': "OsbornMid_unit's ID changed into FFFFFFFFFFFF", 'documentKey': 'Ob-BUG-288', 'statusId': 156536, 'status': 'Open', 'teamId': 157251, 'team': 'ESW BT', 'priorityId': 156535, 'priority': 'Trivial', 'upstream': '', 'jira': 'https://jabra1.atlassian.net/browse/OS-1722'}, {'id': 10098992, 'name': 'OsbornMid_USBID does not updated to the right one after CTO', 'documentKey': 'Ob-BUG-289', 'statusId': 156536, 'status': 'Open', 'teamId': 157251, 'team': 'ESW BT', 'priorityId': 156535, 'priority': 'Trivial', 'upstream': '', 'jira': 'https://jabra1.atlassian.net/browse/OS-1723'}, {'id': 10099572, 'name': 'Strange behaviour in JDO after update', 'documentKey': 'Ob-BUG-290', 'statusId': 156536, 'status': 'Open', 'teamId': 156571, 'team': 'DE Online', 'priorityId': 156535, 'priority': 'Trivial', 'upstream': '', 'jira': 'https://jabra1.atlassian.net/browse/OS-1725'}, {'id': 10113647, 'name': '[Mid][Partner certification, HP:Alcatel 400,500 and 8078s] HS  no call control ', 'documentKey': 'Ob-BUG-291', 'statusId': 156536, 'status': 'Open', 'teamId': 156569, 'team': 'ESW DECT', 'priorityId': 156532, 'priority': 'Critical', 'upstream': '', 'jira': 'https://jabra1.atlassian.net/browse/OS-1726'}]"
2022-10-07 05:25:09 I Osbor Print           "CREATE TABLE IF NOT EXISTS defects (                     rel TEXT, team TEXT, status TEXT, priority TEXT, count INT, date TEXT) ENGINE=InnoDB DEFAULT CHARSET=utf8:successful"
2022-10-07 05:25:09 I Osbor Print           "CREATE TABLE IF NOT EXISTS alldefects (                     id INT, uniqueid TEXT, name TEXT, status TEXT, rel TEXT, team TEXT, priority TEXT, jira TEXT, upstream TEXT) ENGINE=InnoDB DEFAULT CHARSET=utf8:successful"
2022-10-07 05:25:09 I Osbor Print           "DELETE FROM defects WHERE date='2022-10-07':successful"
2022-10-07 05:25:09 I Osbor Print           "DELETE FROM alldefects WHERE id = 18088524:successful"
2022-10-07 05:25:09 I Osbor Print           "DELETE FROM alldefects WHERE id = 17184678:successful"
2022-10-07 05:25:09 I Osbor Print           "DELETE FROM alldefects WHERE id = 9175825:successful"
2022-10-07 05:25:09 I Osbor Print           "DELETE FROM alldefects WHERE id = 9355634:successful"
2022-10-07 05:25:09 I Osbor Print           "DELETE FROM alldefects WHERE id = 9450217:successful"
2022-10-07 05:25:09 I Osbor Print           "DELETE FROM alldefects WHERE id = 9569718:successful"
2022-10-07 05:25:09 I Osbor Print           "DELETE FROM alldefects WHERE id = 9681392:successful"
2022-10-07 05:25:09 I Osbor Print           "DELETE FROM alldefects WHERE id = 9691886:successful"
2022-10-07 05:25:09 I Osbor Print           "DELETE FROM alldefects WHERE id = 9699447:successful"
2022-10-07 05:25:09 I Osbor Print           "DELETE FROM alldefects WHERE id = 9976182:successful"
2022-10-07 05:25:09 I Osbor Print           "DELETE FROM alldefects WHERE id = 10091164:successful"
2022-10-07 05:25:09 I Osbor Print           "DELETE FROM alldefects WHERE id = 10098676:successful"
2022-10-07 05:25:09 I Osbor Print           "DELETE FROM alldefects WHERE id = 10098992:successful"
2022-10-07 05:25:09 I Osbor Print           "DELETE FROM alldefects WHERE id = 10099572:successful"
2022-10-07 05:25:09 I Osbor Print           "DELETE FROM alldefects WHERE id = 10113647:successful"
2022-10-07 05:25:09 I Osbor Print           "Not enough parameters for the SQL statement"
2022-10-07 05:25:09 I Osbor Print           "INSERT INTO defects (rel, team, status, count, date, priority) SELECT rel, team, status, count((@rn := @rn + 1)) as count, '2022-10-07' as date, priority FROM alldefects cross join (select @rn := 0) const GROUP BY rel, team, status, priority:successful"
2022-10-07 05:26:30 I Osbor get_multipickli "Unassigned don't find the mainteam name from G_parameter"
2022-10-07 05:26:39 I Osbor get_multipickli "Unassigned don't find the mainteam name from G_parameter"
2022-10-07 05:26:41 I Osbor get_multipickli "Unassigned don't find the mainteam name from G_parameter"
2022-10-07 05:28:39 I Osbor get_multipickli "Unassigned don't find the mainteam name from G_parameter"
2022-10-07 05:28:43 I Osbor get_multipickli "Unassigned don't find the mainteam name from G_parameter"
2022-10-07 05:29:03 I Osbor get_multipickli "Unassigned don't find the mainteam name from G_parameter"
2022-10-07 05:29:31 I Osbor get_multipickli "Unassigned don't find the mainteam name from G_parameter"
2022-10-07 05:29:34 I Osbor get_multipickli "Unassigned don't find the mainteam name from G_parameter"
2022-10-07 05:29:44 I Osbor get_multipickli "Unassigned don't find the mainteam name from G_parameter"
2022-10-07 05:29:52 I Osbor get_multipickli "Unassigned don't find the mainteam name from G_parameter"
2022-10-07 05:30:06 I Osbor get_multipickli "Unassigned don't find the mainteam name from G_parameter"
2022-10-07 05:30:15 I Osbor get_multipickli "Unassigned don't find the mainteam name from G_parameter"
2022-10-07 05:30:19 I Osbor get_multipickli "Unassigned don't find the mainteam name from G_parameter"
2022-10-07 05:30:25 I Osbor get_multipickli "Unassigned don't find the mainteam name from G_parameter"
2022-10-07 05:30:28 I Osbor get_multipickli "Unassigned don't find the mainteam name from G_parameter"
2022-10-07 05:30:31 I Osbor get_multipickli "Unassigned don't find the mainteam name from G_parameter"
2022-10-07 05:32:06 I Osbor get_multipickli "Unassigned don't find the mainteam name from G_parameter"
2022-10-07 05:36:40 I Osbor get_multipickli "Unassigned don't find the mainteam name from G_parameter"
2022-10-07 05:39:24 I Osbor get_multipickli "Digital Experience – Android don't find the mainteam name from G_parameter"
2022-10-07 05:39:26 I Osbor get_multipickli "Digital Experience – IOS don't find the mainteam name from G_parameter"
2022-10-07 05:39:29 I Osbor get_multipickli "ESW Platform Test don't find the mainteam name from G_parameter"
2022-10-07 05:40:49 I Osbor get_multipickli "ESW Platform Test don't find the mainteam name from G_parameter"
2022-10-07 05:40:52 I Osbor get_multipickli "ESW Platform Test don't find the mainteam name from G_parameter"
2022-10-07 05:44:36 I Osbor get_multipickli "Unassigned don't find the mainteam name from G_parameter"
2022-10-07 05:44:38 I Osbor get_multipickli "Unassigned don't find the mainteam name from G_parameter"
2022-10-07 05:45:08 I Osbor get_multipickli "Unassigned don't find the mainteam name from G_parameter"
2022-10-07 05:45:09 I Osbor get_multipickli "Unassigned don't find the mainteam name from G_parameter"
2022-10-07 05:45:12 I Osbor get_multipickli "Unassigned don't find the mainteam name from G_parameter"
2022-10-07 05:45:16 I Osbor get_multipickli "Unassigned don't find the mainteam name from G_parameter"
2022-10-07 05:45:34 I Osbor get_multipickli "Unassigned don't find the mainteam name from G_parameter"
2022-10-07 05:45:53 I Osbor get_multipickli "Unassigned don't find the mainteam name from G_parameter"
2022-10-07 05:46:04 I Osbor get_multipickli "Unassigned don't find the mainteam name from G_parameter"
2022-10-07 05:46:14 I Osbor get_multipickli "Unassigned don't find the mainteam name from G_parameter"
2022-10-07 05:48:16 I Osbor get_multipickli "Unassigned don't find the mainteam name from G_parameter"
2022-10-07 05:48:32 I Osbor get_multipickli "Unassigned don't find the mainteam name from G_parameter"
2022-10-07 05:51:16 I Osbor get_multipickli "Unassigned don't find the mainteam name from G_parameter"
2022-10-07 05:59:14 I Osbor get_multipickli "Unassigned don't find the mainteam name from G_parameter"
2022-10-07 06:02:12 I Osbor get_multipickli "Unassigned don't find the mainteam name from G_parameter"
2022-10-07 06:02:30 I Osbor get_multipickli "Unassigned don't find the mainteam name from G_parameter"
2022-10-07 06:03:23 I Osbor get_multipickli "Unassigned don't find the mainteam name from G_parameter"
2022-10-07 06:05:07 I Osbor get_multipickli "Unassigned don't find the mainteam name from G_parameter"
2022-10-07 06:05:25 I Osbor get_multipickli "Unassigned don't find the mainteam name from G_parameter"
2022-10-07 06:06:17 I Osbor get_multipickli "Unassigned don't find the mainteam name from G_parameter"
2022-10-07 06:07:09 I Osbor get_multipickli "Unassigned don't find the mainteam name from G_parameter"
2022-10-07 06:08:12 I Osbor get_multipickli "Unassigned don't find the mainteam name from G_parameter"
2022-10-07 06:08:17 I Osbor get_multipickli "Unassigned don't find the mainteam name from G_parameter"
2022-10-07 06:08:18 I Osbor get_multipickli "Unassigned don't find the mainteam name from G_parameter"
2022-10-07 06:08:21 I Osbor get_multipickli "Unassigned don't find the mainteam name from G_parameter"
2022-10-07 06:08:24 I Osbor get_multipickli "Unassigned don't find the mainteam name from G_parameter"
2022-10-07 06:08:27 I Osbor get_multipickli "Unassigned don't find the mainteam name from G_parameter"
2022-10-07 06:09:19 I Osbor get_multipickli "Unassigned don't find the mainteam name from G_parameter"
2022-10-07 06:09:19 I Osbor Print           "DROP TABLE IF EXISTS allrequirements:successful"
2022-10-07 06:09:19 I Osbor Print           "DROP TABLE IF EXISTS allcoverage:successful"
2022-10-07 06:09:19 I Osbor Print           "CREATE TABLE IF NOT EXISTS requirements (                        rel TEXT, status TEXT, count INT, date TEXT) ENGINE=InnoDB DEFAULT CHARSET=utf8:successful"
2022-10-07 06:09:19 I Osbor Print           "CREATE TABLE IF NOT EXISTS allrequirements (                        id INT, uniqueid TEXT, name TEXT, status TEXT, rel TEXT, upstream TEXT, downstream TEXT, team TEXT, test_status TEXT) ENGINE=InnoDB DEFAULT CHARSET=utf8:successful"
2022-10-07 06:09:19 I Osbor Print           "CREATE TABLE IF NOT EXISTS coverage (                        team text, covered int, expected int, date text) ENGINE=InnoDB DEFAULT CHARSET=utf8:successful"
2022-10-07 06:09:19 I Osbor Print           "CREATE TABLE IF NOT EXISTS allcoverage (                        id INT, uniqueid TEXT, name TEXT, status TEXT, rel TEXT, verify TEXT, missing TEXT) ENGINE=InnoDB DEFAULT CHARSET=utf8:successful"
2022-10-07 06:09:19 I Osbor Print           "DELETE FROM requirements WHERE date='2022-10-07':successful"
2022-10-07 06:09:19 I Osbor Print           "DELETE FROM coverage WHERE date='2022-10-07':successful"
2022-10-07 06:09:19 I Osbor Print           "INSERT INTO requirements (rel, status, count, date) SELECT rel, status, count((@rn := @rn + 1)) as count, '2022-10-07' as date FROM allrequirements cross join (select @rn := 0) const GROUP BY rel, status:successful"
2022-10-07 06:09:19 I Osbor Print           "CREATE TABLE IF NOT EXISTS feattest (rel TEXT, status TEXT, count TEXT, date TEXT) ENGINE=InnoDB DEFAULT CHARSET=utf8:successful"
2022-10-07 06:09:19 I Osbor Print           "CREATE TABLE IF NOT EXISTS reqtest (rel TEXT, status TEXT, count TEXT, date TEXT) ENGINE=InnoDB DEFAULT CHARSET=utf8:successful"
2022-10-07 06:09:19 I Osbor Print           "SELECT id FROM allfeatures:successful"
2022-10-07 06:09:19 I Osbor Print           "SELECT id,upstream,downstream,team FROM allrequirements:successful"
2022-10-07 06:09:19 I Osbor Print           "SELECT id FROM allcoverage:successful"
2022-10-07 06:09:19 I Osbor Print           "SELECT * FROM testcases:successful"
