2022-12-16 04:59:21 I Pytho Print           "Connet 20446 successfully!!!"
2022-12-16 04:59:21 I Pytho Get_alltests    "Get project name:Python id:20446 all testplans"
2022-12-16 04:59:32 I Pytho Get_alltests    "{7372947: {'id': 7372947, 'name': 'Apollo Nightly Test', 'archived': False, 'index': '7372947:Apollo Nightly Test'}, 8140305: {'id': 8140305, 'name': 'Apollo Release Smoke Test', 'archived': False, 'index': '8140305:Apollo Release Smoke Test'}, 9839931: {'id': 9839931, 'name': 'Apollo Release Stress Test', 'archived': False, 'index': '9839931:Apollo Release Stress Test'}, 7887393: {'id': 7887393, 'name': 'Apollo Weekly Test', 'archived': False, 'index': '7887393:Apollo Weekly Test'}, 7209846: {'id': 7209846, 'name': 'Audio DVT test plan', 'archived': False, 'index': '7209846:Audio DVT test plan'}, 5773923: {'id': 5773923, 'name': 'HW DVT Plan', 'archived': False, 'index': '5773923:HW DVT Plan'}, 6781943: {'id': 6781943, 'name': 'HW Test Plan -Python Remote Controller', 'archived': False, 'index': '6781943:HW Test Plan -Python Remote Controller'}, 8193821: {'id': 8193821, 'name': 'kh clean up2', 'archived': True, 'index': '8193821:kh clean up2'}, 8193594: {'id': 8193594, 'name': 'kh1 clean up', 'archived': True, 'index': '8193594:kh1 clean up'}, 4859722: {'id': 4859722, 'name': 'MT Test Plan', 'archived': False, 'index': '4859722:MT Test Plan'}, 5311623: {'id': 5311623, 'name': 'Packaging transportation test', 'archived': False, 'index': '5311623:Packaging transportation test'}, 8776307: {'id': 8776307, 'name': 'Product Maintenance Test Plan', 'archived': False, 'index': '8776307:Product Maintenance Test Plan'}, 4767556: {'id': 4767556, 'name': 'Product Verification Test Plan', 'archived': False, 'index': '4767556:Product Verification Test Plan'}, 5418156: {'id': 5418156, 'name': 'Python Offering Quality Plan', 'archived': False, 'index': '5418156:Python Offering Quality Plan'}, 8676487: {'id': 8676487, 'name': 'Python Hinge insert assy Reliability test in Smooth', 'archived': False, 'index': '8676487:Python Hinge insert assy Reliability test in Smooth'}, 8067765: {'id': 8067765, 'name': 'Python Humidity and Artificial Sweat test for Wall Mount and Hinge bracket', 'archived': False, 'index': '8067765:Python Humidity and Artificial Sweat test for Wall Mount and Hinge bracket'}, 6019344: {'id': 6019344, 'name': 'Regulatory Compliance Test Plan', 'archived': False, 'index': '6019344:Regulatory Compliance Test Plan'}, 10204871: {'id': 10204871, 'name': 'SE Verification test plan', 'archived': False, 'index': '10204871:SE Verification test plan'}, 6960105: {'id': 6960105, 'name': 'SW Test Plan', 'archived': False, 'index': '6960105:SW Test Plan'}, 10252386: {'id': 10252386, 'name': 'SW Test Plan - Bundle with Crestron', 'archived': False, 'index': '10252386:SW Test Plan - Bundle with Crestron'}, 9430122: {'id': 9430122, 'name': 'SW Test Plan - Bundle with Lenovo', 'archived': False, 'index': '9430122:SW Test Plan - Bundle with Lenovo'}, 9721077: {'id': 9721077, 'name': 'SW Test Plan - HW Redesign', 'archived': False, 'index': '9721077:SW Test Plan - HW Redesign'}, 9619657: {'id': 9619657, 'name': 'SW Test Plan - HW Redesign', 'archived': True, 'index': '9619657:SW Test Plan - HW Redesign'}, 9752410: {'id': 9752410, 'name': 'SW Test Plan - Newport Platform', 'archived': False, 'index': '9752410:SW Test Plan - Newport Platform'}, 8936920: {'id': 8936920, 'name': 'SW Test Plan - VP1 and VP2', 'archived': False, 'index': '8936920:SW Test Plan - VP1 and VP2'}, 9592679: {'id': 9592679, 'name': 'SW Test Plan - VP3', 'archived': False, 'index': '9592679:SW Test Plan - VP3'}, 5416527: {'id': 5416527, 'name': 'UX Test plan', 'archived': False, 'index': '5416527:UX Test plan'}, 9311623: {'id': 9311623, 'name': 'Video  Test Plan -VP2 - AI Features IZ VD PC Video Quality  WB and IGV-Functional', 'archived': False, 'index': '9311623:Video  Test Plan -VP2 - AI Features IZ VD PC Video Quality  WB and IGV-Functional'}, 8961490: {'id': 8961490, 'name': 'Video - Automation - Regression', 'archived': False, 'index': '8961490:Video - Automation - Regression'}, 7164015: {'id': 7164015, 'name': 'Video SW Test Plan', 'archived': True, 'index': '7164015:Video SW Test Plan'}, 8012482: {'id': 8012482, 'name': 'Video SW Test Plan - AI Features IZ Virtual Director People Count Video Quality  Whiteboard', 'archived': False, 'index': '8012482:Video SW Test Plan - AI Features IZ Virtual Director People Count Video Quality  Whiteboard'}, 10273890: {'id': 10273890, 'name': 'Video Test Plan - Bundle with Crestron - Inter-Operability', 'archived': False, 'index': '10273890:Video Test Plan - Bundle with Crestron - Inter-Operability'}, 10273892: {'id': 10273892, 'name': 'Video Test Plan - Bundle with Crestron - Non Functional', 'archived': False, 'index': '10273892:Video Test Plan - Bundle with Crestron - Non Functional'}, 10273910: {'id': 10273910, 'name': 'Video Test Plan - Bundle with Crestron - Reliability', 'archived': False, 'index': '10273910:Video Test Plan - Bundle with Crestron - Reliability'}, 9430167: {'id': 9430167, 'name': 'Video Test Plan - Bundle with Lenovo - Inter-Operability', 'archived': False, 'index': '9430167:Video Test Plan - Bundle with Lenovo - Inter-Operability'}, 9431939: {'id': 9431939, 'name': 'Video Test Plan - Bundle with Lenovo - Non Functional', 'archived': False, 'index': '9431939:Video Test Plan - Bundle with Lenovo - Non Functional'}, 9431951: {'id': 9431951, 'name': 'Video Test Plan - Bundle with Lenovo - Reliability', 'archived': False, 'index': '9431951:Video Test Plan - Bundle with Lenovo - Reliability'}, 8043946: {'id': 8043946, 'name': 'Video Test Plan - Functional', 'archived': False, 'index': '8043946:Video Test Plan - Functional'}, 9735195: {'id': 9735195, 'name': 'Video Test Plan - HW Redesign - Functional', 'archived': False, 'index': '9735195:Video Test Plan - HW Redesign - Functional'}, 9726716: {'id': 9726716, 'name': 'Video Test Plan - HW Redesign - Inter-Operability', 'archived': False, 'index': '9726716:Video Test Plan - HW Redesign - Inter-Operability'}, 9737211: {'id': 9737211, 'name': 'Video Test Plan - HW Redesign - Non Functional ', 'archived': False, 'index': '9737211:Video Test Plan - HW Redesign - Non Functional '}, 9738134: {'id': 9738134, 'name': 'Video Test Plan - HW Redesign - Reliability ', 'archived': False, 'index': '9738134:Video Test Plan - HW Redesign - Reliability '}, 9737198: {'id': 9737198, 'name': 'Video Test Plan - HW Redesign- AI IZ VD Video Quality IGV  WB', 'archived': False, 'index': '9737198:Video Test Plan - HW Redesign- AI IZ VD Video Quality IGV  WB'}, 7915338: {'id': 7915338, 'name': 'Video Test Plan - Inter-Operability', 'archived': False, 'index': '7915338:Video Test Plan - Inter-Operability'}, 7915071: {'id': 7915071, 'name': 'Video Test Plan - Non Functional', 'archived': False, 'index': '7915071:Video Test Plan - Non Functional'}, 7998288: {'id': 7998288, 'name': 'Video Test Plan - Reliability', 'archived': False, 'index': '7998288:Video Test Plan - Reliability'}, 7915740: {'id': 7915740, 'name': 'Video Test Plan - Reliability Deleted', 'archived': True, 'index': '7915740:Video Test Plan - Reliability Deleted'}, 9308622: {'id': 9308622, 'name': 'Video Test Plan - VP2 - Functional ', 'archived': False, 'index': '9308622:Video Test Plan - VP2 - Functional '}, 9369395: {'id': 9369395, 'name': 'Video Test Plan - VP2 - Inter-Operability', 'archived': False, 'index': '9369395:Video Test Plan - VP2 - Inter-Operability'}, 9338368: {'id': 9338368, 'name': 'Video Test Plan - VP2 - Non Functional ', 'archived': False, 'index': '9338368:Video Test Plan - VP2 - Non Functional '}, 9335135: {'id': 9335135, 'name': 'Video Test Plan - VP2 - Reliability ', 'archived': False, 'index': '9335135:Video Test Plan - VP2 - Reliability '}, 10144843: {'id': 10144843, 'name': 'Video Test Plan - VP3 - AI IZ VD Video Quality Whiteboard  IGV ', 'archived': False, 'index': '10144843:Video Test Plan - VP3 - AI IZ VD Video Quality Whiteboard  IGV '}, 10141934: {'id': 10141934, 'name': 'Video Test Plan - VP3 - Functional', 'archived': False, 'index': '10141934:Video Test Plan - VP3 - Functional'}, 10122544: {'id': 10122544, 'name': 'Video Test Plan - VP3 - Inter-Operability', 'archived': False, 'index': '10122544:Video Test Plan - VP3 - Inter-Operability'}, 10122547: {'id': 10122547, 'name': 'Video Test Plan - VP3 - Non Functional ', 'archived': False, 'index': '10122547:Video Test Plan - VP3 - Non Functional '}, 10122549: {'id': 10122549, 'name': 'Video Test Plan - VP3 - Reliability ', 'archived': False, 'index': '10122549:Video Test Plan - VP3 - Reliability '}}"
2022-12-16 04:59:32 I Pytho Get_alltests    "Get project name:Python id:20446 all testplans successful!!!"
2022-12-16 05:22:00 I Pytho get_testruns    "Error:Test testruns result is None,testplane:6960105"
2022-12-16 05:22:02 I Pytho get_testruns    "Error:Test testruns result is None,testplane:6960105"
2022-12-16 05:22:03 I Pytho get_testruns    "Error:Test testruns result is None,testplane:6960105"
2022-12-16 05:54:17 I Pytho tidy_alltestcas "13288"
2022-12-16 06:20:51 I Pytho Print           "DROP TABLE IF EXISTS testcases:successful"
2022-12-16 06:20:51 I Pytho Print           "CREATE TABLE IF NOT EXISTS testcases (                             testplan_id INT,                             testplan_name TEXT,                             testgroup_id INT,                             testgroup_name TEXT,                             testcycle_id INT,                             testcycle_name TEXT,                             rel TEXT,                             id INT,                             uniqueid TEXT,                             name TEXT,                             status TEXT,                             upstream TEXT,                             downstream TEXT,                             executionDate TEXT) ENGINE=InnoDB DEFAULT CHARSET=utf8:successful"
2022-12-16 06:20:54 I Pytho update_database "Insert testcases table successful"
2022-12-16 06:20:54 I Pytho Print           "CREATE TABLE IF NOT EXISTS tests (                             testplan_id INT,                             testplan_name TEXT,                             testplan_status TEXT,                             rel TEXT, status TEXT,                             count INT, date TEXT) ENGINE=InnoDB DEFAULT CHARSET=utf8:successful"
2022-12-16 06:20:54 I Pytho Print           "DELETE FROM tests WHERE date='2022-12-16':successful"
2022-12-16 06:20:54 I Pytho Print           "SELECT testplan_id FROM tests GROUP BY testplan_id:successful"
2022-12-16 06:20:54 I Pytho Print           "SELECT testplan_name FROM tests WHERE testplan_id=7372947 LIMIT 1:successful"
2022-12-16 06:20:54 I Pytho Print           "UPDATE tests SET testplan_status='Active' WHERE testplan_id=7372947:successful"
2022-12-16 06:20:54 I Pytho Print           "SELECT testplan_name FROM tests WHERE testplan_id=8140305 LIMIT 1:successful"
2022-12-16 06:20:54 I Pytho Print           "UPDATE tests SET testplan_status='Active' WHERE testplan_id=8140305:successful"
2022-12-16 06:20:54 I Pytho Print           "SELECT testplan_name FROM tests WHERE testplan_id=9839931 LIMIT 1:successful"
2022-12-16 06:20:54 I Pytho Print           "UPDATE tests SET testplan_status='Active' WHERE testplan_id=9839931:successful"
2022-12-16 06:20:54 I Pytho Print           "SELECT testplan_name FROM tests WHERE testplan_id=7887393 LIMIT 1:successful"
2022-12-16 06:20:54 I Pytho Print           "UPDATE tests SET testplan_status='Active' WHERE testplan_id=7887393:successful"
2022-12-16 06:20:54 I Pytho Print           "SELECT testplan_name FROM tests WHERE testplan_id=7209846 LIMIT 1:successful"
2022-12-16 06:20:54 I Pytho Print           "UPDATE tests SET testplan_status='Active' WHERE testplan_id=7209846:successful"
2022-12-16 06:20:54 I Pytho Print           "SELECT testplan_name FROM tests WHERE testplan_id=5773923 LIMIT 1:successful"
2022-12-16 06:20:54 I Pytho Print           "UPDATE tests SET testplan_status='Active' WHERE testplan_id=5773923:successful"
2022-12-16 06:20:54 I Pytho Print           "SELECT testplan_name FROM tests WHERE testplan_id=6781943 LIMIT 1:successful"
2022-12-16 06:20:54 I Pytho Print           "UPDATE tests SET testplan_status='Active' WHERE testplan_id=6781943:successful"
2022-12-16 06:20:54 I Pytho Print           "SELECT testplan_name FROM tests WHERE testplan_id=4859722 LIMIT 1:successful"
2022-12-16 06:20:54 I Pytho Print           "UPDATE tests SET testplan_status='Active' WHERE testplan_id=4859722:successful"
2022-12-16 06:20:54 I Pytho Print           "SELECT testplan_name FROM tests WHERE testplan_id=5311623 LIMIT 1:successful"
2022-12-16 06:20:54 I Pytho Print           "UPDATE tests SET testplan_status='Active' WHERE testplan_id=5311623:successful"
2022-12-16 06:20:54 I Pytho Print           "SELECT testplan_name FROM tests WHERE testplan_id=8776307 LIMIT 1:successful"
2022-12-16 06:20:54 I Pytho Print           "UPDATE tests SET testplan_status='Active' WHERE testplan_id=8776307:successful"
2022-12-16 06:20:54 I Pytho Print           "SELECT testplan_name FROM tests WHERE testplan_id=4767556 LIMIT 1:successful"
2022-12-16 06:20:54 I Pytho Print           "UPDATE tests SET testplan_status='Active' WHERE testplan_id=4767556:successful"
2022-12-16 06:20:54 I Pytho Print           "SELECT testplan_name FROM tests WHERE testplan_id=6019344 LIMIT 1:successful"
2022-12-16 06:20:54 I Pytho Print           "UPDATE tests SET testplan_status='Active' WHERE testplan_id=6019344:successful"
2022-12-16 06:20:54 I Pytho Print           "SELECT testplan_name FROM tests WHERE testplan_id=10204871 LIMIT 1:successful"
2022-12-16 06:20:54 I Pytho Print           "UPDATE tests SET testplan_status='Active' WHERE testplan_id=10204871:successful"
2022-12-16 06:20:54 I Pytho Print           "SELECT testplan_name FROM tests WHERE testplan_id=6960105 LIMIT 1:successful"
2022-12-16 06:20:54 I Pytho Print           "UPDATE tests SET testplan_status='Active' WHERE testplan_id=6960105:successful"
2022-12-16 06:20:54 I Pytho Print           "SELECT testplan_name FROM tests WHERE testplan_id=10252386 LIMIT 1:successful"
2022-12-16 06:20:54 I Pytho Print           "UPDATE tests SET testplan_status='Active' WHERE testplan_id=10252386:successful"
2022-12-16 06:20:54 I Pytho Print           "SELECT testplan_name FROM tests WHERE testplan_id=9430122 LIMIT 1:successful"
2022-12-16 06:20:54 I Pytho Print           "UPDATE tests SET testplan_status='Active' WHERE testplan_id=9430122:successful"
2022-12-16 06:20:54 I Pytho Print           "SELECT testplan_name FROM tests WHERE testplan_id=9721077 LIMIT 1:successful"
2022-12-16 06:20:54 I Pytho Print           "UPDATE tests SET testplan_status='Active' WHERE testplan_id=9721077:successful"
2022-12-16 06:20:54 I Pytho Print           "SELECT testplan_name FROM tests WHERE testplan_id=9752410 LIMIT 1:successful"
2022-12-16 06:20:54 I Pytho Print           "UPDATE tests SET testplan_status='Active' WHERE testplan_id=9752410:successful"
2022-12-16 06:20:54 I Pytho Print           "SELECT testplan_name FROM tests WHERE testplan_id=8936920 LIMIT 1:successful"
2022-12-16 06:20:55 I Pytho Print           "UPDATE tests SET testplan_status='Active' WHERE testplan_id=8936920:successful"
2022-12-16 06:20:55 I Pytho Print           "SELECT testplan_name FROM tests WHERE testplan_id=9592679 LIMIT 1:successful"
2022-12-16 06:20:55 I Pytho Print           "UPDATE tests SET testplan_status='Active' WHERE testplan_id=9592679:successful"
2022-12-16 06:20:55 I Pytho Print           "SELECT testplan_name FROM tests WHERE testplan_id=5416527 LIMIT 1:successful"
2022-12-16 06:20:55 I Pytho Print           "UPDATE tests SET testplan_status='Active' WHERE testplan_id=5416527:successful"
2022-12-16 06:20:55 I Pytho Print           "SELECT testplan_name FROM tests WHERE testplan_id=9311623 LIMIT 1:successful"
2022-12-16 06:20:55 I Pytho Print           "UPDATE tests SET testplan_status='Active' WHERE testplan_id=9311623:successful"
2022-12-16 06:20:55 I Pytho Print           "SELECT testplan_name FROM tests WHERE testplan_id=8961490 LIMIT 1:successful"
2022-12-16 06:20:55 I Pytho Print           "UPDATE tests SET testplan_status='Active' WHERE testplan_id=8961490:successful"
2022-12-16 06:20:55 I Pytho Print           "SELECT testplan_name FROM tests WHERE testplan_id=7164015 LIMIT 1:successful"
2022-12-16 06:20:55 I Pytho Print           "UPDATE tests SET testplan_status='Inactive' WHERE testplan_id=7164015:successful"
2022-12-16 06:20:55 I Pytho Print           "SELECT testplan_name FROM tests WHERE testplan_id=8012482 LIMIT 1:successful"
2022-12-16 06:20:55 I Pytho Print           "UPDATE tests SET testplan_status='Active' WHERE testplan_id=8012482:successful"
2022-12-16 06:20:55 I Pytho Print           "SELECT testplan_name FROM tests WHERE testplan_id=10273890 LIMIT 1:successful"
2022-12-16 06:20:55 I Pytho Print           "UPDATE tests SET testplan_status='Active' WHERE testplan_id=10273890:successful"
2022-12-16 06:20:55 I Pytho Print           "SELECT testplan_name FROM tests WHERE testplan_id=10273892 LIMIT 1:successful"
2022-12-16 06:20:55 I Pytho Print           "UPDATE tests SET testplan_status='Active' WHERE testplan_id=10273892:successful"
2022-12-16 06:20:55 I Pytho Print           "SELECT testplan_name FROM tests WHERE testplan_id=10273910 LIMIT 1:successful"
2022-12-16 06:20:55 I Pytho Print           "UPDATE tests SET testplan_status='Active' WHERE testplan_id=10273910:successful"
2022-12-16 06:20:55 I Pytho Print           "SELECT testplan_name FROM tests WHERE testplan_id=9430167 LIMIT 1:successful"
2022-12-16 06:20:55 I Pytho Print           "UPDATE tests SET testplan_status='Active' WHERE testplan_id=9430167:successful"
2022-12-16 06:20:55 I Pytho Print           "SELECT testplan_name FROM tests WHERE testplan_id=9431939 LIMIT 1:successful"
2022-12-16 06:20:55 I Pytho Print           "UPDATE tests SET testplan_status='Active' WHERE testplan_id=9431939:successful"
2022-12-16 06:20:55 I Pytho Print           "SELECT testplan_name FROM tests WHERE testplan_id=9431951 LIMIT 1:successful"
2022-12-16 06:20:55 I Pytho Print           "UPDATE tests SET testplan_status='Active' WHERE testplan_id=9431951:successful"
2022-12-16 06:20:55 I Pytho Print           "SELECT testplan_name FROM tests WHERE testplan_id=8043946 LIMIT 1:successful"
2022-12-16 06:20:55 I Pytho Print           "UPDATE tests SET testplan_status='Active' WHERE testplan_id=8043946:successful"
2022-12-16 06:20:55 I Pytho Print           "SELECT testplan_name FROM tests WHERE testplan_id=9735195 LIMIT 1:successful"
2022-12-16 06:20:55 I Pytho Print           "UPDATE tests SET testplan_status='Active' WHERE testplan_id=9735195:successful"
2022-12-16 06:20:55 I Pytho Print           "SELECT testplan_name FROM tests WHERE testplan_id=9726716 LIMIT 1:successful"
2022-12-16 06:20:55 I Pytho Print           "UPDATE tests SET testplan_status='Active' WHERE testplan_id=9726716:successful"
2022-12-16 06:20:55 I Pytho Print           "SELECT testplan_name FROM tests WHERE testplan_id=9737211 LIMIT 1:successful"
2022-12-16 06:20:55 I Pytho Print           "UPDATE tests SET testplan_status='Active' WHERE testplan_id=9737211:successful"
2022-12-16 06:20:55 I Pytho Print           "SELECT testplan_name FROM tests WHERE testplan_id=9738134 LIMIT 1:successful"
2022-12-16 06:20:55 I Pytho Print           "UPDATE tests SET testplan_status='Active' WHERE testplan_id=9738134:successful"
2022-12-16 06:20:55 I Pytho Print           "SELECT testplan_name FROM tests WHERE testplan_id=9737198 LIMIT 1:successful"
2022-12-16 06:20:55 I Pytho Print           "UPDATE tests SET testplan_status='Active' WHERE testplan_id=9737198:successful"
2022-12-16 06:20:55 I Pytho Print           "SELECT testplan_name FROM tests WHERE testplan_id=7915338 LIMIT 1:successful"
2022-12-16 06:20:55 I Pytho Print           "UPDATE tests SET testplan_status='Active' WHERE testplan_id=7915338:successful"
2022-12-16 06:20:55 I Pytho Print           "SELECT testplan_name FROM tests WHERE testplan_id=7915071 LIMIT 1:successful"
2022-12-16 06:20:55 I Pytho Print           "UPDATE tests SET testplan_status='Active' WHERE testplan_id=7915071:successful"
2022-12-16 06:20:55 I Pytho Print           "SELECT testplan_name FROM tests WHERE testplan_id=7998288 LIMIT 1:successful"
2022-12-16 06:20:55 I Pytho Print           "UPDATE tests SET testplan_status='Active' WHERE testplan_id=7998288:successful"
2022-12-16 06:20:55 I Pytho Print           "SELECT testplan_name FROM tests WHERE testplan_id=9308622 LIMIT 1:successful"
2022-12-16 06:20:56 I Pytho Print           "UPDATE tests SET testplan_status='Active' WHERE testplan_id=9308622:successful"
2022-12-16 06:20:56 I Pytho Print           "SELECT testplan_name FROM tests WHERE testplan_id=9369395 LIMIT 1:successful"
2022-12-16 06:20:56 I Pytho Print           "UPDATE tests SET testplan_status='Active' WHERE testplan_id=9369395:successful"
2022-12-16 06:20:56 I Pytho Print           "SELECT testplan_name FROM tests WHERE testplan_id=9338368 LIMIT 1:successful"
2022-12-16 06:20:56 I Pytho Print           "UPDATE tests SET testplan_status='Active' WHERE testplan_id=9338368:successful"
2022-12-16 06:20:56 I Pytho Print           "SELECT testplan_name FROM tests WHERE testplan_id=9335135 LIMIT 1:successful"
2022-12-16 06:20:56 I Pytho Print           "UPDATE tests SET testplan_status='Active' WHERE testplan_id=9335135:successful"
2022-12-16 06:20:56 I Pytho Print           "SELECT testplan_name FROM tests WHERE testplan_id=10144843 LIMIT 1:successful"
2022-12-16 06:20:56 I Pytho Print           "UPDATE tests SET testplan_status='Active' WHERE testplan_id=10144843:successful"
2022-12-16 06:20:56 I Pytho Print           "SELECT testplan_name FROM tests WHERE testplan_id=10141934 LIMIT 1:successful"
2022-12-16 06:20:56 I Pytho Print           "UPDATE tests SET testplan_status='Active' WHERE testplan_id=10141934:successful"
2022-12-16 06:20:56 I Pytho Print           "SELECT testplan_name FROM tests WHERE testplan_id=10122544 LIMIT 1:successful"
2022-12-16 06:20:56 I Pytho Print           "UPDATE tests SET testplan_status='Active' WHERE testplan_id=10122544:successful"
2022-12-16 06:20:56 I Pytho Print           "SELECT testplan_name FROM tests WHERE testplan_id=10122547 LIMIT 1:successful"
2022-12-16 06:20:56 I Pytho Print           "UPDATE tests SET testplan_status='Active' WHERE testplan_id=10122547:successful"
2022-12-16 06:20:56 I Pytho Print           "SELECT testplan_name FROM tests WHERE testplan_id=10122549 LIMIT 1:successful"
2022-12-16 06:20:56 I Pytho Print           "UPDATE tests SET testplan_status='Active' WHERE testplan_id=10122549:successful"
2022-12-16 06:20:56 I Pytho Print           "INSERT INTO tests (testplan_id, testplan_name, testplan_status, rel, status, count, date) SELECT testplan_id, testplan_name, 'Active' as testplan_status, rel, status, count((@rn := @rn + 1)) as count, '2022-12-16' as date FROM testcases cross join (select @rn := 0) const GROUP BY testplan_id, rel, status:successful"
2022-12-16 06:20:56 I Pytho update_database "Insert tests table successful"
2022-12-16 06:20:56 I Pytho Print           "CREATE TABLE IF NOT EXISTS testapproval (                                 rel TEXT, team TEXT, status TEXT, upstream TEXT, count INT, date TEXT                                 ) ENGINE=InnoDB DEFAULT CHARSET=utf8:successful"
2022-12-16 06:20:56 I Pytho Print           "DROP TABLE IF EXISTS alltestapproval:successful"
2022-12-16 06:20:56 I Pytho Print           "CREATE TABLE IF NOT EXISTS alltestapproval (                                 id INT, uniqueid TEXT, name TEXT, status TEXT, rel TEXT, team TEXT, upstream TEXT                                 ) ENGINE=InnoDB DEFAULT CHARSET=utf8:successful"
2022-12-16 06:20:57 I Pytho Print           "DELETE FROM testapproval WHERE date='2022-12-16':successful"
2022-12-16 06:20:58 I Pytho Print           "INSERT INTO testapproval (rel, team, status, count, date, upstream) SELECT rel, team, status, count((@rn := @rn + 1)) as count, '2022-12-16' as date, upstream FROM alltestapproval cross join (select @rn := 0) const GROUP BY rel, team, status, upstream:successful"
2022-12-16 06:21:00 I Pytho Get_allfeatuers "[{'id': 6440990, 'name': 'Jabra production configuration', 'documentKey': 'Pu-FEAT-119', 'statusId': 156410, 'status': 'Approved'}, {'id': 4425939, 'name': 'Standby mode', 'documentKey': 'Pu-FEAT-60', 'statusId': 156584, 'status': 'Proposal'}]"
2022-12-16 06:21:00 I Pytho Print           "CREATE TABLE IF NOT EXISTS features (                                rel TEXT, status TEXT, count INT, date TEXT) ENGINE=InnoDB DEFAULT CHARSET=utf8:successful"
2022-12-16 06:21:00 I Pytho Print           "CREATE TABLE IF NOT EXISTS allfeatures (                                id INT, uniqueid TEXT, name TEXT, status TEXT, rel TEXT,test_status TEXT) ENGINE=InnoDB DEFAULT CHARSET=utf8:successful"
2022-12-16 06:21:00 I Pytho Print           "DELETE FROM features WHERE date='2022-12-16':successful"
2022-12-16 06:21:00 I Pytho Print           "DELETE FROM allfeatures WHERE id=18593851:successful"
2022-12-16 06:21:00 I Pytho Print           "DELETE FROM allfeatures WHERE id=18578102:successful"
2022-12-16 06:21:00 I Pytho Print           "DELETE FROM allfeatures WHERE id=18405103:successful"
2022-12-16 06:21:00 I Pytho Print           "DELETE FROM allfeatures WHERE id=18101004:successful"
2022-12-16 06:21:00 I Pytho Print           "DELETE FROM allfeatures WHERE id=17755334:successful"
2022-12-16 06:21:00 I Pytho Print           "DELETE FROM allfeatures WHERE id=17755331:successful"
2022-12-16 06:21:00 I Pytho Print           "DELETE FROM allfeatures WHERE id=17254498:successful"
2022-12-16 06:21:00 I Pytho Print           "DELETE FROM allfeatures WHERE id=17172498:successful"
2022-12-16 06:21:00 I Pytho Print           "DELETE FROM allfeatures WHERE id=17172468:successful"
2022-12-16 06:21:00 I Pytho Print           "DELETE FROM allfeatures WHERE id=17149230:successful"
2022-12-16 06:21:00 I Pytho Print           "DELETE FROM allfeatures WHERE id=17149229:successful"
2022-12-16 06:21:00 I Pytho Print           "DELETE FROM allfeatures WHERE id=16926946:successful"
2022-12-16 06:21:00 I Pytho Print           "DELETE FROM allfeatures WHERE id=16926541:successful"
2022-12-16 06:21:00 I Pytho Print           "DELETE FROM allfeatures WHERE id=16715871:successful"
2022-12-16 06:21:00 I Pytho Print           "DELETE FROM allfeatures WHERE id=16531668:successful"
2022-12-16 06:21:00 I Pytho Print           "DELETE FROM allfeatures WHERE id=16464040:successful"
2022-12-16 06:21:00 I Pytho Print           "DELETE FROM allfeatures WHERE id=16464007:successful"
2022-12-16 06:21:00 I Pytho Print           "DELETE FROM allfeatures WHERE id=16416894:successful"
2022-12-16 06:21:00 I Pytho Print           "DELETE FROM allfeatures WHERE id=16375061:successful"
2022-12-16 06:21:00 I Pytho Print           "DELETE FROM allfeatures WHERE id=16374983:successful"
2022-12-16 06:21:00 I Pytho Print           "DELETE FROM allfeatures WHERE id=16374305:successful"
2022-12-16 06:21:00 I Pytho Print           "DELETE FROM allfeatures WHERE id=16334737:successful"
2022-12-16 06:21:00 I Pytho Print           "DELETE FROM allfeatures WHERE id=16327636:successful"
2022-12-16 06:21:00 I Pytho Print           "DELETE FROM allfeatures WHERE id=16327631:successful"
2022-12-16 06:21:00 I Pytho Print           "DELETE FROM allfeatures WHERE id=16327622:successful"
2022-12-16 06:21:00 I Pytho Print           "DELETE FROM allfeatures WHERE id=16327620:successful"
2022-12-16 06:21:00 I Pytho Print           "DELETE FROM allfeatures WHERE id=16327618:successful"
2022-12-16 06:21:00 I Pytho Print           "DELETE FROM allfeatures WHERE id=16327616:successful"
2022-12-16 06:21:00 I Pytho Print           "DELETE FROM allfeatures WHERE id=16327614:successful"
2022-12-16 06:21:00 I Pytho Print           "DELETE FROM allfeatures WHERE id=16327610:successful"
2022-12-16 06:21:00 I Pytho Print           "DELETE FROM allfeatures WHERE id=16327607:successful"
2022-12-16 06:21:00 I Pytho Print           "DELETE FROM allfeatures WHERE id=15916630:successful"
2022-12-16 06:21:00 I Pytho Print           "DELETE FROM allfeatures WHERE id=15715329:successful"
2022-12-16 06:21:00 I Pytho Print           "DELETE FROM allfeatures WHERE id=15446741:successful"
2022-12-16 06:21:00 I Pytho Print           "DELETE FROM allfeatures WHERE id=15440278:successful"
2022-12-16 06:21:00 I Pytho Print           "DELETE FROM allfeatures WHERE id=15440275:successful"
2022-12-16 06:21:00 I Pytho Print           "DELETE FROM allfeatures WHERE id=15440251:successful"
2022-12-16 06:21:00 I Pytho Print           "DELETE FROM allfeatures WHERE id=15440248:successful"
2022-12-16 06:21:00 I Pytho Print           "DELETE FROM allfeatures WHERE id=15440245:successful"
2022-12-16 06:21:00 I Pytho Print           "DELETE FROM allfeatures WHERE id=15440242:successful"
2022-12-16 06:21:00 I Pytho Print           "DELETE FROM allfeatures WHERE id=15440238:successful"
2022-12-16 06:21:00 I Pytho Print           "DELETE FROM allfeatures WHERE id=15360230:successful"
2022-12-16 06:21:00 I Pytho Print           "DELETE FROM allfeatures WHERE id=14880390:successful"
2022-12-16 06:21:00 I Pytho Print           "DELETE FROM allfeatures WHERE id=14880255:successful"
2022-12-16 06:21:00 I Pytho Print           "DELETE FROM allfeatures WHERE id=14621427:successful"
2022-12-16 06:21:00 I Pytho Print           "DELETE FROM allfeatures WHERE id=14369214:successful"
2022-12-16 06:21:00 I Pytho Print           "DELETE FROM allfeatures WHERE id=14368674:successful"
2022-12-16 06:21:00 I Pytho Print           "DELETE FROM allfeatures WHERE id=14368662:successful"
2022-12-16 06:21:00 I Pytho Print           "DELETE FROM allfeatures WHERE id=14368638:successful"
2022-12-16 06:21:00 I Pytho Print           "DELETE FROM allfeatures WHERE id=14306682:successful"
2022-12-16 06:21:00 I Pytho Print           "DELETE FROM allfeatures WHERE id=13962657:successful"
2022-12-16 06:21:00 I Pytho Print           "DELETE FROM allfeatures WHERE id=13962612:successful"
2022-12-16 06:21:00 I Pytho Print           "DELETE FROM allfeatures WHERE id=13962531:successful"
2022-12-16 06:21:00 I Pytho Print           "DELETE FROM allfeatures WHERE id=13962204:successful"
2022-12-16 06:21:00 I Pytho Print           "DELETE FROM allfeatures WHERE id=13962072:successful"
2022-12-16 06:21:00 I Pytho Print           "DELETE FROM allfeatures WHERE id=13649280:successful"
2022-12-16 06:21:00 I Pytho Print           "DELETE FROM allfeatures WHERE id=13648992:successful"
2022-12-16 06:21:00 I Pytho Print           "DELETE FROM allfeatures WHERE id=13647171:successful"
2022-12-16 06:21:00 I Pytho Print           "DELETE FROM allfeatures WHERE id=13646934:successful"
2022-12-16 06:21:00 I Pytho Print           "DELETE FROM allfeatures WHERE id=13110954:successful"
2022-12-16 06:21:00 I Pytho Print           "DELETE FROM allfeatures WHERE id=12825911:successful"
2022-12-16 06:21:00 I Pytho Print           "DELETE FROM allfeatures WHERE id=12825893:successful"
2022-12-16 06:21:00 I Pytho Print           "DELETE FROM allfeatures WHERE id=12590753:successful"
2022-12-16 06:21:00 I Pytho Print           "DELETE FROM allfeatures WHERE id=12589301:successful"
2022-12-16 06:21:00 I Pytho Print           "DELETE FROM allfeatures WHERE id=12589292:successful"
2022-12-16 06:21:00 I Pytho Print           "DELETE FROM allfeatures WHERE id=12589067:successful"
2022-12-16 06:21:00 I Pytho Print           "DELETE FROM allfeatures WHERE id=12589064:successful"
2022-12-16 06:21:00 I Pytho Print           "DELETE FROM allfeatures WHERE id=12589046:successful"
2022-12-16 06:21:00 I Pytho Print           "DELETE FROM allfeatures WHERE id=12589043:successful"
2022-12-16 06:21:00 I Pytho Print           "DELETE FROM allfeatures WHERE id=12589040:successful"
2022-12-16 06:21:00 I Pytho Print           "DELETE FROM allfeatures WHERE id=12588686:successful"
2022-12-16 06:21:00 I Pytho Print           "DELETE FROM allfeatures WHERE id=12588587:successful"
2022-12-16 06:21:00 I Pytho Print           "DELETE FROM allfeatures WHERE id=12337310:successful"
2022-12-16 06:21:00 I Pytho Print           "DELETE FROM allfeatures WHERE id=11590461:successful"
2022-12-16 06:21:00 I Pytho Print           "DELETE FROM allfeatures WHERE id=11146533:successful"
2022-12-16 06:21:00 I Pytho Print           "DELETE FROM allfeatures WHERE id=11062593:successful"
2022-12-16 06:21:00 I Pytho Print           "DELETE FROM allfeatures WHERE id=10890279:successful"
2022-12-16 06:21:00 I Pytho Print           "DELETE FROM allfeatures WHERE id=10889271:successful"
2022-12-16 06:21:00 I Pytho Print           "DELETE FROM allfeatures WHERE id=10884522:successful"
2022-12-16 06:21:00 I Pytho Print           "DELETE FROM allfeatures WHERE id=10882386:successful"
2022-12-16 06:21:00 I Pytho Print           "DELETE FROM allfeatures WHERE id=10882350:successful"
2022-12-16 06:21:00 I Pytho Print           "DELETE FROM allfeatures WHERE id=10511094:successful"
2022-12-16 06:21:00 I Pytho Print           "DELETE FROM allfeatures WHERE id=10089663:successful"
2022-12-16 06:21:00 I Pytho Print           "DELETE FROM allfeatures WHERE id=10075068:successful"
2022-12-16 06:21:00 I Pytho Print           "DELETE FROM allfeatures WHERE id=9682198:successful"
2022-12-16 06:21:00 I Pytho Print           "DELETE FROM allfeatures WHERE id=9677371:successful"
2022-12-16 06:21:00 I Pytho Print           "DELETE FROM allfeatures WHERE id=9365055:successful"
2022-12-16 06:21:00 I Pytho Print           "DELETE FROM allfeatures WHERE id=9364860:successful"
2022-12-16 06:21:00 I Pytho Print           "DELETE FROM allfeatures WHERE id=9361998:successful"
2022-12-16 06:21:00 I Pytho Print           "DELETE FROM allfeatures WHERE id=9306567:successful"
2022-12-16 06:21:00 I Pytho Print           "DELETE FROM allfeatures WHERE id=9306417:successful"
2022-12-16 06:21:00 I Pytho Print           "DELETE FROM allfeatures WHERE id=9301617:successful"
2022-12-16 06:21:00 I Pytho Print           "DELETE FROM allfeatures WHERE id=9215292:successful"
2022-12-16 06:21:00 I Pytho Print           "DELETE FROM allfeatures WHERE id=9209031:successful"
2022-12-16 06:21:00 I Pytho Print           "DELETE FROM allfeatures WHERE id=9058379:successful"
2022-12-16 06:21:00 I Pytho Print           "DELETE FROM allfeatures WHERE id=9058322:successful"
2022-12-16 06:21:00 I Pytho Print           "DELETE FROM allfeatures WHERE id=6440990:successful"
2022-12-16 06:21:00 I Pytho Print           "DELETE FROM allfeatures WHERE id=4425939:successful"
2022-12-16 06:21:00 I Pytho Print           "INSERT INTO features (rel, status, count, date)                                 SELECT rel, status, count((@rn := @rn + 1)) as count, '2022-12-16' as date FROM allfeatures cross join (select @rn := 0) const GROUP BY rel, status:successful"
2022-12-16 06:21:01 I Pytho Get_allchangere "[{'id': 10274115, 'name': 'Changes to WiFi MAC usage in VP3', 'documentKey': 'Pu-CR-49', 'statusId': 156411, 'status': 'Completed', 'priorityId': 156643, 'priority': 'Not defined', 'req': 'Unassigned'}, {'id': 10228779, 'name': 'Jabra P50 Crestron co-branding', 'documentKey': 'Pu-CR-45', 'statusId': 156584, 'status': 'Proposal', 'priorityId': 156644, 'priority': 'MHOD', 'req': 'Jayway Huang'}]"
2022-12-16 06:21:01 I Pytho Print           "CREATE TABLE IF NOT EXISTS changes (                                 rel TEXT, status TEXT, priority TEXT,                                 requester TEXT, date TEXT, count INT) ENGINE=InnoDB DEFAULT CHARSET=utf8:successful"
2022-12-16 06:21:01 I Pytho Print           "CREATE TABLE IF NOT EXISTS allchanges (                                 id INT, uniqueid TEXT, name TEXT,                                 status TEXT, rel TEXT, priority TEXT,                                 requester TEXT) ENGINE=InnoDB DEFAULT CHARSET=utf8:successful"
2022-12-16 06:21:01 I Pytho Print           "DELETE FROM changes WHERE date='2022-12-16':successful"
2022-12-16 06:21:01 I Pytho Print           "DELETE FROM allchanges WHERE id=10274115:successful"
2022-12-16 06:21:01 I Pytho Print           "DELETE FROM allchanges WHERE id=10228779:successful"
2022-12-16 06:21:01 I Pytho Print           "INSERT INTO changes (                                 rel, status, priority, requester, date, count)                                 SELECT rel, status, priority, requester, '2022-12-16' as date, count((@rn := @rn + 1)) as count FROM allchanges                                 cross join (select @rn := 0) const GROUP BY rel, status, priority, requester:successful"
2022-12-16 06:21:02 I Pytho Print           "CREATE TABLE IF NOT EXISTS designspec (                            rel TEXT, team TEXT, status TEXT, count INT, date text) ENGINE=InnoDB DEFAULT CHARSET=utf8:successful"
2022-12-16 06:21:02 I Pytho Print           "CREATE TABLE IF NOT EXISTS alldesignspec (                             id INT, uniqueid TEXT, name TEXT, status TEXT, rel TEXT, team TEXT) ENGINE=InnoDB DEFAULT CHARSET=utf8:successful"
2022-12-16 06:21:02 I Pytho Print           "DELETE FROM designspec WHERE date='2022-12-16':successful"
2022-12-16 06:21:02 I Pytho Print           "DELETE FROM alldesignspec WHERE id=10287271:successful"
2022-12-16 06:21:02 I Pytho Print           "DELETE FROM alldesignspec WHERE id=8938923:successful"
2022-12-16 06:21:02 I Pytho Print           "INSERT INTO designspec (rel, team, status, count, date) SELECT rel, team, status, count((@rn := @rn + 1)) as count, '2022-12-16' as date FROM alldesignspec cross join (select @rn := 0) const GROUP BY rel, team, status:successful"
2022-12-16 06:21:04 I Pytho Get_alluserstor "[]"
2022-12-16 06:21:04 I Pytho Print           "CREATE TABLE IF NOT EXISTS userstories (                 rel TEXT, status TEXT, count INT, date TEXT) ENGINE=InnoDB DEFAULT CHARSET=utf8:successful"
2022-12-16 06:21:04 I Pytho Print           "CREATE TABLE IF NOT EXISTS alluserstories (                 id INT, uniqueid TEXT, name TEXT, status TEXT, rel TEXT) ENGINE=InnoDB DEFAULT CHARSET=utf8:successful"
2022-12-16 06:21:04 I Pytho Print           "DELETE FROM userstories WHERE date='2022-12-16':successful"
2022-12-16 06:21:04 I Pytho Print           "INSERT INTO userstories (rel, status, count, date) SELECT rel, status, count((@rn := @rn + 1)) as count, '2022-12-16' as date FROM alluserstories cross join (select @rn := 0) const GROUP BY rel, status:successful"
2022-12-16 06:21:51 I Pytho Get_alldefects  "[{'id': 8564335, 'name': '[Video]Video driver will lost when establish a meeting', 'documentKey': 'Pu-BUG-292', 'statusId': 156536, 'status': 'Open', 'teamId': 157047, 'team': 'Video Engineering', 'priorityId': 156534, 'priority': 'Minor', 'upstream': '9779920, 10141974, 10142063, 10142101', 'jira': 'https://jabra1.atlassian.net/browse/PYT-443'}, {'id': 8657630, 'name': "[runtime setting] VIVID HDR can't be restored the default when end call or plug& unplug the devices", 'documentKey': 'Pu-BUG-339', 'statusId': 156536, 'status': 'Open', 'teamId': 157047, 'team': 'Video Engineering', 'priorityId': 156535, 'priority': 'Trivial', 'upstream': '8613089, 9779673, 9835316, 10160142, 8642117, 8613125, 9779669, 9835312', 'jira': 'https://jabra1.atlassian.net/browse/PYT-524'}, {'id': 8691307, 'name': "[Video: Zoom Room] VD can't  always Zoom In the active speaker  after switch to Preset and then click open Auto-framing from controller of Zoom Room", 'documentKey': 'Pu-BUG-369', 'statusId': 156538, 'status': 'Closed', 'teamId': 157047, 'team': 'Video Engineering', 'priorityId': 156534, 'priority': 'Minor', 'upstream': '9118620, 9050739, 9050726, 9056610, 9118711', 'jira': 'https://jabra1.atlassian.net/browse/PYT-571'}, {'id': 8765233, 'name': '[Video,IZ/VD] The video always zoom to one camera sensor', 'documentKey': 'Pu-BUG-389', 'statusId': 156538, 'status': 'Closed', 'teamId': 157047, 'team': 'Video Engineering', 'priorityId': 156534, 'priority': 'Minor', 'upstream': '9368861, 9368866, 9689423', 'jira': 'https://jabra1.atlassian.net/browse/PYT-616'}, {'id': 9131734, 'name': "[Volume control][Zoom Room]can't adjust the volume to the min on Zoom Room system", 'documentKey': 'Pu-BUG-462', 'statusId': 156539, 'status': 'In Progress', 'teamId': 157051, 'team': 'ESW WIFI', 'priorityId': 156534, 'priority': 'Minor', 'upstream': '10033588, 10046662, 9113202, 9775706', 'jira': 'https://jabra1.atlassian.net/browse/PYT-942'}, {'id': 9170021, 'name': "[Video: Zoom Room]VD can't work anymore after VD doesn't work in Auto-framing mode", 'documentKey': 'Pu-BUG-474', 'statusId': 156538, 'status': 'Closed', 'teamId': 157047, 'team': 'Video Engineering', 'priorityId': 156535, 'priority': 'Trivial', 'upstream': '10125379, 10125380, 9118711, 10125381', 'jira': 'https://jabra1.atlassian.net/browse/PYT-978'}, {'id': 9304924, 'name': '[FT,video]On MAC OS 12, Python disconnect and re-connect to PC several times, video stream black screen', 'documentKey': 'Pu-BUG-522', 'statusId': 156538, 'status': 'Closed', 'teamId': 157047, 'team': 'Video Engineering', 'priorityId': 156533, 'priority': 'Major', 'upstream': '9306352', 'jira': 'https://jabra1.atlassian.net/browse/PYT-1122'}, {'id': 9435627, 'name': "[FT, runtime setting] Image quality shouldn't restore to the default value when unplug and plug the device during a video conference", 'documentKey': 'Pu-BUG-584', 'statusId': 156536, 'status': 'Open', 'teamId': 157345, 'team': 'DE SDK', 'priorityId': 156534, 'priority': 'Minor', 'upstream': '9305163, 9779673, 9835316, 10160142, 9305182, 9779669, 9835312, 10160138', 'jira': 'https://jabra1.atlassian.net/browse/PYT-1232'}, {'id': 9449277, 'name': '[VP2 - Normal Mode - Nightly Build 2022_04_13_ab3f03cd2b] Observed Video Flicker (Of Saved Whiteboard) whenever toggled the Whiteboard OFF from JDO', 'documentKey': 'Pu-BUG-591', 'statusId': 156536, 'status': 'Open', 'teamId': 157047, 'team': 'Video Engineering', 'priorityId': 156534, 'priority': 'Minor', 'upstream': '9701701, 9474782, 9474277, 9878311, 9701297, 9775846, 9835320', 'jira': 'https://jabra1.atlassian.net/browse/PYT-1245'}, {'id': 9489430, 'name': '[Video] Camera video lost after recover from sleep mode', 'documentKey': 'Pu-BUG-616', 'statusId': 156536, 'status': 'Open', 'teamId': 157047, 'team': 'Video Engineering', 'priorityId': 156534, 'priority': 'Minor', 'upstream': '9780002, 9780057, 9780062, 9421344', 'jira': 'https://jabra1.atlassian.net/browse/PYT-1324'}, {'id': 9527981, 'name': '[FT, video]Stop and start video stream in meeting, in the host side it can be saw sometimes that flash  a frame of colors', 'documentKey': 'Pu-BUG-634', 'statusId': 156538, 'status': 'Closed', 'teamId': 157047, 'team': 'Video Engineering', 'priorityId': 156534, 'priority': 'Minor', 'upstream': '9780064, 9520136, 9520199, 9619244, 10127439, 10127442, 9779848, 9779858, 9779819', 'jira': 'https://jabra1.atlassian.net/browse/PYT-1379'}, {'id': 9715378, 'name': '[FT,WB] WB video stream for 2 minutes or more time during Teams video meeting, and then switch to main camera ,the video stream flicker for a period of time', 'documentKey': 'Pu-BUG-668', 'statusId': 156538, 'status': 'Closed', 'teamId': 157047, 'team': 'Video Engineering', 'priorityId': 156533, 'priority': 'Major', 'upstream': '9915614, 9878201, 9835320', 'jira': 'https://jabra1.atlassian.net/browse/PYT-1535'}, {'id': 9718955, 'name': 'Observed flash on WB Preset video stream for 1 second while performing video stop and start in Teams call', 'documentKey': 'Pu-BUG-670', 'statusId': 156536, 'status': 'Open', 'teamId': 157047, 'team': 'Video Engineering', 'priorityId': 156534, 'priority': 'Minor', 'upstream': '9701786, 9835320', 'jira': 'https://jabra1.atlassian.net/browse/PYT-1537'}, {'id': 9721005, 'name': '[DQT] Elux6 prompts" UPDATE FAILED. ATTEMPT RECOVERY" when python upgrade and downgrade', 'documentKey': 'Pu-BUG-673', 'statusId': 156539, 'status': 'In Progress', 'teamId': 157051, 'team': 'ESW WIFI', 'priorityId': 156534, 'priority': 'Minor', 'upstream': '8936908, 9619457, 10089943, 10089949', 'jira': 'https://jabra1.atlassian.net/browse/PYT-1541'}, {'id': 9855173, 'name': '[NTPsec] line 1 still can be seen in ntp servers list after it is disabled', 'documentKey': 'Pu-BUG-690', 'statusId': 156538, 'status': 'Closed', 'teamId': 157051, 'team': 'ESW WIFI', 'priorityId': 156535, 'priority': 'Trivial', 'upstream': '', 'jira': 'https://jabra1.atlassian.net/browse/PYT-1601'}, {'id': 9855183, 'name': '[NTPsec] Line 2 is not exist after configed', 'documentKey': 'Pu-BUG-691', 'statusId': 156538, 'status': 'Closed', 'teamId': 157051, 'team': 'ESW WIFI', 'priorityId': 156535, 'priority': 'Trivial', 'upstream': '', 'jira': 'https://jabra1.atlassian.net/browse/PYT-1602'}, {'id': 9857782, 'name': '[FT,WB]Video freezes when toggling WHITEBOARD[ON/OFF] by JDO camera controller repeatedly ', 'documentKey': 'Pu-BUG-693', 'statusId': 156538, 'status': 'Closed', 'teamId': 157047, 'team': 'Video Engineering', 'priorityId': 156534, 'priority': 'Minor', 'upstream': '9835320', 'jira': 'https://jabra1.atlassian.net/browse/PYT-1606'}, {'id': 9858826, 'name': '[FT,WB]Video stream went black when switching between content camera and main camera in active teams call (DUT video is mode1) - Rev J.', 'documentKey': 'Pu-BUG-694', 'statusId': 156538, 'status': 'Closed', 'teamId': 157047, 'team': 'Video Engineering', 'priorityId': 156533, 'priority': 'Major', 'upstream': '9835320', 'jira': 'https://jabra1.atlassian.net/browse/PYT-1607'}, {'id': 9974947, 'name': '[DQT][New HW-SE1] python New HW downgrade disallowed on Linux', 'documentKey': 'Pu-BUG-734', 'statusId': 156538, 'status': 'Closed', 'teamId': 157051, 'team': 'ESW WIFI', 'priorityId': 156533, 'priority': 'Major', 'upstream': '9623593, 9775782, 9775779, 9775783, 9775785', 'jira': 'https://jabra1.atlassian.net/browse/PYT-1762'}, {'id': 9985240, 'name': '[FT, Audio] DUT plays a  loud sound  "cracking noise" in playing prompt tones scenarios occasionally . ', 'documentKey': 'Pu-BUG-738', 'statusId': 156538, 'status': 'Closed', 'teamId': 157051, 'team': 'ESW WIFI', 'priorityId': 156534, 'priority': 'Minor', 'upstream': '', 'jira': 'https://jabra1.atlassian.net/browse/PYT-1773'}, {'id': 10032476, 'name': "[FT,longevity/4.1.4/4.1.5]After overnight Teams meeting, Intelligent Zoom can't work", 'documentKey': 'Pu-BUG-744', 'statusId': 156536, 'status': 'Open', 'teamId': 157047, 'team': 'Video Engineering', 'priorityId': 156533, 'priority': 'Major', 'upstream': '10126586, 10126596, 10046438, 10234884, 10234876, 10234881, 10249703, 10249710', 'jira': 'https://jabra1.atlassian.net/browse/PYT-1798'}, {'id': 10075670, 'name': '[OS: ChromeOS]Video freezing and then MX will reboot  when wake up PC from sleep during Teams video meeting call', 'documentKey': 'Pu-BUG-750', 'statusId': 156536, 'status': 'Open', 'teamId': 157047, 'team': 'Video Engineering', 'priorityId': 156534, 'priority': 'Minor', 'upstream': '9421029, 9421153, 9421265, 10033183', 'jira': 'https://jabra1.atlassian.net/browse/PYT-1889'}, {'id': 10079432, 'name': 'MTR updater failure', 'documentKey': 'Pu-BUG-754', 'statusId': 156536, 'status': 'Open', 'teamId': 157345, 'team': 'DE SDK', 'priorityId': 156533, 'priority': 'Major', 'upstream': '', 'jira': 'https://jabra1.atlassian.net/browse/PYT-1898'}, {'id': 10155695, 'name': '[VP3] Observed MX Reboot (I2C write error - assuming MX is rebooting) while video is streaming', 'documentKey': 'Pu-BUG-767', 'statusId': 156537, 'status': 'Resolved', 'teamId': 157047, 'team': 'Video Engineering', 'priorityId': 156533, 'priority': 'Major', 'upstream': '10153856, 10126585, 10126596, 10126601, 10125599, 10126527, 10126559, 10124682, 10126531, 10126530, 10207824, 10234884, 10234802, 10234882, 10234805, 10234885, 10249709, 10234874, 10234883, 10234801', 'jira': 'https://jabra1.atlassian.net/browse/PYT-2048'}, {'id': 10164468, 'name': 'Observed Video Freeze when DUT is placed in Longevity .', 'documentKey': 'Pu-BUG-772', 'statusId': 156537, 'status': 'Resolved', 'teamId': 157047, 'team': 'Video Engineering', 'priorityId': 156533, 'priority': 'Major', 'upstream': '', 'jira': 'https://jabra1.atlassian.net/browse/PYT-2056'}, {'id': 10170649, 'name': 'ZD#315137 | P50 shows green display in MS teams(both client and Web) in VDI environment', 'documentKey': 'Pu-BUG-775', 'statusId': 156536, 'status': 'Open', 'teamId': 157047, 'team': 'Video Engineering', 'priorityId': 156532, 'priority': 'Critical', 'upstream': '', 'jira': 'https://jabra1.atlassian.net/browse/PYT-2084'}, {'id': 10187192, 'name': 'CTO Fail_Error while ejecting Jabra Mass storage device', 'documentKey': 'Pu-BUG-782', 'statusId': 156538, 'status': 'Closed', 'teamId': 157051, 'team': 'ESW WIFI', 'priorityId': 156532, 'priority': 'Critical', 'upstream': '', 'jira': 'https://jabra1.atlassian.net/browse/PYT-2106'}, {'id': 10188642, 'name': '[Longevity]IGV video stream for one night, observe the whole device reboot from log', 'documentKey': 'Pu-BUG-783', 'statusId': 156537, 'status': 'Resolved', 'teamId': 157047, 'team': 'Video Engineering', 'priorityId': 156533, 'priority': 'Major', 'upstream': '10196754, 10123973', 'jira': 'https://jabra1.atlassian.net/browse/PYT-2110'}, {'id': 10192430, 'name': 'Microphones and Speakers fail to get detected by UC Application ', 'documentKey': 'Pu-BUG-785', 'statusId': 156538, 'status': 'Closed', 'teamId': 157051, 'team': 'ESW WIFI', 'priorityId': 156534, 'priority': 'Minor', 'upstream': '', 'jira': 'https://jabra1.atlassian.net/browse/PYT-2121'}, {'id': 10200665, 'name': '[PC IOP] PC hibernates when python is playing music, python could not auto play music after PC wakes up', 'documentKey': 'Pu-BUG-787', 'statusId': 156536, 'status': 'Open', 'teamId': 157051, 'team': 'ESW WIFI', 'priorityId': 156534, 'priority': 'Minor', 'upstream': '10123943, 10123962, 10123973', 'jira': 'https://jabra1.atlassian.net/browse/PYT-2126'}, {'id': 10201069, 'name': '[IOP,Dock] Python could not enumerate video driver when connects with Targus Dock430/Dock180 to PC.', 'documentKey': 'Pu-BUG-788', 'statusId': 156537, 'status': 'Resolved', 'teamId': 157051, 'team': 'ESW WIFI', 'priorityId': 156534, 'priority': 'Minor', 'upstream': '10123943, 10123973', 'jira': 'https://jabra1.atlassian.net/browse/PYT-2127'}, {'id': 10203811, 'name': '[Longevity]mode2a video stream for 2 days,15h and 49m, observe that the image color turns to green and the middle lens cant work, switch resolution MX reboot', 'documentKey': 'Pu-BUG-789', 'statusId': 156536, 'status': 'Open', 'teamId': 157047, 'team': 'Video Engineering', 'priorityId': 156533, 'priority': 'Major', 'upstream': '10234805', 'jira': 'https://jabra1.atlassian.net/browse/PYT-2128'}, {'id': 10209433, 'name': '[Core Dump] Panic detected (newport core_dump on 5.0.4)', 'documentKey': 'Pu-BUG-791', 'statusId': 156538, 'status': 'Closed', 'teamId': 157051, 'team': 'ESW WIFI', 'priorityId': 156534, 'priority': 'Minor', 'upstream': '', 'jira': 'https://jabra1.atlassian.net/browse/PYT-2139'}, {'id': 10211178, 'name': '[JDO Python VP3] Many reboots required to correctly setup network connection', 'documentKey': 'Pu-BUG-793', 'statusId': 156538, 'status': 'Closed', 'teamId': 157051, 'team': 'ESW WIFI', 'priorityId': 156535, 'priority': 'Trivial', 'upstream': '', 'jira': 'https://jabra1.atlassian.net/browse/PYT-2144'}, {'id': 10214736, 'name': 'Upgrading to firmware 5.0.4 garbles the Ethernet MAC address', 'documentKey': 'Pu-BUG-796', 'statusId': 156539, 'status': 'In Progress', 'teamId': 157051, 'team': 'ESW WIFI', 'priorityId': 156531, 'priority': 'Blocker', 'upstream': '', 'jira': 'https://jabra1.atlassian.net/browse/PYT-2149'}, {'id': 10218667, 'name': '[Panic]log shows panic code:1:00000080 2:0000023D/573 3:00000000 4:00000000 5:00000000', 'documentKey': 'Pu-BUG-797', 'statusId': 156536, 'status': 'Open', 'teamId': 157051, 'team': 'ESW WIFI', 'priorityId': 156534, 'priority': 'Minor', 'upstream': '10123973', 'jira': 'https://jabra1.atlassian.net/browse/PYT-2154'}, {'id': 10236084, 'name': '[Python-VP3 -SE1 M-5.0.4] - IZ is going to Auto OFF in JDO Camera Controller when JPC 50 Video streaming from RCT with 1080p MJPG on USB 2.0', 'documentKey': 'Pu-BUG-799', 'statusId': 156536, 'status': 'Open', 'teamId': 157047, 'team': 'Video Engineering', 'priorityId': 156533, 'priority': 'Major', 'upstream': '', 'jira': 'https://jabra1.atlassian.net/browse/PYT-2167'}, {'id': 10247839, 'name': '[FT, JDO setting] The Video transition style is always display smooth, although change it to immediate', 'documentKey': 'Pu-BUG-800', 'statusId': 156538, 'status': 'Closed', 'teamId': 157047, 'team': 'Video Engineering', 'priorityId': 156534, 'priority': 'Minor', 'upstream': '', 'jira': 'https://jabra1.atlassian.net/browse/PYT-2183'}, {'id': 10248430, 'name': '[FT,JDO setting]There is a setting Playback device type in JDO/JXO for version5.0.4, but Python has no function related to this setting, please confirm', 'documentKey': 'Pu-BUG-801', 'statusId': 156536, 'status': 'Open', 'teamId': 156571, 'team': 'DE Online', 'priorityId': 156533, 'priority': 'Major', 'upstream': '', 'jira': 'https://jabra1.atlassian.net/browse/PYT-2186'}, {'id': 10258778, 'name': '[DQT]DQT for Python SE1-M failed on Elux6.*', 'documentKey': 'Pu-BUG-805', 'statusId': 156539, 'status': 'In Progress', 'teamId': 157344, 'team': 'DE Integration', 'priorityId': 156533, 'priority': 'Major', 'upstream': '10122716, 10160375, 10160378, 10160374', 'jira': 'https://jabra1.atlassian.net/browse/PYT-2196'}, {'id': 10265881, 'name': 'Discoloration on optical head', 'documentKey': 'Pu-BUG-806', 'statusId': 156536, 'status': 'Open', 'teamId': 156574, 'team': 'QA', 'priorityId': 156533, 'priority': 'Major', 'upstream': '4968417, 10204894', 'jira': 'https://jabra1.atlassian.net/browse/PYT-2216'}, {'id': 10277247, 'name': 'Unable to Accept Call and End Call using Remote Control with Teams app on Linux', 'documentKey': 'Pu-BUG-807', 'statusId': 156539, 'status': 'In Progress', 'teamId': 157051, 'team': 'ESW WIFI', 'priorityId': 156534, 'priority': 'Minor', 'upstream': '', 'jira': 'https://jabra1.atlassian.net/browse/PYT-2197'}, {'id': 10277557, 'name': '[Python-VP3-5.0.4] Observed soft video freeze in JPC 50 Content Camera when left over in Longevity. JPC 50 is streaming without any issues', 'documentKey': 'Pu-BUG-808', 'statusId': 156536, 'status': 'Open', 'teamId': 157047, 'team': 'Video Engineering', 'priorityId': 156533, 'priority': 'Major', 'upstream': '', 'jira': 'https://jabra1.atlassian.net/browse/PYT-2210'}, {'id': 10307153, 'name': 'Resetting image controls to factory defaults not working', 'documentKey': 'Pu-BUG-809', 'statusId': 156536, 'status': 'Open', 'teamId': 157047, 'team': 'Video Engineering', 'priorityId': 156533, 'priority': 'Major', 'upstream': '', 'jira': 'https://jabra1.atlassian.net/browse/PYT-2249'}, {'id': 10313263, 'name': 'Python SE1 Hanging after SW Update', 'documentKey': 'Pu-BUG-810', 'statusId': 156536, 'status': 'Open', 'teamId': 157051, 'team': 'ESW WIFI', 'priorityId': 156535, 'priority': 'Trivial', 'upstream': '', 'jira': 'https://jabra1.atlassian.net/browse/PYT-2258'}, {'id': 10322473, 'name': '[Core Dump] Panic code 165D/5725 detected (newport core_dump on 5.0.4)', 'documentKey': 'Pu-BUG-811', 'statusId': 156536, 'status': 'Open', 'teamId': 157051, 'team': 'ESW WIFI', 'priorityId': 156535, 'priority': 'Trivial', 'upstream': '', 'jira': 'https://jabra1.atlassian.net/browse/PYT-2276'}, {'id': 10345356, 'name': '[NTPsec] sometimes fails to connect to a time server', 'documentKey': 'Pu-BUG-812', 'statusId': 156536, 'status': 'Open', 'teamId': 157051, 'team': 'ESW WIFI', 'priorityId': 156535, 'priority': 'Trivial', 'upstream': '', 'jira': 'https://jabra1.atlassian.net/browse/PYT-2313'}]"
2022-12-16 06:21:51 I Pytho Print           "CREATE TABLE IF NOT EXISTS defects (                     rel TEXT, team TEXT, status TEXT, priority TEXT, count INT, date TEXT) ENGINE=InnoDB DEFAULT CHARSET=utf8:successful"
2022-12-16 06:21:51 I Pytho Print           "CREATE TABLE IF NOT EXISTS alldefects (                     id INT, uniqueid TEXT, name TEXT, status TEXT, rel TEXT, team TEXT, priority TEXT, jira TEXT, upstream TEXT) ENGINE=InnoDB DEFAULT CHARSET=utf8:successful"
2022-12-16 06:21:51 I Pytho Print           "DELETE FROM defects WHERE date='2022-12-16':successful"
2022-12-16 06:21:51 I Pytho Print           "DELETE FROM alldefects WHERE id = 15354117:successful"
2022-12-16 06:21:51 I Pytho Print           "DELETE FROM alldefects WHERE id = 8564335:successful"
2022-12-16 06:21:51 I Pytho Print           "DELETE FROM alldefects WHERE id = 8657630:successful"
2022-12-16 06:21:51 I Pytho Print           "DELETE FROM alldefects WHERE id = 8691307:successful"
2022-12-16 06:21:51 I Pytho Print           "DELETE FROM alldefects WHERE id = 8765233:successful"
2022-12-16 06:21:51 I Pytho Print           "DELETE FROM alldefects WHERE id = 9131734:successful"
2022-12-16 06:21:51 I Pytho Print           "DELETE FROM alldefects WHERE id = 9170021:successful"
2022-12-16 06:21:51 I Pytho Print           "DELETE FROM alldefects WHERE id = 9304924:successful"
2022-12-16 06:21:51 I Pytho Print           "DELETE FROM alldefects WHERE id = 9435627:successful"
2022-12-16 06:21:51 I Pytho Print           "DELETE FROM alldefects WHERE id = 9449277:successful"
2022-12-16 06:21:51 I Pytho Print           "DELETE FROM alldefects WHERE id = 9489430:successful"
2022-12-16 06:21:51 I Pytho Print           "DELETE FROM alldefects WHERE id = 9527981:successful"
2022-12-16 06:21:51 I Pytho Print           "DELETE FROM alldefects WHERE id = 9715378:successful"
2022-12-16 06:21:51 I Pytho Print           "DELETE FROM alldefects WHERE id = 9718955:successful"
2022-12-16 06:21:51 I Pytho Print           "DELETE FROM alldefects WHERE id = 9721005:successful"
2022-12-16 06:21:51 I Pytho Print           "DELETE FROM alldefects WHERE id = 9855173:successful"
2022-12-16 06:21:51 I Pytho Print           "DELETE FROM alldefects WHERE id = 9855183:successful"
2022-12-16 06:21:51 I Pytho Print           "DELETE FROM alldefects WHERE id = 9857782:successful"
2022-12-16 06:21:51 I Pytho Print           "DELETE FROM alldefects WHERE id = 9858826:successful"
2022-12-16 06:21:51 I Pytho Print           "DELETE FROM alldefects WHERE id = 9974947:successful"
2022-12-16 06:21:51 I Pytho Print           "DELETE FROM alldefects WHERE id = 9985240:successful"
2022-12-16 06:21:51 I Pytho Print           "DELETE FROM alldefects WHERE id = 10032476:successful"
2022-12-16 06:21:51 I Pytho Print           "DELETE FROM alldefects WHERE id = 10075670:successful"
2022-12-16 06:21:51 I Pytho Print           "DELETE FROM alldefects WHERE id = 10079432:successful"
2022-12-16 06:21:51 I Pytho Print           "DELETE FROM alldefects WHERE id = 10155695:successful"
2022-12-16 06:21:51 I Pytho Print           "DELETE FROM alldefects WHERE id = 10164468:successful"
2022-12-16 06:21:51 I Pytho Print           "DELETE FROM alldefects WHERE id = 10170649:successful"
2022-12-16 06:21:51 I Pytho Print           "DELETE FROM alldefects WHERE id = 10187192:successful"
2022-12-16 06:21:51 I Pytho Print           "DELETE FROM alldefects WHERE id = 10188642:successful"
2022-12-16 06:21:51 I Pytho Print           "DELETE FROM alldefects WHERE id = 10192430:successful"
2022-12-16 06:21:51 I Pytho Print           "DELETE FROM alldefects WHERE id = 10200665:successful"
2022-12-16 06:21:51 I Pytho Print           "DELETE FROM alldefects WHERE id = 10201069:successful"
2022-12-16 06:21:51 I Pytho Print           "DELETE FROM alldefects WHERE id = 10203811:successful"
2022-12-16 06:21:51 I Pytho Print           "DELETE FROM alldefects WHERE id = 10209433:successful"
2022-12-16 06:21:51 I Pytho Print           "DELETE FROM alldefects WHERE id = 10211178:successful"
2022-12-16 06:21:51 I Pytho Print           "DELETE FROM alldefects WHERE id = 10214736:successful"
2022-12-16 06:21:51 I Pytho Print           "DELETE FROM alldefects WHERE id = 10218667:successful"
2022-12-16 06:21:51 I Pytho Print           "DELETE FROM alldefects WHERE id = 10236084:successful"
2022-12-16 06:21:51 I Pytho Print           "DELETE FROM alldefects WHERE id = 10247839:successful"
2022-12-16 06:21:51 I Pytho Print           "DELETE FROM alldefects WHERE id = 10248430:successful"
2022-12-16 06:21:51 I Pytho Print           "DELETE FROM alldefects WHERE id = 10258778:successful"
2022-12-16 06:21:51 I Pytho Print           "DELETE FROM alldefects WHERE id = 10265881:successful"
2022-12-16 06:21:51 I Pytho Print           "DELETE FROM alldefects WHERE id = 10277247:successful"
2022-12-16 06:21:51 I Pytho Print           "DELETE FROM alldefects WHERE id = 10277557:successful"
2022-12-16 06:21:51 I Pytho Print           "DELETE FROM alldefects WHERE id = 10307153:successful"
2022-12-16 06:21:51 I Pytho Print           "DELETE FROM alldefects WHERE id = 10313263:successful"
2022-12-16 06:21:51 I Pytho Print           "DELETE FROM alldefects WHERE id = 10322473:successful"
2022-12-16 06:21:51 I Pytho Print           "DELETE FROM alldefects WHERE id = 10345356:successful"
2022-12-16 06:21:51 I Pytho Print           "Not enough parameters for the SQL statement"
2022-12-16 06:21:51 I Pytho Print           "INSERT INTO defects (rel, team, status, count, date, priority) SELECT rel, team, status, count((@rn := @rn + 1)) as count, '2022-12-16' as date, priority FROM alldefects cross join (select @rn := 0) const GROUP BY rel, team, status, priority:successful"
2022-12-16 06:26:03 I Pytho get_multipickli "Unassigned don't find the mainteam name from G_parameter"
2022-12-16 06:26:06 I Pytho get_multipickli "Unassigned don't find the mainteam name from G_parameter"
2022-12-16 06:26:34 I Pytho get_multipickli "Unassigned don't find the mainteam name from G_parameter"
2022-12-16 06:26:40 I Pytho get_multipickli "Unassigned don't find the mainteam name from G_parameter"
2022-12-16 06:26:58 I Pytho get_multipickli "Unassigned don't find the mainteam name from G_parameter"
2022-12-16 06:27:52 E Pytho Print           "HTTPSConnectionPool(host='jabra.jamacloud.com', port=443): Max retries exceeded with url: /rest/v1/items/8310982/upstreamrelationships (Caused by NewConnectionError('<urllib3.connection.VerifiedHTTPSConnection object at 0x0FFFAA50>: Failed to establish a new connection: [Errno 11001] getaddrinfo failed'))"
2022-12-16 06:28:00 I Pytho get_multipickli "Digital Experience  SDK don't find the mainteam name from G_parameter"
2022-12-16 06:28:04 I Pytho get_multipickli "Unassigned don't find the mainteam name from G_parameter"
2022-12-16 06:29:56 I Pytho get_multipickli "Unassigned don't find the mainteam name from G_parameter"
2022-12-16 06:32:51 I Pytho get_multipickli "Digital Experience  SDK don't find the mainteam name from G_parameter"
2022-12-16 06:32:53 I Pytho get_multipickli "Digital Experience  SDK don't find the mainteam name from G_parameter"
2022-12-16 06:32:55 I Pytho get_multipickli "Digital Experience  SDK don't find the mainteam name from G_parameter"
2022-12-16 06:32:56 I Pytho get_multipickli "Digital Experience  SDK don't find the mainteam name from G_parameter"
2022-12-16 06:34:33 I Pytho get_multipickli "Unassigned don't find the mainteam name from G_parameter"
2022-12-16 06:35:24 I Pytho get_multipickli "ESW Platform Test don't find the mainteam name from G_parameter"
2022-12-16 06:35:55 I Pytho get_multipickli "Digital Experience  SDK don't find the mainteam name from G_parameter"
2022-12-16 06:35:57 I Pytho get_multipickli "Digital Experience  SDK don't find the mainteam name from G_parameter"
2022-12-16 06:35:58 I Pytho get_multipickli "Digital Experience  SDK don't find the mainteam name from G_parameter"
2022-12-16 06:36:03 I Pytho get_multipickli "Digital Experience  SDK don't find the mainteam name from G_parameter"
2022-12-16 06:36:06 I Pytho get_multipickli "Digital Experience  SDK don't find the mainteam name from G_parameter"
2022-12-16 06:36:24 I Pytho get_multipickli "ESW Platform Test don't find the mainteam name from G_parameter"
2022-12-16 06:37:37 I Pytho get_multipickli "Digital Experience  Android don't find the mainteam name from G_parameter"
2022-12-16 06:37:38 I Pytho get_multipickli "Digital Experience  IOS don't find the mainteam name from G_parameter"
2022-12-16 06:37:39 I Pytho get_multipickli "Digital Experience  Android don't find the mainteam name from G_parameter"
2022-12-16 06:37:39 I Pytho get_multipickli "Digital Experience  IOS don't find the mainteam name from G_parameter"
2022-12-16 06:38:01 I Pytho get_multipickli "Unassigned don't find the mainteam name from G_parameter"
2022-12-16 06:38:36 I Pytho get_multipickli "Digital Experience  SDK don't find the mainteam name from G_parameter"
2022-12-16 06:38:54 I Pytho get_multipickli "Unassigned don't find the mainteam name from G_parameter"
2022-12-16 06:38:54 I Pytho get_multipickli "Digital Experience  SDK don't find the mainteam name from G_parameter"
2022-12-16 06:39:48 I Pytho get_multipickli "Digital Experience  Android don't find the mainteam name from G_parameter"
2022-12-16 06:39:49 I Pytho get_multipickli "Digital Experience  IOS don't find the mainteam name from G_parameter"
2022-12-16 06:41:57 I Pytho get_multipickli "Digital Experience  SDK don't find the mainteam name from G_parameter"
2022-12-16 06:58:01 I Pytho get_multipickli "Digital Experience  SDK don't find the mainteam name from G_parameter"
2022-12-16 06:58:41 I Pytho get_multipickli "Digital Experience  SDK don't find the mainteam name from G_parameter"
2022-12-16 06:59:01 I Pytho get_multipickli "Unassigned don't find the mainteam name from G_parameter"
2022-12-16 06:59:39 E Pytho Print           "HTTPSConnectionPool(host='jabra.jamacloud.com', port=443): Max retries exceeded with url: /rest/v1/items/8743130/downstreamrelated (Caused by NewConnectionError('<urllib3.connection.VerifiedHTTPSConnection object at 0x0FD7F490>: Failed to establish a new connection: [Errno 11001] getaddrinfo failed'))"
2022-12-16 06:59:41 I Pytho get_multipickli "Digital Experience  SDK don't find the mainteam name from G_parameter"
2022-12-16 06:59:42 I Pytho get_multipickli "Digital Experience  SDK don't find the mainteam name from G_parameter"
2022-12-16 06:59:43 I Pytho get_multipickli "Digital Experience  SDK don't find the mainteam name from G_parameter"
2022-12-16 06:59:47 I Pytho get_multipickli "Digital Experience  SDK don't find the mainteam name from G_parameter"
2022-12-16 07:00:17 I Pytho get_multipickli "Unassigned don't find the mainteam name from G_parameter"
2022-12-16 07:00:22 I Pytho get_multipickli "Unassigned don't find the mainteam name from G_parameter"
2022-12-16 07:00:40 I Pytho get_multipickli "Unassigned don't find the mainteam name from G_parameter"
2022-12-16 07:00:59 I Pytho get_multipickli "Unassigned don't find the mainteam name from G_parameter"
2022-12-16 07:01:09 I Pytho get_multipickli "Unassigned don't find the mainteam name from G_parameter"
2022-12-16 07:01:20 I Pytho get_multipickli "Digital Experience  SDK don't find the mainteam name from G_parameter"
2022-12-16 07:01:53 I Pytho get_multipickli "Unassigned don't find the mainteam name from G_parameter"
2022-12-16 07:01:54 I Pytho Print           "DROP TABLE IF EXISTS allrequirements:successful"
2022-12-16 07:01:54 I Pytho Print           "DROP TABLE IF EXISTS allcoverage:successful"
2022-12-16 07:01:54 I Pytho Print           "CREATE TABLE IF NOT EXISTS requirements (                        rel TEXT, status TEXT, count INT, date TEXT) ENGINE=InnoDB DEFAULT CHARSET=utf8:successful"
2022-12-16 07:01:55 I Pytho Print           "CREATE TABLE IF NOT EXISTS allrequirements (                        id INT, uniqueid TEXT, name TEXT, status TEXT, rel TEXT, upstream TEXT, downstream TEXT, team TEXT, test_status TEXT) ENGINE=InnoDB DEFAULT CHARSET=utf8:successful"
2022-12-16 07:01:55 I Pytho Print           "CREATE TABLE IF NOT EXISTS coverage (                        team text, covered int, expected int, date text) ENGINE=InnoDB DEFAULT CHARSET=utf8:successful"
2022-12-16 07:01:55 I Pytho Print           "CREATE TABLE IF NOT EXISTS allcoverage (                        id INT, uniqueid TEXT, name TEXT, status TEXT, rel TEXT, verify TEXT, missing TEXT) ENGINE=InnoDB DEFAULT CHARSET=utf8:successful"
2022-12-16 07:01:55 I Pytho Print           "DELETE FROM requirements WHERE date='2022-12-16':successful"
2022-12-16 07:01:55 I Pytho Print           "DELETE FROM coverage WHERE date='2022-12-16':successful"
2022-12-16 07:01:55 I Pytho Print           "INSERT INTO requirements (rel, status, count, date) SELECT rel, status, count((@rn := @rn + 1)) as count, '2022-12-16' as date FROM allrequirements cross join (select @rn := 0) const GROUP BY rel, status:successful"
2022-12-16 07:01:55 I Pytho Print           "CREATE TABLE IF NOT EXISTS feattest (rel TEXT, status TEXT, count TEXT, date TEXT) ENGINE=InnoDB DEFAULT CHARSET=utf8:successful"
2022-12-16 07:01:55 I Pytho Print           "CREATE TABLE IF NOT EXISTS reqtest (rel TEXT, status TEXT, count TEXT, date TEXT) ENGINE=InnoDB DEFAULT CHARSET=utf8:successful"
2022-12-16 07:01:55 I Pytho Print           "SELECT id FROM allfeatures:successful"
2022-12-16 07:01:55 I Pytho Print           "SELECT id,upstream,downstream,team FROM allrequirements:successful"
2022-12-16 07:01:55 I Pytho Print           "SELECT id FROM allcoverage:successful"
2022-12-16 07:01:55 I Pytho Print           "SELECT * FROM testcases:successful"
