2023-02-01 09:24:11 I Cypre Print           "Connet 20596 successfully!!!"
2023-02-01 09:24:11 I Cypre Get_alltests    "Get project name:Cypress id:20596 all testplans"
2023-02-01 09:24:15 I Cypre Get_alltests    "{10132963: {'id': 10132963, 'name': 'Audio test plan', 'archived': False, 'index': '10132963:Audio test plan'}, 9464381: {'id': 9464381, 'name': 'ESW Test Plan', 'archived': False, 'index': '9464381:ESW Test Plan'}, 9437977: {'id': 9437977, 'name': 'HW DVT Plan', 'archived': False, 'index': '9437977:HW DVT Plan'}, 9878823: {'id': 9878823, 'name': 'Packaging Test Plan', 'archived': False, 'index': '9878823:Packaging Test Plan'}, 9236187: {'id': 9236187, 'name': 'Product Verification Test Plan', 'archived': False, 'index': '9236187:Product Verification Test Plan'}, 9482881: {'id': 9482881, 'name': 'Regulatory Compliance Plan', 'archived': False, 'index': '9482881:Regulatory Compliance Plan'}, 9527168: {'id': 9527168, 'name': 'RF Test Plan', 'archived': False, 'index': '9527168:RF Test Plan'}}"
2023-02-01 09:24:15 I Cypre Get_alltests    "Get project name:Cypress id:20596 all testplans successful!!!"
2023-02-01 09:29:43 I Cypre tidy_alltestcas "1876"
2023-02-01 09:33:59 I Cypre Print           "DROP TABLE IF EXISTS testcases:successful"
2023-02-01 09:33:59 I Cypre Print           "CREATE TABLE IF NOT EXISTS testcases (                             testplan_id INT,                             testplan_name TEXT,                             testgroup_id INT,                             testgroup_name TEXT,                             testcycle_id INT,                             testcycle_name TEXT,                             rel TEXT,                             id INT,                             uniqueid TEXT,                             name TEXT,                             status TEXT,                             upstream TEXT,                             downstream TEXT,                             executionDate TEXT) ENGINE=InnoDB DEFAULT CHARSET=utf8:successful"
2023-02-01 09:34:00 I Cypre update_database "Insert testcases table successful"
2023-02-01 09:34:00 I Cypre Print           "CREATE TABLE IF NOT EXISTS tests (                             testplan_id INT,                             testplan_name TEXT,                             testplan_status TEXT,                             rel TEXT, status TEXT,                             count INT, date TEXT) ENGINE=InnoDB DEFAULT CHARSET=utf8:successful"
2023-02-01 09:34:00 I Cypre Print           "DELETE FROM tests WHERE date='2023-02-01':successful"
2023-02-01 09:34:00 I Cypre Print           "SELECT testplan_id FROM tests GROUP BY testplan_id:successful"
2023-02-01 09:34:00 I Cypre Print           "SELECT testplan_name FROM tests WHERE testplan_id=10132963 LIMIT 1:successful"
2023-02-01 09:34:00 I Cypre Print           "UPDATE tests SET testplan_status='Active' WHERE testplan_id=10132963:successful"
2023-02-01 09:34:00 I Cypre Print           "SELECT testplan_name FROM tests WHERE testplan_id=9464381 LIMIT 1:successful"
2023-02-01 09:34:00 I Cypre Print           "UPDATE tests SET testplan_status='Active' WHERE testplan_id=9464381:successful"
2023-02-01 09:34:00 I Cypre Print           "SELECT testplan_name FROM tests WHERE testplan_id=9437977 LIMIT 1:successful"
2023-02-01 09:34:00 I Cypre Print           "UPDATE tests SET testplan_status='Active' WHERE testplan_id=9437977:successful"
2023-02-01 09:34:00 I Cypre Print           "SELECT testplan_name FROM tests WHERE testplan_id=9878823 LIMIT 1:successful"
2023-02-01 09:34:00 I Cypre Print           "UPDATE tests SET testplan_status='Active' WHERE testplan_id=9878823:successful"
2023-02-01 09:34:00 I Cypre Print           "SELECT testplan_name FROM tests WHERE testplan_id=9236187 LIMIT 1:successful"
2023-02-01 09:34:00 I Cypre Print           "UPDATE tests SET testplan_status='Active' WHERE testplan_id=9236187:successful"
2023-02-01 09:34:00 I Cypre Print           "SELECT testplan_name FROM tests WHERE testplan_id=9482881 LIMIT 1:successful"
2023-02-01 09:34:00 I Cypre Print           "UPDATE tests SET testplan_status='Active' WHERE testplan_id=9482881:successful"
2023-02-01 09:34:00 I Cypre Print           "SELECT testplan_name FROM tests WHERE testplan_id=9527168 LIMIT 1:successful"
2023-02-01 09:34:00 I Cypre Print           "UPDATE tests SET testplan_status='Active' WHERE testplan_id=9527168:successful"
2023-02-01 09:34:00 I Cypre Print           "INSERT INTO tests (testplan_id, testplan_name, testplan_status, rel, status, count, date) SELECT testplan_id, testplan_name, 'Active' as testplan_status, rel, status, count((@rn := @rn + 1)) as count, '2023-02-01' as date FROM testcases cross join (select @rn := 0) const GROUP BY testplan_id, rel, status:successful"
2023-02-01 09:34:00 I Cypre update_database "Insert tests table successful"
2023-02-01 09:34:00 I Cypre Print           "CREATE TABLE IF NOT EXISTS testapproval (                                 rel TEXT, team TEXT, status TEXT, upstream TEXT, count INT, date TEXT                                 ) ENGINE=InnoDB DEFAULT CHARSET=utf8:successful"
2023-02-01 09:34:00 I Cypre Print           "DROP TABLE IF EXISTS alltestapproval:successful"
2023-02-01 09:34:00 I Cypre Print           "CREATE TABLE IF NOT EXISTS alltestapproval (                                 id INT, uniqueid TEXT, name TEXT, status TEXT, rel TEXT, team TEXT, upstream TEXT                                 ) ENGINE=InnoDB DEFAULT CHARSET=utf8:successful"
2023-02-01 09:34:00 I Cypre Print           "DELETE FROM testapproval WHERE date='2023-02-01':successful"
2023-02-01 09:34:00 I Cypre Print           "INSERT INTO testapproval (rel, team, status, count, date, upstream) SELECT rel, team, status, count((@rn := @rn + 1)) as count, '2023-02-01' as date, upstream FROM alltestapproval cross join (select @rn := 0) const GROUP BY rel, team, status, upstream:successful"
2023-02-01 09:34:04 I Cypre Get_allfeatuers "[]"
2023-02-01 09:34:04 I Cypre Print           "CREATE TABLE IF NOT EXISTS features (                                rel TEXT, status TEXT, count INT, date TEXT) ENGINE=InnoDB DEFAULT CHARSET=utf8:successful"
2023-02-01 09:34:04 I Cypre Print           "CREATE TABLE IF NOT EXISTS allfeatures (                                id INT, uniqueid TEXT, name TEXT, status TEXT, rel TEXT,test_status TEXT) ENGINE=InnoDB DEFAULT CHARSET=utf8:successful"
2023-02-01 09:34:04 I Cypre Print           "DELETE FROM features WHERE date='2023-02-01':successful"
2023-02-01 09:34:04 I Cypre Print           "DELETE FROM allfeatures WHERE id=18970216:successful"
2023-02-01 09:34:04 I Cypre Print           "DELETE FROM allfeatures WHERE id=18942693:successful"
2023-02-01 09:34:04 I Cypre Print           "DELETE FROM allfeatures WHERE id=18747239:successful"
2023-02-01 09:34:04 I Cypre Print           "DELETE FROM allfeatures WHERE id=18461166:successful"
2023-02-01 09:34:04 I Cypre Print           "DELETE FROM allfeatures WHERE id=18359586:successful"
2023-02-01 09:34:04 I Cypre Print           "DELETE FROM allfeatures WHERE id=17606202:successful"
2023-02-01 09:34:04 I Cypre Print           "DELETE FROM allfeatures WHERE id=17606128:successful"
2023-02-01 09:34:04 I Cypre Print           "DELETE FROM allfeatures WHERE id=17605354:successful"
2023-02-01 09:34:04 I Cypre Print           "INSERT INTO features (rel, status, count, date)                                 SELECT rel, status, count((@rn := @rn + 1)) as count, '2023-02-01' as date FROM allfeatures cross join (select @rn := 0) const GROUP BY rel, status:successful"
2023-02-01 09:34:07 I Cypre Get_allchangere "[{'id': 10370475, 'name': 'Cypress app configuration update', 'documentKey': 'Cyp-CR-17', 'statusId': 156410, 'status': 'Approved', 'priorityId': 156643, 'priority': 'Not defined', 'req': 'UX'}]"
2023-02-01 09:34:07 I Cypre Print           "CREATE TABLE IF NOT EXISTS changes (                                 rel TEXT, status TEXT, priority TEXT,                                 requester TEXT, date TEXT, count INT) ENGINE=InnoDB DEFAULT CHARSET=utf8:successful"
2023-02-01 09:34:07 I Cypre Print           "CREATE TABLE IF NOT EXISTS allchanges (                                 id INT, uniqueid TEXT, name TEXT,                                 status TEXT, rel TEXT, priority TEXT,                                 requester TEXT) ENGINE=InnoDB DEFAULT CHARSET=utf8:successful"
2023-02-01 09:34:07 I Cypre Print           "DELETE FROM changes WHERE date='2023-02-01':successful"
2023-02-01 09:34:07 I Cypre Print           "DELETE FROM allchanges WHERE id=10370475:successful"
2023-02-01 09:34:08 I Cypre Print           "INSERT INTO changes (                                 rel, status, priority, requester, date, count)                                 SELECT rel, status, priority, requester, '2023-02-01' as date, count((@rn := @rn + 1)) as count FROM allchanges                                 cross join (select @rn := 0) const GROUP BY rel, status, priority, requester:successful"
2023-02-01 09:34:29 I Cypre Print           "CREATE TABLE IF NOT EXISTS designspec (                            rel TEXT, team TEXT, status TEXT, count INT, date text) ENGINE=InnoDB DEFAULT CHARSET=utf8:successful"
2023-02-01 09:34:29 I Cypre Print           "CREATE TABLE IF NOT EXISTS alldesignspec (                             id INT, uniqueid TEXT, name TEXT, status TEXT, rel TEXT, team TEXT) ENGINE=InnoDB DEFAULT CHARSET=utf8:successful"
2023-02-01 09:34:29 I Cypre Print           "DELETE FROM designspec WHERE date='2023-02-01':successful"
2023-02-01 09:34:29 I Cypre Print           "DELETE FROM alldesignspec WHERE id=9872474:successful"
2023-02-01 09:34:29 I Cypre Print           "DELETE FROM alldesignspec WHERE id=10338869:successful"
2023-02-01 09:34:29 I Cypre Print           "DELETE FROM alldesignspec WHERE id=9492245:successful"
2023-02-01 09:34:29 I Cypre Print           "DELETE FROM alldesignspec WHERE id=10341269:successful"
2023-02-01 09:34:29 I Cypre Print           "DELETE FROM alldesignspec WHERE id=10341742:successful"
2023-02-01 09:34:29 I Cypre Print           "DELETE FROM alldesignspec WHERE id=10338927:successful"
2023-02-01 09:34:29 I Cypre Print           "DELETE FROM alldesignspec WHERE id=10341060:successful"
2023-02-01 09:34:29 I Cypre Print           "DELETE FROM alldesignspec WHERE id=10375839:successful"
2023-02-01 09:34:29 I Cypre Print           "DELETE FROM alldesignspec WHERE id=9517280:successful"
2023-02-01 09:34:29 I Cypre Print           "DELETE FROM alldesignspec WHERE id=9517387:successful"
2023-02-01 09:34:29 I Cypre Print           "DELETE FROM alldesignspec WHERE id=10341813:successful"
2023-02-01 09:34:29 I Cypre Print           "DELETE FROM alldesignspec WHERE id=10341803:successful"
2023-02-01 09:34:29 I Cypre Print           "DELETE FROM alldesignspec WHERE id=9872532:successful"
2023-02-01 09:34:29 I Cypre Print           "DELETE FROM alldesignspec WHERE id=9866975:successful"
2023-02-01 09:34:29 I Cypre Print           "DELETE FROM alldesignspec WHERE id=9867199:successful"
2023-02-01 09:34:29 I Cypre Print           "DELETE FROM alldesignspec WHERE id=10335009:successful"
2023-02-01 09:34:29 I Cypre Print           "DELETE FROM alldesignspec WHERE id=10375101:successful"
2023-02-01 09:34:29 I Cypre Print           "DELETE FROM alldesignspec WHERE id=10375038:successful"
2023-02-01 09:34:29 I Cypre Print           "DELETE FROM alldesignspec WHERE id=10335180:successful"
2023-02-01 09:34:29 I Cypre Print           "DELETE FROM alldesignspec WHERE id=10337086:successful"
2023-02-01 09:34:29 I Cypre Print           "DELETE FROM alldesignspec WHERE id=10375069:successful"
2023-02-01 09:34:29 I Cypre Print           "DELETE FROM alldesignspec WHERE id=10337143:successful"
2023-02-01 09:34:29 I Cypre Print           "INSERT INTO designspec (rel, team, status, count, date) SELECT rel, team, status, count((@rn := @rn + 1)) as count, '2023-02-01' as date FROM alldesignspec cross join (select @rn := 0) const GROUP BY rel, team, status:successful"
2023-02-01 09:34:33 I Cypre Get_alluserstor "[]"
2023-02-01 09:34:33 I Cypre Print           "CREATE TABLE IF NOT EXISTS userstories (                 rel TEXT, status TEXT, count INT, date TEXT) ENGINE=InnoDB DEFAULT CHARSET=utf8:successful"
2023-02-01 09:34:33 I Cypre Print           "CREATE TABLE IF NOT EXISTS alluserstories (                 id INT, uniqueid TEXT, name TEXT, status TEXT, rel TEXT) ENGINE=InnoDB DEFAULT CHARSET=utf8:successful"
2023-02-01 09:34:33 I Cypre Print           "DELETE FROM userstories WHERE date='2023-02-01':successful"
2023-02-01 09:34:33 I Cypre Print           "INSERT INTO userstories (rel, status, count, date) SELECT rel, status, count((@rn := @rn + 1)) as count, '2023-02-01' as date FROM alluserstories cross join (select @rn := 0) const GROUP BY rel, status:successful"
2023-02-01 09:37:36 I Cypre Print           "CREATE TABLE IF NOT EXISTS defects (                     rel TEXT, team TEXT, status TEXT, priority TEXT, count INT, date TEXT) ENGINE=InnoDB DEFAULT CHARSET=utf8:successful"
2023-02-01 09:37:36 I Cypre Print           "CREATE TABLE IF NOT EXISTS alldefects (                     id INT, uniqueid TEXT, name TEXT, status TEXT, rel TEXT, team TEXT, priority TEXT, jira TEXT, upstream TEXT) ENGINE=InnoDB DEFAULT CHARSET=utf8:successful"
2023-02-01 09:37:36 I Cypre Print           "DELETE FROM defects WHERE date='2023-02-01':successful"
2023-02-01 09:37:36 I Cypre Print           "DELETE FROM alldefects WHERE id = 10075528:successful"
2023-02-01 09:37:36 I Cypre Print           "DELETE FROM alldefects WHERE id = 10084042:successful"
2023-02-01 09:37:36 I Cypre Print           "DELETE FROM alldefects WHERE id = 10172102:successful"
2023-02-01 09:37:36 I Cypre Print           "DELETE FROM alldefects WHERE id = 10183993:successful"
2023-02-01 09:37:36 I Cypre Print           "DELETE FROM alldefects WHERE id = 10192654:successful"
2023-02-01 09:37:36 I Cypre Print           "DELETE FROM alldefects WHERE id = 10233138:successful"
2023-02-01 09:37:36 I Cypre Print           "DELETE FROM alldefects WHERE id = 10246592:successful"
2023-02-01 09:37:36 I Cypre Print           "DELETE FROM alldefects WHERE id = 10251602:successful"
2023-02-01 09:37:36 I Cypre Print           "DELETE FROM alldefects WHERE id = 10251930:successful"
2023-02-01 09:37:36 I Cypre Print           "DELETE FROM alldefects WHERE id = 10255958:successful"
2023-02-01 09:37:36 I Cypre Print           "DELETE FROM alldefects WHERE id = 10277256:successful"
2023-02-01 09:37:36 I Cypre Print           "DELETE FROM alldefects WHERE id = 10277546:successful"
2023-02-01 09:37:36 I Cypre Print           "DELETE FROM alldefects WHERE id = 10277611:successful"
2023-02-01 09:37:36 I Cypre Print           "DELETE FROM alldefects WHERE id = 10284926:successful"
2023-02-01 09:37:36 I Cypre Print           "DELETE FROM alldefects WHERE id = 10287765:successful"
2023-02-01 09:37:36 I Cypre Print           "DELETE FROM alldefects WHERE id = 10305169:successful"
2023-02-01 09:37:36 I Cypre Print           "DELETE FROM alldefects WHERE id = 10309448:successful"
2023-02-01 09:37:36 I Cypre Print           "DELETE FROM alldefects WHERE id = 10310201:successful"
2023-02-01 09:37:36 I Cypre Print           "DELETE FROM alldefects WHERE id = 10314280:successful"
2023-02-01 09:37:36 I Cypre Print           "DELETE FROM alldefects WHERE id = 10314457:successful"
2023-02-01 09:37:36 I Cypre Print           "DELETE FROM alldefects WHERE id = 10325630:successful"
2023-02-01 09:37:36 I Cypre Print           "DELETE FROM alldefects WHERE id = 10329088:successful"
2023-02-01 09:37:36 I Cypre Print           "DELETE FROM alldefects WHERE id = 10331177:successful"
2023-02-01 09:37:36 I Cypre Print           "DELETE FROM alldefects WHERE id = 10334325:successful"
2023-02-01 09:37:36 I Cypre Print           "DELETE FROM alldefects WHERE id = 10367048:successful"
2023-02-01 09:37:36 I Cypre Print           "DELETE FROM alldefects WHERE id = 10370543:successful"
2023-02-01 09:37:36 I Cypre Print           "DELETE FROM alldefects WHERE id = 10372506:successful"
2023-02-01 09:37:36 I Cypre Print           "DELETE FROM alldefects WHERE id = 10372512:successful"
2023-02-01 09:37:36 I Cypre Print           "DELETE FROM alldefects WHERE id = 10372667:successful"
2023-02-01 09:37:36 I Cypre Print           "DELETE FROM alldefects WHERE id = 10372816:successful"
2023-02-01 09:37:36 I Cypre Print           "DELETE FROM alldefects WHERE id = 10375701:successful"
2023-02-01 09:37:36 I Cypre Print           "DELETE FROM alldefects WHERE id = 10377145:successful"
2023-02-01 09:37:36 I Cypre Print           "DELETE FROM alldefects WHERE id = 10380425:successful"
2023-02-01 09:37:36 I Cypre Print           "DELETE FROM alldefects WHERE id = 10382782:successful"
2023-02-01 09:37:36 I Cypre Print           "DELETE FROM alldefects WHERE id = 10382821:successful"
2023-02-01 09:37:36 I Cypre Print           "DELETE FROM alldefects WHERE id = 10416050:successful"
2023-02-01 09:37:36 I Cypre Print           "DELETE FROM alldefects WHERE id = 10418142:successful"
2023-02-01 09:37:36 I Cypre Print           "DELETE FROM alldefects WHERE id = 10418438:successful"
2023-02-01 09:37:36 I Cypre Print           "DELETE FROM alldefects WHERE id = 10421752:successful"
2023-02-01 09:37:36 I Cypre Print           "DELETE FROM alldefects WHERE id = 10425319:successful"
2023-02-01 09:37:36 I Cypre Print           "DELETE FROM alldefects WHERE id = 10425337:successful"
2023-02-01 09:37:36 I Cypre Print           "DELETE FROM alldefects WHERE id = 10425369:successful"
2023-02-01 09:37:36 I Cypre Print           "DELETE FROM alldefects WHERE id = 10425645:successful"
2023-02-01 09:37:36 I Cypre Print           "DELETE FROM alldefects WHERE id = 10425650:successful"
2023-02-01 09:37:36 I Cypre Print           "DELETE FROM alldefects WHERE id = 10425657:successful"
2023-02-01 09:37:36 I Cypre Print           "DELETE FROM alldefects WHERE id = 10425660:successful"
2023-02-01 09:37:36 I Cypre Print           "DELETE FROM alldefects WHERE id = 10425671:successful"
2023-02-01 09:37:36 I Cypre Print           "DELETE FROM alldefects WHERE id = 10425695:successful"
2023-02-01 09:37:36 I Cypre Print           "DELETE FROM alldefects WHERE id = 10425702:successful"
2023-02-01 09:37:36 I Cypre Print           "DELETE FROM alldefects WHERE id = 10425716:successful"
2023-02-01 09:37:36 I Cypre Print           "DELETE FROM alldefects WHERE id = 10425724:successful"
2023-02-01 09:37:36 I Cypre Print           "DELETE FROM alldefects WHERE id = 10425729:successful"
2023-02-01 09:37:36 I Cypre Print           "DELETE FROM alldefects WHERE id = 10425752:successful"
2023-02-01 09:37:36 I Cypre Print           "DELETE FROM alldefects WHERE id = 10425761:successful"
2023-02-01 09:37:36 I Cypre Print           "DELETE FROM alldefects WHERE id = 10425948:successful"
2023-02-01 09:37:36 I Cypre Print           "DELETE FROM alldefects WHERE id = 10425957:successful"
2023-02-01 09:37:36 I Cypre Print           "DELETE FROM alldefects WHERE id = 10425969:successful"
2023-02-01 09:37:36 I Cypre Print           "DELETE FROM alldefects WHERE id = 10425983:successful"
2023-02-01 09:37:36 I Cypre Print           "DELETE FROM alldefects WHERE id = 10428463:successful"
2023-02-01 09:37:36 I Cypre Print           "DELETE FROM alldefects WHERE id = 10428474:successful"
2023-02-01 09:37:36 I Cypre Print           "DELETE FROM alldefects WHERE id = 10430026:successful"
2023-02-01 09:37:36 I Cypre Print           "DELETE FROM alldefects WHERE id = 10433007:successful"
2023-02-01 09:37:36 I Cypre Print           "DELETE FROM alldefects WHERE id = 10437333:successful"
2023-02-01 09:37:36 I Cypre Print           "DELETE FROM alldefects WHERE id = 10437340:successful"
2023-02-01 09:37:36 I Cypre Print           "DELETE FROM alldefects WHERE id = 10437347:successful"
2023-02-01 09:37:36 I Cypre Print           "DELETE FROM alldefects WHERE id = 10440647:successful"
2023-02-01 09:37:36 I Cypre Print           "DELETE FROM alldefects WHERE id = 10442503:successful"
2023-02-01 09:37:36 I Cypre Print           "DELETE FROM alldefects WHERE id = 10442519:successful"
2023-02-01 09:37:36 I Cypre Print           "DELETE FROM alldefects WHERE id = 10445934:successful"
2023-02-01 09:37:36 I Cypre Print           "DELETE FROM alldefects WHERE id = 10447081:successful"
2023-02-01 09:37:36 I Cypre Print           "DELETE FROM alldefects WHERE id = 10451980:successful"
2023-02-01 09:37:36 I Cypre Print           "DELETE FROM alldefects WHERE id = 10452084:successful"
2023-02-01 09:37:36 I Cypre Print           "DELETE FROM alldefects WHERE id = 10452575:successful"
2023-02-01 09:37:36 I Cypre Print           "DELETE FROM alldefects WHERE id = 10454972:successful"
2023-02-01 09:37:36 I Cypre Print           "DELETE FROM alldefects WHERE id = 10456519:successful"
2023-02-01 09:37:36 I Cypre Print           "DELETE FROM alldefects WHERE id = 10457388:successful"
2023-02-01 09:37:36 I Cypre Print           "DELETE FROM alldefects WHERE id = 10463654:successful"
2023-02-01 09:37:36 I Cypre Print           "DELETE FROM alldefects WHERE id = 10471914:successful"
2023-02-01 09:37:36 I Cypre Print           "DELETE FROM alldefects WHERE id = 10472931:successful"
2023-02-01 09:37:36 I Cypre Print           "DELETE FROM alldefects WHERE id = 10475832:successful"
2023-02-01 09:37:36 I Cypre Print           "DELETE FROM alldefects WHERE id = 10476744:successful"
2023-02-01 09:37:36 I Cypre Print           "DELETE FROM alldefects WHERE id = 10476931:successful"
2023-02-01 09:37:36 I Cypre Print           "DELETE FROM alldefects WHERE id = 10477017:successful"
2023-02-01 09:37:36 I Cypre Print           "DELETE FROM alldefects WHERE id = 10477051:successful"
2023-02-01 09:37:36 I Cypre Print           "DELETE FROM alldefects WHERE id = 10477111:successful"
2023-02-01 09:37:36 I Cypre Print           "DELETE FROM alldefects WHERE id = 10477783:successful"
2023-02-01 09:37:36 I Cypre Print           "DELETE FROM alldefects WHERE id = 10479904:successful"
2023-02-01 09:37:36 I Cypre Print           "Not enough parameters for the SQL statement"
2023-02-01 09:37:36 I Cypre Print           "INSERT INTO defects (rel, team, status, count, date, priority) SELECT rel, team, status, count((@rn := @rn + 1)) as count, '2023-02-01' as date, priority FROM alldefects cross join (select @rn := 0) const GROUP BY rel, team, status, priority:successful"
2023-02-01 09:44:41 I Cypre get_multipickli "Unassigned don't find the mainteam name from G_parameter"
2023-02-01 09:45:52 I Cypre get_multipickli "Unassigned don't find the mainteam name from G_parameter"
2023-02-01 09:46:01 I Cypre get_multipickli "Unassigned don't find the mainteam name from G_parameter"
2023-02-01 09:46:38 I Cypre get_multipickli "Unassigned don't find the mainteam name from G_parameter"
2023-02-01 09:47:45 I Cypre get_multipickli "Unassigned don't find the mainteam name from G_parameter"
2023-02-01 09:47:50 I Cypre get_multipickli "Unassigned don't find the mainteam name from G_parameter"
2023-02-01 09:47:58 I Cypre get_multipickli "Unassigned don't find the mainteam name from G_parameter"
2023-02-01 09:48:23 I Cypre get_multipickli "Unassigned don't find the mainteam name from G_parameter"
2023-02-01 09:48:31 I Cypre get_multipickli "Unassigned don't find the mainteam name from G_parameter"
2023-02-01 09:48:39 I Cypre get_multipickli "Unassigned don't find the mainteam name from G_parameter"
2023-02-01 09:48:45 I Cypre get_multipickli "Unassigned don't find the mainteam name from G_parameter"
2023-02-01 09:49:33 I Cypre get_multipickli "Unassigned don't find the mainteam name from G_parameter"
2023-02-01 09:49:37 I Cypre get_multipickli "Unassigned don't find the mainteam name from G_parameter"
2023-02-01 09:50:13 I Cypre get_multipickli "Unassigned don't find the mainteam name from G_parameter"
2023-02-01 09:51:39 I Cypre get_multipickli "Unassigned don't find the mainteam name from G_parameter"
2023-02-01 09:51:43 I Cypre get_multipickli "Unassigned don't find the mainteam name from G_parameter"
2023-02-01 09:51:49 I Cypre get_multipickli "Unassigned don't find the mainteam name from G_parameter"
2023-02-01 09:57:02 I Cypre get_multipickli "Unassigned don't find the mainteam name from G_parameter"
2023-02-01 09:58:30 I Cypre get_multipickli "Unassigned don't find the mainteam name from G_parameter"
2023-02-01 09:58:34 I Cypre get_multipickli "Unassigned don't find the mainteam name from G_parameter"
2023-02-01 09:59:03 I Cypre get_multipickli "ESW Platform Test don't find the mainteam name from G_parameter"
2023-02-01 09:59:06 I Cypre get_multipickli "ESW Platform Test don't find the mainteam name from G_parameter"
2023-02-01 09:59:08 I Cypre get_multipickli "ESW Platform Test don't find the mainteam name from G_parameter"
2023-02-01 09:59:19 I Cypre get_multipickli "ESW Platform Test don't find the mainteam name from G_parameter"
2023-02-01 09:59:21 I Cypre get_multipickli "ESW Platform Test don't find the mainteam name from G_parameter"
2023-02-01 09:59:24 I Cypre get_multipickli "ESW Platform Test don't find the mainteam name from G_parameter"
2023-02-01 09:59:27 I Cypre get_multipickli "ESW Platform Test don't find the mainteam name from G_parameter"
2023-02-01 09:59:36 I Cypre get_multipickli "Digital Experience – Android don't find the mainteam name from G_parameter"
2023-02-01 09:59:37 I Cypre get_multipickli "Digital Experience – IOS don't find the mainteam name from G_parameter"
2023-02-01 09:59:41 I Cypre get_multipickli "Digital Experience – Android don't find the mainteam name from G_parameter"
2023-02-01 09:59:41 I Cypre get_multipickli "Digital Experience – IOS don't find the mainteam name from G_parameter"
2023-02-01 10:00:08 I Cypre get_multipickli "Digital Experience – Android don't find the mainteam name from G_parameter"
2023-02-01 10:00:08 I Cypre get_multipickli "Digital Experience – IOS don't find the mainteam name from G_parameter"
2023-02-01 10:00:21 I Cypre get_multipickli "Digital Experience – Android don't find the mainteam name from G_parameter"
2023-02-01 10:00:21 I Cypre get_multipickli "Digital Experience – IOS don't find the mainteam name from G_parameter"
2023-02-01 10:00:29 I Cypre get_multipickli "Digital Experience – Android don't find the mainteam name from G_parameter"
2023-02-01 10:00:29 I Cypre get_multipickli "Digital Experience – IOS don't find the mainteam name from G_parameter"
2023-02-01 10:02:17 I Cypre get_multipickli "Unassigned don't find the mainteam name from G_parameter"
2023-02-01 10:02:30 I Cypre get_multipickli "Digital Experience – Android don't find the mainteam name from G_parameter"
2023-02-01 10:02:30 I Cypre get_multipickli "Digital Experience – IOS don't find the mainteam name from G_parameter"
2023-02-01 10:02:44 I Cypre get_multipickli "Unassigned don't find the mainteam name from G_parameter"
2023-02-01 10:02:45 I Cypre get_multipickli "Digital Experience – SDK don't find the mainteam name from G_parameter"
2023-02-01 10:03:01 I Cypre get_multipickli "Digital Experience – Android don't find the mainteam name from G_parameter"
2023-02-01 10:03:01 I Cypre get_multipickli "Digital Experience – IOS don't find the mainteam name from G_parameter"
2023-02-01 10:03:45 I Cypre get_multipickli "Unassigned don't find the mainteam name from G_parameter"
2023-02-01 10:04:09 I Cypre get_multipickli "Unassigned don't find the mainteam name from G_parameter"
2023-02-01 10:04:20 I Cypre get_multipickli "Unassigned don't find the mainteam name from G_parameter"
2023-02-01 10:04:54 I Cypre get_multipickli "Unassigned don't find the mainteam name from G_parameter"
2023-02-01 10:05:14 I Cypre get_multipickli "Digital Experience – Android don't find the mainteam name from G_parameter"
2023-02-01 10:05:14 I Cypre get_multipickli "Digital Experience – IOS don't find the mainteam name from G_parameter"
2023-02-01 10:05:20 I Cypre get_multipickli "Digital Experience – Android don't find the mainteam name from G_parameter"
2023-02-01 10:05:20 I Cypre get_multipickli "Digital Experience – IOS don't find the mainteam name from G_parameter"
2023-02-01 10:06:05 I Cypre get_multipickli "Unassigned don't find the mainteam name from G_parameter"
2023-02-01 10:06:41 I Cypre get_multipickli "Unassigned don't find the mainteam name from G_parameter"
2023-02-01 10:06:44 I Cypre get_multipickli "Unassigned don't find the mainteam name from G_parameter"
2023-02-01 10:07:06 I Cypre get_multipickli "Digital Experience – Android don't find the mainteam name from G_parameter"
2023-02-01 10:07:06 I Cypre get_multipickli "Digital Experience – IOS don't find the mainteam name from G_parameter"
2023-02-01 10:07:10 I Cypre get_multipickli "Digital Experience – Android don't find the mainteam name from G_parameter"
2023-02-01 10:07:10 I Cypre get_multipickli "Digital Experience – IOS don't find the mainteam name from G_parameter"
2023-02-01 10:07:20 I Cypre get_multipickli "Digital Experience – Android don't find the mainteam name from G_parameter"
2023-02-01 10:07:20 I Cypre get_multipickli "Digital Experience – IOS don't find the mainteam name from G_parameter"
2023-02-01 10:07:23 I Cypre get_multipickli "Digital Experience – Android don't find the mainteam name from G_parameter"
2023-02-01 10:07:23 I Cypre get_multipickli "Digital Experience – IOS don't find the mainteam name from G_parameter"
2023-02-01 10:07:27 I Cypre get_multipickli "Digital Experience – Android don't find the mainteam name from G_parameter"
2023-02-01 10:07:27 I Cypre get_multipickli "Digital Experience – IOS don't find the mainteam name from G_parameter"
2023-02-01 10:07:31 I Cypre get_multipickli "Digital Experience – Android don't find the mainteam name from G_parameter"
2023-02-01 10:07:31 I Cypre get_multipickli "Digital Experience – IOS don't find the mainteam name from G_parameter"
2023-02-01 10:07:33 I Cypre get_multipickli "Digital Experience – Android don't find the mainteam name from G_parameter"
2023-02-01 10:07:33 I Cypre get_multipickli "Digital Experience – IOS don't find the mainteam name from G_parameter"
2023-02-01 10:07:37 I Cypre get_multipickli "Digital Experience – Android don't find the mainteam name from G_parameter"
2023-02-01 10:07:37 I Cypre get_multipickli "Digital Experience – IOS don't find the mainteam name from G_parameter"
2023-02-01 10:07:44 I Cypre get_multipickli "Digital Experience – SDK don't find the mainteam name from G_parameter"
2023-02-01 10:08:17 I Cypre get_multipickli "Digital Experience – Android don't find the mainteam name from G_parameter"
2023-02-01 10:08:17 I Cypre get_multipickli "Digital Experience – IOS don't find the mainteam name from G_parameter"
2023-02-01 10:08:20 I Cypre get_multipickli "Digital Experience – Android don't find the mainteam name from G_parameter"
2023-02-01 10:08:20 I Cypre get_multipickli "Digital Experience – IOS don't find the mainteam name from G_parameter"
2023-02-01 10:08:24 I Cypre get_multipickli "Digital Experience – Android don't find the mainteam name from G_parameter"
2023-02-01 10:08:24 I Cypre get_multipickli "Digital Experience – IOS don't find the mainteam name from G_parameter"
2023-02-01 10:08:57 I Cypre get_multipickli "Unassigned don't find the mainteam name from G_parameter"
2023-02-01 10:09:08 I Cypre get_multipickli "Unassigned don't find the mainteam name from G_parameter"
2023-02-01 10:09:54 I Cypre get_multipickli "Digital Experience – Android don't find the mainteam name from G_parameter"
2023-02-01 10:09:54 I Cypre get_multipickli "Digital Experience – IOS don't find the mainteam name from G_parameter"
2023-02-01 10:10:03 I Cypre get_multipickli "Digital Experience – Android don't find the mainteam name from G_parameter"
2023-02-01 10:10:03 I Cypre get_multipickli "Digital Experience – IOS don't find the mainteam name from G_parameter"
2023-02-01 10:10:39 I Cypre get_multipickli "Unassigned don't find the mainteam name from G_parameter"
2023-02-01 10:11:48 I Cypre Print           "DROP TABLE IF EXISTS allrequirements:successful"
2023-02-01 10:11:48 I Cypre Print           "DROP TABLE IF EXISTS allcoverage:successful"
2023-02-01 10:11:48 I Cypre Print           "CREATE TABLE IF NOT EXISTS requirements (                        rel TEXT, status TEXT, count INT, date TEXT) ENGINE=InnoDB DEFAULT CHARSET=utf8:successful"
2023-02-01 10:11:48 I Cypre Print           "CREATE TABLE IF NOT EXISTS allrequirements (                        id INT, uniqueid TEXT, name TEXT, status TEXT, rel TEXT, upstream TEXT, downstream TEXT, team TEXT, test_status TEXT) ENGINE=InnoDB DEFAULT CHARSET=utf8:successful"
2023-02-01 10:11:48 I Cypre Print           "CREATE TABLE IF NOT EXISTS coverage (                        team text, covered int, expected int, date text) ENGINE=InnoDB DEFAULT CHARSET=utf8:successful"
2023-02-01 10:11:48 I Cypre Print           "CREATE TABLE IF NOT EXISTS allcoverage (                        id INT, uniqueid TEXT, name TEXT, status TEXT, rel TEXT, verify TEXT, missing TEXT) ENGINE=InnoDB DEFAULT CHARSET=utf8:successful"
2023-02-01 10:11:48 I Cypre Print           "DELETE FROM requirements WHERE date='2023-02-01':successful"
2023-02-01 10:11:48 I Cypre Print           "DELETE FROM coverage WHERE date='2023-02-01':successful"
2023-02-01 10:11:48 I Cypre Print           "INSERT INTO requirements (rel, status, count, date) SELECT rel, status, count((@rn := @rn + 1)) as count, '2023-02-01' as date FROM allrequirements cross join (select @rn := 0) const GROUP BY rel, status:successful"
2023-02-01 10:11:48 I Cypre Print           "CREATE TABLE IF NOT EXISTS feattest (rel TEXT, status TEXT, count TEXT, date TEXT) ENGINE=InnoDB DEFAULT CHARSET=utf8:successful"
2023-02-01 10:11:48 I Cypre Print           "CREATE TABLE IF NOT EXISTS reqtest (rel TEXT, status TEXT, count TEXT, date TEXT) ENGINE=InnoDB DEFAULT CHARSET=utf8:successful"
2023-02-01 10:11:48 I Cypre Print           "SELECT id FROM allfeatures:successful"
2023-02-01 10:11:48 I Cypre Print           "SELECT id,upstream,downstream,team FROM allrequirements:successful"
2023-02-01 10:11:48 I Cypre Print           "SELECT id FROM allcoverage:successful"
2023-02-01 10:11:48 I Cypre Print           "SELECT * FROM testcases:successful"
