2023-02-01 09:36:20 I Polar Print           "Connet 20620 successfully!!!"
2023-02-01 09:36:20 I Polar Get_alltests    "Get project name:Polaris id:20620 all testplans"
2023-02-01 09:36:22 I Polar Get_alltests    "{}"
2023-02-01 09:36:22 I Polar Get_alltests    "Get project name:Polaris id:20620 all testplans successful!!!"
2023-02-01 09:36:22 I Polar tidy_alltestcas "0"
2023-02-01 09:36:22 I Polar Print           "DROP TABLE IF EXISTS testcases:successful"
2023-02-01 09:36:22 I Polar Print           "CREATE TABLE IF NOT EXISTS testcases (                             testplan_id INT,                             testplan_name TEXT,                             testgroup_id INT,                             testgroup_name TEXT,                             testcycle_id INT,                             testcycle_name TEXT,                             rel TEXT,                             id INT,                             uniqueid TEXT,                             name TEXT,                             status TEXT,                             upstream TEXT,                             downstream TEXT,                             executionDate TEXT) ENGINE=InnoDB DEFAULT CHARSET=utf8:successful"
2023-02-01 09:36:22 I Polar update_database "Insert testcases table successful"
2023-02-01 09:36:22 I Polar Print           "CREATE TABLE IF NOT EXISTS tests (                             testplan_id INT,                             testplan_name TEXT,                             testplan_status TEXT,                             rel TEXT, status TEXT,                             count INT, date TEXT) ENGINE=InnoDB DEFAULT CHARSET=utf8:successful"
2023-02-01 09:36:22 I Polar Print           "DELETE FROM tests WHERE date='2023-02-01':successful"
2023-02-01 09:36:22 I Polar Print           "SELECT testplan_id FROM tests GROUP BY testplan_id:successful"
2023-02-01 09:36:22 I Polar Print           "INSERT INTO tests (testplan_id, testplan_name, testplan_status, rel, status, count, date) SELECT testplan_id, testplan_name, 'Active' as testplan_status, rel, status, count((@rn := @rn + 1)) as count, '2023-02-01' as date FROM testcases cross join (select @rn := 0) const GROUP BY testplan_id, rel, status:successful"
2023-02-01 09:36:22 I Polar update_database "Insert tests table successful"
2023-02-01 09:36:22 I Polar Print           "CREATE TABLE IF NOT EXISTS testapproval (                                 rel TEXT, team TEXT, status TEXT, upstream TEXT, count INT, date TEXT                                 ) ENGINE=InnoDB DEFAULT CHARSET=utf8:successful"
2023-02-01 09:36:22 I Polar Print           "DROP TABLE IF EXISTS alltestapproval:successful"
2023-02-01 09:36:22 I Polar Print           "CREATE TABLE IF NOT EXISTS alltestapproval (                                 id INT, uniqueid TEXT, name TEXT, status TEXT, rel TEXT, team TEXT, upstream TEXT                                 ) ENGINE=InnoDB DEFAULT CHARSET=utf8:successful"
2023-02-01 09:36:22 I Polar Print           "DELETE FROM testapproval WHERE date='2023-02-01':successful"
2023-02-01 09:36:22 I Polar Print           "INSERT INTO testapproval (rel, team, status, count, date, upstream) SELECT rel, team, status, count((@rn := @rn + 1)) as count, '2023-02-01' as date, upstream FROM alltestapproval cross join (select @rn := 0) const GROUP BY rel, team, status, upstream:successful"
2023-02-01 09:36:25 I Polar Get_allfeatuers "[]"
2023-02-01 09:36:25 I Polar Print           "CREATE TABLE IF NOT EXISTS features (                                rel TEXT, status TEXT, count INT, date TEXT) ENGINE=InnoDB DEFAULT CHARSET=utf8:successful"
2023-02-01 09:36:25 I Polar Print           "CREATE TABLE IF NOT EXISTS allfeatures (                                id INT, uniqueid TEXT, name TEXT, status TEXT, rel TEXT,test_status TEXT) ENGINE=InnoDB DEFAULT CHARSET=utf8:successful"
2023-02-01 09:36:25 I Polar Print           "DELETE FROM features WHERE date='2023-02-01':successful"
2023-02-01 09:36:25 I Polar Print           "DELETE FROM allfeatures WHERE id=20976567:successful"
2023-02-01 09:36:25 I Polar Print           "DELETE FROM allfeatures WHERE id=20623227:successful"
2023-02-01 09:36:25 I Polar Print           "DELETE FROM allfeatures WHERE id=20497723:successful"
2023-02-01 09:36:25 I Polar Print           "DELETE FROM allfeatures WHERE id=20497687:successful"
2023-02-01 09:36:25 I Polar Print           "DELETE FROM allfeatures WHERE id=20495173:successful"
2023-02-01 09:36:25 I Polar Print           "DELETE FROM allfeatures WHERE id=20490902:successful"
2023-02-01 09:36:25 I Polar Print           "DELETE FROM allfeatures WHERE id=20490894:successful"
2023-02-01 09:36:25 I Polar Print           "DELETE FROM allfeatures WHERE id=20490889:successful"
2023-02-01 09:36:25 I Polar Print           "DELETE FROM allfeatures WHERE id=20485504:successful"
2023-02-01 09:36:25 I Polar Print           "DELETE FROM allfeatures WHERE id=20455724:successful"
2023-02-01 09:36:25 I Polar Print           "DELETE FROM allfeatures WHERE id=20455679:successful"
2023-02-01 09:36:25 I Polar Print           "DELETE FROM allfeatures WHERE id=20389169:successful"
2023-02-01 09:36:25 I Polar Print           "DELETE FROM allfeatures WHERE id=20227819:successful"
2023-02-01 09:36:25 I Polar Print           "DELETE FROM allfeatures WHERE id=20199518:successful"
2023-02-01 09:36:25 I Polar Print           "DELETE FROM allfeatures WHERE id=19616757:successful"
2023-02-01 09:36:25 I Polar Print           "INSERT INTO features (rel, status, count, date)                                 SELECT rel, status, count((@rn := @rn + 1)) as count, '2023-02-01' as date FROM allfeatures cross join (select @rn := 0) const GROUP BY rel, status:successful"
2023-02-01 09:36:27 I Polar Get_allchangere "[]"
2023-02-01 09:36:27 I Polar Print           "CREATE TABLE IF NOT EXISTS changes (                                 rel TEXT, status TEXT, priority TEXT,                                 requester TEXT, date TEXT, count INT) ENGINE=InnoDB DEFAULT CHARSET=utf8:successful"
2023-02-01 09:36:27 I Polar Print           "CREATE TABLE IF NOT EXISTS allchanges (                                 id INT, uniqueid TEXT, name TEXT,                                 status TEXT, rel TEXT, priority TEXT,                                 requester TEXT) ENGINE=InnoDB DEFAULT CHARSET=utf8:successful"
2023-02-01 09:36:27 I Polar Print           "DELETE FROM changes WHERE date='2023-02-01':successful"
2023-02-01 09:36:27 I Polar Print           "INSERT INTO changes (                                 rel, status, priority, requester, date, count)                                 SELECT rel, status, priority, requester, '2023-02-01' as date, count((@rn := @rn + 1)) as count FROM allchanges                                 cross join (select @rn := 0) const GROUP BY rel, status, priority, requester:successful"
2023-02-01 09:36:28 I Polar Print           "CREATE TABLE IF NOT EXISTS designspec (                            rel TEXT, team TEXT, status TEXT, count INT, date text) ENGINE=InnoDB DEFAULT CHARSET=utf8:successful"
2023-02-01 09:36:28 I Polar Print           "CREATE TABLE IF NOT EXISTS alldesignspec (                             id INT, uniqueid TEXT, name TEXT, status TEXT, rel TEXT, team TEXT) ENGINE=InnoDB DEFAULT CHARSET=utf8:successful"
2023-02-01 09:36:28 I Polar Print           "DELETE FROM designspec WHERE date='2023-02-01':successful"
2023-02-01 09:36:28 I Polar Print           "INSERT INTO designspec (rel, team, status, count, date) SELECT rel, team, status, count((@rn := @rn + 1)) as count, '2023-02-01' as date FROM alldesignspec cross join (select @rn := 0) const GROUP BY rel, team, status:successful"
2023-02-01 09:36:32 I Polar Get_alluserstor "[]"
2023-02-01 09:36:32 I Polar Print           "CREATE TABLE IF NOT EXISTS userstories (                 rel TEXT, status TEXT, count INT, date TEXT) ENGINE=InnoDB DEFAULT CHARSET=utf8:successful"
2023-02-01 09:36:32 I Polar Print           "CREATE TABLE IF NOT EXISTS alluserstories (                 id INT, uniqueid TEXT, name TEXT, status TEXT, rel TEXT) ENGINE=InnoDB DEFAULT CHARSET=utf8:successful"
2023-02-01 09:36:32 I Polar Print           "DELETE FROM userstories WHERE date='2023-02-01':successful"
2023-02-01 09:36:32 I Polar Print           "INSERT INTO userstories (rel, status, count, date) SELECT rel, status, count((@rn := @rn + 1)) as count, '2023-02-01' as date FROM alluserstories cross join (select @rn := 0) const GROUP BY rel, status:successful"
2023-02-01 09:36:36 I Polar Get_alldefects  "[]"
2023-02-01 09:36:36 I Polar Print           "CREATE TABLE IF NOT EXISTS defects (                     rel TEXT, team TEXT, status TEXT, priority TEXT, count INT, date TEXT) ENGINE=InnoDB DEFAULT CHARSET=utf8:successful"
2023-02-01 09:36:36 I Polar Print           "CREATE TABLE IF NOT EXISTS alldefects (                     id INT, uniqueid TEXT, name TEXT, status TEXT, rel TEXT, team TEXT, priority TEXT, jira TEXT, upstream TEXT) ENGINE=InnoDB DEFAULT CHARSET=utf8:successful"
2023-02-01 09:36:36 I Polar Print           "DELETE FROM defects WHERE date='2023-02-01':successful"
2023-02-01 09:36:36 I Polar Print           "INSERT INTO defects (rel, team, status, count, date, priority) SELECT rel, team, status, count((@rn := @rn + 1)) as count, '2023-02-01' as date, priority FROM alldefects cross join (select @rn := 0) const GROUP BY rel, team, status, priority:successful"
2023-02-01 09:38:05 I Polar get_multipickli "Unassigned don't find the mainteam name from G_parameter"
2023-02-01 09:38:10 I Polar get_multipickli "Unassigned don't find the mainteam name from G_parameter"
2023-02-01 09:38:16 I Polar get_multipickli "Unassigned don't find the mainteam name from G_parameter"
2023-02-01 09:39:38 I Polar get_multipickli "Unassigned don't find the mainteam name from G_parameter"
2023-02-01 09:40:47 I Polar get_multipickli "Unassigned don't find the mainteam name from G_parameter"
2023-02-01 09:40:56 I Polar get_multipickli "Unassigned don't find the mainteam name from G_parameter"
2023-02-01 09:41:00 I Polar get_multipickli "Unassigned don't find the mainteam name from G_parameter"
2023-02-01 09:42:20 I Polar get_multipickli "Unassigned don't find the mainteam name from G_parameter"
2023-02-01 09:43:02 I Polar get_multipickli "Unassigned don't find the mainteam name from G_parameter"
2023-02-01 09:44:11 I Polar get_multipickli "Unassigned don't find the mainteam name from G_parameter"
2023-02-01 09:44:19 I Polar get_multipickli "Unassigned don't find the mainteam name from G_parameter"
2023-02-01 09:44:24 I Polar get_multipickli "Unassigned don't find the mainteam name from G_parameter"
2023-02-01 09:44:29 I Polar get_multipickli "Unassigned don't find the mainteam name from G_parameter"
2023-02-01 09:44:34 I Polar get_multipickli "Unassigned don't find the mainteam name from G_parameter"
2023-02-01 09:44:38 I Polar get_multipickli "Unassigned don't find the mainteam name from G_parameter"
2023-02-01 09:44:43 I Polar get_multipickli "Unassigned don't find the mainteam name from G_parameter"
2023-02-01 09:45:03 I Polar get_multipickli "Unassigned don't find the mainteam name from G_parameter"
2023-02-01 09:45:44 I Polar get_multipickli "Unassigned don't find the mainteam name from G_parameter"
2023-02-01 09:45:48 I Polar get_multipickli "Unassigned don't find the mainteam name from G_parameter"
2023-02-01 09:45:53 I Polar get_multipickli "Unassigned don't find the mainteam name from G_parameter"
2023-02-01 09:45:58 I Polar get_multipickli "Unassigned don't find the mainteam name from G_parameter"
2023-02-01 09:46:02 I Polar get_multipickli "Unassigned don't find the mainteam name from G_parameter"
2023-02-01 09:46:06 I Polar get_multipickli "Unassigned don't find the mainteam name from G_parameter"
2023-02-01 09:46:09 I Polar get_multipickli "Unassigned don't find the mainteam name from G_parameter"
2023-02-01 09:46:14 I Polar get_multipickli "Unassigned don't find the mainteam name from G_parameter"
2023-02-01 09:46:20 I Polar get_multipickli "Unassigned don't find the mainteam name from G_parameter"
2023-02-01 09:46:23 I Polar get_multipickli "Unassigned don't find the mainteam name from G_parameter"
2023-02-01 09:46:27 I Polar get_multipickli "Unassigned don't find the mainteam name from G_parameter"
2023-02-01 09:46:32 I Polar get_multipickli "Unassigned don't find the mainteam name from G_parameter"
2023-02-01 09:46:37 I Polar get_multipickli "Unassigned don't find the mainteam name from G_parameter"
2023-02-01 09:46:41 I Polar get_multipickli "Unassigned don't find the mainteam name from G_parameter"
2023-02-01 09:46:45 I Polar get_multipickli "Unassigned don't find the mainteam name from G_parameter"
2023-02-01 09:46:51 I Polar get_multipickli "Unassigned don't find the mainteam name from G_parameter"
2023-02-01 09:46:58 I Polar get_multipickli "Unassigned don't find the mainteam name from G_parameter"
2023-02-01 09:47:06 I Polar get_multipickli "Unassigned don't find the mainteam name from G_parameter"
2023-02-01 09:47:14 I Polar get_multipickli "Unassigned don't find the mainteam name from G_parameter"
2023-02-01 09:47:19 I Polar get_multipickli "Unassigned don't find the mainteam name from G_parameter"
2023-02-01 09:47:24 I Polar get_multipickli "Unassigned don't find the mainteam name from G_parameter"
2023-02-01 09:47:28 I Polar get_multipickli "Unassigned don't find the mainteam name from G_parameter"
2023-02-01 09:47:32 I Polar get_multipickli "Unassigned don't find the mainteam name from G_parameter"
2023-02-01 09:47:36 I Polar get_multipickli "Unassigned don't find the mainteam name from G_parameter"
2023-02-01 09:47:40 I Polar get_multipickli "Unassigned don't find the mainteam name from G_parameter"
2023-02-01 09:47:44 I Polar get_multipickli "Unassigned don't find the mainteam name from G_parameter"
2023-02-01 09:47:49 I Polar get_multipickli "Unassigned don't find the mainteam name from G_parameter"
2023-02-01 09:47:52 I Polar get_multipickli "Unassigned don't find the mainteam name from G_parameter"
2023-02-01 09:47:57 I Polar get_multipickli "Unassigned don't find the mainteam name from G_parameter"
2023-02-01 09:48:02 I Polar get_multipickli "Unassigned don't find the mainteam name from G_parameter"
2023-02-01 09:48:06 I Polar get_multipickli "Unassigned don't find the mainteam name from G_parameter"
2023-02-01 09:48:11 I Polar get_multipickli "Unassigned don't find the mainteam name from G_parameter"
2023-02-01 09:48:15 I Polar get_multipickli "Unassigned don't find the mainteam name from G_parameter"
2023-02-01 09:48:25 I Polar get_multipickli "Unassigned don't find the mainteam name from G_parameter"
2023-02-01 09:48:55 I Polar get_multipickli "Unassigned don't find the mainteam name from G_parameter"
2023-02-01 09:48:59 I Polar get_multipickli "Unassigned don't find the mainteam name from G_parameter"
2023-02-01 09:49:05 I Polar get_multipickli "Unassigned don't find the mainteam name from G_parameter"
2023-02-01 09:49:09 I Polar get_multipickli "Unassigned don't find the mainteam name from G_parameter"
2023-02-01 09:49:15 I Polar get_multipickli "Unassigned don't find the mainteam name from G_parameter"
2023-02-01 09:49:20 I Polar get_multipickli "Unassigned don't find the mainteam name from G_parameter"
2023-02-01 09:49:25 I Polar get_multipickli "Unassigned don't find the mainteam name from G_parameter"
2023-02-01 09:49:47 I Polar get_multipickli "Unassigned don't find the mainteam name from G_parameter"
2023-02-01 09:49:52 I Polar get_multipickli "Unassigned don't find the mainteam name from G_parameter"
2023-02-01 09:49:56 I Polar get_multipickli "Unassigned don't find the mainteam name from G_parameter"
2023-02-01 09:50:00 I Polar get_multipickli "Unassigned don't find the mainteam name from G_parameter"
2023-02-01 09:50:04 I Polar get_multipickli "Unassigned don't find the mainteam name from G_parameter"
2023-02-01 09:50:09 I Polar get_multipickli "Unassigned don't find the mainteam name from G_parameter"
2023-02-01 09:59:13 I Polar get_multipickli "ESW Platform Test don't find the mainteam name from G_parameter"
2023-02-01 09:59:17 I Polar get_multipickli "ESW Platform Test don't find the mainteam name from G_parameter"
2023-02-01 09:59:19 I Polar get_multipickli "ESW Platform Test don't find the mainteam name from G_parameter"
2023-02-01 09:59:36 I Polar get_multipickli "ESW Platform Test don't find the mainteam name from G_parameter"
2023-02-01 09:59:39 I Polar get_multipickli "ESW Platform Test don't find the mainteam name from G_parameter"
2023-02-01 09:59:42 I Polar get_multipickli "ESW Platform Test don't find the mainteam name from G_parameter"
2023-02-01 09:59:55 I Polar get_multipickli "Digital Experience – Android don't find the mainteam name from G_parameter"
2023-02-01 09:59:56 I Polar get_multipickli "Digital Experience – IOS don't find the mainteam name from G_parameter"
2023-02-01 09:59:58 I Polar get_multipickli "Digital Experience – SDK don't find the mainteam name from G_parameter"
2023-02-01 10:00:07 I Polar get_multipickli "Digital Experience – Android don't find the mainteam name from G_parameter"
2023-02-01 10:00:08 I Polar get_multipickli "Digital Experience – IOS don't find the mainteam name from G_parameter"
2023-02-01 10:00:11 I Polar get_multipickli "Unassigned don't find the mainteam name from G_parameter"
2023-02-01 10:00:14 I Polar get_multipickli "Digital Experience – Android don't find the mainteam name from G_parameter"
2023-02-01 10:00:14 I Polar get_multipickli "Digital Experience – IOS don't find the mainteam name from G_parameter"
2023-02-01 10:00:20 I Polar get_multipickli "Digital Experience – Android don't find the mainteam name from G_parameter"
2023-02-01 10:00:20 I Polar get_multipickli "Digital Experience – IOS don't find the mainteam name from G_parameter"
2023-02-01 10:00:24 I Polar get_multipickli "Digital Experience – Android don't find the mainteam name from G_parameter"
2023-02-01 10:00:24 I Polar get_multipickli "Digital Experience – IOS don't find the mainteam name from G_parameter"
2023-02-01 10:03:57 I Polar get_multipickli "Unassigned don't find the mainteam name from G_parameter"
2023-02-01 10:04:01 I Polar get_multipickli "Unassigned don't find the mainteam name from G_parameter"
2023-02-01 10:04:08 I Polar get_multipickli "Unassigned don't find the mainteam name from G_parameter"
2023-02-01 10:05:42 I Polar get_multipickli "Unassigned don't find the mainteam name from G_parameter"
2023-02-01 10:05:52 I Polar get_multipickli "Unassigned don't find the mainteam name from G_parameter"
2023-02-01 10:07:43 I Polar get_multipickli "Unassigned don't find the mainteam name from G_parameter"
2023-02-01 10:07:47 I Polar get_multipickli "Unassigned don't find the mainteam name from G_parameter"
2023-02-01 10:07:50 I Polar get_multipickli "Unassigned don't find the mainteam name from G_parameter"
2023-02-01 10:07:57 I Polar get_multipickli "Unassigned don't find the mainteam name from G_parameter"
2023-02-01 10:08:00 I Polar get_multipickli "Unassigned don't find the mainteam name from G_parameter"
2023-02-01 10:08:07 I Polar get_multipickli "Unassigned don't find the mainteam name from G_parameter"
2023-02-01 10:09:56 I Polar get_multipickli "Digital Experience – Android don't find the mainteam name from G_parameter"
2023-02-01 10:09:56 I Polar get_multipickli "Digital Experience – IOS don't find the mainteam name from G_parameter"
2023-02-01 10:10:15 I Polar get_multipickli "Digital Experience – Android don't find the mainteam name from G_parameter"
2023-02-01 10:10:15 I Polar get_multipickli "Digital Experience – IOS don't find the mainteam name from G_parameter"
2023-02-01 10:10:40 I Polar get_multipickli "Digital Experience – Android don't find the mainteam name from G_parameter"
2023-02-01 10:10:40 I Polar get_multipickli "Digital Experience – IOS don't find the mainteam name from G_parameter"
2023-02-01 10:10:55 I Polar get_multipickli "Digital Experience – Android don't find the mainteam name from G_parameter"
2023-02-01 10:10:55 I Polar get_multipickli "Digital Experience – IOS don't find the mainteam name from G_parameter"
2023-02-01 10:11:20 I Polar get_multipickli "Digital Experience – Android don't find the mainteam name from G_parameter"
2023-02-01 10:11:20 I Polar get_multipickli "Digital Experience – IOS don't find the mainteam name from G_parameter"
2023-02-01 10:11:20 I Polar get_multipickli "Digital Experience – SDK don't find the mainteam name from G_parameter"
2023-02-01 10:11:28 I Polar get_multipickli "Unassigned don't find the mainteam name from G_parameter"
2023-02-01 10:12:25 I Polar get_multipickli "Unassigned don't find the mainteam name from G_parameter"
2023-02-01 10:12:42 I Polar get_multipickli "Unassigned don't find the mainteam name from G_parameter"
2023-02-01 10:12:44 I Polar get_multipickli "Digital Experience – Android don't find the mainteam name from G_parameter"
2023-02-01 10:12:44 I Polar get_multipickli "Digital Experience – IOS don't find the mainteam name from G_parameter"
2023-02-01 10:12:47 I Polar get_multipickli "Digital Experience – Android don't find the mainteam name from G_parameter"
2023-02-01 10:12:47 I Polar get_multipickli "Digital Experience – IOS don't find the mainteam name from G_parameter"
2023-02-01 10:12:50 I Polar get_multipickli "Digital Experience – Android don't find the mainteam name from G_parameter"
2023-02-01 10:12:50 I Polar get_multipickli "Digital Experience – IOS don't find the mainteam name from G_parameter"
2023-02-01 10:12:53 I Polar get_multipickli "Digital Experience – Android don't find the mainteam name from G_parameter"
2023-02-01 10:12:53 I Polar get_multipickli "Digital Experience – IOS don't find the mainteam name from G_parameter"
2023-02-01 10:12:55 I Polar get_multipickli "Digital Experience – Android don't find the mainteam name from G_parameter"
2023-02-01 10:12:55 I Polar get_multipickli "Digital Experience – IOS don't find the mainteam name from G_parameter"
2023-02-01 10:12:57 I Polar get_multipickli "Digital Experience – Android don't find the mainteam name from G_parameter"
2023-02-01 10:12:57 I Polar get_multipickli "Digital Experience – IOS don't find the mainteam name from G_parameter"
2023-02-01 10:13:00 I Polar get_multipickli "Digital Experience – Android don't find the mainteam name from G_parameter"
2023-02-01 10:13:00 I Polar get_multipickli "Digital Experience – IOS don't find the mainteam name from G_parameter"
2023-02-01 10:13:05 I Polar get_multipickli "Unassigned don't find the mainteam name from G_parameter"
2023-02-01 10:13:07 I Polar get_multipickli "Digital Experience – Android don't find the mainteam name from G_parameter"
2023-02-01 10:13:07 I Polar get_multipickli "Digital Experience – IOS don't find the mainteam name from G_parameter"
2023-02-01 10:13:10 I Polar get_multipickli "Digital Experience – Android don't find the mainteam name from G_parameter"
2023-02-01 10:13:12 I Polar get_multipickli "Digital Experience – Android don't find the mainteam name from G_parameter"
2023-02-01 10:13:14 I Polar get_multipickli "Digital Experience – Android don't find the mainteam name from G_parameter"
2023-02-01 10:13:16 I Polar get_multipickli "Digital Experience – Android don't find the mainteam name from G_parameter"
2023-02-01 10:13:18 I Polar get_multipickli "Digital Experience – Android don't find the mainteam name from G_parameter"
2023-02-01 10:13:20 I Polar get_multipickli "Digital Experience – Android don't find the mainteam name from G_parameter"
2023-02-01 10:13:59 I Polar Print           "DROP TABLE IF EXISTS allrequirements:successful"
2023-02-01 10:13:59 I Polar Print           "DROP TABLE IF EXISTS allcoverage:successful"
2023-02-01 10:13:59 I Polar Print           "CREATE TABLE IF NOT EXISTS requirements (                        rel TEXT, status TEXT, count INT, date TEXT) ENGINE=InnoDB DEFAULT CHARSET=utf8:successful"
2023-02-01 10:13:59 I Polar Print           "CREATE TABLE IF NOT EXISTS allrequirements (                        id INT, uniqueid TEXT, name TEXT, status TEXT, rel TEXT, upstream TEXT, downstream TEXT, team TEXT, test_status TEXT) ENGINE=InnoDB DEFAULT CHARSET=utf8:successful"
2023-02-01 10:13:59 I Polar Print           "CREATE TABLE IF NOT EXISTS coverage (                        team text, covered int, expected int, date text) ENGINE=InnoDB DEFAULT CHARSET=utf8:successful"
2023-02-01 10:13:59 I Polar Print           "CREATE TABLE IF NOT EXISTS allcoverage (                        id INT, uniqueid TEXT, name TEXT, status TEXT, rel TEXT, verify TEXT, missing TEXT) ENGINE=InnoDB DEFAULT CHARSET=utf8:successful"
2023-02-01 10:13:59 I Polar Print           "DELETE FROM requirements WHERE date='2023-02-01':successful"
2023-02-01 10:13:59 I Polar Print           "DELETE FROM coverage WHERE date='2023-02-01':successful"
2023-02-01 10:13:59 I Polar Print           "INSERT INTO requirements (rel, status, count, date) SELECT rel, status, count((@rn := @rn + 1)) as count, '2023-02-01' as date FROM allrequirements cross join (select @rn := 0) const GROUP BY rel, status:successful"
2023-02-01 10:13:59 I Polar Print           "CREATE TABLE IF NOT EXISTS feattest (rel TEXT, status TEXT, count TEXT, date TEXT) ENGINE=InnoDB DEFAULT CHARSET=utf8:successful"
2023-02-01 10:13:59 I Polar Print           "CREATE TABLE IF NOT EXISTS reqtest (rel TEXT, status TEXT, count TEXT, date TEXT) ENGINE=InnoDB DEFAULT CHARSET=utf8:successful"
2023-02-01 10:13:59 I Polar Print           "SELECT id FROM allfeatures:successful"
2023-02-01 10:13:59 I Polar Print           "SELECT id,upstream,downstream,team FROM allrequirements:successful"
2023-02-01 10:13:59 I Polar Print           "SELECT id FROM allcoverage:successful"
2023-02-01 10:13:59 I Polar Print           "SELECT * FROM testcases:successful"
