2023-01-19 05:43:56 I Astra Print           "Connet 20493 successfully!!!"
2023-01-19 05:43:56 I Astra Get_alltests    "Get project name:Astra id:20493 all testplans"
2023-01-19 05:44:08 I Astra Get_alltests    "{8267389: {'id': 8267389, 'name': 'Audio Test Plan', 'archived': False, 'index': '8267389:Audio Test Plan'}, 7874133: {'id': 7874133, 'name': 'ESW Test Plan', 'archived': False, 'index': '7874133:ESW Test Plan'}, 8018606: {'id': 8018606, 'name': 'HW DVT plan', 'archived': False, 'index': '8018606:HW DVT plan'}, 9043056: {'id': 9043056, 'name': 'MT Test Plan', 'archived': False, 'index': '9043056:MT Test Plan'}, 8476232: {'id': 8476232, 'name': 'Packaging Verification Plan', 'archived': False, 'index': '8476232:Packaging Verification Plan'}, 8931781: {'id': 8931781, 'name': 'Product Maintenance test plan', 'archived': False, 'index': '8931781:Product Maintenance test plan'}, 8038647: {'id': 8038647, 'name': 'Product Verification Test Plan', 'archived': False, 'index': '8038647:Product Verification Test Plan'}, 8539064: {'id': 8539064, 'name': 'Regulatory compliance plan', 'archived': False, 'index': '8539064:Regulatory compliance plan'}, 8597286: {'id': 8597286, 'name': 'RF DVT Test Plan', 'archived': False, 'index': '8597286:RF DVT Test Plan'}, 7240605: {'id': 7240605, 'name': 'UX Test Plan', 'archived': False, 'index': '7240605:UX Test Plan'}}"
2023-01-19 05:44:08 I Astra Get_alltests    "Get project name:Astra id:20493 all testplans successful!!!"
2023-01-19 06:04:28 I Astra tidy_alltestcas "1303"
2023-01-19 06:07:54 I Astra Print           "DROP TABLE IF EXISTS testcases:successful"
2023-01-19 06:07:54 I Astra Print           "CREATE TABLE IF NOT EXISTS testcases (                             testplan_id INT,                             testplan_name TEXT,                             testgroup_id INT,                             testgroup_name TEXT,                             testcycle_id INT,                             testcycle_name TEXT,                             rel TEXT,                             id INT,                             uniqueid TEXT,                             name TEXT,                             status TEXT,                             upstream TEXT,                             downstream TEXT,                             executionDate TEXT) ENGINE=InnoDB DEFAULT CHARSET=utf8:successful"
2023-01-19 06:07:55 I Astra update_database "Insert testcases table successful"
2023-01-19 06:07:55 I Astra Print           "CREATE TABLE IF NOT EXISTS tests (                             testplan_id INT,                             testplan_name TEXT,                             testplan_status TEXT,                             rel TEXT, status TEXT,                             count INT, date TEXT) ENGINE=InnoDB DEFAULT CHARSET=utf8:successful"
2023-01-19 06:07:55 I Astra Print           "DELETE FROM tests WHERE date='2023-01-19':successful"
2023-01-19 06:07:55 I Astra Print           "SELECT testplan_id FROM tests GROUP BY testplan_id:successful"
2023-01-19 06:07:55 I Astra Print           "SELECT testplan_name FROM tests WHERE testplan_id=8267389 LIMIT 1:successful"
2023-01-19 06:07:55 I Astra Print           "UPDATE tests SET testplan_status='Active' WHERE testplan_id=8267389:successful"
2023-01-19 06:07:55 I Astra Print           "SELECT testplan_name FROM tests WHERE testplan_id=7874133 LIMIT 1:successful"
2023-01-19 06:07:55 I Astra Print           "UPDATE tests SET testplan_status='Active' WHERE testplan_id=7874133:successful"
2023-01-19 06:07:55 I Astra Print           "SELECT testplan_name FROM tests WHERE testplan_id=8018606 LIMIT 1:successful"
2023-01-19 06:07:55 I Astra Print           "UPDATE tests SET testplan_status='Active' WHERE testplan_id=8018606:successful"
2023-01-19 06:07:55 I Astra Print           "SELECT testplan_name FROM tests WHERE testplan_id=9043056 LIMIT 1:successful"
2023-01-19 06:07:55 I Astra Print           "UPDATE tests SET testplan_status='Active' WHERE testplan_id=9043056:successful"
2023-01-19 06:07:55 I Astra Print           "SELECT testplan_name FROM tests WHERE testplan_id=8476232 LIMIT 1:successful"
2023-01-19 06:07:55 I Astra Print           "UPDATE tests SET testplan_status='Active' WHERE testplan_id=8476232:successful"
2023-01-19 06:07:55 I Astra Print           "SELECT testplan_name FROM tests WHERE testplan_id=8931781 LIMIT 1:successful"
2023-01-19 06:07:55 I Astra Print           "UPDATE tests SET testplan_status='Active' WHERE testplan_id=8931781:successful"
2023-01-19 06:07:55 I Astra Print           "SELECT testplan_name FROM tests WHERE testplan_id=8038647 LIMIT 1:successful"
2023-01-19 06:07:55 I Astra Print           "UPDATE tests SET testplan_status='Active' WHERE testplan_id=8038647:successful"
2023-01-19 06:07:55 I Astra Print           "SELECT testplan_name FROM tests WHERE testplan_id=8539064 LIMIT 1:successful"
2023-01-19 06:07:55 I Astra Print           "UPDATE tests SET testplan_status='Active' WHERE testplan_id=8539064:successful"
2023-01-19 06:07:55 I Astra Print           "SELECT testplan_name FROM tests WHERE testplan_id=8597286 LIMIT 1:successful"
2023-01-19 06:07:55 I Astra Print           "UPDATE tests SET testplan_status='Active' WHERE testplan_id=8597286:successful"
2023-01-19 06:07:55 I Astra Print           "SELECT testplan_name FROM tests WHERE testplan_id=7240605 LIMIT 1:successful"
2023-01-19 06:07:55 I Astra Print           "UPDATE tests SET testplan_status='Active' WHERE testplan_id=7240605:successful"
2023-01-19 06:07:55 I Astra Print           "INSERT INTO tests (testplan_id, testplan_name, testplan_status, rel, status, count, date) SELECT testplan_id, testplan_name, 'Active' as testplan_status, rel, status, count((@rn := @rn + 1)) as count, '2023-01-19' as date FROM testcases cross join (select @rn := 0) const GROUP BY testplan_id, rel, status:successful"
2023-01-19 06:07:55 I Astra update_database "Insert tests table successful"
2023-01-19 06:07:55 I Astra Print           "CREATE TABLE IF NOT EXISTS testapproval (                                 rel TEXT, team TEXT, status TEXT, upstream TEXT, count INT, date TEXT                                 ) ENGINE=InnoDB DEFAULT CHARSET=utf8:successful"
2023-01-19 06:07:55 I Astra Print           "DROP TABLE IF EXISTS alltestapproval:successful"
2023-01-19 06:07:55 I Astra Print           "CREATE TABLE IF NOT EXISTS alltestapproval (                                 id INT, uniqueid TEXT, name TEXT, status TEXT, rel TEXT, team TEXT, upstream TEXT                                 ) ENGINE=InnoDB DEFAULT CHARSET=utf8:successful"
2023-01-19 06:07:55 I Astra Print           "DELETE FROM testapproval WHERE date='2023-01-19':successful"
2023-01-19 06:07:56 I Astra Print           "INSERT INTO testapproval (rel, team, status, count, date, upstream) SELECT rel, team, status, count((@rn := @rn + 1)) as count, '2023-01-19' as date, upstream FROM alltestapproval cross join (select @rn := 0) const GROUP BY rel, team, status, upstream:successful"
2023-01-19 06:08:02 I Astra Get_allfeatuers "[]"
2023-01-19 06:08:02 I Astra Print           "CREATE TABLE IF NOT EXISTS features (                                rel TEXT, status TEXT, count INT, date TEXT) ENGINE=InnoDB DEFAULT CHARSET=utf8:successful"
2023-01-19 06:08:02 I Astra Print           "CREATE TABLE IF NOT EXISTS allfeatures (                                id INT, uniqueid TEXT, name TEXT, status TEXT, rel TEXT,test_status TEXT) ENGINE=InnoDB DEFAULT CHARSET=utf8:successful"
2023-01-19 06:08:02 I Astra Print           "DELETE FROM features WHERE date='2023-01-19':successful"
2023-01-19 06:08:02 I Astra Print           "DELETE FROM allfeatures WHERE id=16693278:successful"
2023-01-19 06:08:02 I Astra Print           "DELETE FROM allfeatures WHERE id=16693275:successful"
2023-01-19 06:08:02 I Astra Print           "DELETE FROM allfeatures WHERE id=15058362:successful"
2023-01-19 06:08:02 I Astra Print           "DELETE FROM allfeatures WHERE id=15043797:successful"
2023-01-19 06:08:02 I Astra Print           "DELETE FROM allfeatures WHERE id=14756385:successful"
2023-01-19 06:08:02 I Astra Print           "DELETE FROM allfeatures WHERE id=14431434:successful"
2023-01-19 06:08:02 I Astra Print           "DELETE FROM allfeatures WHERE id=14414091:successful"
2023-01-19 06:08:02 I Astra Print           "DELETE FROM allfeatures WHERE id=14384487:successful"
2023-01-19 06:08:02 I Astra Print           "DELETE FROM allfeatures WHERE id=14384484:successful"
2023-01-19 06:08:02 I Astra Print           "DELETE FROM allfeatures WHERE id=14117901:successful"
2023-01-19 06:08:02 I Astra Print           "DELETE FROM allfeatures WHERE id=14051091:successful"
2023-01-19 06:08:02 I Astra Print           "DELETE FROM allfeatures WHERE id=13060569:successful"
2023-01-19 06:08:02 I Astra Print           "DELETE FROM allfeatures WHERE id=12414029:successful"
2023-01-19 06:08:02 I Astra Print           "DELETE FROM allfeatures WHERE id=12305645:successful"
2023-01-19 06:08:02 I Astra Print           "DELETE FROM allfeatures WHERE id=12118463:successful"
2023-01-19 06:08:02 I Astra Print           "DELETE FROM allfeatures WHERE id=12068912:successful"
2023-01-19 06:08:02 I Astra Print           "DELETE FROM allfeatures WHERE id=12065384:successful"
2023-01-19 06:08:02 I Astra Print           "DELETE FROM allfeatures WHERE id=12064622:successful"
2023-01-19 06:08:02 I Astra Print           "DELETE FROM allfeatures WHERE id=11356413:successful"
2023-01-19 06:08:02 I Astra Print           "DELETE FROM allfeatures WHERE id=11356410:successful"
2023-01-19 06:08:02 I Astra Print           "DELETE FROM allfeatures WHERE id=11278551:successful"
2023-01-19 06:08:02 I Astra Print           "DELETE FROM allfeatures WHERE id=11260596:successful"
2023-01-19 06:08:02 I Astra Print           "DELETE FROM allfeatures WHERE id=11259297:successful"
2023-01-19 06:08:02 I Astra Print           "DELETE FROM allfeatures WHERE id=11147010:successful"
2023-01-19 06:08:02 I Astra Print           "DELETE FROM allfeatures WHERE id=11146983:successful"
2023-01-19 06:08:02 I Astra Print           "INSERT INTO features (rel, status, count, date)                                 SELECT rel, status, count((@rn := @rn + 1)) as count, '2023-01-19' as date FROM allfeatures cross join (select @rn := 0) const GROUP BY rel, status:successful"
2023-01-19 06:08:05 I Astra Get_allchangere "[]"
2023-01-19 06:08:05 I Astra Print           "CREATE TABLE IF NOT EXISTS changes (                                 rel TEXT, status TEXT, priority TEXT,                                 requester TEXT, date TEXT, count INT) ENGINE=InnoDB DEFAULT CHARSET=utf8:successful"
2023-01-19 06:08:05 I Astra Print           "CREATE TABLE IF NOT EXISTS allchanges (                                 id INT, uniqueid TEXT, name TEXT,                                 status TEXT, rel TEXT, priority TEXT,                                 requester TEXT) ENGINE=InnoDB DEFAULT CHARSET=utf8:successful"
2023-01-19 06:08:05 I Astra Print           "DELETE FROM changes WHERE date='2023-01-19':successful"
2023-01-19 06:08:05 I Astra Print           "INSERT INTO changes (                                 rel, status, priority, requester, date, count)                                 SELECT rel, status, priority, requester, '2023-01-19' as date, count((@rn := @rn + 1)) as count FROM allchanges                                 cross join (select @rn := 0) const GROUP BY rel, status, priority, requester:successful"
2023-01-19 06:08:09 I Astra Print           "CREATE TABLE IF NOT EXISTS designspec (                            rel TEXT, team TEXT, status TEXT, count INT, date text) ENGINE=InnoDB DEFAULT CHARSET=utf8:successful"
2023-01-19 06:08:09 I Astra Print           "CREATE TABLE IF NOT EXISTS alldesignspec (                             id INT, uniqueid TEXT, name TEXT, status TEXT, rel TEXT, team TEXT) ENGINE=InnoDB DEFAULT CHARSET=utf8:successful"
2023-01-19 06:08:09 I Astra Print           "DELETE FROM designspec WHERE date='2023-01-19':successful"
2023-01-19 06:08:09 I Astra Print           "INSERT INTO designspec (rel, team, status, count, date) SELECT rel, team, status, count((@rn := @rn + 1)) as count, '2023-01-19' as date FROM alldesignspec cross join (select @rn := 0) const GROUP BY rel, team, status:successful"
2023-01-19 06:08:16 I Astra Get_alluserstor "[]"
2023-01-19 06:08:16 I Astra Print           "CREATE TABLE IF NOT EXISTS userstories (                 rel TEXT, status TEXT, count INT, date TEXT) ENGINE=InnoDB DEFAULT CHARSET=utf8:successful"
2023-01-19 06:08:16 I Astra Print           "CREATE TABLE IF NOT EXISTS alluserstories (                 id INT, uniqueid TEXT, name TEXT, status TEXT, rel TEXT) ENGINE=InnoDB DEFAULT CHARSET=utf8:successful"
2023-01-19 06:08:16 I Astra Print           "DELETE FROM userstories WHERE date='2023-01-19':successful"
2023-01-19 06:08:16 I Astra Print           "INSERT INTO userstories (rel, status, count, date) SELECT rel, status, count((@rn := @rn + 1)) as count, '2023-01-19' as date FROM alluserstories cross join (select @rn := 0) const GROUP BY rel, status:successful"
2023-01-19 06:08:55 I Astra Get_alldefects  "[{'id': 9290989, 'name': 'CLONE - Go bit for FWU not set by Sound+', 'documentKey': 'As-BUG-969', 'statusId': 156536, 'status': 'Open', 'teamId': 156570, 'team': 'DE Mobile Apps', 'priorityId': 156534, 'priority': 'Minor', 'upstream': '', 'jira': 'https://jabra1.atlassian.net/browse/HAZ-268'}, {'id': 9513868, 'name': 'CLONE - Go bit for FWU not set by Sound+', 'documentKey': 'As-BUG-1006', 'statusId': 156536, 'status': 'Open', 'teamId': 156570, 'team': 'DE Mobile Apps', 'priorityId': 156533, 'priority': 'Major', 'upstream': '', 'jira': 'https://jabra1.atlassian.net/browse/ASTRA-1907'}, {'id': 9872509, 'name': 'MyFit throws an error while completing the flow using one earbud', 'documentKey': 'As-BUG-1017', 'statusId': 156536, 'status': 'Open', 'teamId': 157251, 'team': 'ESW BT', 'priorityId': 156534, 'priority': 'Minor', 'upstream': '', 'jira': 'https://jabra1.atlassian.net/browse/ASTRA-1930'}]"
2023-01-19 06:08:55 I Astra Print           "CREATE TABLE IF NOT EXISTS defects (                     rel TEXT, team TEXT, status TEXT, priority TEXT, count INT, date TEXT) ENGINE=InnoDB DEFAULT CHARSET=utf8:successful"
2023-01-19 06:08:55 I Astra Print           "CREATE TABLE IF NOT EXISTS alldefects (                     id INT, uniqueid TEXT, name TEXT, status TEXT, rel TEXT, team TEXT, priority TEXT, jira TEXT, upstream TEXT) ENGINE=InnoDB DEFAULT CHARSET=utf8:successful"
2023-01-19 06:08:56 I Astra Print           "DELETE FROM defects WHERE date='2023-01-19':successful"
2023-01-19 06:08:56 I Astra Print           "DELETE FROM alldefects WHERE id = 9290989:successful"
2023-01-19 06:08:56 I Astra Print           "DELETE FROM alldefects WHERE id = 9513868:successful"
2023-01-19 06:08:56 I Astra Print           "DELETE FROM alldefects WHERE id = 9872509:successful"
2023-01-19 06:08:56 I Astra Print           "Not enough parameters for the SQL statement"
2023-01-19 06:08:56 I Astra Print           "INSERT INTO defects (rel, team, status, count, date, priority) SELECT rel, team, status, count((@rn := @rn + 1)) as count, '2023-01-19' as date, priority FROM alldefects cross join (select @rn := 0) const GROUP BY rel, team, status, priority:successful"
2023-01-19 06:15:31 I Astra get_multipickli "Unassigned don't find the mainteam name from G_parameter"
2023-01-19 06:20:25 I Astra get_multipickli "Digital Experience – Android don't find the mainteam name from G_parameter"
2023-01-19 06:20:33 I Astra get_multipickli "Digital Experience – IOS don't find the mainteam name from G_parameter"
2023-01-19 06:20:37 I Astra get_multipickli "Digital Experience – SDK don't find the mainteam name from G_parameter"
2023-01-19 06:35:55 I Astra get_multipickli "Unassigned don't find the mainteam name from G_parameter"
2023-01-19 06:36:48 I Astra get_multipickli "Unassigned don't find the mainteam name from G_parameter"
2023-01-19 06:37:02 I Astra get_multipickli "Unassigned don't find the mainteam name from G_parameter"
2023-01-19 06:38:21 I Astra get_multipickli "Unassigned don't find the mainteam name from G_parameter"
2023-01-19 06:40:35 I Astra get_multipickli "Unassigned don't find the mainteam name from G_parameter"
2023-01-19 06:41:41 I Astra get_multipickli "Unassigned don't find the mainteam name from G_parameter"
2023-01-19 06:42:11 I Astra get_multipickli "Unassigned don't find the mainteam name from G_parameter"
2023-01-19 06:43:12 I Astra get_multipickli "Unassigned don't find the mainteam name from G_parameter"
2023-01-19 06:43:33 I Astra get_multipickli "Unassigned don't find the mainteam name from G_parameter"
2023-01-19 06:43:54 I Astra get_multipickli "Unassigned don't find the mainteam name from G_parameter"
2023-01-19 06:51:46 I Astra get_multipickli "Digital Experience – Android don't find the mainteam name from G_parameter"
2023-01-19 06:51:46 I Astra get_multipickli "Digital Experience – IOS don't find the mainteam name from G_parameter"
2023-01-19 06:52:16 I Astra get_multipickli "Digital Experience – Android don't find the mainteam name from G_parameter"
2023-01-19 06:52:16 I Astra get_multipickli "Digital Experience – IOS don't find the mainteam name from G_parameter"
2023-01-19 06:52:38 I Astra get_multipickli "Digital Experience – Android don't find the mainteam name from G_parameter"
2023-01-19 06:52:38 I Astra get_multipickli "Digital Experience – IOS don't find the mainteam name from G_parameter"
2023-01-19 06:53:01 I Astra get_multipickli "Digital Experience – Android don't find the mainteam name from G_parameter"
2023-01-19 06:53:01 I Astra get_multipickli "Digital Experience – IOS don't find the mainteam name from G_parameter"
2023-01-19 06:53:54 I Astra get_multipickli "ESW Platform Test don't find the mainteam name from G_parameter"
2023-01-19 06:54:16 I Astra get_multipickli "ESW Platform Test don't find the mainteam name from G_parameter"
2023-01-19 06:54:39 I Astra get_multipickli "ESW Platform Test don't find the mainteam name from G_parameter"
2023-01-19 06:55:03 I Astra get_multipickli "Digital Experience – Android don't find the mainteam name from G_parameter"
2023-01-19 06:55:03 I Astra get_multipickli "Digital Experience – IOS don't find the mainteam name from G_parameter"
2023-01-19 06:55:26 I Astra get_multipickli "ESW Platform Test don't find the mainteam name from G_parameter"
2023-01-19 06:57:41 I Astra get_multipickli "ESW Platform Test don't find the mainteam name from G_parameter"
2023-01-19 06:58:40 I Astra get_multipickli "Digital Experience – Android don't find the mainteam name from G_parameter"
2023-01-19 06:58:40 I Astra get_multipickli "Digital Experience – IOS don't find the mainteam name from G_parameter"
2023-01-19 06:58:40 I Astra get_multipickli "Digital Experience – SDK don't find the mainteam name from G_parameter"
2023-01-19 06:58:49 I Astra get_multipickli "Unassigned don't find the mainteam name from G_parameter"
2023-01-19 06:59:27 I Astra get_multipickli "ESW Platform Test don't find the mainteam name from G_parameter"
2023-01-19 06:59:36 I Astra get_multipickli "ESW Platform Test don't find the mainteam name from G_parameter"
2023-01-19 06:59:45 I Astra get_multipickli "Unassigned don't find the mainteam name from G_parameter"
2023-01-19 06:59:45 I Astra get_multipickli "ESW Platform Test don't find the mainteam name from G_parameter"
2023-01-19 07:01:51 I Astra get_multipickli "Digital Experience – Android don't find the mainteam name from G_parameter"
2023-01-19 07:01:51 I Astra get_multipickli "Digital Experience – IOS don't find the mainteam name from G_parameter"
2023-01-19 07:02:21 I Astra get_multipickli "Unassigned don't find the mainteam name from G_parameter"
2023-01-19 07:02:21 I Astra get_multipickli "ESW Platform Test don't find the mainteam name from G_parameter"
2023-01-19 07:08:09 I Astra get_multipickli "Digital Experience – Android don't find the mainteam name from G_parameter"
2023-01-19 07:08:09 I Astra get_multipickli "Digital Experience – IOS don't find the mainteam name from G_parameter"
2023-01-19 07:08:20 I Astra get_multipickli "Digital Experience – Android don't find the mainteam name from G_parameter"
2023-01-19 07:08:20 I Astra get_multipickli "Digital Experience – IOS don't find the mainteam name from G_parameter"
2023-01-19 07:09:38 I Astra get_multipickli "Digital Experience – Android don't find the mainteam name from G_parameter"
2023-01-19 07:09:38 I Astra get_multipickli "Digital Experience – IOS don't find the mainteam name from G_parameter"
2023-01-19 07:10:09 I Astra get_multipickli "Digital Experience – Android don't find the mainteam name from G_parameter"
2023-01-19 07:10:09 I Astra get_multipickli "Digital Experience – IOS don't find the mainteam name from G_parameter"
2023-01-19 07:11:46 I Astra get_multipickli "Digital Experience – Android don't find the mainteam name from G_parameter"
2023-01-19 07:11:46 I Astra get_multipickli "Digital Experience – IOS don't find the mainteam name from G_parameter"
2023-01-19 07:11:59 I Astra get_multipickli "Digital Experience – Android don't find the mainteam name from G_parameter"
2023-01-19 07:11:59 I Astra get_multipickli "Digital Experience – IOS don't find the mainteam name from G_parameter"
2023-01-19 07:12:10 I Astra get_multipickli "Digital Experience – Android don't find the mainteam name from G_parameter"
2023-01-19 07:12:10 I Astra get_multipickli "Digital Experience – IOS don't find the mainteam name from G_parameter"
2023-01-19 07:12:22 I Astra get_multipickli "Digital Experience – Android don't find the mainteam name from G_parameter"
2023-01-19 07:12:22 I Astra get_multipickli "Digital Experience – IOS don't find the mainteam name from G_parameter"
2023-01-19 07:12:32 I Astra get_multipickli "Digital Experience – Android don't find the mainteam name from G_parameter"
2023-01-19 07:12:32 I Astra get_multipickli "Digital Experience – IOS don't find the mainteam name from G_parameter"
2023-01-19 07:12:46 I Astra get_multipickli "Digital Experience – Android don't find the mainteam name from G_parameter"
2023-01-19 07:12:46 I Astra get_multipickli "Digital Experience – IOS don't find the mainteam name from G_parameter"
2023-01-19 07:13:08 I Astra get_multipickli "Unassigned don't find the mainteam name from G_parameter"
2023-01-19 07:13:20 I Astra get_multipickli "Digital Experience – Android don't find the mainteam name from G_parameter"
2023-01-19 07:13:20 I Astra get_multipickli "Digital Experience – IOS don't find the mainteam name from G_parameter"
2023-01-19 07:13:31 I Astra get_multipickli "Digital Experience – Android don't find the mainteam name from G_parameter"
2023-01-19 07:13:40 I Astra get_multipickli "Digital Experience – Android don't find the mainteam name from G_parameter"
2023-01-19 07:13:52 I Astra get_multipickli "Digital Experience – Android don't find the mainteam name from G_parameter"
2023-01-19 07:14:04 I Astra get_multipickli "Digital Experience – Android don't find the mainteam name from G_parameter"
2023-01-19 07:14:18 I Astra get_multipickli "Digital Experience – Android don't find the mainteam name from G_parameter"
2023-01-19 07:14:30 I Astra get_multipickli "Digital Experience – Android don't find the mainteam name from G_parameter"
2023-01-19 07:14:50 I Astra get_multipickli "Digital Experience – Android don't find the mainteam name from G_parameter"
2023-01-19 07:14:50 I Astra get_multipickli "Digital Experience – IOS don't find the mainteam name from G_parameter"
2023-01-19 07:19:41 I Astra Print           "DROP TABLE IF EXISTS allrequirements:successful"
2023-01-19 07:19:41 I Astra Print           "DROP TABLE IF EXISTS allcoverage:successful"
2023-01-19 07:19:41 I Astra Print           "CREATE TABLE IF NOT EXISTS requirements (                        rel TEXT, status TEXT, count INT, date TEXT) ENGINE=InnoDB DEFAULT CHARSET=utf8:successful"
2023-01-19 07:19:41 I Astra Print           "CREATE TABLE IF NOT EXISTS allrequirements (                        id INT, uniqueid TEXT, name TEXT, status TEXT, rel TEXT, upstream TEXT, downstream TEXT, team TEXT, test_status TEXT) ENGINE=InnoDB DEFAULT CHARSET=utf8:successful"
2023-01-19 07:19:41 I Astra Print           "CREATE TABLE IF NOT EXISTS coverage (                        team text, covered int, expected int, date text) ENGINE=InnoDB DEFAULT CHARSET=utf8:successful"
2023-01-19 07:19:41 I Astra Print           "CREATE TABLE IF NOT EXISTS allcoverage (                        id INT, uniqueid TEXT, name TEXT, status TEXT, rel TEXT, verify TEXT, missing TEXT) ENGINE=InnoDB DEFAULT CHARSET=utf8:successful"
2023-01-19 07:19:41 I Astra Print           "DELETE FROM requirements WHERE date='2023-01-19':successful"
2023-01-19 07:19:41 I Astra Print           "DELETE FROM coverage WHERE date='2023-01-19':successful"
2023-01-19 07:19:42 I Astra Print           "INSERT INTO requirements (rel, status, count, date) SELECT rel, status, count((@rn := @rn + 1)) as count, '2023-01-19' as date FROM allrequirements cross join (select @rn := 0) const GROUP BY rel, status:successful"
2023-01-19 07:19:42 I Astra Print           "CREATE TABLE IF NOT EXISTS feattest (rel TEXT, status TEXT, count TEXT, date TEXT) ENGINE=InnoDB DEFAULT CHARSET=utf8:successful"
2023-01-19 07:19:42 I Astra Print           "CREATE TABLE IF NOT EXISTS reqtest (rel TEXT, status TEXT, count TEXT, date TEXT) ENGINE=InnoDB DEFAULT CHARSET=utf8:successful"
2023-01-19 07:19:42 I Astra Print           "SELECT id FROM allfeatures:successful"
2023-01-19 07:19:42 I Astra Print           "SELECT id,upstream,downstream,team FROM allrequirements:successful"
2023-01-19 07:19:42 I Astra Print           "SELECT id FROM allcoverage:successful"
2023-01-19 07:19:42 I Astra Print           "SELECT * FROM testcases:successful"
2023-01-19 08:52:26 I Astra Print           "Connet 20493 successfully!!!"
2023-01-19 08:52:26 I Astra Get_alltests    "Get project name:Astra id:20493 all testplans"
2023-01-19 08:52:31 I Astra Get_alltests    "{8267389: {'id': 8267389, 'name': 'Audio Test Plan', 'archived': False, 'index': '8267389:Audio Test Plan'}, 7874133: {'id': 7874133, 'name': 'ESW Test Plan', 'archived': False, 'index': '7874133:ESW Test Plan'}, 8018606: {'id': 8018606, 'name': 'HW DVT plan', 'archived': False, 'index': '8018606:HW DVT plan'}, 9043056: {'id': 9043056, 'name': 'MT Test Plan', 'archived': False, 'index': '9043056:MT Test Plan'}, 8476232: {'id': 8476232, 'name': 'Packaging Verification Plan', 'archived': False, 'index': '8476232:Packaging Verification Plan'}, 8931781: {'id': 8931781, 'name': 'Product Maintenance test plan', 'archived': False, 'index': '8931781:Product Maintenance test plan'}, 8038647: {'id': 8038647, 'name': 'Product Verification Test Plan', 'archived': False, 'index': '8038647:Product Verification Test Plan'}, 8539064: {'id': 8539064, 'name': 'Regulatory compliance plan', 'archived': False, 'index': '8539064:Regulatory compliance plan'}, 8597286: {'id': 8597286, 'name': 'RF DVT Test Plan', 'archived': False, 'index': '8597286:RF DVT Test Plan'}, 7240605: {'id': 7240605, 'name': 'UX Test Plan', 'archived': False, 'index': '7240605:UX Test Plan'}}"
2023-01-19 08:52:31 I Astra Get_alltests    "Get project name:Astra id:20493 all testplans successful!!!"
2023-01-19 09:04:54 I Astra tidy_alltestcas "1303"
2023-01-19 09:08:57 I Astra Print           "DROP TABLE IF EXISTS testcases:successful"
2023-01-19 09:08:57 I Astra Print           "CREATE TABLE IF NOT EXISTS testcases (                             testplan_id INT,                             testplan_name TEXT,                             testgroup_id INT,                             testgroup_name TEXT,                             testcycle_id INT,                             testcycle_name TEXT,                             rel TEXT,                             id INT,                             uniqueid TEXT,                             name TEXT,                             status TEXT,                             upstream TEXT,                             downstream TEXT,                             executionDate TEXT) ENGINE=InnoDB DEFAULT CHARSET=utf8:successful"
2023-01-19 09:08:58 I Astra update_database "Insert testcases table successful"
2023-01-19 09:08:58 I Astra Print           "CREATE TABLE IF NOT EXISTS tests (                             testplan_id INT,                             testplan_name TEXT,                             testplan_status TEXT,                             rel TEXT, status TEXT,                             count INT, date TEXT) ENGINE=InnoDB DEFAULT CHARSET=utf8:successful"
2023-01-19 09:08:58 I Astra Print           "DELETE FROM tests WHERE date='2023-01-19':successful"
2023-01-19 09:08:58 I Astra Print           "SELECT testplan_id FROM tests GROUP BY testplan_id:successful"
2023-01-19 09:08:58 I Astra Print           "SELECT testplan_name FROM tests WHERE testplan_id=8267389 LIMIT 1:successful"
2023-01-19 09:08:58 I Astra Print           "UPDATE tests SET testplan_status='Active' WHERE testplan_id=8267389:successful"
2023-01-19 09:08:58 I Astra Print           "SELECT testplan_name FROM tests WHERE testplan_id=7874133 LIMIT 1:successful"
2023-01-19 09:08:58 I Astra Print           "UPDATE tests SET testplan_status='Active' WHERE testplan_id=7874133:successful"
2023-01-19 09:08:58 I Astra Print           "SELECT testplan_name FROM tests WHERE testplan_id=8018606 LIMIT 1:successful"
2023-01-19 09:08:58 I Astra Print           "UPDATE tests SET testplan_status='Active' WHERE testplan_id=8018606:successful"
2023-01-19 09:08:58 I Astra Print           "SELECT testplan_name FROM tests WHERE testplan_id=9043056 LIMIT 1:successful"
2023-01-19 09:08:58 I Astra Print           "UPDATE tests SET testplan_status='Active' WHERE testplan_id=9043056:successful"
2023-01-19 09:08:58 I Astra Print           "SELECT testplan_name FROM tests WHERE testplan_id=8476232 LIMIT 1:successful"
2023-01-19 09:08:58 I Astra Print           "UPDATE tests SET testplan_status='Active' WHERE testplan_id=8476232:successful"
2023-01-19 09:08:58 I Astra Print           "SELECT testplan_name FROM tests WHERE testplan_id=8931781 LIMIT 1:successful"
2023-01-19 09:08:58 I Astra Print           "UPDATE tests SET testplan_status='Active' WHERE testplan_id=8931781:successful"
2023-01-19 09:08:58 I Astra Print           "SELECT testplan_name FROM tests WHERE testplan_id=8038647 LIMIT 1:successful"
2023-01-19 09:08:58 I Astra Print           "UPDATE tests SET testplan_status='Active' WHERE testplan_id=8038647:successful"
2023-01-19 09:08:58 I Astra Print           "SELECT testplan_name FROM tests WHERE testplan_id=8539064 LIMIT 1:successful"
2023-01-19 09:08:58 I Astra Print           "UPDATE tests SET testplan_status='Active' WHERE testplan_id=8539064:successful"
2023-01-19 09:08:58 I Astra Print           "SELECT testplan_name FROM tests WHERE testplan_id=8597286 LIMIT 1:successful"
2023-01-19 09:08:58 I Astra Print           "UPDATE tests SET testplan_status='Active' WHERE testplan_id=8597286:successful"
2023-01-19 09:08:58 I Astra Print           "SELECT testplan_name FROM tests WHERE testplan_id=7240605 LIMIT 1:successful"
2023-01-19 09:08:58 I Astra Print           "UPDATE tests SET testplan_status='Active' WHERE testplan_id=7240605:successful"
2023-01-19 09:08:58 I Astra Print           "INSERT INTO tests (testplan_id, testplan_name, testplan_status, rel, status, count, date) SELECT testplan_id, testplan_name, 'Active' as testplan_status, rel, status, count((@rn := @rn + 1)) as count, '2023-01-19' as date FROM testcases cross join (select @rn := 0) const GROUP BY testplan_id, rel, status:successful"
2023-01-19 09:08:58 I Astra update_database "Insert tests table successful"
2023-01-19 09:08:58 I Astra Print           "CREATE TABLE IF NOT EXISTS testapproval (                                 rel TEXT, team TEXT, status TEXT, upstream TEXT, count INT, date TEXT                                 ) ENGINE=InnoDB DEFAULT CHARSET=utf8:successful"
2023-01-19 09:08:58 I Astra Print           "DROP TABLE IF EXISTS alltestapproval:successful"
2023-01-19 09:08:58 I Astra Print           "CREATE TABLE IF NOT EXISTS alltestapproval (                                 id INT, uniqueid TEXT, name TEXT, status TEXT, rel TEXT, team TEXT, upstream TEXT                                 ) ENGINE=InnoDB DEFAULT CHARSET=utf8:successful"
2023-01-19 09:08:58 I Astra Print           "DELETE FROM testapproval WHERE date='2023-01-19':successful"
2023-01-19 09:08:58 I Astra Print           "INSERT INTO testapproval (rel, team, status, count, date, upstream) SELECT rel, team, status, count((@rn := @rn + 1)) as count, '2023-01-19' as date, upstream FROM alltestapproval cross join (select @rn := 0) const GROUP BY rel, team, status, upstream:successful"
2023-01-19 09:09:05 I Astra Get_allfeatuers "[]"
2023-01-19 09:09:05 I Astra Print           "CREATE TABLE IF NOT EXISTS features (                                rel TEXT, status TEXT, count INT, date TEXT) ENGINE=InnoDB DEFAULT CHARSET=utf8:successful"
2023-01-19 09:09:05 I Astra Print           "CREATE TABLE IF NOT EXISTS allfeatures (                                id INT, uniqueid TEXT, name TEXT, status TEXT, rel TEXT,test_status TEXT) ENGINE=InnoDB DEFAULT CHARSET=utf8:successful"
2023-01-19 09:09:05 I Astra Print           "DELETE FROM features WHERE date='2023-01-19':successful"
2023-01-19 09:09:05 I Astra Print           "DELETE FROM allfeatures WHERE id=16693278:successful"
2023-01-19 09:09:05 I Astra Print           "DELETE FROM allfeatures WHERE id=16693275:successful"
2023-01-19 09:09:05 I Astra Print           "DELETE FROM allfeatures WHERE id=15058362:successful"
2023-01-19 09:09:05 I Astra Print           "DELETE FROM allfeatures WHERE id=15043797:successful"
2023-01-19 09:09:05 I Astra Print           "DELETE FROM allfeatures WHERE id=14756385:successful"
2023-01-19 09:09:05 I Astra Print           "DELETE FROM allfeatures WHERE id=14431434:successful"
2023-01-19 09:09:05 I Astra Print           "DELETE FROM allfeatures WHERE id=14414091:successful"
2023-01-19 09:09:05 I Astra Print           "DELETE FROM allfeatures WHERE id=14384487:successful"
2023-01-19 09:09:05 I Astra Print           "DELETE FROM allfeatures WHERE id=14384484:successful"
2023-01-19 09:09:05 I Astra Print           "DELETE FROM allfeatures WHERE id=14117901:successful"
2023-01-19 09:09:05 I Astra Print           "DELETE FROM allfeatures WHERE id=14051091:successful"
2023-01-19 09:09:05 I Astra Print           "DELETE FROM allfeatures WHERE id=13060569:successful"
2023-01-19 09:09:05 I Astra Print           "DELETE FROM allfeatures WHERE id=12414029:successful"
2023-01-19 09:09:05 I Astra Print           "DELETE FROM allfeatures WHERE id=12305645:successful"
2023-01-19 09:09:05 I Astra Print           "DELETE FROM allfeatures WHERE id=12118463:successful"
2023-01-19 09:09:05 I Astra Print           "DELETE FROM allfeatures WHERE id=12068912:successful"
2023-01-19 09:09:05 I Astra Print           "DELETE FROM allfeatures WHERE id=12065384:successful"
2023-01-19 09:09:05 I Astra Print           "DELETE FROM allfeatures WHERE id=12064622:successful"
2023-01-19 09:09:05 I Astra Print           "DELETE FROM allfeatures WHERE id=11356413:successful"
2023-01-19 09:09:05 I Astra Print           "DELETE FROM allfeatures WHERE id=11356410:successful"
2023-01-19 09:09:05 I Astra Print           "DELETE FROM allfeatures WHERE id=11278551:successful"
2023-01-19 09:09:05 I Astra Print           "DELETE FROM allfeatures WHERE id=11260596:successful"
2023-01-19 09:09:05 I Astra Print           "DELETE FROM allfeatures WHERE id=11259297:successful"
2023-01-19 09:09:05 I Astra Print           "DELETE FROM allfeatures WHERE id=11147010:successful"
2023-01-19 09:09:05 I Astra Print           "DELETE FROM allfeatures WHERE id=11146983:successful"
2023-01-19 09:09:05 I Astra Print           "INSERT INTO features (rel, status, count, date)                                 SELECT rel, status, count((@rn := @rn + 1)) as count, '2023-01-19' as date FROM allfeatures cross join (select @rn := 0) const GROUP BY rel, status:successful"
2023-01-19 09:09:08 I Astra Get_allchangere "[]"
2023-01-19 09:09:08 I Astra Print           "CREATE TABLE IF NOT EXISTS changes (                                 rel TEXT, status TEXT, priority TEXT,                                 requester TEXT, date TEXT, count INT) ENGINE=InnoDB DEFAULT CHARSET=utf8:successful"
2023-01-19 09:09:08 I Astra Print           "CREATE TABLE IF NOT EXISTS allchanges (                                 id INT, uniqueid TEXT, name TEXT,                                 status TEXT, rel TEXT, priority TEXT,                                 requester TEXT) ENGINE=InnoDB DEFAULT CHARSET=utf8:successful"
2023-01-19 09:09:08 I Astra Print           "DELETE FROM changes WHERE date='2023-01-19':successful"
2023-01-19 09:09:08 I Astra Print           "INSERT INTO changes (                                 rel, status, priority, requester, date, count)                                 SELECT rel, status, priority, requester, '2023-01-19' as date, count((@rn := @rn + 1)) as count FROM allchanges                                 cross join (select @rn := 0) const GROUP BY rel, status, priority, requester:successful"
2023-01-19 09:09:11 I Astra Print           "CREATE TABLE IF NOT EXISTS designspec (                            rel TEXT, team TEXT, status TEXT, count INT, date text) ENGINE=InnoDB DEFAULT CHARSET=utf8:successful"
2023-01-19 09:09:11 I Astra Print           "CREATE TABLE IF NOT EXISTS alldesignspec (                             id INT, uniqueid TEXT, name TEXT, status TEXT, rel TEXT, team TEXT) ENGINE=InnoDB DEFAULT CHARSET=utf8:successful"
2023-01-19 09:09:11 I Astra Print           "DELETE FROM designspec WHERE date='2023-01-19':successful"
2023-01-19 09:09:11 I Astra Print           "INSERT INTO designspec (rel, team, status, count, date) SELECT rel, team, status, count((@rn := @rn + 1)) as count, '2023-01-19' as date FROM alldesignspec cross join (select @rn := 0) const GROUP BY rel, team, status:successful"
2023-01-19 09:09:21 I Astra Get_alluserstor "[]"
2023-01-19 09:09:21 I Astra Print           "CREATE TABLE IF NOT EXISTS userstories (                 rel TEXT, status TEXT, count INT, date TEXT) ENGINE=InnoDB DEFAULT CHARSET=utf8:successful"
2023-01-19 09:09:21 I Astra Print           "CREATE TABLE IF NOT EXISTS alluserstories (                 id INT, uniqueid TEXT, name TEXT, status TEXT, rel TEXT) ENGINE=InnoDB DEFAULT CHARSET=utf8:successful"
2023-01-19 09:09:21 I Astra Print           "DELETE FROM userstories WHERE date='2023-01-19':successful"
2023-01-19 09:09:21 I Astra Print           "INSERT INTO userstories (rel, status, count, date) SELECT rel, status, count((@rn := @rn + 1)) as count, '2023-01-19' as date FROM alluserstories cross join (select @rn := 0) const GROUP BY rel, status:successful"
2023-01-19 09:09:53 I Astra Get_alldefects  "[{'id': 9290989, 'name': 'CLONE - Go bit for FWU not set by Sound+', 'documentKey': 'As-BUG-969', 'statusId': 156536, 'status': 'Open', 'teamId': 156570, 'team': 'DE Mobile Apps', 'priorityId': 156534, 'priority': 'Minor', 'upstream': '', 'jira': 'https://jabra1.atlassian.net/browse/HAZ-268'}, {'id': 9513868, 'name': 'CLONE - Go bit for FWU not set by Sound+', 'documentKey': 'As-BUG-1006', 'statusId': 156536, 'status': 'Open', 'teamId': 156570, 'team': 'DE Mobile Apps', 'priorityId': 156533, 'priority': 'Major', 'upstream': '', 'jira': 'https://jabra1.atlassian.net/browse/ASTRA-1907'}, {'id': 9872509, 'name': 'MyFit throws an error while completing the flow using one earbud', 'documentKey': 'As-BUG-1017', 'statusId': 156536, 'status': 'Open', 'teamId': 157251, 'team': 'ESW BT', 'priorityId': 156534, 'priority': 'Minor', 'upstream': '', 'jira': 'https://jabra1.atlassian.net/browse/ASTRA-1930'}]"
2023-01-19 09:09:53 I Astra Print           "CREATE TABLE IF NOT EXISTS defects (                     rel TEXT, team TEXT, status TEXT, priority TEXT, count INT, date TEXT) ENGINE=InnoDB DEFAULT CHARSET=utf8:successful"
2023-01-19 09:09:53 I Astra Print           "CREATE TABLE IF NOT EXISTS alldefects (                     id INT, uniqueid TEXT, name TEXT, status TEXT, rel TEXT, team TEXT, priority TEXT, jira TEXT, upstream TEXT) ENGINE=InnoDB DEFAULT CHARSET=utf8:successful"
2023-01-19 09:09:53 I Astra Print           "DELETE FROM defects WHERE date='2023-01-19':successful"
2023-01-19 09:09:53 I Astra Print           "DELETE FROM alldefects WHERE id = 9290989:successful"
2023-01-19 09:09:53 I Astra Print           "DELETE FROM alldefects WHERE id = 9513868:successful"
2023-01-19 09:09:53 I Astra Print           "DELETE FROM alldefects WHERE id = 9872509:successful"
2023-01-19 09:09:53 I Astra Print           "Not enough parameters for the SQL statement"
2023-01-19 09:09:53 I Astra Print           "INSERT INTO defects (rel, team, status, count, date, priority) SELECT rel, team, status, count((@rn := @rn + 1)) as count, '2023-01-19' as date, priority FROM alldefects cross join (select @rn := 0) const GROUP BY rel, team, status, priority:successful"
2023-01-19 09:17:20 I Astra get_multipickli "Unassigned don't find the mainteam name from G_parameter"
2023-01-19 09:21:19 I Astra get_multipickli "Digital Experience – Android don't find the mainteam name from G_parameter"
2023-01-19 09:21:26 I Astra get_multipickli "Digital Experience – IOS don't find the mainteam name from G_parameter"
2023-01-19 09:21:30 I Astra get_multipickli "Digital Experience – SDK don't find the mainteam name from G_parameter"
2023-01-19 09:39:01 I Astra get_multipickli "Unassigned don't find the mainteam name from G_parameter"
2023-01-19 09:40:50 I Astra get_multipickli "Unassigned don't find the mainteam name from G_parameter"
2023-01-19 09:41:01 I Astra get_multipickli "Unassigned don't find the mainteam name from G_parameter"
2023-01-19 09:41:33 I Astra get_multipickli "Unassigned don't find the mainteam name from G_parameter"
2023-01-19 09:42:39 I Astra get_multipickli "Unassigned don't find the mainteam name from G_parameter"
2023-01-19 09:43:30 I Astra get_multipickli "Unassigned don't find the mainteam name from G_parameter"
2023-01-19 09:44:01 I Astra get_multipickli "Unassigned don't find the mainteam name from G_parameter"
2023-01-19 09:44:34 I Astra get_multipickli "Unassigned don't find the mainteam name from G_parameter"
2023-01-19 09:44:44 I Astra get_multipickli "Unassigned don't find the mainteam name from G_parameter"
2023-01-19 09:44:55 I Astra get_multipickli "Unassigned don't find the mainteam name from G_parameter"
2023-01-19 09:49:21 I Astra get_multipickli "Digital Experience – Android don't find the mainteam name from G_parameter"
2023-01-19 09:49:21 I Astra get_multipickli "Digital Experience – IOS don't find the mainteam name from G_parameter"
2023-01-19 09:49:50 I Astra get_multipickli "Digital Experience – Android don't find the mainteam name from G_parameter"
2023-01-19 09:49:50 I Astra get_multipickli "Digital Experience – IOS don't find the mainteam name from G_parameter"
2023-01-19 09:50:11 I Astra get_multipickli "Digital Experience – Android don't find the mainteam name from G_parameter"
2023-01-19 09:50:11 I Astra get_multipickli "Digital Experience – IOS don't find the mainteam name from G_parameter"
2023-01-19 09:50:32 I Astra get_multipickli "Digital Experience – Android don't find the mainteam name from G_parameter"
2023-01-19 09:50:32 I Astra get_multipickli "Digital Experience – IOS don't find the mainteam name from G_parameter"
2023-01-19 09:51:21 I Astra get_multipickli "ESW Platform Test don't find the mainteam name from G_parameter"
2023-01-19 09:51:43 I Astra get_multipickli "ESW Platform Test don't find the mainteam name from G_parameter"
2023-01-19 09:52:03 I Astra get_multipickli "ESW Platform Test don't find the mainteam name from G_parameter"
2023-01-19 09:52:24 I Astra get_multipickli "Digital Experience – Android don't find the mainteam name from G_parameter"
2023-01-19 09:52:24 I Astra get_multipickli "Digital Experience – IOS don't find the mainteam name from G_parameter"
2023-01-19 09:52:46 I Astra get_multipickli "ESW Platform Test don't find the mainteam name from G_parameter"
2023-01-19 09:55:11 I Astra get_multipickli "ESW Platform Test don't find the mainteam name from G_parameter"
2023-01-19 09:57:50 I Astra get_multipickli "Digital Experience – Android don't find the mainteam name from G_parameter"
2023-01-19 09:57:50 I Astra get_multipickli "Digital Experience – IOS don't find the mainteam name from G_parameter"
2023-01-19 09:57:50 I Astra get_multipickli "Digital Experience – SDK don't find the mainteam name from G_parameter"
2023-01-19 09:58:21 I Astra get_multipickli "Unassigned don't find the mainteam name from G_parameter"
2023-01-19 10:00:25 I Astra get_multipickli "ESW Platform Test don't find the mainteam name from G_parameter"
2023-01-19 10:00:56 I Astra get_multipickli "ESW Platform Test don't find the mainteam name from G_parameter"
2023-01-19 10:01:25 I Astra get_multipickli "Unassigned don't find the mainteam name from G_parameter"
2023-01-19 10:01:25 I Astra get_multipickli "ESW Platform Test don't find the mainteam name from G_parameter"
2023-01-19 10:05:58 I Astra get_multipickli "Digital Experience – Android don't find the mainteam name from G_parameter"
2023-01-19 10:05:58 I Astra get_multipickli "Digital Experience – IOS don't find the mainteam name from G_parameter"
2023-01-19 10:06:36 I Astra get_multipickli "Unassigned don't find the mainteam name from G_parameter"
2023-01-19 10:06:36 I Astra get_multipickli "ESW Platform Test don't find the mainteam name from G_parameter"
2023-01-19 10:11:29 I Astra get_multipickli "Digital Experience – Android don't find the mainteam name from G_parameter"
2023-01-19 10:11:29 I Astra get_multipickli "Digital Experience – IOS don't find the mainteam name from G_parameter"
2023-01-19 10:11:39 I Astra get_multipickli "Digital Experience – Android don't find the mainteam name from G_parameter"
2023-01-19 10:11:39 I Astra get_multipickli "Digital Experience – IOS don't find the mainteam name from G_parameter"
2023-01-19 10:13:01 I Astra get_multipickli "Digital Experience – Android don't find the mainteam name from G_parameter"
2023-01-19 10:13:01 I Astra get_multipickli "Digital Experience – IOS don't find the mainteam name from G_parameter"
2023-01-19 10:13:49 I Astra get_multipickli "Digital Experience – Android don't find the mainteam name from G_parameter"
2023-01-19 10:13:49 I Astra get_multipickli "Digital Experience – IOS don't find the mainteam name from G_parameter"
2023-01-19 10:15:35 I Astra get_multipickli "Digital Experience – Android don't find the mainteam name from G_parameter"
2023-01-19 10:15:35 I Astra get_multipickli "Digital Experience – IOS don't find the mainteam name from G_parameter"
2023-01-19 10:15:47 I Astra get_multipickli "Digital Experience – Android don't find the mainteam name from G_parameter"
2023-01-19 10:15:47 I Astra get_multipickli "Digital Experience – IOS don't find the mainteam name from G_parameter"
2023-01-19 10:15:57 I Astra get_multipickli "Digital Experience – Android don't find the mainteam name from G_parameter"
2023-01-19 10:15:57 I Astra get_multipickli "Digital Experience – IOS don't find the mainteam name from G_parameter"
2023-01-19 10:16:09 I Astra get_multipickli "Digital Experience – Android don't find the mainteam name from G_parameter"
2023-01-19 10:16:09 I Astra get_multipickli "Digital Experience – IOS don't find the mainteam name from G_parameter"
2023-01-19 10:16:20 I Astra get_multipickli "Digital Experience – Android don't find the mainteam name from G_parameter"
2023-01-19 10:16:20 I Astra get_multipickli "Digital Experience – IOS don't find the mainteam name from G_parameter"
2023-01-19 10:16:30 I Astra get_multipickli "Digital Experience – Android don't find the mainteam name from G_parameter"
2023-01-19 10:16:30 I Astra get_multipickli "Digital Experience – IOS don't find the mainteam name from G_parameter"
2023-01-19 10:16:51 I Astra get_multipickli "Unassigned don't find the mainteam name from G_parameter"
2023-01-19 10:17:01 I Astra get_multipickli "Digital Experience – Android don't find the mainteam name from G_parameter"
2023-01-19 10:17:01 I Astra get_multipickli "Digital Experience – IOS don't find the mainteam name from G_parameter"
2023-01-19 10:17:10 I Astra get_multipickli "Digital Experience – Android don't find the mainteam name from G_parameter"
2023-01-19 10:17:21 I Astra get_multipickli "Digital Experience – Android don't find the mainteam name from G_parameter"
2023-01-19 10:17:32 I Astra get_multipickli "Digital Experience – Android don't find the mainteam name from G_parameter"
2023-01-19 10:17:44 I Astra get_multipickli "Digital Experience – Android don't find the mainteam name from G_parameter"
2023-01-19 10:17:56 I Astra get_multipickli "Digital Experience – Android don't find the mainteam name from G_parameter"
2023-01-19 10:18:07 I Astra get_multipickli "Digital Experience – Android don't find the mainteam name from G_parameter"
2023-01-19 10:18:30 I Astra get_multipickli "Digital Experience – Android don't find the mainteam name from G_parameter"
2023-01-19 10:18:30 I Astra get_multipickli "Digital Experience – IOS don't find the mainteam name from G_parameter"
2023-01-19 10:23:56 I Astra Print           "DROP TABLE IF EXISTS allrequirements:successful"
2023-01-19 10:23:56 I Astra Print           "DROP TABLE IF EXISTS allcoverage:successful"
2023-01-19 10:23:56 I Astra Print           "CREATE TABLE IF NOT EXISTS requirements (                        rel TEXT, status TEXT, count INT, date TEXT) ENGINE=InnoDB DEFAULT CHARSET=utf8:successful"
2023-01-19 10:23:56 I Astra Print           "CREATE TABLE IF NOT EXISTS allrequirements (                        id INT, uniqueid TEXT, name TEXT, status TEXT, rel TEXT, upstream TEXT, downstream TEXT, team TEXT, test_status TEXT) ENGINE=InnoDB DEFAULT CHARSET=utf8:successful"
2023-01-19 10:23:56 I Astra Print           "CREATE TABLE IF NOT EXISTS coverage (                        team text, covered int, expected int, date text) ENGINE=InnoDB DEFAULT CHARSET=utf8:successful"
2023-01-19 10:23:56 I Astra Print           "CREATE TABLE IF NOT EXISTS allcoverage (                        id INT, uniqueid TEXT, name TEXT, status TEXT, rel TEXT, verify TEXT, missing TEXT) ENGINE=InnoDB DEFAULT CHARSET=utf8:successful"
2023-01-19 10:23:56 I Astra Print           "DELETE FROM requirements WHERE date='2023-01-19':successful"
2023-01-19 10:23:56 I Astra Print           "DELETE FROM coverage WHERE date='2023-01-19':successful"
2023-01-19 10:23:56 I Astra Print           "INSERT INTO requirements (rel, status, count, date) SELECT rel, status, count((@rn := @rn + 1)) as count, '2023-01-19' as date FROM allrequirements cross join (select @rn := 0) const GROUP BY rel, status:successful"
2023-01-19 10:23:56 I Astra Print           "CREATE TABLE IF NOT EXISTS feattest (rel TEXT, status TEXT, count TEXT, date TEXT) ENGINE=InnoDB DEFAULT CHARSET=utf8:successful"
2023-01-19 10:23:56 I Astra Print           "CREATE TABLE IF NOT EXISTS reqtest (rel TEXT, status TEXT, count TEXT, date TEXT) ENGINE=InnoDB DEFAULT CHARSET=utf8:successful"
2023-01-19 10:23:56 I Astra Print           "SELECT id FROM allfeatures:successful"
2023-01-19 10:23:56 I Astra Print           "SELECT id,upstream,downstream,team FROM allrequirements:successful"
2023-01-19 10:23:56 I Astra Print           "SELECT id FROM allcoverage:successful"
2023-01-19 10:23:56 I Astra Print           "SELECT * FROM testcases:successful"
