2023-01-19 09:05:35 I Carro Print           "Connet 20597 successfully!!!"
2023-01-19 09:05:35 I Carro Get_alltests    "Get project name:Carrot id:20597 all testplans"
2023-01-19 09:05:43 I Carro Get_alltests    "{9261347: {'id': 9261347, 'name': 'ESW test plan', 'archived': False, 'index': '9261347:ESW test plan'}, 9454300: {'id': 9454300, 'name': 'MRY_HW Test Plan', 'archived': False, 'index': '9454300:MRY_HW Test Plan'}, 9254204: {'id': 9254204, 'name': 'Packaging Transportation Test', 'archived': False, 'index': '9254204:Packaging Transportation Test'}, 9314448: {'id': 9314448, 'name': 'Product Verification Test Plan', 'archived': False, 'index': '9314448:Product Verification Test Plan'}}"
2023-01-19 09:05:43 I Carro Get_alltests    "Get project name:Carrot id:20597 all testplans successful!!!"
2023-01-19 09:09:10 I Carro tidy_alltestcas "29"
2023-01-19 09:09:30 I Carro Print           "DROP TABLE IF EXISTS testcases:successful"
2023-01-19 09:09:30 I Carro Print           "CREATE TABLE IF NOT EXISTS testcases (                             testplan_id INT,                             testplan_name TEXT,                             testgroup_id INT,                             testgroup_name TEXT,                             testcycle_id INT,                             testcycle_name TEXT,                             rel TEXT,                             id INT,                             uniqueid TEXT,                             name TEXT,                             status TEXT,                             upstream TEXT,                             downstream TEXT,                             executionDate TEXT) ENGINE=InnoDB DEFAULT CHARSET=utf8:successful"
2023-01-19 09:09:30 I Carro update_database "Insert testcases table successful"
2023-01-19 09:09:30 I Carro Print           "CREATE TABLE IF NOT EXISTS tests (                             testplan_id INT,                             testplan_name TEXT,                             testplan_status TEXT,                             rel TEXT, status TEXT,                             count INT, date TEXT) ENGINE=InnoDB DEFAULT CHARSET=utf8:successful"
2023-01-19 09:09:30 I Carro Print           "DELETE FROM tests WHERE date='2023-01-19':successful"
2023-01-19 09:09:30 I Carro Print           "SELECT testplan_id FROM tests GROUP BY testplan_id:successful"
2023-01-19 09:09:30 I Carro Print           "SELECT testplan_name FROM tests WHERE testplan_id=9454300 LIMIT 1:successful"
2023-01-19 09:09:30 I Carro Print           "UPDATE tests SET testplan_status='Active' WHERE testplan_id=9454300:successful"
2023-01-19 09:09:30 I Carro Print           "SELECT testplan_name FROM tests WHERE testplan_id=9254204 LIMIT 1:successful"
2023-01-19 09:09:30 I Carro Print           "UPDATE tests SET testplan_status='Active' WHERE testplan_id=9254204:successful"
2023-01-19 09:09:30 I Carro Print           "SELECT testplan_name FROM tests WHERE testplan_id=9314448 LIMIT 1:successful"
2023-01-19 09:09:30 I Carro Print           "UPDATE tests SET testplan_status='Active' WHERE testplan_id=9314448:successful"
2023-01-19 09:09:30 I Carro Print           "INSERT INTO tests (testplan_id, testplan_name, testplan_status, rel, status, count, date) SELECT testplan_id, testplan_name, 'Active' as testplan_status, rel, status, count((@rn := @rn + 1)) as count, '2023-01-19' as date FROM testcases cross join (select @rn := 0) const GROUP BY testplan_id, rel, status:successful"
2023-01-19 09:09:30 I Carro update_database "Insert tests table successful"
2023-01-19 09:09:31 I Carro Print           "CREATE TABLE IF NOT EXISTS testapproval (                                 rel TEXT, team TEXT, status TEXT, upstream TEXT, count INT, date TEXT                                 ) ENGINE=InnoDB DEFAULT CHARSET=utf8:successful"
2023-01-19 09:09:31 I Carro Print           "DROP TABLE IF EXISTS alltestapproval:successful"
2023-01-19 09:09:31 I Carro Print           "CREATE TABLE IF NOT EXISTS alltestapproval (                                 id INT, uniqueid TEXT, name TEXT, status TEXT, rel TEXT, team TEXT, upstream TEXT                                 ) ENGINE=InnoDB DEFAULT CHARSET=utf8:successful"
2023-01-19 09:09:31 I Carro Print           "DELETE FROM testapproval WHERE date='2023-01-19':successful"
2023-01-19 09:09:31 I Carro Print           "INSERT INTO testapproval (rel, team, status, count, date, upstream) SELECT rel, team, status, count((@rn := @rn + 1)) as count, '2023-01-19' as date, upstream FROM alltestapproval cross join (select @rn := 0) const GROUP BY rel, team, status, upstream:successful"
2023-01-19 09:09:38 I Carro Get_allfeatuers "[]"
2023-01-19 09:09:38 I Carro Print           "CREATE TABLE IF NOT EXISTS features (                                rel TEXT, status TEXT, count INT, date TEXT) ENGINE=InnoDB DEFAULT CHARSET=utf8:successful"
2023-01-19 09:09:38 I Carro Print           "CREATE TABLE IF NOT EXISTS allfeatures (                                id INT, uniqueid TEXT, name TEXT, status TEXT, rel TEXT,test_status TEXT) ENGINE=InnoDB DEFAULT CHARSET=utf8:successful"
2023-01-19 09:09:38 I Carro Print           "DELETE FROM features WHERE date='2023-01-19':successful"
2023-01-19 09:09:38 I Carro Print           "INSERT INTO features (rel, status, count, date)                                 SELECT rel, status, count((@rn := @rn + 1)) as count, '2023-01-19' as date FROM allfeatures cross join (select @rn := 0) const GROUP BY rel, status:successful"
2023-01-19 09:09:41 I Carro Get_allchangere "[]"
2023-01-19 09:09:41 I Carro Print           "CREATE TABLE IF NOT EXISTS changes (                                 rel TEXT, status TEXT, priority TEXT,                                 requester TEXT, date TEXT, count INT) ENGINE=InnoDB DEFAULT CHARSET=utf8:successful"
2023-01-19 09:09:41 I Carro Print           "CREATE TABLE IF NOT EXISTS allchanges (                                 id INT, uniqueid TEXT, name TEXT,                                 status TEXT, rel TEXT, priority TEXT,                                 requester TEXT) ENGINE=InnoDB DEFAULT CHARSET=utf8:successful"
2023-01-19 09:09:41 I Carro Print           "DELETE FROM changes WHERE date='2023-01-19':successful"
2023-01-19 09:09:41 I Carro Print           "INSERT INTO changes (                                 rel, status, priority, requester, date, count)                                 SELECT rel, status, priority, requester, '2023-01-19' as date, count((@rn := @rn + 1)) as count FROM allchanges                                 cross join (select @rn := 0) const GROUP BY rel, status, priority, requester:successful"
2023-01-19 09:09:44 I Carro Print           "CREATE TABLE IF NOT EXISTS designspec (                            rel TEXT, team TEXT, status TEXT, count INT, date text) ENGINE=InnoDB DEFAULT CHARSET=utf8:successful"
2023-01-19 09:09:44 I Carro Print           "CREATE TABLE IF NOT EXISTS alldesignspec (                             id INT, uniqueid TEXT, name TEXT, status TEXT, rel TEXT, team TEXT) ENGINE=InnoDB DEFAULT CHARSET=utf8:successful"
2023-01-19 09:09:44 I Carro Print           "DELETE FROM designspec WHERE date='2023-01-19':successful"
2023-01-19 09:09:44 I Carro Print           "INSERT INTO designspec (rel, team, status, count, date) SELECT rel, team, status, count((@rn := @rn + 1)) as count, '2023-01-19' as date FROM alldesignspec cross join (select @rn := 0) const GROUP BY rel, team, status:successful"
2023-01-19 09:09:50 I Carro Get_alluserstor "[]"
2023-01-19 09:09:50 I Carro Print           "CREATE TABLE IF NOT EXISTS userstories (                 rel TEXT, status TEXT, count INT, date TEXT) ENGINE=InnoDB DEFAULT CHARSET=utf8:successful"
2023-01-19 09:09:50 I Carro Print           "CREATE TABLE IF NOT EXISTS alluserstories (                 id INT, uniqueid TEXT, name TEXT, status TEXT, rel TEXT) ENGINE=InnoDB DEFAULT CHARSET=utf8:successful"
2023-01-19 09:09:50 I Carro Print           "DELETE FROM userstories WHERE date='2023-01-19':successful"
2023-01-19 09:09:50 I Carro Print           "INSERT INTO userstories (rel, status, count, date) SELECT rel, status, count((@rn := @rn + 1)) as count, '2023-01-19' as date FROM alluserstories cross join (select @rn := 0) const GROUP BY rel, status:successful"
2023-01-19 09:09:56 I Carro Get_alldefects  "[]"
2023-01-19 09:09:56 I Carro Print           "CREATE TABLE IF NOT EXISTS defects (                     rel TEXT, team TEXT, status TEXT, priority TEXT, count INT, date TEXT) ENGINE=InnoDB DEFAULT CHARSET=utf8:successful"
2023-01-19 09:09:56 I Carro Print           "CREATE TABLE IF NOT EXISTS alldefects (                     id INT, uniqueid TEXT, name TEXT, status TEXT, rel TEXT, team TEXT, priority TEXT, jira TEXT, upstream TEXT) ENGINE=InnoDB DEFAULT CHARSET=utf8:successful"
2023-01-19 09:09:56 I Carro Print           "DELETE FROM defects WHERE date='2023-01-19':successful"
2023-01-19 09:09:56 I Carro Print           "INSERT INTO defects (rel, team, status, count, date, priority) SELECT rel, team, status, count((@rn := @rn + 1)) as count, '2023-01-19' as date, priority FROM alldefects cross join (select @rn := 0) const GROUP BY rel, team, status, priority:successful"
2023-01-19 09:42:54 I Carro get_multipickli "ESW Platform Test don't find the mainteam name from G_parameter"
2023-01-19 09:43:07 I Carro get_multipickli "ESW Platform Test don't find the mainteam name from G_parameter"
2023-01-19 09:43:16 I Carro get_multipickli "ESW Platform Test don't find the mainteam name from G_parameter"
2023-01-19 09:46:54 I Carro get_multipickli "ESW Platform Test don't find the mainteam name from G_parameter"
2023-01-19 09:47:06 I Carro get_multipickli "ESW Platform Test don't find the mainteam name from G_parameter"
2023-01-19 09:47:17 I Carro get_multipickli "ESW Platform Test don't find the mainteam name from G_parameter"
2023-01-19 09:47:27 I Carro get_multipickli "ESW Platform Test don't find the mainteam name from G_parameter"
2023-01-19 09:48:03 I Carro get_multipickli "Digital Experience – Android don't find the mainteam name from G_parameter"
2023-01-19 09:48:05 I Carro get_multipickli "Digital Experience – IOS don't find the mainteam name from G_parameter"
2023-01-19 09:48:16 I Carro get_multipickli "Digital Experience – Android don't find the mainteam name from G_parameter"
2023-01-19 09:48:16 I Carro get_multipickli "Digital Experience – IOS don't find the mainteam name from G_parameter"
2023-01-19 09:48:28 I Carro get_multipickli "Digital Experience – Android don't find the mainteam name from G_parameter"
2023-01-19 09:48:28 I Carro get_multipickli "Digital Experience – IOS don't find the mainteam name from G_parameter"
2023-01-19 09:48:38 I Carro get_multipickli "Digital Experience – Android don't find the mainteam name from G_parameter"
2023-01-19 09:48:38 I Carro get_multipickli "Digital Experience – IOS don't find the mainteam name from G_parameter"
2023-01-19 09:48:47 I Carro get_multipickli "Digital Experience – Android don't find the mainteam name from G_parameter"
2023-01-19 09:48:47 I Carro get_multipickli "Digital Experience – IOS don't find the mainteam name from G_parameter"
2023-01-19 09:52:17 I Carro get_multipickli "Unassigned don't find the mainteam name from G_parameter"
2023-01-19 09:52:39 I Carro get_multipickli "Unassigned don't find the mainteam name from G_parameter"
2023-01-19 09:53:00 I Carro get_multipickli "Unassigned don't find the mainteam name from G_parameter"
2023-01-19 09:53:21 I Carro get_multipickli "Unassigned don't find the mainteam name from G_parameter"
2023-01-19 09:54:28 I Carro get_multipickli "Unassigned don't find the mainteam name from G_parameter"
2023-01-19 09:56:23 I Carro get_multipickli "Unassigned don't find the mainteam name from G_parameter"
2023-01-19 09:59:29 I Carro get_multipickli "Unassigned don't find the mainteam name from G_parameter"
2023-01-19 10:01:28 I Carro get_multipickli "Unassigned don't find the mainteam name from G_parameter"
2023-01-19 10:12:00 I Carro get_multipickli "Unassigned don't find the mainteam name from G_parameter"
2023-01-19 10:16:16 I Carro get_multipickli "Unassigned don't find the mainteam name from G_parameter"
2023-01-19 10:16:35 I Carro Print           "DROP TABLE IF EXISTS allrequirements:successful"
2023-01-19 10:16:35 I Carro Print           "DROP TABLE IF EXISTS allcoverage:successful"
2023-01-19 10:16:35 I Carro Print           "CREATE TABLE IF NOT EXISTS requirements (                        rel TEXT, status TEXT, count INT, date TEXT) ENGINE=InnoDB DEFAULT CHARSET=utf8:successful"
2023-01-19 10:16:35 I Carro Print           "CREATE TABLE IF NOT EXISTS allrequirements (                        id INT, uniqueid TEXT, name TEXT, status TEXT, rel TEXT, upstream TEXT, downstream TEXT, team TEXT, test_status TEXT) ENGINE=InnoDB DEFAULT CHARSET=utf8:successful"
2023-01-19 10:16:35 I Carro Print           "CREATE TABLE IF NOT EXISTS coverage (                        team text, covered int, expected int, date text) ENGINE=InnoDB DEFAULT CHARSET=utf8:successful"
2023-01-19 10:16:35 I Carro Print           "CREATE TABLE IF NOT EXISTS allcoverage (                        id INT, uniqueid TEXT, name TEXT, status TEXT, rel TEXT, verify TEXT, missing TEXT) ENGINE=InnoDB DEFAULT CHARSET=utf8:successful"
2023-01-19 10:16:35 I Carro Print           "DELETE FROM requirements WHERE date='2023-01-19':successful"
2023-01-19 10:16:35 I Carro Print           "DELETE FROM coverage WHERE date='2023-01-19':successful"
2023-01-19 10:16:35 I Carro Print           "INSERT INTO requirements (rel, status, count, date) SELECT rel, status, count((@rn := @rn + 1)) as count, '2023-01-19' as date FROM allrequirements cross join (select @rn := 0) const GROUP BY rel, status:successful"
2023-01-19 10:16:35 I Carro Print           "CREATE TABLE IF NOT EXISTS feattest (rel TEXT, status TEXT, count TEXT, date TEXT) ENGINE=InnoDB DEFAULT CHARSET=utf8:successful"
2023-01-19 10:16:35 I Carro Print           "CREATE TABLE IF NOT EXISTS reqtest (rel TEXT, status TEXT, count TEXT, date TEXT) ENGINE=InnoDB DEFAULT CHARSET=utf8:successful"
2023-01-19 10:16:36 I Carro Print           "SELECT id FROM allfeatures:successful"
2023-01-19 10:16:36 I Carro Print           "SELECT id,upstream,downstream,team FROM allrequirements:successful"
2023-01-19 10:16:36 I Carro Print           "SELECT id FROM allcoverage:successful"
2023-01-19 10:16:36 I Carro Print           "SELECT * FROM testcases:successful"
2023-01-19 11:24:27 I Carro Print           "Connet 20597 successfully!!!"
2023-01-19 11:24:27 I Carro Get_alltests    "Get project name:Carrot id:20597 all testplans"
2023-01-19 11:24:29 I Carro Get_alltests    "{9261347: {'id': 9261347, 'name': 'ESW test plan', 'archived': False, 'index': '9261347:ESW test plan'}, 9454300: {'id': 9454300, 'name': 'MRY_HW Test Plan', 'archived': False, 'index': '9454300:MRY_HW Test Plan'}, 9254204: {'id': 9254204, 'name': 'Packaging Transportation Test', 'archived': False, 'index': '9254204:Packaging Transportation Test'}, 9314448: {'id': 9314448, 'name': 'Product Verification Test Plan', 'archived': False, 'index': '9314448:Product Verification Test Plan'}}"
2023-01-19 11:24:29 I Carro Get_alltests    "Get project name:Carrot id:20597 all testplans successful!!!"
2023-01-19 11:25:30 I Carro tidy_alltestcas "29"
2023-01-19 11:25:45 I Carro Print           "DROP TABLE IF EXISTS testcases:successful"
2023-01-19 11:25:45 I Carro Print           "CREATE TABLE IF NOT EXISTS testcases (                             testplan_id INT,                             testplan_name TEXT,                             testgroup_id INT,                             testgroup_name TEXT,                             testcycle_id INT,                             testcycle_name TEXT,                             rel TEXT,                             id INT,                             uniqueid TEXT,                             name TEXT,                             status TEXT,                             upstream TEXT,                             downstream TEXT,                             executionDate TEXT) ENGINE=InnoDB DEFAULT CHARSET=utf8:successful"
2023-01-19 11:25:45 I Carro update_database "Insert testcases table successful"
2023-01-19 11:25:45 I Carro Print           "CREATE TABLE IF NOT EXISTS tests (                             testplan_id INT,                             testplan_name TEXT,                             testplan_status TEXT,                             rel TEXT, status TEXT,                             count INT, date TEXT) ENGINE=InnoDB DEFAULT CHARSET=utf8:successful"
2023-01-19 11:25:45 I Carro Print           "DELETE FROM tests WHERE date='2023-01-19':successful"
2023-01-19 11:25:45 I Carro Print           "SELECT testplan_id FROM tests GROUP BY testplan_id:successful"
2023-01-19 11:25:45 I Carro Print           "SELECT testplan_name FROM tests WHERE testplan_id=9454300 LIMIT 1:successful"
2023-01-19 11:25:45 I Carro Print           "UPDATE tests SET testplan_status='Active' WHERE testplan_id=9454300:successful"
2023-01-19 11:25:45 I Carro Print           "SELECT testplan_name FROM tests WHERE testplan_id=9254204 LIMIT 1:successful"
2023-01-19 11:25:45 I Carro Print           "UPDATE tests SET testplan_status='Active' WHERE testplan_id=9254204:successful"
2023-01-19 11:25:45 I Carro Print           "SELECT testplan_name FROM tests WHERE testplan_id=9314448 LIMIT 1:successful"
2023-01-19 11:25:45 I Carro Print           "UPDATE tests SET testplan_status='Active' WHERE testplan_id=9314448:successful"
2023-01-19 11:25:45 I Carro Print           "INSERT INTO tests (testplan_id, testplan_name, testplan_status, rel, status, count, date) SELECT testplan_id, testplan_name, 'Active' as testplan_status, rel, status, count((@rn := @rn + 1)) as count, '2023-01-19' as date FROM testcases cross join (select @rn := 0) const GROUP BY testplan_id, rel, status:successful"
2023-01-19 11:25:45 I Carro update_database "Insert tests table successful"
2023-01-19 11:25:45 I Carro Print           "CREATE TABLE IF NOT EXISTS testapproval (                                 rel TEXT, team TEXT, status TEXT, upstream TEXT, count INT, date TEXT                                 ) ENGINE=InnoDB DEFAULT CHARSET=utf8:successful"
2023-01-19 11:25:45 I Carro Print           "DROP TABLE IF EXISTS alltestapproval:successful"
2023-01-19 11:25:45 I Carro Print           "CREATE TABLE IF NOT EXISTS alltestapproval (                                 id INT, uniqueid TEXT, name TEXT, status TEXT, rel TEXT, team TEXT, upstream TEXT                                 ) ENGINE=InnoDB DEFAULT CHARSET=utf8:successful"
2023-01-19 11:25:45 I Carro Print           "DELETE FROM testapproval WHERE date='2023-01-19':successful"
2023-01-19 11:25:45 I Carro Print           "INSERT INTO testapproval (rel, team, status, count, date, upstream) SELECT rel, team, status, count((@rn := @rn + 1)) as count, '2023-01-19' as date, upstream FROM alltestapproval cross join (select @rn := 0) const GROUP BY rel, team, status, upstream:successful"
2023-01-19 11:25:47 I Carro Get_allfeatuers "[]"
2023-01-19 11:25:47 I Carro Print           "CREATE TABLE IF NOT EXISTS features (                                rel TEXT, status TEXT, count INT, date TEXT) ENGINE=InnoDB DEFAULT CHARSET=utf8:successful"
2023-01-19 11:25:47 I Carro Print           "CREATE TABLE IF NOT EXISTS allfeatures (                                id INT, uniqueid TEXT, name TEXT, status TEXT, rel TEXT,test_status TEXT) ENGINE=InnoDB DEFAULT CHARSET=utf8:successful"
2023-01-19 11:25:47 I Carro Print           "DELETE FROM features WHERE date='2023-01-19':successful"
2023-01-19 11:25:47 I Carro Print           "INSERT INTO features (rel, status, count, date)                                 SELECT rel, status, count((@rn := @rn + 1)) as count, '2023-01-19' as date FROM allfeatures cross join (select @rn := 0) const GROUP BY rel, status:successful"
2023-01-19 11:25:49 I Carro Get_allchangere "[]"
2023-01-19 11:25:49 I Carro Print           "CREATE TABLE IF NOT EXISTS changes (                                 rel TEXT, status TEXT, priority TEXT,                                 requester TEXT, date TEXT, count INT) ENGINE=InnoDB DEFAULT CHARSET=utf8:successful"
2023-01-19 11:25:49 I Carro Print           "CREATE TABLE IF NOT EXISTS allchanges (                                 id INT, uniqueid TEXT, name TEXT,                                 status TEXT, rel TEXT, priority TEXT,                                 requester TEXT) ENGINE=InnoDB DEFAULT CHARSET=utf8:successful"
2023-01-19 11:25:49 I Carro Print           "DELETE FROM changes WHERE date='2023-01-19':successful"
2023-01-19 11:25:49 I Carro Print           "INSERT INTO changes (                                 rel, status, priority, requester, date, count)                                 SELECT rel, status, priority, requester, '2023-01-19' as date, count((@rn := @rn + 1)) as count FROM allchanges                                 cross join (select @rn := 0) const GROUP BY rel, status, priority, requester:successful"
2023-01-19 11:25:51 I Carro Print           "CREATE TABLE IF NOT EXISTS designspec (                            rel TEXT, team TEXT, status TEXT, count INT, date text) ENGINE=InnoDB DEFAULT CHARSET=utf8:successful"
2023-01-19 11:25:51 I Carro Print           "CREATE TABLE IF NOT EXISTS alldesignspec (                             id INT, uniqueid TEXT, name TEXT, status TEXT, rel TEXT, team TEXT) ENGINE=InnoDB DEFAULT CHARSET=utf8:successful"
2023-01-19 11:25:51 I Carro Print           "DELETE FROM designspec WHERE date='2023-01-19':successful"
2023-01-19 11:25:51 I Carro Print           "INSERT INTO designspec (rel, team, status, count, date) SELECT rel, team, status, count((@rn := @rn + 1)) as count, '2023-01-19' as date FROM alldesignspec cross join (select @rn := 0) const GROUP BY rel, team, status:successful"
2023-01-19 11:25:55 I Carro Get_alluserstor "[]"
2023-01-19 11:25:55 I Carro Print           "CREATE TABLE IF NOT EXISTS userstories (                 rel TEXT, status TEXT, count INT, date TEXT) ENGINE=InnoDB DEFAULT CHARSET=utf8:successful"
2023-01-19 11:25:55 I Carro Print           "CREATE TABLE IF NOT EXISTS alluserstories (                 id INT, uniqueid TEXT, name TEXT, status TEXT, rel TEXT) ENGINE=InnoDB DEFAULT CHARSET=utf8:successful"
2023-01-19 11:25:55 I Carro Print           "DELETE FROM userstories WHERE date='2023-01-19':successful"
2023-01-19 11:25:55 I Carro Print           "INSERT INTO userstories (rel, status, count, date) SELECT rel, status, count((@rn := @rn + 1)) as count, '2023-01-19' as date FROM alluserstories cross join (select @rn := 0) const GROUP BY rel, status:successful"
2023-01-19 11:25:59 I Carro Get_alldefects  "[]"
2023-01-19 11:25:59 I Carro Print           "CREATE TABLE IF NOT EXISTS defects (                     rel TEXT, team TEXT, status TEXT, priority TEXT, count INT, date TEXT) ENGINE=InnoDB DEFAULT CHARSET=utf8:successful"
2023-01-19 11:25:59 I Carro Print           "CREATE TABLE IF NOT EXISTS alldefects (                     id INT, uniqueid TEXT, name TEXT, status TEXT, rel TEXT, team TEXT, priority TEXT, jira TEXT, upstream TEXT) ENGINE=InnoDB DEFAULT CHARSET=utf8:successful"
2023-01-19 11:25:59 I Carro Print           "DELETE FROM defects WHERE date='2023-01-19':successful"
2023-01-19 11:25:59 I Carro Print           "INSERT INTO defects (rel, team, status, count, date, priority) SELECT rel, team, status, count((@rn := @rn + 1)) as count, '2023-01-19' as date, priority FROM alldefects cross join (select @rn := 0) const GROUP BY rel, team, status, priority:successful"
2023-01-19 11:52:05 I Carro get_multipickli "ESW Platform Test don't find the mainteam name from G_parameter"
2023-01-19 11:52:13 I Carro get_multipickli "ESW Platform Test don't find the mainteam name from G_parameter"
2023-01-19 11:52:20 I Carro get_multipickli "ESW Platform Test don't find the mainteam name from G_parameter"
2023-01-19 11:54:33 I Carro get_multipickli "ESW Platform Test don't find the mainteam name from G_parameter"
2023-01-19 11:54:52 I Carro get_multipickli "ESW Platform Test don't find the mainteam name from G_parameter"
2023-01-19 11:55:09 I Carro get_multipickli "ESW Platform Test don't find the mainteam name from G_parameter"
2023-01-19 11:55:23 I Carro get_multipickli "ESW Platform Test don't find the mainteam name from G_parameter"
2023-01-19 11:56:32 I Carro get_multipickli "Digital Experience – Android don't find the mainteam name from G_parameter"
2023-01-19 11:56:38 I Carro get_multipickli "Digital Experience – IOS don't find the mainteam name from G_parameter"
2023-01-19 11:56:56 I Carro get_multipickli "Digital Experience – Android don't find the mainteam name from G_parameter"
2023-01-19 11:56:56 I Carro get_multipickli "Digital Experience – IOS don't find the mainteam name from G_parameter"
2023-01-19 11:57:04 I Carro get_multipickli "Digital Experience – Android don't find the mainteam name from G_parameter"
2023-01-19 11:57:04 I Carro get_multipickli "Digital Experience – IOS don't find the mainteam name from G_parameter"
2023-01-19 11:57:08 I Carro get_multipickli "Digital Experience – Android don't find the mainteam name from G_parameter"
2023-01-19 11:57:08 I Carro get_multipickli "Digital Experience – IOS don't find the mainteam name from G_parameter"
2023-01-19 11:57:14 I Carro get_multipickli "Digital Experience – Android don't find the mainteam name from G_parameter"
2023-01-19 11:57:14 I Carro get_multipickli "Digital Experience – IOS don't find the mainteam name from G_parameter"
2023-01-19 11:58:38 I Carro get_multipickli "Unassigned don't find the mainteam name from G_parameter"
2023-01-19 11:58:42 I Carro get_multipickli "Unassigned don't find the mainteam name from G_parameter"
2023-01-19 11:58:49 I Carro get_multipickli "Unassigned don't find the mainteam name from G_parameter"
2023-01-19 11:58:55 I Carro get_multipickli "Unassigned don't find the mainteam name from G_parameter"
2023-01-19 11:59:12 I Carro get_multipickli "Unassigned don't find the mainteam name from G_parameter"
2023-01-19 11:59:35 I Carro get_multipickli "Unassigned don't find the mainteam name from G_parameter"
2023-01-19 12:00:17 I Carro get_multipickli "Unassigned don't find the mainteam name from G_parameter"
2023-01-19 12:00:45 I Carro get_multipickli "Unassigned don't find the mainteam name from G_parameter"
2023-01-19 12:05:24 I Carro get_multipickli "Unassigned don't find the mainteam name from G_parameter"
2023-01-19 12:08:13 I Carro get_multipickli "Unassigned don't find the mainteam name from G_parameter"
2023-01-19 12:08:25 I Carro Print           "DROP TABLE IF EXISTS allrequirements:successful"
2023-01-19 12:08:25 I Carro Print           "DROP TABLE IF EXISTS allcoverage:successful"
2023-01-19 12:08:25 I Carro Print           "CREATE TABLE IF NOT EXISTS requirements (                        rel TEXT, status TEXT, count INT, date TEXT) ENGINE=InnoDB DEFAULT CHARSET=utf8:successful"
2023-01-19 12:08:25 I Carro Print           "CREATE TABLE IF NOT EXISTS allrequirements (                        id INT, uniqueid TEXT, name TEXT, status TEXT, rel TEXT, upstream TEXT, downstream TEXT, team TEXT, test_status TEXT) ENGINE=InnoDB DEFAULT CHARSET=utf8:successful"
2023-01-19 12:08:25 I Carro Print           "CREATE TABLE IF NOT EXISTS coverage (                        team text, covered int, expected int, date text) ENGINE=InnoDB DEFAULT CHARSET=utf8:successful"
2023-01-19 12:08:25 I Carro Print           "CREATE TABLE IF NOT EXISTS allcoverage (                        id INT, uniqueid TEXT, name TEXT, status TEXT, rel TEXT, verify TEXT, missing TEXT) ENGINE=InnoDB DEFAULT CHARSET=utf8:successful"
2023-01-19 12:08:25 I Carro Print           "DELETE FROM requirements WHERE date='2023-01-19':successful"
2023-01-19 12:08:25 I Carro Print           "DELETE FROM coverage WHERE date='2023-01-19':successful"
2023-01-19 12:08:26 I Carro Print           "INSERT INTO requirements (rel, status, count, date) SELECT rel, status, count((@rn := @rn + 1)) as count, '2023-01-19' as date FROM allrequirements cross join (select @rn := 0) const GROUP BY rel, status:successful"
2023-01-19 12:08:26 I Carro Print           "CREATE TABLE IF NOT EXISTS feattest (rel TEXT, status TEXT, count TEXT, date TEXT) ENGINE=InnoDB DEFAULT CHARSET=utf8:successful"
2023-01-19 12:08:26 I Carro Print           "CREATE TABLE IF NOT EXISTS reqtest (rel TEXT, status TEXT, count TEXT, date TEXT) ENGINE=InnoDB DEFAULT CHARSET=utf8:successful"
2023-01-19 12:08:26 I Carro Print           "SELECT id FROM allfeatures:successful"
2023-01-19 12:08:26 I Carro Print           "SELECT id,upstream,downstream,team FROM allrequirements:successful"
2023-01-19 12:08:26 I Carro Print           "SELECT id FROM allcoverage:successful"
2023-01-19 12:08:26 I Carro Print           "SELECT * FROM testcases:successful"
