2023-01-19 09:20:44 I Cypre Print           "Connet 20596 successfully!!!"
2023-01-19 09:20:44 I Cypre Get_alltests    "Get project name:Cypress id:20596 all testplans"
2023-01-19 09:20:50 I Cypre Get_alltests    "{10132963: {'id': 10132963, 'name': 'Audio test plan', 'archived': False, 'index': '10132963:Audio test plan'}, 9464381: {'id': 9464381, 'name': 'ESW Test Plan', 'archived': False, 'index': '9464381:ESW Test Plan'}, 9437977: {'id': 9437977, 'name': 'HW DVT Plan', 'archived': False, 'index': '9437977:HW DVT Plan'}, 9878823: {'id': 9878823, 'name': 'Packaging Test Plan', 'archived': False, 'index': '9878823:Packaging Test Plan'}, 9236187: {'id': 9236187, 'name': 'Product Verification Test Plan', 'archived': False, 'index': '9236187:Product Verification Test Plan'}, 9482881: {'id': 9482881, 'name': 'Regulatory Compliance Plan', 'archived': False, 'index': '9482881:Regulatory Compliance Plan'}, 9527168: {'id': 9527168, 'name': 'RF Test Plan', 'archived': False, 'index': '9527168:RF Test Plan'}}"
2023-01-19 09:20:50 I Cypre Get_alltests    "Get project name:Cypress id:20596 all testplans successful!!!"
2023-01-19 09:28:02 I Cypre tidy_alltestcas "1876"
2023-01-19 09:32:58 I Cypre Print           "DROP TABLE IF EXISTS testcases:successful"
2023-01-19 09:32:58 I Cypre Print           "CREATE TABLE IF NOT EXISTS testcases (                             testplan_id INT,                             testplan_name TEXT,                             testgroup_id INT,                             testgroup_name TEXT,                             testcycle_id INT,                             testcycle_name TEXT,                             rel TEXT,                             id INT,                             uniqueid TEXT,                             name TEXT,                             status TEXT,                             upstream TEXT,                             downstream TEXT,                             executionDate TEXT) ENGINE=InnoDB DEFAULT CHARSET=utf8:successful"
2023-01-19 09:32:58 I Cypre update_database "Insert testcases table successful"
2023-01-19 09:32:58 I Cypre Print           "CREATE TABLE IF NOT EXISTS tests (                             testplan_id INT,                             testplan_name TEXT,                             testplan_status TEXT,                             rel TEXT, status TEXT,                             count INT, date TEXT) ENGINE=InnoDB DEFAULT CHARSET=utf8:successful"
2023-01-19 09:32:58 I Cypre Print           "DELETE FROM tests WHERE date='2023-01-19':successful"
2023-01-19 09:32:58 I Cypre Print           "SELECT testplan_id FROM tests GROUP BY testplan_id:successful"
2023-01-19 09:32:58 I Cypre Print           "SELECT testplan_name FROM tests WHERE testplan_id=10132963 LIMIT 1:successful"
2023-01-19 09:32:58 I Cypre Print           "UPDATE tests SET testplan_status='Active' WHERE testplan_id=10132963:successful"
2023-01-19 09:32:58 I Cypre Print           "SELECT testplan_name FROM tests WHERE testplan_id=9464381 LIMIT 1:successful"
2023-01-19 09:32:58 I Cypre Print           "UPDATE tests SET testplan_status='Active' WHERE testplan_id=9464381:successful"
2023-01-19 09:32:58 I Cypre Print           "SELECT testplan_name FROM tests WHERE testplan_id=9437977 LIMIT 1:successful"
2023-01-19 09:32:58 I Cypre Print           "UPDATE tests SET testplan_status='Active' WHERE testplan_id=9437977:successful"
2023-01-19 09:32:58 I Cypre Print           "SELECT testplan_name FROM tests WHERE testplan_id=9878823 LIMIT 1:successful"
2023-01-19 09:32:58 I Cypre Print           "UPDATE tests SET testplan_status='Active' WHERE testplan_id=9878823:successful"
2023-01-19 09:32:58 I Cypre Print           "SELECT testplan_name FROM tests WHERE testplan_id=9236187 LIMIT 1:successful"
2023-01-19 09:32:58 I Cypre Print           "UPDATE tests SET testplan_status='Active' WHERE testplan_id=9236187:successful"
2023-01-19 09:32:58 I Cypre Print           "SELECT testplan_name FROM tests WHERE testplan_id=9482881 LIMIT 1:successful"
2023-01-19 09:32:58 I Cypre Print           "UPDATE tests SET testplan_status='Active' WHERE testplan_id=9482881:successful"
2023-01-19 09:32:58 I Cypre Print           "SELECT testplan_name FROM tests WHERE testplan_id=9527168 LIMIT 1:successful"
2023-01-19 09:32:58 I Cypre Print           "UPDATE tests SET testplan_status='Active' WHERE testplan_id=9527168:successful"
2023-01-19 09:32:58 I Cypre Print           "INSERT INTO tests (testplan_id, testplan_name, testplan_status, rel, status, count, date) SELECT testplan_id, testplan_name, 'Active' as testplan_status, rel, status, count((@rn := @rn + 1)) as count, '2023-01-19' as date FROM testcases cross join (select @rn := 0) const GROUP BY testplan_id, rel, status:successful"
2023-01-19 09:32:58 I Cypre update_database "Insert tests table successful"
2023-01-19 09:32:58 I Cypre Print           "CREATE TABLE IF NOT EXISTS testapproval (                                 rel TEXT, team TEXT, status TEXT, upstream TEXT, count INT, date TEXT                                 ) ENGINE=InnoDB DEFAULT CHARSET=utf8:successful"
2023-01-19 09:32:58 I Cypre Print           "DROP TABLE IF EXISTS alltestapproval:successful"
2023-01-19 09:32:58 I Cypre Print           "CREATE TABLE IF NOT EXISTS alltestapproval (                                 id INT, uniqueid TEXT, name TEXT, status TEXT, rel TEXT, team TEXT, upstream TEXT                                 ) ENGINE=InnoDB DEFAULT CHARSET=utf8:successful"
2023-01-19 09:32:58 I Cypre Print           "DELETE FROM testapproval WHERE date='2023-01-19':successful"
2023-01-19 09:32:59 I Cypre Print           "INSERT INTO testapproval (rel, team, status, count, date, upstream) SELECT rel, team, status, count((@rn := @rn + 1)) as count, '2023-01-19' as date, upstream FROM alltestapproval cross join (select @rn := 0) const GROUP BY rel, team, status, upstream:successful"
2023-01-19 09:33:07 I Cypre Get_allfeatuers "[]"
2023-01-19 09:33:07 I Cypre Print           "CREATE TABLE IF NOT EXISTS features (                                rel TEXT, status TEXT, count INT, date TEXT) ENGINE=InnoDB DEFAULT CHARSET=utf8:successful"
2023-01-19 09:33:07 I Cypre Print           "CREATE TABLE IF NOT EXISTS allfeatures (                                id INT, uniqueid TEXT, name TEXT, status TEXT, rel TEXT,test_status TEXT) ENGINE=InnoDB DEFAULT CHARSET=utf8:successful"
2023-01-19 09:33:07 I Cypre Print           "DELETE FROM features WHERE date='2023-01-19':successful"
2023-01-19 09:33:07 I Cypre Print           "DELETE FROM allfeatures WHERE id=18970216:successful"
2023-01-19 09:33:07 I Cypre Print           "DELETE FROM allfeatures WHERE id=18942693:successful"
2023-01-19 09:33:07 I Cypre Print           "DELETE FROM allfeatures WHERE id=18747239:successful"
2023-01-19 09:33:07 I Cypre Print           "DELETE FROM allfeatures WHERE id=18461166:successful"
2023-01-19 09:33:07 I Cypre Print           "DELETE FROM allfeatures WHERE id=18359586:successful"
2023-01-19 09:33:07 I Cypre Print           "DELETE FROM allfeatures WHERE id=17606202:successful"
2023-01-19 09:33:07 I Cypre Print           "DELETE FROM allfeatures WHERE id=17606128:successful"
2023-01-19 09:33:07 I Cypre Print           "DELETE FROM allfeatures WHERE id=17605354:successful"
2023-01-19 09:33:07 I Cypre Print           "INSERT INTO features (rel, status, count, date)                                 SELECT rel, status, count((@rn := @rn + 1)) as count, '2023-01-19' as date FROM allfeatures cross join (select @rn := 0) const GROUP BY rel, status:successful"
2023-01-19 09:33:15 I Cypre Get_allchangere "[{'id': 10370475, 'name': 'Cypress app configuration update', 'documentKey': 'Cyp-CR-17', 'statusId': 156410, 'status': 'Approved', 'priorityId': 156643, 'priority': 'Not defined', 'req': 'UX'}]"
2023-01-19 09:33:15 I Cypre Print           "CREATE TABLE IF NOT EXISTS changes (                                 rel TEXT, status TEXT, priority TEXT,                                 requester TEXT, date TEXT, count INT) ENGINE=InnoDB DEFAULT CHARSET=utf8:successful"
2023-01-19 09:33:15 I Cypre Print           "CREATE TABLE IF NOT EXISTS allchanges (                                 id INT, uniqueid TEXT, name TEXT,                                 status TEXT, rel TEXT, priority TEXT,                                 requester TEXT) ENGINE=InnoDB DEFAULT CHARSET=utf8:successful"
2023-01-19 09:33:15 I Cypre Print           "DELETE FROM changes WHERE date='2023-01-19':successful"
2023-01-19 09:33:15 I Cypre Print           "DELETE FROM allchanges WHERE id=10370475:successful"
2023-01-19 09:33:15 I Cypre Print           "INSERT INTO changes (                                 rel, status, priority, requester, date, count)                                 SELECT rel, status, priority, requester, '2023-01-19' as date, count((@rn := @rn + 1)) as count FROM allchanges                                 cross join (select @rn := 0) const GROUP BY rel, status, priority, requester:successful"
2023-01-19 09:33:50 I Cypre Print           "CREATE TABLE IF NOT EXISTS designspec (                            rel TEXT, team TEXT, status TEXT, count INT, date text) ENGINE=InnoDB DEFAULT CHARSET=utf8:successful"
2023-01-19 09:33:50 I Cypre Print           "CREATE TABLE IF NOT EXISTS alldesignspec (                             id INT, uniqueid TEXT, name TEXT, status TEXT, rel TEXT, team TEXT) ENGINE=InnoDB DEFAULT CHARSET=utf8:successful"
2023-01-19 09:33:50 I Cypre Print           "DELETE FROM designspec WHERE date='2023-01-19':successful"
2023-01-19 09:33:50 I Cypre Print           "DELETE FROM alldesignspec WHERE id=9872474:successful"
2023-01-19 09:33:50 I Cypre Print           "DELETE FROM alldesignspec WHERE id=10338869:successful"
2023-01-19 09:33:50 I Cypre Print           "DELETE FROM alldesignspec WHERE id=9492245:successful"
2023-01-19 09:33:50 I Cypre Print           "DELETE FROM alldesignspec WHERE id=10341269:successful"
2023-01-19 09:33:50 I Cypre Print           "DELETE FROM alldesignspec WHERE id=10341742:successful"
2023-01-19 09:33:50 I Cypre Print           "DELETE FROM alldesignspec WHERE id=10338927:successful"
2023-01-19 09:33:50 I Cypre Print           "DELETE FROM alldesignspec WHERE id=10341060:successful"
2023-01-19 09:33:50 I Cypre Print           "DELETE FROM alldesignspec WHERE id=10375839:successful"
2023-01-19 09:33:50 I Cypre Print           "DELETE FROM alldesignspec WHERE id=9517280:successful"
2023-01-19 09:33:50 I Cypre Print           "DELETE FROM alldesignspec WHERE id=9517387:successful"
2023-01-19 09:33:50 I Cypre Print           "DELETE FROM alldesignspec WHERE id=10341813:successful"
2023-01-19 09:33:50 I Cypre Print           "DELETE FROM alldesignspec WHERE id=10341803:successful"
2023-01-19 09:33:50 I Cypre Print           "DELETE FROM alldesignspec WHERE id=9872532:successful"
2023-01-19 09:33:50 I Cypre Print           "DELETE FROM alldesignspec WHERE id=9866975:successful"
2023-01-19 09:33:50 I Cypre Print           "DELETE FROM alldesignspec WHERE id=9867199:successful"
2023-01-19 09:33:50 I Cypre Print           "DELETE FROM alldesignspec WHERE id=10335009:successful"
2023-01-19 09:33:50 I Cypre Print           "DELETE FROM alldesignspec WHERE id=10375101:successful"
2023-01-19 09:33:50 I Cypre Print           "DELETE FROM alldesignspec WHERE id=10374865:successful"
2023-01-19 09:33:50 I Cypre Print           "DELETE FROM alldesignspec WHERE id=10375038:successful"
2023-01-19 09:33:50 I Cypre Print           "DELETE FROM alldesignspec WHERE id=10335180:successful"
2023-01-19 09:33:50 I Cypre Print           "DELETE FROM alldesignspec WHERE id=10337086:successful"
2023-01-19 09:33:50 I Cypre Print           "DELETE FROM alldesignspec WHERE id=10375069:successful"
2023-01-19 09:33:50 I Cypre Print           "DELETE FROM alldesignspec WHERE id=10337143:successful"
2023-01-19 09:33:50 I Cypre Print           "INSERT INTO designspec (rel, team, status, count, date) SELECT rel, team, status, count((@rn := @rn + 1)) as count, '2023-01-19' as date FROM alldesignspec cross join (select @rn := 0) const GROUP BY rel, team, status:successful"
2023-01-19 09:33:58 I Cypre Get_alluserstor "[]"
2023-01-19 09:33:58 I Cypre Print           "CREATE TABLE IF NOT EXISTS userstories (                 rel TEXT, status TEXT, count INT, date TEXT) ENGINE=InnoDB DEFAULT CHARSET=utf8:successful"
2023-01-19 09:33:58 I Cypre Print           "CREATE TABLE IF NOT EXISTS alluserstories (                 id INT, uniqueid TEXT, name TEXT, status TEXT, rel TEXT) ENGINE=InnoDB DEFAULT CHARSET=utf8:successful"
2023-01-19 09:33:58 I Cypre Print           "DELETE FROM userstories WHERE date='2023-01-19':successful"
2023-01-19 09:33:58 I Cypre Print           "INSERT INTO userstories (rel, status, count, date) SELECT rel, status, count((@rn := @rn + 1)) as count, '2023-01-19' as date FROM alluserstories cross join (select @rn := 0) const GROUP BY rel, status:successful"
2023-01-19 09:46:41 I Cypre Print           "CREATE TABLE IF NOT EXISTS defects (                     rel TEXT, team TEXT, status TEXT, priority TEXT, count INT, date TEXT) ENGINE=InnoDB DEFAULT CHARSET=utf8:successful"
2023-01-19 09:46:41 I Cypre Print           "CREATE TABLE IF NOT EXISTS alldefects (                     id INT, uniqueid TEXT, name TEXT, status TEXT, rel TEXT, team TEXT, priority TEXT, jira TEXT, upstream TEXT) ENGINE=InnoDB DEFAULT CHARSET=utf8:successful"
2023-01-19 09:46:41 I Cypre Print           "DELETE FROM defects WHERE date='2023-01-19':successful"
2023-01-19 09:46:41 I Cypre Print           "DELETE FROM alldefects WHERE id = 10059392:successful"
2023-01-19 09:46:41 I Cypre Print           "DELETE FROM alldefects WHERE id = 10075528:successful"
2023-01-19 09:46:41 I Cypre Print           "DELETE FROM alldefects WHERE id = 10075542:successful"
2023-01-19 09:46:41 I Cypre Print           "DELETE FROM alldefects WHERE id = 10077014:successful"
2023-01-19 09:46:41 I Cypre Print           "DELETE FROM alldefects WHERE id = 10084034:successful"
2023-01-19 09:46:41 I Cypre Print           "DELETE FROM alldefects WHERE id = 10084042:successful"
2023-01-19 09:46:41 I Cypre Print           "DELETE FROM alldefects WHERE id = 10084101:successful"
2023-01-19 09:46:41 I Cypre Print           "DELETE FROM alldefects WHERE id = 10084127:successful"
2023-01-19 09:46:41 I Cypre Print           "DELETE FROM alldefects WHERE id = 10084160:successful"
2023-01-19 09:46:41 I Cypre Print           "DELETE FROM alldefects WHERE id = 10084176:successful"
2023-01-19 09:46:41 I Cypre Print           "DELETE FROM alldefects WHERE id = 10084190:successful"
2023-01-19 09:46:41 I Cypre Print           "DELETE FROM alldefects WHERE id = 10084522:successful"
2023-01-19 09:46:41 I Cypre Print           "DELETE FROM alldefects WHERE id = 10084549:successful"
2023-01-19 09:46:41 I Cypre Print           "DELETE FROM alldefects WHERE id = 10089735:successful"
2023-01-19 09:46:41 I Cypre Print           "DELETE FROM alldefects WHERE id = 10134862:successful"
2023-01-19 09:46:41 I Cypre Print           "DELETE FROM alldefects WHERE id = 10135238:successful"
2023-01-19 09:46:41 I Cypre Print           "DELETE FROM alldefects WHERE id = 10135340:successful"
2023-01-19 09:46:41 I Cypre Print           "DELETE FROM alldefects WHERE id = 10157991:successful"
2023-01-19 09:46:41 I Cypre Print           "DELETE FROM alldefects WHERE id = 10170398:successful"
2023-01-19 09:46:41 I Cypre Print           "DELETE FROM alldefects WHERE id = 10172102:successful"
2023-01-19 09:46:41 I Cypre Print           "DELETE FROM alldefects WHERE id = 10183993:successful"
2023-01-19 09:46:41 I Cypre Print           "DELETE FROM alldefects WHERE id = 10192654:successful"
2023-01-19 09:46:41 I Cypre Print           "DELETE FROM alldefects WHERE id = 10201429:successful"
2023-01-19 09:46:41 I Cypre Print           "DELETE FROM alldefects WHERE id = 10233138:successful"
2023-01-19 09:46:41 I Cypre Print           "DELETE FROM alldefects WHERE id = 10246592:successful"
2023-01-19 09:46:41 I Cypre Print           "DELETE FROM alldefects WHERE id = 10251602:successful"
2023-01-19 09:46:41 I Cypre Print           "DELETE FROM alldefects WHERE id = 10255958:successful"
2023-01-19 09:46:41 I Cypre Print           "DELETE FROM alldefects WHERE id = 10275264:successful"
2023-01-19 09:46:41 I Cypre Print           "DELETE FROM alldefects WHERE id = 10277174:successful"
2023-01-19 09:46:41 I Cypre Print           "DELETE FROM alldefects WHERE id = 10277256:successful"
2023-01-19 09:46:41 I Cypre Print           "DELETE FROM alldefects WHERE id = 10277546:successful"
2023-01-19 09:46:41 I Cypre Print           "DELETE FROM alldefects WHERE id = 10277611:successful"
2023-01-19 09:46:41 I Cypre Print           "DELETE FROM alldefects WHERE id = 10284926:successful"
2023-01-19 09:46:41 I Cypre Print           "DELETE FROM alldefects WHERE id = 10287765:successful"
2023-01-19 09:46:41 I Cypre Print           "DELETE FROM alldefects WHERE id = 10297257:successful"
2023-01-19 09:46:41 I Cypre Print           "DELETE FROM alldefects WHERE id = 10300653:successful"
2023-01-19 09:46:41 I Cypre Print           "DELETE FROM alldefects WHERE id = 10304026:successful"
2023-01-19 09:46:41 I Cypre Print           "DELETE FROM alldefects WHERE id = 10304048:successful"
2023-01-19 09:46:41 I Cypre Print           "DELETE FROM alldefects WHERE id = 10305169:successful"
2023-01-19 09:46:41 I Cypre Print           "DELETE FROM alldefects WHERE id = 10306011:successful"
2023-01-19 09:46:41 I Cypre Print           "DELETE FROM alldefects WHERE id = 10307777:successful"
2023-01-19 09:46:41 I Cypre Print           "DELETE FROM alldefects WHERE id = 10307782:successful"
2023-01-19 09:46:41 I Cypre Print           "DELETE FROM alldefects WHERE id = 10309262:successful"
2023-01-19 09:46:41 I Cypre Print           "DELETE FROM alldefects WHERE id = 10309279:successful"
2023-01-19 09:46:41 I Cypre Print           "DELETE FROM alldefects WHERE id = 10309420:successful"
2023-01-19 09:46:41 I Cypre Print           "DELETE FROM alldefects WHERE id = 10309448:successful"
2023-01-19 09:46:41 I Cypre Print           "DELETE FROM alldefects WHERE id = 10309579:successful"
2023-01-19 09:46:41 I Cypre Print           "DELETE FROM alldefects WHERE id = 10309824:successful"
2023-01-19 09:46:41 I Cypre Print           "DELETE FROM alldefects WHERE id = 10309843:successful"
2023-01-19 09:46:41 I Cypre Print           "DELETE FROM alldefects WHERE id = 10310201:successful"
2023-01-19 09:46:41 I Cypre Print           "DELETE FROM alldefects WHERE id = 10314280:successful"
2023-01-19 09:46:41 I Cypre Print           "DELETE FROM alldefects WHERE id = 10314422:successful"
2023-01-19 09:46:41 I Cypre Print           "DELETE FROM alldefects WHERE id = 10314457:successful"
2023-01-19 09:46:41 I Cypre Print           "DELETE FROM alldefects WHERE id = 10314940:successful"
2023-01-19 09:46:41 I Cypre Print           "DELETE FROM alldefects WHERE id = 10325630:successful"
2023-01-19 09:46:41 I Cypre Print           "DELETE FROM alldefects WHERE id = 10326864:successful"
2023-01-19 09:46:41 I Cypre Print           "DELETE FROM alldefects WHERE id = 10327770:successful"
2023-01-19 09:46:41 I Cypre Print           "DELETE FROM alldefects WHERE id = 10329088:successful"
2023-01-19 09:46:41 I Cypre Print           "DELETE FROM alldefects WHERE id = 10330412:successful"
2023-01-19 09:46:41 I Cypre Print           "DELETE FROM alldefects WHERE id = 10331177:successful"
2023-01-19 09:46:41 I Cypre Print           "DELETE FROM alldefects WHERE id = 10331312:successful"
2023-01-19 09:46:41 I Cypre Print           "DELETE FROM alldefects WHERE id = 10331425:successful"
2023-01-19 09:46:41 I Cypre Print           "DELETE FROM alldefects WHERE id = 10331694:successful"
2023-01-19 09:46:41 I Cypre Print           "DELETE FROM alldefects WHERE id = 10334325:successful"
2023-01-19 09:46:41 I Cypre Print           "DELETE FROM alldefects WHERE id = 10338866:successful"
2023-01-19 09:46:41 I Cypre Print           "DELETE FROM alldefects WHERE id = 10342244:successful"
2023-01-19 09:46:41 I Cypre Print           "DELETE FROM alldefects WHERE id = 10342256:successful"
2023-01-19 09:46:41 I Cypre Print           "DELETE FROM alldefects WHERE id = 10342321:successful"
2023-01-19 09:46:41 I Cypre Print           "DELETE FROM alldefects WHERE id = 10342333:successful"
2023-01-19 09:46:41 I Cypre Print           "DELETE FROM alldefects WHERE id = 10342388:successful"
2023-01-19 09:46:41 I Cypre Print           "DELETE FROM alldefects WHERE id = 10342396:successful"
2023-01-19 09:46:41 I Cypre Print           "DELETE FROM alldefects WHERE id = 10342400:successful"
2023-01-19 09:46:41 I Cypre Print           "DELETE FROM alldefects WHERE id = 10342402:successful"
2023-01-19 09:46:41 I Cypre Print           "DELETE FROM alldefects WHERE id = 10342411:successful"
2023-01-19 09:46:41 I Cypre Print           "DELETE FROM alldefects WHERE id = 10342412:successful"
2023-01-19 09:46:41 I Cypre Print           "DELETE FROM alldefects WHERE id = 10342420:successful"
2023-01-19 09:46:41 I Cypre Print           "DELETE FROM alldefects WHERE id = 10348893:successful"
2023-01-19 09:46:41 I Cypre Print           "DELETE FROM alldefects WHERE id = 10367048:successful"
2023-01-19 09:46:41 I Cypre Print           "DELETE FROM alldefects WHERE id = 10370424:successful"
2023-01-19 09:46:41 I Cypre Print           "DELETE FROM alldefects WHERE id = 10370543:successful"
2023-01-19 09:46:41 I Cypre Print           "DELETE FROM alldefects WHERE id = 10372506:successful"
2023-01-19 09:46:41 I Cypre Print           "DELETE FROM alldefects WHERE id = 10372512:successful"
2023-01-19 09:46:41 I Cypre Print           "DELETE FROM alldefects WHERE id = 10372667:successful"
2023-01-19 09:46:41 I Cypre Print           "DELETE FROM alldefects WHERE id = 10372816:successful"
2023-01-19 09:46:41 I Cypre Print           "DELETE FROM alldefects WHERE id = 10372903:successful"
2023-01-19 09:46:41 I Cypre Print           "DELETE FROM alldefects WHERE id = 10375701:successful"
2023-01-19 09:46:41 I Cypre Print           "DELETE FROM alldefects WHERE id = 10377145:successful"
2023-01-19 09:46:41 I Cypre Print           "DELETE FROM alldefects WHERE id = 10380254:successful"
2023-01-19 09:46:41 I Cypre Print           "DELETE FROM alldefects WHERE id = 10380356:successful"
2023-01-19 09:46:41 I Cypre Print           "DELETE FROM alldefects WHERE id = 10380389:successful"
2023-01-19 09:46:41 I Cypre Print           "DELETE FROM alldefects WHERE id = 10380425:successful"
2023-01-19 09:46:41 I Cypre Print           "DELETE FROM alldefects WHERE id = 10382020:successful"
2023-01-19 09:46:41 I Cypre Print           "DELETE FROM alldefects WHERE id = 10382032:successful"
2023-01-19 09:46:41 I Cypre Print           "DELETE FROM alldefects WHERE id = 10382779:successful"
2023-01-19 09:46:41 I Cypre Print           "DELETE FROM alldefects WHERE id = 10382782:successful"
2023-01-19 09:46:41 I Cypre Print           "DELETE FROM alldefects WHERE id = 10382797:successful"
2023-01-19 09:46:41 I Cypre Print           "DELETE FROM alldefects WHERE id = 10382803:successful"
2023-01-19 09:46:41 I Cypre Print           "DELETE FROM alldefects WHERE id = 10382806:successful"
2023-01-19 09:46:41 I Cypre Print           "DELETE FROM alldefects WHERE id = 10382821:successful"
2023-01-19 09:46:41 I Cypre Print           "DELETE FROM alldefects WHERE id = 10382833:successful"
2023-01-19 09:46:41 I Cypre Print           "DELETE FROM alldefects WHERE id = 10382837:successful"
2023-01-19 09:46:41 I Cypre Print           "DELETE FROM alldefects WHERE id = 10382842:successful"
2023-01-19 09:46:41 I Cypre Print           "DELETE FROM alldefects WHERE id = 10382847:successful"
2023-01-19 09:46:41 I Cypre Print           "DELETE FROM alldefects WHERE id = 10395424:successful"
2023-01-19 09:46:41 I Cypre Print           "DELETE FROM alldefects WHERE id = 10416050:successful"
2023-01-19 09:46:41 I Cypre Print           "DELETE FROM alldefects WHERE id = 10416491:successful"
2023-01-19 09:46:41 I Cypre Print           "DELETE FROM alldefects WHERE id = 10416498:successful"
2023-01-19 09:46:41 I Cypre Print           "DELETE FROM alldefects WHERE id = 10416503:successful"
2023-01-19 09:46:41 I Cypre Print           "DELETE FROM alldefects WHERE id = 10418142:successful"
2023-01-19 09:46:41 I Cypre Print           "DELETE FROM alldefects WHERE id = 10418438:successful"
2023-01-19 09:46:41 I Cypre Print           "DELETE FROM alldefects WHERE id = 10421752:successful"
2023-01-19 09:46:41 I Cypre Print           "DELETE FROM alldefects WHERE id = 10425319:successful"
2023-01-19 09:46:41 I Cypre Print           "DELETE FROM alldefects WHERE id = 10425337:successful"
2023-01-19 09:46:41 I Cypre Print           "DELETE FROM alldefects WHERE id = 10425369:successful"
2023-01-19 09:46:41 I Cypre Print           "DELETE FROM alldefects WHERE id = 10425645:successful"
2023-01-19 09:46:41 I Cypre Print           "DELETE FROM alldefects WHERE id = 10425650:successful"
2023-01-19 09:46:41 I Cypre Print           "DELETE FROM alldefects WHERE id = 10425657:successful"
2023-01-19 09:46:41 I Cypre Print           "DELETE FROM alldefects WHERE id = 10425660:successful"
2023-01-19 09:46:41 I Cypre Print           "DELETE FROM alldefects WHERE id = 10425671:successful"
2023-01-19 09:46:41 I Cypre Print           "DELETE FROM alldefects WHERE id = 10425695:successful"
2023-01-19 09:46:41 I Cypre Print           "DELETE FROM alldefects WHERE id = 10425702:successful"
2023-01-19 09:46:41 I Cypre Print           "DELETE FROM alldefects WHERE id = 10425716:successful"
2023-01-19 09:46:41 I Cypre Print           "DELETE FROM alldefects WHERE id = 10425724:successful"
2023-01-19 09:46:41 I Cypre Print           "DELETE FROM alldefects WHERE id = 10425729:successful"
2023-01-19 09:46:41 I Cypre Print           "DELETE FROM alldefects WHERE id = 10425752:successful"
2023-01-19 09:46:41 I Cypre Print           "DELETE FROM alldefects WHERE id = 10425761:successful"
2023-01-19 09:46:41 I Cypre Print           "DELETE FROM alldefects WHERE id = 10425948:successful"
2023-01-19 09:46:41 I Cypre Print           "DELETE FROM alldefects WHERE id = 10425957:successful"
2023-01-19 09:46:41 I Cypre Print           "DELETE FROM alldefects WHERE id = 10425969:successful"
2023-01-19 09:46:41 I Cypre Print           "DELETE FROM alldefects WHERE id = 10425983:successful"
2023-01-19 09:46:41 I Cypre Print           "DELETE FROM alldefects WHERE id = 10428463:successful"
2023-01-19 09:46:41 I Cypre Print           "DELETE FROM alldefects WHERE id = 10428474:successful"
2023-01-19 09:46:41 I Cypre Print           "DELETE FROM alldefects WHERE id = 10430026:successful"
2023-01-19 09:46:41 I Cypre Print           "DELETE FROM alldefects WHERE id = 10433007:successful"
2023-01-19 09:46:41 I Cypre Print           "DELETE FROM alldefects WHERE id = 10437333:successful"
2023-01-19 09:46:41 I Cypre Print           "DELETE FROM alldefects WHERE id = 10437340:successful"
2023-01-19 09:46:41 I Cypre Print           "DELETE FROM alldefects WHERE id = 10437347:successful"
2023-01-19 09:46:41 I Cypre Print           "DELETE FROM alldefects WHERE id = 10440647:successful"
2023-01-19 09:46:41 I Cypre Print           "DELETE FROM alldefects WHERE id = 10442503:successful"
2023-01-19 09:46:41 I Cypre Print           "DELETE FROM alldefects WHERE id = 10442519:successful"
2023-01-19 09:46:41 I Cypre Print           "DELETE FROM alldefects WHERE id = 10445934:successful"
2023-01-19 09:46:41 I Cypre Print           "DELETE FROM alldefects WHERE id = 10447081:successful"
2023-01-19 09:46:41 I Cypre Print           "DELETE FROM alldefects WHERE id = 10451980:successful"
2023-01-19 09:46:41 I Cypre Print           "DELETE FROM alldefects WHERE id = 10452084:successful"
2023-01-19 09:46:41 I Cypre Print           "DELETE FROM alldefects WHERE id = 10452575:successful"
2023-01-19 09:46:41 I Cypre Print           "DELETE FROM alldefects WHERE id = 10454972:successful"
2023-01-19 09:46:41 I Cypre Print           "DELETE FROM alldefects WHERE id = 10456519:successful"
2023-01-19 09:46:41 I Cypre Print           "DELETE FROM alldefects WHERE id = 10457388:successful"
2023-01-19 09:46:41 I Cypre Print           "Not enough parameters for the SQL statement"
2023-01-19 09:46:41 I Cypre Print           "INSERT INTO defects (rel, team, status, count, date, priority) SELECT rel, team, status, count((@rn := @rn + 1)) as count, '2023-01-19' as date, priority FROM alldefects cross join (select @rn := 0) const GROUP BY rel, team, status, priority:successful"
2023-01-19 10:05:17 I Cypre get_multipickli "Unassigned don't find the mainteam name from G_parameter"
2023-01-19 10:09:12 I Cypre get_multipickli "Unassigned don't find the mainteam name from G_parameter"
2023-01-19 10:09:37 I Cypre get_multipickli "Unassigned don't find the mainteam name from G_parameter"
2023-01-19 10:10:55 I Cypre get_multipickli "Unassigned don't find the mainteam name from G_parameter"
2023-01-19 10:13:16 I Cypre get_multipickli "Unassigned don't find the mainteam name from G_parameter"
2023-01-19 10:13:31 I Cypre get_multipickli "Unassigned don't find the mainteam name from G_parameter"
2023-01-19 10:14:02 I Cypre get_multipickli "Unassigned don't find the mainteam name from G_parameter"
2023-01-19 10:14:58 I Cypre get_multipickli "Unassigned don't find the mainteam name from G_parameter"
2023-01-19 10:15:08 I Cypre get_multipickli "Unassigned don't find the mainteam name from G_parameter"
2023-01-19 10:15:19 I Cypre get_multipickli "Unassigned don't find the mainteam name from G_parameter"
2023-01-19 10:15:31 I Cypre get_multipickli "Unassigned don't find the mainteam name from G_parameter"
2023-01-19 10:17:07 I Cypre get_multipickli "Unassigned don't find the mainteam name from G_parameter"
2023-01-19 10:17:17 I Cypre get_multipickli "Unassigned don't find the mainteam name from G_parameter"
2023-01-19 10:18:52 I Cypre get_multipickli "Unassigned don't find the mainteam name from G_parameter"
2023-01-19 10:22:22 I Cypre get_multipickli "Unassigned don't find the mainteam name from G_parameter"
2023-01-19 10:22:33 I Cypre get_multipickli "Unassigned don't find the mainteam name from G_parameter"
2023-01-19 10:22:45 I Cypre get_multipickli "Unassigned don't find the mainteam name from G_parameter"
2023-01-19 10:30:39 I Cypre get_multipickli "Unassigned don't find the mainteam name from G_parameter"
2023-01-19 10:35:29 I Cypre get_multipickli "Unassigned don't find the mainteam name from G_parameter"
2023-01-19 10:35:37 I Cypre get_multipickli "Unassigned don't find the mainteam name from G_parameter"
2023-01-19 10:37:08 I Cypre get_multipickli "ESW Platform Test don't find the mainteam name from G_parameter"
2023-01-19 10:37:16 I Cypre get_multipickli "ESW Platform Test don't find the mainteam name from G_parameter"
2023-01-19 10:37:24 I Cypre get_multipickli "ESW Platform Test don't find the mainteam name from G_parameter"
2023-01-19 10:37:49 I Cypre get_multipickli "ESW Platform Test don't find the mainteam name from G_parameter"
2023-01-19 10:37:58 I Cypre get_multipickli "ESW Platform Test don't find the mainteam name from G_parameter"
2023-01-19 10:38:07 I Cypre get_multipickli "ESW Platform Test don't find the mainteam name from G_parameter"
2023-01-19 10:38:14 I Cypre get_multipickli "ESW Platform Test don't find the mainteam name from G_parameter"
2023-01-19 10:38:35 I Cypre get_multipickli "Digital Experience – Android don't find the mainteam name from G_parameter"
2023-01-19 10:38:38 I Cypre get_multipickli "Digital Experience – IOS don't find the mainteam name from G_parameter"
2023-01-19 10:38:52 I Cypre get_multipickli "Digital Experience – Android don't find the mainteam name from G_parameter"
2023-01-19 10:38:52 I Cypre get_multipickli "Digital Experience – IOS don't find the mainteam name from G_parameter"
2023-01-19 10:40:12 I Cypre get_multipickli "Digital Experience – Android don't find the mainteam name from G_parameter"
2023-01-19 10:40:12 I Cypre get_multipickli "Digital Experience – IOS don't find the mainteam name from G_parameter"
2023-01-19 10:40:50 I Cypre get_multipickli "Digital Experience – Android don't find the mainteam name from G_parameter"
2023-01-19 10:40:50 I Cypre get_multipickli "Digital Experience – IOS don't find the mainteam name from G_parameter"
2023-01-19 10:41:12 I Cypre get_multipickli "Digital Experience – Android don't find the mainteam name from G_parameter"
2023-01-19 10:41:12 I Cypre get_multipickli "Digital Experience – IOS don't find the mainteam name from G_parameter"
2023-01-19 10:47:11 I Cypre get_multipickli "Unassigned don't find the mainteam name from G_parameter"
2023-01-19 10:47:51 I Cypre get_multipickli "Digital Experience – Android don't find the mainteam name from G_parameter"
2023-01-19 10:47:51 I Cypre get_multipickli "Digital Experience – IOS don't find the mainteam name from G_parameter"
2023-01-19 10:48:23 I Cypre get_multipickli "Unassigned don't find the mainteam name from G_parameter"
2023-01-19 10:48:25 I Cypre get_multipickli "Digital Experience – SDK don't find the mainteam name from G_parameter"
2023-01-19 10:48:57 I Cypre get_multipickli "Digital Experience – Android don't find the mainteam name from G_parameter"
2023-01-19 10:48:57 I Cypre get_multipickli "Digital Experience – IOS don't find the mainteam name from G_parameter"
2023-01-19 10:50:41 I Cypre get_multipickli "Unassigned don't find the mainteam name from G_parameter"
2023-01-19 10:51:34 I Cypre get_multipickli "Unassigned don't find the mainteam name from G_parameter"
2023-01-19 10:52:03 I Cypre get_multipickli "Unassigned don't find the mainteam name from G_parameter"
2023-01-19 10:53:51 I Cypre get_multipickli "Unassigned don't find the mainteam name from G_parameter"
2023-01-19 10:54:43 I Cypre get_multipickli "Digital Experience – Android don't find the mainteam name from G_parameter"
2023-01-19 10:54:43 I Cypre get_multipickli "Digital Experience – IOS don't find the mainteam name from G_parameter"
2023-01-19 10:54:58 I Cypre get_multipickli "Digital Experience – Android don't find the mainteam name from G_parameter"
2023-01-19 10:54:58 I Cypre get_multipickli "Digital Experience – IOS don't find the mainteam name from G_parameter"
2023-01-19 10:56:32 I Cypre get_multipickli "Unassigned don't find the mainteam name from G_parameter"
2023-01-19 10:57:42 I Cypre get_multipickli "Unassigned don't find the mainteam name from G_parameter"
2023-01-19 10:57:49 I Cypre get_multipickli "Unassigned don't find the mainteam name from G_parameter"
2023-01-19 10:58:37 I Cypre get_multipickli "Digital Experience – Android don't find the mainteam name from G_parameter"
2023-01-19 10:58:37 I Cypre get_multipickli "Digital Experience – IOS don't find the mainteam name from G_parameter"
2023-01-19 10:58:44 I Cypre get_multipickli "Digital Experience – Android don't find the mainteam name from G_parameter"
2023-01-19 10:58:44 I Cypre get_multipickli "Digital Experience – IOS don't find the mainteam name from G_parameter"
2023-01-19 10:59:06 I Cypre get_multipickli "Digital Experience – Android don't find the mainteam name from G_parameter"
2023-01-19 10:59:06 I Cypre get_multipickli "Digital Experience – IOS don't find the mainteam name from G_parameter"
2023-01-19 10:59:13 I Cypre get_multipickli "Digital Experience – Android don't find the mainteam name from G_parameter"
2023-01-19 10:59:13 I Cypre get_multipickli "Digital Experience – IOS don't find the mainteam name from G_parameter"
2023-01-19 10:59:20 I Cypre get_multipickli "Digital Experience – Android don't find the mainteam name from G_parameter"
2023-01-19 10:59:20 I Cypre get_multipickli "Digital Experience – IOS don't find the mainteam name from G_parameter"
2023-01-19 10:59:27 I Cypre get_multipickli "Digital Experience – Android don't find the mainteam name from G_parameter"
2023-01-19 10:59:27 I Cypre get_multipickli "Digital Experience – IOS don't find the mainteam name from G_parameter"
2023-01-19 10:59:34 I Cypre get_multipickli "Digital Experience – Android don't find the mainteam name from G_parameter"
2023-01-19 10:59:34 I Cypre get_multipickli "Digital Experience – IOS don't find the mainteam name from G_parameter"
2023-01-19 10:59:42 I Cypre get_multipickli "Digital Experience – Android don't find the mainteam name from G_parameter"
2023-01-19 10:59:42 I Cypre get_multipickli "Digital Experience – IOS don't find the mainteam name from G_parameter"
2023-01-19 10:59:56 I Cypre get_multipickli "Digital Experience – SDK don't find the mainteam name from G_parameter"
2023-01-19 11:01:00 I Cypre get_multipickli "Digital Experience – Android don't find the mainteam name from G_parameter"
2023-01-19 11:01:00 I Cypre get_multipickli "Digital Experience – IOS don't find the mainteam name from G_parameter"
2023-01-19 11:01:07 I Cypre get_multipickli "Digital Experience – Android don't find the mainteam name from G_parameter"
2023-01-19 11:01:07 I Cypre get_multipickli "Digital Experience – IOS don't find the mainteam name from G_parameter"
2023-01-19 11:01:14 I Cypre get_multipickli "Digital Experience – Android don't find the mainteam name from G_parameter"
2023-01-19 11:01:14 I Cypre get_multipickli "Digital Experience – IOS don't find the mainteam name from G_parameter"
2023-01-19 11:02:20 I Cypre get_multipickli "Unassigned don't find the mainteam name from G_parameter"
2023-01-19 11:02:42 I Cypre get_multipickli "Unassigned don't find the mainteam name from G_parameter"
2023-01-19 11:04:28 I Cypre get_multipickli "Digital Experience – Android don't find the mainteam name from G_parameter"
2023-01-19 11:04:28 I Cypre get_multipickli "Digital Experience – IOS don't find the mainteam name from G_parameter"
2023-01-19 11:04:51 I Cypre get_multipickli "Digital Experience – Android don't find the mainteam name from G_parameter"
2023-01-19 11:04:51 I Cypre get_multipickli "Digital Experience – IOS don't find the mainteam name from G_parameter"
2023-01-19 11:06:10 I Cypre get_multipickli "Unassigned don't find the mainteam name from G_parameter"
2023-01-19 11:08:29 I Cypre Print           "DROP TABLE IF EXISTS allrequirements:successful"
2023-01-19 11:08:29 I Cypre Print           "DROP TABLE IF EXISTS allcoverage:successful"
2023-01-19 11:08:29 I Cypre Print           "CREATE TABLE IF NOT EXISTS requirements (                        rel TEXT, status TEXT, count INT, date TEXT) ENGINE=InnoDB DEFAULT CHARSET=utf8:successful"
2023-01-19 11:08:29 I Cypre Print           "CREATE TABLE IF NOT EXISTS allrequirements (                        id INT, uniqueid TEXT, name TEXT, status TEXT, rel TEXT, upstream TEXT, downstream TEXT, team TEXT, test_status TEXT) ENGINE=InnoDB DEFAULT CHARSET=utf8:successful"
2023-01-19 11:08:29 I Cypre Print           "CREATE TABLE IF NOT EXISTS coverage (                        team text, covered int, expected int, date text) ENGINE=InnoDB DEFAULT CHARSET=utf8:successful"
2023-01-19 11:08:29 I Cypre Print           "CREATE TABLE IF NOT EXISTS allcoverage (                        id INT, uniqueid TEXT, name TEXT, status TEXT, rel TEXT, verify TEXT, missing TEXT) ENGINE=InnoDB DEFAULT CHARSET=utf8:successful"
2023-01-19 11:08:29 I Cypre Print           "DELETE FROM requirements WHERE date='2023-01-19':successful"
2023-01-19 11:08:29 I Cypre Print           "DELETE FROM coverage WHERE date='2023-01-19':successful"
2023-01-19 11:08:30 I Cypre Print           "INSERT INTO requirements (rel, status, count, date) SELECT rel, status, count((@rn := @rn + 1)) as count, '2023-01-19' as date FROM allrequirements cross join (select @rn := 0) const GROUP BY rel, status:successful"
2023-01-19 11:08:30 I Cypre Print           "CREATE TABLE IF NOT EXISTS feattest (rel TEXT, status TEXT, count TEXT, date TEXT) ENGINE=InnoDB DEFAULT CHARSET=utf8:successful"
2023-01-19 11:08:30 I Cypre Print           "CREATE TABLE IF NOT EXISTS reqtest (rel TEXT, status TEXT, count TEXT, date TEXT) ENGINE=InnoDB DEFAULT CHARSET=utf8:successful"
2023-01-19 11:08:30 I Cypre Print           "SELECT id FROM allfeatures:successful"
2023-01-19 11:08:30 I Cypre Print           "SELECT id,upstream,downstream,team FROM allrequirements:successful"
2023-01-19 11:08:30 I Cypre Print           "SELECT id FROM allcoverage:successful"
2023-01-19 11:08:30 I Cypre Print           "SELECT * FROM testcases:successful"
2023-01-19 11:32:43 I Cypre Print           "Connet 20596 successfully!!!"
2023-01-19 11:32:43 I Cypre Get_alltests    "Get project name:Cypress id:20596 all testplans"
2023-01-19 11:32:46 I Cypre Get_alltests    "{10132963: {'id': 10132963, 'name': 'Audio test plan', 'archived': False, 'index': '10132963:Audio test plan'}, 9464381: {'id': 9464381, 'name': 'ESW Test Plan', 'archived': False, 'index': '9464381:ESW Test Plan'}, 9437977: {'id': 9437977, 'name': 'HW DVT Plan', 'archived': False, 'index': '9437977:HW DVT Plan'}, 9878823: {'id': 9878823, 'name': 'Packaging Test Plan', 'archived': False, 'index': '9878823:Packaging Test Plan'}, 9236187: {'id': 9236187, 'name': 'Product Verification Test Plan', 'archived': False, 'index': '9236187:Product Verification Test Plan'}, 9482881: {'id': 9482881, 'name': 'Regulatory Compliance Plan', 'archived': False, 'index': '9482881:Regulatory Compliance Plan'}, 9527168: {'id': 9527168, 'name': 'RF Test Plan', 'archived': False, 'index': '9527168:RF Test Plan'}}"
2023-01-19 11:32:46 I Cypre Get_alltests    "Get project name:Cypress id:20596 all testplans successful!!!"
2023-01-19 11:38:32 I Cypre tidy_alltestcas "1876"
2023-01-19 11:45:04 I Cypre Print           "DROP TABLE IF EXISTS testcases:successful"
2023-01-19 11:45:04 I Cypre Print           "CREATE TABLE IF NOT EXISTS testcases (                             testplan_id INT,                             testplan_name TEXT,                             testgroup_id INT,                             testgroup_name TEXT,                             testcycle_id INT,                             testcycle_name TEXT,                             rel TEXT,                             id INT,                             uniqueid TEXT,                             name TEXT,                             status TEXT,                             upstream TEXT,                             downstream TEXT,                             executionDate TEXT) ENGINE=InnoDB DEFAULT CHARSET=utf8:successful"
2023-01-19 11:45:04 I Cypre update_database "Insert testcases table successful"
2023-01-19 11:45:04 I Cypre Print           "CREATE TABLE IF NOT EXISTS tests (                             testplan_id INT,                             testplan_name TEXT,                             testplan_status TEXT,                             rel TEXT, status TEXT,                             count INT, date TEXT) ENGINE=InnoDB DEFAULT CHARSET=utf8:successful"
2023-01-19 11:45:04 I Cypre Print           "DELETE FROM tests WHERE date='2023-01-19':successful"
2023-01-19 11:45:04 I Cypre Print           "SELECT testplan_id FROM tests GROUP BY testplan_id:successful"
2023-01-19 11:45:04 I Cypre Print           "SELECT testplan_name FROM tests WHERE testplan_id=10132963 LIMIT 1:successful"
2023-01-19 11:45:04 I Cypre Print           "UPDATE tests SET testplan_status='Active' WHERE testplan_id=10132963:successful"
2023-01-19 11:45:04 I Cypre Print           "SELECT testplan_name FROM tests WHERE testplan_id=9464381 LIMIT 1:successful"
2023-01-19 11:45:04 I Cypre Print           "UPDATE tests SET testplan_status='Active' WHERE testplan_id=9464381:successful"
2023-01-19 11:45:04 I Cypre Print           "SELECT testplan_name FROM tests WHERE testplan_id=9437977 LIMIT 1:successful"
2023-01-19 11:45:04 I Cypre Print           "UPDATE tests SET testplan_status='Active' WHERE testplan_id=9437977:successful"
2023-01-19 11:45:04 I Cypre Print           "SELECT testplan_name FROM tests WHERE testplan_id=9878823 LIMIT 1:successful"
2023-01-19 11:45:04 I Cypre Print           "UPDATE tests SET testplan_status='Active' WHERE testplan_id=9878823:successful"
2023-01-19 11:45:04 I Cypre Print           "SELECT testplan_name FROM tests WHERE testplan_id=9236187 LIMIT 1:successful"
2023-01-19 11:45:04 I Cypre Print           "UPDATE tests SET testplan_status='Active' WHERE testplan_id=9236187:successful"
2023-01-19 11:45:04 I Cypre Print           "SELECT testplan_name FROM tests WHERE testplan_id=9482881 LIMIT 1:successful"
2023-01-19 11:45:04 I Cypre Print           "UPDATE tests SET testplan_status='Active' WHERE testplan_id=9482881:successful"
2023-01-19 11:45:04 I Cypre Print           "SELECT testplan_name FROM tests WHERE testplan_id=9527168 LIMIT 1:successful"
2023-01-19 11:45:04 I Cypre Print           "UPDATE tests SET testplan_status='Active' WHERE testplan_id=9527168:successful"
2023-01-19 11:45:04 I Cypre Print           "INSERT INTO tests (testplan_id, testplan_name, testplan_status, rel, status, count, date) SELECT testplan_id, testplan_name, 'Active' as testplan_status, rel, status, count((@rn := @rn + 1)) as count, '2023-01-19' as date FROM testcases cross join (select @rn := 0) const GROUP BY testplan_id, rel, status:successful"
2023-01-19 11:45:04 I Cypre update_database "Insert tests table successful"
2023-01-19 11:45:04 I Cypre Print           "CREATE TABLE IF NOT EXISTS testapproval (                                 rel TEXT, team TEXT, status TEXT, upstream TEXT, count INT, date TEXT                                 ) ENGINE=InnoDB DEFAULT CHARSET=utf8:successful"
2023-01-19 11:45:04 I Cypre Print           "DROP TABLE IF EXISTS alltestapproval:successful"
2023-01-19 11:45:04 I Cypre Print           "CREATE TABLE IF NOT EXISTS alltestapproval (                                 id INT, uniqueid TEXT, name TEXT, status TEXT, rel TEXT, team TEXT, upstream TEXT                                 ) ENGINE=InnoDB DEFAULT CHARSET=utf8:successful"
2023-01-19 11:45:04 I Cypre Print           "DELETE FROM testapproval WHERE date='2023-01-19':successful"
2023-01-19 11:45:04 I Cypre Print           "INSERT INTO testapproval (rel, team, status, count, date, upstream) SELECT rel, team, status, count((@rn := @rn + 1)) as count, '2023-01-19' as date, upstream FROM alltestapproval cross join (select @rn := 0) const GROUP BY rel, team, status, upstream:successful"
2023-01-19 11:45:18 I Cypre Get_allfeatuers "[]"
2023-01-19 11:45:18 I Cypre Print           "CREATE TABLE IF NOT EXISTS features (                                rel TEXT, status TEXT, count INT, date TEXT) ENGINE=InnoDB DEFAULT CHARSET=utf8:successful"
2023-01-19 11:45:18 I Cypre Print           "CREATE TABLE IF NOT EXISTS allfeatures (                                id INT, uniqueid TEXT, name TEXT, status TEXT, rel TEXT,test_status TEXT) ENGINE=InnoDB DEFAULT CHARSET=utf8:successful"
2023-01-19 11:45:18 I Cypre Print           "DELETE FROM features WHERE date='2023-01-19':successful"
2023-01-19 11:45:18 I Cypre Print           "DELETE FROM allfeatures WHERE id=18970216:successful"
2023-01-19 11:45:18 I Cypre Print           "DELETE FROM allfeatures WHERE id=18942693:successful"
2023-01-19 11:45:18 I Cypre Print           "DELETE FROM allfeatures WHERE id=18747239:successful"
2023-01-19 11:45:18 I Cypre Print           "DELETE FROM allfeatures WHERE id=18461166:successful"
2023-01-19 11:45:18 I Cypre Print           "DELETE FROM allfeatures WHERE id=18359586:successful"
2023-01-19 11:45:18 I Cypre Print           "DELETE FROM allfeatures WHERE id=17606202:successful"
2023-01-19 11:45:18 I Cypre Print           "DELETE FROM allfeatures WHERE id=17606128:successful"
2023-01-19 11:45:18 I Cypre Print           "DELETE FROM allfeatures WHERE id=17605354:successful"
2023-01-19 11:45:19 I Cypre Print           "INSERT INTO features (rel, status, count, date)                                 SELECT rel, status, count((@rn := @rn + 1)) as count, '2023-01-19' as date FROM allfeatures cross join (select @rn := 0) const GROUP BY rel, status:successful"
2023-01-19 11:45:32 I Cypre Get_allchangere "[{'id': 10370475, 'name': 'Cypress app configuration update', 'documentKey': 'Cyp-CR-17', 'statusId': 156410, 'status': 'Approved', 'priorityId': 156643, 'priority': 'Not defined', 'req': 'UX'}]"
2023-01-19 11:45:32 I Cypre Print           "CREATE TABLE IF NOT EXISTS changes (                                 rel TEXT, status TEXT, priority TEXT,                                 requester TEXT, date TEXT, count INT) ENGINE=InnoDB DEFAULT CHARSET=utf8:successful"
2023-01-19 11:45:32 I Cypre Print           "CREATE TABLE IF NOT EXISTS allchanges (                                 id INT, uniqueid TEXT, name TEXT,                                 status TEXT, rel TEXT, priority TEXT,                                 requester TEXT) ENGINE=InnoDB DEFAULT CHARSET=utf8:successful"
2023-01-19 11:45:32 I Cypre Print           "DELETE FROM changes WHERE date='2023-01-19':successful"
2023-01-19 11:45:32 I Cypre Print           "DELETE FROM allchanges WHERE id=10370475:successful"
2023-01-19 11:45:32 I Cypre Print           "INSERT INTO changes (                                 rel, status, priority, requester, date, count)                                 SELECT rel, status, priority, requester, '2023-01-19' as date, count((@rn := @rn + 1)) as count FROM allchanges                                 cross join (select @rn := 0) const GROUP BY rel, status, priority, requester:successful"
2023-01-19 11:46:11 I Cypre Print           "CREATE TABLE IF NOT EXISTS designspec (                            rel TEXT, team TEXT, status TEXT, count INT, date text) ENGINE=InnoDB DEFAULT CHARSET=utf8:successful"
2023-01-19 11:46:11 I Cypre Print           "CREATE TABLE IF NOT EXISTS alldesignspec (                             id INT, uniqueid TEXT, name TEXT, status TEXT, rel TEXT, team TEXT) ENGINE=InnoDB DEFAULT CHARSET=utf8:successful"
2023-01-19 11:46:11 I Cypre Print           "DELETE FROM designspec WHERE date='2023-01-19':successful"
2023-01-19 11:46:11 I Cypre Print           "DELETE FROM alldesignspec WHERE id=9872474:successful"
2023-01-19 11:46:11 I Cypre Print           "DELETE FROM alldesignspec WHERE id=10338869:successful"
2023-01-19 11:46:11 I Cypre Print           "DELETE FROM alldesignspec WHERE id=9492245:successful"
2023-01-19 11:46:11 I Cypre Print           "DELETE FROM alldesignspec WHERE id=10341269:successful"
2023-01-19 11:46:11 I Cypre Print           "DELETE FROM alldesignspec WHERE id=10341742:successful"
2023-01-19 11:46:11 I Cypre Print           "DELETE FROM alldesignspec WHERE id=10338927:successful"
2023-01-19 11:46:11 I Cypre Print           "DELETE FROM alldesignspec WHERE id=10341060:successful"
2023-01-19 11:46:11 I Cypre Print           "DELETE FROM alldesignspec WHERE id=10375839:successful"
2023-01-19 11:46:11 I Cypre Print           "DELETE FROM alldesignspec WHERE id=9517280:successful"
2023-01-19 11:46:11 I Cypre Print           "DELETE FROM alldesignspec WHERE id=9517387:successful"
2023-01-19 11:46:11 I Cypre Print           "DELETE FROM alldesignspec WHERE id=10341813:successful"
2023-01-19 11:46:11 I Cypre Print           "DELETE FROM alldesignspec WHERE id=10341803:successful"
2023-01-19 11:46:11 I Cypre Print           "DELETE FROM alldesignspec WHERE id=9872532:successful"
2023-01-19 11:46:11 I Cypre Print           "DELETE FROM alldesignspec WHERE id=9866975:successful"
2023-01-19 11:46:11 I Cypre Print           "DELETE FROM alldesignspec WHERE id=9867199:successful"
2023-01-19 11:46:11 I Cypre Print           "DELETE FROM alldesignspec WHERE id=10335009:successful"
2023-01-19 11:46:11 I Cypre Print           "DELETE FROM alldesignspec WHERE id=10375101:successful"
2023-01-19 11:46:11 I Cypre Print           "DELETE FROM alldesignspec WHERE id=10374865:successful"
2023-01-19 11:46:11 I Cypre Print           "DELETE FROM alldesignspec WHERE id=10375038:successful"
2023-01-19 11:46:11 I Cypre Print           "DELETE FROM alldesignspec WHERE id=10335180:successful"
2023-01-19 11:46:11 I Cypre Print           "DELETE FROM alldesignspec WHERE id=10337086:successful"
2023-01-19 11:46:11 I Cypre Print           "DELETE FROM alldesignspec WHERE id=10375069:successful"
2023-01-19 11:46:11 I Cypre Print           "DELETE FROM alldesignspec WHERE id=10337143:successful"
2023-01-19 11:46:11 I Cypre Print           "INSERT INTO designspec (rel, team, status, count, date) SELECT rel, team, status, count((@rn := @rn + 1)) as count, '2023-01-19' as date FROM alldesignspec cross join (select @rn := 0) const GROUP BY rel, team, status:successful"
2023-01-19 11:46:23 I Cypre Get_alluserstor "[]"
2023-01-19 11:46:23 I Cypre Print           "CREATE TABLE IF NOT EXISTS userstories (                 rel TEXT, status TEXT, count INT, date TEXT) ENGINE=InnoDB DEFAULT CHARSET=utf8:successful"
2023-01-19 11:46:23 I Cypre Print           "CREATE TABLE IF NOT EXISTS alluserstories (                 id INT, uniqueid TEXT, name TEXT, status TEXT, rel TEXT) ENGINE=InnoDB DEFAULT CHARSET=utf8:successful"
2023-01-19 11:46:23 I Cypre Print           "DELETE FROM userstories WHERE date='2023-01-19':successful"
2023-01-19 11:46:23 I Cypre Print           "INSERT INTO userstories (rel, status, count, date) SELECT rel, status, count((@rn := @rn + 1)) as count, '2023-01-19' as date FROM alluserstories cross join (select @rn := 0) const GROUP BY rel, status:successful"
2023-01-19 11:54:29 I Cypre Print           "CREATE TABLE IF NOT EXISTS defects (                     rel TEXT, team TEXT, status TEXT, priority TEXT, count INT, date TEXT) ENGINE=InnoDB DEFAULT CHARSET=utf8:successful"
2023-01-19 11:54:29 I Cypre Print           "CREATE TABLE IF NOT EXISTS alldefects (                     id INT, uniqueid TEXT, name TEXT, status TEXT, rel TEXT, team TEXT, priority TEXT, jira TEXT, upstream TEXT) ENGINE=InnoDB DEFAULT CHARSET=utf8:successful"
2023-01-19 11:54:29 I Cypre Print           "DELETE FROM defects WHERE date='2023-01-19':successful"
2023-01-19 11:54:29 I Cypre Print           "DELETE FROM alldefects WHERE id = 10059392:successful"
2023-01-19 11:54:29 I Cypre Print           "DELETE FROM alldefects WHERE id = 10075528:successful"
2023-01-19 11:54:29 I Cypre Print           "DELETE FROM alldefects WHERE id = 10075542:successful"
2023-01-19 11:54:29 I Cypre Print           "DELETE FROM alldefects WHERE id = 10077014:successful"
2023-01-19 11:54:29 I Cypre Print           "DELETE FROM alldefects WHERE id = 10084034:successful"
2023-01-19 11:54:29 I Cypre Print           "DELETE FROM alldefects WHERE id = 10084042:successful"
2023-01-19 11:54:29 I Cypre Print           "DELETE FROM alldefects WHERE id = 10084101:successful"
2023-01-19 11:54:29 I Cypre Print           "DELETE FROM alldefects WHERE id = 10084127:successful"
2023-01-19 11:54:29 I Cypre Print           "DELETE FROM alldefects WHERE id = 10084160:successful"
2023-01-19 11:54:29 I Cypre Print           "DELETE FROM alldefects WHERE id = 10084176:successful"
2023-01-19 11:54:29 I Cypre Print           "DELETE FROM alldefects WHERE id = 10084190:successful"
2023-01-19 11:54:29 I Cypre Print           "DELETE FROM alldefects WHERE id = 10084522:successful"
2023-01-19 11:54:29 I Cypre Print           "DELETE FROM alldefects WHERE id = 10084549:successful"
2023-01-19 11:54:29 I Cypre Print           "DELETE FROM alldefects WHERE id = 10089735:successful"
2023-01-19 11:54:29 I Cypre Print           "DELETE FROM alldefects WHERE id = 10134862:successful"
2023-01-19 11:54:29 I Cypre Print           "DELETE FROM alldefects WHERE id = 10135238:successful"
2023-01-19 11:54:29 I Cypre Print           "DELETE FROM alldefects WHERE id = 10135340:successful"
2023-01-19 11:54:29 I Cypre Print           "DELETE FROM alldefects WHERE id = 10157991:successful"
2023-01-19 11:54:29 I Cypre Print           "DELETE FROM alldefects WHERE id = 10170398:successful"
2023-01-19 11:54:29 I Cypre Print           "DELETE FROM alldefects WHERE id = 10172102:successful"
2023-01-19 11:54:29 I Cypre Print           "DELETE FROM alldefects WHERE id = 10183993:successful"
2023-01-19 11:54:29 I Cypre Print           "DELETE FROM alldefects WHERE id = 10192654:successful"
2023-01-19 11:54:29 I Cypre Print           "DELETE FROM alldefects WHERE id = 10201429:successful"
2023-01-19 11:54:29 I Cypre Print           "DELETE FROM alldefects WHERE id = 10233138:successful"
2023-01-19 11:54:29 I Cypre Print           "DELETE FROM alldefects WHERE id = 10246592:successful"
2023-01-19 11:54:29 I Cypre Print           "DELETE FROM alldefects WHERE id = 10251602:successful"
2023-01-19 11:54:29 I Cypre Print           "DELETE FROM alldefects WHERE id = 10255958:successful"
2023-01-19 11:54:29 I Cypre Print           "DELETE FROM alldefects WHERE id = 10275264:successful"
2023-01-19 11:54:29 I Cypre Print           "DELETE FROM alldefects WHERE id = 10277174:successful"
2023-01-19 11:54:29 I Cypre Print           "DELETE FROM alldefects WHERE id = 10277256:successful"
2023-01-19 11:54:29 I Cypre Print           "DELETE FROM alldefects WHERE id = 10277546:successful"
2023-01-19 11:54:29 I Cypre Print           "DELETE FROM alldefects WHERE id = 10277611:successful"
2023-01-19 11:54:29 I Cypre Print           "DELETE FROM alldefects WHERE id = 10284926:successful"
2023-01-19 11:54:29 I Cypre Print           "DELETE FROM alldefects WHERE id = 10287765:successful"
2023-01-19 11:54:29 I Cypre Print           "DELETE FROM alldefects WHERE id = 10297257:successful"
2023-01-19 11:54:29 I Cypre Print           "DELETE FROM alldefects WHERE id = 10300653:successful"
2023-01-19 11:54:29 I Cypre Print           "DELETE FROM alldefects WHERE id = 10304026:successful"
2023-01-19 11:54:29 I Cypre Print           "DELETE FROM alldefects WHERE id = 10304048:successful"
2023-01-19 11:54:29 I Cypre Print           "DELETE FROM alldefects WHERE id = 10305169:successful"
2023-01-19 11:54:29 I Cypre Print           "DELETE FROM alldefects WHERE id = 10306011:successful"
2023-01-19 11:54:29 I Cypre Print           "DELETE FROM alldefects WHERE id = 10307777:successful"
2023-01-19 11:54:29 I Cypre Print           "DELETE FROM alldefects WHERE id = 10307782:successful"
2023-01-19 11:54:29 I Cypre Print           "DELETE FROM alldefects WHERE id = 10309262:successful"
2023-01-19 11:54:29 I Cypre Print           "DELETE FROM alldefects WHERE id = 10309279:successful"
2023-01-19 11:54:29 I Cypre Print           "DELETE FROM alldefects WHERE id = 10309420:successful"
2023-01-19 11:54:29 I Cypre Print           "DELETE FROM alldefects WHERE id = 10309448:successful"
2023-01-19 11:54:29 I Cypre Print           "DELETE FROM alldefects WHERE id = 10309579:successful"
2023-01-19 11:54:29 I Cypre Print           "DELETE FROM alldefects WHERE id = 10309824:successful"
2023-01-19 11:54:29 I Cypre Print           "DELETE FROM alldefects WHERE id = 10309843:successful"
2023-01-19 11:54:29 I Cypre Print           "DELETE FROM alldefects WHERE id = 10310201:successful"
2023-01-19 11:54:29 I Cypre Print           "DELETE FROM alldefects WHERE id = 10314280:successful"
2023-01-19 11:54:29 I Cypre Print           "DELETE FROM alldefects WHERE id = 10314422:successful"
2023-01-19 11:54:29 I Cypre Print           "DELETE FROM alldefects WHERE id = 10314457:successful"
2023-01-19 11:54:29 I Cypre Print           "DELETE FROM alldefects WHERE id = 10314940:successful"
2023-01-19 11:54:29 I Cypre Print           "DELETE FROM alldefects WHERE id = 10325630:successful"
2023-01-19 11:54:29 I Cypre Print           "DELETE FROM alldefects WHERE id = 10326864:successful"
2023-01-19 11:54:29 I Cypre Print           "DELETE FROM alldefects WHERE id = 10327770:successful"
2023-01-19 11:54:29 I Cypre Print           "DELETE FROM alldefects WHERE id = 10329088:successful"
2023-01-19 11:54:29 I Cypre Print           "DELETE FROM alldefects WHERE id = 10330412:successful"
2023-01-19 11:54:29 I Cypre Print           "DELETE FROM alldefects WHERE id = 10331177:successful"
2023-01-19 11:54:29 I Cypre Print           "DELETE FROM alldefects WHERE id = 10331312:successful"
2023-01-19 11:54:29 I Cypre Print           "DELETE FROM alldefects WHERE id = 10331425:successful"
2023-01-19 11:54:29 I Cypre Print           "DELETE FROM alldefects WHERE id = 10331694:successful"
2023-01-19 11:54:29 I Cypre Print           "DELETE FROM alldefects WHERE id = 10334325:successful"
2023-01-19 11:54:29 I Cypre Print           "DELETE FROM alldefects WHERE id = 10338866:successful"
2023-01-19 11:54:29 I Cypre Print           "DELETE FROM alldefects WHERE id = 10342244:successful"
2023-01-19 11:54:29 I Cypre Print           "DELETE FROM alldefects WHERE id = 10342256:successful"
2023-01-19 11:54:29 I Cypre Print           "DELETE FROM alldefects WHERE id = 10342321:successful"
2023-01-19 11:54:29 I Cypre Print           "DELETE FROM alldefects WHERE id = 10342333:successful"
2023-01-19 11:54:29 I Cypre Print           "DELETE FROM alldefects WHERE id = 10342388:successful"
2023-01-19 11:54:29 I Cypre Print           "DELETE FROM alldefects WHERE id = 10342396:successful"
2023-01-19 11:54:29 I Cypre Print           "DELETE FROM alldefects WHERE id = 10342400:successful"
2023-01-19 11:54:29 I Cypre Print           "DELETE FROM alldefects WHERE id = 10342402:successful"
2023-01-19 11:54:29 I Cypre Print           "DELETE FROM alldefects WHERE id = 10342411:successful"
2023-01-19 11:54:29 I Cypre Print           "DELETE FROM alldefects WHERE id = 10342412:successful"
2023-01-19 11:54:29 I Cypre Print           "DELETE FROM alldefects WHERE id = 10342420:successful"
2023-01-19 11:54:29 I Cypre Print           "DELETE FROM alldefects WHERE id = 10348893:successful"
2023-01-19 11:54:29 I Cypre Print           "DELETE FROM alldefects WHERE id = 10367048:successful"
2023-01-19 11:54:29 I Cypre Print           "DELETE FROM alldefects WHERE id = 10370424:successful"
2023-01-19 11:54:29 I Cypre Print           "DELETE FROM alldefects WHERE id = 10370543:successful"
2023-01-19 11:54:29 I Cypre Print           "DELETE FROM alldefects WHERE id = 10372506:successful"
2023-01-19 11:54:29 I Cypre Print           "DELETE FROM alldefects WHERE id = 10372512:successful"
2023-01-19 11:54:29 I Cypre Print           "DELETE FROM alldefects WHERE id = 10372667:successful"
2023-01-19 11:54:29 I Cypre Print           "DELETE FROM alldefects WHERE id = 10372816:successful"
2023-01-19 11:54:29 I Cypre Print           "DELETE FROM alldefects WHERE id = 10372903:successful"
2023-01-19 11:54:29 I Cypre Print           "DELETE FROM alldefects WHERE id = 10375701:successful"
2023-01-19 11:54:29 I Cypre Print           "DELETE FROM alldefects WHERE id = 10377145:successful"
2023-01-19 11:54:29 I Cypre Print           "DELETE FROM alldefects WHERE id = 10380254:successful"
2023-01-19 11:54:29 I Cypre Print           "DELETE FROM alldefects WHERE id = 10380356:successful"
2023-01-19 11:54:29 I Cypre Print           "DELETE FROM alldefects WHERE id = 10380389:successful"
2023-01-19 11:54:29 I Cypre Print           "DELETE FROM alldefects WHERE id = 10380425:successful"
2023-01-19 11:54:29 I Cypre Print           "DELETE FROM alldefects WHERE id = 10382020:successful"
2023-01-19 11:54:29 I Cypre Print           "DELETE FROM alldefects WHERE id = 10382032:successful"
2023-01-19 11:54:29 I Cypre Print           "DELETE FROM alldefects WHERE id = 10382779:successful"
2023-01-19 11:54:29 I Cypre Print           "DELETE FROM alldefects WHERE id = 10382782:successful"
2023-01-19 11:54:29 I Cypre Print           "DELETE FROM alldefects WHERE id = 10382797:successful"
2023-01-19 11:54:29 I Cypre Print           "DELETE FROM alldefects WHERE id = 10382803:successful"
2023-01-19 11:54:29 I Cypre Print           "DELETE FROM alldefects WHERE id = 10382806:successful"
2023-01-19 11:54:29 I Cypre Print           "DELETE FROM alldefects WHERE id = 10382821:successful"
2023-01-19 11:54:29 I Cypre Print           "DELETE FROM alldefects WHERE id = 10382833:successful"
2023-01-19 11:54:29 I Cypre Print           "DELETE FROM alldefects WHERE id = 10382837:successful"
2023-01-19 11:54:29 I Cypre Print           "DELETE FROM alldefects WHERE id = 10382842:successful"
2023-01-19 11:54:29 I Cypre Print           "DELETE FROM alldefects WHERE id = 10382847:successful"
2023-01-19 11:54:29 I Cypre Print           "DELETE FROM alldefects WHERE id = 10395424:successful"
2023-01-19 11:54:29 I Cypre Print           "DELETE FROM alldefects WHERE id = 10416050:successful"
2023-01-19 11:54:29 I Cypre Print           "DELETE FROM alldefects WHERE id = 10416491:successful"
2023-01-19 11:54:29 I Cypre Print           "DELETE FROM alldefects WHERE id = 10416498:successful"
2023-01-19 11:54:29 I Cypre Print           "DELETE FROM alldefects WHERE id = 10416503:successful"
2023-01-19 11:54:29 I Cypre Print           "DELETE FROM alldefects WHERE id = 10418142:successful"
2023-01-19 11:54:29 I Cypre Print           "DELETE FROM alldefects WHERE id = 10418438:successful"
2023-01-19 11:54:29 I Cypre Print           "DELETE FROM alldefects WHERE id = 10421752:successful"
2023-01-19 11:54:29 I Cypre Print           "DELETE FROM alldefects WHERE id = 10425319:successful"
2023-01-19 11:54:29 I Cypre Print           "DELETE FROM alldefects WHERE id = 10425337:successful"
2023-01-19 11:54:29 I Cypre Print           "DELETE FROM alldefects WHERE id = 10425369:successful"
2023-01-19 11:54:29 I Cypre Print           "DELETE FROM alldefects WHERE id = 10425645:successful"
2023-01-19 11:54:29 I Cypre Print           "DELETE FROM alldefects WHERE id = 10425650:successful"
2023-01-19 11:54:29 I Cypre Print           "DELETE FROM alldefects WHERE id = 10425657:successful"
2023-01-19 11:54:29 I Cypre Print           "DELETE FROM alldefects WHERE id = 10425660:successful"
2023-01-19 11:54:29 I Cypre Print           "DELETE FROM alldefects WHERE id = 10425671:successful"
2023-01-19 11:54:29 I Cypre Print           "DELETE FROM alldefects WHERE id = 10425695:successful"
2023-01-19 11:54:29 I Cypre Print           "DELETE FROM alldefects WHERE id = 10425702:successful"
2023-01-19 11:54:29 I Cypre Print           "DELETE FROM alldefects WHERE id = 10425716:successful"
2023-01-19 11:54:29 I Cypre Print           "DELETE FROM alldefects WHERE id = 10425724:successful"
2023-01-19 11:54:29 I Cypre Print           "DELETE FROM alldefects WHERE id = 10425729:successful"
2023-01-19 11:54:29 I Cypre Print           "DELETE FROM alldefects WHERE id = 10425752:successful"
2023-01-19 11:54:29 I Cypre Print           "DELETE FROM alldefects WHERE id = 10425761:successful"
2023-01-19 11:54:29 I Cypre Print           "DELETE FROM alldefects WHERE id = 10425948:successful"
2023-01-19 11:54:29 I Cypre Print           "DELETE FROM alldefects WHERE id = 10425957:successful"
2023-01-19 11:54:29 I Cypre Print           "DELETE FROM alldefects WHERE id = 10425969:successful"
2023-01-19 11:54:29 I Cypre Print           "DELETE FROM alldefects WHERE id = 10425983:successful"
2023-01-19 11:54:29 I Cypre Print           "DELETE FROM alldefects WHERE id = 10428463:successful"
2023-01-19 11:54:29 I Cypre Print           "DELETE FROM alldefects WHERE id = 10428474:successful"
2023-01-19 11:54:29 I Cypre Print           "DELETE FROM alldefects WHERE id = 10430026:successful"
2023-01-19 11:54:29 I Cypre Print           "DELETE FROM alldefects WHERE id = 10433007:successful"
2023-01-19 11:54:29 I Cypre Print           "DELETE FROM alldefects WHERE id = 10437333:successful"
2023-01-19 11:54:29 I Cypre Print           "DELETE FROM alldefects WHERE id = 10437340:successful"
2023-01-19 11:54:29 I Cypre Print           "DELETE FROM alldefects WHERE id = 10437347:successful"
2023-01-19 11:54:29 I Cypre Print           "DELETE FROM alldefects WHERE id = 10440647:successful"
2023-01-19 11:54:29 I Cypre Print           "DELETE FROM alldefects WHERE id = 10442503:successful"
2023-01-19 11:54:29 I Cypre Print           "DELETE FROM alldefects WHERE id = 10442519:successful"
2023-01-19 11:54:29 I Cypre Print           "DELETE FROM alldefects WHERE id = 10445934:successful"
2023-01-19 11:54:29 I Cypre Print           "DELETE FROM alldefects WHERE id = 10447081:successful"
2023-01-19 11:54:29 I Cypre Print           "DELETE FROM alldefects WHERE id = 10451980:successful"
2023-01-19 11:54:29 I Cypre Print           "DELETE FROM alldefects WHERE id = 10452084:successful"
2023-01-19 11:54:29 I Cypre Print           "DELETE FROM alldefects WHERE id = 10452575:successful"
2023-01-19 11:54:29 I Cypre Print           "DELETE FROM alldefects WHERE id = 10454972:successful"
2023-01-19 11:54:29 I Cypre Print           "DELETE FROM alldefects WHERE id = 10456519:successful"
2023-01-19 11:54:29 I Cypre Print           "DELETE FROM alldefects WHERE id = 10457388:successful"
2023-01-19 11:54:29 I Cypre Print           "Not enough parameters for the SQL statement"
2023-01-19 11:54:29 I Cypre Print           "INSERT INTO defects (rel, team, status, count, date, priority) SELECT rel, team, status, count((@rn := @rn + 1)) as count, '2023-01-19' as date, priority FROM alldefects cross join (select @rn := 0) const GROUP BY rel, team, status, priority:successful"
2023-01-19 12:02:01 I Cypre get_multipickli "Unassigned don't find the mainteam name from G_parameter"
2023-01-19 12:03:36 I Cypre get_multipickli "Unassigned don't find the mainteam name from G_parameter"
2023-01-19 12:03:49 I Cypre get_multipickli "Unassigned don't find the mainteam name from G_parameter"
2023-01-19 12:04:43 I Cypre get_multipickli "Unassigned don't find the mainteam name from G_parameter"
2023-01-19 12:06:16 I Cypre get_multipickli "Unassigned don't find the mainteam name from G_parameter"
2023-01-19 12:06:26 I Cypre get_multipickli "Unassigned don't find the mainteam name from G_parameter"
2023-01-19 12:06:46 I Cypre get_multipickli "Unassigned don't find the mainteam name from G_parameter"
2023-01-19 12:07:25 I Cypre get_multipickli "Unassigned don't find the mainteam name from G_parameter"
2023-01-19 12:07:31 I Cypre get_multipickli "Unassigned don't find the mainteam name from G_parameter"
2023-01-19 12:07:38 I Cypre get_multipickli "Unassigned don't find the mainteam name from G_parameter"
2023-01-19 12:07:45 I Cypre get_multipickli "Unassigned don't find the mainteam name from G_parameter"
2023-01-19 12:08:52 I Cypre get_multipickli "Unassigned don't find the mainteam name from G_parameter"
2023-01-19 12:09:00 I Cypre get_multipickli "Unassigned don't find the mainteam name from G_parameter"
2023-01-19 12:09:56 I Cypre get_multipickli "Unassigned don't find the mainteam name from G_parameter"
2023-01-19 12:12:26 I Cypre get_multipickli "Unassigned don't find the mainteam name from G_parameter"
2023-01-19 12:12:32 I Cypre get_multipickli "Unassigned don't find the mainteam name from G_parameter"
2023-01-19 12:12:37 I Cypre get_multipickli "Unassigned don't find the mainteam name from G_parameter"
2023-01-19 12:17:39 I Cypre get_multipickli "Unassigned don't find the mainteam name from G_parameter"
2023-01-19 12:20:37 I Cypre get_multipickli "Unassigned don't find the mainteam name from G_parameter"
2023-01-19 12:20:41 I Cypre get_multipickli "Unassigned don't find the mainteam name from G_parameter"
2023-01-19 12:21:26 I Cypre get_multipickli "ESW Platform Test don't find the mainteam name from G_parameter"
2023-01-19 12:21:30 I Cypre get_multipickli "ESW Platform Test don't find the mainteam name from G_parameter"
2023-01-19 12:21:35 I Cypre get_multipickli "ESW Platform Test don't find the mainteam name from G_parameter"
2023-01-19 12:21:49 I Cypre get_multipickli "ESW Platform Test don't find the mainteam name from G_parameter"
2023-01-19 12:21:53 I Cypre get_multipickli "ESW Platform Test don't find the mainteam name from G_parameter"
2023-01-19 12:21:58 I Cypre get_multipickli "ESW Platform Test don't find the mainteam name from G_parameter"
2023-01-19 12:22:02 I Cypre get_multipickli "ESW Platform Test don't find the mainteam name from G_parameter"
2023-01-19 12:22:13 I Cypre get_multipickli "Digital Experience – Android don't find the mainteam name from G_parameter"
2023-01-19 12:22:14 I Cypre get_multipickli "Digital Experience – IOS don't find the mainteam name from G_parameter"
2023-01-19 12:22:19 I Cypre get_multipickli "Digital Experience – Android don't find the mainteam name from G_parameter"
2023-01-19 12:22:19 I Cypre get_multipickli "Digital Experience – IOS don't find the mainteam name from G_parameter"
2023-01-19 12:22:49 I Cypre get_multipickli "Digital Experience – Android don't find the mainteam name from G_parameter"
2023-01-19 12:22:49 I Cypre get_multipickli "Digital Experience – IOS don't find the mainteam name from G_parameter"
2023-01-19 12:23:05 I Cypre get_multipickli "Digital Experience – Android don't find the mainteam name from G_parameter"
2023-01-19 12:23:05 I Cypre get_multipickli "Digital Experience – IOS don't find the mainteam name from G_parameter"
2023-01-19 12:23:14 I Cypre get_multipickli "Digital Experience – Android don't find the mainteam name from G_parameter"
2023-01-19 12:23:14 I Cypre get_multipickli "Digital Experience – IOS don't find the mainteam name from G_parameter"
2023-01-19 12:25:21 I Cypre get_multipickli "Unassigned don't find the mainteam name from G_parameter"
2023-01-19 12:25:39 I Cypre get_multipickli "Digital Experience – Android don't find the mainteam name from G_parameter"
2023-01-19 12:25:39 I Cypre get_multipickli "Digital Experience – IOS don't find the mainteam name from G_parameter"
2023-01-19 12:25:54 I Cypre get_multipickli "Unassigned don't find the mainteam name from G_parameter"
2023-01-19 12:25:55 I Cypre get_multipickli "Digital Experience – SDK don't find the mainteam name from G_parameter"
2023-01-19 12:26:09 I Cypre get_multipickli "Digital Experience – Android don't find the mainteam name from G_parameter"
2023-01-19 12:26:09 I Cypre get_multipickli "Digital Experience – IOS don't find the mainteam name from G_parameter"
2023-01-19 12:26:56 I Cypre get_multipickli "Unassigned don't find the mainteam name from G_parameter"
2023-01-19 12:27:27 I Cypre get_multipickli "Unassigned don't find the mainteam name from G_parameter"
2023-01-19 12:27:41 I Cypre get_multipickli "Unassigned don't find the mainteam name from G_parameter"
2023-01-19 12:28:33 I Cypre get_multipickli "Unassigned don't find the mainteam name from G_parameter"
2023-01-19 12:29:01 I Cypre get_multipickli "Digital Experience – Android don't find the mainteam name from G_parameter"
2023-01-19 12:29:01 I Cypre get_multipickli "Digital Experience – IOS don't find the mainteam name from G_parameter"
2023-01-19 12:29:08 I Cypre get_multipickli "Digital Experience – Android don't find the mainteam name from G_parameter"
2023-01-19 12:29:08 I Cypre get_multipickli "Digital Experience – IOS don't find the mainteam name from G_parameter"
2023-01-19 12:29:54 I Cypre get_multipickli "Unassigned don't find the mainteam name from G_parameter"
2023-01-19 12:30:32 I Cypre get_multipickli "Unassigned don't find the mainteam name from G_parameter"
2023-01-19 12:30:37 I Cypre get_multipickli "Unassigned don't find the mainteam name from G_parameter"
2023-01-19 12:31:04 I Cypre get_multipickli "Digital Experience – Android don't find the mainteam name from G_parameter"
2023-01-19 12:31:04 I Cypre get_multipickli "Digital Experience – IOS don't find the mainteam name from G_parameter"
2023-01-19 12:31:08 I Cypre get_multipickli "Digital Experience – Android don't find the mainteam name from G_parameter"
2023-01-19 12:31:08 I Cypre get_multipickli "Digital Experience – IOS don't find the mainteam name from G_parameter"
2023-01-19 12:31:19 I Cypre get_multipickli "Digital Experience – Android don't find the mainteam name from G_parameter"
2023-01-19 12:31:19 I Cypre get_multipickli "Digital Experience – IOS don't find the mainteam name from G_parameter"
2023-01-19 12:31:22 I Cypre get_multipickli "Digital Experience – Android don't find the mainteam name from G_parameter"
2023-01-19 12:31:22 I Cypre get_multipickli "Digital Experience – IOS don't find the mainteam name from G_parameter"
2023-01-19 12:31:27 I Cypre get_multipickli "Digital Experience – Android don't find the mainteam name from G_parameter"
2023-01-19 12:31:27 I Cypre get_multipickli "Digital Experience – IOS don't find the mainteam name from G_parameter"
2023-01-19 12:31:30 I Cypre get_multipickli "Digital Experience – Android don't find the mainteam name from G_parameter"
2023-01-19 12:31:30 I Cypre get_multipickli "Digital Experience – IOS don't find the mainteam name from G_parameter"
2023-01-19 12:31:34 I Cypre get_multipickli "Digital Experience – Android don't find the mainteam name from G_parameter"
2023-01-19 12:31:34 I Cypre get_multipickli "Digital Experience – IOS don't find the mainteam name from G_parameter"
2023-01-19 12:31:39 I Cypre get_multipickli "Digital Experience – Android don't find the mainteam name from G_parameter"
2023-01-19 12:31:39 I Cypre get_multipickli "Digital Experience – IOS don't find the mainteam name from G_parameter"
2023-01-19 12:31:46 I Cypre get_multipickli "Digital Experience – SDK don't find the mainteam name from G_parameter"
2023-01-19 12:32:20 I Cypre get_multipickli "Digital Experience – Android don't find the mainteam name from G_parameter"
2023-01-19 12:32:20 I Cypre get_multipickli "Digital Experience – IOS don't find the mainteam name from G_parameter"
2023-01-19 12:32:23 I Cypre get_multipickli "Digital Experience – Android don't find the mainteam name from G_parameter"
2023-01-19 12:32:23 I Cypre get_multipickli "Digital Experience – IOS don't find the mainteam name from G_parameter"
2023-01-19 12:32:26 I Cypre get_multipickli "Digital Experience – Android don't find the mainteam name from G_parameter"
2023-01-19 12:32:26 I Cypre get_multipickli "Digital Experience – IOS don't find the mainteam name from G_parameter"
2023-01-19 12:32:57 I Cypre get_multipickli "Unassigned don't find the mainteam name from G_parameter"
2023-01-19 12:33:08 I Cypre get_multipickli "Unassigned don't find the mainteam name from G_parameter"
2023-01-19 12:33:50 I Cypre get_multipickli "Digital Experience – Android don't find the mainteam name from G_parameter"
2023-01-19 12:33:50 I Cypre get_multipickli "Digital Experience – IOS don't find the mainteam name from G_parameter"
2023-01-19 12:33:59 I Cypre get_multipickli "Digital Experience – Android don't find the mainteam name from G_parameter"
2023-01-19 12:33:59 I Cypre get_multipickli "Digital Experience – IOS don't find the mainteam name from G_parameter"
2023-01-19 12:34:32 I Cypre get_multipickli "Unassigned don't find the mainteam name from G_parameter"
2023-01-19 12:35:33 I Cypre Print           "DROP TABLE IF EXISTS allrequirements:successful"
2023-01-19 12:35:33 I Cypre Print           "DROP TABLE IF EXISTS allcoverage:successful"
2023-01-19 12:35:33 I Cypre Print           "CREATE TABLE IF NOT EXISTS requirements (                        rel TEXT, status TEXT, count INT, date TEXT) ENGINE=InnoDB DEFAULT CHARSET=utf8:successful"
2023-01-19 12:35:33 I Cypre Print           "CREATE TABLE IF NOT EXISTS allrequirements (                        id INT, uniqueid TEXT, name TEXT, status TEXT, rel TEXT, upstream TEXT, downstream TEXT, team TEXT, test_status TEXT) ENGINE=InnoDB DEFAULT CHARSET=utf8:successful"
2023-01-19 12:35:33 I Cypre Print           "CREATE TABLE IF NOT EXISTS coverage (                        team text, covered int, expected int, date text) ENGINE=InnoDB DEFAULT CHARSET=utf8:successful"
2023-01-19 12:35:33 I Cypre Print           "CREATE TABLE IF NOT EXISTS allcoverage (                        id INT, uniqueid TEXT, name TEXT, status TEXT, rel TEXT, verify TEXT, missing TEXT) ENGINE=InnoDB DEFAULT CHARSET=utf8:successful"
2023-01-19 12:35:33 I Cypre Print           "DELETE FROM requirements WHERE date='2023-01-19':successful"
2023-01-19 12:35:33 I Cypre Print           "DELETE FROM coverage WHERE date='2023-01-19':successful"
2023-01-19 12:35:33 I Cypre Print           "INSERT INTO requirements (rel, status, count, date) SELECT rel, status, count((@rn := @rn + 1)) as count, '2023-01-19' as date FROM allrequirements cross join (select @rn := 0) const GROUP BY rel, status:successful"
2023-01-19 12:35:33 I Cypre Print           "CREATE TABLE IF NOT EXISTS feattest (rel TEXT, status TEXT, count TEXT, date TEXT) ENGINE=InnoDB DEFAULT CHARSET=utf8:successful"
2023-01-19 12:35:33 I Cypre Print           "CREATE TABLE IF NOT EXISTS reqtest (rel TEXT, status TEXT, count TEXT, date TEXT) ENGINE=InnoDB DEFAULT CHARSET=utf8:successful"
2023-01-19 12:35:33 I Cypre Print           "SELECT id FROM allfeatures:successful"
2023-01-19 12:35:33 I Cypre Print           "SELECT id,upstream,downstream,team FROM allrequirements:successful"
2023-01-19 12:35:33 I Cypre Print           "SELECT id FROM allcoverage:successful"
2023-01-19 12:35:33 I Cypre Print           "SELECT * FROM testcases:successful"
