2023-01-19 07:35:11 I Elano Print           "Connet 20603 successfully!!!"
2023-01-19 07:35:11 I Elano Get_alltests    "Get project name:Elanor id:20603 all testplans"
2023-01-19 07:35:18 I Elano Get_alltests    "{}"
2023-01-19 07:35:18 I Elano Get_alltests    "Get project name:Elanor id:20603 all testplans successful!!!"
2023-01-19 07:35:18 I Elano tidy_alltestcas "0"
2023-01-19 07:35:18 I Elano Print           "DROP TABLE IF EXISTS testcases:successful"
2023-01-19 07:35:18 I Elano Print           "CREATE TABLE IF NOT EXISTS testcases (                             testplan_id INT,                             testplan_name TEXT,                             testgroup_id INT,                             testgroup_name TEXT,                             testcycle_id INT,                             testcycle_name TEXT,                             rel TEXT,                             id INT,                             uniqueid TEXT,                             name TEXT,                             status TEXT,                             upstream TEXT,                             downstream TEXT,                             executionDate TEXT) ENGINE=InnoDB DEFAULT CHARSET=utf8:successful"
2023-01-19 07:35:19 I Elano update_database "Insert testcases table successful"
2023-01-19 07:35:19 I Elano Print           "CREATE TABLE IF NOT EXISTS tests (                             testplan_id INT,                             testplan_name TEXT,                             testplan_status TEXT,                             rel TEXT, status TEXT,                             count INT, date TEXT) ENGINE=InnoDB DEFAULT CHARSET=utf8:successful"
2023-01-19 07:35:19 I Elano Print           "DELETE FROM tests WHERE date='2023-01-19':successful"
2023-01-19 07:35:19 I Elano Print           "SELECT testplan_id FROM tests GROUP BY testplan_id:successful"
2023-01-19 07:35:19 I Elano Print           "INSERT INTO tests (testplan_id, testplan_name, testplan_status, rel, status, count, date) SELECT testplan_id, testplan_name, 'Active' as testplan_status, rel, status, count((@rn := @rn + 1)) as count, '2023-01-19' as date FROM testcases cross join (select @rn := 0) const GROUP BY testplan_id, rel, status:successful"
2023-01-19 07:35:19 I Elano update_database "Insert tests table successful"
2023-01-19 07:35:19 I Elano Print           "CREATE TABLE IF NOT EXISTS testapproval (                                 rel TEXT, team TEXT, status TEXT, upstream TEXT, count INT, date TEXT                                 ) ENGINE=InnoDB DEFAULT CHARSET=utf8:successful"
2023-01-19 07:35:19 I Elano Print           "DROP TABLE IF EXISTS alltestapproval:successful"
2023-01-19 07:35:19 I Elano Print           "CREATE TABLE IF NOT EXISTS alltestapproval (                                 id INT, uniqueid TEXT, name TEXT, status TEXT, rel TEXT, team TEXT, upstream TEXT                                 ) ENGINE=InnoDB DEFAULT CHARSET=utf8:successful"
2023-01-19 07:35:19 I Elano Print           "DELETE FROM testapproval WHERE date='2023-01-19':successful"
2023-01-19 07:35:19 I Elano Print           "INSERT INTO testapproval (rel, team, status, count, date, upstream) SELECT rel, team, status, count((@rn := @rn + 1)) as count, '2023-01-19' as date, upstream FROM alltestapproval cross join (select @rn := 0) const GROUP BY rel, team, status, upstream:successful"
2023-01-19 07:35:33 I Elano Get_allfeatuers "[]"
2023-01-19 07:35:33 I Elano Print           "CREATE TABLE IF NOT EXISTS features (                                rel TEXT, status TEXT, count INT, date TEXT) ENGINE=InnoDB DEFAULT CHARSET=utf8:successful"
2023-01-19 07:35:33 I Elano Print           "CREATE TABLE IF NOT EXISTS allfeatures (                                id INT, uniqueid TEXT, name TEXT, status TEXT, rel TEXT,test_status TEXT) ENGINE=InnoDB DEFAULT CHARSET=utf8:successful"
2023-01-19 07:35:33 I Elano Print           "DELETE FROM features WHERE date='2023-01-19':successful"
2023-01-19 07:35:33 I Elano Print           "DELETE FROM allfeatures WHERE id=18553605:successful"
2023-01-19 07:35:33 I Elano Print           "DELETE FROM allfeatures WHERE id=18387242:successful"
2023-01-19 07:35:33 I Elano Print           "DELETE FROM allfeatures WHERE id=18384363:successful"
2023-01-19 07:35:33 I Elano Print           "DELETE FROM allfeatures WHERE id=18384290:successful"
2023-01-19 07:35:33 I Elano Print           "DELETE FROM allfeatures WHERE id=18383799:successful"
2023-01-19 07:35:33 I Elano Print           "DELETE FROM allfeatures WHERE id=18362052:successful"
2023-01-19 07:35:33 I Elano Print           "DELETE FROM allfeatures WHERE id=18343391:successful"
2023-01-19 07:35:33 I Elano Print           "DELETE FROM allfeatures WHERE id=18316326:successful"
2023-01-19 07:35:33 I Elano Print           "DELETE FROM allfeatures WHERE id=18316322:successful"
2023-01-19 07:35:33 I Elano Print           "DELETE FROM allfeatures WHERE id=18314391:successful"
2023-01-19 07:35:33 I Elano Print           "DELETE FROM allfeatures WHERE id=18314290:successful"
2023-01-19 07:35:33 I Elano Print           "DELETE FROM allfeatures WHERE id=18313782:successful"
2023-01-19 07:35:33 I Elano Print           "INSERT INTO features (rel, status, count, date)                                 SELECT rel, status, count((@rn := @rn + 1)) as count, '2023-01-19' as date FROM allfeatures cross join (select @rn := 0) const GROUP BY rel, status:successful"
2023-01-19 07:35:40 I Elano Get_allchangere "[]"
2023-01-19 07:35:40 I Elano Print           "CREATE TABLE IF NOT EXISTS changes (                                 rel TEXT, status TEXT, priority TEXT,                                 requester TEXT, date TEXT, count INT) ENGINE=InnoDB DEFAULT CHARSET=utf8:successful"
2023-01-19 07:35:40 I Elano Print           "CREATE TABLE IF NOT EXISTS allchanges (                                 id INT, uniqueid TEXT, name TEXT,                                 status TEXT, rel TEXT, priority TEXT,                                 requester TEXT) ENGINE=InnoDB DEFAULT CHARSET=utf8:successful"
2023-01-19 07:35:40 I Elano Print           "DELETE FROM changes WHERE date='2023-01-19':successful"
2023-01-19 07:35:40 I Elano Print           "INSERT INTO changes (                                 rel, status, priority, requester, date, count)                                 SELECT rel, status, priority, requester, '2023-01-19' as date, count((@rn := @rn + 1)) as count FROM allchanges                                 cross join (select @rn := 0) const GROUP BY rel, status, priority, requester:successful"
2023-01-19 07:35:48 I Elano Print           "CREATE TABLE IF NOT EXISTS designspec (                            rel TEXT, team TEXT, status TEXT, count INT, date text) ENGINE=InnoDB DEFAULT CHARSET=utf8:successful"
2023-01-19 07:35:48 I Elano Print           "CREATE TABLE IF NOT EXISTS alldesignspec (                             id INT, uniqueid TEXT, name TEXT, status TEXT, rel TEXT, team TEXT) ENGINE=InnoDB DEFAULT CHARSET=utf8:successful"
2023-01-19 07:35:48 I Elano Print           "DELETE FROM designspec WHERE date='2023-01-19':successful"
2023-01-19 07:35:48 I Elano Print           "INSERT INTO designspec (rel, team, status, count, date) SELECT rel, team, status, count((@rn := @rn + 1)) as count, '2023-01-19' as date FROM alldesignspec cross join (select @rn := 0) const GROUP BY rel, team, status:successful"
2023-01-19 07:36:02 I Elano Get_alluserstor "[]"
2023-01-19 07:36:02 I Elano Print           "CREATE TABLE IF NOT EXISTS userstories (                 rel TEXT, status TEXT, count INT, date TEXT) ENGINE=InnoDB DEFAULT CHARSET=utf8:successful"
2023-01-19 07:36:02 I Elano Print           "CREATE TABLE IF NOT EXISTS alluserstories (                 id INT, uniqueid TEXT, name TEXT, status TEXT, rel TEXT) ENGINE=InnoDB DEFAULT CHARSET=utf8:successful"
2023-01-19 07:36:02 I Elano Print           "DELETE FROM userstories WHERE date='2023-01-19':successful"
2023-01-19 07:36:02 I Elano Print           "INSERT INTO userstories (rel, status, count, date) SELECT rel, status, count((@rn := @rn + 1)) as count, '2023-01-19' as date FROM alluserstories cross join (select @rn := 0) const GROUP BY rel, status:successful"
2023-01-19 07:36:17 I Elano Get_alldefects  "[]"
2023-01-19 07:36:17 I Elano Print           "CREATE TABLE IF NOT EXISTS defects (                     rel TEXT, team TEXT, status TEXT, priority TEXT, count INT, date TEXT) ENGINE=InnoDB DEFAULT CHARSET=utf8:successful"
2023-01-19 07:36:17 I Elano Print           "CREATE TABLE IF NOT EXISTS alldefects (                     id INT, uniqueid TEXT, name TEXT, status TEXT, rel TEXT, team TEXT, priority TEXT, jira TEXT, upstream TEXT) ENGINE=InnoDB DEFAULT CHARSET=utf8:successful"
2023-01-19 07:36:17 I Elano Print           "DELETE FROM defects WHERE date='2023-01-19':successful"
2023-01-19 07:36:17 I Elano Print           "INSERT INTO defects (rel, team, status, count, date, priority) SELECT rel, team, status, count((@rn := @rn + 1)) as count, '2023-01-19' as date, priority FROM alldefects cross join (select @rn := 0) const GROUP BY rel, team, status, priority:successful"
2023-01-19 07:37:40 I Elano get_multipickli "Unassigned don't find the mainteam name from G_parameter"
2023-01-19 07:38:29 I Elano get_multipickli "Unassigned don't find the mainteam name from G_parameter"
2023-01-19 07:38:37 I Elano get_multipickli "Unassigned don't find the mainteam name from G_parameter"
2023-01-19 07:39:55 I Elano get_multipickli "Unassigned don't find the mainteam name from G_parameter"
2023-01-19 07:40:28 I Elano get_multipickli "Unassigned don't find the mainteam name from G_parameter"
2023-01-19 07:40:44 I Elano get_multipickli "Unassigned don't find the mainteam name from G_parameter"
2023-01-19 07:40:55 I Elano get_multipickli "Unassigned don't find the mainteam name from G_parameter"
2023-01-19 07:41:09 I Elano get_multipickli "Unassigned don't find the mainteam name from G_parameter"
2023-01-19 07:41:21 I Elano get_multipickli "Unassigned don't find the mainteam name from G_parameter"
2023-01-19 07:41:32 I Elano get_multipickli "Unassigned don't find the mainteam name from G_parameter"
2023-01-19 07:41:43 I Elano get_multipickli "Unassigned don't find the mainteam name from G_parameter"
2023-01-19 07:41:52 I Elano get_multipickli "Unassigned don't find the mainteam name from G_parameter"
2023-01-19 07:42:02 I Elano get_multipickli "Unassigned don't find the mainteam name from G_parameter"
2023-01-19 07:42:11 I Elano get_multipickli "Unassigned don't find the mainteam name from G_parameter"
2023-01-19 07:42:21 I Elano get_multipickli "Unassigned don't find the mainteam name from G_parameter"
2023-01-19 07:42:55 I Elano get_multipickli "Unassigned don't find the mainteam name from G_parameter"
2023-01-19 07:58:12 I Elano get_multipickli "Digital Experience – Android don't find the mainteam name from G_parameter"
2023-01-19 07:58:16 I Elano get_multipickli "Digital Experience – IOS don't find the mainteam name from G_parameter"
2023-01-19 07:59:39 I Elano get_multipickli "Digital Experience – Android don't find the mainteam name from G_parameter"
2023-01-19 07:59:39 I Elano get_multipickli "Digital Experience – IOS don't find the mainteam name from G_parameter"
2023-01-19 07:59:54 I Elano get_multipickli "Digital Experience – SDK don't find the mainteam name from G_parameter"
2023-01-19 08:00:10 I Elano get_multipickli "Digital Experience – SDK don't find the mainteam name from G_parameter"
2023-01-19 08:00:50 I Elano get_multipickli "Digital Experience – IOS don't find the mainteam name from G_parameter"
2023-01-19 08:01:01 I Elano get_multipickli "Digital Experience – Android don't find the mainteam name from G_parameter"
2023-01-19 08:01:01 I Elano get_multipickli "Digital Experience – IOS don't find the mainteam name from G_parameter"
2023-01-19 08:01:49 I Elano get_multipickli "ESW Platform Test don't find the mainteam name from G_parameter"
2023-01-19 08:02:03 I Elano get_multipickli "ESW Platform Test don't find the mainteam name from G_parameter"
2023-01-19 08:03:08 I Elano get_multipickli "Digital Experience – Android don't find the mainteam name from G_parameter"
2023-01-19 08:03:08 I Elano get_multipickli "Digital Experience – IOS don't find the mainteam name from G_parameter"
2023-01-19 08:04:14 I Elano get_multipickli "Unassigned don't find the mainteam name from G_parameter"
2023-01-19 08:26:23 I Elano get_multipickli "Unassigned don't find the mainteam name from G_parameter"
2023-01-19 08:26:54 I Elano get_multipickli "Unassigned don't find the mainteam name from G_parameter"
2023-01-19 08:27:57 I Elano get_multipickli "Unassigned don't find the mainteam name from G_parameter"
2023-01-19 08:28:59 I Elano get_multipickli "Unassigned don't find the mainteam name from G_parameter"
2023-01-19 08:29:22 I Elano get_multipickli "Unassigned don't find the mainteam name from G_parameter"
2023-01-19 08:30:04 I Elano get_multipickli "Unassigned don't find the mainteam name from G_parameter"
2023-01-19 08:36:09 I Elano get_multipickli "Unassigned don't find the mainteam name from G_parameter"
2023-01-19 08:36:52 I Elano get_multipickli "Unassigned don't find the mainteam name from G_parameter"
2023-01-19 08:37:34 I Elano get_multipickli "Digital Experience – Android don't find the mainteam name from G_parameter"
2023-01-19 08:37:34 I Elano get_multipickli "Digital Experience – IOS don't find the mainteam name from G_parameter"
2023-01-19 08:37:55 I Elano get_multipickli "Digital Experience – SDK don't find the mainteam name from G_parameter"
2023-01-19 08:38:57 I Elano get_multipickli "Digital Experience – Android don't find the mainteam name from G_parameter"
2023-01-19 08:38:57 I Elano get_multipickli "Digital Experience – IOS don't find the mainteam name from G_parameter"
2023-01-19 08:41:52 I Elano get_multipickli "Digital Experience – IOS don't find the mainteam name from G_parameter"
2023-01-19 08:41:52 I Elano get_multipickli "Digital Experience – SDK don't find the mainteam name from G_parameter"
2023-01-19 08:42:13 I Elano get_multipickli "Digital Experience – Android don't find the mainteam name from G_parameter"
2023-01-19 08:42:13 I Elano get_multipickli "Digital Experience – IOS don't find the mainteam name from G_parameter"
2023-01-19 08:42:13 I Elano get_multipickli "Digital Experience – SDK don't find the mainteam name from G_parameter"
2023-01-19 08:44:26 I Elano get_multipickli "Unassigned don't find the mainteam name from G_parameter"
2023-01-19 08:44:44 I Elano get_multipickli "Digital Experience – Android don't find the mainteam name from G_parameter"
2023-01-19 08:44:44 I Elano get_multipickli "Digital Experience – IOS don't find the mainteam name from G_parameter"
2023-01-19 08:46:49 I Elano get_multipickli "Unassigned don't find the mainteam name from G_parameter"
2023-01-19 08:47:13 I Elano get_multipickli "Unassigned don't find the mainteam name from G_parameter"
2023-01-19 08:47:22 I Elano get_multipickli "Unassigned don't find the mainteam name from G_parameter"
2023-01-19 08:48:08 I Elano get_multipickli "Unassigned don't find the mainteam name from G_parameter"
2023-01-19 08:48:26 I Elano get_multipickli "Unassigned don't find the mainteam name from G_parameter"
2023-01-19 08:49:26 I Elano get_multipickli "Unassigned don't find the mainteam name from G_parameter"
2023-01-19 08:49:36 I Elano get_multipickli "Unassigned don't find the mainteam name from G_parameter"
2023-01-19 08:49:49 I Elano get_multipickli "Unassigned don't find the mainteam name from G_parameter"
2023-01-19 08:50:01 I Elano get_multipickli "Unassigned don't find the mainteam name from G_parameter"
2023-01-19 08:50:13 I Elano get_multipickli "Unassigned don't find the mainteam name from G_parameter"
2023-01-19 08:51:28 I Elano get_multipickli "Unassigned don't find the mainteam name from G_parameter"
2023-01-19 09:03:53 I Elano get_multipickli "Unassigned don't find the mainteam name from G_parameter"
2023-01-19 09:04:07 I Elano get_multipickli "Unassigned don't find the mainteam name from G_parameter"
2023-01-19 09:04:18 I Elano get_multipickli "Unassigned don't find the mainteam name from G_parameter"
2023-01-19 09:04:41 I Elano get_multipickli "Unassigned don't find the mainteam name from G_parameter"
2023-01-19 09:04:53 I Elano get_multipickli "Unassigned don't find the mainteam name from G_parameter"
2023-01-19 09:05:34 I Elano Print           "DROP TABLE IF EXISTS allrequirements:successful"
2023-01-19 09:05:34 I Elano Print           "DROP TABLE IF EXISTS allcoverage:successful"
2023-01-19 09:05:34 I Elano Print           "CREATE TABLE IF NOT EXISTS requirements (                        rel TEXT, status TEXT, count INT, date TEXT) ENGINE=InnoDB DEFAULT CHARSET=utf8:successful"
2023-01-19 09:05:34 I Elano Print           "CREATE TABLE IF NOT EXISTS allrequirements (                        id INT, uniqueid TEXT, name TEXT, status TEXT, rel TEXT, upstream TEXT, downstream TEXT, team TEXT, test_status TEXT) ENGINE=InnoDB DEFAULT CHARSET=utf8:successful"
2023-01-19 09:05:34 I Elano Print           "CREATE TABLE IF NOT EXISTS coverage (                        team text, covered int, expected int, date text) ENGINE=InnoDB DEFAULT CHARSET=utf8:successful"
2023-01-19 09:05:34 I Elano Print           "CREATE TABLE IF NOT EXISTS allcoverage (                        id INT, uniqueid TEXT, name TEXT, status TEXT, rel TEXT, verify TEXT, missing TEXT) ENGINE=InnoDB DEFAULT CHARSET=utf8:successful"
2023-01-19 09:05:34 I Elano Print           "DELETE FROM requirements WHERE date='2023-01-19':successful"
2023-01-19 09:05:34 I Elano Print           "DELETE FROM coverage WHERE date='2023-01-19':successful"
2023-01-19 09:05:34 I Elano Print           "INSERT INTO requirements (rel, status, count, date) SELECT rel, status, count((@rn := @rn + 1)) as count, '2023-01-19' as date FROM allrequirements cross join (select @rn := 0) const GROUP BY rel, status:successful"
2023-01-19 09:05:34 I Elano Print           "CREATE TABLE IF NOT EXISTS feattest (rel TEXT, status TEXT, count TEXT, date TEXT) ENGINE=InnoDB DEFAULT CHARSET=utf8:successful"
2023-01-19 09:05:34 I Elano Print           "CREATE TABLE IF NOT EXISTS reqtest (rel TEXT, status TEXT, count TEXT, date TEXT) ENGINE=InnoDB DEFAULT CHARSET=utf8:successful"
2023-01-19 09:05:34 I Elano Print           "SELECT id FROM allfeatures:successful"
2023-01-19 09:05:34 I Elano Print           "SELECT id,upstream,downstream,team FROM allrequirements:successful"
2023-01-19 09:05:34 I Elano Print           "SELECT id FROM allcoverage:successful"
2023-01-19 09:05:34 I Elano Print           "SELECT * FROM testcases:successful"
2023-01-19 10:37:18 I Elano Print           "Connet 20603 successfully!!!"
2023-01-19 10:37:18 I Elano Get_alltests    "Get project name:Elanor id:20603 all testplans"
2023-01-19 10:37:20 I Elano Get_alltests    "{}"
2023-01-19 10:37:20 I Elano Get_alltests    "Get project name:Elanor id:20603 all testplans successful!!!"
2023-01-19 10:37:20 I Elano tidy_alltestcas "0"
2023-01-19 10:37:20 I Elano Print           "DROP TABLE IF EXISTS testcases:successful"
2023-01-19 10:37:20 I Elano Print           "CREATE TABLE IF NOT EXISTS testcases (                             testplan_id INT,                             testplan_name TEXT,                             testgroup_id INT,                             testgroup_name TEXT,                             testcycle_id INT,                             testcycle_name TEXT,                             rel TEXT,                             id INT,                             uniqueid TEXT,                             name TEXT,                             status TEXT,                             upstream TEXT,                             downstream TEXT,                             executionDate TEXT) ENGINE=InnoDB DEFAULT CHARSET=utf8:successful"
2023-01-19 10:37:20 I Elano update_database "Insert testcases table successful"
2023-01-19 10:37:20 I Elano Print           "CREATE TABLE IF NOT EXISTS tests (                             testplan_id INT,                             testplan_name TEXT,                             testplan_status TEXT,                             rel TEXT, status TEXT,                             count INT, date TEXT) ENGINE=InnoDB DEFAULT CHARSET=utf8:successful"
2023-01-19 10:37:20 I Elano Print           "DELETE FROM tests WHERE date='2023-01-19':successful"
2023-01-19 10:37:20 I Elano Print           "SELECT testplan_id FROM tests GROUP BY testplan_id:successful"
2023-01-19 10:37:20 I Elano Print           "INSERT INTO tests (testplan_id, testplan_name, testplan_status, rel, status, count, date) SELECT testplan_id, testplan_name, 'Active' as testplan_status, rel, status, count((@rn := @rn + 1)) as count, '2023-01-19' as date FROM testcases cross join (select @rn := 0) const GROUP BY testplan_id, rel, status:successful"
2023-01-19 10:37:20 I Elano update_database "Insert tests table successful"
2023-01-19 10:37:20 I Elano Print           "CREATE TABLE IF NOT EXISTS testapproval (                                 rel TEXT, team TEXT, status TEXT, upstream TEXT, count INT, date TEXT                                 ) ENGINE=InnoDB DEFAULT CHARSET=utf8:successful"
2023-01-19 10:37:20 I Elano Print           "DROP TABLE IF EXISTS alltestapproval:successful"
2023-01-19 10:37:20 I Elano Print           "CREATE TABLE IF NOT EXISTS alltestapproval (                                 id INT, uniqueid TEXT, name TEXT, status TEXT, rel TEXT, team TEXT, upstream TEXT                                 ) ENGINE=InnoDB DEFAULT CHARSET=utf8:successful"
2023-01-19 10:37:20 I Elano Print           "DELETE FROM testapproval WHERE date='2023-01-19':successful"
2023-01-19 10:37:20 I Elano Print           "INSERT INTO testapproval (rel, team, status, count, date, upstream) SELECT rel, team, status, count((@rn := @rn + 1)) as count, '2023-01-19' as date, upstream FROM alltestapproval cross join (select @rn := 0) const GROUP BY rel, team, status, upstream:successful"
2023-01-19 10:37:26 I Elano Get_allfeatuers "[]"
2023-01-19 10:37:26 I Elano Print           "CREATE TABLE IF NOT EXISTS features (                                rel TEXT, status TEXT, count INT, date TEXT) ENGINE=InnoDB DEFAULT CHARSET=utf8:successful"
2023-01-19 10:37:26 I Elano Print           "CREATE TABLE IF NOT EXISTS allfeatures (                                id INT, uniqueid TEXT, name TEXT, status TEXT, rel TEXT,test_status TEXT) ENGINE=InnoDB DEFAULT CHARSET=utf8:successful"
2023-01-19 10:37:26 I Elano Print           "DELETE FROM features WHERE date='2023-01-19':successful"
2023-01-19 10:37:26 I Elano Print           "DELETE FROM allfeatures WHERE id=18553605:successful"
2023-01-19 10:37:26 I Elano Print           "DELETE FROM allfeatures WHERE id=18387242:successful"
2023-01-19 10:37:26 I Elano Print           "DELETE FROM allfeatures WHERE id=18384363:successful"
2023-01-19 10:37:26 I Elano Print           "DELETE FROM allfeatures WHERE id=18384290:successful"
2023-01-19 10:37:26 I Elano Print           "DELETE FROM allfeatures WHERE id=18383799:successful"
2023-01-19 10:37:26 I Elano Print           "DELETE FROM allfeatures WHERE id=18362052:successful"
2023-01-19 10:37:26 I Elano Print           "DELETE FROM allfeatures WHERE id=18343391:successful"
2023-01-19 10:37:26 I Elano Print           "DELETE FROM allfeatures WHERE id=18316326:successful"
2023-01-19 10:37:26 I Elano Print           "DELETE FROM allfeatures WHERE id=18316322:successful"
2023-01-19 10:37:26 I Elano Print           "DELETE FROM allfeatures WHERE id=18314391:successful"
2023-01-19 10:37:26 I Elano Print           "DELETE FROM allfeatures WHERE id=18314290:successful"
2023-01-19 10:37:26 I Elano Print           "DELETE FROM allfeatures WHERE id=18313782:successful"
2023-01-19 10:37:26 I Elano Print           "INSERT INTO features (rel, status, count, date)                                 SELECT rel, status, count((@rn := @rn + 1)) as count, '2023-01-19' as date FROM allfeatures cross join (select @rn := 0) const GROUP BY rel, status:successful"
2023-01-19 10:37:29 I Elano Get_allchangere "[]"
2023-01-19 10:37:29 I Elano Print           "CREATE TABLE IF NOT EXISTS changes (                                 rel TEXT, status TEXT, priority TEXT,                                 requester TEXT, date TEXT, count INT) ENGINE=InnoDB DEFAULT CHARSET=utf8:successful"
2023-01-19 10:37:29 I Elano Print           "CREATE TABLE IF NOT EXISTS allchanges (                                 id INT, uniqueid TEXT, name TEXT,                                 status TEXT, rel TEXT, priority TEXT,                                 requester TEXT) ENGINE=InnoDB DEFAULT CHARSET=utf8:successful"
2023-01-19 10:37:29 I Elano Print           "DELETE FROM changes WHERE date='2023-01-19':successful"
2023-01-19 10:37:29 I Elano Print           "INSERT INTO changes (                                 rel, status, priority, requester, date, count)                                 SELECT rel, status, priority, requester, '2023-01-19' as date, count((@rn := @rn + 1)) as count FROM allchanges                                 cross join (select @rn := 0) const GROUP BY rel, status, priority, requester:successful"
2023-01-19 10:37:33 I Elano Print           "CREATE TABLE IF NOT EXISTS designspec (                            rel TEXT, team TEXT, status TEXT, count INT, date text) ENGINE=InnoDB DEFAULT CHARSET=utf8:successful"
2023-01-19 10:37:33 I Elano Print           "CREATE TABLE IF NOT EXISTS alldesignspec (                             id INT, uniqueid TEXT, name TEXT, status TEXT, rel TEXT, team TEXT) ENGINE=InnoDB DEFAULT CHARSET=utf8:successful"
2023-01-19 10:37:33 I Elano Print           "DELETE FROM designspec WHERE date='2023-01-19':successful"
2023-01-19 10:37:33 I Elano Print           "INSERT INTO designspec (rel, team, status, count, date) SELECT rel, team, status, count((@rn := @rn + 1)) as count, '2023-01-19' as date FROM alldesignspec cross join (select @rn := 0) const GROUP BY rel, team, status:successful"
2023-01-19 10:37:39 I Elano Get_alluserstor "[]"
2023-01-19 10:37:39 I Elano Print           "CREATE TABLE IF NOT EXISTS userstories (                 rel TEXT, status TEXT, count INT, date TEXT) ENGINE=InnoDB DEFAULT CHARSET=utf8:successful"
2023-01-19 10:37:39 I Elano Print           "CREATE TABLE IF NOT EXISTS alluserstories (                 id INT, uniqueid TEXT, name TEXT, status TEXT, rel TEXT) ENGINE=InnoDB DEFAULT CHARSET=utf8:successful"
2023-01-19 10:37:39 I Elano Print           "DELETE FROM userstories WHERE date='2023-01-19':successful"
2023-01-19 10:37:39 I Elano Print           "INSERT INTO userstories (rel, status, count, date) SELECT rel, status, count((@rn := @rn + 1)) as count, '2023-01-19' as date FROM alluserstories cross join (select @rn := 0) const GROUP BY rel, status:successful"
2023-01-19 10:37:44 I Elano Get_alldefects  "[]"
2023-01-19 10:37:44 I Elano Print           "CREATE TABLE IF NOT EXISTS defects (                     rel TEXT, team TEXT, status TEXT, priority TEXT, count INT, date TEXT) ENGINE=InnoDB DEFAULT CHARSET=utf8:successful"
2023-01-19 10:37:44 I Elano Print           "CREATE TABLE IF NOT EXISTS alldefects (                     id INT, uniqueid TEXT, name TEXT, status TEXT, rel TEXT, team TEXT, priority TEXT, jira TEXT, upstream TEXT) ENGINE=InnoDB DEFAULT CHARSET=utf8:successful"
2023-01-19 10:37:44 I Elano Print           "DELETE FROM defects WHERE date='2023-01-19':successful"
2023-01-19 10:37:44 I Elano Print           "INSERT INTO defects (rel, team, status, count, date, priority) SELECT rel, team, status, count((@rn := @rn + 1)) as count, '2023-01-19' as date, priority FROM alldefects cross join (select @rn := 0) const GROUP BY rel, team, status, priority:successful"
2023-01-19 10:38:43 I Elano get_multipickli "Unassigned don't find the mainteam name from G_parameter"
2023-01-19 10:39:41 I Elano get_multipickli "Unassigned don't find the mainteam name from G_parameter"
2023-01-19 10:39:51 I Elano get_multipickli "Unassigned don't find the mainteam name from G_parameter"
2023-01-19 10:41:19 I Elano get_multipickli "Unassigned don't find the mainteam name from G_parameter"
2023-01-19 10:41:46 I Elano get_multipickli "Unassigned don't find the mainteam name from G_parameter"
2023-01-19 10:42:02 I Elano get_multipickli "Unassigned don't find the mainteam name from G_parameter"
2023-01-19 10:42:10 I Elano get_multipickli "Unassigned don't find the mainteam name from G_parameter"
2023-01-19 10:42:19 I Elano get_multipickli "Unassigned don't find the mainteam name from G_parameter"
2023-01-19 10:42:27 I Elano get_multipickli "Unassigned don't find the mainteam name from G_parameter"
2023-01-19 10:42:35 I Elano get_multipickli "Unassigned don't find the mainteam name from G_parameter"
2023-01-19 10:42:42 I Elano get_multipickli "Unassigned don't find the mainteam name from G_parameter"
2023-01-19 10:42:50 I Elano get_multipickli "Unassigned don't find the mainteam name from G_parameter"
2023-01-19 10:42:58 I Elano get_multipickli "Unassigned don't find the mainteam name from G_parameter"
2023-01-19 10:43:06 I Elano get_multipickli "Unassigned don't find the mainteam name from G_parameter"
2023-01-19 10:43:14 I Elano get_multipickli "Unassigned don't find the mainteam name from G_parameter"
2023-01-19 10:43:39 I Elano get_multipickli "Unassigned don't find the mainteam name from G_parameter"
2023-01-19 10:53:08 I Elano get_multipickli "Digital Experience – Android don't find the mainteam name from G_parameter"
2023-01-19 10:53:10 I Elano get_multipickli "Digital Experience – IOS don't find the mainteam name from G_parameter"
2023-01-19 10:53:58 I Elano get_multipickli "Digital Experience – Android don't find the mainteam name from G_parameter"
2023-01-19 10:53:58 I Elano get_multipickli "Digital Experience – IOS don't find the mainteam name from G_parameter"
2023-01-19 10:54:08 I Elano get_multipickli "Digital Experience – SDK don't find the mainteam name from G_parameter"
2023-01-19 10:54:16 I Elano get_multipickli "Digital Experience – SDK don't find the mainteam name from G_parameter"
2023-01-19 10:54:37 I Elano get_multipickli "Digital Experience – IOS don't find the mainteam name from G_parameter"
2023-01-19 10:54:44 I Elano get_multipickli "Digital Experience – Android don't find the mainteam name from G_parameter"
2023-01-19 10:54:44 I Elano get_multipickli "Digital Experience – IOS don't find the mainteam name from G_parameter"
2023-01-19 10:55:09 I Elano get_multipickli "ESW Platform Test don't find the mainteam name from G_parameter"
2023-01-19 10:55:15 I Elano get_multipickli "ESW Platform Test don't find the mainteam name from G_parameter"
2023-01-19 10:55:50 I Elano get_multipickli "Digital Experience – Android don't find the mainteam name from G_parameter"
2023-01-19 10:55:50 I Elano get_multipickli "Digital Experience – IOS don't find the mainteam name from G_parameter"
2023-01-19 10:56:33 I Elano get_multipickli "Unassigned don't find the mainteam name from G_parameter"
2023-01-19 11:02:19 I Elano get_multipickli "Unassigned don't find the mainteam name from G_parameter"
2023-01-19 11:02:26 I Elano get_multipickli "Unassigned don't find the mainteam name from G_parameter"
2023-01-19 11:02:41 I Elano get_multipickli "Unassigned don't find the mainteam name from G_parameter"
2023-01-19 11:02:56 I Elano get_multipickli "Unassigned don't find the mainteam name from G_parameter"
2023-01-19 11:03:02 I Elano get_multipickli "Unassigned don't find the mainteam name from G_parameter"
2023-01-19 11:03:16 I Elano get_multipickli "Unassigned don't find the mainteam name from G_parameter"
2023-01-19 11:05:24 I Elano get_multipickli "Unassigned don't find the mainteam name from G_parameter"
2023-01-19 11:05:38 I Elano get_multipickli "Unassigned don't find the mainteam name from G_parameter"
2023-01-19 11:05:52 I Elano get_multipickli "Digital Experience – Android don't find the mainteam name from G_parameter"
2023-01-19 11:05:52 I Elano get_multipickli "Digital Experience – IOS don't find the mainteam name from G_parameter"
2023-01-19 11:05:59 I Elano get_multipickli "Digital Experience – SDK don't find the mainteam name from G_parameter"
2023-01-19 11:06:20 I Elano get_multipickli "Digital Experience – Android don't find the mainteam name from G_parameter"
2023-01-19 11:06:20 I Elano get_multipickli "Digital Experience – IOS don't find the mainteam name from G_parameter"
2023-01-19 11:07:19 I Elano get_multipickli "Digital Experience – IOS don't find the mainteam name from G_parameter"
2023-01-19 11:07:19 I Elano get_multipickli "Digital Experience – SDK don't find the mainteam name from G_parameter"
2023-01-19 11:07:27 I Elano get_multipickli "Digital Experience – Android don't find the mainteam name from G_parameter"
2023-01-19 11:07:27 I Elano get_multipickli "Digital Experience – IOS don't find the mainteam name from G_parameter"
2023-01-19 11:07:27 I Elano get_multipickli "Digital Experience – SDK don't find the mainteam name from G_parameter"
2023-01-19 11:08:57 I Elano get_multipickli "Unassigned don't find the mainteam name from G_parameter"
2023-01-19 11:09:10 I Elano get_multipickli "Digital Experience – Android don't find the mainteam name from G_parameter"
2023-01-19 11:09:10 I Elano get_multipickli "Digital Experience – IOS don't find the mainteam name from G_parameter"
2023-01-19 11:11:00 I Elano get_multipickli "Unassigned don't find the mainteam name from G_parameter"
2023-01-19 11:11:18 I Elano get_multipickli "Unassigned don't find the mainteam name from G_parameter"
2023-01-19 11:11:27 I Elano get_multipickli "Unassigned don't find the mainteam name from G_parameter"
2023-01-19 11:12:10 I Elano get_multipickli "Unassigned don't find the mainteam name from G_parameter"
2023-01-19 11:12:24 I Elano get_multipickli "Unassigned don't find the mainteam name from G_parameter"
2023-01-19 11:13:06 I Elano get_multipickli "Unassigned don't find the mainteam name from G_parameter"
2023-01-19 11:13:12 I Elano get_multipickli "Unassigned don't find the mainteam name from G_parameter"
2023-01-19 11:13:19 I Elano get_multipickli "Unassigned don't find the mainteam name from G_parameter"
2023-01-19 11:13:25 I Elano get_multipickli "Unassigned don't find the mainteam name from G_parameter"
2023-01-19 11:13:31 I Elano get_multipickli "Unassigned don't find the mainteam name from G_parameter"
2023-01-19 11:14:17 I Elano get_multipickli "Unassigned don't find the mainteam name from G_parameter"
2023-01-19 11:23:40 I Elano get_multipickli "Unassigned don't find the mainteam name from G_parameter"
2023-01-19 11:23:48 I Elano get_multipickli "Unassigned don't find the mainteam name from G_parameter"
2023-01-19 11:23:55 I Elano get_multipickli "Unassigned don't find the mainteam name from G_parameter"
2023-01-19 11:24:07 I Elano get_multipickli "Unassigned don't find the mainteam name from G_parameter"
2023-01-19 11:24:14 I Elano get_multipickli "Unassigned don't find the mainteam name from G_parameter"
2023-01-19 11:24:27 I Elano Print           "DROP TABLE IF EXISTS allrequirements:successful"
2023-01-19 11:24:27 I Elano Print           "DROP TABLE IF EXISTS allcoverage:successful"
2023-01-19 11:24:27 I Elano Print           "CREATE TABLE IF NOT EXISTS requirements (                        rel TEXT, status TEXT, count INT, date TEXT) ENGINE=InnoDB DEFAULT CHARSET=utf8:successful"
2023-01-19 11:24:27 I Elano Print           "CREATE TABLE IF NOT EXISTS allrequirements (                        id INT, uniqueid TEXT, name TEXT, status TEXT, rel TEXT, upstream TEXT, downstream TEXT, team TEXT, test_status TEXT) ENGINE=InnoDB DEFAULT CHARSET=utf8:successful"
2023-01-19 11:24:27 I Elano Print           "CREATE TABLE IF NOT EXISTS coverage (                        team text, covered int, expected int, date text) ENGINE=InnoDB DEFAULT CHARSET=utf8:successful"
2023-01-19 11:24:27 I Elano Print           "CREATE TABLE IF NOT EXISTS allcoverage (                        id INT, uniqueid TEXT, name TEXT, status TEXT, rel TEXT, verify TEXT, missing TEXT) ENGINE=InnoDB DEFAULT CHARSET=utf8:successful"
2023-01-19 11:24:27 I Elano Print           "DELETE FROM requirements WHERE date='2023-01-19':successful"
2023-01-19 11:24:27 I Elano Print           "DELETE FROM coverage WHERE date='2023-01-19':successful"
2023-01-19 11:24:27 I Elano Print           "INSERT INTO requirements (rel, status, count, date) SELECT rel, status, count((@rn := @rn + 1)) as count, '2023-01-19' as date FROM allrequirements cross join (select @rn := 0) const GROUP BY rel, status:successful"
2023-01-19 11:24:27 I Elano Print           "CREATE TABLE IF NOT EXISTS feattest (rel TEXT, status TEXT, count TEXT, date TEXT) ENGINE=InnoDB DEFAULT CHARSET=utf8:successful"
2023-01-19 11:24:27 I Elano Print           "CREATE TABLE IF NOT EXISTS reqtest (rel TEXT, status TEXT, count TEXT, date TEXT) ENGINE=InnoDB DEFAULT CHARSET=utf8:successful"
2023-01-19 11:24:27 I Elano Print           "SELECT id FROM allfeatures:successful"
2023-01-19 11:24:27 I Elano Print           "SELECT id,upstream,downstream,team FROM allrequirements:successful"
2023-01-19 11:24:27 I Elano Print           "SELECT id FROM allcoverage:successful"
2023-01-19 11:24:27 I Elano Print           "SELECT * FROM testcases:successful"
