2023-01-19 07:30:56 I Odin  Print           "Connet 20550 successfully!!!"
2023-01-19 07:30:56 I Odin  Get_alltests    "Get project name:Odin id:20550 all testplans"
2023-01-19 07:31:02 I Odin  Get_alltests    "{7979358: {'id': 7979358, 'name': 'Product Verification Test Plan', 'archived': False, 'index': '7979358:Product Verification Test Plan'}, 8559429: {'id': 8559429, 'name': 'UX Test Plan', 'archived': False, 'index': '8559429:UX Test Plan'}}"
2023-01-19 07:31:02 I Odin  Get_alltests    "Get project name:Odin id:20550 all testplans successful!!!"
2023-01-19 07:32:39 I Odin  tidy_alltestcas "101"
2023-01-19 07:33:19 I Odin  Print           "DROP TABLE IF EXISTS testcases:successful"
2023-01-19 07:33:19 I Odin  Print           "CREATE TABLE IF NOT EXISTS testcases (                             testplan_id INT,                             testplan_name TEXT,                             testgroup_id INT,                             testgroup_name TEXT,                             testcycle_id INT,                             testcycle_name TEXT,                             rel TEXT,                             id INT,                             uniqueid TEXT,                             name TEXT,                             status TEXT,                             upstream TEXT,                             downstream TEXT,                             executionDate TEXT) ENGINE=InnoDB DEFAULT CHARSET=utf8:successful"
2023-01-19 07:33:19 I Odin  update_database "Insert testcases table successful"
2023-01-19 07:33:19 I Odin  Print           "CREATE TABLE IF NOT EXISTS tests (                             testplan_id INT,                             testplan_name TEXT,                             testplan_status TEXT,                             rel TEXT, status TEXT,                             count INT, date TEXT) ENGINE=InnoDB DEFAULT CHARSET=utf8:successful"
2023-01-19 07:33:19 I Odin  Print           "DELETE FROM tests WHERE date='2023-01-19':successful"
2023-01-19 07:33:19 I Odin  Print           "SELECT testplan_id FROM tests GROUP BY testplan_id:successful"
2023-01-19 07:33:19 I Odin  Print           "SELECT testplan_name FROM tests WHERE testplan_id=7979358 LIMIT 1:successful"
2023-01-19 07:33:19 I Odin  Print           "UPDATE tests SET testplan_status='Active' WHERE testplan_id=7979358:successful"
2023-01-19 07:33:19 I Odin  Print           "SELECT testplan_name FROM tests WHERE testplan_id=8559429 LIMIT 1:successful"
2023-01-19 07:33:19 I Odin  Print           "UPDATE tests SET testplan_status='Active' WHERE testplan_id=8559429:successful"
2023-01-19 07:33:19 I Odin  Print           "INSERT INTO tests (testplan_id, testplan_name, testplan_status, rel, status, count, date) SELECT testplan_id, testplan_name, 'Active' as testplan_status, rel, status, count((@rn := @rn + 1)) as count, '2023-01-19' as date FROM testcases cross join (select @rn := 0) const GROUP BY testplan_id, rel, status:successful"
2023-01-19 07:33:19 I Odin  update_database "Insert tests table successful"
2023-01-19 07:33:19 I Odin  Print           "CREATE TABLE IF NOT EXISTS testapproval (                                 rel TEXT, team TEXT, status TEXT, upstream TEXT, count INT, date TEXT                                 ) ENGINE=InnoDB DEFAULT CHARSET=utf8:successful"
2023-01-19 07:33:19 I Odin  Print           "DROP TABLE IF EXISTS alltestapproval:successful"
2023-01-19 07:33:19 I Odin  Print           "CREATE TABLE IF NOT EXISTS alltestapproval (                                 id INT, uniqueid TEXT, name TEXT, status TEXT, rel TEXT, team TEXT, upstream TEXT                                 ) ENGINE=InnoDB DEFAULT CHARSET=utf8:successful"
2023-01-19 07:33:19 I Odin  Print           "DELETE FROM testapproval WHERE date='2023-01-19':successful"
2023-01-19 07:33:19 I Odin  Print           "INSERT INTO testapproval (rel, team, status, count, date, upstream) SELECT rel, team, status, count((@rn := @rn + 1)) as count, '2023-01-19' as date, upstream FROM alltestapproval cross join (select @rn := 0) const GROUP BY rel, team, status, upstream:successful"
2023-01-19 07:33:27 I Odin  Get_allfeatuers "[]"
2023-01-19 07:33:27 I Odin  Print           "CREATE TABLE IF NOT EXISTS features (                                rel TEXT, status TEXT, count INT, date TEXT) ENGINE=InnoDB DEFAULT CHARSET=utf8:successful"
2023-01-19 07:33:27 I Odin  Print           "CREATE TABLE IF NOT EXISTS allfeatures (                                id INT, uniqueid TEXT, name TEXT, status TEXT, rel TEXT,test_status TEXT) ENGINE=InnoDB DEFAULT CHARSET=utf8:successful"
2023-01-19 07:33:27 I Odin  Print           "DELETE FROM features WHERE date='2023-01-19':successful"
2023-01-19 07:33:27 I Odin  Print           "DELETE FROM allfeatures WHERE id=20438488:successful"
2023-01-19 07:33:27 I Odin  Print           "DELETE FROM allfeatures WHERE id=20436984:successful"
2023-01-19 07:33:27 I Odin  Print           "DELETE FROM allfeatures WHERE id=20402475:successful"
2023-01-19 07:33:27 I Odin  Print           "DELETE FROM allfeatures WHERE id=20402441:successful"
2023-01-19 07:33:27 I Odin  Print           "DELETE FROM allfeatures WHERE id=20389163:successful"
2023-01-19 07:33:27 I Odin  Print           "DELETE FROM allfeatures WHERE id=20388816:successful"
2023-01-19 07:33:27 I Odin  Print           "DELETE FROM allfeatures WHERE id=20388807:successful"
2023-01-19 07:33:27 I Odin  Print           "DELETE FROM allfeatures WHERE id=20364798:successful"
2023-01-19 07:33:27 I Odin  Print           "DELETE FROM allfeatures WHERE id=20363469:successful"
2023-01-19 07:33:27 I Odin  Print           "DELETE FROM allfeatures WHERE id=19961485:successful"
2023-01-19 07:33:27 I Odin  Print           "DELETE FROM allfeatures WHERE id=19852323:successful"
2023-01-19 07:33:27 I Odin  Print           "DELETE FROM allfeatures WHERE id=17281075:successful"
2023-01-19 07:33:27 I Odin  Print           "DELETE FROM allfeatures WHERE id=16747580:successful"
2023-01-19 07:33:27 I Odin  Print           "DELETE FROM allfeatures WHERE id=16540015:successful"
2023-01-19 07:33:27 I Odin  Print           "DELETE FROM allfeatures WHERE id=16539943:successful"
2023-01-19 07:33:27 I Odin  Print           "DELETE FROM allfeatures WHERE id=16539914:successful"
2023-01-19 07:33:27 I Odin  Print           "DELETE FROM allfeatures WHERE id=15806998:successful"
2023-01-19 07:33:27 I Odin  Print           "DELETE FROM allfeatures WHERE id=15727115:successful"
2023-01-19 07:33:27 I Odin  Print           "DELETE FROM allfeatures WHERE id=15727112:successful"
2023-01-19 07:33:27 I Odin  Print           "DELETE FROM allfeatures WHERE id=15727109:successful"
2023-01-19 07:33:27 I Odin  Print           "DELETE FROM allfeatures WHERE id=15727106:successful"
2023-01-19 07:33:27 I Odin  Print           "DELETE FROM allfeatures WHERE id=15727102:successful"
2023-01-19 07:33:27 I Odin  Print           "DELETE FROM allfeatures WHERE id=15727092:successful"
2023-01-19 07:33:27 I Odin  Print           "DELETE FROM allfeatures WHERE id=15639185:successful"
2023-01-19 07:33:27 I Odin  Print           "DELETE FROM allfeatures WHERE id=15632120:successful"
2023-01-19 07:33:27 I Odin  Print           "DELETE FROM allfeatures WHERE id=15631971:successful"
2023-01-19 07:33:27 I Odin  Print           "DELETE FROM allfeatures WHERE id=15631674:successful"
2023-01-19 07:33:27 I Odin  Print           "DELETE FROM allfeatures WHERE id=15305113:successful"
2023-01-19 07:33:27 I Odin  Print           "DELETE FROM allfeatures WHERE id=15305106:successful"
2023-01-19 07:33:27 I Odin  Print           "DELETE FROM allfeatures WHERE id=15305098:successful"
2023-01-19 07:33:27 I Odin  Print           "DELETE FROM allfeatures WHERE id=15305092:successful"
2023-01-19 07:33:27 I Odin  Print           "DELETE FROM allfeatures WHERE id=15305088:successful"
2023-01-19 07:33:27 I Odin  Print           "DELETE FROM allfeatures WHERE id=15305083:successful"
2023-01-19 07:33:27 I Odin  Print           "DELETE FROM allfeatures WHERE id=15305078:successful"
2023-01-19 07:33:27 I Odin  Print           "DELETE FROM allfeatures WHERE id=15305073:successful"
2023-01-19 07:33:27 I Odin  Print           "DELETE FROM allfeatures WHERE id=15305069:successful"
2023-01-19 07:33:27 I Odin  Print           "DELETE FROM allfeatures WHERE id=15305051:successful"
2023-01-19 07:33:27 I Odin  Print           "DELETE FROM allfeatures WHERE id=15305045:successful"
2023-01-19 07:33:27 I Odin  Print           "DELETE FROM allfeatures WHERE id=15305040:successful"
2023-01-19 07:33:27 I Odin  Print           "DELETE FROM allfeatures WHERE id=15305026:successful"
2023-01-19 07:33:27 I Odin  Print           "DELETE FROM allfeatures WHERE id=15305018:successful"
2023-01-19 07:33:27 I Odin  Print           "DELETE FROM allfeatures WHERE id=15305004:successful"
2023-01-19 07:33:27 I Odin  Print           "DELETE FROM allfeatures WHERE id=15304999:successful"
2023-01-19 07:33:27 I Odin  Print           "DELETE FROM allfeatures WHERE id=15304994:successful"
2023-01-19 07:33:27 I Odin  Print           "DELETE FROM allfeatures WHERE id=15304989:successful"
2023-01-19 07:33:27 I Odin  Print           "DELETE FROM allfeatures WHERE id=15304981:successful"
2023-01-19 07:33:27 I Odin  Print           "DELETE FROM allfeatures WHERE id=15304975:successful"
2023-01-19 07:33:27 I Odin  Print           "DELETE FROM allfeatures WHERE id=15304966:successful"
2023-01-19 07:33:27 I Odin  Print           "DELETE FROM allfeatures WHERE id=15304943:successful"
2023-01-19 07:33:27 I Odin  Print           "DELETE FROM allfeatures WHERE id=15083052:successful"
2023-01-19 07:33:27 I Odin  Print           "INSERT INTO features (rel, status, count, date)                                 SELECT rel, status, count((@rn := @rn + 1)) as count, '2023-01-19' as date FROM allfeatures cross join (select @rn := 0) const GROUP BY rel, status:successful"
2023-01-19 07:33:30 I Odin  Get_allchangere "[]"
2023-01-19 07:33:30 I Odin  Print           "CREATE TABLE IF NOT EXISTS changes (                                 rel TEXT, status TEXT, priority TEXT,                                 requester TEXT, date TEXT, count INT) ENGINE=InnoDB DEFAULT CHARSET=utf8:successful"
2023-01-19 07:33:30 I Odin  Print           "CREATE TABLE IF NOT EXISTS allchanges (                                 id INT, uniqueid TEXT, name TEXT,                                 status TEXT, rel TEXT, priority TEXT,                                 requester TEXT) ENGINE=InnoDB DEFAULT CHARSET=utf8:successful"
2023-01-19 07:33:30 I Odin  Print           "DELETE FROM changes WHERE date='2023-01-19':successful"
2023-01-19 07:33:30 I Odin  Print           "INSERT INTO changes (                                 rel, status, priority, requester, date, count)                                 SELECT rel, status, priority, requester, '2023-01-19' as date, count((@rn := @rn + 1)) as count FROM allchanges                                 cross join (select @rn := 0) const GROUP BY rel, status, priority, requester:successful"
2023-01-19 07:33:33 I Odin  Print           "CREATE TABLE IF NOT EXISTS designspec (                            rel TEXT, team TEXT, status TEXT, count INT, date text) ENGINE=InnoDB DEFAULT CHARSET=utf8:successful"
2023-01-19 07:33:33 I Odin  Print           "CREATE TABLE IF NOT EXISTS alldesignspec (                             id INT, uniqueid TEXT, name TEXT, status TEXT, rel TEXT, team TEXT) ENGINE=InnoDB DEFAULT CHARSET=utf8:successful"
2023-01-19 07:33:33 I Odin  Print           "DELETE FROM designspec WHERE date='2023-01-19':successful"
2023-01-19 07:33:33 I Odin  Print           "INSERT INTO designspec (rel, team, status, count, date) SELECT rel, team, status, count((@rn := @rn + 1)) as count, '2023-01-19' as date FROM alldesignspec cross join (select @rn := 0) const GROUP BY rel, team, status:successful"
2023-01-19 07:33:39 I Odin  Get_alluserstor "[]"
2023-01-19 07:33:39 I Odin  Print           "CREATE TABLE IF NOT EXISTS userstories (                 rel TEXT, status TEXT, count INT, date TEXT) ENGINE=InnoDB DEFAULT CHARSET=utf8:successful"
2023-01-19 07:33:39 I Odin  Print           "CREATE TABLE IF NOT EXISTS alluserstories (                 id INT, uniqueid TEXT, name TEXT, status TEXT, rel TEXT) ENGINE=InnoDB DEFAULT CHARSET=utf8:successful"
2023-01-19 07:33:39 I Odin  Print           "DELETE FROM userstories WHERE date='2023-01-19':successful"
2023-01-19 07:33:39 I Odin  Print           "INSERT INTO userstories (rel, status, count, date) SELECT rel, status, count((@rn := @rn + 1)) as count, '2023-01-19' as date FROM alluserstories cross join (select @rn := 0) const GROUP BY rel, status:successful"
2023-01-19 07:33:46 I Odin  Get_alldefects  "[]"
2023-01-19 07:33:46 I Odin  Print           "CREATE TABLE IF NOT EXISTS defects (                     rel TEXT, team TEXT, status TEXT, priority TEXT, count INT, date TEXT) ENGINE=InnoDB DEFAULT CHARSET=utf8:successful"
2023-01-19 07:33:46 I Odin  Print           "CREATE TABLE IF NOT EXISTS alldefects (                     id INT, uniqueid TEXT, name TEXT, status TEXT, rel TEXT, team TEXT, priority TEXT, jira TEXT, upstream TEXT) ENGINE=InnoDB DEFAULT CHARSET=utf8:successful"
2023-01-19 07:33:46 I Odin  Print           "DELETE FROM defects WHERE date='2023-01-19':successful"
2023-01-19 07:33:46 I Odin  Print           "INSERT INTO defects (rel, team, status, count, date, priority) SELECT rel, team, status, count((@rn := @rn + 1)) as count, '2023-01-19' as date, priority FROM alldefects cross join (select @rn := 0) const GROUP BY rel, team, status, priority:successful"
2023-01-19 07:37:52 I Odin  get_multipickli "Unassigned don't find the mainteam name from G_parameter"
2023-01-19 07:38:02 I Odin  get_multipickli "Unassigned don't find the mainteam name from G_parameter"
2023-01-19 07:38:12 I Odin  get_multipickli "Unassigned don't find the mainteam name from G_parameter"
2023-01-19 07:38:22 I Odin  get_multipickli "Unassigned don't find the mainteam name from G_parameter"
2023-01-19 07:49:10 I Odin  get_multipickli "Unassigned don't find the mainteam name from G_parameter"
2023-01-19 07:52:02 I Odin  get_multipickli "Unassigned don't find the mainteam name from G_parameter"
2023-01-19 07:56:04 I Odin  get_multipickli "Unassigned don't find the mainteam name from G_parameter"
2023-01-19 07:57:23 I Odin  get_multipickli "Unassigned don't find the mainteam name from G_parameter"
2023-01-19 07:59:18 I Odin  get_multipickli "Unassigned don't find the mainteam name from G_parameter"
2023-01-19 07:59:31 I Odin  get_multipickli "Unassigned don't find the mainteam name from G_parameter"
2023-01-19 07:59:40 I Odin  get_multipickli "Unassigned don't find the mainteam name from G_parameter"
2023-01-19 07:59:51 I Odin  get_multipickli "Unassigned don't find the mainteam name from G_parameter"
2023-01-19 08:00:06 I Odin  get_multipickli "Unassigned don't find the mainteam name from G_parameter"
2023-01-19 08:00:21 I Odin  get_multipickli "Unassigned don't find the mainteam name from G_parameter"
2023-01-19 08:00:35 I Odin  get_multipickli "Unassigned don't find the mainteam name from G_parameter"
2023-01-19 08:00:48 I Odin  get_multipickli "Unassigned don't find the mainteam name from G_parameter"
2023-01-19 08:00:59 I Odin  get_multipickli "Unassigned don't find the mainteam name from G_parameter"
2023-01-19 08:01:14 I Odin  get_multipickli "Unassigned don't find the mainteam name from G_parameter"
2023-01-19 08:01:28 I Odin  get_multipickli "Unassigned don't find the mainteam name from G_parameter"
2023-01-19 08:01:41 I Odin  get_multipickli "Unassigned don't find the mainteam name from G_parameter"
2023-01-19 08:01:55 I Odin  get_multipickli "Unassigned don't find the mainteam name from G_parameter"
2023-01-19 08:02:11 I Odin  get_multipickli "Unassigned don't find the mainteam name from G_parameter"
2023-01-19 08:02:30 I Odin  get_multipickli "Unassigned don't find the mainteam name from G_parameter"
2023-01-19 08:02:43 I Odin  get_multipickli "Unassigned don't find the mainteam name from G_parameter"
2023-01-19 08:02:53 I Odin  get_multipickli "Unassigned don't find the mainteam name from G_parameter"
2023-01-19 08:03:03 I Odin  get_multipickli "Unassigned don't find the mainteam name from G_parameter"
2023-01-19 08:03:13 I Odin  get_multipickli "Unassigned don't find the mainteam name from G_parameter"
2023-01-19 08:03:22 I Odin  get_multipickli "Unassigned don't find the mainteam name from G_parameter"
2023-01-19 08:03:34 I Odin  get_multipickli "Unassigned don't find the mainteam name from G_parameter"
2023-01-19 08:03:46 I Odin  get_multipickli "Unassigned don't find the mainteam name from G_parameter"
2023-01-19 08:03:58 I Odin  get_multipickli "Unassigned don't find the mainteam name from G_parameter"
2023-01-19 08:04:10 I Odin  get_multipickli "Unassigned don't find the mainteam name from G_parameter"
2023-01-19 08:04:20 I Odin  get_multipickli "Unassigned don't find the mainteam name from G_parameter"
2023-01-19 08:04:33 I Odin  get_multipickli "Unassigned don't find the mainteam name from G_parameter"
2023-01-19 08:04:45 I Odin  get_multipickli "Unassigned don't find the mainteam name from G_parameter"
2023-01-19 08:04:58 I Odin  get_multipickli "Unassigned don't find the mainteam name from G_parameter"
2023-01-19 08:05:21 I Odin  get_multipickli "Unassigned don't find the mainteam name from G_parameter"
2023-01-19 08:05:44 I Odin  get_multipickli "Unassigned don't find the mainteam name from G_parameter"
2023-01-19 08:06:07 I Odin  get_multipickli "Unassigned don't find the mainteam name from G_parameter"
2023-01-19 08:06:30 I Odin  get_multipickli "Unassigned don't find the mainteam name from G_parameter"
2023-01-19 08:06:53 I Odin  get_multipickli "Unassigned don't find the mainteam name from G_parameter"
2023-01-19 08:07:46 I Odin  get_multipickli "Unassigned don't find the mainteam name from G_parameter"
2023-01-19 08:20:29 I Odin  get_multipickli "Unassigned don't find the mainteam name from G_parameter"
2023-01-19 08:21:08 I Odin  get_multipickli "Unassigned don't find the mainteam name from G_parameter"
2023-01-19 08:21:39 I Odin  get_multipickli "Unassigned don't find the mainteam name from G_parameter"
2023-01-19 08:22:05 I Odin  get_multipickli "Unassigned don't find the mainteam name from G_parameter"
2023-01-19 08:30:49 I Odin  get_multipickli "Unassigned don't find the mainteam name from G_parameter"
2023-01-19 08:31:10 I Odin  get_multipickli "Unassigned don't find the mainteam name from G_parameter"
2023-01-19 08:31:40 I Odin  get_multipickli "Unassigned don't find the mainteam name from G_parameter"
2023-01-19 08:32:01 I Odin  get_multipickli "Unassigned don't find the mainteam name from G_parameter"
2023-01-19 08:32:22 I Odin  get_multipickli "Unassigned don't find the mainteam name from G_parameter"
2023-01-19 08:32:44 I Odin  get_multipickli "Unassigned don't find the mainteam name from G_parameter"
2023-01-19 08:44:40 I Odin  get_multipickli "Unassigned don't find the mainteam name from G_parameter"
2023-01-19 08:48:49 I Odin  get_multipickli "Unassigned don't find the mainteam name from G_parameter"
2023-01-19 08:50:03 I Odin  get_multipickli "Digital Experience – Android don't find the mainteam name from G_parameter"
2023-01-19 08:50:07 I Odin  get_multipickli "Digital Experience – IOS don't find the mainteam name from G_parameter"
2023-01-19 08:50:30 I Odin  get_multipickli "Digital Experience – Android don't find the mainteam name from G_parameter"
2023-01-19 08:50:30 I Odin  get_multipickli "Digital Experience – IOS don't find the mainteam name from G_parameter"
2023-01-19 08:50:40 I Odin  get_multipickli "Digital Experience – Android don't find the mainteam name from G_parameter"
2023-01-19 08:50:40 I Odin  get_multipickli "Digital Experience – IOS don't find the mainteam name from G_parameter"
2023-01-19 08:50:50 I Odin  get_multipickli "Digital Experience – Android don't find the mainteam name from G_parameter"
2023-01-19 08:50:50 I Odin  get_multipickli "Digital Experience – IOS don't find the mainteam name from G_parameter"
2023-01-19 08:52:21 I Odin  get_multipickli "ESW Platform Test don't find the mainteam name from G_parameter"
2023-01-19 08:55:38 I Odin  get_multipickli "Unassigned don't find the mainteam name from G_parameter"
2023-01-19 08:56:04 I Odin  get_multipickli "Unassigned don't find the mainteam name from G_parameter"
2023-01-19 08:56:37 I Odin  get_multipickli "Unassigned don't find the mainteam name from G_parameter"
2023-01-19 08:57:09 I Odin  get_multipickli "Unassigned don't find the mainteam name from G_parameter"
2023-01-19 08:57:09 I Odin  get_multipickli "Digital Experience – IOS don't find the mainteam name from G_parameter"
2023-01-19 08:57:19 I Odin  get_multipickli "Digital Experience – SDK don't find the mainteam name from G_parameter"
2023-01-19 09:04:25 I Odin  get_multipickli "Unassigned don't find the mainteam name from G_parameter"
2023-01-19 09:09:25 I Odin  get_multipickli "Digital Experience – Android don't find the mainteam name from G_parameter"
2023-01-19 09:09:25 I Odin  get_multipickli "Digital Experience – IOS don't find the mainteam name from G_parameter"
2023-01-19 09:09:54 I Odin  get_multipickli "Digital Experience – Android don't find the mainteam name from G_parameter"
2023-01-19 09:09:54 I Odin  get_multipickli "Digital Experience – IOS don't find the mainteam name from G_parameter"
2023-01-19 09:10:06 I Odin  get_multipickli "Digital Experience – Android don't find the mainteam name from G_parameter"
2023-01-19 09:10:06 I Odin  get_multipickli "Digital Experience – IOS don't find the mainteam name from G_parameter"
2023-01-19 09:10:57 I Odin  get_multipickli "Unassigned don't find the mainteam name from G_parameter"
2023-01-19 09:13:21 I Odin  get_multipickli "Digital Experience – Android don't find the mainteam name from G_parameter"
2023-01-19 09:13:21 I Odin  get_multipickli "Digital Experience – IOS don't find the mainteam name from G_parameter"
2023-01-19 09:13:40 I Odin  get_multipickli "Digital Experience – Android don't find the mainteam name from G_parameter"
2023-01-19 09:13:40 I Odin  get_multipickli "Digital Experience – IOS don't find the mainteam name from G_parameter"
2023-01-19 09:16:23 I Odin  get_multipickli "Digital Experience – Android don't find the mainteam name from G_parameter"
2023-01-19 09:16:23 I Odin  get_multipickli "Digital Experience – IOS don't find the mainteam name from G_parameter"
2023-01-19 09:16:33 I Odin  get_multipickli "Digital Experience – Android don't find the mainteam name from G_parameter"
2023-01-19 09:16:33 I Odin  get_multipickli "Digital Experience – IOS don't find the mainteam name from G_parameter"
2023-01-19 09:17:03 I Odin  get_multipickli "Digital Experience – Android don't find the mainteam name from G_parameter"
2023-01-19 09:17:03 I Odin  get_multipickli "Digital Experience – IOS don't find the mainteam name from G_parameter"
2023-01-19 09:17:14 I Odin  get_multipickli "Digital Experience – Android don't find the mainteam name from G_parameter"
2023-01-19 09:17:14 I Odin  get_multipickli "Digital Experience – IOS don't find the mainteam name from G_parameter"
2023-01-19 09:17:23 I Odin  get_multipickli "Digital Experience – Android don't find the mainteam name from G_parameter"
2023-01-19 09:17:23 I Odin  get_multipickli "Digital Experience – IOS don't find the mainteam name from G_parameter"
2023-01-19 09:17:33 I Odin  get_multipickli "Digital Experience – Android don't find the mainteam name from G_parameter"
2023-01-19 09:17:33 I Odin  get_multipickli "Digital Experience – IOS don't find the mainteam name from G_parameter"
2023-01-19 09:17:43 I Odin  get_multipickli "Digital Experience – Android don't find the mainteam name from G_parameter"
2023-01-19 09:17:43 I Odin  get_multipickli "Digital Experience – IOS don't find the mainteam name from G_parameter"
2023-01-19 09:18:14 I Odin  get_multipickli "Unassigned don't find the mainteam name from G_parameter"
2023-01-19 09:19:31 I Odin  get_multipickli "Unassigned don't find the mainteam name from G_parameter"
2023-01-19 09:20:13 I Odin  get_multipickli "Unassigned don't find the mainteam name from G_parameter"
2023-01-19 09:20:58 I Odin  get_multipickli "Unassigned don't find the mainteam name from G_parameter"
2023-01-19 09:21:08 I Odin  get_multipickli "Unassigned don't find the mainteam name from G_parameter"
2023-01-19 09:23:37 I Odin  get_multipickli "Unassigned don't find the mainteam name from G_parameter"
2023-01-19 09:26:26 I Odin  get_multipickli "Unassigned don't find the mainteam name from G_parameter"
2023-01-19 09:26:36 I Odin  get_multipickli "Unassigned don't find the mainteam name from G_parameter"
2023-01-19 09:27:08 I Odin  get_multipickli "Unassigned don't find the mainteam name from G_parameter"
2023-01-19 09:27:19 I Odin  get_multipickli "Unassigned don't find the mainteam name from G_parameter"
2023-01-19 09:27:30 I Odin  get_multipickli "Unassigned don't find the mainteam name from G_parameter"
2023-01-19 09:27:41 I Odin  get_multipickli "Unassigned don't find the mainteam name from G_parameter"
2023-01-19 09:27:51 I Odin  get_multipickli "Unassigned don't find the mainteam name from G_parameter"
2023-01-19 09:29:59 I Odin  get_multipickli "Unassigned don't find the mainteam name from G_parameter"
2023-01-19 09:30:44 I Odin  get_multipickli "Unassigned don't find the mainteam name from G_parameter"
2023-01-19 09:31:06 I Odin  get_multipickli "Unassigned don't find the mainteam name from G_parameter"
2023-01-19 09:35:34 I Odin  get_multipickli "Unassigned don't find the mainteam name from G_parameter"
2023-01-19 09:37:20 I Odin  get_multipickli "Digital Experience – Android don't find the mainteam name from G_parameter"
2023-01-19 09:37:20 I Odin  get_multipickli "Digital Experience – IOS don't find the mainteam name from G_parameter"
2023-01-19 09:37:43 I Odin  get_multipickli "Digital Experience – Android don't find the mainteam name from G_parameter"
2023-01-19 09:37:43 I Odin  get_multipickli "Digital Experience – IOS don't find the mainteam name from G_parameter"
2023-01-19 09:42:21 I Odin  get_multipickli "Unassigned don't find the mainteam name from G_parameter"
2023-01-19 09:44:16 I Odin  get_multipickli "ESW Platform Test don't find the mainteam name from G_parameter"
2023-01-19 09:45:35 I Odin  get_multipickli "Unassigned don't find the mainteam name from G_parameter"
2023-01-19 09:46:01 I Odin  Print           "DROP TABLE IF EXISTS allrequirements:successful"
2023-01-19 09:46:01 I Odin  Print           "DROP TABLE IF EXISTS allcoverage:successful"
2023-01-19 09:46:01 I Odin  Print           "CREATE TABLE IF NOT EXISTS requirements (                        rel TEXT, status TEXT, count INT, date TEXT) ENGINE=InnoDB DEFAULT CHARSET=utf8:successful"
2023-01-19 09:46:01 I Odin  Print           "CREATE TABLE IF NOT EXISTS allrequirements (                        id INT, uniqueid TEXT, name TEXT, status TEXT, rel TEXT, upstream TEXT, downstream TEXT, team TEXT, test_status TEXT) ENGINE=InnoDB DEFAULT CHARSET=utf8:successful"
2023-01-19 09:46:01 I Odin  Print           "CREATE TABLE IF NOT EXISTS coverage (                        team text, covered int, expected int, date text) ENGINE=InnoDB DEFAULT CHARSET=utf8:successful"
2023-01-19 09:46:01 I Odin  Print           "CREATE TABLE IF NOT EXISTS allcoverage (                        id INT, uniqueid TEXT, name TEXT, status TEXT, rel TEXT, verify TEXT, missing TEXT) ENGINE=InnoDB DEFAULT CHARSET=utf8:successful"
2023-01-19 09:46:01 I Odin  Print           "DELETE FROM requirements WHERE date='2023-01-19':successful"
2023-01-19 09:46:01 I Odin  Print           "DELETE FROM coverage WHERE date='2023-01-19':successful"
2023-01-19 09:46:02 I Odin  Print           "INSERT INTO requirements (rel, status, count, date) SELECT rel, status, count((@rn := @rn + 1)) as count, '2023-01-19' as date FROM allrequirements cross join (select @rn := 0) const GROUP BY rel, status:successful"
2023-01-19 09:46:02 I Odin  Print           "CREATE TABLE IF NOT EXISTS feattest (rel TEXT, status TEXT, count TEXT, date TEXT) ENGINE=InnoDB DEFAULT CHARSET=utf8:successful"
2023-01-19 09:46:02 I Odin  Print           "CREATE TABLE IF NOT EXISTS reqtest (rel TEXT, status TEXT, count TEXT, date TEXT) ENGINE=InnoDB DEFAULT CHARSET=utf8:successful"
2023-01-19 09:46:02 I Odin  Print           "SELECT id FROM allfeatures:successful"
2023-01-19 09:46:02 I Odin  Print           "SELECT id,upstream,downstream,team FROM allrequirements:successful"
2023-01-19 09:46:02 I Odin  Print           "SELECT id FROM allcoverage:successful"
2023-01-19 09:46:02 I Odin  Print           "SELECT * FROM testcases:successful"
2023-01-19 10:23:57 I Odin  Print           "Connet 20550 successfully!!!"
2023-01-19 10:23:57 I Odin  Get_alltests    "Get project name:Odin id:20550 all testplans"
2023-01-19 10:24:01 I Odin  Get_alltests    "{7979358: {'id': 7979358, 'name': 'Product Verification Test Plan', 'archived': False, 'index': '7979358:Product Verification Test Plan'}, 8559429: {'id': 8559429, 'name': 'UX Test Plan', 'archived': False, 'index': '8559429:UX Test Plan'}}"
2023-01-19 10:24:01 I Odin  Get_alltests    "Get project name:Odin id:20550 all testplans successful!!!"
2023-01-19 10:25:22 I Odin  tidy_alltestcas "101"
2023-01-19 10:25:53 I Odin  Print           "DROP TABLE IF EXISTS testcases:successful"
2023-01-19 10:25:53 I Odin  Print           "CREATE TABLE IF NOT EXISTS testcases (                             testplan_id INT,                             testplan_name TEXT,                             testgroup_id INT,                             testgroup_name TEXT,                             testcycle_id INT,                             testcycle_name TEXT,                             rel TEXT,                             id INT,                             uniqueid TEXT,                             name TEXT,                             status TEXT,                             upstream TEXT,                             downstream TEXT,                             executionDate TEXT) ENGINE=InnoDB DEFAULT CHARSET=utf8:successful"
2023-01-19 10:25:53 I Odin  update_database "Insert testcases table successful"
2023-01-19 10:25:53 I Odin  Print           "CREATE TABLE IF NOT EXISTS tests (                             testplan_id INT,                             testplan_name TEXT,                             testplan_status TEXT,                             rel TEXT, status TEXT,                             count INT, date TEXT) ENGINE=InnoDB DEFAULT CHARSET=utf8:successful"
2023-01-19 10:25:53 I Odin  Print           "DELETE FROM tests WHERE date='2023-01-19':successful"
2023-01-19 10:25:53 I Odin  Print           "SELECT testplan_id FROM tests GROUP BY testplan_id:successful"
2023-01-19 10:25:53 I Odin  Print           "SELECT testplan_name FROM tests WHERE testplan_id=7979358 LIMIT 1:successful"
2023-01-19 10:25:53 I Odin  Print           "UPDATE tests SET testplan_status='Active' WHERE testplan_id=7979358:successful"
2023-01-19 10:25:53 I Odin  Print           "SELECT testplan_name FROM tests WHERE testplan_id=8559429 LIMIT 1:successful"
2023-01-19 10:25:53 I Odin  Print           "UPDATE tests SET testplan_status='Active' WHERE testplan_id=8559429:successful"
2023-01-19 10:25:53 I Odin  Print           "INSERT INTO tests (testplan_id, testplan_name, testplan_status, rel, status, count, date) SELECT testplan_id, testplan_name, 'Active' as testplan_status, rel, status, count((@rn := @rn + 1)) as count, '2023-01-19' as date FROM testcases cross join (select @rn := 0) const GROUP BY testplan_id, rel, status:successful"
2023-01-19 10:25:53 I Odin  update_database "Insert tests table successful"
2023-01-19 10:25:53 I Odin  Print           "CREATE TABLE IF NOT EXISTS testapproval (                                 rel TEXT, team TEXT, status TEXT, upstream TEXT, count INT, date TEXT                                 ) ENGINE=InnoDB DEFAULT CHARSET=utf8:successful"
2023-01-19 10:25:53 I Odin  Print           "DROP TABLE IF EXISTS alltestapproval:successful"
2023-01-19 10:25:53 I Odin  Print           "CREATE TABLE IF NOT EXISTS alltestapproval (                                 id INT, uniqueid TEXT, name TEXT, status TEXT, rel TEXT, team TEXT, upstream TEXT                                 ) ENGINE=InnoDB DEFAULT CHARSET=utf8:successful"
2023-01-19 10:25:53 I Odin  Print           "DELETE FROM testapproval WHERE date='2023-01-19':successful"
2023-01-19 10:25:53 I Odin  Print           "INSERT INTO testapproval (rel, team, status, count, date, upstream) SELECT rel, team, status, count((@rn := @rn + 1)) as count, '2023-01-19' as date, upstream FROM alltestapproval cross join (select @rn := 0) const GROUP BY rel, team, status, upstream:successful"
2023-01-19 10:26:00 I Odin  Get_allfeatuers "[]"
2023-01-19 10:26:00 I Odin  Print           "CREATE TABLE IF NOT EXISTS features (                                rel TEXT, status TEXT, count INT, date TEXT) ENGINE=InnoDB DEFAULT CHARSET=utf8:successful"
2023-01-19 10:26:00 I Odin  Print           "CREATE TABLE IF NOT EXISTS allfeatures (                                id INT, uniqueid TEXT, name TEXT, status TEXT, rel TEXT,test_status TEXT) ENGINE=InnoDB DEFAULT CHARSET=utf8:successful"
2023-01-19 10:26:00 I Odin  Print           "DELETE FROM features WHERE date='2023-01-19':successful"
2023-01-19 10:26:00 I Odin  Print           "DELETE FROM allfeatures WHERE id=20438488:successful"
2023-01-19 10:26:00 I Odin  Print           "DELETE FROM allfeatures WHERE id=20436984:successful"
2023-01-19 10:26:00 I Odin  Print           "DELETE FROM allfeatures WHERE id=20402475:successful"
2023-01-19 10:26:00 I Odin  Print           "DELETE FROM allfeatures WHERE id=20402441:successful"
2023-01-19 10:26:00 I Odin  Print           "DELETE FROM allfeatures WHERE id=20389163:successful"
2023-01-19 10:26:00 I Odin  Print           "DELETE FROM allfeatures WHERE id=20388816:successful"
2023-01-19 10:26:00 I Odin  Print           "DELETE FROM allfeatures WHERE id=20388807:successful"
2023-01-19 10:26:00 I Odin  Print           "DELETE FROM allfeatures WHERE id=20364798:successful"
2023-01-19 10:26:00 I Odin  Print           "DELETE FROM allfeatures WHERE id=20363469:successful"
2023-01-19 10:26:00 I Odin  Print           "DELETE FROM allfeatures WHERE id=19961485:successful"
2023-01-19 10:26:00 I Odin  Print           "DELETE FROM allfeatures WHERE id=19852323:successful"
2023-01-19 10:26:00 I Odin  Print           "DELETE FROM allfeatures WHERE id=17281075:successful"
2023-01-19 10:26:00 I Odin  Print           "DELETE FROM allfeatures WHERE id=16747580:successful"
2023-01-19 10:26:00 I Odin  Print           "DELETE FROM allfeatures WHERE id=16540015:successful"
2023-01-19 10:26:00 I Odin  Print           "DELETE FROM allfeatures WHERE id=16539943:successful"
2023-01-19 10:26:00 I Odin  Print           "DELETE FROM allfeatures WHERE id=16539914:successful"
2023-01-19 10:26:00 I Odin  Print           "DELETE FROM allfeatures WHERE id=15806998:successful"
2023-01-19 10:26:00 I Odin  Print           "DELETE FROM allfeatures WHERE id=15727115:successful"
2023-01-19 10:26:00 I Odin  Print           "DELETE FROM allfeatures WHERE id=15727112:successful"
2023-01-19 10:26:00 I Odin  Print           "DELETE FROM allfeatures WHERE id=15727109:successful"
2023-01-19 10:26:00 I Odin  Print           "DELETE FROM allfeatures WHERE id=15727106:successful"
2023-01-19 10:26:00 I Odin  Print           "DELETE FROM allfeatures WHERE id=15727102:successful"
2023-01-19 10:26:00 I Odin  Print           "DELETE FROM allfeatures WHERE id=15727092:successful"
2023-01-19 10:26:00 I Odin  Print           "DELETE FROM allfeatures WHERE id=15639185:successful"
2023-01-19 10:26:00 I Odin  Print           "DELETE FROM allfeatures WHERE id=15632120:successful"
2023-01-19 10:26:00 I Odin  Print           "DELETE FROM allfeatures WHERE id=15631971:successful"
2023-01-19 10:26:00 I Odin  Print           "DELETE FROM allfeatures WHERE id=15631674:successful"
2023-01-19 10:26:00 I Odin  Print           "DELETE FROM allfeatures WHERE id=15305113:successful"
2023-01-19 10:26:00 I Odin  Print           "DELETE FROM allfeatures WHERE id=15305106:successful"
2023-01-19 10:26:00 I Odin  Print           "DELETE FROM allfeatures WHERE id=15305098:successful"
2023-01-19 10:26:00 I Odin  Print           "DELETE FROM allfeatures WHERE id=15305092:successful"
2023-01-19 10:26:00 I Odin  Print           "DELETE FROM allfeatures WHERE id=15305088:successful"
2023-01-19 10:26:00 I Odin  Print           "DELETE FROM allfeatures WHERE id=15305083:successful"
2023-01-19 10:26:00 I Odin  Print           "DELETE FROM allfeatures WHERE id=15305078:successful"
2023-01-19 10:26:00 I Odin  Print           "DELETE FROM allfeatures WHERE id=15305073:successful"
2023-01-19 10:26:00 I Odin  Print           "DELETE FROM allfeatures WHERE id=15305069:successful"
2023-01-19 10:26:00 I Odin  Print           "DELETE FROM allfeatures WHERE id=15305051:successful"
2023-01-19 10:26:00 I Odin  Print           "DELETE FROM allfeatures WHERE id=15305045:successful"
2023-01-19 10:26:00 I Odin  Print           "DELETE FROM allfeatures WHERE id=15305040:successful"
2023-01-19 10:26:00 I Odin  Print           "DELETE FROM allfeatures WHERE id=15305026:successful"
2023-01-19 10:26:00 I Odin  Print           "DELETE FROM allfeatures WHERE id=15305018:successful"
2023-01-19 10:26:00 I Odin  Print           "DELETE FROM allfeatures WHERE id=15305004:successful"
2023-01-19 10:26:00 I Odin  Print           "DELETE FROM allfeatures WHERE id=15304999:successful"
2023-01-19 10:26:00 I Odin  Print           "DELETE FROM allfeatures WHERE id=15304994:successful"
2023-01-19 10:26:00 I Odin  Print           "DELETE FROM allfeatures WHERE id=15304989:successful"
2023-01-19 10:26:00 I Odin  Print           "DELETE FROM allfeatures WHERE id=15304981:successful"
2023-01-19 10:26:00 I Odin  Print           "DELETE FROM allfeatures WHERE id=15304975:successful"
2023-01-19 10:26:00 I Odin  Print           "DELETE FROM allfeatures WHERE id=15304966:successful"
2023-01-19 10:26:00 I Odin  Print           "DELETE FROM allfeatures WHERE id=15304943:successful"
2023-01-19 10:26:00 I Odin  Print           "DELETE FROM allfeatures WHERE id=15083052:successful"
2023-01-19 10:26:00 I Odin  Print           "INSERT INTO features (rel, status, count, date)                                 SELECT rel, status, count((@rn := @rn + 1)) as count, '2023-01-19' as date FROM allfeatures cross join (select @rn := 0) const GROUP BY rel, status:successful"
2023-01-19 10:26:03 I Odin  Get_allchangere "[]"
2023-01-19 10:26:03 I Odin  Print           "CREATE TABLE IF NOT EXISTS changes (                                 rel TEXT, status TEXT, priority TEXT,                                 requester TEXT, date TEXT, count INT) ENGINE=InnoDB DEFAULT CHARSET=utf8:successful"
2023-01-19 10:26:03 I Odin  Print           "CREATE TABLE IF NOT EXISTS allchanges (                                 id INT, uniqueid TEXT, name TEXT,                                 status TEXT, rel TEXT, priority TEXT,                                 requester TEXT) ENGINE=InnoDB DEFAULT CHARSET=utf8:successful"
2023-01-19 10:26:03 I Odin  Print           "DELETE FROM changes WHERE date='2023-01-19':successful"
2023-01-19 10:26:03 I Odin  Print           "INSERT INTO changes (                                 rel, status, priority, requester, date, count)                                 SELECT rel, status, priority, requester, '2023-01-19' as date, count((@rn := @rn + 1)) as count FROM allchanges                                 cross join (select @rn := 0) const GROUP BY rel, status, priority, requester:successful"
2023-01-19 10:26:05 I Odin  Print           "CREATE TABLE IF NOT EXISTS designspec (                            rel TEXT, team TEXT, status TEXT, count INT, date text) ENGINE=InnoDB DEFAULT CHARSET=utf8:successful"
2023-01-19 10:26:05 I Odin  Print           "CREATE TABLE IF NOT EXISTS alldesignspec (                             id INT, uniqueid TEXT, name TEXT, status TEXT, rel TEXT, team TEXT) ENGINE=InnoDB DEFAULT CHARSET=utf8:successful"
2023-01-19 10:26:05 I Odin  Print           "DELETE FROM designspec WHERE date='2023-01-19':successful"
2023-01-19 10:26:06 I Odin  Print           "INSERT INTO designspec (rel, team, status, count, date) SELECT rel, team, status, count((@rn := @rn + 1)) as count, '2023-01-19' as date FROM alldesignspec cross join (select @rn := 0) const GROUP BY rel, team, status:successful"
2023-01-19 10:26:11 I Odin  Get_alluserstor "[]"
2023-01-19 10:26:11 I Odin  Print           "CREATE TABLE IF NOT EXISTS userstories (                 rel TEXT, status TEXT, count INT, date TEXT) ENGINE=InnoDB DEFAULT CHARSET=utf8:successful"
2023-01-19 10:26:11 I Odin  Print           "CREATE TABLE IF NOT EXISTS alluserstories (                 id INT, uniqueid TEXT, name TEXT, status TEXT, rel TEXT) ENGINE=InnoDB DEFAULT CHARSET=utf8:successful"
2023-01-19 10:26:11 I Odin  Print           "DELETE FROM userstories WHERE date='2023-01-19':successful"
2023-01-19 10:26:11 I Odin  Print           "INSERT INTO userstories (rel, status, count, date) SELECT rel, status, count((@rn := @rn + 1)) as count, '2023-01-19' as date FROM alluserstories cross join (select @rn := 0) const GROUP BY rel, status:successful"
2023-01-19 10:26:17 I Odin  Get_alldefects  "[]"
2023-01-19 10:26:17 I Odin  Print           "CREATE TABLE IF NOT EXISTS defects (                     rel TEXT, team TEXT, status TEXT, priority TEXT, count INT, date TEXT) ENGINE=InnoDB DEFAULT CHARSET=utf8:successful"
2023-01-19 10:26:17 I Odin  Print           "CREATE TABLE IF NOT EXISTS alldefects (                     id INT, uniqueid TEXT, name TEXT, status TEXT, rel TEXT, team TEXT, priority TEXT, jira TEXT, upstream TEXT) ENGINE=InnoDB DEFAULT CHARSET=utf8:successful"
2023-01-19 10:26:17 I Odin  Print           "DELETE FROM defects WHERE date='2023-01-19':successful"
2023-01-19 10:26:17 I Odin  Print           "INSERT INTO defects (rel, team, status, count, date, priority) SELECT rel, team, status, count((@rn := @rn + 1)) as count, '2023-01-19' as date, priority FROM alldefects cross join (select @rn := 0) const GROUP BY rel, team, status, priority:successful"
2023-01-19 10:28:57 I Odin  get_multipickli "Unassigned don't find the mainteam name from G_parameter"
2023-01-19 10:29:08 I Odin  get_multipickli "Unassigned don't find the mainteam name from G_parameter"
2023-01-19 10:29:17 I Odin  get_multipickli "Unassigned don't find the mainteam name from G_parameter"
2023-01-19 10:29:27 I Odin  get_multipickli "Unassigned don't find the mainteam name from G_parameter"
2023-01-19 10:37:58 I Odin  get_multipickli "Unassigned don't find the mainteam name from G_parameter"
2023-01-19 10:39:17 I Odin  get_multipickli "Unassigned don't find the mainteam name from G_parameter"
2023-01-19 10:41:46 I Odin  get_multipickli "Unassigned don't find the mainteam name from G_parameter"
2023-01-19 10:42:36 I Odin  get_multipickli "Unassigned don't find the mainteam name from G_parameter"
2023-01-19 10:43:47 I Odin  get_multipickli "Unassigned don't find the mainteam name from G_parameter"
2023-01-19 10:43:54 I Odin  get_multipickli "Unassigned don't find the mainteam name from G_parameter"
2023-01-19 10:44:01 I Odin  get_multipickli "Unassigned don't find the mainteam name from G_parameter"
2023-01-19 10:44:08 I Odin  get_multipickli "Unassigned don't find the mainteam name from G_parameter"
2023-01-19 10:44:15 I Odin  get_multipickli "Unassigned don't find the mainteam name from G_parameter"
2023-01-19 10:44:26 I Odin  get_multipickli "Unassigned don't find the mainteam name from G_parameter"
2023-01-19 10:44:46 I Odin  get_multipickli "Unassigned don't find the mainteam name from G_parameter"
2023-01-19 10:45:06 I Odin  get_multipickli "Unassigned don't find the mainteam name from G_parameter"
2023-01-19 10:45:26 I Odin  get_multipickli "Unassigned don't find the mainteam name from G_parameter"
2023-01-19 10:45:48 I Odin  get_multipickli "Unassigned don't find the mainteam name from G_parameter"
2023-01-19 10:46:08 I Odin  get_multipickli "Unassigned don't find the mainteam name from G_parameter"
2023-01-19 10:46:28 I Odin  get_multipickli "Unassigned don't find the mainteam name from G_parameter"
2023-01-19 10:46:47 I Odin  get_multipickli "Unassigned don't find the mainteam name from G_parameter"
2023-01-19 10:47:07 I Odin  get_multipickli "Unassigned don't find the mainteam name from G_parameter"
2023-01-19 10:47:16 I Odin  get_multipickli "Unassigned don't find the mainteam name from G_parameter"
2023-01-19 10:47:24 I Odin  get_multipickli "Unassigned don't find the mainteam name from G_parameter"
2023-01-19 10:47:32 I Odin  get_multipickli "Unassigned don't find the mainteam name from G_parameter"
2023-01-19 10:47:39 I Odin  get_multipickli "Unassigned don't find the mainteam name from G_parameter"
2023-01-19 10:47:47 I Odin  get_multipickli "Unassigned don't find the mainteam name from G_parameter"
2023-01-19 10:47:55 I Odin  get_multipickli "Unassigned don't find the mainteam name from G_parameter"
2023-01-19 10:48:03 I Odin  get_multipickli "Unassigned don't find the mainteam name from G_parameter"
2023-01-19 10:48:10 I Odin  get_multipickli "Unassigned don't find the mainteam name from G_parameter"
2023-01-19 10:48:17 I Odin  get_multipickli "Unassigned don't find the mainteam name from G_parameter"
2023-01-19 10:48:24 I Odin  get_multipickli "Unassigned don't find the mainteam name from G_parameter"
2023-01-19 10:48:32 I Odin  get_multipickli "Unassigned don't find the mainteam name from G_parameter"
2023-01-19 10:48:40 I Odin  get_multipickli "Unassigned don't find the mainteam name from G_parameter"
2023-01-19 10:48:48 I Odin  get_multipickli "Unassigned don't find the mainteam name from G_parameter"
2023-01-19 10:48:56 I Odin  get_multipickli "Unassigned don't find the mainteam name from G_parameter"
2023-01-19 10:49:04 I Odin  get_multipickli "Unassigned don't find the mainteam name from G_parameter"
2023-01-19 10:49:13 I Odin  get_multipickli "Unassigned don't find the mainteam name from G_parameter"
2023-01-19 10:49:20 I Odin  get_multipickli "Unassigned don't find the mainteam name from G_parameter"
2023-01-19 10:49:28 I Odin  get_multipickli "Unassigned don't find the mainteam name from G_parameter"
2023-01-19 10:49:35 I Odin  get_multipickli "Unassigned don't find the mainteam name from G_parameter"
2023-01-19 10:49:51 I Odin  get_multipickli "Unassigned don't find the mainteam name from G_parameter"
2023-01-19 10:52:49 I Odin  get_multipickli "Unassigned don't find the mainteam name from G_parameter"
2023-01-19 10:52:59 I Odin  get_multipickli "Unassigned don't find the mainteam name from G_parameter"
2023-01-19 10:53:06 I Odin  get_multipickli "Unassigned don't find the mainteam name from G_parameter"
2023-01-19 10:53:14 I Odin  get_multipickli "Unassigned don't find the mainteam name from G_parameter"
2023-01-19 10:55:51 I Odin  get_multipickli "Unassigned don't find the mainteam name from G_parameter"
2023-01-19 10:56:00 I Odin  get_multipickli "Unassigned don't find the mainteam name from G_parameter"
2023-01-19 10:56:06 I Odin  get_multipickli "Unassigned don't find the mainteam name from G_parameter"
2023-01-19 10:56:14 I Odin  get_multipickli "Unassigned don't find the mainteam name from G_parameter"
2023-01-19 10:56:21 I Odin  get_multipickli "Unassigned don't find the mainteam name from G_parameter"
2023-01-19 10:56:29 I Odin  get_multipickli "Unassigned don't find the mainteam name from G_parameter"
2023-01-19 11:01:32 I Odin  get_multipickli "Unassigned don't find the mainteam name from G_parameter"
2023-01-19 11:04:51 I Odin  get_multipickli "Unassigned don't find the mainteam name from G_parameter"
2023-01-19 11:05:39 I Odin  get_multipickli "Digital Experience – Android don't find the mainteam name from G_parameter"
2023-01-19 11:05:43 I Odin  get_multipickli "Digital Experience – IOS don't find the mainteam name from G_parameter"
2023-01-19 11:05:56 I Odin  get_multipickli "Digital Experience – Android don't find the mainteam name from G_parameter"
2023-01-19 11:05:56 I Odin  get_multipickli "Digital Experience – IOS don't find the mainteam name from G_parameter"
2023-01-19 11:06:04 I Odin  get_multipickli "Digital Experience – Android don't find the mainteam name from G_parameter"
2023-01-19 11:06:04 I Odin  get_multipickli "Digital Experience – IOS don't find the mainteam name from G_parameter"
2023-01-19 11:06:12 I Odin  get_multipickli "Digital Experience – Android don't find the mainteam name from G_parameter"
2023-01-19 11:06:12 I Odin  get_multipickli "Digital Experience – IOS don't find the mainteam name from G_parameter"
2023-01-19 11:07:09 I Odin  get_multipickli "ESW Platform Test don't find the mainteam name from G_parameter"
2023-01-19 11:09:20 I Odin  get_multipickli "Unassigned don't find the mainteam name from G_parameter"
2023-01-19 11:09:27 I Odin  get_multipickli "Unassigned don't find the mainteam name from G_parameter"
2023-01-19 11:09:34 I Odin  get_multipickli "Unassigned don't find the mainteam name from G_parameter"
2023-01-19 11:09:42 I Odin  get_multipickli "Unassigned don't find the mainteam name from G_parameter"
2023-01-19 11:09:42 I Odin  get_multipickli "Digital Experience – IOS don't find the mainteam name from G_parameter"
2023-01-19 11:09:44 I Odin  get_multipickli "Digital Experience – SDK don't find the mainteam name from G_parameter"
2023-01-19 11:14:28 I Odin  get_multipickli "Unassigned don't find the mainteam name from G_parameter"
2023-01-19 11:17:55 I Odin  get_multipickli "Digital Experience – Android don't find the mainteam name from G_parameter"
2023-01-19 11:17:55 I Odin  get_multipickli "Digital Experience – IOS don't find the mainteam name from G_parameter"
2023-01-19 11:18:13 I Odin  get_multipickli "Digital Experience – Android don't find the mainteam name from G_parameter"
2023-01-19 11:18:13 I Odin  get_multipickli "Digital Experience – IOS don't find the mainteam name from G_parameter"
2023-01-19 11:18:20 I Odin  get_multipickli "Digital Experience – Android don't find the mainteam name from G_parameter"
2023-01-19 11:18:20 I Odin  get_multipickli "Digital Experience – IOS don't find the mainteam name from G_parameter"
2023-01-19 11:19:06 I Odin  get_multipickli "Unassigned don't find the mainteam name from G_parameter"
2023-01-19 11:21:09 I Odin  get_multipickli "Digital Experience – Android don't find the mainteam name from G_parameter"
2023-01-19 11:21:09 I Odin  get_multipickli "Digital Experience – IOS don't find the mainteam name from G_parameter"
2023-01-19 11:21:21 I Odin  get_multipickli "Digital Experience – Android don't find the mainteam name from G_parameter"
2023-01-19 11:21:21 I Odin  get_multipickli "Digital Experience – IOS don't find the mainteam name from G_parameter"
2023-01-19 11:22:52 I Odin  get_multipickli "Digital Experience – Android don't find the mainteam name from G_parameter"
2023-01-19 11:22:52 I Odin  get_multipickli "Digital Experience – IOS don't find the mainteam name from G_parameter"
2023-01-19 11:22:57 I Odin  get_multipickli "Digital Experience – Android don't find the mainteam name from G_parameter"
2023-01-19 11:22:57 I Odin  get_multipickli "Digital Experience – IOS don't find the mainteam name from G_parameter"
2023-01-19 11:23:13 I Odin  get_multipickli "Digital Experience – Android don't find the mainteam name from G_parameter"
2023-01-19 11:23:13 I Odin  get_multipickli "Digital Experience – IOS don't find the mainteam name from G_parameter"
2023-01-19 11:23:19 I Odin  get_multipickli "Digital Experience – Android don't find the mainteam name from G_parameter"
2023-01-19 11:23:19 I Odin  get_multipickli "Digital Experience – IOS don't find the mainteam name from G_parameter"
2023-01-19 11:23:25 I Odin  get_multipickli "Digital Experience – Android don't find the mainteam name from G_parameter"
2023-01-19 11:23:25 I Odin  get_multipickli "Digital Experience – IOS don't find the mainteam name from G_parameter"
2023-01-19 11:23:30 I Odin  get_multipickli "Digital Experience – Android don't find the mainteam name from G_parameter"
2023-01-19 11:23:30 I Odin  get_multipickli "Digital Experience – IOS don't find the mainteam name from G_parameter"
2023-01-19 11:23:37 I Odin  get_multipickli "Digital Experience – Android don't find the mainteam name from G_parameter"
2023-01-19 11:23:37 I Odin  get_multipickli "Digital Experience – IOS don't find the mainteam name from G_parameter"
2023-01-19 11:23:55 I Odin  get_multipickli "Unassigned don't find the mainteam name from G_parameter"
2023-01-19 11:24:51 I Odin  get_multipickli "Unassigned don't find the mainteam name from G_parameter"
2023-01-19 11:25:06 I Odin  get_multipickli "Unassigned don't find the mainteam name from G_parameter"
2023-01-19 11:25:31 I Odin  get_multipickli "Unassigned don't find the mainteam name from G_parameter"
2023-01-19 11:25:40 I Odin  get_multipickli "Unassigned don't find the mainteam name from G_parameter"
2023-01-19 11:26:54 I Odin  get_multipickli "Unassigned don't find the mainteam name from G_parameter"
2023-01-19 11:29:25 I Odin  get_multipickli "Unassigned don't find the mainteam name from G_parameter"
2023-01-19 11:29:31 I Odin  get_multipickli "Unassigned don't find the mainteam name from G_parameter"
2023-01-19 11:29:48 I Odin  get_multipickli "Unassigned don't find the mainteam name from G_parameter"
2023-01-19 11:29:54 I Odin  get_multipickli "Unassigned don't find the mainteam name from G_parameter"
2023-01-19 11:29:59 I Odin  get_multipickli "Unassigned don't find the mainteam name from G_parameter"
2023-01-19 11:30:05 I Odin  get_multipickli "Unassigned don't find the mainteam name from G_parameter"
2023-01-19 11:30:11 I Odin  get_multipickli "Unassigned don't find the mainteam name from G_parameter"
2023-01-19 11:30:46 I Odin  get_multipickli "Unassigned don't find the mainteam name from G_parameter"
2023-01-19 11:30:57 I Odin  get_multipickli "Unassigned don't find the mainteam name from G_parameter"
2023-01-19 11:31:03 I Odin  get_multipickli "Unassigned don't find the mainteam name from G_parameter"
2023-01-19 11:33:09 I Odin  get_multipickli "Unassigned don't find the mainteam name from G_parameter"
2023-01-19 11:34:04 I Odin  get_multipickli "Digital Experience – Android don't find the mainteam name from G_parameter"
2023-01-19 11:34:04 I Odin  get_multipickli "Digital Experience – IOS don't find the mainteam name from G_parameter"
2023-01-19 11:34:13 I Odin  get_multipickli "Digital Experience – Android don't find the mainteam name from G_parameter"
2023-01-19 11:34:13 I Odin  get_multipickli "Digital Experience – IOS don't find the mainteam name from G_parameter"
2023-01-19 11:36:12 I Odin  get_multipickli "Unassigned don't find the mainteam name from G_parameter"
2023-01-19 11:37:14 I Odin  get_multipickli "ESW Platform Test don't find the mainteam name from G_parameter"
2023-01-19 11:39:05 I Odin  get_multipickli "Unassigned don't find the mainteam name from G_parameter"
2023-01-19 11:40:04 I Odin  Print           "DROP TABLE IF EXISTS allrequirements:successful"
2023-01-19 11:40:04 I Odin  Print           "DROP TABLE IF EXISTS allcoverage:successful"
2023-01-19 11:40:04 I Odin  Print           "CREATE TABLE IF NOT EXISTS requirements (                        rel TEXT, status TEXT, count INT, date TEXT) ENGINE=InnoDB DEFAULT CHARSET=utf8:successful"
2023-01-19 11:40:04 I Odin  Print           "CREATE TABLE IF NOT EXISTS allrequirements (                        id INT, uniqueid TEXT, name TEXT, status TEXT, rel TEXT, upstream TEXT, downstream TEXT, team TEXT, test_status TEXT) ENGINE=InnoDB DEFAULT CHARSET=utf8:successful"
2023-01-19 11:40:04 I Odin  Print           "CREATE TABLE IF NOT EXISTS coverage (                        team text, covered int, expected int, date text) ENGINE=InnoDB DEFAULT CHARSET=utf8:successful"
2023-01-19 11:40:04 I Odin  Print           "CREATE TABLE IF NOT EXISTS allcoverage (                        id INT, uniqueid TEXT, name TEXT, status TEXT, rel TEXT, verify TEXT, missing TEXT) ENGINE=InnoDB DEFAULT CHARSET=utf8:successful"
2023-01-19 11:40:04 I Odin  Print           "DELETE FROM requirements WHERE date='2023-01-19':successful"
2023-01-19 11:40:04 I Odin  Print           "DELETE FROM coverage WHERE date='2023-01-19':successful"
2023-01-19 11:40:05 I Odin  Print           "INSERT INTO requirements (rel, status, count, date) SELECT rel, status, count((@rn := @rn + 1)) as count, '2023-01-19' as date FROM allrequirements cross join (select @rn := 0) const GROUP BY rel, status:successful"
2023-01-19 11:40:05 I Odin  Print           "CREATE TABLE IF NOT EXISTS feattest (rel TEXT, status TEXT, count TEXT, date TEXT) ENGINE=InnoDB DEFAULT CHARSET=utf8:successful"
2023-01-19 11:40:05 I Odin  Print           "CREATE TABLE IF NOT EXISTS reqtest (rel TEXT, status TEXT, count TEXT, date TEXT) ENGINE=InnoDB DEFAULT CHARSET=utf8:successful"
2023-01-19 11:40:05 I Odin  Print           "SELECT id FROM allfeatures:successful"
2023-01-19 11:40:05 I Odin  Print           "SELECT id,upstream,downstream,team FROM allrequirements:successful"
2023-01-19 11:40:05 I Odin  Print           "SELECT id FROM allcoverage:successful"
2023-01-19 11:40:05 I Odin  Print           "SELECT * FROM testcases:successful"
