2023-01-19 03:01:23 I Osbor Print           "Connet 20403 successfully!!!"
2023-01-19 03:01:23 I Osbor Get_alltests    "Get project name:Osborn id:20403 all testplans"
2023-01-19 03:01:25 I Osbor Get_alltests    "{8341707: {'id': 8341707, 'name': 'Controller HW DVT test plan', 'archived': False, 'index': '8341707:Controller HW DVT test plan'}, 8226282: {'id': 8226282, 'name': 'HS HW DVT test plan', 'archived': False, 'index': '8226282:HS HW DVT test plan'}, 9037640: {'id': 9037640, 'name': 'Osborn Mid ESW Test Plan', 'archived': False, 'index': '9037640:Osborn Mid ESW Test Plan'}, 8264933: {'id': 8264933, 'name': 'Osborn ESW Test Plan', 'archived': False, 'index': '8264933:Osborn ESW Test Plan'}, 8769952: {'id': 8769952, 'name': 'Packaging verification plan', 'archived': False, 'index': '8769952:Packaging verification plan'}, 9976079: {'id': 9976079, 'name': 'Product Maintenance test Plan', 'archived': False, 'index': '9976079:Product Maintenance test Plan'}, 8093197: {'id': 8093197, 'name': 'Product Quality Plan and PVT inputs', 'archived': False, 'index': '8093197:Product Quality Plan and PVT inputs'}, 3396973: {'id': 3396973, 'name': 'Product Verification Test Plan', 'archived': False, 'index': '3396973:Product Verification Test Plan'}, 8049692: {'id': 8049692, 'name': 'Regulatory Compliance test plan', 'archived': False, 'index': '8049692:Regulatory Compliance test plan'}, 8295691: {'id': 8295691, 'name': 'UX evaluation  plan', 'archived': False, 'index': '8295691:UX evaluation  plan'}}"
2023-01-19 03:01:25 I Osbor Get_alltests    "Get project name:Osborn id:20403 all testplans successful!!!"
2023-01-19 03:30:09 I Osbor tidy_alltestcas "1297"
2023-01-19 03:34:38 I Osbor Print           "DROP TABLE IF EXISTS testcases:successful"
2023-01-19 03:34:38 I Osbor Print           "CREATE TABLE IF NOT EXISTS testcases (                             testplan_id INT,                             testplan_name TEXT,                             testgroup_id INT,                             testgroup_name TEXT,                             testcycle_id INT,                             testcycle_name TEXT,                             rel TEXT,                             id INT,                             uniqueid TEXT,                             name TEXT,                             status TEXT,                             upstream TEXT,                             downstream TEXT,                             executionDate TEXT) ENGINE=InnoDB DEFAULT CHARSET=utf8:successful"
2023-01-19 03:34:38 I Osbor update_database "Insert testcases table successful"
2023-01-19 03:34:38 I Osbor Print           "CREATE TABLE IF NOT EXISTS tests (                             testplan_id INT,                             testplan_name TEXT,                             testplan_status TEXT,                             rel TEXT, status TEXT,                             count INT, date TEXT) ENGINE=InnoDB DEFAULT CHARSET=utf8:successful"
2023-01-19 03:34:38 I Osbor Print           "DELETE FROM tests WHERE date='2023-01-19':successful"
2023-01-19 03:34:38 I Osbor Print           "SELECT testplan_id FROM tests GROUP BY testplan_id:successful"
2023-01-19 03:34:38 I Osbor Print           "SELECT testplan_name FROM tests WHERE testplan_id=8341707 LIMIT 1:successful"
2023-01-19 03:34:38 I Osbor Print           "UPDATE tests SET testplan_status='Active' WHERE testplan_id=8341707:successful"
2023-01-19 03:34:38 I Osbor Print           "SELECT testplan_name FROM tests WHERE testplan_id=8226282 LIMIT 1:successful"
2023-01-19 03:34:38 I Osbor Print           "UPDATE tests SET testplan_status='Active' WHERE testplan_id=8226282:successful"
2023-01-19 03:34:38 I Osbor Print           "SELECT testplan_name FROM tests WHERE testplan_id=9037640 LIMIT 1:successful"
2023-01-19 03:34:38 I Osbor Print           "UPDATE tests SET testplan_status='Active' WHERE testplan_id=9037640:successful"
2023-01-19 03:34:38 I Osbor Print           "SELECT testplan_name FROM tests WHERE testplan_id=8264933 LIMIT 1:successful"
2023-01-19 03:34:38 I Osbor Print           "UPDATE tests SET testplan_status='Active' WHERE testplan_id=8264933:successful"
2023-01-19 03:34:38 I Osbor Print           "SELECT testplan_name FROM tests WHERE testplan_id=8769952 LIMIT 1:successful"
2023-01-19 03:34:38 I Osbor Print           "UPDATE tests SET testplan_status='Active' WHERE testplan_id=8769952:successful"
2023-01-19 03:34:38 I Osbor Print           "SELECT testplan_name FROM tests WHERE testplan_id=3396973 LIMIT 1:successful"
2023-01-19 03:34:38 I Osbor Print           "UPDATE tests SET testplan_status='Active' WHERE testplan_id=3396973:successful"
2023-01-19 03:34:38 I Osbor Print           "SELECT testplan_name FROM tests WHERE testplan_id=8049692 LIMIT 1:successful"
2023-01-19 03:34:38 I Osbor Print           "UPDATE tests SET testplan_status='Active' WHERE testplan_id=8049692:successful"
2023-01-19 03:34:38 I Osbor Print           "INSERT INTO tests (testplan_id, testplan_name, testplan_status, rel, status, count, date) SELECT testplan_id, testplan_name, 'Active' as testplan_status, rel, status, count((@rn := @rn + 1)) as count, '2023-01-19' as date FROM testcases cross join (select @rn := 0) const GROUP BY testplan_id, rel, status:successful"
2023-01-19 03:34:38 I Osbor update_database "Insert tests table successful"
2023-01-19 03:34:38 I Osbor Print           "CREATE TABLE IF NOT EXISTS testapproval (                                 rel TEXT, team TEXT, status TEXT, upstream TEXT, count INT, date TEXT                                 ) ENGINE=InnoDB DEFAULT CHARSET=utf8:successful"
2023-01-19 03:34:38 I Osbor Print           "DROP TABLE IF EXISTS alltestapproval:successful"
2023-01-19 03:34:38 I Osbor Print           "CREATE TABLE IF NOT EXISTS alltestapproval (                                 id INT, uniqueid TEXT, name TEXT, status TEXT, rel TEXT, team TEXT, upstream TEXT                                 ) ENGINE=InnoDB DEFAULT CHARSET=utf8:successful"
2023-01-19 03:34:38 I Osbor Print           "DELETE FROM testapproval WHERE date='2023-01-19':successful"
2023-01-19 03:34:39 I Osbor Print           "INSERT INTO testapproval (rel, team, status, count, date, upstream) SELECT rel, team, status, count((@rn := @rn + 1)) as count, '2023-01-19' as date, upstream FROM alltestapproval cross join (select @rn := 0) const GROUP BY rel, team, status, upstream:successful"
2023-01-19 03:34:53 I Osbor Get_allfeatuers "[]"
2023-01-19 03:34:53 I Osbor Print           "CREATE TABLE IF NOT EXISTS features (                                rel TEXT, status TEXT, count INT, date TEXT) ENGINE=InnoDB DEFAULT CHARSET=utf8:successful"
2023-01-19 03:34:53 I Osbor Print           "CREATE TABLE IF NOT EXISTS allfeatures (                                id INT, uniqueid TEXT, name TEXT, status TEXT, rel TEXT,test_status TEXT) ENGINE=InnoDB DEFAULT CHARSET=utf8:successful"
2023-01-19 03:34:53 I Osbor Print           "DELETE FROM features WHERE date='2023-01-19':successful"
2023-01-19 03:34:53 I Osbor Print           "DELETE FROM allfeatures WHERE id=15620102:successful"
2023-01-19 03:34:53 I Osbor Print           "DELETE FROM allfeatures WHERE id=15620101:successful"
2023-01-19 03:34:53 I Osbor Print           "DELETE FROM allfeatures WHERE id=15620100:successful"
2023-01-19 03:34:53 I Osbor Print           "DELETE FROM allfeatures WHERE id=15620099:successful"
2023-01-19 03:34:53 I Osbor Print           "DELETE FROM allfeatures WHERE id=15620098:successful"
2023-01-19 03:34:53 I Osbor Print           "DELETE FROM allfeatures WHERE id=15620097:successful"
2023-01-19 03:34:53 I Osbor Print           "DELETE FROM allfeatures WHERE id=15620096:successful"
2023-01-19 03:34:53 I Osbor Print           "DELETE FROM allfeatures WHERE id=15620095:successful"
2023-01-19 03:34:53 I Osbor Print           "DELETE FROM allfeatures WHERE id=15620094:successful"
2023-01-19 03:34:53 I Osbor Print           "DELETE FROM allfeatures WHERE id=15616789:successful"
2023-01-19 03:34:53 I Osbor Print           "DELETE FROM allfeatures WHERE id=15616784:successful"
2023-01-19 03:34:53 I Osbor Print           "DELETE FROM allfeatures WHERE id=15616780:successful"
2023-01-19 03:34:53 I Osbor Print           "DELETE FROM allfeatures WHERE id=15583113:successful"
2023-01-19 03:34:53 I Osbor Print           "DELETE FROM allfeatures WHERE id=15291790:successful"
2023-01-19 03:34:53 I Osbor Print           "DELETE FROM allfeatures WHERE id=14726265:successful"
2023-01-19 03:34:53 I Osbor Print           "DELETE FROM allfeatures WHERE id=14726259:successful"
2023-01-19 03:34:53 I Osbor Print           "DELETE FROM allfeatures WHERE id=14705805:successful"
2023-01-19 03:34:53 I Osbor Print           "DELETE FROM allfeatures WHERE id=14674875:successful"
2023-01-19 03:34:53 I Osbor Print           "DELETE FROM allfeatures WHERE id=14674809:successful"
2023-01-19 03:34:53 I Osbor Print           "DELETE FROM allfeatures WHERE id=14674776:successful"
2023-01-19 03:34:53 I Osbor Print           "DELETE FROM allfeatures WHERE id=14674728:successful"
2023-01-19 03:34:53 I Osbor Print           "DELETE FROM allfeatures WHERE id=14674668:successful"
2023-01-19 03:34:53 I Osbor Print           "DELETE FROM allfeatures WHERE id=14674608:successful"
2023-01-19 03:34:53 I Osbor Print           "DELETE FROM allfeatures WHERE id=14674593:successful"
2023-01-19 03:34:53 I Osbor Print           "DELETE FROM allfeatures WHERE id=14674578:successful"
2023-01-19 03:34:53 I Osbor Print           "DELETE FROM allfeatures WHERE id=14674542:successful"
2023-01-19 03:34:53 I Osbor Print           "DELETE FROM allfeatures WHERE id=14674263:successful"
2023-01-19 03:34:53 I Osbor Print           "DELETE FROM allfeatures WHERE id=14674182:successful"
2023-01-19 03:34:53 I Osbor Print           "DELETE FROM allfeatures WHERE id=14672754:successful"
2023-01-19 03:34:53 I Osbor Print           "DELETE FROM allfeatures WHERE id=14672682:successful"
2023-01-19 03:34:53 I Osbor Print           "DELETE FROM allfeatures WHERE id=14672667:successful"
2023-01-19 03:34:53 I Osbor Print           "DELETE FROM allfeatures WHERE id=14672616:successful"
2023-01-19 03:34:53 I Osbor Print           "DELETE FROM allfeatures WHERE id=14672457:successful"
2023-01-19 03:34:53 I Osbor Print           "DELETE FROM allfeatures WHERE id=14672439:successful"
2023-01-19 03:34:53 I Osbor Print           "DELETE FROM allfeatures WHERE id=14672430:successful"
2023-01-19 03:34:53 I Osbor Print           "DELETE FROM allfeatures WHERE id=14672370:successful"
2023-01-19 03:34:53 I Osbor Print           "DELETE FROM allfeatures WHERE id=14672358:successful"
2023-01-19 03:34:53 I Osbor Print           "DELETE FROM allfeatures WHERE id=14672283:successful"
2023-01-19 03:34:53 I Osbor Print           "DELETE FROM allfeatures WHERE id=14672163:successful"
2023-01-19 03:34:53 I Osbor Print           "DELETE FROM allfeatures WHERE id=14672118:successful"
2023-01-19 03:34:53 I Osbor Print           "DELETE FROM allfeatures WHERE id=14672100:successful"
2023-01-19 03:34:53 I Osbor Print           "DELETE FROM allfeatures WHERE id=14671359:successful"
2023-01-19 03:34:53 I Osbor Print           "DELETE FROM allfeatures WHERE id=14033466:successful"
2023-01-19 03:34:53 I Osbor Print           "INSERT INTO features (rel, status, count, date)                                 SELECT rel, status, count((@rn := @rn + 1)) as count, '2023-01-19' as date FROM allfeatures cross join (select @rn := 0) const GROUP BY rel, status:successful"
2023-01-19 03:34:59 I Osbor Get_allchangere "[]"
2023-01-19 03:34:59 I Osbor Print           "CREATE TABLE IF NOT EXISTS changes (                                 rel TEXT, status TEXT, priority TEXT,                                 requester TEXT, date TEXT, count INT) ENGINE=InnoDB DEFAULT CHARSET=utf8:successful"
2023-01-19 03:34:59 I Osbor Print           "CREATE TABLE IF NOT EXISTS allchanges (                                 id INT, uniqueid TEXT, name TEXT,                                 status TEXT, rel TEXT, priority TEXT,                                 requester TEXT) ENGINE=InnoDB DEFAULT CHARSET=utf8:successful"
2023-01-19 03:34:59 I Osbor Print           "DELETE FROM changes WHERE date='2023-01-19':successful"
2023-01-19 03:34:59 I Osbor Print           "INSERT INTO changes (                                 rel, status, priority, requester, date, count)                                 SELECT rel, status, priority, requester, '2023-01-19' as date, count((@rn := @rn + 1)) as count FROM allchanges                                 cross join (select @rn := 0) const GROUP BY rel, status, priority, requester:successful"
2023-01-19 03:35:03 I Osbor Print           "CREATE TABLE IF NOT EXISTS designspec (                            rel TEXT, team TEXT, status TEXT, count INT, date text) ENGINE=InnoDB DEFAULT CHARSET=utf8:successful"
2023-01-19 03:35:03 I Osbor Print           "CREATE TABLE IF NOT EXISTS alldesignspec (                             id INT, uniqueid TEXT, name TEXT, status TEXT, rel TEXT, team TEXT) ENGINE=InnoDB DEFAULT CHARSET=utf8:successful"
2023-01-19 03:35:03 I Osbor Print           "DELETE FROM designspec WHERE date='2023-01-19':successful"
2023-01-19 03:35:03 I Osbor Print           "INSERT INTO designspec (rel, team, status, count, date) SELECT rel, team, status, count((@rn := @rn + 1)) as count, '2023-01-19' as date FROM alldesignspec cross join (select @rn := 0) const GROUP BY rel, team, status:successful"
2023-01-19 03:35:09 I Osbor Get_alluserstor "[]"
2023-01-19 03:35:09 I Osbor Print           "CREATE TABLE IF NOT EXISTS userstories (                 rel TEXT, status TEXT, count INT, date TEXT) ENGINE=InnoDB DEFAULT CHARSET=utf8:successful"
2023-01-19 03:35:09 I Osbor Print           "CREATE TABLE IF NOT EXISTS alluserstories (                 id INT, uniqueid TEXT, name TEXT, status TEXT, rel TEXT) ENGINE=InnoDB DEFAULT CHARSET=utf8:successful"
2023-01-19 03:35:09 I Osbor Print           "DELETE FROM userstories WHERE date='2023-01-19':successful"
2023-01-19 03:35:09 I Osbor Print           "INSERT INTO userstories (rel, status, count, date) SELECT rel, status, count((@rn := @rn + 1)) as count, '2023-01-19' as date FROM alluserstories cross join (select @rn := 0) const GROUP BY rel, status:successful"
2023-01-19 03:35:52 I Osbor Get_alldefects  "[{'id': 9638828, 'name': "[Customer,Zoom]3-way call, can't answer the incoming call and end the active call, it will keep active call and end incoming call-SP issue", 'documentKey': 'Ob-BUG-242', 'statusId': 156539, 'status': 'In Progress', 'teamId': 156569, 'team': 'ESW DECT', 'priorityId': 156534, 'priority': 'Minor', 'upstream': '9685573, 9685560, 9685566, 9685565, 10426348, 10426351', 'jira': 'https://jabra1.atlassian.net/browse/OS-1553'}, {'id': 9638857, 'name': '[Customer,Zoom]No RCC when test zoom on Thin Pro-SP issue', 'documentKey': 'Ob-BUG-243', 'statusId': 156539, 'status': 'In Progress', 'teamId': 156569, 'team': 'ESW DECT', 'priorityId': 156533, 'priority': 'Major', 'upstream': '9602428, 10300058, 10299956, 9685572, 9686423, 9602427, 9605051', 'jira': 'https://jabra1.atlassian.net/browse/OS-1554'}, {'id': 9656827, 'name': '[Customer,Zoom]Failed to end call from DUT on T640-Thin client issue', 'documentKey': 'Ob-BUG-244', 'statusId': 156538, 'status': 'Closed', 'teamId': 156569, 'team': 'ESW DECT', 'priorityId': 156535, 'priority': 'Trivial', 'upstream': '9605061, 9602432, 9685573, 9605065, 9685575, 9685566, 9602433', 'jira': 'https://jabra1.atlassian.net/browse/OS-1557'}, {'id': 9657322, 'name': '[Customer,Zoom]3-way call, end 1st call from SP then tap MFB will end 2nd call-SP issue', 'documentKey': 'Ob-BUG-246', 'statusId': 156536, 'status': 'Open', 'teamId': 156569, 'team': 'ESW DECT', 'priorityId': 156535, 'priority': 'Trivial', 'upstream': '10201005, 10201006, 10299952, 9605061, 9602432, 10300052, 9686426, 10201494, 9638718, 10201000, 9638716, 9855871, 9685573, 10201010, 10201011, 10201491, 9605065, 9686429, 10201497, 9855872', 'jira': 'https://jabra1.atlassian.net/browse/OS-1559'}, {'id': 10205418, 'name': "[FT, Enumeration, JDO] Osborn in DFU mode can't be enumerated by JDO for Win", 'documentKey': 'Ob-BUG-292', 'statusId': 156536, 'status': 'Open', 'teamId': 156571, 'team': 'DE Online', 'priorityId': 156532, 'priority': 'Critical', 'upstream': '10201482, 10202266, 10200238, 10201059, 10200677, 10201407', 'jira': 'https://jabra1.atlassian.net/browse/OS-1751'}, {'id': 10252157, 'name': 'Osborn Plus Current Consumption Test failed on suspend mode', 'documentKey': 'Ob-BUG-299', 'statusId': 156538, 'status': 'Closed', 'teamId': 156569, 'team': 'ESW DECT', 'priorityId': 156534, 'priority': 'Minor', 'upstream': '10207332, 10207378', 'jira': 'https://jabra1.atlassian.net/browse/OS-1785'}, {'id': 10327772, 'name': '[OS IOP, Chrome] Chrome OS microphone will be muted when Osborn mute the Google Meet meeting, but will not be unmuted after Osborn end the meeting', 'documentKey': 'Ob-BUG-302', 'statusId': 156536, 'status': 'Open', 'teamId': 156569, 'team': 'ESW DECT', 'priorityId': 156534, 'priority': 'Minor', 'upstream': '', 'jira': 'https://jabra1.atlassian.net/browse/OS-1801'}, {'id': 10398899, 'name': "CLONE - [FT, Enumeration, JDO] Moonraker in DFU mode can't be enumerated by JDO for Win", 'documentKey': 'Ob-BUG-305', 'statusId': 156536, 'status': 'Open', 'teamId': 156571, 'team': 'DE Online', 'priorityId': 156532, 'priority': 'Critical', 'upstream': '', 'jira': 'https://jabra1.atlassian.net/browse/MOONR-44'}, {'id': 10399149, 'name': "CLONE - [FT, JDO] Moonraker in DFU mode can't be recovered from JDO-MAC", 'documentKey': 'Ob-BUG-306', 'statusId': 156536, 'status': 'Open', 'teamId': 156571, 'team': 'DE Online', 'priorityId': 156532, 'priority': 'Critical', 'upstream': '', 'jira': 'https://jabra1.atlassian.net/browse/MOONR-45'}, {'id': 10420177, 'name': 'Public GNP unstable on ChromeOS - Crashes after flood of "Mute state" flips', 'documentKey': 'Ob-BUG-307', 'statusId': 156536, 'status': 'Open', 'teamId': 156569, 'team': 'ESW DECT', 'priorityId': 156534, 'priority': 'Minor', 'upstream': '', 'jira': 'https://jabra1.atlassian.net/browse/OS-1814'}, {'id': 10443021, 'name': 'CLONE - [OS IOP, Chrome] Chrome OS microphone will be muted when DUT mute the Google Meet meeting, but will not be unmuted after DUT end the meeting', 'documentKey': 'Ob-BUG-308', 'statusId': 156536, 'status': 'Open', 'teamId': 156569, 'team': 'ESW DECT', 'priorityId': 156534, 'priority': 'Minor', 'upstream': '', 'jira': 'https://jabra1.atlassian.net/browse/OS-1815'}]"
2023-01-19 03:35:52 I Osbor Print           "CREATE TABLE IF NOT EXISTS defects (                     rel TEXT, team TEXT, status TEXT, priority TEXT, count INT, date TEXT) ENGINE=InnoDB DEFAULT CHARSET=utf8:successful"
2023-01-19 03:35:52 I Osbor Print           "CREATE TABLE IF NOT EXISTS alldefects (                     id INT, uniqueid TEXT, name TEXT, status TEXT, rel TEXT, team TEXT, priority TEXT, jira TEXT, upstream TEXT) ENGINE=InnoDB DEFAULT CHARSET=utf8:successful"
2023-01-19 03:35:52 I Osbor Print           "DELETE FROM defects WHERE date='2023-01-19':successful"
2023-01-19 03:35:52 I Osbor Print           "DELETE FROM alldefects WHERE id = 18088524:successful"
2023-01-19 03:35:52 I Osbor Print           "DELETE FROM alldefects WHERE id = 17184678:successful"
2023-01-19 03:35:52 I Osbor Print           "DELETE FROM alldefects WHERE id = 9638828:successful"
2023-01-19 03:35:52 I Osbor Print           "DELETE FROM alldefects WHERE id = 9638857:successful"
2023-01-19 03:35:52 I Osbor Print           "DELETE FROM alldefects WHERE id = 9656827:successful"
2023-01-19 03:35:52 I Osbor Print           "DELETE FROM alldefects WHERE id = 9657322:successful"
2023-01-19 03:35:52 I Osbor Print           "DELETE FROM alldefects WHERE id = 10205418:successful"
2023-01-19 03:35:52 I Osbor Print           "DELETE FROM alldefects WHERE id = 10252157:successful"
2023-01-19 03:35:52 I Osbor Print           "DELETE FROM alldefects WHERE id = 10327772:successful"
2023-01-19 03:35:52 I Osbor Print           "DELETE FROM alldefects WHERE id = 10398899:successful"
2023-01-19 03:35:52 I Osbor Print           "DELETE FROM alldefects WHERE id = 10399149:successful"
2023-01-19 03:35:52 I Osbor Print           "DELETE FROM alldefects WHERE id = 10420177:successful"
2023-01-19 03:35:52 I Osbor Print           "DELETE FROM alldefects WHERE id = 10443021:successful"
2023-01-19 03:35:52 I Osbor Print           "Not enough parameters for the SQL statement"
2023-01-19 03:35:52 I Osbor Print           "INSERT INTO defects (rel, team, status, count, date, priority) SELECT rel, team, status, count((@rn := @rn + 1)) as count, '2023-01-19' as date, priority FROM alldefects cross join (select @rn := 0) const GROUP BY rel, team, status, priority:successful"
2023-01-19 03:38:06 I Osbor get_multipickli "Unassigned don't find the mainteam name from G_parameter"
2023-01-19 03:38:31 I Osbor get_multipickli "Unassigned don't find the mainteam name from G_parameter"
2023-01-19 03:38:36 I Osbor get_multipickli "Unassigned don't find the mainteam name from G_parameter"
2023-01-19 03:43:16 I Osbor get_multipickli "Unassigned don't find the mainteam name from G_parameter"
2023-01-19 03:43:40 I Osbor get_multipickli "Unassigned don't find the mainteam name from G_parameter"
2023-01-19 03:44:30 I Osbor get_multipickli "Unassigned don't find the mainteam name from G_parameter"
2023-01-19 03:45:07 I Osbor get_multipickli "Unassigned don't find the mainteam name from G_parameter"
2023-01-19 03:45:12 I Osbor get_multipickli "Unassigned don't find the mainteam name from G_parameter"
2023-01-19 03:45:31 I Osbor get_multipickli "Unassigned don't find the mainteam name from G_parameter"
2023-01-19 03:45:47 I Osbor get_multipickli "Unassigned don't find the mainteam name from G_parameter"
2023-01-19 03:46:08 I Osbor get_multipickli "Unassigned don't find the mainteam name from G_parameter"
2023-01-19 03:46:21 I Osbor get_multipickli "Unassigned don't find the mainteam name from G_parameter"
2023-01-19 03:46:29 I Osbor get_multipickli "Unassigned don't find the mainteam name from G_parameter"
2023-01-19 03:46:39 I Osbor get_multipickli "Unassigned don't find the mainteam name from G_parameter"
2023-01-19 03:46:43 I Osbor get_multipickli "Unassigned don't find the mainteam name from G_parameter"
2023-01-19 03:46:48 I Osbor get_multipickli "Unassigned don't find the mainteam name from G_parameter"
2023-01-19 03:49:33 I Osbor get_multipickli "Unassigned don't find the mainteam name from G_parameter"
2023-01-19 03:57:25 I Osbor get_multipickli "Unassigned don't find the mainteam name from G_parameter"
2023-01-19 04:02:13 I Osbor get_multipickli "Digital Experience – Android don't find the mainteam name from G_parameter"
2023-01-19 04:02:18 I Osbor get_multipickli "Digital Experience – IOS don't find the mainteam name from G_parameter"
2023-01-19 04:02:24 I Osbor get_multipickli "ESW Platform Test don't find the mainteam name from G_parameter"
2023-01-19 04:04:46 I Osbor get_multipickli "ESW Platform Test don't find the mainteam name from G_parameter"
2023-01-19 04:04:50 I Osbor get_multipickli "ESW Platform Test don't find the mainteam name from G_parameter"
2023-01-19 04:12:06 I Osbor get_multipickli "Unassigned don't find the mainteam name from G_parameter"
2023-01-19 04:12:12 I Osbor get_multipickli "Unassigned don't find the mainteam name from G_parameter"
2023-01-19 04:13:54 I Osbor get_multipickli "Unassigned don't find the mainteam name from G_parameter"
2023-01-19 04:14:01 I Osbor get_multipickli "Unassigned don't find the mainteam name from G_parameter"
2023-01-19 04:14:11 I Osbor get_multipickli "Unassigned don't find the mainteam name from G_parameter"
2023-01-19 04:14:20 I Osbor get_multipickli "Unassigned don't find the mainteam name from G_parameter"
2023-01-19 04:15:08 I Osbor get_multipickli "Unassigned don't find the mainteam name from G_parameter"
2023-01-19 04:16:08 I Osbor get_multipickli "Unassigned don't find the mainteam name from G_parameter"
2023-01-19 04:16:59 I Osbor get_multipickli "Unassigned don't find the mainteam name from G_parameter"
2023-01-19 04:17:34 I Osbor get_multipickli "Unassigned don't find the mainteam name from G_parameter"
2023-01-19 04:26:05 I Osbor get_multipickli "Unassigned don't find the mainteam name from G_parameter"
2023-01-19 04:26:11 I Osbor get_multipickli "Unassigned don't find the mainteam name from G_parameter"
2023-01-19 04:27:18 I Osbor get_multipickli "Unassigned don't find the mainteam name from G_parameter"
2023-01-19 04:31:39 I Osbor get_multipickli "Unassigned don't find the mainteam name from G_parameter"
2023-01-19 04:32:34 I Osbor get_multipickli "Unassigned don't find the mainteam name from G_parameter"
2023-01-19 04:32:39 I Osbor get_multipickli "Unassigned don't find the mainteam name from G_parameter"
2023-01-19 04:32:56 I Osbor get_multipickli "Unassigned don't find the mainteam name from G_parameter"
2023-01-19 04:33:29 I Osbor get_multipickli "Unassigned don't find the mainteam name from G_parameter"
2023-01-19 04:33:35 I Osbor get_multipickli "Unassigned don't find the mainteam name from G_parameter"
2023-01-19 04:33:53 I Osbor get_multipickli "Unassigned don't find the mainteam name from G_parameter"
2023-01-19 04:34:10 I Osbor get_multipickli "Unassigned don't find the mainteam name from G_parameter"
2023-01-19 04:34:33 I Osbor get_multipickli "Unassigned don't find the mainteam name from G_parameter"
2023-01-19 04:34:46 I Osbor get_multipickli "Unassigned don't find the mainteam name from G_parameter"
2023-01-19 04:34:52 I Osbor get_multipickli "Unassigned don't find the mainteam name from G_parameter"
2023-01-19 04:35:04 I Osbor get_multipickli "Unassigned don't find the mainteam name from G_parameter"
2023-01-19 04:35:10 I Osbor get_multipickli "Unassigned don't find the mainteam name from G_parameter"
2023-01-19 04:35:19 I Osbor get_multipickli "Unassigned don't find the mainteam name from G_parameter"
2023-01-19 04:38:01 I Osbor get_multipickli "Unassigned don't find the mainteam name from G_parameter"
2023-01-19 04:38:01 I Osbor Print           "DROP TABLE IF EXISTS allrequirements:successful"
2023-01-19 04:38:01 I Osbor Print           "DROP TABLE IF EXISTS allcoverage:successful"
2023-01-19 04:38:01 I Osbor Print           "CREATE TABLE IF NOT EXISTS requirements (                        rel TEXT, status TEXT, count INT, date TEXT) ENGINE=InnoDB DEFAULT CHARSET=utf8:successful"
2023-01-19 04:38:01 I Osbor Print           "CREATE TABLE IF NOT EXISTS allrequirements (                        id INT, uniqueid TEXT, name TEXT, status TEXT, rel TEXT, upstream TEXT, downstream TEXT, team TEXT, test_status TEXT) ENGINE=InnoDB DEFAULT CHARSET=utf8:successful"
2023-01-19 04:38:01 I Osbor Print           "CREATE TABLE IF NOT EXISTS coverage (                        team text, covered int, expected int, date text) ENGINE=InnoDB DEFAULT CHARSET=utf8:successful"
2023-01-19 04:38:01 I Osbor Print           "CREATE TABLE IF NOT EXISTS allcoverage (                        id INT, uniqueid TEXT, name TEXT, status TEXT, rel TEXT, verify TEXT, missing TEXT) ENGINE=InnoDB DEFAULT CHARSET=utf8:successful"
2023-01-19 04:38:01 I Osbor Print           "DELETE FROM requirements WHERE date='2023-01-19':successful"
2023-01-19 04:38:01 I Osbor Print           "DELETE FROM coverage WHERE date='2023-01-19':successful"
2023-01-19 04:38:02 I Osbor Print           "INSERT INTO requirements (rel, status, count, date) SELECT rel, status, count((@rn := @rn + 1)) as count, '2023-01-19' as date FROM allrequirements cross join (select @rn := 0) const GROUP BY rel, status:successful"
2023-01-19 04:38:02 I Osbor Print           "CREATE TABLE IF NOT EXISTS feattest (rel TEXT, status TEXT, count TEXT, date TEXT) ENGINE=InnoDB DEFAULT CHARSET=utf8:successful"
2023-01-19 04:38:02 I Osbor Print           "CREATE TABLE IF NOT EXISTS reqtest (rel TEXT, status TEXT, count TEXT, date TEXT) ENGINE=InnoDB DEFAULT CHARSET=utf8:successful"
2023-01-19 04:38:02 I Osbor Print           "SELECT id FROM allfeatures:successful"
2023-01-19 04:38:02 I Osbor Print           "SELECT id,upstream,downstream,team FROM allrequirements:successful"
2023-01-19 04:38:02 I Osbor Print           "SELECT id FROM allcoverage:successful"
2023-01-19 04:38:02 I Osbor Print           "SELECT * FROM testcases:successful"
2023-01-19 04:59:41 I Osbor Print           "Connet 20403 successfully!!!"
2023-01-19 04:59:41 I Osbor Get_alltests    "Get project name:Osborn id:20403 all testplans"
2023-01-19 04:59:44 I Osbor Get_alltests    "{8341707: {'id': 8341707, 'name': 'Controller HW DVT test plan', 'archived': False, 'index': '8341707:Controller HW DVT test plan'}, 8226282: {'id': 8226282, 'name': 'HS HW DVT test plan', 'archived': False, 'index': '8226282:HS HW DVT test plan'}, 9037640: {'id': 9037640, 'name': 'Osborn Mid ESW Test Plan', 'archived': False, 'index': '9037640:Osborn Mid ESW Test Plan'}, 8264933: {'id': 8264933, 'name': 'Osborn ESW Test Plan', 'archived': False, 'index': '8264933:Osborn ESW Test Plan'}, 8769952: {'id': 8769952, 'name': 'Packaging verification plan', 'archived': False, 'index': '8769952:Packaging verification plan'}, 9976079: {'id': 9976079, 'name': 'Product Maintenance test Plan', 'archived': False, 'index': '9976079:Product Maintenance test Plan'}, 8093197: {'id': 8093197, 'name': 'Product Quality Plan and PVT inputs', 'archived': False, 'index': '8093197:Product Quality Plan and PVT inputs'}, 3396973: {'id': 3396973, 'name': 'Product Verification Test Plan', 'archived': False, 'index': '3396973:Product Verification Test Plan'}, 8049692: {'id': 8049692, 'name': 'Regulatory Compliance test plan', 'archived': False, 'index': '8049692:Regulatory Compliance test plan'}, 8295691: {'id': 8295691, 'name': 'UX evaluation  plan', 'archived': False, 'index': '8295691:UX evaluation  plan'}}"
2023-01-19 04:59:44 I Osbor Get_alltests    "Get project name:Osborn id:20403 all testplans successful!!!"
2023-01-19 05:37:53 I Osbor tidy_alltestcas "1297"
2023-01-19 05:44:19 I Osbor Print           "DROP TABLE IF EXISTS testcases:successful"
2023-01-19 05:44:19 I Osbor Print           "CREATE TABLE IF NOT EXISTS testcases (                             testplan_id INT,                             testplan_name TEXT,                             testgroup_id INT,                             testgroup_name TEXT,                             testcycle_id INT,                             testcycle_name TEXT,                             rel TEXT,                             id INT,                             uniqueid TEXT,                             name TEXT,                             status TEXT,                             upstream TEXT,                             downstream TEXT,                             executionDate TEXT) ENGINE=InnoDB DEFAULT CHARSET=utf8:successful"
2023-01-19 05:44:19 I Osbor update_database "Insert testcases table successful"
2023-01-19 05:44:19 I Osbor Print           "CREATE TABLE IF NOT EXISTS tests (                             testplan_id INT,                             testplan_name TEXT,                             testplan_status TEXT,                             rel TEXT, status TEXT,                             count INT, date TEXT) ENGINE=InnoDB DEFAULT CHARSET=utf8:successful"
2023-01-19 05:44:19 I Osbor Print           "DELETE FROM tests WHERE date='2023-01-19':successful"
2023-01-19 05:44:19 I Osbor Print           "SELECT testplan_id FROM tests GROUP BY testplan_id:successful"
2023-01-19 05:44:19 I Osbor Print           "SELECT testplan_name FROM tests WHERE testplan_id=8341707 LIMIT 1:successful"
2023-01-19 05:44:19 I Osbor Print           "UPDATE tests SET testplan_status='Active' WHERE testplan_id=8341707:successful"
2023-01-19 05:44:19 I Osbor Print           "SELECT testplan_name FROM tests WHERE testplan_id=8226282 LIMIT 1:successful"
2023-01-19 05:44:19 I Osbor Print           "UPDATE tests SET testplan_status='Active' WHERE testplan_id=8226282:successful"
2023-01-19 05:44:19 I Osbor Print           "SELECT testplan_name FROM tests WHERE testplan_id=9037640 LIMIT 1:successful"
2023-01-19 05:44:19 I Osbor Print           "UPDATE tests SET testplan_status='Active' WHERE testplan_id=9037640:successful"
2023-01-19 05:44:19 I Osbor Print           "SELECT testplan_name FROM tests WHERE testplan_id=8264933 LIMIT 1:successful"
2023-01-19 05:44:19 I Osbor Print           "UPDATE tests SET testplan_status='Active' WHERE testplan_id=8264933:successful"
2023-01-19 05:44:19 I Osbor Print           "SELECT testplan_name FROM tests WHERE testplan_id=8769952 LIMIT 1:successful"
2023-01-19 05:44:19 I Osbor Print           "UPDATE tests SET testplan_status='Active' WHERE testplan_id=8769952:successful"
2023-01-19 05:44:19 I Osbor Print           "SELECT testplan_name FROM tests WHERE testplan_id=3396973 LIMIT 1:successful"
2023-01-19 05:44:19 I Osbor Print           "UPDATE tests SET testplan_status='Active' WHERE testplan_id=3396973:successful"
2023-01-19 05:44:19 I Osbor Print           "SELECT testplan_name FROM tests WHERE testplan_id=8049692 LIMIT 1:successful"
2023-01-19 05:44:19 I Osbor Print           "UPDATE tests SET testplan_status='Active' WHERE testplan_id=8049692:successful"
2023-01-19 05:44:19 I Osbor Print           "INSERT INTO tests (testplan_id, testplan_name, testplan_status, rel, status, count, date) SELECT testplan_id, testplan_name, 'Active' as testplan_status, rel, status, count((@rn := @rn + 1)) as count, '2023-01-19' as date FROM testcases cross join (select @rn := 0) const GROUP BY testplan_id, rel, status:successful"
2023-01-19 05:44:19 I Osbor update_database "Insert tests table successful"
2023-01-19 05:44:19 I Osbor Print           "CREATE TABLE IF NOT EXISTS testapproval (                                 rel TEXT, team TEXT, status TEXT, upstream TEXT, count INT, date TEXT                                 ) ENGINE=InnoDB DEFAULT CHARSET=utf8:successful"
2023-01-19 05:44:19 I Osbor Print           "DROP TABLE IF EXISTS alltestapproval:successful"
2023-01-19 05:44:19 I Osbor Print           "CREATE TABLE IF NOT EXISTS alltestapproval (                                 id INT, uniqueid TEXT, name TEXT, status TEXT, rel TEXT, team TEXT, upstream TEXT                                 ) ENGINE=InnoDB DEFAULT CHARSET=utf8:successful"
2023-01-19 05:44:20 I Osbor Print           "DELETE FROM testapproval WHERE date='2023-01-19':successful"
2023-01-19 05:44:20 I Osbor Print           "INSERT INTO testapproval (rel, team, status, count, date, upstream) SELECT rel, team, status, count((@rn := @rn + 1)) as count, '2023-01-19' as date, upstream FROM alltestapproval cross join (select @rn := 0) const GROUP BY rel, team, status, upstream:successful"
2023-01-19 05:44:42 I Osbor Get_allfeatuers "[]"
2023-01-19 05:44:42 I Osbor Print           "CREATE TABLE IF NOT EXISTS features (                                rel TEXT, status TEXT, count INT, date TEXT) ENGINE=InnoDB DEFAULT CHARSET=utf8:successful"
2023-01-19 05:44:42 I Osbor Print           "CREATE TABLE IF NOT EXISTS allfeatures (                                id INT, uniqueid TEXT, name TEXT, status TEXT, rel TEXT,test_status TEXT) ENGINE=InnoDB DEFAULT CHARSET=utf8:successful"
2023-01-19 05:44:42 I Osbor Print           "DELETE FROM features WHERE date='2023-01-19':successful"
2023-01-19 05:44:42 I Osbor Print           "DELETE FROM allfeatures WHERE id=15620102:successful"
2023-01-19 05:44:42 I Osbor Print           "DELETE FROM allfeatures WHERE id=15620101:successful"
2023-01-19 05:44:42 I Osbor Print           "DELETE FROM allfeatures WHERE id=15620100:successful"
2023-01-19 05:44:42 I Osbor Print           "DELETE FROM allfeatures WHERE id=15620099:successful"
2023-01-19 05:44:42 I Osbor Print           "DELETE FROM allfeatures WHERE id=15620098:successful"
2023-01-19 05:44:42 I Osbor Print           "DELETE FROM allfeatures WHERE id=15620097:successful"
2023-01-19 05:44:42 I Osbor Print           "DELETE FROM allfeatures WHERE id=15620096:successful"
2023-01-19 05:44:42 I Osbor Print           "DELETE FROM allfeatures WHERE id=15620095:successful"
2023-01-19 05:44:42 I Osbor Print           "DELETE FROM allfeatures WHERE id=15620094:successful"
2023-01-19 05:44:42 I Osbor Print           "DELETE FROM allfeatures WHERE id=15616789:successful"
2023-01-19 05:44:42 I Osbor Print           "DELETE FROM allfeatures WHERE id=15616784:successful"
2023-01-19 05:44:42 I Osbor Print           "DELETE FROM allfeatures WHERE id=15616780:successful"
2023-01-19 05:44:42 I Osbor Print           "DELETE FROM allfeatures WHERE id=15583113:successful"
2023-01-19 05:44:42 I Osbor Print           "DELETE FROM allfeatures WHERE id=15291790:successful"
2023-01-19 05:44:42 I Osbor Print           "DELETE FROM allfeatures WHERE id=14726265:successful"
2023-01-19 05:44:42 I Osbor Print           "DELETE FROM allfeatures WHERE id=14726259:successful"
2023-01-19 05:44:42 I Osbor Print           "DELETE FROM allfeatures WHERE id=14705805:successful"
2023-01-19 05:44:42 I Osbor Print           "DELETE FROM allfeatures WHERE id=14674875:successful"
2023-01-19 05:44:42 I Osbor Print           "DELETE FROM allfeatures WHERE id=14674809:successful"
2023-01-19 05:44:42 I Osbor Print           "DELETE FROM allfeatures WHERE id=14674776:successful"
2023-01-19 05:44:42 I Osbor Print           "DELETE FROM allfeatures WHERE id=14674728:successful"
2023-01-19 05:44:42 I Osbor Print           "DELETE FROM allfeatures WHERE id=14674668:successful"
2023-01-19 05:44:42 I Osbor Print           "DELETE FROM allfeatures WHERE id=14674608:successful"
2023-01-19 05:44:42 I Osbor Print           "DELETE FROM allfeatures WHERE id=14674593:successful"
2023-01-19 05:44:42 I Osbor Print           "DELETE FROM allfeatures WHERE id=14674578:successful"
2023-01-19 05:44:42 I Osbor Print           "DELETE FROM allfeatures WHERE id=14674542:successful"
2023-01-19 05:44:42 I Osbor Print           "DELETE FROM allfeatures WHERE id=14674263:successful"
2023-01-19 05:44:42 I Osbor Print           "DELETE FROM allfeatures WHERE id=14674182:successful"
2023-01-19 05:44:42 I Osbor Print           "DELETE FROM allfeatures WHERE id=14672754:successful"
2023-01-19 05:44:42 I Osbor Print           "DELETE FROM allfeatures WHERE id=14672682:successful"
2023-01-19 05:44:42 I Osbor Print           "DELETE FROM allfeatures WHERE id=14672667:successful"
2023-01-19 05:44:42 I Osbor Print           "DELETE FROM allfeatures WHERE id=14672616:successful"
2023-01-19 05:44:42 I Osbor Print           "DELETE FROM allfeatures WHERE id=14672457:successful"
2023-01-19 05:44:42 I Osbor Print           "DELETE FROM allfeatures WHERE id=14672439:successful"
2023-01-19 05:44:42 I Osbor Print           "DELETE FROM allfeatures WHERE id=14672430:successful"
2023-01-19 05:44:42 I Osbor Print           "DELETE FROM allfeatures WHERE id=14672370:successful"
2023-01-19 05:44:42 I Osbor Print           "DELETE FROM allfeatures WHERE id=14672358:successful"
2023-01-19 05:44:42 I Osbor Print           "DELETE FROM allfeatures WHERE id=14672283:successful"
2023-01-19 05:44:42 I Osbor Print           "DELETE FROM allfeatures WHERE id=14672163:successful"
2023-01-19 05:44:42 I Osbor Print           "DELETE FROM allfeatures WHERE id=14672118:successful"
2023-01-19 05:44:42 I Osbor Print           "DELETE FROM allfeatures WHERE id=14672100:successful"
2023-01-19 05:44:42 I Osbor Print           "DELETE FROM allfeatures WHERE id=14671359:successful"
2023-01-19 05:44:42 I Osbor Print           "DELETE FROM allfeatures WHERE id=14033466:successful"
2023-01-19 05:44:42 I Osbor Print           "INSERT INTO features (rel, status, count, date)                                 SELECT rel, status, count((@rn := @rn + 1)) as count, '2023-01-19' as date FROM allfeatures cross join (select @rn := 0) const GROUP BY rel, status:successful"
2023-01-19 05:44:54 I Osbor Get_allchangere "[]"
2023-01-19 05:44:54 I Osbor Print           "CREATE TABLE IF NOT EXISTS changes (                                 rel TEXT, status TEXT, priority TEXT,                                 requester TEXT, date TEXT, count INT) ENGINE=InnoDB DEFAULT CHARSET=utf8:successful"
2023-01-19 05:44:54 I Osbor Print           "CREATE TABLE IF NOT EXISTS allchanges (                                 id INT, uniqueid TEXT, name TEXT,                                 status TEXT, rel TEXT, priority TEXT,                                 requester TEXT) ENGINE=InnoDB DEFAULT CHARSET=utf8:successful"
2023-01-19 05:44:54 I Osbor Print           "DELETE FROM changes WHERE date='2023-01-19':successful"
2023-01-19 05:44:54 I Osbor Print           "INSERT INTO changes (                                 rel, status, priority, requester, date, count)                                 SELECT rel, status, priority, requester, '2023-01-19' as date, count((@rn := @rn + 1)) as count FROM allchanges                                 cross join (select @rn := 0) const GROUP BY rel, status, priority, requester:successful"
2023-01-19 05:45:05 I Osbor Print           "CREATE TABLE IF NOT EXISTS designspec (                            rel TEXT, team TEXT, status TEXT, count INT, date text) ENGINE=InnoDB DEFAULT CHARSET=utf8:successful"
2023-01-19 05:45:05 I Osbor Print           "CREATE TABLE IF NOT EXISTS alldesignspec (                             id INT, uniqueid TEXT, name TEXT, status TEXT, rel TEXT, team TEXT) ENGINE=InnoDB DEFAULT CHARSET=utf8:successful"
2023-01-19 05:45:05 I Osbor Print           "DELETE FROM designspec WHERE date='2023-01-19':successful"
2023-01-19 05:45:05 I Osbor Print           "INSERT INTO designspec (rel, team, status, count, date) SELECT rel, team, status, count((@rn := @rn + 1)) as count, '2023-01-19' as date FROM alldesignspec cross join (select @rn := 0) const GROUP BY rel, team, status:successful"
2023-01-19 05:45:28 I Osbor Get_alluserstor "[]"
2023-01-19 05:45:28 I Osbor Print           "CREATE TABLE IF NOT EXISTS userstories (                 rel TEXT, status TEXT, count INT, date TEXT) ENGINE=InnoDB DEFAULT CHARSET=utf8:successful"
2023-01-19 05:45:28 I Osbor Print           "CREATE TABLE IF NOT EXISTS alluserstories (                 id INT, uniqueid TEXT, name TEXT, status TEXT, rel TEXT) ENGINE=InnoDB DEFAULT CHARSET=utf8:successful"
2023-01-19 05:45:28 I Osbor Print           "DELETE FROM userstories WHERE date='2023-01-19':successful"
2023-01-19 05:45:28 I Osbor Print           "INSERT INTO userstories (rel, status, count, date) SELECT rel, status, count((@rn := @rn + 1)) as count, '2023-01-19' as date FROM alluserstories cross join (select @rn := 0) const GROUP BY rel, status:successful"
2023-01-19 05:49:07 I Osbor Get_alldefects  "[{'id': 9638828, 'name': "[Customer,Zoom]3-way call, can't answer the incoming call and end the active call, it will keep active call and end incoming call-SP issue", 'documentKey': 'Ob-BUG-242', 'statusId': 156539, 'status': 'In Progress', 'teamId': 156569, 'team': 'ESW DECT', 'priorityId': 156534, 'priority': 'Minor', 'upstream': '9685573, 9685560, 9685566, 9685565, 10426348, 10426351', 'jira': 'https://jabra1.atlassian.net/browse/OS-1553'}, {'id': 9638857, 'name': '[Customer,Zoom]No RCC when test zoom on Thin Pro-SP issue', 'documentKey': 'Ob-BUG-243', 'statusId': 156539, 'status': 'In Progress', 'teamId': 156569, 'team': 'ESW DECT', 'priorityId': 156533, 'priority': 'Major', 'upstream': '9602428, 10300058, 10299956, 9685572, 9686423, 9602427, 9605051', 'jira': 'https://jabra1.atlassian.net/browse/OS-1554'}, {'id': 9656827, 'name': '[Customer,Zoom]Failed to end call from DUT on T640-Thin client issue', 'documentKey': 'Ob-BUG-244', 'statusId': 156538, 'status': 'Closed', 'teamId': 156569, 'team': 'ESW DECT', 'priorityId': 156535, 'priority': 'Trivial', 'upstream': '9605061, 9602432, 9685573, 9605065, 9685575, 9685566, 9602433', 'jira': 'https://jabra1.atlassian.net/browse/OS-1557'}, {'id': 9657322, 'name': '[Customer,Zoom]3-way call, end 1st call from SP then tap MFB will end 2nd call-SP issue', 'documentKey': 'Ob-BUG-246', 'statusId': 156536, 'status': 'Open', 'teamId': 156569, 'team': 'ESW DECT', 'priorityId': 156535, 'priority': 'Trivial', 'upstream': '10201005, 10201006, 10299952, 9605061, 9602432, 10300052, 9686426, 10201494, 9638718, 10201000, 9638716, 9855871, 9685573, 10201010, 10201011, 10201491, 9605065, 9686429, 10201497, 9855872', 'jira': 'https://jabra1.atlassian.net/browse/OS-1559'}, {'id': 10205418, 'name': "[FT, Enumeration, JDO] Osborn in DFU mode can't be enumerated by JDO for Win", 'documentKey': 'Ob-BUG-292', 'statusId': 156536, 'status': 'Open', 'teamId': 156571, 'team': 'DE Online', 'priorityId': 156532, 'priority': 'Critical', 'upstream': '10201482, 10202266, 10200238, 10201059, 10200677, 10201407', 'jira': 'https://jabra1.atlassian.net/browse/OS-1751'}, {'id': 10252157, 'name': 'Osborn Plus Current Consumption Test failed on suspend mode', 'documentKey': 'Ob-BUG-299', 'statusId': 156538, 'status': 'Closed', 'teamId': 156569, 'team': 'ESW DECT', 'priorityId': 156534, 'priority': 'Minor', 'upstream': '10207332, 10207378', 'jira': 'https://jabra1.atlassian.net/browse/OS-1785'}, {'id': 10327772, 'name': '[OS IOP, Chrome] Chrome OS microphone will be muted when Osborn mute the Google Meet meeting, but will not be unmuted after Osborn end the meeting', 'documentKey': 'Ob-BUG-302', 'statusId': 156536, 'status': 'Open', 'teamId': 156569, 'team': 'ESW DECT', 'priorityId': 156534, 'priority': 'Minor', 'upstream': '', 'jira': 'https://jabra1.atlassian.net/browse/OS-1801'}, {'id': 10398899, 'name': "CLONE - [FT, Enumeration, JDO] Moonraker in DFU mode can't be enumerated by JDO for Win", 'documentKey': 'Ob-BUG-305', 'statusId': 156536, 'status': 'Open', 'teamId': 156571, 'team': 'DE Online', 'priorityId': 156532, 'priority': 'Critical', 'upstream': '', 'jira': 'https://jabra1.atlassian.net/browse/MOONR-44'}, {'id': 10399149, 'name': "CLONE - [FT, JDO] Moonraker in DFU mode can't be recovered from JDO-MAC", 'documentKey': 'Ob-BUG-306', 'statusId': 156536, 'status': 'Open', 'teamId': 156571, 'team': 'DE Online', 'priorityId': 156532, 'priority': 'Critical', 'upstream': '', 'jira': 'https://jabra1.atlassian.net/browse/MOONR-45'}, {'id': 10420177, 'name': 'Public GNP unstable on ChromeOS - Crashes after flood of "Mute state" flips', 'documentKey': 'Ob-BUG-307', 'statusId': 156536, 'status': 'Open', 'teamId': 156569, 'team': 'ESW DECT', 'priorityId': 156534, 'priority': 'Minor', 'upstream': '', 'jira': 'https://jabra1.atlassian.net/browse/OS-1814'}, {'id': 10443021, 'name': 'CLONE - [OS IOP, Chrome] Chrome OS microphone will be muted when DUT mute the Google Meet meeting, but will not be unmuted after DUT end the meeting', 'documentKey': 'Ob-BUG-308', 'statusId': 156536, 'status': 'Open', 'teamId': 156569, 'team': 'ESW DECT', 'priorityId': 156534, 'priority': 'Minor', 'upstream': '', 'jira': 'https://jabra1.atlassian.net/browse/OS-1815'}]"
2023-01-19 05:49:07 I Osbor Print           "CREATE TABLE IF NOT EXISTS defects (                     rel TEXT, team TEXT, status TEXT, priority TEXT, count INT, date TEXT) ENGINE=InnoDB DEFAULT CHARSET=utf8:successful"
2023-01-19 05:49:07 I Osbor Print           "CREATE TABLE IF NOT EXISTS alldefects (                     id INT, uniqueid TEXT, name TEXT, status TEXT, rel TEXT, team TEXT, priority TEXT, jira TEXT, upstream TEXT) ENGINE=InnoDB DEFAULT CHARSET=utf8:successful"
2023-01-19 05:49:07 I Osbor Print           "DELETE FROM defects WHERE date='2023-01-19':successful"
2023-01-19 05:49:07 I Osbor Print           "DELETE FROM alldefects WHERE id = 18088524:successful"
2023-01-19 05:49:07 I Osbor Print           "DELETE FROM alldefects WHERE id = 17184678:successful"
2023-01-19 05:49:07 I Osbor Print           "DELETE FROM alldefects WHERE id = 9638828:successful"
2023-01-19 05:49:07 I Osbor Print           "DELETE FROM alldefects WHERE id = 9638857:successful"
2023-01-19 05:49:07 I Osbor Print           "DELETE FROM alldefects WHERE id = 9656827:successful"
2023-01-19 05:49:07 I Osbor Print           "DELETE FROM alldefects WHERE id = 9657322:successful"
2023-01-19 05:49:07 I Osbor Print           "DELETE FROM alldefects WHERE id = 10205418:successful"
2023-01-19 05:49:07 I Osbor Print           "DELETE FROM alldefects WHERE id = 10252157:successful"
2023-01-19 05:49:07 I Osbor Print           "DELETE FROM alldefects WHERE id = 10327772:successful"
2023-01-19 05:49:07 I Osbor Print           "DELETE FROM alldefects WHERE id = 10398899:successful"
2023-01-19 05:49:07 I Osbor Print           "DELETE FROM alldefects WHERE id = 10399149:successful"
2023-01-19 05:49:07 I Osbor Print           "DELETE FROM alldefects WHERE id = 10420177:successful"
2023-01-19 05:49:07 I Osbor Print           "DELETE FROM alldefects WHERE id = 10443021:successful"
2023-01-19 05:49:07 I Osbor Print           "Not enough parameters for the SQL statement"
2023-01-19 05:49:07 I Osbor Print           "INSERT INTO defects (rel, team, status, count, date, priority) SELECT rel, team, status, count((@rn := @rn + 1)) as count, '2023-01-19' as date, priority FROM alldefects cross join (select @rn := 0) const GROUP BY rel, team, status, priority:successful"
2023-01-19 05:54:11 I Osbor get_multipickli "Unassigned don't find the mainteam name from G_parameter"
2023-01-19 05:55:22 I Osbor get_multipickli "Unassigned don't find the mainteam name from G_parameter"
2023-01-19 05:55:44 I Osbor get_multipickli "Unassigned don't find the mainteam name from G_parameter"
2023-01-19 06:07:23 I Osbor get_multipickli "Unassigned don't find the mainteam name from G_parameter"
2023-01-19 06:07:43 I Osbor get_multipickli "Unassigned don't find the mainteam name from G_parameter"
2023-01-19 06:08:14 I Osbor get_multipickli "Unassigned don't find the mainteam name from G_parameter"
2023-01-19 06:09:24 I Osbor get_multipickli "Unassigned don't find the mainteam name from G_parameter"
2023-01-19 06:09:35 I Osbor get_multipickli "Unassigned don't find the mainteam name from G_parameter"
2023-01-19 06:10:06 I Osbor get_multipickli "Unassigned don't find the mainteam name from G_parameter"
2023-01-19 06:10:40 I Osbor get_multipickli "Unassigned don't find the mainteam name from G_parameter"
2023-01-19 06:11:28 I Osbor get_multipickli "Unassigned don't find the mainteam name from G_parameter"
2023-01-19 06:11:56 I Osbor get_multipickli "Unassigned don't find the mainteam name from G_parameter"
2023-01-19 06:12:06 I Osbor get_multipickli "Unassigned don't find the mainteam name from G_parameter"
2023-01-19 06:12:26 I Osbor get_multipickli "Unassigned don't find the mainteam name from G_parameter"
2023-01-19 06:12:38 I Osbor get_multipickli "Unassigned don't find the mainteam name from G_parameter"
2023-01-19 06:12:47 I Osbor get_multipickli "Unassigned don't find the mainteam name from G_parameter"
2023-01-19 06:18:40 I Osbor get_multipickli "Unassigned don't find the mainteam name from G_parameter"
2023-01-19 06:32:33 I Osbor get_multipickli "Unassigned don't find the mainteam name from G_parameter"
2023-01-19 06:44:53 I Osbor get_multipickli "Digital Experience – Android don't find the mainteam name from G_parameter"
2023-01-19 06:45:15 I Osbor get_multipickli "Digital Experience – IOS don't find the mainteam name from G_parameter"
2023-01-19 06:45:44 I Osbor get_multipickli "ESW Platform Test don't find the mainteam name from G_parameter"
2023-01-19 06:55:43 I Osbor get_multipickli "ESW Platform Test don't find the mainteam name from G_parameter"
2023-01-19 06:55:56 I Osbor get_multipickli "ESW Platform Test don't find the mainteam name from G_parameter"
2023-01-19 07:11:44 I Osbor get_multipickli "Unassigned don't find the mainteam name from G_parameter"
2023-01-19 07:11:55 I Osbor get_multipickli "Unassigned don't find the mainteam name from G_parameter"
2023-01-19 07:14:56 I Osbor get_multipickli "Unassigned don't find the mainteam name from G_parameter"
2023-01-19 07:15:06 I Osbor get_multipickli "Unassigned don't find the mainteam name from G_parameter"
2023-01-19 07:15:14 I Osbor get_multipickli "Unassigned don't find the mainteam name from G_parameter"
2023-01-19 07:15:23 I Osbor get_multipickli "Unassigned don't find the mainteam name from G_parameter"
2023-01-19 07:17:01 I Osbor get_multipickli "Unassigned don't find the mainteam name from G_parameter"
2023-01-19 07:19:13 I Osbor get_multipickli "Unassigned don't find the mainteam name from G_parameter"
2023-01-19 07:21:39 I Osbor get_multipickli "Unassigned don't find the mainteam name from G_parameter"
2023-01-19 07:23:01 I Osbor get_multipickli "Unassigned don't find the mainteam name from G_parameter"
2023-01-19 07:34:05 I Osbor get_multipickli "Unassigned don't find the mainteam name from G_parameter"
2023-01-19 07:34:15 I Osbor get_multipickli "Unassigned don't find the mainteam name from G_parameter"
2023-01-19 07:36:55 I Osbor get_multipickli "Unassigned don't find the mainteam name from G_parameter"
2023-01-19 07:41:29 I Osbor get_multipickli "Unassigned don't find the mainteam name from G_parameter"
2023-01-19 07:43:12 I Osbor get_multipickli "Unassigned don't find the mainteam name from G_parameter"
2023-01-19 07:43:22 I Osbor get_multipickli "Unassigned don't find the mainteam name from G_parameter"
2023-01-19 07:43:57 I Osbor get_multipickli "Unassigned don't find the mainteam name from G_parameter"
2023-01-19 07:45:13 I Osbor get_multipickli "Unassigned don't find the mainteam name from G_parameter"
2023-01-19 07:45:23 I Osbor get_multipickli "Unassigned don't find the mainteam name from G_parameter"
2023-01-19 07:45:56 I Osbor get_multipickli "Unassigned don't find the mainteam name from G_parameter"
2023-01-19 07:46:28 I Osbor get_multipickli "Unassigned don't find the mainteam name from G_parameter"
2023-01-19 07:47:05 I Osbor get_multipickli "Unassigned don't find the mainteam name from G_parameter"
2023-01-19 07:47:42 I Osbor get_multipickli "Unassigned don't find the mainteam name from G_parameter"
2023-01-19 07:48:04 I Osbor get_multipickli "Unassigned don't find the mainteam name from G_parameter"
2023-01-19 07:48:45 I Osbor get_multipickli "Unassigned don't find the mainteam name from G_parameter"
2023-01-19 07:49:05 I Osbor get_multipickli "Unassigned don't find the mainteam name from G_parameter"
2023-01-19 07:49:26 I Osbor get_multipickli "Unassigned don't find the mainteam name from G_parameter"
2023-01-19 07:56:18 I Osbor get_multipickli "Unassigned don't find the mainteam name from G_parameter"
2023-01-19 07:56:18 I Osbor Print           "DROP TABLE IF EXISTS allrequirements:successful"
2023-01-19 07:56:18 I Osbor Print           "DROP TABLE IF EXISTS allcoverage:successful"
2023-01-19 07:56:18 I Osbor Print           "CREATE TABLE IF NOT EXISTS requirements (                        rel TEXT, status TEXT, count INT, date TEXT) ENGINE=InnoDB DEFAULT CHARSET=utf8:successful"
2023-01-19 07:56:18 I Osbor Print           "CREATE TABLE IF NOT EXISTS allrequirements (                        id INT, uniqueid TEXT, name TEXT, status TEXT, rel TEXT, upstream TEXT, downstream TEXT, team TEXT, test_status TEXT) ENGINE=InnoDB DEFAULT CHARSET=utf8:successful"
2023-01-19 07:56:18 I Osbor Print           "CREATE TABLE IF NOT EXISTS coverage (                        team text, covered int, expected int, date text) ENGINE=InnoDB DEFAULT CHARSET=utf8:successful"
2023-01-19 07:56:19 I Osbor Print           "CREATE TABLE IF NOT EXISTS allcoverage (                        id INT, uniqueid TEXT, name TEXT, status TEXT, rel TEXT, verify TEXT, missing TEXT) ENGINE=InnoDB DEFAULT CHARSET=utf8:successful"
2023-01-19 07:56:19 I Osbor Print           "DELETE FROM requirements WHERE date='2023-01-19':successful"
2023-01-19 07:56:19 I Osbor Print           "DELETE FROM coverage WHERE date='2023-01-19':successful"
2023-01-19 07:56:19 I Osbor Print           "INSERT INTO requirements (rel, status, count, date) SELECT rel, status, count((@rn := @rn + 1)) as count, '2023-01-19' as date FROM allrequirements cross join (select @rn := 0) const GROUP BY rel, status:successful"
2023-01-19 07:56:20 I Osbor Print           "CREATE TABLE IF NOT EXISTS feattest (rel TEXT, status TEXT, count TEXT, date TEXT) ENGINE=InnoDB DEFAULT CHARSET=utf8:successful"
2023-01-19 07:56:20 I Osbor Print           "CREATE TABLE IF NOT EXISTS reqtest (rel TEXT, status TEXT, count TEXT, date TEXT) ENGINE=InnoDB DEFAULT CHARSET=utf8:successful"
2023-01-19 07:56:20 I Osbor Print           "SELECT id FROM allfeatures:successful"
2023-01-19 07:56:20 I Osbor Print           "SELECT id,upstream,downstream,team FROM allrequirements:successful"
2023-01-19 07:56:20 I Osbor Print           "SELECT id FROM allcoverage:successful"
2023-01-19 07:56:20 I Osbor Print           "SELECT * FROM testcases:successful"
