2023-01-19 03:18:05 I Platf Print           "Connet 20396 successfully!!!"
2023-01-19 03:18:05 I Platf Get_alltests    "Get project name:Platform Audio id:20396 all testplans"
2023-01-19 03:18:16 I Platf Get_alltests    "{4048261: {'id': 4048261, 'name': 'Audio Test Plan', 'archived': False, 'index': '4048261:Audio Test Plan'}, 7371315: {'id': 7371315, 'name': 'Project Test Plan', 'archived': False, 'index': '7371315:Project Test Plan'}}"
2023-01-19 03:18:16 I Platf Get_alltests    "Get project name:Platform Audio id:20396 all testplans successful!!!"
2023-01-19 03:20:53 I Platf tidy_alltestcas "34"
2023-01-19 03:21:34 I Platf Print           "DROP TABLE IF EXISTS testcases:successful"
2023-01-19 03:21:34 I Platf Print           "CREATE TABLE IF NOT EXISTS testcases (                             testplan_id INT,                             testplan_name TEXT,                             testgroup_id INT,                             testgroup_name TEXT,                             testcycle_id INT,                             testcycle_name TEXT,                             rel TEXT,                             id INT,                             uniqueid TEXT,                             name TEXT,                             status TEXT,                             upstream TEXT,                             downstream TEXT,                             executionDate TEXT) ENGINE=InnoDB DEFAULT CHARSET=utf8:successful"
2023-01-19 03:21:34 I Platf update_database "Insert testcases table successful"
2023-01-19 03:21:34 I Platf Print           "CREATE TABLE IF NOT EXISTS tests (                             testplan_id INT,                             testplan_name TEXT,                             testplan_status TEXT,                             rel TEXT, status TEXT,                             count INT, date TEXT) ENGINE=InnoDB DEFAULT CHARSET=utf8:successful"
2023-01-19 03:21:34 I Platf Print           "DELETE FROM tests WHERE date='2023-01-19':successful"
2023-01-19 03:21:34 I Platf Print           "SELECT testplan_id FROM tests GROUP BY testplan_id:successful"
2023-01-19 03:21:34 I Platf Print           "SELECT testplan_name FROM tests WHERE testplan_id=4048261 LIMIT 1:successful"
2023-01-19 03:21:34 I Platf Print           "UPDATE tests SET testplan_status='Active' WHERE testplan_id=4048261:successful"
2023-01-19 03:21:34 I Platf Print           "SELECT testplan_name FROM tests WHERE testplan_id=7371315 LIMIT 1:successful"
2023-01-19 03:21:34 I Platf Print           "UPDATE tests SET testplan_status='Active' WHERE testplan_id=7371315:successful"
2023-01-19 03:21:34 I Platf Print           "INSERT INTO tests (testplan_id, testplan_name, testplan_status, rel, status, count, date) SELECT testplan_id, testplan_name, 'Active' as testplan_status, rel, status, count((@rn := @rn + 1)) as count, '2023-01-19' as date FROM testcases cross join (select @rn := 0) const GROUP BY testplan_id, rel, status:successful"
2023-01-19 03:21:34 I Platf update_database "Insert tests table successful"
2023-01-19 03:21:34 I Platf Print           "CREATE TABLE IF NOT EXISTS testapproval (                                 rel TEXT, team TEXT, status TEXT, upstream TEXT, count INT, date TEXT                                 ) ENGINE=InnoDB DEFAULT CHARSET=utf8:successful"
2023-01-19 03:21:34 I Platf Print           "DROP TABLE IF EXISTS alltestapproval:successful"
2023-01-19 03:21:34 I Platf Print           "CREATE TABLE IF NOT EXISTS alltestapproval (                                 id INT, uniqueid TEXT, name TEXT, status TEXT, rel TEXT, team TEXT, upstream TEXT                                 ) ENGINE=InnoDB DEFAULT CHARSET=utf8:successful"
2023-01-19 03:21:34 I Platf Print           "DELETE FROM testapproval WHERE date='2023-01-19':successful"
2023-01-19 03:21:34 I Platf Print           "INSERT INTO testapproval (rel, team, status, count, date, upstream) SELECT rel, team, status, count((@rn := @rn + 1)) as count, '2023-01-19' as date, upstream FROM alltestapproval cross join (select @rn := 0) const GROUP BY rel, team, status, upstream:successful"
2023-01-19 03:21:48 I Platf Get_allfeatuers "[]"
2023-01-19 03:21:48 I Platf Print           "CREATE TABLE IF NOT EXISTS features (                                rel TEXT, status TEXT, count INT, date TEXT) ENGINE=InnoDB DEFAULT CHARSET=utf8:successful"
2023-01-19 03:21:48 I Platf Print           "CREATE TABLE IF NOT EXISTS allfeatures (                                id INT, uniqueid TEXT, name TEXT, status TEXT, rel TEXT,test_status TEXT) ENGINE=InnoDB DEFAULT CHARSET=utf8:successful"
2023-01-19 03:21:48 I Platf Print           "DELETE FROM features WHERE date='2023-01-19':successful"
2023-01-19 03:21:48 I Platf Print           "DELETE FROM allfeatures WHERE id=19297583:successful"
2023-01-19 03:21:48 I Platf Print           "DELETE FROM allfeatures WHERE id=19296308:successful"
2023-01-19 03:21:48 I Platf Print           "DELETE FROM allfeatures WHERE id=19296302:successful"
2023-01-19 03:21:48 I Platf Print           "DELETE FROM allfeatures WHERE id=19296298:successful"
2023-01-19 03:21:48 I Platf Print           "DELETE FROM allfeatures WHERE id=19296162:successful"
2023-01-19 03:21:48 I Platf Print           "DELETE FROM allfeatures WHERE id=18903194:successful"
2023-01-19 03:21:48 I Platf Print           "DELETE FROM allfeatures WHERE id=18796457:successful"
2023-01-19 03:21:48 I Platf Print           "DELETE FROM allfeatures WHERE id=18796455:successful"
2023-01-19 03:21:48 I Platf Print           "DELETE FROM allfeatures WHERE id=18663833:successful"
2023-01-19 03:21:48 I Platf Print           "DELETE FROM allfeatures WHERE id=18651824:successful"
2023-01-19 03:21:48 I Platf Print           "DELETE FROM allfeatures WHERE id=18651805:successful"
2023-01-19 03:21:48 I Platf Print           "DELETE FROM allfeatures WHERE id=18453270:successful"
2023-01-19 03:21:48 I Platf Print           "DELETE FROM allfeatures WHERE id=18453268:successful"
2023-01-19 03:21:48 I Platf Print           "DELETE FROM allfeatures WHERE id=18453267:successful"
2023-01-19 03:21:48 I Platf Print           "DELETE FROM allfeatures WHERE id=18452234:successful"
2023-01-19 03:21:48 I Platf Print           "DELETE FROM allfeatures WHERE id=18452227:successful"
2023-01-19 03:21:48 I Platf Print           "DELETE FROM allfeatures WHERE id=18451958:successful"
2023-01-19 03:21:48 I Platf Print           "DELETE FROM allfeatures WHERE id=18451870:successful"
2023-01-19 03:21:48 I Platf Print           "DELETE FROM allfeatures WHERE id=18449929:successful"
2023-01-19 03:21:48 I Platf Print           "DELETE FROM allfeatures WHERE id=18449928:successful"
2023-01-19 03:21:48 I Platf Print           "DELETE FROM allfeatures WHERE id=18441742:successful"
2023-01-19 03:21:48 I Platf Print           "DELETE FROM allfeatures WHERE id=18280213:successful"
2023-01-19 03:21:48 I Platf Print           "DELETE FROM allfeatures WHERE id=17887413:successful"
2023-01-19 03:21:48 I Platf Print           "DELETE FROM allfeatures WHERE id=17860490:successful"
2023-01-19 03:21:48 I Platf Print           "DELETE FROM allfeatures WHERE id=17270642:successful"
2023-01-19 03:21:48 I Platf Print           "DELETE FROM allfeatures WHERE id=17199767:successful"
2023-01-19 03:21:48 I Platf Print           "DELETE FROM allfeatures WHERE id=16818154:successful"
2023-01-19 03:21:48 I Platf Print           "DELETE FROM allfeatures WHERE id=16797442:successful"
2023-01-19 03:21:48 I Platf Print           "DELETE FROM allfeatures WHERE id=16797198:successful"
2023-01-19 03:21:48 I Platf Print           "DELETE FROM allfeatures WHERE id=16716069:successful"
2023-01-19 03:21:48 I Platf Print           "DELETE FROM allfeatures WHERE id=16716065:successful"
2023-01-19 03:21:48 I Platf Print           "DELETE FROM allfeatures WHERE id=16668586:successful"
2023-01-19 03:21:48 I Platf Print           "DELETE FROM allfeatures WHERE id=15659508:successful"
2023-01-19 03:21:48 I Platf Print           "DELETE FROM allfeatures WHERE id=14776629:successful"
2023-01-19 03:21:48 I Platf Print           "DELETE FROM allfeatures WHERE id=13999176:successful"
2023-01-19 03:21:48 I Platf Print           "DELETE FROM allfeatures WHERE id=13927665:successful"
2023-01-19 03:21:48 I Platf Print           "DELETE FROM allfeatures WHERE id=13847532:successful"
2023-01-19 03:21:48 I Platf Print           "DELETE FROM allfeatures WHERE id=13772670:successful"
2023-01-19 03:21:48 I Platf Print           "DELETE FROM allfeatures WHERE id=13591098:successful"
2023-01-19 03:21:48 I Platf Print           "DELETE FROM allfeatures WHERE id=10319781:successful"
2023-01-19 03:21:48 I Platf Print           "DELETE FROM allfeatures WHERE id=9873450:successful"
2023-01-19 03:21:48 I Platf Print           "DELETE FROM allfeatures WHERE id=8880511:successful"
2023-01-19 03:21:48 I Platf Print           "DELETE FROM allfeatures WHERE id=8880508:successful"
2023-01-19 03:21:48 I Platf Print           "DELETE FROM allfeatures WHERE id=8880019:successful"
2023-01-19 03:21:48 I Platf Print           "DELETE FROM allfeatures WHERE id=8623168:successful"
2023-01-19 03:21:48 I Platf Print           "DELETE FROM allfeatures WHERE id=8590906:successful"
2023-01-19 03:21:48 I Platf Print           "DELETE FROM allfeatures WHERE id=7585397:successful"
2023-01-19 03:21:48 I Platf Print           "DELETE FROM allfeatures WHERE id=7585396:successful"
2023-01-19 03:21:48 I Platf Print           "DELETE FROM allfeatures WHERE id=7585395:successful"
2023-01-19 03:21:48 I Platf Print           "DELETE FROM allfeatures WHERE id=7528980:successful"
2023-01-19 03:21:48 I Platf Print           "DELETE FROM allfeatures WHERE id=7296886:successful"
2023-01-19 03:21:48 I Platf Print           "DELETE FROM allfeatures WHERE id=7166233:successful"
2023-01-19 03:21:48 I Platf Print           "DELETE FROM allfeatures WHERE id=7163196:successful"
2023-01-19 03:21:48 I Platf Print           "DELETE FROM allfeatures WHERE id=7163195:successful"
2023-01-19 03:21:48 I Platf Print           "DELETE FROM allfeatures WHERE id=7100343:successful"
2023-01-19 03:21:48 I Platf Print           "INSERT INTO features (rel, status, count, date)                                 SELECT rel, status, count((@rn := @rn + 1)) as count, '2023-01-19' as date FROM allfeatures cross join (select @rn := 0) const GROUP BY rel, status:successful"
2023-01-19 03:21:53 I Platf Get_allchangere "[]"
2023-01-19 03:21:53 I Platf Print           "CREATE TABLE IF NOT EXISTS changes (                                 rel TEXT, status TEXT, priority TEXT,                                 requester TEXT, date TEXT, count INT) ENGINE=InnoDB DEFAULT CHARSET=utf8:successful"
2023-01-19 03:21:53 I Platf Print           "CREATE TABLE IF NOT EXISTS allchanges (                                 id INT, uniqueid TEXT, name TEXT,                                 status TEXT, rel TEXT, priority TEXT,                                 requester TEXT) ENGINE=InnoDB DEFAULT CHARSET=utf8:successful"
2023-01-19 03:21:53 I Platf Print           "DELETE FROM changes WHERE date='2023-01-19':successful"
2023-01-19 03:21:53 I Platf Print           "INSERT INTO changes (                                 rel, status, priority, requester, date, count)                                 SELECT rel, status, priority, requester, '2023-01-19' as date, count((@rn := @rn + 1)) as count FROM allchanges                                 cross join (select @rn := 0) const GROUP BY rel, status, priority, requester:successful"
2023-01-19 03:22:07 I Platf Print           "CREATE TABLE IF NOT EXISTS designspec (                            rel TEXT, team TEXT, status TEXT, count INT, date text) ENGINE=InnoDB DEFAULT CHARSET=utf8:successful"
2023-01-19 03:22:07 I Platf Print           "CREATE TABLE IF NOT EXISTS alldesignspec (                             id INT, uniqueid TEXT, name TEXT, status TEXT, rel TEXT, team TEXT) ENGINE=InnoDB DEFAULT CHARSET=utf8:successful"
2023-01-19 03:22:07 I Platf Print           "DELETE FROM designspec WHERE date='2023-01-19':successful"
2023-01-19 03:22:07 I Platf Print           "INSERT INTO designspec (rel, team, status, count, date) SELECT rel, team, status, count((@rn := @rn + 1)) as count, '2023-01-19' as date FROM alldesignspec cross join (select @rn := 0) const GROUP BY rel, team, status:successful"
2023-01-19 03:22:13 I Platf Get_alluserstor "[]"
2023-01-19 03:22:13 I Platf Print           "CREATE TABLE IF NOT EXISTS userstories (                 rel TEXT, status TEXT, count INT, date TEXT) ENGINE=InnoDB DEFAULT CHARSET=utf8:successful"
2023-01-19 03:22:14 I Platf Print           "CREATE TABLE IF NOT EXISTS alluserstories (                 id INT, uniqueid TEXT, name TEXT, status TEXT, rel TEXT) ENGINE=InnoDB DEFAULT CHARSET=utf8:successful"
2023-01-19 03:22:14 I Platf Print           "DELETE FROM userstories WHERE date='2023-01-19':successful"
2023-01-19 03:22:14 I Platf Print           "INSERT INTO userstories (rel, status, count, date) SELECT rel, status, count((@rn := @rn + 1)) as count, '2023-01-19' as date FROM alluserstories cross join (select @rn := 0) const GROUP BY rel, status:successful"
2023-01-19 03:22:20 I Platf Get_alldefects  "[]"
2023-01-19 03:22:20 I Platf Print           "CREATE TABLE IF NOT EXISTS defects (                     rel TEXT, team TEXT, status TEXT, priority TEXT, count INT, date TEXT) ENGINE=InnoDB DEFAULT CHARSET=utf8:successful"
2023-01-19 03:22:20 I Platf Print           "CREATE TABLE IF NOT EXISTS alldefects (                     id INT, uniqueid TEXT, name TEXT, status TEXT, rel TEXT, team TEXT, priority TEXT, jira TEXT, upstream TEXT) ENGINE=InnoDB DEFAULT CHARSET=utf8:successful"
2023-01-19 03:22:20 I Platf Print           "DELETE FROM defects WHERE date='2023-01-19':successful"
2023-01-19 03:22:20 I Platf Print           "INSERT INTO defects (rel, team, status, count, date, priority) SELECT rel, team, status, count((@rn := @rn + 1)) as count, '2023-01-19' as date, priority FROM alldefects cross join (select @rn := 0) const GROUP BY rel, team, status, priority:successful"
2023-01-19 03:30:47 I Platf get_multipickli "Unassigned don't find the mainteam name from G_parameter"
2023-01-19 03:31:09 I Platf get_multipickli "Unassigned don't find the mainteam name from G_parameter"
2023-01-19 03:35:47 I Platf get_multipickli "Unassigned don't find the mainteam name from G_parameter"
2023-01-19 03:40:41 I Platf get_multipickli "Unassigned don't find the mainteam name from G_parameter"
2023-01-19 03:40:50 I Platf get_multipickli "Unassigned don't find the mainteam name from G_parameter"
2023-01-19 03:41:01 I Platf get_multipickli "Unassigned don't find the mainteam name from G_parameter"
2023-01-19 03:41:08 I Platf get_multipickli "Unassigned don't find the mainteam name from G_parameter"
2023-01-19 03:41:12 I Platf get_multipickli "Unassigned don't find the mainteam name from G_parameter"
2023-01-19 03:41:23 I Platf get_multipickli "Unassigned don't find the mainteam name from G_parameter"
2023-01-19 03:41:29 I Platf get_multipickli "Unassigned don't find the mainteam name from G_parameter"
2023-01-19 03:41:32 I Platf get_multipickli "Unassigned don't find the mainteam name from G_parameter"
2023-01-19 04:00:42 I Platf get_multipickli "Unassigned don't find the mainteam name from G_parameter"
2023-01-19 04:00:46 I Platf get_multipickli "Unassigned don't find the mainteam name from G_parameter"
2023-01-19 04:00:51 I Platf get_multipickli "Unassigned don't find the mainteam name from G_parameter"
2023-01-19 04:00:57 I Platf get_multipickli "Unassigned don't find the mainteam name from G_parameter"
2023-01-19 04:01:02 I Platf get_multipickli "Unassigned don't find the mainteam name from G_parameter"
2023-01-19 04:01:08 I Platf get_multipickli "Unassigned don't find the mainteam name from G_parameter"
2023-01-19 04:01:14 I Platf get_multipickli "Unassigned don't find the mainteam name from G_parameter"
2023-01-19 04:02:09 I Platf get_multipickli "Unassigned don't find the mainteam name from G_parameter"
2023-01-19 04:02:14 I Platf get_multipickli "Unassigned don't find the mainteam name from G_parameter"
2023-01-19 04:02:19 I Platf get_multipickli "Unassigned don't find the mainteam name from G_parameter"
2023-01-19 04:03:57 I Platf get_multipickli "Unassigned don't find the mainteam name from G_parameter"
2023-01-19 04:06:44 I Platf get_multipickli "Unassigned don't find the mainteam name from G_parameter"
2023-01-19 04:07:24 I Platf get_multipickli "Unassigned don't find the mainteam name from G_parameter"
2023-01-19 04:08:03 I Platf get_multipickli "Unassigned don't find the mainteam name from G_parameter"
2023-01-19 04:08:42 I Platf get_multipickli "Unassigned don't find the mainteam name from G_parameter"
2023-01-19 04:09:26 I Platf get_multipickli "Unassigned don't find the mainteam name from G_parameter"
2023-01-19 04:10:04 I Platf get_multipickli "Unassigned don't find the mainteam name from G_parameter"
2023-01-19 04:15:03 I Platf get_multipickli "Unassigned don't find the mainteam name from G_parameter"
2023-01-19 04:16:04 I Platf get_multipickli "Unassigned don't find the mainteam name from G_parameter"
2023-01-19 04:16:21 I Platf get_multipickli "Unassigned don't find the mainteam name from G_parameter"
2023-01-19 04:17:28 I Platf get_multipickli "Unassigned don't find the mainteam name from G_parameter"
2023-01-19 04:17:50 I Platf get_multipickli "Unassigned don't find the mainteam name from G_parameter"
2023-01-19 04:18:18 I Platf get_multipickli "Unassigned don't find the mainteam name from G_parameter"
2023-01-19 04:18:34 I Platf get_multipickli "Unassigned don't find the mainteam name from G_parameter"
2023-01-19 04:18:42 I Platf get_multipickli "Unassigned don't find the mainteam name from G_parameter"
2023-01-19 04:18:48 I Platf get_multipickli "Unassigned don't find the mainteam name from G_parameter"
2023-01-19 04:18:58 I Platf get_multipickli "Unassigned don't find the mainteam name from G_parameter"
2023-01-19 04:19:21 I Platf get_multipickli "Unassigned don't find the mainteam name from G_parameter"
2023-01-19 04:19:40 I Platf get_multipickli "Unassigned don't find the mainteam name from G_parameter"
2023-01-19 04:19:59 I Platf get_multipickli "Unassigned don't find the mainteam name from G_parameter"
2023-01-19 04:20:41 I Platf get_multipickli "Unassigned don't find the mainteam name from G_parameter"
2023-01-19 04:21:02 I Platf get_multipickli "Unassigned don't find the mainteam name from G_parameter"
2023-01-19 04:21:48 I Platf get_multipickli "Unassigned don't find the mainteam name from G_parameter"
2023-01-19 04:23:01 I Platf get_multipickli "Unassigned don't find the mainteam name from G_parameter"
2023-01-19 04:23:20 I Platf get_multipickli "Unassigned don't find the mainteam name from G_parameter"
2023-01-19 04:23:27 I Platf get_multipickli "Unassigned don't find the mainteam name from G_parameter"
2023-01-19 04:23:35 I Platf get_multipickli "Unassigned don't find the mainteam name from G_parameter"
2023-01-19 04:23:42 I Platf get_multipickli "Unassigned don't find the mainteam name from G_parameter"
2023-01-19 04:23:47 I Platf get_multipickli "Unassigned don't find the mainteam name from G_parameter"
2023-01-19 04:23:52 I Platf get_multipickli "Unassigned don't find the mainteam name from G_parameter"
2023-01-19 04:23:57 I Platf get_multipickli "Unassigned don't find the mainteam name from G_parameter"
2023-01-19 04:24:02 I Platf get_multipickli "Unassigned don't find the mainteam name from G_parameter"
2023-01-19 04:24:07 I Platf get_multipickli "Unassigned don't find the mainteam name from G_parameter"
2023-01-19 04:24:13 I Platf get_multipickli "Unassigned don't find the mainteam name from G_parameter"
2023-01-19 04:24:23 I Platf get_multipickli "Unassigned don't find the mainteam name from G_parameter"
2023-01-19 04:24:31 I Platf get_multipickli "Unassigned don't find the mainteam name from G_parameter"
2023-01-19 04:24:41 I Platf get_multipickli "Unassigned don't find the mainteam name from G_parameter"
2023-01-19 04:24:48 I Platf get_multipickli "Unassigned don't find the mainteam name from G_parameter"
2023-01-19 04:24:53 I Platf get_multipickli "Unassigned don't find the mainteam name from G_parameter"
2023-01-19 04:24:59 I Platf get_multipickli "Unassigned don't find the mainteam name from G_parameter"
2023-01-19 04:25:03 I Platf get_multipickli "Unassigned don't find the mainteam name from G_parameter"
2023-01-19 04:25:13 I Platf get_multipickli "Unassigned don't find the mainteam name from G_parameter"
2023-01-19 04:25:25 I Platf get_multipickli "Unassigned don't find the mainteam name from G_parameter"
2023-01-19 04:25:36 I Platf get_multipickli "Unassigned don't find the mainteam name from G_parameter"
2023-01-19 04:25:47 I Platf get_multipickli "Unassigned don't find the mainteam name from G_parameter"
2023-01-19 04:25:58 I Platf get_multipickli "Unassigned don't find the mainteam name from G_parameter"
2023-01-19 04:26:05 I Platf get_multipickli "Unassigned don't find the mainteam name from G_parameter"
2023-01-19 04:26:11 I Platf get_multipickli "Unassigned don't find the mainteam name from G_parameter"
2023-01-19 04:26:15 I Platf get_multipickli "Unassigned don't find the mainteam name from G_parameter"
2023-01-19 04:26:23 I Platf get_multipickli "Unassigned don't find the mainteam name from G_parameter"
2023-01-19 04:26:33 I Platf get_multipickli "Unassigned don't find the mainteam name from G_parameter"
2023-01-19 04:26:43 I Platf get_multipickli "Unassigned don't find the mainteam name from G_parameter"
2023-01-19 04:26:51 I Platf get_multipickli "Unassigned don't find the mainteam name from G_parameter"
2023-01-19 04:26:59 I Platf get_multipickli "Unassigned don't find the mainteam name from G_parameter"
2023-01-19 04:27:04 I Platf get_multipickli "Unassigned don't find the mainteam name from G_parameter"
2023-01-19 04:27:08 I Platf get_multipickli "Unassigned don't find the mainteam name from G_parameter"
2023-01-19 04:27:14 I Platf get_multipickli "Unassigned don't find the mainteam name from G_parameter"
2023-01-19 04:27:19 I Platf get_multipickli "Unassigned don't find the mainteam name from G_parameter"
2023-01-19 04:27:26 I Platf get_multipickli "Unassigned don't find the mainteam name from G_parameter"
2023-01-19 04:27:32 I Platf get_multipickli "Unassigned don't find the mainteam name from G_parameter"
2023-01-19 04:27:37 I Platf get_multipickli "Unassigned don't find the mainteam name from G_parameter"
2023-01-19 04:27:44 I Platf get_multipickli "Unassigned don't find the mainteam name from G_parameter"
2023-01-19 04:27:51 I Platf get_multipickli "Unassigned don't find the mainteam name from G_parameter"
2023-01-19 04:27:56 I Platf get_multipickli "Unassigned don't find the mainteam name from G_parameter"
2023-01-19 04:28:03 I Platf get_multipickli "Unassigned don't find the mainteam name from G_parameter"
2023-01-19 04:28:32 I Platf get_multipickli "Unassigned don't find the mainteam name from G_parameter"
2023-01-19 04:28:36 I Platf get_multipickli "Unassigned don't find the mainteam name from G_parameter"
2023-01-19 04:28:43 I Platf get_multipickli "Unassigned don't find the mainteam name from G_parameter"
2023-01-19 04:28:49 I Platf get_multipickli "Unassigned don't find the mainteam name from G_parameter"
2023-01-19 04:28:53 I Platf get_multipickli "Unassigned don't find the mainteam name from G_parameter"
2023-01-19 04:28:58 I Platf get_multipickli "Unassigned don't find the mainteam name from G_parameter"
2023-01-19 04:29:04 I Platf get_multipickli "Unassigned don't find the mainteam name from G_parameter"
2023-01-19 04:30:17 I Platf get_multipickli "Unassigned don't find the mainteam name from G_parameter"
2023-01-19 04:30:39 I Platf get_multipickli "Unassigned don't find the mainteam name from G_parameter"
2023-01-19 04:30:59 I Platf get_multipickli "Unassigned don't find the mainteam name from G_parameter"
2023-01-19 04:31:20 I Platf get_multipickli "Unassigned don't find the mainteam name from G_parameter"
2023-01-19 04:31:38 I Platf get_multipickli "Unassigned don't find the mainteam name from G_parameter"
2023-01-19 04:31:46 I Platf get_multipickli "Unassigned don't find the mainteam name from G_parameter"
2023-01-19 04:33:05 I Platf get_multipickli "Unassigned don't find the mainteam name from G_parameter"
2023-01-19 04:33:11 I Platf get_multipickli "Unassigned don't find the mainteam name from G_parameter"
2023-01-19 04:33:16 I Platf get_multipickli "Unassigned don't find the mainteam name from G_parameter"
2023-01-19 04:33:22 I Platf get_multipickli "Unassigned don't find the mainteam name from G_parameter"
2023-01-19 04:33:28 I Platf get_multipickli "Unassigned don't find the mainteam name from G_parameter"
2023-01-19 04:33:33 I Platf get_multipickli "Unassigned don't find the mainteam name from G_parameter"
2023-01-19 04:33:39 I Platf get_multipickli "Unassigned don't find the mainteam name from G_parameter"
2023-01-19 04:34:57 I Platf Print           "DROP TABLE IF EXISTS allrequirements:successful"
2023-01-19 04:34:57 I Platf Print           "DROP TABLE IF EXISTS allcoverage:successful"
2023-01-19 04:34:57 I Platf Print           "CREATE TABLE IF NOT EXISTS requirements (                        rel TEXT, status TEXT, count INT, date TEXT) ENGINE=InnoDB DEFAULT CHARSET=utf8:successful"
2023-01-19 04:34:57 I Platf Print           "CREATE TABLE IF NOT EXISTS allrequirements (                        id INT, uniqueid TEXT, name TEXT, status TEXT, rel TEXT, upstream TEXT, downstream TEXT, team TEXT, test_status TEXT) ENGINE=InnoDB DEFAULT CHARSET=utf8:successful"
2023-01-19 04:34:57 I Platf Print           "CREATE TABLE IF NOT EXISTS coverage (                        team text, covered int, expected int, date text) ENGINE=InnoDB DEFAULT CHARSET=utf8:successful"
2023-01-19 04:34:57 I Platf Print           "CREATE TABLE IF NOT EXISTS allcoverage (                        id INT, uniqueid TEXT, name TEXT, status TEXT, rel TEXT, verify TEXT, missing TEXT) ENGINE=InnoDB DEFAULT CHARSET=utf8:successful"
2023-01-19 04:34:57 I Platf Print           "DELETE FROM requirements WHERE date='2023-01-19':successful"
2023-01-19 04:34:57 I Platf Print           "DELETE FROM coverage WHERE date='2023-01-19':successful"
2023-01-19 04:34:57 I Platf Print           "INSERT INTO requirements (rel, status, count, date) SELECT rel, status, count((@rn := @rn + 1)) as count, '2023-01-19' as date FROM allrequirements cross join (select @rn := 0) const GROUP BY rel, status:successful"
2023-01-19 04:34:57 I Platf Print           "CREATE TABLE IF NOT EXISTS feattest (rel TEXT, status TEXT, count TEXT, date TEXT) ENGINE=InnoDB DEFAULT CHARSET=utf8:successful"
2023-01-19 04:34:57 I Platf Print           "CREATE TABLE IF NOT EXISTS reqtest (rel TEXT, status TEXT, count TEXT, date TEXT) ENGINE=InnoDB DEFAULT CHARSET=utf8:successful"
2023-01-19 04:34:58 I Platf Print           "SELECT id FROM allfeatures:successful"
2023-01-19 04:34:58 I Platf Print           "SELECT id,upstream,downstream,team FROM allrequirements:successful"
2023-01-19 04:34:58 I Platf Print           "SELECT id FROM allcoverage:successful"
2023-01-19 04:34:58 I Platf Print           "SELECT * FROM testcases:successful"
2023-01-19 05:19:51 I Platf Print           "Connet 20396 successfully!!!"
2023-01-19 05:19:51 I Platf Get_alltests    "Get project name:Platform Audio id:20396 all testplans"
2023-01-19 05:19:53 I Platf Get_alltests    "{4048261: {'id': 4048261, 'name': 'Audio Test Plan', 'archived': False, 'index': '4048261:Audio Test Plan'}, 7371315: {'id': 7371315, 'name': 'Project Test Plan', 'archived': False, 'index': '7371315:Project Test Plan'}}"
2023-01-19 05:19:53 I Platf Get_alltests    "Get project name:Platform Audio id:20396 all testplans successful!!!"
2023-01-19 05:23:02 I Platf tidy_alltestcas "34"
2023-01-19 05:24:16 I Platf Print           "DROP TABLE IF EXISTS testcases:successful"
2023-01-19 05:24:16 I Platf Print           "CREATE TABLE IF NOT EXISTS testcases (                             testplan_id INT,                             testplan_name TEXT,                             testgroup_id INT,                             testgroup_name TEXT,                             testcycle_id INT,                             testcycle_name TEXT,                             rel TEXT,                             id INT,                             uniqueid TEXT,                             name TEXT,                             status TEXT,                             upstream TEXT,                             downstream TEXT,                             executionDate TEXT) ENGINE=InnoDB DEFAULT CHARSET=utf8:successful"
2023-01-19 05:24:16 I Platf update_database "Insert testcases table successful"
2023-01-19 05:24:16 I Platf Print           "CREATE TABLE IF NOT EXISTS tests (                             testplan_id INT,                             testplan_name TEXT,                             testplan_status TEXT,                             rel TEXT, status TEXT,                             count INT, date TEXT) ENGINE=InnoDB DEFAULT CHARSET=utf8:successful"
2023-01-19 05:24:16 I Platf Print           "DELETE FROM tests WHERE date='2023-01-19':successful"
2023-01-19 05:24:16 I Platf Print           "SELECT testplan_id FROM tests GROUP BY testplan_id:successful"
2023-01-19 05:24:16 I Platf Print           "SELECT testplan_name FROM tests WHERE testplan_id=4048261 LIMIT 1:successful"
2023-01-19 05:24:16 I Platf Print           "UPDATE tests SET testplan_status='Active' WHERE testplan_id=4048261:successful"
2023-01-19 05:24:16 I Platf Print           "SELECT testplan_name FROM tests WHERE testplan_id=7371315 LIMIT 1:successful"
2023-01-19 05:24:17 I Platf Print           "UPDATE tests SET testplan_status='Active' WHERE testplan_id=7371315:successful"
2023-01-19 05:24:17 I Platf Print           "INSERT INTO tests (testplan_id, testplan_name, testplan_status, rel, status, count, date) SELECT testplan_id, testplan_name, 'Active' as testplan_status, rel, status, count((@rn := @rn + 1)) as count, '2023-01-19' as date FROM testcases cross join (select @rn := 0) const GROUP BY testplan_id, rel, status:successful"
2023-01-19 05:24:17 I Platf update_database "Insert tests table successful"
2023-01-19 05:24:17 I Platf Print           "CREATE TABLE IF NOT EXISTS testapproval (                                 rel TEXT, team TEXT, status TEXT, upstream TEXT, count INT, date TEXT                                 ) ENGINE=InnoDB DEFAULT CHARSET=utf8:successful"
2023-01-19 05:24:17 I Platf Print           "DROP TABLE IF EXISTS alltestapproval:successful"
2023-01-19 05:24:17 I Platf Print           "CREATE TABLE IF NOT EXISTS alltestapproval (                                 id INT, uniqueid TEXT, name TEXT, status TEXT, rel TEXT, team TEXT, upstream TEXT                                 ) ENGINE=InnoDB DEFAULT CHARSET=utf8:successful"
2023-01-19 05:24:17 I Platf Print           "DELETE FROM testapproval WHERE date='2023-01-19':successful"
2023-01-19 05:24:17 I Platf Print           "INSERT INTO testapproval (rel, team, status, count, date, upstream) SELECT rel, team, status, count((@rn := @rn + 1)) as count, '2023-01-19' as date, upstream FROM alltestapproval cross join (select @rn := 0) const GROUP BY rel, team, status, upstream:successful"
2023-01-19 05:24:53 I Platf Get_allfeatuers "[]"
2023-01-19 05:24:53 I Platf Print           "CREATE TABLE IF NOT EXISTS features (                                rel TEXT, status TEXT, count INT, date TEXT) ENGINE=InnoDB DEFAULT CHARSET=utf8:successful"
2023-01-19 05:24:53 I Platf Print           "CREATE TABLE IF NOT EXISTS allfeatures (                                id INT, uniqueid TEXT, name TEXT, status TEXT, rel TEXT,test_status TEXT) ENGINE=InnoDB DEFAULT CHARSET=utf8:successful"
2023-01-19 05:24:53 I Platf Print           "DELETE FROM features WHERE date='2023-01-19':successful"
2023-01-19 05:24:53 I Platf Print           "DELETE FROM allfeatures WHERE id=19297583:successful"
2023-01-19 05:24:53 I Platf Print           "DELETE FROM allfeatures WHERE id=19296308:successful"
2023-01-19 05:24:53 I Platf Print           "DELETE FROM allfeatures WHERE id=19296302:successful"
2023-01-19 05:24:53 I Platf Print           "DELETE FROM allfeatures WHERE id=19296298:successful"
2023-01-19 05:24:53 I Platf Print           "DELETE FROM allfeatures WHERE id=19296162:successful"
2023-01-19 05:24:53 I Platf Print           "DELETE FROM allfeatures WHERE id=18903194:successful"
2023-01-19 05:24:53 I Platf Print           "DELETE FROM allfeatures WHERE id=18796457:successful"
2023-01-19 05:24:53 I Platf Print           "DELETE FROM allfeatures WHERE id=18796455:successful"
2023-01-19 05:24:53 I Platf Print           "DELETE FROM allfeatures WHERE id=18663833:successful"
2023-01-19 05:24:53 I Platf Print           "DELETE FROM allfeatures WHERE id=18651824:successful"
2023-01-19 05:24:53 I Platf Print           "DELETE FROM allfeatures WHERE id=18651805:successful"
2023-01-19 05:24:53 I Platf Print           "DELETE FROM allfeatures WHERE id=18453270:successful"
2023-01-19 05:24:53 I Platf Print           "DELETE FROM allfeatures WHERE id=18453268:successful"
2023-01-19 05:24:53 I Platf Print           "DELETE FROM allfeatures WHERE id=18453267:successful"
2023-01-19 05:24:53 I Platf Print           "DELETE FROM allfeatures WHERE id=18452234:successful"
2023-01-19 05:24:53 I Platf Print           "DELETE FROM allfeatures WHERE id=18452227:successful"
2023-01-19 05:24:53 I Platf Print           "DELETE FROM allfeatures WHERE id=18451958:successful"
2023-01-19 05:24:53 I Platf Print           "DELETE FROM allfeatures WHERE id=18451870:successful"
2023-01-19 05:24:53 I Platf Print           "DELETE FROM allfeatures WHERE id=18449929:successful"
2023-01-19 05:24:53 I Platf Print           "DELETE FROM allfeatures WHERE id=18449928:successful"
2023-01-19 05:24:53 I Platf Print           "DELETE FROM allfeatures WHERE id=18441742:successful"
2023-01-19 05:24:53 I Platf Print           "DELETE FROM allfeatures WHERE id=18280213:successful"
2023-01-19 05:24:53 I Platf Print           "DELETE FROM allfeatures WHERE id=17887413:successful"
2023-01-19 05:24:53 I Platf Print           "DELETE FROM allfeatures WHERE id=17860490:successful"
2023-01-19 05:24:53 I Platf Print           "DELETE FROM allfeatures WHERE id=17270642:successful"
2023-01-19 05:24:53 I Platf Print           "DELETE FROM allfeatures WHERE id=17199767:successful"
2023-01-19 05:24:53 I Platf Print           "DELETE FROM allfeatures WHERE id=16818154:successful"
2023-01-19 05:24:53 I Platf Print           "DELETE FROM allfeatures WHERE id=16797442:successful"
2023-01-19 05:24:53 I Platf Print           "DELETE FROM allfeatures WHERE id=16797198:successful"
2023-01-19 05:24:53 I Platf Print           "DELETE FROM allfeatures WHERE id=16716069:successful"
2023-01-19 05:24:53 I Platf Print           "DELETE FROM allfeatures WHERE id=16716065:successful"
2023-01-19 05:24:53 I Platf Print           "DELETE FROM allfeatures WHERE id=16668586:successful"
2023-01-19 05:24:53 I Platf Print           "DELETE FROM allfeatures WHERE id=15659508:successful"
2023-01-19 05:24:53 I Platf Print           "DELETE FROM allfeatures WHERE id=14776629:successful"
2023-01-19 05:24:53 I Platf Print           "DELETE FROM allfeatures WHERE id=13999176:successful"
2023-01-19 05:24:53 I Platf Print           "DELETE FROM allfeatures WHERE id=13927665:successful"
2023-01-19 05:24:53 I Platf Print           "DELETE FROM allfeatures WHERE id=13847532:successful"
2023-01-19 05:24:53 I Platf Print           "DELETE FROM allfeatures WHERE id=13772670:successful"
2023-01-19 05:24:53 I Platf Print           "DELETE FROM allfeatures WHERE id=13591098:successful"
2023-01-19 05:24:53 I Platf Print           "DELETE FROM allfeatures WHERE id=10319781:successful"
2023-01-19 05:24:53 I Platf Print           "DELETE FROM allfeatures WHERE id=9873450:successful"
2023-01-19 05:24:53 I Platf Print           "DELETE FROM allfeatures WHERE id=8880511:successful"
2023-01-19 05:24:53 I Platf Print           "DELETE FROM allfeatures WHERE id=8880508:successful"
2023-01-19 05:24:53 I Platf Print           "DELETE FROM allfeatures WHERE id=8880019:successful"
2023-01-19 05:24:53 I Platf Print           "DELETE FROM allfeatures WHERE id=8623168:successful"
2023-01-19 05:24:53 I Platf Print           "DELETE FROM allfeatures WHERE id=8590906:successful"
2023-01-19 05:24:53 I Platf Print           "DELETE FROM allfeatures WHERE id=7585397:successful"
2023-01-19 05:24:53 I Platf Print           "DELETE FROM allfeatures WHERE id=7585396:successful"
2023-01-19 05:24:53 I Platf Print           "DELETE FROM allfeatures WHERE id=7585395:successful"
2023-01-19 05:24:53 I Platf Print           "DELETE FROM allfeatures WHERE id=7528980:successful"
2023-01-19 05:24:53 I Platf Print           "DELETE FROM allfeatures WHERE id=7296886:successful"
2023-01-19 05:24:53 I Platf Print           "DELETE FROM allfeatures WHERE id=7166233:successful"
2023-01-19 05:24:53 I Platf Print           "DELETE FROM allfeatures WHERE id=7163196:successful"
2023-01-19 05:24:53 I Platf Print           "DELETE FROM allfeatures WHERE id=7163195:successful"
2023-01-19 05:24:53 I Platf Print           "DELETE FROM allfeatures WHERE id=7100343:successful"
2023-01-19 05:24:53 I Platf Print           "INSERT INTO features (rel, status, count, date)                                 SELECT rel, status, count((@rn := @rn + 1)) as count, '2023-01-19' as date FROM allfeatures cross join (select @rn := 0) const GROUP BY rel, status:successful"
2023-01-19 05:25:05 I Platf Get_allchangere "[]"
2023-01-19 05:25:05 I Platf Print           "CREATE TABLE IF NOT EXISTS changes (                                 rel TEXT, status TEXT, priority TEXT,                                 requester TEXT, date TEXT, count INT) ENGINE=InnoDB DEFAULT CHARSET=utf8:successful"
2023-01-19 05:25:05 I Platf Print           "CREATE TABLE IF NOT EXISTS allchanges (                                 id INT, uniqueid TEXT, name TEXT,                                 status TEXT, rel TEXT, priority TEXT,                                 requester TEXT) ENGINE=InnoDB DEFAULT CHARSET=utf8:successful"
2023-01-19 05:25:05 I Platf Print           "DELETE FROM changes WHERE date='2023-01-19':successful"
2023-01-19 05:25:05 I Platf Print           "INSERT INTO changes (                                 rel, status, priority, requester, date, count)                                 SELECT rel, status, priority, requester, '2023-01-19' as date, count((@rn := @rn + 1)) as count FROM allchanges                                 cross join (select @rn := 0) const GROUP BY rel, status, priority, requester:successful"
2023-01-19 05:25:16 I Platf Print           "CREATE TABLE IF NOT EXISTS designspec (                            rel TEXT, team TEXT, status TEXT, count INT, date text) ENGINE=InnoDB DEFAULT CHARSET=utf8:successful"
2023-01-19 05:25:16 I Platf Print           "CREATE TABLE IF NOT EXISTS alldesignspec (                             id INT, uniqueid TEXT, name TEXT, status TEXT, rel TEXT, team TEXT) ENGINE=InnoDB DEFAULT CHARSET=utf8:successful"
2023-01-19 05:25:16 I Platf Print           "DELETE FROM designspec WHERE date='2023-01-19':successful"
2023-01-19 05:25:16 I Platf Print           "INSERT INTO designspec (rel, team, status, count, date) SELECT rel, team, status, count((@rn := @rn + 1)) as count, '2023-01-19' as date FROM alldesignspec cross join (select @rn := 0) const GROUP BY rel, team, status:successful"
2023-01-19 05:25:40 I Platf Get_alluserstor "[]"
2023-01-19 05:25:40 I Platf Print           "CREATE TABLE IF NOT EXISTS userstories (                 rel TEXT, status TEXT, count INT, date TEXT) ENGINE=InnoDB DEFAULT CHARSET=utf8:successful"
2023-01-19 05:25:40 I Platf Print           "CREATE TABLE IF NOT EXISTS alluserstories (                 id INT, uniqueid TEXT, name TEXT, status TEXT, rel TEXT) ENGINE=InnoDB DEFAULT CHARSET=utf8:successful"
2023-01-19 05:25:40 I Platf Print           "DELETE FROM userstories WHERE date='2023-01-19':successful"
2023-01-19 05:25:40 I Platf Print           "INSERT INTO userstories (rel, status, count, date) SELECT rel, status, count((@rn := @rn + 1)) as count, '2023-01-19' as date FROM alluserstories cross join (select @rn := 0) const GROUP BY rel, status:successful"
2023-01-19 05:26:04 I Platf Get_alldefects  "[]"
2023-01-19 05:26:04 I Platf Print           "CREATE TABLE IF NOT EXISTS defects (                     rel TEXT, team TEXT, status TEXT, priority TEXT, count INT, date TEXT) ENGINE=InnoDB DEFAULT CHARSET=utf8:successful"
2023-01-19 05:26:04 I Platf Print           "CREATE TABLE IF NOT EXISTS alldefects (                     id INT, uniqueid TEXT, name TEXT, status TEXT, rel TEXT, team TEXT, priority TEXT, jira TEXT, upstream TEXT) ENGINE=InnoDB DEFAULT CHARSET=utf8:successful"
2023-01-19 05:26:04 I Platf Print           "DELETE FROM defects WHERE date='2023-01-19':successful"
2023-01-19 05:26:04 I Platf Print           "INSERT INTO defects (rel, team, status, count, date, priority) SELECT rel, team, status, count((@rn := @rn + 1)) as count, '2023-01-19' as date, priority FROM alldefects cross join (select @rn := 0) const GROUP BY rel, team, status, priority:successful"
2023-01-19 05:42:06 I Platf get_multipickli "Unassigned don't find the mainteam name from G_parameter"
2023-01-19 05:42:39 I Platf get_multipickli "Unassigned don't find the mainteam name from G_parameter"
2023-01-19 05:50:43 I Platf get_multipickli "Unassigned don't find the mainteam name from G_parameter"
2023-01-19 06:06:23 I Platf get_multipickli "Unassigned don't find the mainteam name from G_parameter"
2023-01-19 06:06:45 I Platf get_multipickli "Unassigned don't find the mainteam name from G_parameter"
2023-01-19 06:07:06 I Platf get_multipickli "Unassigned don't find the mainteam name from G_parameter"
2023-01-19 06:07:26 I Platf get_multipickli "Unassigned don't find the mainteam name from G_parameter"
2023-01-19 06:07:45 I Platf get_multipickli "Unassigned don't find the mainteam name from G_parameter"
2023-01-19 06:07:55 I Platf get_multipickli "Unassigned don't find the mainteam name from G_parameter"
2023-01-19 06:08:05 I Platf get_multipickli "Unassigned don't find the mainteam name from G_parameter"
2023-01-19 06:08:16 I Platf get_multipickli "Unassigned don't find the mainteam name from G_parameter"
2023-01-19 06:44:09 I Platf get_multipickli "Unassigned don't find the mainteam name from G_parameter"
2023-01-19 06:44:30 I Platf get_multipickli "Unassigned don't find the mainteam name from G_parameter"
2023-01-19 06:44:52 I Platf get_multipickli "Unassigned don't find the mainteam name from G_parameter"
2023-01-19 06:45:13 I Platf get_multipickli "Unassigned don't find the mainteam name from G_parameter"
2023-01-19 06:45:35 I Platf get_multipickli "Unassigned don't find the mainteam name from G_parameter"
2023-01-19 06:45:56 I Platf get_multipickli "Unassigned don't find the mainteam name from G_parameter"
2023-01-19 06:46:18 I Platf get_multipickli "Unassigned don't find the mainteam name from G_parameter"
2023-01-19 06:49:30 I Platf get_multipickli "Unassigned don't find the mainteam name from G_parameter"
2023-01-19 06:49:51 I Platf get_multipickli "Unassigned don't find the mainteam name from G_parameter"
2023-01-19 06:50:12 I Platf get_multipickli "Unassigned don't find the mainteam name from G_parameter"
2023-01-19 06:57:16 I Platf get_multipickli "Unassigned don't find the mainteam name from G_parameter"
2023-01-19 07:02:19 I Platf get_multipickli "Unassigned don't find the mainteam name from G_parameter"
2023-01-19 07:03:41 I Platf get_multipickli "Unassigned don't find the mainteam name from G_parameter"
2023-01-19 07:06:11 I Platf get_multipickli "Unassigned don't find the mainteam name from G_parameter"
2023-01-19 07:08:01 I Platf get_multipickli "Unassigned don't find the mainteam name from G_parameter"
2023-01-19 07:09:20 I Platf get_multipickli "Unassigned don't find the mainteam name from G_parameter"
2023-01-19 07:10:30 I Platf get_multipickli "Unassigned don't find the mainteam name from G_parameter"
2023-01-19 07:19:22 I Platf get_multipickli "Unassigned don't find the mainteam name from G_parameter"
2023-01-19 07:23:35 I Platf get_multipickli "Unassigned don't find the mainteam name from G_parameter"
2023-01-19 07:23:57 I Platf get_multipickli "Unassigned don't find the mainteam name from G_parameter"
2023-01-19 07:25:50 I Platf get_multipickli "Unassigned don't find the mainteam name from G_parameter"
2023-01-19 07:26:20 I Platf get_multipickli "Unassigned don't find the mainteam name from G_parameter"
2023-01-19 07:26:58 I Platf get_multipickli "Unassigned don't find the mainteam name from G_parameter"
2023-01-19 07:27:18 I Platf get_multipickli "Unassigned don't find the mainteam name from G_parameter"
2023-01-19 07:27:30 I Platf get_multipickli "Unassigned don't find the mainteam name from G_parameter"
2023-01-19 07:27:44 I Platf get_multipickli "Unassigned don't find the mainteam name from G_parameter"
2023-01-19 07:27:56 I Platf get_multipickli "Unassigned don't find the mainteam name from G_parameter"
2023-01-19 07:28:09 I Platf get_multipickli "Unassigned don't find the mainteam name from G_parameter"
2023-01-19 07:28:20 I Platf get_multipickli "Unassigned don't find the mainteam name from G_parameter"
2023-01-19 07:28:28 I Platf get_multipickli "Unassigned don't find the mainteam name from G_parameter"
2023-01-19 07:28:52 I Platf get_multipickli "Unassigned don't find the mainteam name from G_parameter"
2023-01-19 07:29:05 I Platf get_multipickli "Unassigned don't find the mainteam name from G_parameter"
2023-01-19 07:29:43 I Platf get_multipickli "Unassigned don't find the mainteam name from G_parameter"
2023-01-19 07:32:02 I Platf get_multipickli "Unassigned don't find the mainteam name from G_parameter"
2023-01-19 07:32:37 I Platf get_multipickli "Unassigned don't find the mainteam name from G_parameter"
2023-01-19 07:32:55 I Platf get_multipickli "Unassigned don't find the mainteam name from G_parameter"
2023-01-19 07:33:13 I Platf get_multipickli "Unassigned don't find the mainteam name from G_parameter"
2023-01-19 07:33:25 I Platf get_multipickli "Unassigned don't find the mainteam name from G_parameter"
2023-01-19 07:33:34 I Platf get_multipickli "Unassigned don't find the mainteam name from G_parameter"
2023-01-19 07:33:45 I Platf get_multipickli "Unassigned don't find the mainteam name from G_parameter"
2023-01-19 07:33:55 I Platf get_multipickli "Unassigned don't find the mainteam name from G_parameter"
2023-01-19 07:34:04 I Platf get_multipickli "Unassigned don't find the mainteam name from G_parameter"
2023-01-19 07:34:15 I Platf get_multipickli "Unassigned don't find the mainteam name from G_parameter"
2023-01-19 07:34:24 I Platf get_multipickli "Unassigned don't find the mainteam name from G_parameter"
2023-01-19 07:34:33 I Platf get_multipickli "Unassigned don't find the mainteam name from G_parameter"
2023-01-19 07:34:44 I Platf get_multipickli "Unassigned don't find the mainteam name from G_parameter"
2023-01-19 07:35:01 I Platf get_multipickli "Unassigned don't find the mainteam name from G_parameter"
2023-01-19 07:35:24 I Platf get_multipickli "Unassigned don't find the mainteam name from G_parameter"
2023-01-19 07:35:42 I Platf get_multipickli "Unassigned don't find the mainteam name from G_parameter"
2023-01-19 07:36:03 I Platf get_multipickli "Unassigned don't find the mainteam name from G_parameter"
2023-01-19 07:36:25 I Platf get_multipickli "Unassigned don't find the mainteam name from G_parameter"
2023-01-19 07:36:47 I Platf get_multipickli "Unassigned don't find the mainteam name from G_parameter"
2023-01-19 07:37:09 I Platf get_multipickli "Unassigned don't find the mainteam name from G_parameter"
2023-01-19 07:37:20 I Platf get_multipickli "Unassigned don't find the mainteam name from G_parameter"
2023-01-19 07:37:29 I Platf get_multipickli "Unassigned don't find the mainteam name from G_parameter"
2023-01-19 07:37:40 I Platf get_multipickli "Unassigned don't find the mainteam name from G_parameter"
2023-01-19 07:37:49 I Platf get_multipickli "Unassigned don't find the mainteam name from G_parameter"
2023-01-19 07:37:58 I Platf get_multipickli "Unassigned don't find the mainteam name from G_parameter"
2023-01-19 07:38:07 I Platf get_multipickli "Unassigned don't find the mainteam name from G_parameter"
2023-01-19 07:38:18 I Platf get_multipickli "Unassigned don't find the mainteam name from G_parameter"
2023-01-19 07:38:28 I Platf get_multipickli "Unassigned don't find the mainteam name from G_parameter"
2023-01-19 07:38:37 I Platf get_multipickli "Unassigned don't find the mainteam name from G_parameter"
2023-01-19 07:38:45 I Platf get_multipickli "Unassigned don't find the mainteam name from G_parameter"
2023-01-19 07:38:53 I Platf get_multipickli "Unassigned don't find the mainteam name from G_parameter"
2023-01-19 07:39:01 I Platf get_multipickli "Unassigned don't find the mainteam name from G_parameter"
2023-01-19 07:39:11 I Platf get_multipickli "Unassigned don't find the mainteam name from G_parameter"
2023-01-19 07:39:21 I Platf get_multipickli "Unassigned don't find the mainteam name from G_parameter"
2023-01-19 07:39:30 I Platf get_multipickli "Unassigned don't find the mainteam name from G_parameter"
2023-01-19 07:39:39 I Platf get_multipickli "Unassigned don't find the mainteam name from G_parameter"
2023-01-19 07:39:49 I Platf get_multipickli "Unassigned don't find the mainteam name from G_parameter"
2023-01-19 07:39:59 I Platf get_multipickli "Unassigned don't find the mainteam name from G_parameter"
2023-01-19 07:40:09 I Platf get_multipickli "Unassigned don't find the mainteam name from G_parameter"
2023-01-19 07:40:18 I Platf get_multipickli "Unassigned don't find the mainteam name from G_parameter"
2023-01-19 07:40:27 I Platf get_multipickli "Unassigned don't find the mainteam name from G_parameter"
2023-01-19 07:40:38 I Platf get_multipickli "Unassigned don't find the mainteam name from G_parameter"
2023-01-19 07:41:35 I Platf get_multipickli "Unassigned don't find the mainteam name from G_parameter"
2023-01-19 07:41:46 I Platf get_multipickli "Unassigned don't find the mainteam name from G_parameter"
2023-01-19 07:41:54 I Platf get_multipickli "Unassigned don't find the mainteam name from G_parameter"
2023-01-19 07:42:05 I Platf get_multipickli "Unassigned don't find the mainteam name from G_parameter"
2023-01-19 07:42:14 I Platf get_multipickli "Unassigned don't find the mainteam name from G_parameter"
2023-01-19 07:42:24 I Platf get_multipickli "Unassigned don't find the mainteam name from G_parameter"
2023-01-19 07:42:32 I Platf get_multipickli "Unassigned don't find the mainteam name from G_parameter"
2023-01-19 07:43:24 I Platf get_multipickli "Unassigned don't find the mainteam name from G_parameter"
2023-01-19 07:43:36 I Platf get_multipickli "Unassigned don't find the mainteam name from G_parameter"
2023-01-19 07:43:48 I Platf get_multipickli "Unassigned don't find the mainteam name from G_parameter"
2023-01-19 07:43:59 I Platf get_multipickli "Unassigned don't find the mainteam name from G_parameter"
2023-01-19 07:44:12 I Platf get_multipickli "Unassigned don't find the mainteam name from G_parameter"
2023-01-19 07:44:26 I Platf get_multipickli "Unassigned don't find the mainteam name from G_parameter"
2023-01-19 07:47:04 I Platf get_multipickli "Unassigned don't find the mainteam name from G_parameter"
2023-01-19 07:47:19 I Platf get_multipickli "Unassigned don't find the mainteam name from G_parameter"
2023-01-19 07:47:40 I Platf get_multipickli "Unassigned don't find the mainteam name from G_parameter"
2023-01-19 07:48:01 I Platf get_multipickli "Unassigned don't find the mainteam name from G_parameter"
2023-01-19 07:48:22 I Platf get_multipickli "Unassigned don't find the mainteam name from G_parameter"
2023-01-19 07:48:43 I Platf get_multipickli "Unassigned don't find the mainteam name from G_parameter"
2023-01-19 07:49:03 I Platf get_multipickli "Unassigned don't find the mainteam name from G_parameter"
2023-01-19 07:53:26 I Platf Print           "DROP TABLE IF EXISTS allrequirements:successful"
2023-01-19 07:53:26 I Platf Print           "DROP TABLE IF EXISTS allcoverage:successful"
2023-01-19 07:53:26 I Platf Print           "CREATE TABLE IF NOT EXISTS requirements (                        rel TEXT, status TEXT, count INT, date TEXT) ENGINE=InnoDB DEFAULT CHARSET=utf8:successful"
2023-01-19 07:53:26 I Platf Print           "CREATE TABLE IF NOT EXISTS allrequirements (                        id INT, uniqueid TEXT, name TEXT, status TEXT, rel TEXT, upstream TEXT, downstream TEXT, team TEXT, test_status TEXT) ENGINE=InnoDB DEFAULT CHARSET=utf8:successful"
2023-01-19 07:53:26 I Platf Print           "CREATE TABLE IF NOT EXISTS coverage (                        team text, covered int, expected int, date text) ENGINE=InnoDB DEFAULT CHARSET=utf8:successful"
2023-01-19 07:53:26 I Platf Print           "CREATE TABLE IF NOT EXISTS allcoverage (                        id INT, uniqueid TEXT, name TEXT, status TEXT, rel TEXT, verify TEXT, missing TEXT) ENGINE=InnoDB DEFAULT CHARSET=utf8:successful"
2023-01-19 07:53:26 I Platf Print           "DELETE FROM requirements WHERE date='2023-01-19':successful"
2023-01-19 07:53:26 I Platf Print           "DELETE FROM coverage WHERE date='2023-01-19':successful"
2023-01-19 07:53:27 I Platf Print           "INSERT INTO requirements (rel, status, count, date) SELECT rel, status, count((@rn := @rn + 1)) as count, '2023-01-19' as date FROM allrequirements cross join (select @rn := 0) const GROUP BY rel, status:successful"
2023-01-19 07:53:27 I Platf Print           "CREATE TABLE IF NOT EXISTS feattest (rel TEXT, status TEXT, count TEXT, date TEXT) ENGINE=InnoDB DEFAULT CHARSET=utf8:successful"
2023-01-19 07:53:27 I Platf Print           "CREATE TABLE IF NOT EXISTS reqtest (rel TEXT, status TEXT, count TEXT, date TEXT) ENGINE=InnoDB DEFAULT CHARSET=utf8:successful"
2023-01-19 07:53:27 I Platf Print           "SELECT id FROM allfeatures:successful"
2023-01-19 07:53:27 I Platf Print           "SELECT id,upstream,downstream,team FROM allrequirements:successful"
2023-01-19 07:53:27 I Platf Print           "SELECT id FROM allcoverage:successful"
2023-01-19 07:53:27 I Platf Print           "SELECT * FROM testcases:successful"
