2023-01-19 09:49:38 I Polar Print           "Connet 20620 successfully!!!"
2023-01-19 09:49:38 I Polar Get_alltests    "Get project name:Polaris id:20620 all testplans"
2023-01-19 09:49:45 I Polar Get_alltests    "{}"
2023-01-19 09:49:45 I Polar Get_alltests    "Get project name:Polaris id:20620 all testplans successful!!!"
2023-01-19 09:49:45 I Polar tidy_alltestcas "0"
2023-01-19 09:49:45 I Polar Print           "DROP TABLE IF EXISTS testcases:successful"
2023-01-19 09:49:45 I Polar Print           "CREATE TABLE IF NOT EXISTS testcases (                             testplan_id INT,                             testplan_name TEXT,                             testgroup_id INT,                             testgroup_name TEXT,                             testcycle_id INT,                             testcycle_name TEXT,                             rel TEXT,                             id INT,                             uniqueid TEXT,                             name TEXT,                             status TEXT,                             upstream TEXT,                             downstream TEXT,                             executionDate TEXT) ENGINE=InnoDB DEFAULT CHARSET=utf8:successful"
2023-01-19 09:49:45 I Polar update_database "Insert testcases table successful"
2023-01-19 09:49:45 I Polar Print           "CREATE TABLE IF NOT EXISTS tests (                             testplan_id INT,                             testplan_name TEXT,                             testplan_status TEXT,                             rel TEXT, status TEXT,                             count INT, date TEXT) ENGINE=InnoDB DEFAULT CHARSET=utf8:successful"
2023-01-19 09:49:45 I Polar Print           "DELETE FROM tests WHERE date='2023-01-19':successful"
2023-01-19 09:49:45 I Polar Print           "SELECT testplan_id FROM tests GROUP BY testplan_id:successful"
2023-01-19 09:49:45 I Polar Print           "INSERT INTO tests (testplan_id, testplan_name, testplan_status, rel, status, count, date) SELECT testplan_id, testplan_name, 'Active' as testplan_status, rel, status, count((@rn := @rn + 1)) as count, '2023-01-19' as date FROM testcases cross join (select @rn := 0) const GROUP BY testplan_id, rel, status:successful"
2023-01-19 09:49:45 I Polar update_database "Insert tests table successful"
2023-01-19 09:49:45 I Polar Print           "CREATE TABLE IF NOT EXISTS testapproval (                                 rel TEXT, team TEXT, status TEXT, upstream TEXT, count INT, date TEXT                                 ) ENGINE=InnoDB DEFAULT CHARSET=utf8:successful"
2023-01-19 09:49:45 I Polar Print           "DROP TABLE IF EXISTS alltestapproval:successful"
2023-01-19 09:49:45 I Polar Print           "CREATE TABLE IF NOT EXISTS alltestapproval (                                 id INT, uniqueid TEXT, name TEXT, status TEXT, rel TEXT, team TEXT, upstream TEXT                                 ) ENGINE=InnoDB DEFAULT CHARSET=utf8:successful"
2023-01-19 09:49:45 I Polar Print           "DELETE FROM testapproval WHERE date='2023-01-19':successful"
2023-01-19 09:49:45 I Polar Print           "INSERT INTO testapproval (rel, team, status, count, date, upstream) SELECT rel, team, status, count((@rn := @rn + 1)) as count, '2023-01-19' as date, upstream FROM alltestapproval cross join (select @rn := 0) const GROUP BY rel, team, status, upstream:successful"
2023-01-19 09:50:03 I Polar Get_allfeatuers "[]"
2023-01-19 09:50:03 I Polar Print           "CREATE TABLE IF NOT EXISTS features (                                rel TEXT, status TEXT, count INT, date TEXT) ENGINE=InnoDB DEFAULT CHARSET=utf8:successful"
2023-01-19 09:50:03 I Polar Print           "CREATE TABLE IF NOT EXISTS allfeatures (                                id INT, uniqueid TEXT, name TEXT, status TEXT, rel TEXT,test_status TEXT) ENGINE=InnoDB DEFAULT CHARSET=utf8:successful"
2023-01-19 09:50:03 I Polar Print           "DELETE FROM features WHERE date='2023-01-19':successful"
2023-01-19 09:50:03 I Polar Print           "DELETE FROM allfeatures WHERE id=20976567:successful"
2023-01-19 09:50:03 I Polar Print           "DELETE FROM allfeatures WHERE id=20623227:successful"
2023-01-19 09:50:03 I Polar Print           "DELETE FROM allfeatures WHERE id=20497723:successful"
2023-01-19 09:50:03 I Polar Print           "DELETE FROM allfeatures WHERE id=20497687:successful"
2023-01-19 09:50:03 I Polar Print           "DELETE FROM allfeatures WHERE id=20495173:successful"
2023-01-19 09:50:03 I Polar Print           "DELETE FROM allfeatures WHERE id=20490902:successful"
2023-01-19 09:50:03 I Polar Print           "DELETE FROM allfeatures WHERE id=20490894:successful"
2023-01-19 09:50:03 I Polar Print           "DELETE FROM allfeatures WHERE id=20490889:successful"
2023-01-19 09:50:03 I Polar Print           "DELETE FROM allfeatures WHERE id=20485504:successful"
2023-01-19 09:50:03 I Polar Print           "DELETE FROM allfeatures WHERE id=20455724:successful"
2023-01-19 09:50:03 I Polar Print           "DELETE FROM allfeatures WHERE id=20455679:successful"
2023-01-19 09:50:03 I Polar Print           "DELETE FROM allfeatures WHERE id=20389169:successful"
2023-01-19 09:50:03 I Polar Print           "DELETE FROM allfeatures WHERE id=20227819:successful"
2023-01-19 09:50:03 I Polar Print           "DELETE FROM allfeatures WHERE id=20199518:successful"
2023-01-19 09:50:03 I Polar Print           "DELETE FROM allfeatures WHERE id=19616757:successful"
2023-01-19 09:50:03 I Polar Print           "INSERT INTO features (rel, status, count, date)                                 SELECT rel, status, count((@rn := @rn + 1)) as count, '2023-01-19' as date FROM allfeatures cross join (select @rn := 0) const GROUP BY rel, status:successful"
2023-01-19 09:50:10 I Polar Get_allchangere "[]"
2023-01-19 09:50:10 I Polar Print           "CREATE TABLE IF NOT EXISTS changes (                                 rel TEXT, status TEXT, priority TEXT,                                 requester TEXT, date TEXT, count INT) ENGINE=InnoDB DEFAULT CHARSET=utf8:successful"
2023-01-19 09:50:10 I Polar Print           "CREATE TABLE IF NOT EXISTS allchanges (                                 id INT, uniqueid TEXT, name TEXT,                                 status TEXT, rel TEXT, priority TEXT,                                 requester TEXT) ENGINE=InnoDB DEFAULT CHARSET=utf8:successful"
2023-01-19 09:50:10 I Polar Print           "DELETE FROM changes WHERE date='2023-01-19':successful"
2023-01-19 09:50:10 I Polar Print           "INSERT INTO changes (                                 rel, status, priority, requester, date, count)                                 SELECT rel, status, priority, requester, '2023-01-19' as date, count((@rn := @rn + 1)) as count FROM allchanges                                 cross join (select @rn := 0) const GROUP BY rel, status, priority, requester:successful"
2023-01-19 09:50:17 I Polar Print           "CREATE TABLE IF NOT EXISTS designspec (                            rel TEXT, team TEXT, status TEXT, count INT, date text) ENGINE=InnoDB DEFAULT CHARSET=utf8:successful"
2023-01-19 09:50:17 I Polar Print           "CREATE TABLE IF NOT EXISTS alldesignspec (                             id INT, uniqueid TEXT, name TEXT, status TEXT, rel TEXT, team TEXT) ENGINE=InnoDB DEFAULT CHARSET=utf8:successful"
2023-01-19 09:50:17 I Polar Print           "DELETE FROM designspec WHERE date='2023-01-19':successful"
2023-01-19 09:50:17 I Polar Print           "INSERT INTO designspec (rel, team, status, count, date) SELECT rel, team, status, count((@rn := @rn + 1)) as count, '2023-01-19' as date FROM alldesignspec cross join (select @rn := 0) const GROUP BY rel, team, status:successful"
2023-01-19 09:50:31 I Polar Get_alluserstor "[]"
2023-01-19 09:50:31 I Polar Print           "CREATE TABLE IF NOT EXISTS userstories (                 rel TEXT, status TEXT, count INT, date TEXT) ENGINE=InnoDB DEFAULT CHARSET=utf8:successful"
2023-01-19 09:50:31 I Polar Print           "CREATE TABLE IF NOT EXISTS alluserstories (                 id INT, uniqueid TEXT, name TEXT, status TEXT, rel TEXT) ENGINE=InnoDB DEFAULT CHARSET=utf8:successful"
2023-01-19 09:50:31 I Polar Print           "DELETE FROM userstories WHERE date='2023-01-19':successful"
2023-01-19 09:50:31 I Polar Print           "INSERT INTO userstories (rel, status, count, date) SELECT rel, status, count((@rn := @rn + 1)) as count, '2023-01-19' as date FROM alluserstories cross join (select @rn := 0) const GROUP BY rel, status:successful"
2023-01-19 09:50:45 I Polar Get_alldefects  "[]"
2023-01-19 09:50:45 I Polar Print           "CREATE TABLE IF NOT EXISTS defects (                     rel TEXT, team TEXT, status TEXT, priority TEXT, count INT, date TEXT) ENGINE=InnoDB DEFAULT CHARSET=utf8:successful"
2023-01-19 09:50:45 I Polar Print           "CREATE TABLE IF NOT EXISTS alldefects (                     id INT, uniqueid TEXT, name TEXT, status TEXT, rel TEXT, team TEXT, priority TEXT, jira TEXT, upstream TEXT) ENGINE=InnoDB DEFAULT CHARSET=utf8:successful"
2023-01-19 09:50:45 I Polar Print           "DELETE FROM defects WHERE date='2023-01-19':successful"
2023-01-19 09:50:45 I Polar Print           "INSERT INTO defects (rel, team, status, count, date, priority) SELECT rel, team, status, count((@rn := @rn + 1)) as count, '2023-01-19' as date, priority FROM alldefects cross join (select @rn := 0) const GROUP BY rel, team, status, priority:successful"
2023-01-19 09:54:29 I Polar get_multipickli "Unassigned don't find the mainteam name from G_parameter"
2023-01-19 09:54:51 I Polar get_multipickli "Unassigned don't find the mainteam name from G_parameter"
2023-01-19 09:55:22 I Polar get_multipickli "Unassigned don't find the mainteam name from G_parameter"
2023-01-19 10:01:52 I Polar get_multipickli "Unassigned don't find the mainteam name from G_parameter"
2023-01-19 10:06:15 I Polar get_multipickli "Unassigned don't find the mainteam name from G_parameter"
2023-01-19 10:06:53 I Polar get_multipickli "Unassigned don't find the mainteam name from G_parameter"
2023-01-19 10:07:13 I Polar get_multipickli "Unassigned don't find the mainteam name from G_parameter"
2023-01-19 10:09:50 I Polar get_multipickli "Unassigned don't find the mainteam name from G_parameter"
2023-01-19 10:10:14 I Polar get_multipickli "Unassigned don't find the mainteam name from G_parameter"
2023-01-19 10:10:52 I Polar get_multipickli "Unassigned don't find the mainteam name from G_parameter"
2023-01-19 10:11:10 I Polar get_multipickli "Unassigned don't find the mainteam name from G_parameter"
2023-01-19 10:11:21 I Polar get_multipickli "Unassigned don't find the mainteam name from G_parameter"
2023-01-19 10:11:31 I Polar get_multipickli "Unassigned don't find the mainteam name from G_parameter"
2023-01-19 10:11:41 I Polar get_multipickli "Unassigned don't find the mainteam name from G_parameter"
2023-01-19 10:11:53 I Polar get_multipickli "Unassigned don't find the mainteam name from G_parameter"
2023-01-19 10:12:05 I Polar get_multipickli "Unassigned don't find the mainteam name from G_parameter"
2023-01-19 10:12:42 I Polar get_multipickli "Unassigned don't find the mainteam name from G_parameter"
2023-01-19 10:14:32 I Polar get_multipickli "Unassigned don't find the mainteam name from G_parameter"
2023-01-19 10:14:41 I Polar get_multipickli "Unassigned don't find the mainteam name from G_parameter"
2023-01-19 10:14:54 I Polar get_multipickli "Unassigned don't find the mainteam name from G_parameter"
2023-01-19 10:15:04 I Polar get_multipickli "Unassigned don't find the mainteam name from G_parameter"
2023-01-19 10:15:14 I Polar get_multipickli "Unassigned don't find the mainteam name from G_parameter"
2023-01-19 10:15:27 I Polar get_multipickli "Unassigned don't find the mainteam name from G_parameter"
2023-01-19 10:15:37 I Polar get_multipickli "Unassigned don't find the mainteam name from G_parameter"
2023-01-19 10:15:47 I Polar get_multipickli "Unassigned don't find the mainteam name from G_parameter"
2023-01-19 10:15:57 I Polar get_multipickli "Unassigned don't find the mainteam name from G_parameter"
2023-01-19 10:16:08 I Polar get_multipickli "Unassigned don't find the mainteam name from G_parameter"
2023-01-19 10:16:19 I Polar get_multipickli "Unassigned don't find the mainteam name from G_parameter"
2023-01-19 10:16:28 I Polar get_multipickli "Unassigned don't find the mainteam name from G_parameter"
2023-01-19 10:16:38 I Polar get_multipickli "Unassigned don't find the mainteam name from G_parameter"
2023-01-19 10:16:47 I Polar get_multipickli "Unassigned don't find the mainteam name from G_parameter"
2023-01-19 10:16:59 I Polar get_multipickli "Unassigned don't find the mainteam name from G_parameter"
2023-01-19 10:17:08 I Polar get_multipickli "Unassigned don't find the mainteam name from G_parameter"
2023-01-19 10:17:18 I Polar get_multipickli "Unassigned don't find the mainteam name from G_parameter"
2023-01-19 10:17:30 I Polar get_multipickli "Unassigned don't find the mainteam name from G_parameter"
2023-01-19 10:17:43 I Polar get_multipickli "Unassigned don't find the mainteam name from G_parameter"
2023-01-19 10:17:54 I Polar get_multipickli "Unassigned don't find the mainteam name from G_parameter"
2023-01-19 10:18:05 I Polar get_multipickli "Unassigned don't find the mainteam name from G_parameter"
2023-01-19 10:18:18 I Polar get_multipickli "Unassigned don't find the mainteam name from G_parameter"
2023-01-19 10:18:29 I Polar get_multipickli "Unassigned don't find the mainteam name from G_parameter"
2023-01-19 10:18:38 I Polar get_multipickli "Unassigned don't find the mainteam name from G_parameter"
2023-01-19 10:18:47 I Polar get_multipickli "Unassigned don't find the mainteam name from G_parameter"
2023-01-19 10:19:04 I Polar get_multipickli "Unassigned don't find the mainteam name from G_parameter"
2023-01-19 10:19:26 I Polar get_multipickli "Unassigned don't find the mainteam name from G_parameter"
2023-01-19 10:19:47 I Polar get_multipickli "Unassigned don't find the mainteam name from G_parameter"
2023-01-19 10:20:09 I Polar get_multipickli "Unassigned don't find the mainteam name from G_parameter"
2023-01-19 10:20:24 I Polar get_multipickli "Unassigned don't find the mainteam name from G_parameter"
2023-01-19 10:20:35 I Polar get_multipickli "Unassigned don't find the mainteam name from G_parameter"
2023-01-19 10:20:46 I Polar get_multipickli "Unassigned don't find the mainteam name from G_parameter"
2023-01-19 10:20:56 I Polar get_multipickli "Unassigned don't find the mainteam name from G_parameter"
2023-01-19 10:21:10 I Polar get_multipickli "Unassigned don't find the mainteam name from G_parameter"
2023-01-19 10:22:03 I Polar get_multipickli "Unassigned don't find the mainteam name from G_parameter"
2023-01-19 10:22:13 I Polar get_multipickli "Unassigned don't find the mainteam name from G_parameter"
2023-01-19 10:22:30 I Polar get_multipickli "Unassigned don't find the mainteam name from G_parameter"
2023-01-19 10:22:41 I Polar get_multipickli "Unassigned don't find the mainteam name from G_parameter"
2023-01-19 10:22:52 I Polar get_multipickli "Unassigned don't find the mainteam name from G_parameter"
2023-01-19 10:23:00 I Polar get_multipickli "Unassigned don't find the mainteam name from G_parameter"
2023-01-19 10:23:11 I Polar get_multipickli "Unassigned don't find the mainteam name from G_parameter"
2023-01-19 10:24:03 I Polar get_multipickli "Unassigned don't find the mainteam name from G_parameter"
2023-01-19 10:24:15 I Polar get_multipickli "Unassigned don't find the mainteam name from G_parameter"
2023-01-19 10:24:25 I Polar get_multipickli "Unassigned don't find the mainteam name from G_parameter"
2023-01-19 10:24:34 I Polar get_multipickli "Unassigned don't find the mainteam name from G_parameter"
2023-01-19 10:24:44 I Polar get_multipickli "Unassigned don't find the mainteam name from G_parameter"
2023-01-19 10:24:55 I Polar get_multipickli "Unassigned don't find the mainteam name from G_parameter"
2023-01-19 10:40:20 I Polar get_multipickli "ESW Platform Test don't find the mainteam name from G_parameter"
2023-01-19 10:40:30 I Polar get_multipickli "ESW Platform Test don't find the mainteam name from G_parameter"
2023-01-19 10:40:40 I Polar get_multipickli "ESW Platform Test don't find the mainteam name from G_parameter"
2023-01-19 10:41:36 I Polar get_multipickli "ESW Platform Test don't find the mainteam name from G_parameter"
2023-01-19 10:41:44 I Polar get_multipickli "ESW Platform Test don't find the mainteam name from G_parameter"
2023-01-19 10:41:53 I Polar get_multipickli "ESW Platform Test don't find the mainteam name from G_parameter"
2023-01-19 10:42:27 I Polar get_multipickli "Digital Experience – Android don't find the mainteam name from G_parameter"
2023-01-19 10:42:29 I Polar get_multipickli "Digital Experience – IOS don't find the mainteam name from G_parameter"
2023-01-19 10:42:34 I Polar get_multipickli "Digital Experience – SDK don't find the mainteam name from G_parameter"
2023-01-19 10:42:58 I Polar get_multipickli "Digital Experience – Android don't find the mainteam name from G_parameter"
2023-01-19 10:43:00 I Polar get_multipickli "Digital Experience – IOS don't find the mainteam name from G_parameter"
2023-01-19 10:43:08 I Polar get_multipickli "Unassigned don't find the mainteam name from G_parameter"
2023-01-19 10:43:15 I Polar get_multipickli "Digital Experience – Android don't find the mainteam name from G_parameter"
2023-01-19 10:43:15 I Polar get_multipickli "Digital Experience – IOS don't find the mainteam name from G_parameter"
2023-01-19 10:43:30 I Polar get_multipickli "Digital Experience – Android don't find the mainteam name from G_parameter"
2023-01-19 10:43:30 I Polar get_multipickli "Digital Experience – IOS don't find the mainteam name from G_parameter"
2023-01-19 10:43:38 I Polar get_multipickli "Digital Experience – Android don't find the mainteam name from G_parameter"
2023-01-19 10:43:38 I Polar get_multipickli "Digital Experience – IOS don't find the mainteam name from G_parameter"
2023-01-19 10:52:35 I Polar get_multipickli "Unassigned don't find the mainteam name from G_parameter"
2023-01-19 10:52:43 I Polar get_multipickli "Unassigned don't find the mainteam name from G_parameter"
2023-01-19 10:53:05 I Polar get_multipickli "Unassigned don't find the mainteam name from G_parameter"
2023-01-19 10:57:05 I Polar get_multipickli "Unassigned don't find the mainteam name from G_parameter"
2023-01-19 10:57:26 I Polar get_multipickli "Unassigned don't find the mainteam name from G_parameter"
2023-01-19 11:01:15 I Polar get_multipickli "Unassigned don't find the mainteam name from G_parameter"
2023-01-19 11:01:25 I Polar get_multipickli "Unassigned don't find the mainteam name from G_parameter"
2023-01-19 11:01:32 I Polar get_multipickli "Unassigned don't find the mainteam name from G_parameter"
2023-01-19 11:01:47 I Polar get_multipickli "Unassigned don't find the mainteam name from G_parameter"
2023-01-19 11:01:53 I Polar get_multipickli "Unassigned don't find the mainteam name from G_parameter"
2023-01-19 11:02:07 I Polar get_multipickli "Unassigned don't find the mainteam name from G_parameter"
2023-01-19 11:06:03 I Polar get_multipickli "Digital Experience – Android don't find the mainteam name from G_parameter"
2023-01-19 11:06:03 I Polar get_multipickli "Digital Experience – IOS don't find the mainteam name from G_parameter"
2023-01-19 11:06:39 I Polar get_multipickli "Digital Experience – Android don't find the mainteam name from G_parameter"
2023-01-19 11:06:39 I Polar get_multipickli "Digital Experience – IOS don't find the mainteam name from G_parameter"
2023-01-19 11:07:31 I Polar get_multipickli "Digital Experience – Android don't find the mainteam name from G_parameter"
2023-01-19 11:07:31 I Polar get_multipickli "Digital Experience – IOS don't find the mainteam name from G_parameter"
2023-01-19 11:08:01 I Polar get_multipickli "Digital Experience – Android don't find the mainteam name from G_parameter"
2023-01-19 11:08:01 I Polar get_multipickli "Digital Experience – IOS don't find the mainteam name from G_parameter"
2023-01-19 11:08:45 I Polar get_multipickli "Digital Experience – Android don't find the mainteam name from G_parameter"
2023-01-19 11:08:45 I Polar get_multipickli "Digital Experience – IOS don't find the mainteam name from G_parameter"
2023-01-19 11:08:45 I Polar get_multipickli "Digital Experience – SDK don't find the mainteam name from G_parameter"
2023-01-19 11:08:58 I Polar get_multipickli "Unassigned don't find the mainteam name from G_parameter"
2023-01-19 11:11:33 I Polar get_multipickli "Unassigned don't find the mainteam name from G_parameter"
2023-01-19 11:12:31 I Polar get_multipickli "Unassigned don't find the mainteam name from G_parameter"
2023-01-19 11:12:38 I Polar get_multipickli "Digital Experience – Android don't find the mainteam name from G_parameter"
2023-01-19 11:12:38 I Polar get_multipickli "Digital Experience – IOS don't find the mainteam name from G_parameter"
2023-01-19 11:12:44 I Polar get_multipickli "Digital Experience – Android don't find the mainteam name from G_parameter"
2023-01-19 11:12:44 I Polar get_multipickli "Digital Experience – IOS don't find the mainteam name from G_parameter"
2023-01-19 11:12:51 I Polar get_multipickli "Digital Experience – Android don't find the mainteam name from G_parameter"
2023-01-19 11:12:51 I Polar get_multipickli "Digital Experience – IOS don't find the mainteam name from G_parameter"
2023-01-19 11:12:58 I Polar get_multipickli "Digital Experience – Android don't find the mainteam name from G_parameter"
2023-01-19 11:12:58 I Polar get_multipickli "Digital Experience – IOS don't find the mainteam name from G_parameter"
2023-01-19 11:13:04 I Polar get_multipickli "Digital Experience – Android don't find the mainteam name from G_parameter"
2023-01-19 11:13:04 I Polar get_multipickli "Digital Experience – IOS don't find the mainteam name from G_parameter"
2023-01-19 11:13:11 I Polar get_multipickli "Digital Experience – Android don't find the mainteam name from G_parameter"
2023-01-19 11:13:11 I Polar get_multipickli "Digital Experience – IOS don't find the mainteam name from G_parameter"
2023-01-19 11:13:17 I Polar get_multipickli "Digital Experience – Android don't find the mainteam name from G_parameter"
2023-01-19 11:13:17 I Polar get_multipickli "Digital Experience – IOS don't find the mainteam name from G_parameter"
2023-01-19 11:13:30 I Polar get_multipickli "Unassigned don't find the mainteam name from G_parameter"
2023-01-19 11:13:38 I Polar get_multipickli "Digital Experience – Android don't find the mainteam name from G_parameter"
2023-01-19 11:13:38 I Polar get_multipickli "Digital Experience – IOS don't find the mainteam name from G_parameter"
2023-01-19 11:13:44 I Polar get_multipickli "Digital Experience – Android don't find the mainteam name from G_parameter"
2023-01-19 11:13:51 I Polar get_multipickli "Digital Experience – Android don't find the mainteam name from G_parameter"
2023-01-19 11:13:58 I Polar get_multipickli "Digital Experience – Android don't find the mainteam name from G_parameter"
2023-01-19 11:14:04 I Polar get_multipickli "Digital Experience – Android don't find the mainteam name from G_parameter"
2023-01-19 11:14:10 I Polar get_multipickli "Digital Experience – Android don't find the mainteam name from G_parameter"
2023-01-19 11:14:17 I Polar get_multipickli "Digital Experience – Android don't find the mainteam name from G_parameter"
2023-01-19 11:18:12 I Polar Print           "DROP TABLE IF EXISTS allrequirements:successful"
2023-01-19 11:18:12 I Polar Print           "DROP TABLE IF EXISTS allcoverage:successful"
2023-01-19 11:18:12 I Polar Print           "CREATE TABLE IF NOT EXISTS requirements (                        rel TEXT, status TEXT, count INT, date TEXT) ENGINE=InnoDB DEFAULT CHARSET=utf8:successful"
2023-01-19 11:18:12 I Polar Print           "CREATE TABLE IF NOT EXISTS allrequirements (                        id INT, uniqueid TEXT, name TEXT, status TEXT, rel TEXT, upstream TEXT, downstream TEXT, team TEXT, test_status TEXT) ENGINE=InnoDB DEFAULT CHARSET=utf8:successful"
2023-01-19 11:18:12 I Polar Print           "CREATE TABLE IF NOT EXISTS coverage (                        team text, covered int, expected int, date text) ENGINE=InnoDB DEFAULT CHARSET=utf8:successful"
2023-01-19 11:18:12 I Polar Print           "CREATE TABLE IF NOT EXISTS allcoverage (                        id INT, uniqueid TEXT, name TEXT, status TEXT, rel TEXT, verify TEXT, missing TEXT) ENGINE=InnoDB DEFAULT CHARSET=utf8:successful"
2023-01-19 11:18:12 I Polar Print           "DELETE FROM requirements WHERE date='2023-01-19':successful"
2023-01-19 11:18:12 I Polar Print           "DELETE FROM coverage WHERE date='2023-01-19':successful"
2023-01-19 11:18:12 I Polar Print           "INSERT INTO requirements (rel, status, count, date) SELECT rel, status, count((@rn := @rn + 1)) as count, '2023-01-19' as date FROM allrequirements cross join (select @rn := 0) const GROUP BY rel, status:successful"
2023-01-19 11:18:12 I Polar Print           "CREATE TABLE IF NOT EXISTS feattest (rel TEXT, status TEXT, count TEXT, date TEXT) ENGINE=InnoDB DEFAULT CHARSET=utf8:successful"
2023-01-19 11:18:12 I Polar Print           "CREATE TABLE IF NOT EXISTS reqtest (rel TEXT, status TEXT, count TEXT, date TEXT) ENGINE=InnoDB DEFAULT CHARSET=utf8:successful"
2023-01-19 11:18:13 I Polar Print           "SELECT id FROM allfeatures:successful"
2023-01-19 11:18:13 I Polar Print           "SELECT id,upstream,downstream,team FROM allrequirements:successful"
2023-01-19 11:18:13 I Polar Print           "SELECT id FROM allcoverage:successful"
2023-01-19 11:18:13 I Polar Print           "SELECT * FROM testcases:successful"
2023-01-19 11:51:54 I Polar Print           "Connet 20620 successfully!!!"
2023-01-19 11:51:54 I Polar Get_alltests    "Get project name:Polaris id:20620 all testplans"
2023-01-19 11:51:56 I Polar Get_alltests    "{}"
2023-01-19 11:51:56 I Polar Get_alltests    "Get project name:Polaris id:20620 all testplans successful!!!"
2023-01-19 11:51:56 I Polar tidy_alltestcas "0"
2023-01-19 11:51:56 I Polar Print           "DROP TABLE IF EXISTS testcases:successful"
2023-01-19 11:51:56 I Polar Print           "CREATE TABLE IF NOT EXISTS testcases (                             testplan_id INT,                             testplan_name TEXT,                             testgroup_id INT,                             testgroup_name TEXT,                             testcycle_id INT,                             testcycle_name TEXT,                             rel TEXT,                             id INT,                             uniqueid TEXT,                             name TEXT,                             status TEXT,                             upstream TEXT,                             downstream TEXT,                             executionDate TEXT) ENGINE=InnoDB DEFAULT CHARSET=utf8:successful"
2023-01-19 11:51:56 I Polar update_database "Insert testcases table successful"
2023-01-19 11:51:56 I Polar Print           "CREATE TABLE IF NOT EXISTS tests (                             testplan_id INT,                             testplan_name TEXT,                             testplan_status TEXT,                             rel TEXT, status TEXT,                             count INT, date TEXT) ENGINE=InnoDB DEFAULT CHARSET=utf8:successful"
2023-01-19 11:51:56 I Polar Print           "DELETE FROM tests WHERE date='2023-01-19':successful"
2023-01-19 11:51:56 I Polar Print           "SELECT testplan_id FROM tests GROUP BY testplan_id:successful"
2023-01-19 11:51:56 I Polar Print           "INSERT INTO tests (testplan_id, testplan_name, testplan_status, rel, status, count, date) SELECT testplan_id, testplan_name, 'Active' as testplan_status, rel, status, count((@rn := @rn + 1)) as count, '2023-01-19' as date FROM testcases cross join (select @rn := 0) const GROUP BY testplan_id, rel, status:successful"
2023-01-19 11:51:56 I Polar update_database "Insert tests table successful"
2023-01-19 11:51:56 I Polar Print           "CREATE TABLE IF NOT EXISTS testapproval (                                 rel TEXT, team TEXT, status TEXT, upstream TEXT, count INT, date TEXT                                 ) ENGINE=InnoDB DEFAULT CHARSET=utf8:successful"
2023-01-19 11:51:56 I Polar Print           "DROP TABLE IF EXISTS alltestapproval:successful"
2023-01-19 11:51:56 I Polar Print           "CREATE TABLE IF NOT EXISTS alltestapproval (                                 id INT, uniqueid TEXT, name TEXT, status TEXT, rel TEXT, team TEXT, upstream TEXT                                 ) ENGINE=InnoDB DEFAULT CHARSET=utf8:successful"
2023-01-19 11:51:56 I Polar Print           "DELETE FROM testapproval WHERE date='2023-01-19':successful"
2023-01-19 11:51:56 I Polar Print           "INSERT INTO testapproval (rel, team, status, count, date, upstream) SELECT rel, team, status, count((@rn := @rn + 1)) as count, '2023-01-19' as date, upstream FROM alltestapproval cross join (select @rn := 0) const GROUP BY rel, team, status, upstream:successful"
2023-01-19 11:52:00 I Polar Get_allfeatuers "[]"
2023-01-19 11:52:00 I Polar Print           "CREATE TABLE IF NOT EXISTS features (                                rel TEXT, status TEXT, count INT, date TEXT) ENGINE=InnoDB DEFAULT CHARSET=utf8:successful"
2023-01-19 11:52:00 I Polar Print           "CREATE TABLE IF NOT EXISTS allfeatures (                                id INT, uniqueid TEXT, name TEXT, status TEXT, rel TEXT,test_status TEXT) ENGINE=InnoDB DEFAULT CHARSET=utf8:successful"
2023-01-19 11:52:00 I Polar Print           "DELETE FROM features WHERE date='2023-01-19':successful"
2023-01-19 11:52:00 I Polar Print           "DELETE FROM allfeatures WHERE id=20976567:successful"
2023-01-19 11:52:00 I Polar Print           "DELETE FROM allfeatures WHERE id=20623227:successful"
2023-01-19 11:52:00 I Polar Print           "DELETE FROM allfeatures WHERE id=20497723:successful"
2023-01-19 11:52:00 I Polar Print           "DELETE FROM allfeatures WHERE id=20497687:successful"
2023-01-19 11:52:00 I Polar Print           "DELETE FROM allfeatures WHERE id=20495173:successful"
2023-01-19 11:52:00 I Polar Print           "DELETE FROM allfeatures WHERE id=20490902:successful"
2023-01-19 11:52:00 I Polar Print           "DELETE FROM allfeatures WHERE id=20490894:successful"
2023-01-19 11:52:00 I Polar Print           "DELETE FROM allfeatures WHERE id=20490889:successful"
2023-01-19 11:52:00 I Polar Print           "DELETE FROM allfeatures WHERE id=20485504:successful"
2023-01-19 11:52:00 I Polar Print           "DELETE FROM allfeatures WHERE id=20455724:successful"
2023-01-19 11:52:00 I Polar Print           "DELETE FROM allfeatures WHERE id=20455679:successful"
2023-01-19 11:52:00 I Polar Print           "DELETE FROM allfeatures WHERE id=20389169:successful"
2023-01-19 11:52:00 I Polar Print           "DELETE FROM allfeatures WHERE id=20227819:successful"
2023-01-19 11:52:00 I Polar Print           "DELETE FROM allfeatures WHERE id=20199518:successful"
2023-01-19 11:52:00 I Polar Print           "DELETE FROM allfeatures WHERE id=19616757:successful"
2023-01-19 11:52:00 I Polar Print           "INSERT INTO features (rel, status, count, date)                                 SELECT rel, status, count((@rn := @rn + 1)) as count, '2023-01-19' as date FROM allfeatures cross join (select @rn := 0) const GROUP BY rel, status:successful"
2023-01-19 11:52:02 I Polar Get_allchangere "[]"
2023-01-19 11:52:02 I Polar Print           "CREATE TABLE IF NOT EXISTS changes (                                 rel TEXT, status TEXT, priority TEXT,                                 requester TEXT, date TEXT, count INT) ENGINE=InnoDB DEFAULT CHARSET=utf8:successful"
2023-01-19 11:52:02 I Polar Print           "CREATE TABLE IF NOT EXISTS allchanges (                                 id INT, uniqueid TEXT, name TEXT,                                 status TEXT, rel TEXT, priority TEXT,                                 requester TEXT) ENGINE=InnoDB DEFAULT CHARSET=utf8:successful"
2023-01-19 11:52:02 I Polar Print           "DELETE FROM changes WHERE date='2023-01-19':successful"
2023-01-19 11:52:02 I Polar Print           "INSERT INTO changes (                                 rel, status, priority, requester, date, count)                                 SELECT rel, status, priority, requester, '2023-01-19' as date, count((@rn := @rn + 1)) as count FROM allchanges                                 cross join (select @rn := 0) const GROUP BY rel, status, priority, requester:successful"
2023-01-19 11:52:05 I Polar Print           "CREATE TABLE IF NOT EXISTS designspec (                            rel TEXT, team TEXT, status TEXT, count INT, date text) ENGINE=InnoDB DEFAULT CHARSET=utf8:successful"
2023-01-19 11:52:05 I Polar Print           "CREATE TABLE IF NOT EXISTS alldesignspec (                             id INT, uniqueid TEXT, name TEXT, status TEXT, rel TEXT, team TEXT) ENGINE=InnoDB DEFAULT CHARSET=utf8:successful"
2023-01-19 11:52:05 I Polar Print           "DELETE FROM designspec WHERE date='2023-01-19':successful"
2023-01-19 11:52:05 I Polar Print           "INSERT INTO designspec (rel, team, status, count, date) SELECT rel, team, status, count((@rn := @rn + 1)) as count, '2023-01-19' as date FROM alldesignspec cross join (select @rn := 0) const GROUP BY rel, team, status:successful"
2023-01-19 11:52:09 I Polar Get_alluserstor "[]"
2023-01-19 11:52:09 I Polar Print           "CREATE TABLE IF NOT EXISTS userstories (                 rel TEXT, status TEXT, count INT, date TEXT) ENGINE=InnoDB DEFAULT CHARSET=utf8:successful"
2023-01-19 11:52:09 I Polar Print           "CREATE TABLE IF NOT EXISTS alluserstories (                 id INT, uniqueid TEXT, name TEXT, status TEXT, rel TEXT) ENGINE=InnoDB DEFAULT CHARSET=utf8:successful"
2023-01-19 11:52:09 I Polar Print           "DELETE FROM userstories WHERE date='2023-01-19':successful"
2023-01-19 11:52:09 I Polar Print           "INSERT INTO userstories (rel, status, count, date) SELECT rel, status, count((@rn := @rn + 1)) as count, '2023-01-19' as date FROM alluserstories cross join (select @rn := 0) const GROUP BY rel, status:successful"
2023-01-19 11:52:13 I Polar Get_alldefects  "[]"
2023-01-19 11:52:13 I Polar Print           "CREATE TABLE IF NOT EXISTS defects (                     rel TEXT, team TEXT, status TEXT, priority TEXT, count INT, date TEXT) ENGINE=InnoDB DEFAULT CHARSET=utf8:successful"
2023-01-19 11:52:13 I Polar Print           "CREATE TABLE IF NOT EXISTS alldefects (                     id INT, uniqueid TEXT, name TEXT, status TEXT, rel TEXT, team TEXT, priority TEXT, jira TEXT, upstream TEXT) ENGINE=InnoDB DEFAULT CHARSET=utf8:successful"
2023-01-19 11:52:13 I Polar Print           "DELETE FROM defects WHERE date='2023-01-19':successful"
2023-01-19 11:52:14 I Polar Print           "INSERT INTO defects (rel, team, status, count, date, priority) SELECT rel, team, status, count((@rn := @rn + 1)) as count, '2023-01-19' as date, priority FROM alldefects cross join (select @rn := 0) const GROUP BY rel, team, status, priority:successful"
2023-01-19 11:53:42 I Polar get_multipickli "Unassigned don't find the mainteam name from G_parameter"
2023-01-19 11:53:47 I Polar get_multipickli "Unassigned don't find the mainteam name from G_parameter"
2023-01-19 11:53:53 I Polar get_multipickli "Unassigned don't find the mainteam name from G_parameter"
2023-01-19 11:57:08 I Polar get_multipickli "Unassigned don't find the mainteam name from G_parameter"
2023-01-19 11:58:59 I Polar get_multipickli "Unassigned don't find the mainteam name from G_parameter"
2023-01-19 11:59:11 I Polar get_multipickli "Unassigned don't find the mainteam name from G_parameter"
2023-01-19 11:59:16 I Polar get_multipickli "Unassigned don't find the mainteam name from G_parameter"
2023-01-19 12:00:14 I Polar get_multipickli "Unassigned don't find the mainteam name from G_parameter"
2023-01-19 12:00:31 I Polar get_multipickli "Unassigned don't find the mainteam name from G_parameter"
2023-01-19 12:00:59 I Polar get_multipickli "Unassigned don't find the mainteam name from G_parameter"
2023-01-19 12:01:11 I Polar get_multipickli "Unassigned don't find the mainteam name from G_parameter"
2023-01-19 12:01:19 I Polar get_multipickli "Unassigned don't find the mainteam name from G_parameter"
2023-01-19 12:01:26 I Polar get_multipickli "Unassigned don't find the mainteam name from G_parameter"
2023-01-19 12:01:32 I Polar get_multipickli "Unassigned don't find the mainteam name from G_parameter"
2023-01-19 12:01:38 I Polar get_multipickli "Unassigned don't find the mainteam name from G_parameter"
2023-01-19 12:01:45 I Polar get_multipickli "Unassigned don't find the mainteam name from G_parameter"
2023-01-19 12:02:05 I Polar get_multipickli "Unassigned don't find the mainteam name from G_parameter"
2023-01-19 12:03:08 I Polar get_multipickli "Unassigned don't find the mainteam name from G_parameter"
2023-01-19 12:03:15 I Polar get_multipickli "Unassigned don't find the mainteam name from G_parameter"
2023-01-19 12:03:24 I Polar get_multipickli "Unassigned don't find the mainteam name from G_parameter"
2023-01-19 12:03:30 I Polar get_multipickli "Unassigned don't find the mainteam name from G_parameter"
2023-01-19 12:03:36 I Polar get_multipickli "Unassigned don't find the mainteam name from G_parameter"
2023-01-19 12:03:41 I Polar get_multipickli "Unassigned don't find the mainteam name from G_parameter"
2023-01-19 12:03:49 I Polar get_multipickli "Unassigned don't find the mainteam name from G_parameter"
2023-01-19 12:03:58 I Polar get_multipickli "Unassigned don't find the mainteam name from G_parameter"
2023-01-19 12:04:04 I Polar get_multipickli "Unassigned don't find the mainteam name from G_parameter"
2023-01-19 12:04:09 I Polar get_multipickli "Unassigned don't find the mainteam name from G_parameter"
2023-01-19 12:04:16 I Polar get_multipickli "Unassigned don't find the mainteam name from G_parameter"
2023-01-19 12:04:25 I Polar get_multipickli "Unassigned don't find the mainteam name from G_parameter"
2023-01-19 12:04:31 I Polar get_multipickli "Unassigned don't find the mainteam name from G_parameter"
2023-01-19 12:04:37 I Polar get_multipickli "Unassigned don't find the mainteam name from G_parameter"
2023-01-19 12:04:42 I Polar get_multipickli "Unassigned don't find the mainteam name from G_parameter"
2023-01-19 12:04:49 I Polar get_multipickli "Unassigned don't find the mainteam name from G_parameter"
2023-01-19 12:04:58 I Polar get_multipickli "Unassigned don't find the mainteam name from G_parameter"
2023-01-19 12:05:05 I Polar get_multipickli "Unassigned don't find the mainteam name from G_parameter"
2023-01-19 12:05:11 I Polar get_multipickli "Unassigned don't find the mainteam name from G_parameter"
2023-01-19 12:05:16 I Polar get_multipickli "Unassigned don't find the mainteam name from G_parameter"
2023-01-19 12:05:24 I Polar get_multipickli "Unassigned don't find the mainteam name from G_parameter"
2023-01-19 12:05:33 I Polar get_multipickli "Unassigned don't find the mainteam name from G_parameter"
2023-01-19 12:05:39 I Polar get_multipickli "Unassigned don't find the mainteam name from G_parameter"
2023-01-19 12:05:45 I Polar get_multipickli "Unassigned don't find the mainteam name from G_parameter"
2023-01-19 12:05:51 I Polar get_multipickli "Unassigned don't find the mainteam name from G_parameter"
2023-01-19 12:05:58 I Polar get_multipickli "Unassigned don't find the mainteam name from G_parameter"
2023-01-19 12:06:07 I Polar get_multipickli "Unassigned don't find the mainteam name from G_parameter"
2023-01-19 12:06:16 I Polar get_multipickli "Unassigned don't find the mainteam name from G_parameter"
2023-01-19 12:06:25 I Polar get_multipickli "Unassigned don't find the mainteam name from G_parameter"
2023-01-19 12:06:34 I Polar get_multipickli "Unassigned don't find the mainteam name from G_parameter"
2023-01-19 12:06:46 I Polar get_multipickli "Unassigned don't find the mainteam name from G_parameter"
2023-01-19 12:06:53 I Polar get_multipickli "Unassigned don't find the mainteam name from G_parameter"
2023-01-19 12:06:58 I Polar get_multipickli "Unassigned don't find the mainteam name from G_parameter"
2023-01-19 12:07:06 I Polar get_multipickli "Unassigned don't find the mainteam name from G_parameter"
2023-01-19 12:07:43 I Polar get_multipickli "Unassigned don't find the mainteam name from G_parameter"
2023-01-19 12:07:51 I Polar get_multipickli "Unassigned don't find the mainteam name from G_parameter"
2023-01-19 12:07:57 I Polar get_multipickli "Unassigned don't find the mainteam name from G_parameter"
2023-01-19 12:08:06 I Polar get_multipickli "Unassigned don't find the mainteam name from G_parameter"
2023-01-19 12:08:14 I Polar get_multipickli "Unassigned don't find the mainteam name from G_parameter"
2023-01-19 12:08:20 I Polar get_multipickli "Unassigned don't find the mainteam name from G_parameter"
2023-01-19 12:08:27 I Polar get_multipickli "Unassigned don't find the mainteam name from G_parameter"
2023-01-19 12:09:01 I Polar get_multipickli "Unassigned don't find the mainteam name from G_parameter"
2023-01-19 12:09:10 I Polar get_multipickli "Unassigned don't find the mainteam name from G_parameter"
2023-01-19 12:09:16 I Polar get_multipickli "Unassigned don't find the mainteam name from G_parameter"
2023-01-19 12:09:21 I Polar get_multipickli "Unassigned don't find the mainteam name from G_parameter"
2023-01-19 12:09:28 I Polar get_multipickli "Unassigned don't find the mainteam name from G_parameter"
2023-01-19 12:09:36 I Polar get_multipickli "Unassigned don't find the mainteam name from G_parameter"
2023-01-19 12:20:33 I Polar get_multipickli "ESW Platform Test don't find the mainteam name from G_parameter"
2023-01-19 12:20:38 I Polar get_multipickli "ESW Platform Test don't find the mainteam name from G_parameter"
2023-01-19 12:20:42 I Polar get_multipickli "ESW Platform Test don't find the mainteam name from G_parameter"
2023-01-19 12:21:11 I Polar get_multipickli "ESW Platform Test don't find the mainteam name from G_parameter"
2023-01-19 12:21:15 I Polar get_multipickli "ESW Platform Test don't find the mainteam name from G_parameter"
2023-01-19 12:21:20 I Polar get_multipickli "ESW Platform Test don't find the mainteam name from G_parameter"
2023-01-19 12:21:41 I Polar get_multipickli "Digital Experience – Android don't find the mainteam name from G_parameter"
2023-01-19 12:21:42 I Polar get_multipickli "Digital Experience – IOS don't find the mainteam name from G_parameter"
2023-01-19 12:21:45 I Polar get_multipickli "Digital Experience – SDK don't find the mainteam name from G_parameter"
2023-01-19 12:21:59 I Polar get_multipickli "Digital Experience – Android don't find the mainteam name from G_parameter"
2023-01-19 12:22:00 I Polar get_multipickli "Digital Experience – IOS don't find the mainteam name from G_parameter"
2023-01-19 12:22:04 I Polar get_multipickli "Unassigned don't find the mainteam name from G_parameter"
2023-01-19 12:22:08 I Polar get_multipickli "Digital Experience – Android don't find the mainteam name from G_parameter"
2023-01-19 12:22:08 I Polar get_multipickli "Digital Experience – IOS don't find the mainteam name from G_parameter"
2023-01-19 12:22:16 I Polar get_multipickli "Digital Experience – Android don't find the mainteam name from G_parameter"
2023-01-19 12:22:16 I Polar get_multipickli "Digital Experience – IOS don't find the mainteam name from G_parameter"
2023-01-19 12:22:20 I Polar get_multipickli "Digital Experience – Android don't find the mainteam name from G_parameter"
2023-01-19 12:22:20 I Polar get_multipickli "Digital Experience – IOS don't find the mainteam name from G_parameter"
2023-01-19 12:26:25 I Polar get_multipickli "Unassigned don't find the mainteam name from G_parameter"
2023-01-19 12:26:29 I Polar get_multipickli "Unassigned don't find the mainteam name from G_parameter"
2023-01-19 12:26:39 I Polar get_multipickli "Unassigned don't find the mainteam name from G_parameter"
2023-01-19 12:28:40 I Polar get_multipickli "Unassigned don't find the mainteam name from G_parameter"
2023-01-19 12:28:52 I Polar get_multipickli "Unassigned don't find the mainteam name from G_parameter"
2023-01-19 12:30:53 I Polar get_multipickli "Unassigned don't find the mainteam name from G_parameter"
2023-01-19 12:30:58 I Polar get_multipickli "Unassigned don't find the mainteam name from G_parameter"
2023-01-19 12:31:03 I Polar get_multipickli "Unassigned don't find the mainteam name from G_parameter"
2023-01-19 12:31:10 I Polar get_multipickli "Unassigned don't find the mainteam name from G_parameter"
2023-01-19 12:31:13 I Polar get_multipickli "Unassigned don't find the mainteam name from G_parameter"
2023-01-19 12:31:21 I Polar get_multipickli "Unassigned don't find the mainteam name from G_parameter"
2023-01-19 12:33:13 I Polar get_multipickli "Digital Experience – Android don't find the mainteam name from G_parameter"
2023-01-19 12:33:13 I Polar get_multipickli "Digital Experience – IOS don't find the mainteam name from G_parameter"
2023-01-19 12:33:30 I Polar get_multipickli "Digital Experience – Android don't find the mainteam name from G_parameter"
2023-01-19 12:33:30 I Polar get_multipickli "Digital Experience – IOS don't find the mainteam name from G_parameter"
2023-01-19 12:33:52 I Polar get_multipickli "Digital Experience – Android don't find the mainteam name from G_parameter"
2023-01-19 12:33:52 I Polar get_multipickli "Digital Experience – IOS don't find the mainteam name from G_parameter"
2023-01-19 12:34:05 I Polar get_multipickli "Digital Experience – Android don't find the mainteam name from G_parameter"
2023-01-19 12:34:05 I Polar get_multipickli "Digital Experience – IOS don't find the mainteam name from G_parameter"
2023-01-19 12:34:25 I Polar get_multipickli "Digital Experience – Android don't find the mainteam name from G_parameter"
2023-01-19 12:34:25 I Polar get_multipickli "Digital Experience – IOS don't find the mainteam name from G_parameter"
2023-01-19 12:34:25 I Polar get_multipickli "Digital Experience – SDK don't find the mainteam name from G_parameter"
2023-01-19 12:34:31 I Polar get_multipickli "Unassigned don't find the mainteam name from G_parameter"
2023-01-19 12:35:32 I Polar get_multipickli "Unassigned don't find the mainteam name from G_parameter"
2023-01-19 12:35:49 I Polar get_multipickli "Unassigned don't find the mainteam name from G_parameter"
2023-01-19 12:35:52 I Polar get_multipickli "Digital Experience – Android don't find the mainteam name from G_parameter"
2023-01-19 12:35:52 I Polar get_multipickli "Digital Experience – IOS don't find the mainteam name from G_parameter"
2023-01-19 12:35:55 I Polar get_multipickli "Digital Experience – Android don't find the mainteam name from G_parameter"
2023-01-19 12:35:55 I Polar get_multipickli "Digital Experience – IOS don't find the mainteam name from G_parameter"
2023-01-19 12:35:58 I Polar get_multipickli "Digital Experience – Android don't find the mainteam name from G_parameter"
2023-01-19 12:35:58 I Polar get_multipickli "Digital Experience – IOS don't find the mainteam name from G_parameter"
2023-01-19 12:36:01 I Polar get_multipickli "Digital Experience – Android don't find the mainteam name from G_parameter"
2023-01-19 12:36:01 I Polar get_multipickli "Digital Experience – IOS don't find the mainteam name from G_parameter"
2023-01-19 12:36:03 I Polar get_multipickli "Digital Experience – Android don't find the mainteam name from G_parameter"
2023-01-19 12:36:03 I Polar get_multipickli "Digital Experience – IOS don't find the mainteam name from G_parameter"
2023-01-19 12:36:06 I Polar get_multipickli "Digital Experience – Android don't find the mainteam name from G_parameter"
2023-01-19 12:36:06 I Polar get_multipickli "Digital Experience – IOS don't find the mainteam name from G_parameter"
2023-01-19 12:36:09 I Polar get_multipickli "Digital Experience – Android don't find the mainteam name from G_parameter"
2023-01-19 12:36:09 I Polar get_multipickli "Digital Experience – IOS don't find the mainteam name from G_parameter"
2023-01-19 12:36:13 I Polar get_multipickli "Unassigned don't find the mainteam name from G_parameter"
2023-01-19 12:36:16 I Polar get_multipickli "Digital Experience – Android don't find the mainteam name from G_parameter"
2023-01-19 12:36:16 I Polar get_multipickli "Digital Experience – IOS don't find the mainteam name from G_parameter"
2023-01-19 12:36:18 I Polar get_multipickli "Digital Experience – Android don't find the mainteam name from G_parameter"
2023-01-19 12:36:20 I Polar get_multipickli "Digital Experience – Android don't find the mainteam name from G_parameter"
2023-01-19 12:36:22 I Polar get_multipickli "Digital Experience – Android don't find the mainteam name from G_parameter"
2023-01-19 12:36:25 I Polar get_multipickli "Digital Experience – Android don't find the mainteam name from G_parameter"
2023-01-19 12:36:27 I Polar get_multipickli "Digital Experience – Android don't find the mainteam name from G_parameter"
2023-01-19 12:36:30 I Polar get_multipickli "Digital Experience – Android don't find the mainteam name from G_parameter"
2023-01-19 12:37:16 I Polar Print           "DROP TABLE IF EXISTS allrequirements:successful"
2023-01-19 12:37:16 I Polar Print           "DROP TABLE IF EXISTS allcoverage:successful"
2023-01-19 12:37:16 I Polar Print           "CREATE TABLE IF NOT EXISTS requirements (                        rel TEXT, status TEXT, count INT, date TEXT) ENGINE=InnoDB DEFAULT CHARSET=utf8:successful"
2023-01-19 12:37:16 I Polar Print           "CREATE TABLE IF NOT EXISTS allrequirements (                        id INT, uniqueid TEXT, name TEXT, status TEXT, rel TEXT, upstream TEXT, downstream TEXT, team TEXT, test_status TEXT) ENGINE=InnoDB DEFAULT CHARSET=utf8:successful"
2023-01-19 12:37:16 I Polar Print           "CREATE TABLE IF NOT EXISTS coverage (                        team text, covered int, expected int, date text) ENGINE=InnoDB DEFAULT CHARSET=utf8:successful"
2023-01-19 12:37:16 I Polar Print           "CREATE TABLE IF NOT EXISTS allcoverage (                        id INT, uniqueid TEXT, name TEXT, status TEXT, rel TEXT, verify TEXT, missing TEXT) ENGINE=InnoDB DEFAULT CHARSET=utf8:successful"
2023-01-19 12:37:16 I Polar Print           "DELETE FROM requirements WHERE date='2023-01-19':successful"
2023-01-19 12:37:16 I Polar Print           "DELETE FROM coverage WHERE date='2023-01-19':successful"
2023-01-19 12:37:16 I Polar Print           "INSERT INTO requirements (rel, status, count, date) SELECT rel, status, count((@rn := @rn + 1)) as count, '2023-01-19' as date FROM allrequirements cross join (select @rn := 0) const GROUP BY rel, status:successful"
2023-01-19 12:37:16 I Polar Print           "CREATE TABLE IF NOT EXISTS feattest (rel TEXT, status TEXT, count TEXT, date TEXT) ENGINE=InnoDB DEFAULT CHARSET=utf8:successful"
2023-01-19 12:37:16 I Polar Print           "CREATE TABLE IF NOT EXISTS reqtest (rel TEXT, status TEXT, count TEXT, date TEXT) ENGINE=InnoDB DEFAULT CHARSET=utf8:successful"
2023-01-19 12:37:16 I Polar Print           "SELECT id FROM allfeatures:successful"
2023-01-19 12:37:16 I Polar Print           "SELECT id,upstream,downstream,team FROM allrequirements:successful"
2023-01-19 12:37:16 I Polar Print           "SELECT id FROM allcoverage:successful"
2023-01-19 12:37:16 I Polar Print           "SELECT * FROM testcases:successful"
