2023-01-19 05:31:29 I Spide Print           "Connet 20525 successfully!!!"
2023-01-19 05:31:29 I Spide Get_alltests    "Get project name:Spiderman id:20525 all testplans"
2023-01-19 05:31:44 I Spide Get_alltests    "{}"
2023-01-19 05:31:44 I Spide Get_alltests    "Get project name:Spiderman id:20525 all testplans successful!!!"
2023-01-19 05:31:44 I Spide tidy_alltestcas "0"
2023-01-19 05:31:44 I Spide Print           "DROP TABLE IF EXISTS testcases:successful"
2023-01-19 05:31:44 I Spide Print           "CREATE TABLE IF NOT EXISTS testcases (                             testplan_id INT,                             testplan_name TEXT,                             testgroup_id INT,                             testgroup_name TEXT,                             testcycle_id INT,                             testcycle_name TEXT,                             rel TEXT,                             id INT,                             uniqueid TEXT,                             name TEXT,                             status TEXT,                             upstream TEXT,                             downstream TEXT,                             executionDate TEXT) ENGINE=InnoDB DEFAULT CHARSET=utf8:successful"
2023-01-19 05:31:44 I Spide update_database "Insert testcases table successful"
2023-01-19 05:31:44 I Spide Print           "CREATE TABLE IF NOT EXISTS tests (                             testplan_id INT,                             testplan_name TEXT,                             testplan_status TEXT,                             rel TEXT, status TEXT,                             count INT, date TEXT) ENGINE=InnoDB DEFAULT CHARSET=utf8:successful"
2023-01-19 05:31:44 I Spide Print           "DELETE FROM tests WHERE date='2023-01-19':successful"
2023-01-19 05:31:44 I Spide Print           "SELECT testplan_id FROM tests GROUP BY testplan_id:successful"
2023-01-19 05:31:44 I Spide Print           "INSERT INTO tests (testplan_id, testplan_name, testplan_status, rel, status, count, date) SELECT testplan_id, testplan_name, 'Active' as testplan_status, rel, status, count((@rn := @rn + 1)) as count, '2023-01-19' as date FROM testcases cross join (select @rn := 0) const GROUP BY testplan_id, rel, status:successful"
2023-01-19 05:31:44 I Spide update_database "Insert tests table successful"
2023-01-19 05:31:44 I Spide Print           "CREATE TABLE IF NOT EXISTS testapproval (                                 rel TEXT, team TEXT, status TEXT, upstream TEXT, count INT, date TEXT                                 ) ENGINE=InnoDB DEFAULT CHARSET=utf8:successful"
2023-01-19 05:31:44 I Spide Print           "DROP TABLE IF EXISTS alltestapproval:successful"
2023-01-19 05:31:44 I Spide Print           "CREATE TABLE IF NOT EXISTS alltestapproval (                                 id INT, uniqueid TEXT, name TEXT, status TEXT, rel TEXT, team TEXT, upstream TEXT                                 ) ENGINE=InnoDB DEFAULT CHARSET=utf8:successful"
2023-01-19 05:31:44 I Spide Print           "DELETE FROM testapproval WHERE date='2023-01-19':successful"
2023-01-19 05:31:44 I Spide Print           "INSERT INTO testapproval (rel, team, status, count, date, upstream) SELECT rel, team, status, count((@rn := @rn + 1)) as count, '2023-01-19' as date, upstream FROM alltestapproval cross join (select @rn := 0) const GROUP BY rel, team, status, upstream:successful"
2023-01-19 05:32:16 I Spide Get_allfeatuers "[]"
2023-01-19 05:32:16 I Spide Print           "CREATE TABLE IF NOT EXISTS features (                                rel TEXT, status TEXT, count INT, date TEXT) ENGINE=InnoDB DEFAULT CHARSET=utf8:successful"
2023-01-19 05:32:16 I Spide Print           "CREATE TABLE IF NOT EXISTS allfeatures (                                id INT, uniqueid TEXT, name TEXT, status TEXT, rel TEXT,test_status TEXT) ENGINE=InnoDB DEFAULT CHARSET=utf8:successful"
2023-01-19 05:32:16 I Spide Print           "DELETE FROM features WHERE date='2023-01-19':successful"
2023-01-19 05:32:16 I Spide Print           "DELETE FROM allfeatures WHERE id=12535715:successful"
2023-01-19 05:32:16 I Spide Print           "DELETE FROM allfeatures WHERE id=12535529:successful"
2023-01-19 05:32:16 I Spide Print           "INSERT INTO features (rel, status, count, date)                                 SELECT rel, status, count((@rn := @rn + 1)) as count, '2023-01-19' as date FROM allfeatures cross join (select @rn := 0) const GROUP BY rel, status:successful"
2023-01-19 05:32:30 I Spide Get_allchangere "[]"
2023-01-19 05:32:30 I Spide Print           "CREATE TABLE IF NOT EXISTS changes (                                 rel TEXT, status TEXT, priority TEXT,                                 requester TEXT, date TEXT, count INT) ENGINE=InnoDB DEFAULT CHARSET=utf8:successful"
2023-01-19 05:32:30 I Spide Print           "CREATE TABLE IF NOT EXISTS allchanges (                                 id INT, uniqueid TEXT, name TEXT,                                 status TEXT, rel TEXT, priority TEXT,                                 requester TEXT) ENGINE=InnoDB DEFAULT CHARSET=utf8:successful"
2023-01-19 05:32:30 I Spide Print           "DELETE FROM changes WHERE date='2023-01-19':successful"
2023-01-19 05:32:30 I Spide Print           "INSERT INTO changes (                                 rel, status, priority, requester, date, count)                                 SELECT rel, status, priority, requester, '2023-01-19' as date, count((@rn := @rn + 1)) as count FROM allchanges                                 cross join (select @rn := 0) const GROUP BY rel, status, priority, requester:successful"
2023-01-19 05:32:45 I Spide Print           "CREATE TABLE IF NOT EXISTS designspec (                            rel TEXT, team TEXT, status TEXT, count INT, date text) ENGINE=InnoDB DEFAULT CHARSET=utf8:successful"
2023-01-19 05:32:45 I Spide Print           "CREATE TABLE IF NOT EXISTS alldesignspec (                             id INT, uniqueid TEXT, name TEXT, status TEXT, rel TEXT, team TEXT) ENGINE=InnoDB DEFAULT CHARSET=utf8:successful"
2023-01-19 05:32:45 I Spide Print           "DELETE FROM designspec WHERE date='2023-01-19':successful"
2023-01-19 05:32:45 I Spide Print           "INSERT INTO designspec (rel, team, status, count, date) SELECT rel, team, status, count((@rn := @rn + 1)) as count, '2023-01-19' as date FROM alldesignspec cross join (select @rn := 0) const GROUP BY rel, team, status:successful"
2023-01-19 05:33:15 I Spide Get_alluserstor "[]"
2023-01-19 05:33:15 I Spide Print           "CREATE TABLE IF NOT EXISTS userstories (                 rel TEXT, status TEXT, count INT, date TEXT) ENGINE=InnoDB DEFAULT CHARSET=utf8:successful"
2023-01-19 05:33:15 I Spide Print           "CREATE TABLE IF NOT EXISTS alluserstories (                 id INT, uniqueid TEXT, name TEXT, status TEXT, rel TEXT) ENGINE=InnoDB DEFAULT CHARSET=utf8:successful"
2023-01-19 05:33:15 I Spide Print           "DELETE FROM userstories WHERE date='2023-01-19':successful"
2023-01-19 05:33:15 I Spide Print           "INSERT INTO userstories (rel, status, count, date) SELECT rel, status, count((@rn := @rn + 1)) as count, '2023-01-19' as date FROM alluserstories cross join (select @rn := 0) const GROUP BY rel, status:successful"
2023-01-19 05:33:47 I Spide Get_alldefects  "[]"
2023-01-19 05:33:47 I Spide Print           "CREATE TABLE IF NOT EXISTS defects (                     rel TEXT, team TEXT, status TEXT, priority TEXT, count INT, date TEXT) ENGINE=InnoDB DEFAULT CHARSET=utf8:successful"
2023-01-19 05:33:47 I Spide Print           "CREATE TABLE IF NOT EXISTS alldefects (                     id INT, uniqueid TEXT, name TEXT, status TEXT, rel TEXT, team TEXT, priority TEXT, jira TEXT, upstream TEXT) ENGINE=InnoDB DEFAULT CHARSET=utf8:successful"
2023-01-19 05:33:47 I Spide Print           "DELETE FROM defects WHERE date='2023-01-19':successful"
2023-01-19 05:33:47 I Spide Print           "INSERT INTO defects (rel, team, status, count, date, priority) SELECT rel, team, status, count((@rn := @rn + 1)) as count, '2023-01-19' as date, priority FROM alldefects cross join (select @rn := 0) const GROUP BY rel, team, status, priority:successful"
2023-01-19 05:50:08 I Spide get_multipickli "Unassigned don't find the mainteam name from G_parameter"
2023-01-19 05:51:09 I Spide get_multipickli "Unassigned don't find the mainteam name from G_parameter"
2023-01-19 05:51:35 I Spide get_multipickli "Unassigned don't find the mainteam name from G_parameter"
2023-01-19 05:52:42 I Spide get_multipickli "Unassigned don't find the mainteam name from G_parameter"
2023-01-19 05:54:59 I Spide get_multipickli "Unassigned don't find the mainteam name from G_parameter"
2023-01-19 05:55:24 I Spide get_multipickli "Unassigned don't find the mainteam name from G_parameter"
2023-01-19 05:56:39 I Spide get_multipickli "Unassigned don't find the mainteam name from G_parameter"
2023-01-19 05:58:08 I Spide get_multipickli "Unassigned don't find the mainteam name from G_parameter"
2023-01-19 06:00:19 I Spide get_multipickli "Unassigned don't find the mainteam name from G_parameter"
2023-01-19 06:01:34 I Spide get_multipickli "Unassigned don't find the mainteam name from G_parameter"
2023-01-19 06:01:57 I Spide get_multipickli "Unassigned don't find the mainteam name from G_parameter"
2023-01-19 06:02:43 I Spide get_multipickli "Unassigned don't find the mainteam name from G_parameter"
2023-01-19 06:03:04 I Spide get_multipickli "Unassigned don't find the mainteam name from G_parameter"
2023-01-19 06:03:25 I Spide get_multipickli "Unassigned don't find the mainteam name from G_parameter"
2023-01-19 06:12:52 I Spide Print           "DROP TABLE IF EXISTS allrequirements:successful"
2023-01-19 06:12:52 I Spide Print           "DROP TABLE IF EXISTS allcoverage:successful"
2023-01-19 06:12:52 I Spide Print           "CREATE TABLE IF NOT EXISTS requirements (                        rel TEXT, status TEXT, count INT, date TEXT) ENGINE=InnoDB DEFAULT CHARSET=utf8:successful"
2023-01-19 06:12:52 I Spide Print           "CREATE TABLE IF NOT EXISTS allrequirements (                        id INT, uniqueid TEXT, name TEXT, status TEXT, rel TEXT, upstream TEXT, downstream TEXT, team TEXT, test_status TEXT) ENGINE=InnoDB DEFAULT CHARSET=utf8:successful"
2023-01-19 06:12:52 I Spide Print           "CREATE TABLE IF NOT EXISTS coverage (                        team text, covered int, expected int, date text) ENGINE=InnoDB DEFAULT CHARSET=utf8:successful"
2023-01-19 06:12:52 I Spide Print           "CREATE TABLE IF NOT EXISTS allcoverage (                        id INT, uniqueid TEXT, name TEXT, status TEXT, rel TEXT, verify TEXT, missing TEXT) ENGINE=InnoDB DEFAULT CHARSET=utf8:successful"
2023-01-19 06:12:52 I Spide Print           "DELETE FROM requirements WHERE date='2023-01-19':successful"
2023-01-19 06:12:52 I Spide Print           "DELETE FROM coverage WHERE date='2023-01-19':successful"
2023-01-19 06:12:52 I Spide Print           "INSERT INTO requirements (rel, status, count, date) SELECT rel, status, count((@rn := @rn + 1)) as count, '2023-01-19' as date FROM allrequirements cross join (select @rn := 0) const GROUP BY rel, status:successful"
2023-01-19 06:12:52 I Spide Print           "CREATE TABLE IF NOT EXISTS feattest (rel TEXT, status TEXT, count TEXT, date TEXT) ENGINE=InnoDB DEFAULT CHARSET=utf8:successful"
2023-01-19 06:12:52 I Spide Print           "CREATE TABLE IF NOT EXISTS reqtest (rel TEXT, status TEXT, count TEXT, date TEXT) ENGINE=InnoDB DEFAULT CHARSET=utf8:successful"
2023-01-19 06:12:52 I Spide Print           "SELECT id FROM allfeatures:successful"
2023-01-19 06:12:52 I Spide Print           "SELECT id,upstream,downstream,team FROM allrequirements:successful"
2023-01-19 06:12:52 I Spide Print           "SELECT id FROM allcoverage:successful"
2023-01-19 06:12:52 I Spide Print           "SELECT * FROM testcases:successful"
2023-01-19 08:48:20 I Spide Print           "Connet 20525 successfully!!!"
2023-01-19 08:48:20 I Spide Get_alltests    "Get project name:Spiderman id:20525 all testplans"
2023-01-19 08:48:23 I Spide Get_alltests    "{}"
2023-01-19 08:48:23 I Spide Get_alltests    "Get project name:Spiderman id:20525 all testplans successful!!!"
2023-01-19 08:48:23 I Spide tidy_alltestcas "0"
2023-01-19 08:48:23 I Spide Print           "DROP TABLE IF EXISTS testcases:successful"
2023-01-19 08:48:23 I Spide Print           "CREATE TABLE IF NOT EXISTS testcases (                             testplan_id INT,                             testplan_name TEXT,                             testgroup_id INT,                             testgroup_name TEXT,                             testcycle_id INT,                             testcycle_name TEXT,                             rel TEXT,                             id INT,                             uniqueid TEXT,                             name TEXT,                             status TEXT,                             upstream TEXT,                             downstream TEXT,                             executionDate TEXT) ENGINE=InnoDB DEFAULT CHARSET=utf8:successful"
2023-01-19 08:48:23 I Spide update_database "Insert testcases table successful"
2023-01-19 08:48:23 I Spide Print           "CREATE TABLE IF NOT EXISTS tests (                             testplan_id INT,                             testplan_name TEXT,                             testplan_status TEXT,                             rel TEXT, status TEXT,                             count INT, date TEXT) ENGINE=InnoDB DEFAULT CHARSET=utf8:successful"
2023-01-19 08:48:23 I Spide Print           "DELETE FROM tests WHERE date='2023-01-19':successful"
2023-01-19 08:48:23 I Spide Print           "SELECT testplan_id FROM tests GROUP BY testplan_id:successful"
2023-01-19 08:48:23 I Spide Print           "INSERT INTO tests (testplan_id, testplan_name, testplan_status, rel, status, count, date) SELECT testplan_id, testplan_name, 'Active' as testplan_status, rel, status, count((@rn := @rn + 1)) as count, '2023-01-19' as date FROM testcases cross join (select @rn := 0) const GROUP BY testplan_id, rel, status:successful"
2023-01-19 08:48:23 I Spide update_database "Insert tests table successful"
2023-01-19 08:48:23 I Spide Print           "CREATE TABLE IF NOT EXISTS testapproval (                                 rel TEXT, team TEXT, status TEXT, upstream TEXT, count INT, date TEXT                                 ) ENGINE=InnoDB DEFAULT CHARSET=utf8:successful"
2023-01-19 08:48:23 I Spide Print           "DROP TABLE IF EXISTS alltestapproval:successful"
2023-01-19 08:48:23 I Spide Print           "CREATE TABLE IF NOT EXISTS alltestapproval (                                 id INT, uniqueid TEXT, name TEXT, status TEXT, rel TEXT, team TEXT, upstream TEXT                                 ) ENGINE=InnoDB DEFAULT CHARSET=utf8:successful"
2023-01-19 08:48:23 I Spide Print           "DELETE FROM testapproval WHERE date='2023-01-19':successful"
2023-01-19 08:48:23 I Spide Print           "INSERT INTO testapproval (rel, team, status, count, date, upstream) SELECT rel, team, status, count((@rn := @rn + 1)) as count, '2023-01-19' as date, upstream FROM alltestapproval cross join (select @rn := 0) const GROUP BY rel, team, status, upstream:successful"
2023-01-19 08:48:30 I Spide Get_allfeatuers "[]"
2023-01-19 08:48:30 I Spide Print           "CREATE TABLE IF NOT EXISTS features (                                rel TEXT, status TEXT, count INT, date TEXT) ENGINE=InnoDB DEFAULT CHARSET=utf8:successful"
2023-01-19 08:48:30 I Spide Print           "CREATE TABLE IF NOT EXISTS allfeatures (                                id INT, uniqueid TEXT, name TEXT, status TEXT, rel TEXT,test_status TEXT) ENGINE=InnoDB DEFAULT CHARSET=utf8:successful"
2023-01-19 08:48:30 I Spide Print           "DELETE FROM features WHERE date='2023-01-19':successful"
2023-01-19 08:48:30 I Spide Print           "DELETE FROM allfeatures WHERE id=12535715:successful"
2023-01-19 08:48:30 I Spide Print           "DELETE FROM allfeatures WHERE id=12535529:successful"
2023-01-19 08:48:30 I Spide Print           "INSERT INTO features (rel, status, count, date)                                 SELECT rel, status, count((@rn := @rn + 1)) as count, '2023-01-19' as date FROM allfeatures cross join (select @rn := 0) const GROUP BY rel, status:successful"
2023-01-19 08:48:32 I Spide Get_allchangere "[]"
2023-01-19 08:48:32 I Spide Print           "CREATE TABLE IF NOT EXISTS changes (                                 rel TEXT, status TEXT, priority TEXT,                                 requester TEXT, date TEXT, count INT) ENGINE=InnoDB DEFAULT CHARSET=utf8:successful"
2023-01-19 08:48:32 I Spide Print           "CREATE TABLE IF NOT EXISTS allchanges (                                 id INT, uniqueid TEXT, name TEXT,                                 status TEXT, rel TEXT, priority TEXT,                                 requester TEXT) ENGINE=InnoDB DEFAULT CHARSET=utf8:successful"
2023-01-19 08:48:32 I Spide Print           "DELETE FROM changes WHERE date='2023-01-19':successful"
2023-01-19 08:48:32 I Spide Print           "INSERT INTO changes (                                 rel, status, priority, requester, date, count)                                 SELECT rel, status, priority, requester, '2023-01-19' as date, count((@rn := @rn + 1)) as count FROM allchanges                                 cross join (select @rn := 0) const GROUP BY rel, status, priority, requester:successful"
2023-01-19 08:48:36 I Spide Print           "CREATE TABLE IF NOT EXISTS designspec (                            rel TEXT, team TEXT, status TEXT, count INT, date text) ENGINE=InnoDB DEFAULT CHARSET=utf8:successful"
2023-01-19 08:48:36 I Spide Print           "CREATE TABLE IF NOT EXISTS alldesignspec (                             id INT, uniqueid TEXT, name TEXT, status TEXT, rel TEXT, team TEXT) ENGINE=InnoDB DEFAULT CHARSET=utf8:successful"
2023-01-19 08:48:36 I Spide Print           "DELETE FROM designspec WHERE date='2023-01-19':successful"
2023-01-19 08:48:36 I Spide Print           "INSERT INTO designspec (rel, team, status, count, date) SELECT rel, team, status, count((@rn := @rn + 1)) as count, '2023-01-19' as date FROM alldesignspec cross join (select @rn := 0) const GROUP BY rel, team, status:successful"
2023-01-19 08:48:42 I Spide Get_alluserstor "[]"
2023-01-19 08:48:42 I Spide Print           "CREATE TABLE IF NOT EXISTS userstories (                 rel TEXT, status TEXT, count INT, date TEXT) ENGINE=InnoDB DEFAULT CHARSET=utf8:successful"
2023-01-19 08:48:42 I Spide Print           "CREATE TABLE IF NOT EXISTS alluserstories (                 id INT, uniqueid TEXT, name TEXT, status TEXT, rel TEXT) ENGINE=InnoDB DEFAULT CHARSET=utf8:successful"
2023-01-19 08:48:42 I Spide Print           "DELETE FROM userstories WHERE date='2023-01-19':successful"
2023-01-19 08:48:42 I Spide Print           "INSERT INTO userstories (rel, status, count, date) SELECT rel, status, count((@rn := @rn + 1)) as count, '2023-01-19' as date FROM alluserstories cross join (select @rn := 0) const GROUP BY rel, status:successful"
2023-01-19 08:48:49 I Spide Get_alldefects  "[]"
2023-01-19 08:48:49 I Spide Print           "CREATE TABLE IF NOT EXISTS defects (                     rel TEXT, team TEXT, status TEXT, priority TEXT, count INT, date TEXT) ENGINE=InnoDB DEFAULT CHARSET=utf8:successful"
2023-01-19 08:48:49 I Spide Print           "CREATE TABLE IF NOT EXISTS alldefects (                     id INT, uniqueid TEXT, name TEXT, status TEXT, rel TEXT, team TEXT, priority TEXT, jira TEXT, upstream TEXT) ENGINE=InnoDB DEFAULT CHARSET=utf8:successful"
2023-01-19 08:48:49 I Spide Print           "DELETE FROM defects WHERE date='2023-01-19':successful"
2023-01-19 08:48:49 I Spide Print           "INSERT INTO defects (rel, team, status, count, date, priority) SELECT rel, team, status, count((@rn := @rn + 1)) as count, '2023-01-19' as date, priority FROM alldefects cross join (select @rn := 0) const GROUP BY rel, team, status, priority:successful"
2023-01-19 08:53:53 I Spide get_multipickli "Unassigned don't find the mainteam name from G_parameter"
2023-01-19 08:54:18 I Spide get_multipickli "Unassigned don't find the mainteam name from G_parameter"
2023-01-19 08:54:29 I Spide get_multipickli "Unassigned don't find the mainteam name from G_parameter"
2023-01-19 08:55:00 I Spide get_multipickli "Unassigned don't find the mainteam name from G_parameter"
2023-01-19 08:56:52 I Spide get_multipickli "Unassigned don't find the mainteam name from G_parameter"
2023-01-19 08:57:23 I Spide get_multipickli "Unassigned don't find the mainteam name from G_parameter"
2023-01-19 08:58:36 I Spide get_multipickli "Unassigned don't find the mainteam name from G_parameter"
2023-01-19 08:59:17 I Spide get_multipickli "Unassigned don't find the mainteam name from G_parameter"
2023-01-19 08:59:55 I Spide get_multipickli "Unassigned don't find the mainteam name from G_parameter"
2023-01-19 09:00:20 I Spide get_multipickli "Unassigned don't find the mainteam name from G_parameter"
2023-01-19 09:00:29 I Spide get_multipickli "Unassigned don't find the mainteam name from G_parameter"
2023-01-19 09:00:48 I Spide get_multipickli "Unassigned don't find the mainteam name from G_parameter"
2023-01-19 09:00:58 I Spide get_multipickli "Unassigned don't find the mainteam name from G_parameter"
2023-01-19 09:01:09 I Spide get_multipickli "Unassigned don't find the mainteam name from G_parameter"
2023-01-19 09:10:48 I Spide Print           "DROP TABLE IF EXISTS allrequirements:successful"
2023-01-19 09:10:48 I Spide Print           "DROP TABLE IF EXISTS allcoverage:successful"
2023-01-19 09:10:48 I Spide Print           "CREATE TABLE IF NOT EXISTS requirements (                        rel TEXT, status TEXT, count INT, date TEXT) ENGINE=InnoDB DEFAULT CHARSET=utf8:successful"
2023-01-19 09:10:48 I Spide Print           "CREATE TABLE IF NOT EXISTS allrequirements (                        id INT, uniqueid TEXT, name TEXT, status TEXT, rel TEXT, upstream TEXT, downstream TEXT, team TEXT, test_status TEXT) ENGINE=InnoDB DEFAULT CHARSET=utf8:successful"
2023-01-19 09:10:48 I Spide Print           "CREATE TABLE IF NOT EXISTS coverage (                        team text, covered int, expected int, date text) ENGINE=InnoDB DEFAULT CHARSET=utf8:successful"
2023-01-19 09:10:48 I Spide Print           "CREATE TABLE IF NOT EXISTS allcoverage (                        id INT, uniqueid TEXT, name TEXT, status TEXT, rel TEXT, verify TEXT, missing TEXT) ENGINE=InnoDB DEFAULT CHARSET=utf8:successful"
2023-01-19 09:10:48 I Spide Print           "DELETE FROM requirements WHERE date='2023-01-19':successful"
2023-01-19 09:10:48 I Spide Print           "DELETE FROM coverage WHERE date='2023-01-19':successful"
2023-01-19 09:10:48 I Spide Print           "INSERT INTO requirements (rel, status, count, date) SELECT rel, status, count((@rn := @rn + 1)) as count, '2023-01-19' as date FROM allrequirements cross join (select @rn := 0) const GROUP BY rel, status:successful"
2023-01-19 09:10:48 I Spide Print           "CREATE TABLE IF NOT EXISTS feattest (rel TEXT, status TEXT, count TEXT, date TEXT) ENGINE=InnoDB DEFAULT CHARSET=utf8:successful"
2023-01-19 09:10:48 I Spide Print           "CREATE TABLE IF NOT EXISTS reqtest (rel TEXT, status TEXT, count TEXT, date TEXT) ENGINE=InnoDB DEFAULT CHARSET=utf8:successful"
2023-01-19 09:10:48 I Spide Print           "SELECT id FROM allfeatures:successful"
2023-01-19 09:10:48 I Spide Print           "SELECT id,upstream,downstream,team FROM allrequirements:successful"
2023-01-19 09:10:48 I Spide Print           "SELECT id FROM allcoverage:successful"
2023-01-19 09:10:48 I Spide Print           "SELECT * FROM testcases:successful"
