2023-01-19 09:30:17 I Thund Print           "Connet 20606 successfully!!!"
2023-01-19 09:30:17 I Thund Get_alltests    "Get project name:Thunderstorm id:20606 all testplans"
2023-01-19 09:30:25 I Thund Get_alltests    "{}"
2023-01-19 09:30:25 I Thund Get_alltests    "Get project name:Thunderstorm id:20606 all testplans successful!!!"
2023-01-19 09:30:25 I Thund tidy_alltestcas "0"
2023-01-19 09:30:25 I Thund Print           "DROP TABLE IF EXISTS testcases:successful"
2023-01-19 09:30:25 I Thund Print           "CREATE TABLE IF NOT EXISTS testcases (                             testplan_id INT,                             testplan_name TEXT,                             testgroup_id INT,                             testgroup_name TEXT,                             testcycle_id INT,                             testcycle_name TEXT,                             rel TEXT,                             id INT,                             uniqueid TEXT,                             name TEXT,                             status TEXT,                             upstream TEXT,                             downstream TEXT,                             executionDate TEXT) ENGINE=InnoDB DEFAULT CHARSET=utf8:successful"
2023-01-19 09:30:25 I Thund update_database "Insert testcases table successful"
2023-01-19 09:30:25 I Thund Print           "CREATE TABLE IF NOT EXISTS tests (                             testplan_id INT,                             testplan_name TEXT,                             testplan_status TEXT,                             rel TEXT, status TEXT,                             count INT, date TEXT) ENGINE=InnoDB DEFAULT CHARSET=utf8:successful"
2023-01-19 09:30:25 I Thund Print           "DELETE FROM tests WHERE date='2023-01-19':successful"
2023-01-19 09:30:25 I Thund Print           "SELECT testplan_id FROM tests GROUP BY testplan_id:successful"
2023-01-19 09:30:25 I Thund Print           "INSERT INTO tests (testplan_id, testplan_name, testplan_status, rel, status, count, date) SELECT testplan_id, testplan_name, 'Active' as testplan_status, rel, status, count((@rn := @rn + 1)) as count, '2023-01-19' as date FROM testcases cross join (select @rn := 0) const GROUP BY testplan_id, rel, status:successful"
2023-01-19 09:30:25 I Thund update_database "Insert tests table successful"
2023-01-19 09:30:25 I Thund Print           "CREATE TABLE IF NOT EXISTS testapproval (                                 rel TEXT, team TEXT, status TEXT, upstream TEXT, count INT, date TEXT                                 ) ENGINE=InnoDB DEFAULT CHARSET=utf8:successful"
2023-01-19 09:30:25 I Thund Print           "DROP TABLE IF EXISTS alltestapproval:successful"
2023-01-19 09:30:25 I Thund Print           "CREATE TABLE IF NOT EXISTS alltestapproval (                                 id INT, uniqueid TEXT, name TEXT, status TEXT, rel TEXT, team TEXT, upstream TEXT                                 ) ENGINE=InnoDB DEFAULT CHARSET=utf8:successful"
2023-01-19 09:30:25 I Thund Print           "DELETE FROM testapproval WHERE date='2023-01-19':successful"
2023-01-19 09:30:26 I Thund Print           "INSERT INTO testapproval (rel, team, status, count, date, upstream) SELECT rel, team, status, count((@rn := @rn + 1)) as count, '2023-01-19' as date, upstream FROM alltestapproval cross join (select @rn := 0) const GROUP BY rel, team, status, upstream:successful"
2023-01-19 09:30:41 I Thund Get_allfeatuers "[]"
2023-01-19 09:30:41 I Thund Print           "CREATE TABLE IF NOT EXISTS features (                                rel TEXT, status TEXT, count INT, date TEXT) ENGINE=InnoDB DEFAULT CHARSET=utf8:successful"
2023-01-19 09:30:41 I Thund Print           "CREATE TABLE IF NOT EXISTS allfeatures (                                id INT, uniqueid TEXT, name TEXT, status TEXT, rel TEXT,test_status TEXT) ENGINE=InnoDB DEFAULT CHARSET=utf8:successful"
2023-01-19 09:30:41 I Thund Print           "DELETE FROM features WHERE date='2023-01-19':successful"
2023-01-19 09:30:41 I Thund Print           "DELETE FROM allfeatures WHERE id=18887761:successful"
2023-01-19 09:30:41 I Thund Print           "DELETE FROM allfeatures WHERE id=18886467:successful"
2023-01-19 09:30:41 I Thund Print           "DELETE FROM allfeatures WHERE id=18886466:successful"
2023-01-19 09:30:41 I Thund Print           "DELETE FROM allfeatures WHERE id=18661635:successful"
2023-01-19 09:30:41 I Thund Print           "DELETE FROM allfeatures WHERE id=18484972:successful"
2023-01-19 09:30:41 I Thund Print           "INSERT INTO features (rel, status, count, date)                                 SELECT rel, status, count((@rn := @rn + 1)) as count, '2023-01-19' as date FROM allfeatures cross join (select @rn := 0) const GROUP BY rel, status:successful"
2023-01-19 09:30:49 I Thund Get_allchangere "[]"
2023-01-19 09:30:49 I Thund Print           "CREATE TABLE IF NOT EXISTS changes (                                 rel TEXT, status TEXT, priority TEXT,                                 requester TEXT, date TEXT, count INT) ENGINE=InnoDB DEFAULT CHARSET=utf8:successful"
2023-01-19 09:30:49 I Thund Print           "CREATE TABLE IF NOT EXISTS allchanges (                                 id INT, uniqueid TEXT, name TEXT,                                 status TEXT, rel TEXT, priority TEXT,                                 requester TEXT) ENGINE=InnoDB DEFAULT CHARSET=utf8:successful"
2023-01-19 09:30:49 I Thund Print           "DELETE FROM changes WHERE date='2023-01-19':successful"
2023-01-19 09:30:49 I Thund Print           "INSERT INTO changes (                                 rel, status, priority, requester, date, count)                                 SELECT rel, status, priority, requester, '2023-01-19' as date, count((@rn := @rn + 1)) as count FROM allchanges                                 cross join (select @rn := 0) const GROUP BY rel, status, priority, requester:successful"
2023-01-19 09:30:56 I Thund Print           "CREATE TABLE IF NOT EXISTS designspec (                            rel TEXT, team TEXT, status TEXT, count INT, date text) ENGINE=InnoDB DEFAULT CHARSET=utf8:successful"
2023-01-19 09:30:56 I Thund Print           "CREATE TABLE IF NOT EXISTS alldesignspec (                             id INT, uniqueid TEXT, name TEXT, status TEXT, rel TEXT, team TEXT) ENGINE=InnoDB DEFAULT CHARSET=utf8:successful"
2023-01-19 09:30:56 I Thund Print           "DELETE FROM designspec WHERE date='2023-01-19':successful"
2023-01-19 09:30:56 I Thund Print           "INSERT INTO designspec (rel, team, status, count, date) SELECT rel, team, status, count((@rn := @rn + 1)) as count, '2023-01-19' as date FROM alldesignspec cross join (select @rn := 0) const GROUP BY rel, team, status:successful"
2023-01-19 09:31:11 I Thund Get_alluserstor "[]"
2023-01-19 09:31:11 I Thund Print           "CREATE TABLE IF NOT EXISTS userstories (                 rel TEXT, status TEXT, count INT, date TEXT) ENGINE=InnoDB DEFAULT CHARSET=utf8:successful"
2023-01-19 09:31:11 I Thund Print           "CREATE TABLE IF NOT EXISTS alluserstories (                 id INT, uniqueid TEXT, name TEXT, status TEXT, rel TEXT) ENGINE=InnoDB DEFAULT CHARSET=utf8:successful"
2023-01-19 09:31:11 I Thund Print           "DELETE FROM userstories WHERE date='2023-01-19':successful"
2023-01-19 09:31:11 I Thund Print           "INSERT INTO userstories (rel, status, count, date) SELECT rel, status, count((@rn := @rn + 1)) as count, '2023-01-19' as date FROM alluserstories cross join (select @rn := 0) const GROUP BY rel, status:successful"
2023-01-19 09:31:25 I Thund Get_alldefects  "[]"
2023-01-19 09:31:25 I Thund Print           "CREATE TABLE IF NOT EXISTS defects (                     rel TEXT, team TEXT, status TEXT, priority TEXT, count INT, date TEXT) ENGINE=InnoDB DEFAULT CHARSET=utf8:successful"
2023-01-19 09:31:25 I Thund Print           "CREATE TABLE IF NOT EXISTS alldefects (                     id INT, uniqueid TEXT, name TEXT, status TEXT, rel TEXT, team TEXT, priority TEXT, jira TEXT, upstream TEXT) ENGINE=InnoDB DEFAULT CHARSET=utf8:successful"
2023-01-19 09:31:25 I Thund Print           "DELETE FROM defects WHERE date='2023-01-19':successful"
2023-01-19 09:31:25 I Thund Print           "INSERT INTO defects (rel, team, status, count, date, priority) SELECT rel, team, status, count((@rn := @rn + 1)) as count, '2023-01-19' as date, priority FROM alldefects cross join (select @rn := 0) const GROUP BY rel, team, status, priority:successful"
2023-01-19 09:45:01 I Thund get_multipickli "Unassigned don't find the mainteam name from G_parameter"
2023-01-19 09:51:44 I Thund get_multipickli "Unassigned don't find the mainteam name from G_parameter"
2023-01-19 09:52:48 I Thund get_multipickli "Unassigned don't find the mainteam name from G_parameter"
2023-01-19 09:54:32 I Thund get_multipickli "Unassigned don't find the mainteam name from G_parameter"
2023-01-19 09:55:24 I Thund get_multipickli "Unassigned don't find the mainteam name from G_parameter"
2023-01-19 09:55:56 I Thund get_multipickli "Unassigned don't find the mainteam name from G_parameter"
2023-01-19 09:56:28 I Thund get_multipickli "Unassigned don't find the mainteam name from G_parameter"
2023-01-19 09:57:01 I Thund get_multipickli "Unassigned don't find the mainteam name from G_parameter"
2023-01-19 10:02:49 I Thund get_multipickli "ESW Platform Test don't find the mainteam name from G_parameter"
2023-01-19 10:04:53 I Thund get_multipickli "ESW Platform Test don't find the mainteam name from G_parameter"
2023-01-19 10:07:18 I Thund get_multipickli "Digital Experience – Android don't find the mainteam name from G_parameter"
2023-01-19 10:07:25 I Thund get_multipickli "Digital Experience – IOS don't find the mainteam name from G_parameter"
2023-01-19 10:08:07 I Thund get_multipickli "Unassigned don't find the mainteam name from G_parameter"
2023-01-19 10:08:35 I Thund get_multipickli "Unassigned don't find the mainteam name from G_parameter"
2023-01-19 10:09:20 I Thund get_multipickli "Digital Experience – Android don't find the mainteam name from G_parameter"
2023-01-19 10:09:20 I Thund get_multipickli "Digital Experience – IOS don't find the mainteam name from G_parameter"
2023-01-19 10:09:54 I Thund get_multipickli "Digital Experience – Android don't find the mainteam name from G_parameter"
2023-01-19 10:09:54 I Thund get_multipickli "Digital Experience – IOS don't find the mainteam name from G_parameter"
2023-01-19 10:10:45 I Thund get_multipickli "Unassigned don't find the mainteam name from G_parameter"
2023-01-19 10:10:45 I Thund get_multipickli "Digital Experience – Android don't find the mainteam name from G_parameter"
2023-01-19 10:10:45 I Thund get_multipickli "Digital Experience – IOS don't find the mainteam name from G_parameter"
2023-01-19 10:16:39 I Thund get_multipickli "Unassigned don't find the mainteam name from G_parameter"
2023-01-19 10:16:50 I Thund get_multipickli "Unassigned don't find the mainteam name from G_parameter"
2023-01-19 10:17:01 I Thund get_multipickli "Unassigned don't find the mainteam name from G_parameter"
2023-01-19 10:17:09 I Thund get_multipickli "Unassigned don't find the mainteam name from G_parameter"
2023-01-19 10:24:13 I Thund get_multipickli "Unassigned don't find the mainteam name from G_parameter"
2023-01-19 10:24:41 I Thund get_multipickli "Unassigned don't find the mainteam name from G_parameter"
2023-01-19 10:27:32 I Thund get_multipickli "Unassigned don't find the mainteam name from G_parameter"
2023-01-19 10:29:59 I Thund get_multipickli "Unassigned don't find the mainteam name from G_parameter"
2023-01-19 10:30:08 I Thund get_multipickli "Unassigned don't find the mainteam name from G_parameter"
2023-01-19 10:30:18 I Thund get_multipickli "Unassigned don't find the mainteam name from G_parameter"
2023-01-19 10:30:25 I Thund get_multipickli "Unassigned don't find the mainteam name from G_parameter"
2023-01-19 10:30:34 I Thund get_multipickli "Unassigned don't find the mainteam name from G_parameter"
2023-01-19 10:30:54 I Thund get_multipickli "Digital Experience – Android don't find the mainteam name from G_parameter"
2023-01-19 10:30:54 I Thund get_multipickli "Digital Experience – IOS don't find the mainteam name from G_parameter"
2023-01-19 10:31:32 I Thund Print           "DROP TABLE IF EXISTS allrequirements:successful"
2023-01-19 10:31:32 I Thund Print           "DROP TABLE IF EXISTS allcoverage:successful"
2023-01-19 10:31:32 I Thund Print           "CREATE TABLE IF NOT EXISTS requirements (                        rel TEXT, status TEXT, count INT, date TEXT) ENGINE=InnoDB DEFAULT CHARSET=utf8:successful"
2023-01-19 10:31:32 I Thund Print           "CREATE TABLE IF NOT EXISTS allrequirements (                        id INT, uniqueid TEXT, name TEXT, status TEXT, rel TEXT, upstream TEXT, downstream TEXT, team TEXT, test_status TEXT) ENGINE=InnoDB DEFAULT CHARSET=utf8:successful"
2023-01-19 10:31:32 I Thund Print           "CREATE TABLE IF NOT EXISTS coverage (                        team text, covered int, expected int, date text) ENGINE=InnoDB DEFAULT CHARSET=utf8:successful"
2023-01-19 10:31:32 I Thund Print           "CREATE TABLE IF NOT EXISTS allcoverage (                        id INT, uniqueid TEXT, name TEXT, status TEXT, rel TEXT, verify TEXT, missing TEXT) ENGINE=InnoDB DEFAULT CHARSET=utf8:successful"
2023-01-19 10:31:32 I Thund Print           "DELETE FROM requirements WHERE date='2023-01-19':successful"
2023-01-19 10:31:32 I Thund Print           "DELETE FROM coverage WHERE date='2023-01-19':successful"
2023-01-19 10:31:32 I Thund Print           "INSERT INTO requirements (rel, status, count, date) SELECT rel, status, count((@rn := @rn + 1)) as count, '2023-01-19' as date FROM allrequirements cross join (select @rn := 0) const GROUP BY rel, status:successful"
2023-01-19 10:31:32 I Thund Print           "CREATE TABLE IF NOT EXISTS feattest (rel TEXT, status TEXT, count TEXT, date TEXT) ENGINE=InnoDB DEFAULT CHARSET=utf8:successful"
2023-01-19 10:31:32 I Thund Print           "CREATE TABLE IF NOT EXISTS reqtest (rel TEXT, status TEXT, count TEXT, date TEXT) ENGINE=InnoDB DEFAULT CHARSET=utf8:successful"
2023-01-19 10:31:32 I Thund Print           "SELECT id FROM allfeatures:successful"
2023-01-19 10:31:32 I Thund Print           "SELECT id,upstream,downstream,team FROM allrequirements:successful"
2023-01-19 10:31:32 I Thund Print           "SELECT id FROM allcoverage:successful"
2023-01-19 10:31:32 I Thund Print           "SELECT * FROM testcases:successful"
2023-01-19 11:40:05 I Thund Print           "Connet 20606 successfully!!!"
2023-01-19 11:40:05 I Thund Get_alltests    "Get project name:Thunderstorm id:20606 all testplans"
2023-01-19 11:40:15 I Thund Get_alltests    "{}"
2023-01-19 11:40:15 I Thund Get_alltests    "Get project name:Thunderstorm id:20606 all testplans successful!!!"
2023-01-19 11:40:15 I Thund tidy_alltestcas "0"
2023-01-19 11:40:15 I Thund Print           "DROP TABLE IF EXISTS testcases:successful"
2023-01-19 11:40:15 I Thund Print           "CREATE TABLE IF NOT EXISTS testcases (                             testplan_id INT,                             testplan_name TEXT,                             testgroup_id INT,                             testgroup_name TEXT,                             testcycle_id INT,                             testcycle_name TEXT,                             rel TEXT,                             id INT,                             uniqueid TEXT,                             name TEXT,                             status TEXT,                             upstream TEXT,                             downstream TEXT,                             executionDate TEXT) ENGINE=InnoDB DEFAULT CHARSET=utf8:successful"
2023-01-19 11:40:15 I Thund update_database "Insert testcases table successful"
2023-01-19 11:40:15 I Thund Print           "CREATE TABLE IF NOT EXISTS tests (                             testplan_id INT,                             testplan_name TEXT,                             testplan_status TEXT,                             rel TEXT, status TEXT,                             count INT, date TEXT) ENGINE=InnoDB DEFAULT CHARSET=utf8:successful"
2023-01-19 11:40:15 I Thund Print           "DELETE FROM tests WHERE date='2023-01-19':successful"
2023-01-19 11:40:15 I Thund Print           "SELECT testplan_id FROM tests GROUP BY testplan_id:successful"
2023-01-19 11:40:15 I Thund Print           "INSERT INTO tests (testplan_id, testplan_name, testplan_status, rel, status, count, date) SELECT testplan_id, testplan_name, 'Active' as testplan_status, rel, status, count((@rn := @rn + 1)) as count, '2023-01-19' as date FROM testcases cross join (select @rn := 0) const GROUP BY testplan_id, rel, status:successful"
2023-01-19 11:40:15 I Thund update_database "Insert tests table successful"
2023-01-19 11:40:15 I Thund Print           "CREATE TABLE IF NOT EXISTS testapproval (                                 rel TEXT, team TEXT, status TEXT, upstream TEXT, count INT, date TEXT                                 ) ENGINE=InnoDB DEFAULT CHARSET=utf8:successful"
2023-01-19 11:40:15 I Thund Print           "DROP TABLE IF EXISTS alltestapproval:successful"
2023-01-19 11:40:15 I Thund Print           "CREATE TABLE IF NOT EXISTS alltestapproval (                                 id INT, uniqueid TEXT, name TEXT, status TEXT, rel TEXT, team TEXT, upstream TEXT                                 ) ENGINE=InnoDB DEFAULT CHARSET=utf8:successful"
2023-01-19 11:40:15 I Thund Print           "DELETE FROM testapproval WHERE date='2023-01-19':successful"
2023-01-19 11:40:15 I Thund Print           "INSERT INTO testapproval (rel, team, status, count, date, upstream) SELECT rel, team, status, count((@rn := @rn + 1)) as count, '2023-01-19' as date, upstream FROM alltestapproval cross join (select @rn := 0) const GROUP BY rel, team, status, upstream:successful"
2023-01-19 11:40:35 I Thund Get_allfeatuers "[]"
2023-01-19 11:40:35 I Thund Print           "CREATE TABLE IF NOT EXISTS features (                                rel TEXT, status TEXT, count INT, date TEXT) ENGINE=InnoDB DEFAULT CHARSET=utf8:successful"
2023-01-19 11:40:35 I Thund Print           "CREATE TABLE IF NOT EXISTS allfeatures (                                id INT, uniqueid TEXT, name TEXT, status TEXT, rel TEXT,test_status TEXT) ENGINE=InnoDB DEFAULT CHARSET=utf8:successful"
2023-01-19 11:40:35 I Thund Print           "DELETE FROM features WHERE date='2023-01-19':successful"
2023-01-19 11:40:35 I Thund Print           "DELETE FROM allfeatures WHERE id=18887761:successful"
2023-01-19 11:40:35 I Thund Print           "DELETE FROM allfeatures WHERE id=18886467:successful"
2023-01-19 11:40:35 I Thund Print           "DELETE FROM allfeatures WHERE id=18886466:successful"
2023-01-19 11:40:35 I Thund Print           "DELETE FROM allfeatures WHERE id=18661635:successful"
2023-01-19 11:40:35 I Thund Print           "DELETE FROM allfeatures WHERE id=18484972:successful"
2023-01-19 11:40:35 I Thund Print           "INSERT INTO features (rel, status, count, date)                                 SELECT rel, status, count((@rn := @rn + 1)) as count, '2023-01-19' as date FROM allfeatures cross join (select @rn := 0) const GROUP BY rel, status:successful"
2023-01-19 11:40:45 I Thund Get_allchangere "[]"
2023-01-19 11:40:45 I Thund Print           "CREATE TABLE IF NOT EXISTS changes (                                 rel TEXT, status TEXT, priority TEXT,                                 requester TEXT, date TEXT, count INT) ENGINE=InnoDB DEFAULT CHARSET=utf8:successful"
2023-01-19 11:40:45 I Thund Print           "CREATE TABLE IF NOT EXISTS allchanges (                                 id INT, uniqueid TEXT, name TEXT,                                 status TEXT, rel TEXT, priority TEXT,                                 requester TEXT) ENGINE=InnoDB DEFAULT CHARSET=utf8:successful"
2023-01-19 11:40:45 I Thund Print           "DELETE FROM changes WHERE date='2023-01-19':successful"
2023-01-19 11:40:45 I Thund Print           "INSERT INTO changes (                                 rel, status, priority, requester, date, count)                                 SELECT rel, status, priority, requester, '2023-01-19' as date, count((@rn := @rn + 1)) as count FROM allchanges                                 cross join (select @rn := 0) const GROUP BY rel, status, priority, requester:successful"
2023-01-19 11:40:55 I Thund Print           "CREATE TABLE IF NOT EXISTS designspec (                            rel TEXT, team TEXT, status TEXT, count INT, date text) ENGINE=InnoDB DEFAULT CHARSET=utf8:successful"
2023-01-19 11:40:55 I Thund Print           "CREATE TABLE IF NOT EXISTS alldesignspec (                             id INT, uniqueid TEXT, name TEXT, status TEXT, rel TEXT, team TEXT) ENGINE=InnoDB DEFAULT CHARSET=utf8:successful"
2023-01-19 11:40:55 I Thund Print           "DELETE FROM designspec WHERE date='2023-01-19':successful"
2023-01-19 11:40:55 I Thund Print           "INSERT INTO designspec (rel, team, status, count, date) SELECT rel, team, status, count((@rn := @rn + 1)) as count, '2023-01-19' as date FROM alldesignspec cross join (select @rn := 0) const GROUP BY rel, team, status:successful"
2023-01-19 11:41:14 I Thund Get_alluserstor "[]"
2023-01-19 11:41:14 I Thund Print           "CREATE TABLE IF NOT EXISTS userstories (                 rel TEXT, status TEXT, count INT, date TEXT) ENGINE=InnoDB DEFAULT CHARSET=utf8:successful"
2023-01-19 11:41:14 I Thund Print           "CREATE TABLE IF NOT EXISTS alluserstories (                 id INT, uniqueid TEXT, name TEXT, status TEXT, rel TEXT) ENGINE=InnoDB DEFAULT CHARSET=utf8:successful"
2023-01-19 11:41:14 I Thund Print           "DELETE FROM userstories WHERE date='2023-01-19':successful"
2023-01-19 11:41:14 I Thund Print           "INSERT INTO userstories (rel, status, count, date) SELECT rel, status, count((@rn := @rn + 1)) as count, '2023-01-19' as date FROM alluserstories cross join (select @rn := 0) const GROUP BY rel, status:successful"
2023-01-19 11:41:34 I Thund Get_alldefects  "[]"
2023-01-19 11:41:34 I Thund Print           "CREATE TABLE IF NOT EXISTS defects (                     rel TEXT, team TEXT, status TEXT, priority TEXT, count INT, date TEXT) ENGINE=InnoDB DEFAULT CHARSET=utf8:successful"
2023-01-19 11:41:34 I Thund Print           "CREATE TABLE IF NOT EXISTS alldefects (                     id INT, uniqueid TEXT, name TEXT, status TEXT, rel TEXT, team TEXT, priority TEXT, jira TEXT, upstream TEXT) ENGINE=InnoDB DEFAULT CHARSET=utf8:successful"
2023-01-19 11:41:34 I Thund Print           "DELETE FROM defects WHERE date='2023-01-19':successful"
2023-01-19 11:41:34 I Thund Print           "INSERT INTO defects (rel, team, status, count, date, priority) SELECT rel, team, status, count((@rn := @rn + 1)) as count, '2023-01-19' as date, priority FROM alldefects cross join (select @rn := 0) const GROUP BY rel, team, status, priority:successful"
2023-01-19 11:53:17 I Thund get_multipickli "Unassigned don't find the mainteam name from G_parameter"
2023-01-19 11:58:21 I Thund get_multipickli "Unassigned don't find the mainteam name from G_parameter"
2023-01-19 11:58:44 I Thund get_multipickli "Unassigned don't find the mainteam name from G_parameter"
2023-01-19 11:59:13 I Thund get_multipickli "Unassigned don't find the mainteam name from G_parameter"
2023-01-19 11:59:25 I Thund get_multipickli "Unassigned don't find the mainteam name from G_parameter"
2023-01-19 11:59:31 I Thund get_multipickli "Unassigned don't find the mainteam name from G_parameter"
2023-01-19 11:59:37 I Thund get_multipickli "Unassigned don't find the mainteam name from G_parameter"
2023-01-19 11:59:44 I Thund get_multipickli "Unassigned don't find the mainteam name from G_parameter"
2023-01-19 12:01:10 I Thund get_multipickli "ESW Platform Test don't find the mainteam name from G_parameter"
2023-01-19 12:01:53 I Thund get_multipickli "ESW Platform Test don't find the mainteam name from G_parameter"
2023-01-19 12:02:59 I Thund get_multipickli "Digital Experience – Android don't find the mainteam name from G_parameter"
2023-01-19 12:03:01 I Thund get_multipickli "Digital Experience – IOS don't find the mainteam name from G_parameter"
2023-01-19 12:03:13 I Thund get_multipickli "Unassigned don't find the mainteam name from G_parameter"
2023-01-19 12:03:25 I Thund get_multipickli "Unassigned don't find the mainteam name from G_parameter"
2023-01-19 12:03:38 I Thund get_multipickli "Digital Experience – Android don't find the mainteam name from G_parameter"
2023-01-19 12:03:38 I Thund get_multipickli "Digital Experience – IOS don't find the mainteam name from G_parameter"
2023-01-19 12:04:02 I Thund get_multipickli "Digital Experience – Android don't find the mainteam name from G_parameter"
2023-01-19 12:04:02 I Thund get_multipickli "Digital Experience – IOS don't find the mainteam name from G_parameter"
2023-01-19 12:04:36 I Thund get_multipickli "Unassigned don't find the mainteam name from G_parameter"
2023-01-19 12:04:36 I Thund get_multipickli "Digital Experience – Android don't find the mainteam name from G_parameter"
2023-01-19 12:04:36 I Thund get_multipickli "Digital Experience – IOS don't find the mainteam name from G_parameter"
2023-01-19 12:08:33 I Thund get_multipickli "Unassigned don't find the mainteam name from G_parameter"
2023-01-19 12:08:41 I Thund get_multipickli "Unassigned don't find the mainteam name from G_parameter"
2023-01-19 12:08:46 I Thund get_multipickli "Unassigned don't find the mainteam name from G_parameter"
2023-01-19 12:08:51 I Thund get_multipickli "Unassigned don't find the mainteam name from G_parameter"
2023-01-19 12:13:24 I Thund get_multipickli "Unassigned don't find the mainteam name from G_parameter"
2023-01-19 12:13:42 I Thund get_multipickli "Unassigned don't find the mainteam name from G_parameter"
2023-01-19 12:15:33 I Thund get_multipickli "Unassigned don't find the mainteam name from G_parameter"
2023-01-19 12:17:02 I Thund get_multipickli "Unassigned don't find the mainteam name from G_parameter"
2023-01-19 12:17:07 I Thund get_multipickli "Unassigned don't find the mainteam name from G_parameter"
2023-01-19 12:17:15 I Thund get_multipickli "Unassigned don't find the mainteam name from G_parameter"
2023-01-19 12:17:21 I Thund get_multipickli "Unassigned don't find the mainteam name from G_parameter"
2023-01-19 12:17:25 I Thund get_multipickli "Unassigned don't find the mainteam name from G_parameter"
2023-01-19 12:17:36 I Thund get_multipickli "Digital Experience – Android don't find the mainteam name from G_parameter"
2023-01-19 12:17:36 I Thund get_multipickli "Digital Experience – IOS don't find the mainteam name from G_parameter"
2023-01-19 12:18:00 I Thund Print           "DROP TABLE IF EXISTS allrequirements:successful"
2023-01-19 12:18:00 I Thund Print           "DROP TABLE IF EXISTS allcoverage:successful"
2023-01-19 12:18:00 I Thund Print           "CREATE TABLE IF NOT EXISTS requirements (                        rel TEXT, status TEXT, count INT, date TEXT) ENGINE=InnoDB DEFAULT CHARSET=utf8:successful"
2023-01-19 12:18:00 I Thund Print           "CREATE TABLE IF NOT EXISTS allrequirements (                        id INT, uniqueid TEXT, name TEXT, status TEXT, rel TEXT, upstream TEXT, downstream TEXT, team TEXT, test_status TEXT) ENGINE=InnoDB DEFAULT CHARSET=utf8:successful"
2023-01-19 12:18:00 I Thund Print           "CREATE TABLE IF NOT EXISTS coverage (                        team text, covered int, expected int, date text) ENGINE=InnoDB DEFAULT CHARSET=utf8:successful"
2023-01-19 12:18:00 I Thund Print           "CREATE TABLE IF NOT EXISTS allcoverage (                        id INT, uniqueid TEXT, name TEXT, status TEXT, rel TEXT, verify TEXT, missing TEXT) ENGINE=InnoDB DEFAULT CHARSET=utf8:successful"
2023-01-19 12:18:00 I Thund Print           "DELETE FROM requirements WHERE date='2023-01-19':successful"
2023-01-19 12:18:00 I Thund Print           "DELETE FROM coverage WHERE date='2023-01-19':successful"
2023-01-19 12:18:00 I Thund Print           "INSERT INTO requirements (rel, status, count, date) SELECT rel, status, count((@rn := @rn + 1)) as count, '2023-01-19' as date FROM allrequirements cross join (select @rn := 0) const GROUP BY rel, status:successful"
2023-01-19 12:18:00 I Thund Print           "CREATE TABLE IF NOT EXISTS feattest (rel TEXT, status TEXT, count TEXT, date TEXT) ENGINE=InnoDB DEFAULT CHARSET=utf8:successful"
2023-01-19 12:18:00 I Thund Print           "CREATE TABLE IF NOT EXISTS reqtest (rel TEXT, status TEXT, count TEXT, date TEXT) ENGINE=InnoDB DEFAULT CHARSET=utf8:successful"
2023-01-19 12:18:00 I Thund Print           "SELECT id FROM allfeatures:successful"
2023-01-19 12:18:00 I Thund Print           "SELECT id,upstream,downstream,team FROM allrequirements:successful"
2023-01-19 12:18:00 I Thund Print           "SELECT id FROM allcoverage:successful"
2023-01-19 12:18:00 I Thund Print           "SELECT * FROM testcases:successful"
