2023-01-19 04:37:38 I Titan Print           "Connet 20423 successfully!!!"
2023-01-19 04:37:38 I Titan Get_alltests    "Get project name:Titan id:20423 all testplans"
2023-01-19 04:37:42 I Titan Get_alltests    "{3538869: {'id': 3538869, 'name': 'Audio test plan', 'archived': False, 'index': '3538869:Audio test plan'}, 3681211: {'id': 3681211, 'name': 'ESW Test Plan for Titan', 'archived': False, 'index': '3681211:ESW Test Plan for Titan'}, 5901936: {'id': 5901936, 'name': 'ESW Test Plan for Titan VP1SR5', 'archived': False, 'index': '5901936:ESW Test Plan for Titan VP1SR5'}, 6416642: {'id': 6416642, 'name': 'ESW Test Plan for Titan VP1SR6', 'archived': False, 'index': '6416642:ESW Test Plan for Titan VP1SR6'}, 7481679: {'id': 7481679, 'name': 'ESW Test Plan for Titan VP2SR7', 'archived': False, 'index': '7481679:ESW Test Plan for Titan VP2SR7'}, 3608639: {'id': 3608639, 'name': 'HW Test plan', 'archived': False, 'index': '3608639:HW Test plan'}, 3996298: {'id': 3996298, 'name': 'Product Maintenance test plan', 'archived': False, 'index': '3996298:Product Maintenance test plan'}, 4787992: {'id': 4787992, 'name': 'Product Verification Drop Test plan', 'archived': False, 'index': '4787992:Product Verification Drop Test plan'}, 3556318: {'id': 3556318, 'name': 'Product Verification Test Plan', 'archived': False, 'index': '3556318:Product Verification Test Plan'}, 3830503: {'id': 3830503, 'name': 'Regulatory Compliance Test Plan', 'archived': False, 'index': '3830503:Regulatory Compliance Test Plan'}, 8037716: {'id': 8037716, 'name': 'SE Product Verification Test Plan', 'archived': False, 'index': '8037716:SE Product Verification Test Plan'}, 4313192: {'id': 4313192, 'name': 'Titan packaging transportation test ', 'archived': False, 'index': '4313192:Titan packaging transportation test '}, 5682183: {'id': 5682183, 'name': 'Titan WLC packaging transportation test', 'archived': False, 'index': '5682183:Titan WLC packaging transportation test'}, 5642757: {'id': 5642757, 'name': 'UX Execution Test Plan', 'archived': False, 'index': '5642757:UX Execution Test Plan'}}"
2023-01-19 04:37:42 I Titan Get_alltests    "Get project name:Titan id:20423 all testplans successful!!!"
2023-01-19 04:49:09 I Titan tidy_alltestcas "2279"
2023-01-19 04:55:48 I Titan Print           "DROP TABLE IF EXISTS testcases:successful"
2023-01-19 04:55:48 I Titan Print           "CREATE TABLE IF NOT EXISTS testcases (                             testplan_id INT,                             testplan_name TEXT,                             testgroup_id INT,                             testgroup_name TEXT,                             testcycle_id INT,                             testcycle_name TEXT,                             rel TEXT,                             id INT,                             uniqueid TEXT,                             name TEXT,                             status TEXT,                             upstream TEXT,                             downstream TEXT,                             executionDate TEXT) ENGINE=InnoDB DEFAULT CHARSET=utf8:successful"
2023-01-19 04:55:49 I Titan update_database "Insert testcases table successful"
2023-01-19 04:55:49 I Titan Print           "CREATE TABLE IF NOT EXISTS tests (                             testplan_id INT,                             testplan_name TEXT,                             testplan_status TEXT,                             rel TEXT, status TEXT,                             count INT, date TEXT) ENGINE=InnoDB DEFAULT CHARSET=utf8:successful"
2023-01-19 04:55:49 I Titan Print           "DELETE FROM tests WHERE date='2023-01-19':successful"
2023-01-19 04:55:49 I Titan Print           "SELECT testplan_id FROM tests GROUP BY testplan_id:successful"
2023-01-19 04:55:49 I Titan Print           "SELECT testplan_name FROM tests WHERE testplan_id=3538869 LIMIT 1:successful"
2023-01-19 04:55:49 I Titan Print           "UPDATE tests SET testplan_status='Active' WHERE testplan_id=3538869:successful"
2023-01-19 04:55:49 I Titan Print           "SELECT testplan_name FROM tests WHERE testplan_id=3681211 LIMIT 1:successful"
2023-01-19 04:55:49 I Titan Print           "UPDATE tests SET testplan_status='Active' WHERE testplan_id=3681211:successful"
2023-01-19 04:55:49 I Titan Print           "SELECT testplan_name FROM tests WHERE testplan_id=5901936 LIMIT 1:successful"
2023-01-19 04:55:49 I Titan Print           "UPDATE tests SET testplan_status='Active' WHERE testplan_id=5901936:successful"
2023-01-19 04:55:49 I Titan Print           "SELECT testplan_name FROM tests WHERE testplan_id=6416642 LIMIT 1:successful"
2023-01-19 04:55:49 I Titan Print           "UPDATE tests SET testplan_status='Active' WHERE testplan_id=6416642:successful"
2023-01-19 04:55:49 I Titan Print           "SELECT testplan_name FROM tests WHERE testplan_id=7481679 LIMIT 1:successful"
2023-01-19 04:55:49 I Titan Print           "UPDATE tests SET testplan_status='Active' WHERE testplan_id=7481679:successful"
2023-01-19 04:55:49 I Titan Print           "SELECT testplan_name FROM tests WHERE testplan_id=3996298 LIMIT 1:successful"
2023-01-19 04:55:49 I Titan Print           "UPDATE tests SET testplan_status='Active' WHERE testplan_id=3996298:successful"
2023-01-19 04:55:49 I Titan Print           "SELECT testplan_name FROM tests WHERE testplan_id=4787992 LIMIT 1:successful"
2023-01-19 04:55:49 I Titan Print           "UPDATE tests SET testplan_status='Active' WHERE testplan_id=4787992:successful"
2023-01-19 04:55:49 I Titan Print           "SELECT testplan_name FROM tests WHERE testplan_id=3556318 LIMIT 1:successful"
2023-01-19 04:55:49 I Titan Print           "UPDATE tests SET testplan_status='Active' WHERE testplan_id=3556318:successful"
2023-01-19 04:55:49 I Titan Print           "SELECT testplan_name FROM tests WHERE testplan_id=3830503 LIMIT 1:successful"
2023-01-19 04:55:49 I Titan Print           "UPDATE tests SET testplan_status='Active' WHERE testplan_id=3830503:successful"
2023-01-19 04:55:49 I Titan Print           "SELECT testplan_name FROM tests WHERE testplan_id=8037716 LIMIT 1:successful"
2023-01-19 04:55:49 I Titan Print           "UPDATE tests SET testplan_status='Active' WHERE testplan_id=8037716:successful"
2023-01-19 04:55:49 I Titan Print           "SELECT testplan_name FROM tests WHERE testplan_id=4313192 LIMIT 1:successful"
2023-01-19 04:55:49 I Titan Print           "UPDATE tests SET testplan_status='Active' WHERE testplan_id=4313192:successful"
2023-01-19 04:55:49 I Titan Print           "SELECT testplan_name FROM tests WHERE testplan_id=5682183 LIMIT 1:successful"
2023-01-19 04:55:49 I Titan Print           "UPDATE tests SET testplan_status='Active' WHERE testplan_id=5682183:successful"
2023-01-19 04:55:49 I Titan Print           "SELECT testplan_name FROM tests WHERE testplan_id=5642757 LIMIT 1:successful"
2023-01-19 04:55:49 I Titan Print           "UPDATE tests SET testplan_status='Active' WHERE testplan_id=5642757:successful"
2023-01-19 04:55:49 I Titan Print           "INSERT INTO tests (testplan_id, testplan_name, testplan_status, rel, status, count, date) SELECT testplan_id, testplan_name, 'Active' as testplan_status, rel, status, count((@rn := @rn + 1)) as count, '2023-01-19' as date FROM testcases cross join (select @rn := 0) const GROUP BY testplan_id, rel, status:successful"
2023-01-19 04:55:49 I Titan update_database "Insert tests table successful"
2023-01-19 04:55:49 I Titan Print           "CREATE TABLE IF NOT EXISTS testapproval (                                 rel TEXT, team TEXT, status TEXT, upstream TEXT, count INT, date TEXT                                 ) ENGINE=InnoDB DEFAULT CHARSET=utf8:successful"
2023-01-19 04:55:49 I Titan Print           "DROP TABLE IF EXISTS alltestapproval:successful"
2023-01-19 04:55:49 I Titan Print           "CREATE TABLE IF NOT EXISTS alltestapproval (                                 id INT, uniqueid TEXT, name TEXT, status TEXT, rel TEXT, team TEXT, upstream TEXT                                 ) ENGINE=InnoDB DEFAULT CHARSET=utf8:successful"
2023-01-19 04:55:49 I Titan Print           "DELETE FROM testapproval WHERE date='2023-01-19':successful"
2023-01-19 04:55:49 I Titan Print           "INSERT INTO testapproval (rel, team, status, count, date, upstream) SELECT rel, team, status, count((@rn := @rn + 1)) as count, '2023-01-19' as date, upstream FROM alltestapproval cross join (select @rn := 0) const GROUP BY rel, team, status, upstream:successful"
2023-01-19 04:55:53 I Titan Get_allfeatuers "[]"
2023-01-19 04:55:53 I Titan Print           "CREATE TABLE IF NOT EXISTS features (                                rel TEXT, status TEXT, count INT, date TEXT) ENGINE=InnoDB DEFAULT CHARSET=utf8:successful"
2023-01-19 04:55:53 I Titan Print           "CREATE TABLE IF NOT EXISTS allfeatures (                                id INT, uniqueid TEXT, name TEXT, status TEXT, rel TEXT,test_status TEXT) ENGINE=InnoDB DEFAULT CHARSET=utf8:successful"
2023-01-19 04:55:53 I Titan Print           "DELETE FROM features WHERE date='2023-01-19':successful"
2023-01-19 04:55:53 I Titan Print           "DELETE FROM allfeatures WHERE id=13016278:successful"
2023-01-19 04:55:53 I Titan Print           "DELETE FROM allfeatures WHERE id=9065792:successful"
2023-01-19 04:55:53 I Titan Print           "DELETE FROM allfeatures WHERE id=8125170:successful"
2023-01-19 04:55:53 I Titan Print           "DELETE FROM allfeatures WHERE id=7498060:successful"
2023-01-19 04:55:53 I Titan Print           "INSERT INTO features (rel, status, count, date)                                 SELECT rel, status, count((@rn := @rn + 1)) as count, '2023-01-19' as date FROM allfeatures cross join (select @rn := 0) const GROUP BY rel, status:successful"
2023-01-19 04:55:55 I Titan Get_allchangere "[]"
2023-01-19 04:55:55 I Titan Print           "CREATE TABLE IF NOT EXISTS changes (                                 rel TEXT, status TEXT, priority TEXT,                                 requester TEXT, date TEXT, count INT) ENGINE=InnoDB DEFAULT CHARSET=utf8:successful"
2023-01-19 04:55:55 I Titan Print           "CREATE TABLE IF NOT EXISTS allchanges (                                 id INT, uniqueid TEXT, name TEXT,                                 status TEXT, rel TEXT, priority TEXT,                                 requester TEXT) ENGINE=InnoDB DEFAULT CHARSET=utf8:successful"
2023-01-19 04:55:55 I Titan Print           "DELETE FROM changes WHERE date='2023-01-19':successful"
2023-01-19 04:55:55 I Titan Print           "INSERT INTO changes (                                 rel, status, priority, requester, date, count)                                 SELECT rel, status, priority, requester, '2023-01-19' as date, count((@rn := @rn + 1)) as count FROM allchanges                                 cross join (select @rn := 0) const GROUP BY rel, status, priority, requester:successful"
2023-01-19 04:55:58 I Titan Print           "CREATE TABLE IF NOT EXISTS designspec (                            rel TEXT, team TEXT, status TEXT, count INT, date text) ENGINE=InnoDB DEFAULT CHARSET=utf8:successful"
2023-01-19 04:55:58 I Titan Print           "CREATE TABLE IF NOT EXISTS alldesignspec (                             id INT, uniqueid TEXT, name TEXT, status TEXT, rel TEXT, team TEXT) ENGINE=InnoDB DEFAULT CHARSET=utf8:successful"
2023-01-19 04:55:58 I Titan Print           "DELETE FROM designspec WHERE date='2023-01-19':successful"
2023-01-19 04:55:58 I Titan Print           "INSERT INTO designspec (rel, team, status, count, date) SELECT rel, team, status, count((@rn := @rn + 1)) as count, '2023-01-19' as date FROM alldesignspec cross join (select @rn := 0) const GROUP BY rel, team, status:successful"
2023-01-19 04:56:03 I Titan Get_alluserstor "[]"
2023-01-19 04:56:03 I Titan Print           "CREATE TABLE IF NOT EXISTS userstories (                 rel TEXT, status TEXT, count INT, date TEXT) ENGINE=InnoDB DEFAULT CHARSET=utf8:successful"
2023-01-19 04:56:03 I Titan Print           "CREATE TABLE IF NOT EXISTS alluserstories (                 id INT, uniqueid TEXT, name TEXT, status TEXT, rel TEXT) ENGINE=InnoDB DEFAULT CHARSET=utf8:successful"
2023-01-19 04:56:03 I Titan Print           "DELETE FROM userstories WHERE date='2023-01-19':successful"
2023-01-19 04:56:03 I Titan Print           "INSERT INTO userstories (rel, status, count, date) SELECT rel, status, count((@rn := @rn + 1)) as count, '2023-01-19' as date FROM alluserstories cross join (select @rn := 0) const GROUP BY rel, status:successful"
2023-01-19 04:56:07 I Titan Get_alldefects  "[]"
2023-01-19 04:56:07 I Titan Print           "CREATE TABLE IF NOT EXISTS defects (                     rel TEXT, team TEXT, status TEXT, priority TEXT, count INT, date TEXT) ENGINE=InnoDB DEFAULT CHARSET=utf8:successful"
2023-01-19 04:56:07 I Titan Print           "CREATE TABLE IF NOT EXISTS alldefects (                     id INT, uniqueid TEXT, name TEXT, status TEXT, rel TEXT, team TEXT, priority TEXT, jira TEXT, upstream TEXT) ENGINE=InnoDB DEFAULT CHARSET=utf8:successful"
2023-01-19 04:56:07 I Titan Print           "DELETE FROM defects WHERE date='2023-01-19':successful"
2023-01-19 04:56:07 I Titan Print           "DELETE FROM alldefects WHERE id = 9197232:successful"
2023-01-19 04:56:07 I Titan Print           "INSERT INTO defects (rel, team, status, count, date, priority) SELECT rel, team, status, count((@rn := @rn + 1)) as count, '2023-01-19' as date, priority FROM alldefects cross join (select @rn := 0) const GROUP BY rel, team, status, priority:successful"
2023-01-19 05:06:30 I Titan get_multipickli "Unassigned don't find the mainteam name from G_parameter"
2023-01-19 05:14:24 I Titan get_multipickli "Unassigned don't find the mainteam name from G_parameter"
2023-01-19 05:14:42 I Titan get_multipickli "Unassigned don't find the mainteam name from G_parameter"
2023-01-19 05:15:51 I Titan get_multipickli "Unassigned don't find the mainteam name from G_parameter"
2023-01-19 05:19:49 I Titan get_multipickli "Unassigned don't find the mainteam name from G_parameter"
2023-01-19 05:19:58 I Titan get_multipickli "Unassigned don't find the mainteam name from G_parameter"
2023-01-19 05:20:53 I Titan get_multipickli "Unassigned don't find the mainteam name from G_parameter"
2023-01-19 05:23:09 I Titan get_multipickli "Unassigned don't find the mainteam name from G_parameter"
2023-01-19 05:25:45 I Titan get_multipickli "Unassigned don't find the mainteam name from G_parameter"
2023-01-19 05:27:05 I Titan get_multipickli "Unassigned don't find the mainteam name from G_parameter"
2023-01-19 05:27:39 I Titan get_multipickli "Unassigned don't find the mainteam name from G_parameter"
2023-01-19 05:28:25 I Titan get_multipickli "Unassigned don't find the mainteam name from G_parameter"
2023-01-19 05:28:48 I Titan get_multipickli "Unassigned don't find the mainteam name from G_parameter"
2023-01-19 05:29:13 I Titan get_multipickli "Unassigned don't find the mainteam name from G_parameter"
2023-01-19 05:44:06 I Titan get_multipickli "Digital Experience – Android don't find the mainteam name from G_parameter"
2023-01-19 05:44:14 I Titan get_multipickli "Digital Experience – IOS don't find the mainteam name from G_parameter"
2023-01-19 05:44:59 I Titan get_multipickli "Digital Experience – Android don't find the mainteam name from G_parameter"
2023-01-19 05:44:59 I Titan get_multipickli "Digital Experience – IOS don't find the mainteam name from G_parameter"
2023-01-19 05:45:31 I Titan get_multipickli "Digital Experience – Android don't find the mainteam name from G_parameter"
2023-01-19 05:45:31 I Titan get_multipickli "Digital Experience – IOS don't find the mainteam name from G_parameter"
2023-01-19 05:46:05 I Titan get_multipickli "Digital Experience – Android don't find the mainteam name from G_parameter"
2023-01-19 05:46:05 I Titan get_multipickli "Digital Experience – IOS don't find the mainteam name from G_parameter"
2023-01-19 05:47:12 I Titan get_multipickli "Digital Experience – Android don't find the mainteam name from G_parameter"
2023-01-19 05:47:12 I Titan get_multipickli "Digital Experience – IOS don't find the mainteam name from G_parameter"
2023-01-19 05:47:46 I Titan get_multipickli "Digital Experience – Android don't find the mainteam name from G_parameter"
2023-01-19 05:47:46 I Titan get_multipickli "Digital Experience – IOS don't find the mainteam name from G_parameter"
2023-01-19 05:54:17 I Titan get_multipickli "Digital Experience – Android don't find the mainteam name from G_parameter"
2023-01-19 05:54:17 I Titan get_multipickli "Digital Experience – IOS don't find the mainteam name from G_parameter"
2023-01-19 05:55:27 I Titan get_multipickli "Digital Experience – Android don't find the mainteam name from G_parameter"
2023-01-19 05:55:27 I Titan get_multipickli "Digital Experience – IOS don't find the mainteam name from G_parameter"
2023-01-19 05:55:49 I Titan get_multipickli "Digital Experience – Android don't find the mainteam name from G_parameter"
2023-01-19 05:55:49 I Titan get_multipickli "Digital Experience – IOS don't find the mainteam name from G_parameter"
2023-01-19 06:14:47 I Titan get_multipickli "Unassigned don't find the mainteam name from G_parameter"
2023-01-19 06:20:38 I Titan get_multipickli "Unassigned don't find the mainteam name from G_parameter"
2023-01-19 06:20:59 I Titan get_multipickli "Unassigned don't find the mainteam name from G_parameter"
2023-01-19 06:21:30 I Titan get_multipickli "Unassigned don't find the mainteam name from G_parameter"
2023-01-19 06:22:37 I Titan get_multipickli "Unassigned don't find the mainteam name from G_parameter"
2023-01-19 06:22:48 I Titan get_multipickli "Unassigned don't find the mainteam name from G_parameter"
2023-01-19 06:23:19 I Titan get_multipickli "Unassigned don't find the mainteam name from G_parameter"
2023-01-19 06:23:51 I Titan get_multipickli "Unassigned don't find the mainteam name from G_parameter"
2023-01-19 06:24:40 I Titan get_multipickli "Unassigned don't find the mainteam name from G_parameter"
2023-01-19 06:25:24 I Titan get_multipickli "Unassigned don't find the mainteam name from G_parameter"
2023-01-19 06:25:45 I Titan get_multipickli "Unassigned don't find the mainteam name from G_parameter"
2023-01-19 06:26:27 I Titan get_multipickli "Unassigned don't find the mainteam name from G_parameter"
2023-01-19 06:26:40 I Titan get_multipickli "Unassigned don't find the mainteam name from G_parameter"
2023-01-19 06:26:53 I Titan get_multipickli "Unassigned don't find the mainteam name from G_parameter"
2023-01-19 06:31:22 I Titan get_multipickli "Digital Experience – Android don't find the mainteam name from G_parameter"
2023-01-19 06:31:22 I Titan get_multipickli "Digital Experience – IOS don't find the mainteam name from G_parameter"
2023-01-19 06:31:35 I Titan get_multipickli "Digital Experience – Android don't find the mainteam name from G_parameter"
2023-01-19 06:31:35 I Titan get_multipickli "Digital Experience – IOS don't find the mainteam name from G_parameter"
2023-01-19 06:31:47 I Titan get_multipickli "Digital Experience – Android don't find the mainteam name from G_parameter"
2023-01-19 06:31:47 I Titan get_multipickli "Digital Experience – IOS don't find the mainteam name from G_parameter"
2023-01-19 06:32:00 I Titan get_multipickli "Digital Experience – Android don't find the mainteam name from G_parameter"
2023-01-19 06:32:00 I Titan get_multipickli "Digital Experience – IOS don't find the mainteam name from G_parameter"
2023-01-19 06:32:29 I Titan get_multipickli "Digital Experience – Android don't find the mainteam name from G_parameter"
2023-01-19 06:32:29 I Titan get_multipickli "Digital Experience – IOS don't find the mainteam name from G_parameter"
2023-01-19 06:32:41 I Titan get_multipickli "Digital Experience – Android don't find the mainteam name from G_parameter"
2023-01-19 06:32:41 I Titan get_multipickli "Digital Experience – IOS don't find the mainteam name from G_parameter"
2023-01-19 06:35:33 I Titan get_multipickli "Digital Experience – Android don't find the mainteam name from G_parameter"
2023-01-19 06:35:33 I Titan get_multipickli "Digital Experience – IOS don't find the mainteam name from G_parameter"
2023-01-19 06:36:04 I Titan get_multipickli "Digital Experience – Android don't find the mainteam name from G_parameter"
2023-01-19 06:36:04 I Titan get_multipickli "Digital Experience – IOS don't find the mainteam name from G_parameter"
2023-01-19 06:36:15 I Titan get_multipickli "Digital Experience – Android don't find the mainteam name from G_parameter"
2023-01-19 06:36:15 I Titan get_multipickli "Digital Experience – IOS don't find the mainteam name from G_parameter"
2023-01-19 06:42:22 I Titan get_multipickli "Digital Experience – Android don't find the mainteam name from G_parameter"
2023-01-19 06:42:22 I Titan get_multipickli "Digital Experience – IOS don't find the mainteam name from G_parameter"
2023-01-19 06:46:44 I Titan get_multipickli "Digital Experience – Android don't find the mainteam name from G_parameter"
2023-01-19 06:46:44 I Titan get_multipickli "Digital Experience – IOS don't find the mainteam name from G_parameter"
2023-01-19 06:47:27 I Titan get_multipickli "Digital Experience – Android don't find the mainteam name from G_parameter"
2023-01-19 06:47:27 I Titan get_multipickli "Digital Experience – IOS don't find the mainteam name from G_parameter"
2023-01-19 06:51:33 I Titan get_multipickli "Digital Experience – Android don't find the mainteam name from G_parameter"
2023-01-19 06:51:33 I Titan get_multipickli "Digital Experience – IOS don't find the mainteam name from G_parameter"
2023-01-19 06:51:55 I Titan get_multipickli "Digital Experience – Android don't find the mainteam name from G_parameter"
2023-01-19 06:51:55 I Titan get_multipickli "Digital Experience – IOS don't find the mainteam name from G_parameter"
2023-01-19 06:52:18 I Titan get_multipickli "Digital Experience – Android don't find the mainteam name from G_parameter"
2023-01-19 06:52:18 I Titan get_multipickli "Digital Experience – IOS don't find the mainteam name from G_parameter"
2023-01-19 07:00:09 I Titan get_multipickli "Digital Experience – Android don't find the mainteam name from G_parameter"
2023-01-19 07:00:09 I Titan get_multipickli "Digital Experience – IOS don't find the mainteam name from G_parameter"
2023-01-19 07:00:17 I Titan get_multipickli "Digital Experience – Android don't find the mainteam name from G_parameter"
2023-01-19 07:00:17 I Titan get_multipickli "Digital Experience – IOS don't find the mainteam name from G_parameter"
2023-01-19 07:00:25 I Titan get_multipickli "Digital Experience – Android don't find the mainteam name from G_parameter"
2023-01-19 07:00:25 I Titan get_multipickli "Digital Experience – IOS don't find the mainteam name from G_parameter"
2023-01-19 07:00:35 I Titan get_multipickli "Digital Experience – Android don't find the mainteam name from G_parameter"
2023-01-19 07:00:35 I Titan get_multipickli "Digital Experience – IOS don't find the mainteam name from G_parameter"
2023-01-19 07:00:43 I Titan get_multipickli "Digital Experience – Android don't find the mainteam name from G_parameter"
2023-01-19 07:00:43 I Titan get_multipickli "Digital Experience – IOS don't find the mainteam name from G_parameter"
2023-01-19 07:00:54 I Titan get_multipickli "Digital Experience – Android don't find the mainteam name from G_parameter"
2023-01-19 07:00:54 I Titan get_multipickli "Digital Experience – IOS don't find the mainteam name from G_parameter"
2023-01-19 07:01:02 I Titan get_multipickli "Digital Experience – Android don't find the mainteam name from G_parameter"
2023-01-19 07:01:02 I Titan get_multipickli "Digital Experience – IOS don't find the mainteam name from G_parameter"
2023-01-19 07:01:21 I Titan get_multipickli "Digital Experience – Android don't find the mainteam name from G_parameter"
2023-01-19 07:01:21 I Titan get_multipickli "Digital Experience – IOS don't find the mainteam name from G_parameter"
2023-01-19 07:03:22 I Titan get_multipickli "Digital Experience – Android don't find the mainteam name from G_parameter"
2023-01-19 07:03:22 I Titan get_multipickli "Digital Experience – IOS don't find the mainteam name from G_parameter"
2023-01-19 07:05:34 I Titan get_multipickli "Digital Experience – Android don't find the mainteam name from G_parameter"
2023-01-19 07:05:34 I Titan get_multipickli "Digital Experience – IOS don't find the mainteam name from G_parameter"
2023-01-19 07:07:23 I Titan get_multipickli "Digital Experience – Android don't find the mainteam name from G_parameter"
2023-01-19 07:07:23 I Titan get_multipickli "Digital Experience – IOS don't find the mainteam name from G_parameter"
2023-01-19 07:09:43 I Titan get_multipickli "Digital Experience – Android don't find the mainteam name from G_parameter"
2023-01-19 07:09:43 I Titan get_multipickli "Digital Experience – IOS don't find the mainteam name from G_parameter"
2023-01-19 07:10:02 I Titan get_multipickli "Unassigned don't find the mainteam name from G_parameter"
2023-01-19 07:10:12 I Titan get_multipickli "Unassigned don't find the mainteam name from G_parameter"
2023-01-19 07:10:22 I Titan get_multipickli "Unassigned don't find the mainteam name from G_parameter"
2023-01-19 07:10:33 I Titan get_multipickli "Digital Experience – Android don't find the mainteam name from G_parameter"
2023-01-19 07:10:33 I Titan get_multipickli "Digital Experience – IOS don't find the mainteam name from G_parameter"
2023-01-19 07:11:00 I Titan get_multipickli "Digital Experience – Android don't find the mainteam name from G_parameter"
2023-01-19 07:11:00 I Titan get_multipickli "Digital Experience – IOS don't find the mainteam name from G_parameter"
2023-01-19 07:11:04 I Titan get_multipickli "Digital Experience – SDK don't find the mainteam name from G_parameter"
2023-01-19 07:11:17 I Titan get_multipickli "Digital Experience – Android don't find the mainteam name from G_parameter"
2023-01-19 07:11:17 I Titan get_multipickli "Digital Experience – IOS don't find the mainteam name from G_parameter"
2023-01-19 07:11:17 I Titan get_multipickli "Digital Experience – SDK don't find the mainteam name from G_parameter"
2023-01-19 07:11:38 I Titan get_multipickli "Digital Experience – Android don't find the mainteam name from G_parameter"
2023-01-19 07:11:38 I Titan get_multipickli "Digital Experience – IOS don't find the mainteam name from G_parameter"
2023-01-19 07:11:38 I Titan get_multipickli "Digital Experience – SDK don't find the mainteam name from G_parameter"
2023-01-19 07:14:26 I Titan get_multipickli "Digital Experience – Android don't find the mainteam name from G_parameter"
2023-01-19 07:14:26 I Titan get_multipickli "Digital Experience – IOS don't find the mainteam name from G_parameter"
2023-01-19 07:14:37 I Titan get_multipickli "Digital Experience – Android don't find the mainteam name from G_parameter"
2023-01-19 07:14:37 I Titan get_multipickli "Digital Experience – IOS don't find the mainteam name from G_parameter"
2023-01-19 07:14:47 I Titan get_multipickli "Digital Experience – Android don't find the mainteam name from G_parameter"
2023-01-19 07:14:47 I Titan get_multipickli "Digital Experience – IOS don't find the mainteam name from G_parameter"
2023-01-19 07:14:56 I Titan get_multipickli "Digital Experience – Android don't find the mainteam name from G_parameter"
2023-01-19 07:14:56 I Titan get_multipickli "Digital Experience – IOS don't find the mainteam name from G_parameter"
2023-01-19 07:15:06 I Titan get_multipickli "Digital Experience – Android don't find the mainteam name from G_parameter"
2023-01-19 07:15:06 I Titan get_multipickli "Digital Experience – IOS don't find the mainteam name from G_parameter"
2023-01-19 07:15:15 I Titan get_multipickli "Digital Experience – Android don't find the mainteam name from G_parameter"
2023-01-19 07:15:15 I Titan get_multipickli "Digital Experience – IOS don't find the mainteam name from G_parameter"
2023-01-19 07:15:24 I Titan get_multipickli "Digital Experience – Android don't find the mainteam name from G_parameter"
2023-01-19 07:15:24 I Titan get_multipickli "Digital Experience – IOS don't find the mainteam name from G_parameter"
2023-01-19 07:15:48 I Titan get_multipickli "Digital Experience – Android don't find the mainteam name from G_parameter"
2023-01-19 07:15:48 I Titan get_multipickli "Digital Experience – IOS don't find the mainteam name from G_parameter"
2023-01-19 07:16:32 I Titan get_multipickli "Digital Experience – Android don't find the mainteam name from G_parameter"
2023-01-19 07:16:32 I Titan get_multipickli "Digital Experience – IOS don't find the mainteam name from G_parameter"
2023-01-19 07:16:54 I Titan get_multipickli "Digital Experience – Android don't find the mainteam name from G_parameter"
2023-01-19 07:16:54 I Titan get_multipickli "Digital Experience – IOS don't find the mainteam name from G_parameter"
2023-01-19 07:19:02 I Titan get_multipickli "Digital Experience – Android don't find the mainteam name from G_parameter"
2023-01-19 07:19:02 I Titan get_multipickli "Digital Experience – IOS don't find the mainteam name from G_parameter"
2023-01-19 07:19:11 I Titan get_multipickli "Digital Experience – Android don't find the mainteam name from G_parameter"
2023-01-19 07:19:11 I Titan get_multipickli "Digital Experience – IOS don't find the mainteam name from G_parameter"
2023-01-19 07:19:23 I Titan get_multipickli "Digital Experience – Android don't find the mainteam name from G_parameter"
2023-01-19 07:19:23 I Titan get_multipickli "Digital Experience – IOS don't find the mainteam name from G_parameter"
2023-01-19 07:26:34 I Titan get_multipickli "Digital Experience – Android don't find the mainteam name from G_parameter"
2023-01-19 07:26:34 I Titan get_multipickli "Digital Experience – IOS don't find the mainteam name from G_parameter"
2023-01-19 07:26:44 I Titan get_multipickli "Digital Experience – Android don't find the mainteam name from G_parameter"
2023-01-19 07:26:44 I Titan get_multipickli "Digital Experience – IOS don't find the mainteam name from G_parameter"
2023-01-19 07:26:53 I Titan get_multipickli "Digital Experience – Android don't find the mainteam name from G_parameter"
2023-01-19 07:26:53 I Titan get_multipickli "Digital Experience – IOS don't find the mainteam name from G_parameter"
2023-01-19 07:27:01 I Titan get_multipickli "Digital Experience – Android don't find the mainteam name from G_parameter"
2023-01-19 07:27:01 I Titan get_multipickli "Digital Experience – IOS don't find the mainteam name from G_parameter"
2023-01-19 07:27:13 I Titan get_multipickli "Digital Experience – Android don't find the mainteam name from G_parameter"
2023-01-19 07:27:13 I Titan get_multipickli "Digital Experience – IOS don't find the mainteam name from G_parameter"
2023-01-19 07:27:23 I Titan get_multipickli "Digital Experience – Android don't find the mainteam name from G_parameter"
2023-01-19 07:27:23 I Titan get_multipickli "Digital Experience – IOS don't find the mainteam name from G_parameter"
2023-01-19 07:27:35 I Titan get_multipickli "Digital Experience – Android don't find the mainteam name from G_parameter"
2023-01-19 07:27:35 I Titan get_multipickli "Digital Experience – IOS don't find the mainteam name from G_parameter"
2023-01-19 07:28:01 I Titan get_multipickli "Digital Experience – Android don't find the mainteam name from G_parameter"
2023-01-19 07:28:01 I Titan get_multipickli "Digital Experience – IOS don't find the mainteam name from G_parameter"
2023-01-19 07:30:27 I Titan get_multipickli "Digital Experience – Android don't find the mainteam name from G_parameter"
2023-01-19 07:30:27 I Titan get_multipickli "Digital Experience – IOS don't find the mainteam name from G_parameter"
2023-01-19 07:31:44 I Titan get_multipickli "Digital Experience – Android don't find the mainteam name from G_parameter"
2023-01-19 07:31:44 I Titan get_multipickli "Digital Experience – IOS don't find the mainteam name from G_parameter"
2023-01-19 07:34:48 I Titan get_multipickli "Digital Experience – Android don't find the mainteam name from G_parameter"
2023-01-19 07:34:48 I Titan get_multipickli "Digital Experience – IOS don't find the mainteam name from G_parameter"
2023-01-19 07:35:08 I Titan Print           "DROP TABLE IF EXISTS allrequirements:successful"
2023-01-19 07:35:08 I Titan Print           "DROP TABLE IF EXISTS allcoverage:successful"
2023-01-19 07:35:08 I Titan Print           "CREATE TABLE IF NOT EXISTS requirements (                        rel TEXT, status TEXT, count INT, date TEXT) ENGINE=InnoDB DEFAULT CHARSET=utf8:successful"
2023-01-19 07:35:08 I Titan Print           "CREATE TABLE IF NOT EXISTS allrequirements (                        id INT, uniqueid TEXT, name TEXT, status TEXT, rel TEXT, upstream TEXT, downstream TEXT, team TEXT, test_status TEXT) ENGINE=InnoDB DEFAULT CHARSET=utf8:successful"
2023-01-19 07:35:08 I Titan Print           "CREATE TABLE IF NOT EXISTS coverage (                        team text, covered int, expected int, date text) ENGINE=InnoDB DEFAULT CHARSET=utf8:successful"
2023-01-19 07:35:08 I Titan Print           "CREATE TABLE IF NOT EXISTS allcoverage (                        id INT, uniqueid TEXT, name TEXT, status TEXT, rel TEXT, verify TEXT, missing TEXT) ENGINE=InnoDB DEFAULT CHARSET=utf8:successful"
2023-01-19 07:35:08 I Titan Print           "DELETE FROM requirements WHERE date='2023-01-19':successful"
2023-01-19 07:35:08 I Titan Print           "DELETE FROM coverage WHERE date='2023-01-19':successful"
2023-01-19 07:35:10 I Titan Print           "INSERT INTO requirements (rel, status, count, date) SELECT rel, status, count((@rn := @rn + 1)) as count, '2023-01-19' as date FROM allrequirements cross join (select @rn := 0) const GROUP BY rel, status:successful"
2023-01-19 07:35:10 I Titan Print           "CREATE TABLE IF NOT EXISTS feattest (rel TEXT, status TEXT, count TEXT, date TEXT) ENGINE=InnoDB DEFAULT CHARSET=utf8:successful"
2023-01-19 07:35:10 I Titan Print           "CREATE TABLE IF NOT EXISTS reqtest (rel TEXT, status TEXT, count TEXT, date TEXT) ENGINE=InnoDB DEFAULT CHARSET=utf8:successful"
2023-01-19 07:35:10 I Titan Print           "SELECT id FROM allfeatures:successful"
2023-01-19 07:35:10 I Titan Print           "SELECT id,upstream,downstream,team FROM allrequirements:successful"
2023-01-19 07:35:10 I Titan Print           "SELECT id FROM allcoverage:successful"
2023-01-19 07:35:10 I Titan Print           "SELECT * FROM testcases:successful"
2023-01-19 07:53:27 I Titan Print           "Connet 20423 successfully!!!"
2023-01-19 07:53:27 I Titan Get_alltests    "Get project name:Titan id:20423 all testplans"
2023-01-19 07:53:36 I Titan Get_alltests    "{3538869: {'id': 3538869, 'name': 'Audio test plan', 'archived': False, 'index': '3538869:Audio test plan'}, 3681211: {'id': 3681211, 'name': 'ESW Test Plan for Titan', 'archived': False, 'index': '3681211:ESW Test Plan for Titan'}, 5901936: {'id': 5901936, 'name': 'ESW Test Plan for Titan VP1SR5', 'archived': False, 'index': '5901936:ESW Test Plan for Titan VP1SR5'}, 6416642: {'id': 6416642, 'name': 'ESW Test Plan for Titan VP1SR6', 'archived': False, 'index': '6416642:ESW Test Plan for Titan VP1SR6'}, 7481679: {'id': 7481679, 'name': 'ESW Test Plan for Titan VP2SR7', 'archived': False, 'index': '7481679:ESW Test Plan for Titan VP2SR7'}, 3608639: {'id': 3608639, 'name': 'HW Test plan', 'archived': False, 'index': '3608639:HW Test plan'}, 3996298: {'id': 3996298, 'name': 'Product Maintenance test plan', 'archived': False, 'index': '3996298:Product Maintenance test plan'}, 4787992: {'id': 4787992, 'name': 'Product Verification Drop Test plan', 'archived': False, 'index': '4787992:Product Verification Drop Test plan'}, 3556318: {'id': 3556318, 'name': 'Product Verification Test Plan', 'archived': False, 'index': '3556318:Product Verification Test Plan'}, 3830503: {'id': 3830503, 'name': 'Regulatory Compliance Test Plan', 'archived': False, 'index': '3830503:Regulatory Compliance Test Plan'}, 8037716: {'id': 8037716, 'name': 'SE Product Verification Test Plan', 'archived': False, 'index': '8037716:SE Product Verification Test Plan'}, 4313192: {'id': 4313192, 'name': 'Titan packaging transportation test ', 'archived': False, 'index': '4313192:Titan packaging transportation test '}, 5682183: {'id': 5682183, 'name': 'Titan WLC packaging transportation test', 'archived': False, 'index': '5682183:Titan WLC packaging transportation test'}, 5642757: {'id': 5642757, 'name': 'UX Execution Test Plan', 'archived': False, 'index': '5642757:UX Execution Test Plan'}}"
2023-01-19 07:53:36 I Titan Get_alltests    "Get project name:Titan id:20423 all testplans successful!!!"
2023-01-19 08:12:24 I Titan tidy_alltestcas "2279"
2023-01-19 08:22:16 I Titan Print           "DROP TABLE IF EXISTS testcases:successful"
2023-01-19 08:22:16 I Titan Print           "CREATE TABLE IF NOT EXISTS testcases (                             testplan_id INT,                             testplan_name TEXT,                             testgroup_id INT,                             testgroup_name TEXT,                             testcycle_id INT,                             testcycle_name TEXT,                             rel TEXT,                             id INT,                             uniqueid TEXT,                             name TEXT,                             status TEXT,                             upstream TEXT,                             downstream TEXT,                             executionDate TEXT) ENGINE=InnoDB DEFAULT CHARSET=utf8:successful"
2023-01-19 08:22:18 I Titan update_database "Insert testcases table successful"
2023-01-19 08:22:18 I Titan Print           "CREATE TABLE IF NOT EXISTS tests (                             testplan_id INT,                             testplan_name TEXT,                             testplan_status TEXT,                             rel TEXT, status TEXT,                             count INT, date TEXT) ENGINE=InnoDB DEFAULT CHARSET=utf8:successful"
2023-01-19 08:22:18 I Titan Print           "DELETE FROM tests WHERE date='2023-01-19':successful"
2023-01-19 08:22:18 I Titan Print           "SELECT testplan_id FROM tests GROUP BY testplan_id:successful"
2023-01-19 08:22:18 I Titan Print           "SELECT testplan_name FROM tests WHERE testplan_id=3538869 LIMIT 1:successful"
2023-01-19 08:22:18 I Titan Print           "UPDATE tests SET testplan_status='Active' WHERE testplan_id=3538869:successful"
2023-01-19 08:22:18 I Titan Print           "SELECT testplan_name FROM tests WHERE testplan_id=3681211 LIMIT 1:successful"
2023-01-19 08:22:18 I Titan Print           "UPDATE tests SET testplan_status='Active' WHERE testplan_id=3681211:successful"
2023-01-19 08:22:18 I Titan Print           "SELECT testplan_name FROM tests WHERE testplan_id=5901936 LIMIT 1:successful"
2023-01-19 08:22:18 I Titan Print           "UPDATE tests SET testplan_status='Active' WHERE testplan_id=5901936:successful"
2023-01-19 08:22:18 I Titan Print           "SELECT testplan_name FROM tests WHERE testplan_id=6416642 LIMIT 1:successful"
2023-01-19 08:22:18 I Titan Print           "UPDATE tests SET testplan_status='Active' WHERE testplan_id=6416642:successful"
2023-01-19 08:22:18 I Titan Print           "SELECT testplan_name FROM tests WHERE testplan_id=7481679 LIMIT 1:successful"
2023-01-19 08:22:18 I Titan Print           "UPDATE tests SET testplan_status='Active' WHERE testplan_id=7481679:successful"
2023-01-19 08:22:18 I Titan Print           "SELECT testplan_name FROM tests WHERE testplan_id=3996298 LIMIT 1:successful"
2023-01-19 08:22:18 I Titan Print           "UPDATE tests SET testplan_status='Active' WHERE testplan_id=3996298:successful"
2023-01-19 08:22:18 I Titan Print           "SELECT testplan_name FROM tests WHERE testplan_id=4787992 LIMIT 1:successful"
2023-01-19 08:22:18 I Titan Print           "UPDATE tests SET testplan_status='Active' WHERE testplan_id=4787992:successful"
2023-01-19 08:22:18 I Titan Print           "SELECT testplan_name FROM tests WHERE testplan_id=3556318 LIMIT 1:successful"
2023-01-19 08:22:18 I Titan Print           "UPDATE tests SET testplan_status='Active' WHERE testplan_id=3556318:successful"
2023-01-19 08:22:18 I Titan Print           "SELECT testplan_name FROM tests WHERE testplan_id=3830503 LIMIT 1:successful"
2023-01-19 08:22:18 I Titan Print           "UPDATE tests SET testplan_status='Active' WHERE testplan_id=3830503:successful"
2023-01-19 08:22:18 I Titan Print           "SELECT testplan_name FROM tests WHERE testplan_id=8037716 LIMIT 1:successful"
2023-01-19 08:22:18 I Titan Print           "UPDATE tests SET testplan_status='Active' WHERE testplan_id=8037716:successful"
2023-01-19 08:22:18 I Titan Print           "SELECT testplan_name FROM tests WHERE testplan_id=4313192 LIMIT 1:successful"
2023-01-19 08:22:18 I Titan Print           "UPDATE tests SET testplan_status='Active' WHERE testplan_id=4313192:successful"
2023-01-19 08:22:18 I Titan Print           "SELECT testplan_name FROM tests WHERE testplan_id=5682183 LIMIT 1:successful"
2023-01-19 08:22:18 I Titan Print           "UPDATE tests SET testplan_status='Active' WHERE testplan_id=5682183:successful"
2023-01-19 08:22:18 I Titan Print           "SELECT testplan_name FROM tests WHERE testplan_id=5642757 LIMIT 1:successful"
2023-01-19 08:22:18 I Titan Print           "UPDATE tests SET testplan_status='Active' WHERE testplan_id=5642757:successful"
2023-01-19 08:22:18 I Titan Print           "INSERT INTO tests (testplan_id, testplan_name, testplan_status, rel, status, count, date) SELECT testplan_id, testplan_name, 'Active' as testplan_status, rel, status, count((@rn := @rn + 1)) as count, '2023-01-19' as date FROM testcases cross join (select @rn := 0) const GROUP BY testplan_id, rel, status:successful"
2023-01-19 08:22:18 I Titan update_database "Insert tests table successful"
2023-01-19 08:22:18 I Titan Print           "CREATE TABLE IF NOT EXISTS testapproval (                                 rel TEXT, team TEXT, status TEXT, upstream TEXT, count INT, date TEXT                                 ) ENGINE=InnoDB DEFAULT CHARSET=utf8:successful"
2023-01-19 08:22:18 I Titan Print           "DROP TABLE IF EXISTS alltestapproval:successful"
2023-01-19 08:22:18 I Titan Print           "CREATE TABLE IF NOT EXISTS alltestapproval (                                 id INT, uniqueid TEXT, name TEXT, status TEXT, rel TEXT, team TEXT, upstream TEXT                                 ) ENGINE=InnoDB DEFAULT CHARSET=utf8:successful"
2023-01-19 08:22:18 I Titan Print           "DELETE FROM testapproval WHERE date='2023-01-19':successful"
2023-01-19 08:22:18 I Titan Print           "INSERT INTO testapproval (rel, team, status, count, date, upstream) SELECT rel, team, status, count((@rn := @rn + 1)) as count, '2023-01-19' as date, upstream FROM alltestapproval cross join (select @rn := 0) const GROUP BY rel, team, status, upstream:successful"
2023-01-19 08:22:32 I Titan Get_allfeatuers "[]"
2023-01-19 08:22:32 I Titan Print           "CREATE TABLE IF NOT EXISTS features (                                rel TEXT, status TEXT, count INT, date TEXT) ENGINE=InnoDB DEFAULT CHARSET=utf8:successful"
2023-01-19 08:22:32 I Titan Print           "CREATE TABLE IF NOT EXISTS allfeatures (                                id INT, uniqueid TEXT, name TEXT, status TEXT, rel TEXT,test_status TEXT) ENGINE=InnoDB DEFAULT CHARSET=utf8:successful"
2023-01-19 08:22:32 I Titan Print           "DELETE FROM features WHERE date='2023-01-19':successful"
2023-01-19 08:22:32 I Titan Print           "DELETE FROM allfeatures WHERE id=13016278:successful"
2023-01-19 08:22:32 I Titan Print           "DELETE FROM allfeatures WHERE id=9065792:successful"
2023-01-19 08:22:32 I Titan Print           "DELETE FROM allfeatures WHERE id=8125170:successful"
2023-01-19 08:22:32 I Titan Print           "DELETE FROM allfeatures WHERE id=7498060:successful"
2023-01-19 08:22:32 I Titan Print           "INSERT INTO features (rel, status, count, date)                                 SELECT rel, status, count((@rn := @rn + 1)) as count, '2023-01-19' as date FROM allfeatures cross join (select @rn := 0) const GROUP BY rel, status:successful"
2023-01-19 08:22:39 I Titan Get_allchangere "[]"
2023-01-19 08:22:39 I Titan Print           "CREATE TABLE IF NOT EXISTS changes (                                 rel TEXT, status TEXT, priority TEXT,                                 requester TEXT, date TEXT, count INT) ENGINE=InnoDB DEFAULT CHARSET=utf8:successful"
2023-01-19 08:22:39 I Titan Print           "CREATE TABLE IF NOT EXISTS allchanges (                                 id INT, uniqueid TEXT, name TEXT,                                 status TEXT, rel TEXT, priority TEXT,                                 requester TEXT) ENGINE=InnoDB DEFAULT CHARSET=utf8:successful"
2023-01-19 08:22:39 I Titan Print           "DELETE FROM changes WHERE date='2023-01-19':successful"
2023-01-19 08:22:39 I Titan Print           "INSERT INTO changes (                                 rel, status, priority, requester, date, count)                                 SELECT rel, status, priority, requester, '2023-01-19' as date, count((@rn := @rn + 1)) as count FROM allchanges                                 cross join (select @rn := 0) const GROUP BY rel, status, priority, requester:successful"
2023-01-19 08:22:46 I Titan Print           "CREATE TABLE IF NOT EXISTS designspec (                            rel TEXT, team TEXT, status TEXT, count INT, date text) ENGINE=InnoDB DEFAULT CHARSET=utf8:successful"
2023-01-19 08:22:46 I Titan Print           "CREATE TABLE IF NOT EXISTS alldesignspec (                             id INT, uniqueid TEXT, name TEXT, status TEXT, rel TEXT, team TEXT) ENGINE=InnoDB DEFAULT CHARSET=utf8:successful"
2023-01-19 08:22:46 I Titan Print           "DELETE FROM designspec WHERE date='2023-01-19':successful"
2023-01-19 08:22:46 I Titan Print           "INSERT INTO designspec (rel, team, status, count, date) SELECT rel, team, status, count((@rn := @rn + 1)) as count, '2023-01-19' as date FROM alldesignspec cross join (select @rn := 0) const GROUP BY rel, team, status:successful"
2023-01-19 08:23:00 I Titan Get_alluserstor "[]"
2023-01-19 08:23:00 I Titan Print           "CREATE TABLE IF NOT EXISTS userstories (                 rel TEXT, status TEXT, count INT, date TEXT) ENGINE=InnoDB DEFAULT CHARSET=utf8:successful"
2023-01-19 08:23:00 I Titan Print           "CREATE TABLE IF NOT EXISTS alluserstories (                 id INT, uniqueid TEXT, name TEXT, status TEXT, rel TEXT) ENGINE=InnoDB DEFAULT CHARSET=utf8:successful"
2023-01-19 08:23:00 I Titan Print           "DELETE FROM userstories WHERE date='2023-01-19':successful"
2023-01-19 08:23:00 I Titan Print           "INSERT INTO userstories (rel, status, count, date) SELECT rel, status, count((@rn := @rn + 1)) as count, '2023-01-19' as date FROM alluserstories cross join (select @rn := 0) const GROUP BY rel, status:successful"
2023-01-19 08:23:14 I Titan Get_alldefects  "[]"
2023-01-19 08:23:14 I Titan Print           "CREATE TABLE IF NOT EXISTS defects (                     rel TEXT, team TEXT, status TEXT, priority TEXT, count INT, date TEXT) ENGINE=InnoDB DEFAULT CHARSET=utf8:successful"
2023-01-19 08:23:14 I Titan Print           "CREATE TABLE IF NOT EXISTS alldefects (                     id INT, uniqueid TEXT, name TEXT, status TEXT, rel TEXT, team TEXT, priority TEXT, jira TEXT, upstream TEXT) ENGINE=InnoDB DEFAULT CHARSET=utf8:successful"
2023-01-19 08:23:14 I Titan Print           "DELETE FROM defects WHERE date='2023-01-19':successful"
2023-01-19 08:23:14 I Titan Print           "DELETE FROM alldefects WHERE id = 9197232:successful"
2023-01-19 08:23:14 I Titan Print           "INSERT INTO defects (rel, team, status, count, date, priority) SELECT rel, team, status, count((@rn := @rn + 1)) as count, '2023-01-19' as date, priority FROM alldefects cross join (select @rn := 0) const GROUP BY rel, team, status, priority:successful"
2023-01-19 08:44:00 I Titan get_multipickli "Unassigned don't find the mainteam name from G_parameter"
2023-01-19 08:48:43 I Titan get_multipickli "Unassigned don't find the mainteam name from G_parameter"
2023-01-19 08:48:53 I Titan get_multipickli "Unassigned don't find the mainteam name from G_parameter"
2023-01-19 08:49:29 I Titan get_multipickli "Unassigned don't find the mainteam name from G_parameter"
2023-01-19 08:50:36 I Titan get_multipickli "Unassigned don't find the mainteam name from G_parameter"
2023-01-19 08:50:46 I Titan get_multipickli "Unassigned don't find the mainteam name from G_parameter"
2023-01-19 08:51:20 I Titan get_multipickli "Unassigned don't find the mainteam name from G_parameter"
2023-01-19 08:51:56 I Titan get_multipickli "Unassigned don't find the mainteam name from G_parameter"
2023-01-19 08:52:40 I Titan get_multipickli "Unassigned don't find the mainteam name from G_parameter"
2023-01-19 08:53:02 I Titan get_multipickli "Unassigned don't find the mainteam name from G_parameter"
2023-01-19 08:53:12 I Titan get_multipickli "Unassigned don't find the mainteam name from G_parameter"
2023-01-19 08:53:31 I Titan get_multipickli "Unassigned don't find the mainteam name from G_parameter"
2023-01-19 08:53:43 I Titan get_multipickli "Unassigned don't find the mainteam name from G_parameter"
2023-01-19 08:53:54 I Titan get_multipickli "Unassigned don't find the mainteam name from G_parameter"
2023-01-19 09:00:02 I Titan get_multipickli "Digital Experience – Android don't find the mainteam name from G_parameter"
2023-01-19 09:00:06 I Titan get_multipickli "Digital Experience – IOS don't find the mainteam name from G_parameter"
2023-01-19 09:00:19 I Titan get_multipickli "Digital Experience – Android don't find the mainteam name from G_parameter"
2023-01-19 09:00:19 I Titan get_multipickli "Digital Experience – IOS don't find the mainteam name from G_parameter"
2023-01-19 09:00:29 I Titan get_multipickli "Digital Experience – Android don't find the mainteam name from G_parameter"
2023-01-19 09:00:29 I Titan get_multipickli "Digital Experience – IOS don't find the mainteam name from G_parameter"
2023-01-19 09:00:38 I Titan get_multipickli "Digital Experience – Android don't find the mainteam name from G_parameter"
2023-01-19 09:00:38 I Titan get_multipickli "Digital Experience – IOS don't find the mainteam name from G_parameter"
2023-01-19 09:00:59 I Titan get_multipickli "Digital Experience – Android don't find the mainteam name from G_parameter"
2023-01-19 09:00:59 I Titan get_multipickli "Digital Experience – IOS don't find the mainteam name from G_parameter"
2023-01-19 09:01:10 I Titan get_multipickli "Digital Experience – Android don't find the mainteam name from G_parameter"
2023-01-19 09:01:10 I Titan get_multipickli "Digital Experience – IOS don't find the mainteam name from G_parameter"
2023-01-19 09:03:51 I Titan get_multipickli "Digital Experience – Android don't find the mainteam name from G_parameter"
2023-01-19 09:03:51 I Titan get_multipickli "Digital Experience – IOS don't find the mainteam name from G_parameter"
2023-01-19 09:04:34 I Titan get_multipickli "Digital Experience – Android don't find the mainteam name from G_parameter"
2023-01-19 09:04:34 I Titan get_multipickli "Digital Experience – IOS don't find the mainteam name from G_parameter"
2023-01-19 09:04:45 I Titan get_multipickli "Digital Experience – Android don't find the mainteam name from G_parameter"
2023-01-19 09:04:45 I Titan get_multipickli "Digital Experience – IOS don't find the mainteam name from G_parameter"
2023-01-19 09:20:16 I Titan get_multipickli "Unassigned don't find the mainteam name from G_parameter"
2023-01-19 09:25:43 I Titan get_multipickli "Unassigned don't find the mainteam name from G_parameter"
2023-01-19 09:26:02 I Titan get_multipickli "Unassigned don't find the mainteam name from G_parameter"
2023-01-19 09:26:30 I Titan get_multipickli "Unassigned don't find the mainteam name from G_parameter"
2023-01-19 09:27:32 I Titan get_multipickli "Unassigned don't find the mainteam name from G_parameter"
2023-01-19 09:27:43 I Titan get_multipickli "Unassigned don't find the mainteam name from G_parameter"
2023-01-19 09:28:27 I Titan get_multipickli "Unassigned don't find the mainteam name from G_parameter"
2023-01-19 09:29:37 I Titan get_multipickli "Unassigned don't find the mainteam name from G_parameter"
2023-01-19 09:31:09 I Titan get_multipickli "Unassigned don't find the mainteam name from G_parameter"
2023-01-19 09:31:54 I Titan get_multipickli "Unassigned don't find the mainteam name from G_parameter"
2023-01-19 09:32:15 I Titan get_multipickli "Unassigned don't find the mainteam name from G_parameter"
2023-01-19 09:32:53 I Titan get_multipickli "Unassigned don't find the mainteam name from G_parameter"
2023-01-19 09:33:05 I Titan get_multipickli "Unassigned don't find the mainteam name from G_parameter"
2023-01-19 09:33:17 I Titan get_multipickli "Unassigned don't find the mainteam name from G_parameter"
2023-01-19 09:38:02 I Titan get_multipickli "Digital Experience – Android don't find the mainteam name from G_parameter"
2023-01-19 09:38:02 I Titan get_multipickli "Digital Experience – IOS don't find the mainteam name from G_parameter"
2023-01-19 09:38:25 I Titan get_multipickli "Digital Experience – Android don't find the mainteam name from G_parameter"
2023-01-19 09:38:25 I Titan get_multipickli "Digital Experience – IOS don't find the mainteam name from G_parameter"
2023-01-19 09:38:49 I Titan get_multipickli "Digital Experience – Android don't find the mainteam name from G_parameter"
2023-01-19 09:38:49 I Titan get_multipickli "Digital Experience – IOS don't find the mainteam name from G_parameter"
2023-01-19 09:39:13 I Titan get_multipickli "Digital Experience – Android don't find the mainteam name from G_parameter"
2023-01-19 09:39:13 I Titan get_multipickli "Digital Experience – IOS don't find the mainteam name from G_parameter"
2023-01-19 09:40:01 I Titan get_multipickli "Digital Experience – Android don't find the mainteam name from G_parameter"
2023-01-19 09:40:01 I Titan get_multipickli "Digital Experience – IOS don't find the mainteam name from G_parameter"
2023-01-19 09:40:25 I Titan get_multipickli "Digital Experience – Android don't find the mainteam name from G_parameter"
2023-01-19 09:40:25 I Titan get_multipickli "Digital Experience – IOS don't find the mainteam name from G_parameter"
2023-01-19 09:43:23 I Titan get_multipickli "Digital Experience – Android don't find the mainteam name from G_parameter"
2023-01-19 09:43:23 I Titan get_multipickli "Digital Experience – IOS don't find the mainteam name from G_parameter"
2023-01-19 09:43:54 I Titan get_multipickli "Digital Experience – Android don't find the mainteam name from G_parameter"
2023-01-19 09:43:54 I Titan get_multipickli "Digital Experience – IOS don't find the mainteam name from G_parameter"
2023-01-19 09:44:06 I Titan get_multipickli "Digital Experience – Android don't find the mainteam name from G_parameter"
2023-01-19 09:44:06 I Titan get_multipickli "Digital Experience – IOS don't find the mainteam name from G_parameter"
2023-01-19 09:48:19 I Titan get_multipickli "Digital Experience – Android don't find the mainteam name from G_parameter"
2023-01-19 09:48:19 I Titan get_multipickli "Digital Experience – IOS don't find the mainteam name from G_parameter"
2023-01-19 09:52:03 I Titan get_multipickli "Digital Experience – Android don't find the mainteam name from G_parameter"
2023-01-19 09:52:03 I Titan get_multipickli "Digital Experience – IOS don't find the mainteam name from G_parameter"
2023-01-19 09:52:47 I Titan get_multipickli "Digital Experience – Android don't find the mainteam name from G_parameter"
2023-01-19 09:52:47 I Titan get_multipickli "Digital Experience – IOS don't find the mainteam name from G_parameter"
2023-01-19 09:58:00 I Titan get_multipickli "Digital Experience – Android don't find the mainteam name from G_parameter"
2023-01-19 09:58:00 I Titan get_multipickli "Digital Experience – IOS don't find the mainteam name from G_parameter"
2023-01-19 09:58:31 I Titan get_multipickli "Digital Experience – Android don't find the mainteam name from G_parameter"
2023-01-19 09:58:31 I Titan get_multipickli "Digital Experience – IOS don't find the mainteam name from G_parameter"
2023-01-19 09:59:02 I Titan get_multipickli "Digital Experience – Android don't find the mainteam name from G_parameter"
2023-01-19 09:59:02 I Titan get_multipickli "Digital Experience – IOS don't find the mainteam name from G_parameter"
2023-01-19 10:08:57 I Titan get_multipickli "Digital Experience – Android don't find the mainteam name from G_parameter"
2023-01-19 10:08:57 I Titan get_multipickli "Digital Experience – IOS don't find the mainteam name from G_parameter"
2023-01-19 10:09:17 I Titan get_multipickli "Digital Experience – Android don't find the mainteam name from G_parameter"
2023-01-19 10:09:17 I Titan get_multipickli "Digital Experience – IOS don't find the mainteam name from G_parameter"
2023-01-19 10:09:30 I Titan get_multipickli "Digital Experience – Android don't find the mainteam name from G_parameter"
2023-01-19 10:09:30 I Titan get_multipickli "Digital Experience – IOS don't find the mainteam name from G_parameter"
2023-01-19 10:09:40 I Titan get_multipickli "Digital Experience – Android don't find the mainteam name from G_parameter"
2023-01-19 10:09:40 I Titan get_multipickli "Digital Experience – IOS don't find the mainteam name from G_parameter"
2023-01-19 10:09:50 I Titan get_multipickli "Digital Experience – Android don't find the mainteam name from G_parameter"
2023-01-19 10:09:50 I Titan get_multipickli "Digital Experience – IOS don't find the mainteam name from G_parameter"
2023-01-19 10:09:59 I Titan get_multipickli "Digital Experience – Android don't find the mainteam name from G_parameter"
2023-01-19 10:09:59 I Titan get_multipickli "Digital Experience – IOS don't find the mainteam name from G_parameter"
2023-01-19 10:10:11 I Titan get_multipickli "Digital Experience – Android don't find the mainteam name from G_parameter"
2023-01-19 10:10:11 I Titan get_multipickli "Digital Experience – IOS don't find the mainteam name from G_parameter"
2023-01-19 10:10:32 I Titan get_multipickli "Digital Experience – Android don't find the mainteam name from G_parameter"
2023-01-19 10:10:32 I Titan get_multipickli "Digital Experience – IOS don't find the mainteam name from G_parameter"
2023-01-19 10:12:44 I Titan get_multipickli "Digital Experience – Android don't find the mainteam name from G_parameter"
2023-01-19 10:12:44 I Titan get_multipickli "Digital Experience – IOS don't find the mainteam name from G_parameter"
2023-01-19 10:14:02 I Titan get_multipickli "Digital Experience – Android don't find the mainteam name from G_parameter"
2023-01-19 10:14:02 I Titan get_multipickli "Digital Experience – IOS don't find the mainteam name from G_parameter"
2023-01-19 10:14:55 I Titan get_multipickli "Digital Experience – Android don't find the mainteam name from G_parameter"
2023-01-19 10:14:55 I Titan get_multipickli "Digital Experience – IOS don't find the mainteam name from G_parameter"
2023-01-19 10:17:03 I Titan get_multipickli "Digital Experience – Android don't find the mainteam name from G_parameter"
2023-01-19 10:17:03 I Titan get_multipickli "Digital Experience – IOS don't find the mainteam name from G_parameter"
2023-01-19 10:17:22 I Titan get_multipickli "Unassigned don't find the mainteam name from G_parameter"
2023-01-19 10:17:35 I Titan get_multipickli "Unassigned don't find the mainteam name from G_parameter"
2023-01-19 10:17:47 I Titan get_multipickli "Unassigned don't find the mainteam name from G_parameter"
2023-01-19 10:17:59 I Titan get_multipickli "Digital Experience – Android don't find the mainteam name from G_parameter"
2023-01-19 10:17:59 I Titan get_multipickli "Digital Experience – IOS don't find the mainteam name from G_parameter"
2023-01-19 10:18:31 I Titan get_multipickli "Digital Experience – Android don't find the mainteam name from G_parameter"
2023-01-19 10:18:31 I Titan get_multipickli "Digital Experience – IOS don't find the mainteam name from G_parameter"
2023-01-19 10:18:34 I Titan get_multipickli "Digital Experience – SDK don't find the mainteam name from G_parameter"
2023-01-19 10:18:44 I Titan get_multipickli "Digital Experience – Android don't find the mainteam name from G_parameter"
2023-01-19 10:18:44 I Titan get_multipickli "Digital Experience – IOS don't find the mainteam name from G_parameter"
2023-01-19 10:18:44 I Titan get_multipickli "Digital Experience – SDK don't find the mainteam name from G_parameter"
2023-01-19 10:19:20 I Titan get_multipickli "Digital Experience – Android don't find the mainteam name from G_parameter"
2023-01-19 10:19:20 I Titan get_multipickli "Digital Experience – IOS don't find the mainteam name from G_parameter"
2023-01-19 10:19:20 I Titan get_multipickli "Digital Experience – SDK don't find the mainteam name from G_parameter"
2023-01-19 10:22:29 I Titan get_multipickli "Digital Experience – Android don't find the mainteam name from G_parameter"
2023-01-19 10:22:29 I Titan get_multipickli "Digital Experience – IOS don't find the mainteam name from G_parameter"
2023-01-19 10:22:40 I Titan get_multipickli "Digital Experience – Android don't find the mainteam name from G_parameter"
2023-01-19 10:22:40 I Titan get_multipickli "Digital Experience – IOS don't find the mainteam name from G_parameter"
2023-01-19 10:22:50 I Titan get_multipickli "Digital Experience – Android don't find the mainteam name from G_parameter"
2023-01-19 10:22:50 I Titan get_multipickli "Digital Experience – IOS don't find the mainteam name from G_parameter"
2023-01-19 10:23:00 I Titan get_multipickli "Digital Experience – Android don't find the mainteam name from G_parameter"
2023-01-19 10:23:00 I Titan get_multipickli "Digital Experience – IOS don't find the mainteam name from G_parameter"
2023-01-19 10:23:10 I Titan get_multipickli "Digital Experience – Android don't find the mainteam name from G_parameter"
2023-01-19 10:23:10 I Titan get_multipickli "Digital Experience – IOS don't find the mainteam name from G_parameter"
2023-01-19 10:23:21 I Titan get_multipickli "Digital Experience – Android don't find the mainteam name from G_parameter"
2023-01-19 10:23:21 I Titan get_multipickli "Digital Experience – IOS don't find the mainteam name from G_parameter"
2023-01-19 10:23:32 I Titan get_multipickli "Digital Experience – Android don't find the mainteam name from G_parameter"
2023-01-19 10:23:32 I Titan get_multipickli "Digital Experience – IOS don't find the mainteam name from G_parameter"
2023-01-19 10:23:52 I Titan get_multipickli "Digital Experience – Android don't find the mainteam name from G_parameter"
2023-01-19 10:23:52 I Titan get_multipickli "Digital Experience – IOS don't find the mainteam name from G_parameter"
2023-01-19 10:24:35 I Titan get_multipickli "Digital Experience – Android don't find the mainteam name from G_parameter"
2023-01-19 10:24:35 I Titan get_multipickli "Digital Experience – IOS don't find the mainteam name from G_parameter"
2023-01-19 10:24:58 I Titan get_multipickli "Digital Experience – Android don't find the mainteam name from G_parameter"
2023-01-19 10:24:58 I Titan get_multipickli "Digital Experience – IOS don't find the mainteam name from G_parameter"
2023-01-19 10:26:47 I Titan get_multipickli "Digital Experience – Android don't find the mainteam name from G_parameter"
2023-01-19 10:26:47 I Titan get_multipickli "Digital Experience – IOS don't find the mainteam name from G_parameter"
2023-01-19 10:26:55 I Titan get_multipickli "Digital Experience – Android don't find the mainteam name from G_parameter"
2023-01-19 10:26:55 I Titan get_multipickli "Digital Experience – IOS don't find the mainteam name from G_parameter"
2023-01-19 10:27:05 I Titan get_multipickli "Digital Experience – Android don't find the mainteam name from G_parameter"
2023-01-19 10:27:05 I Titan get_multipickli "Digital Experience – IOS don't find the mainteam name from G_parameter"
2023-01-19 10:31:47 I Titan get_multipickli "Digital Experience – Android don't find the mainteam name from G_parameter"
2023-01-19 10:31:47 I Titan get_multipickli "Digital Experience – IOS don't find the mainteam name from G_parameter"
2023-01-19 10:31:57 I Titan get_multipickli "Digital Experience – Android don't find the mainteam name from G_parameter"
2023-01-19 10:31:57 I Titan get_multipickli "Digital Experience – IOS don't find the mainteam name from G_parameter"
2023-01-19 10:32:08 I Titan get_multipickli "Digital Experience – Android don't find the mainteam name from G_parameter"
2023-01-19 10:32:08 I Titan get_multipickli "Digital Experience – IOS don't find the mainteam name from G_parameter"
2023-01-19 10:32:17 I Titan get_multipickli "Digital Experience – Android don't find the mainteam name from G_parameter"
2023-01-19 10:32:17 I Titan get_multipickli "Digital Experience – IOS don't find the mainteam name from G_parameter"
2023-01-19 10:32:25 I Titan get_multipickli "Digital Experience – Android don't find the mainteam name from G_parameter"
2023-01-19 10:32:25 I Titan get_multipickli "Digital Experience – IOS don't find the mainteam name from G_parameter"
2023-01-19 10:32:35 I Titan get_multipickli "Digital Experience – Android don't find the mainteam name from G_parameter"
2023-01-19 10:32:35 I Titan get_multipickli "Digital Experience – IOS don't find the mainteam name from G_parameter"
2023-01-19 10:32:45 I Titan get_multipickli "Digital Experience – Android don't find the mainteam name from G_parameter"
2023-01-19 10:32:45 I Titan get_multipickli "Digital Experience – IOS don't find the mainteam name from G_parameter"
2023-01-19 10:33:01 I Titan get_multipickli "Digital Experience – Android don't find the mainteam name from G_parameter"
2023-01-19 10:33:01 I Titan get_multipickli "Digital Experience – IOS don't find the mainteam name from G_parameter"
2023-01-19 10:34:54 I Titan get_multipickli "Digital Experience – Android don't find the mainteam name from G_parameter"
2023-01-19 10:34:54 I Titan get_multipickli "Digital Experience – IOS don't find the mainteam name from G_parameter"
2023-01-19 10:35:55 I Titan get_multipickli "Digital Experience – Android don't find the mainteam name from G_parameter"
2023-01-19 10:35:55 I Titan get_multipickli "Digital Experience – IOS don't find the mainteam name from G_parameter"
2023-01-19 10:38:18 I Titan get_multipickli "Digital Experience – Android don't find the mainteam name from G_parameter"
2023-01-19 10:38:18 I Titan get_multipickli "Digital Experience – IOS don't find the mainteam name from G_parameter"
2023-01-19 10:38:27 I Titan Print           "DROP TABLE IF EXISTS allrequirements:successful"
2023-01-19 10:38:27 I Titan Print           "DROP TABLE IF EXISTS allcoverage:successful"
2023-01-19 10:38:27 I Titan Print           "CREATE TABLE IF NOT EXISTS requirements (                        rel TEXT, status TEXT, count INT, date TEXT) ENGINE=InnoDB DEFAULT CHARSET=utf8:successful"
2023-01-19 10:38:27 I Titan Print           "CREATE TABLE IF NOT EXISTS allrequirements (                        id INT, uniqueid TEXT, name TEXT, status TEXT, rel TEXT, upstream TEXT, downstream TEXT, team TEXT, test_status TEXT) ENGINE=InnoDB DEFAULT CHARSET=utf8:successful"
2023-01-19 10:38:27 I Titan Print           "CREATE TABLE IF NOT EXISTS coverage (                        team text, covered int, expected int, date text) ENGINE=InnoDB DEFAULT CHARSET=utf8:successful"
2023-01-19 10:38:27 I Titan Print           "CREATE TABLE IF NOT EXISTS allcoverage (                        id INT, uniqueid TEXT, name TEXT, status TEXT, rel TEXT, verify TEXT, missing TEXT) ENGINE=InnoDB DEFAULT CHARSET=utf8:successful"
2023-01-19 10:38:27 I Titan Print           "DELETE FROM requirements WHERE date='2023-01-19':successful"
2023-01-19 10:38:27 I Titan Print           "DELETE FROM coverage WHERE date='2023-01-19':successful"
2023-01-19 10:38:27 I Titan Print           "INSERT INTO requirements (rel, status, count, date) SELECT rel, status, count((@rn := @rn + 1)) as count, '2023-01-19' as date FROM allrequirements cross join (select @rn := 0) const GROUP BY rel, status:successful"
2023-01-19 10:38:27 I Titan Print           "CREATE TABLE IF NOT EXISTS feattest (rel TEXT, status TEXT, count TEXT, date TEXT) ENGINE=InnoDB DEFAULT CHARSET=utf8:successful"
2023-01-19 10:38:27 I Titan Print           "CREATE TABLE IF NOT EXISTS reqtest (rel TEXT, status TEXT, count TEXT, date TEXT) ENGINE=InnoDB DEFAULT CHARSET=utf8:successful"
2023-01-19 10:38:28 I Titan Print           "SELECT id FROM allfeatures:successful"
2023-01-19 10:38:28 I Titan Print           "SELECT id,upstream,downstream,team FROM allrequirements:successful"
2023-01-19 10:38:28 I Titan Print           "SELECT id FROM allcoverage:successful"
2023-01-19 10:38:28 I Titan Print           "SELECT * FROM testcases:successful"
