2023-01-19 08:50:59 I Touca Print           "Connet 20562 successfully!!!"
2023-01-19 08:50:59 I Touca Get_alltests    "Get project name:Toucan id:20562 all testplans"
2023-01-19 08:51:03 I Touca Get_alltests    "{9290424: {'id': 9290424, 'name': 'Audio test plan ', 'archived': False, 'index': '9290424:Audio test plan '}, 8759391: {'id': 8759391, 'name': 'ESW Test Plan - Jabra', 'archived': False, 'index': '8759391:ESW Test Plan - Jabra'}, 9597215: {'id': 9597215, 'name': 'ESW Test Plan-Walmart Elite 3 Active for Jabra', 'archived': False, 'index': '9597215:ESW Test Plan-Walmart Elite 3 Active for Jabra'}, 8341747: {'id': 8341747, 'name': 'HW test plan', 'archived': False, 'index': '8341747:HW test plan'}, 8616408: {'id': 8616408, 'name': 'Packaging Verification Test Plan', 'archived': False, 'index': '8616408:Packaging Verification Test Plan'}, 9274499: {'id': 9274499, 'name': 'Product Maintenance test plan', 'archived': False, 'index': '9274499:Product Maintenance test plan'}, 8284572: {'id': 8284572, 'name': 'Product Verification Test Plan', 'archived': False, 'index': '8284572:Product Verification Test Plan'}, 8809482: {'id': 8809482, 'name': 'Regulatory Compliance Test Plan - Post FCS', 'archived': False, 'index': '8809482:Regulatory Compliance Test Plan - Post FCS'}, 8809481: {'id': 8809481, 'name': 'Regulatory Compliance Test Plan - Pre FCS', 'archived': False, 'index': '8809481:Regulatory Compliance Test Plan - Pre FCS'}}"
2023-01-19 08:51:03 I Touca Get_alltests    "Get project name:Toucan id:20562 all testplans successful!!!"
2023-01-19 08:55:48 I Touca tidy_alltestcas "383"
2023-01-19 08:57:40 I Touca Print           "DROP TABLE IF EXISTS testcases:successful"
2023-01-19 08:57:40 I Touca Print           "CREATE TABLE IF NOT EXISTS testcases (                             testplan_id INT,                             testplan_name TEXT,                             testgroup_id INT,                             testgroup_name TEXT,                             testcycle_id INT,                             testcycle_name TEXT,                             rel TEXT,                             id INT,                             uniqueid TEXT,                             name TEXT,                             status TEXT,                             upstream TEXT,                             downstream TEXT,                             executionDate TEXT) ENGINE=InnoDB DEFAULT CHARSET=utf8:successful"
2023-01-19 08:57:40 I Touca update_database "Insert testcases table successful"
2023-01-19 08:57:40 I Touca Print           "CREATE TABLE IF NOT EXISTS tests (                             testplan_id INT,                             testplan_name TEXT,                             testplan_status TEXT,                             rel TEXT, status TEXT,                             count INT, date TEXT) ENGINE=InnoDB DEFAULT CHARSET=utf8:successful"
2023-01-19 08:57:40 I Touca Print           "DELETE FROM tests WHERE date='2023-01-19':successful"
2023-01-19 08:57:40 I Touca Print           "SELECT testplan_id FROM tests GROUP BY testplan_id:successful"
2023-01-19 08:57:40 I Touca Print           "SELECT testplan_name FROM tests WHERE testplan_id=9290424 LIMIT 1:successful"
2023-01-19 08:57:40 I Touca Print           "UPDATE tests SET testplan_status='Active' WHERE testplan_id=9290424:successful"
2023-01-19 08:57:40 I Touca Print           "SELECT testplan_name FROM tests WHERE testplan_id=8759391 LIMIT 1:successful"
2023-01-19 08:57:40 I Touca Print           "UPDATE tests SET testplan_status='Active' WHERE testplan_id=8759391:successful"
2023-01-19 08:57:40 I Touca Print           "SELECT testplan_name FROM tests WHERE testplan_id=8341747 LIMIT 1:successful"
2023-01-19 08:57:40 I Touca Print           "UPDATE tests SET testplan_status='Active' WHERE testplan_id=8341747:successful"
2023-01-19 08:57:40 I Touca Print           "SELECT testplan_name FROM tests WHERE testplan_id=8616408 LIMIT 1:successful"
2023-01-19 08:57:40 I Touca Print           "UPDATE tests SET testplan_status='Active' WHERE testplan_id=8616408:successful"
2023-01-19 08:57:40 I Touca Print           "SELECT testplan_name FROM tests WHERE testplan_id=9274499 LIMIT 1:successful"
2023-01-19 08:57:40 I Touca Print           "UPDATE tests SET testplan_status='Active' WHERE testplan_id=9274499:successful"
2023-01-19 08:57:40 I Touca Print           "SELECT testplan_name FROM tests WHERE testplan_id=8284572 LIMIT 1:successful"
2023-01-19 08:57:40 I Touca Print           "UPDATE tests SET testplan_status='Active' WHERE testplan_id=8284572:successful"
2023-01-19 08:57:40 I Touca Print           "SELECT testplan_name FROM tests WHERE testplan_id=8809482 LIMIT 1:successful"
2023-01-19 08:57:40 I Touca Print           "UPDATE tests SET testplan_status='Active' WHERE testplan_id=8809482:successful"
2023-01-19 08:57:40 I Touca Print           "SELECT testplan_name FROM tests WHERE testplan_id=8809481 LIMIT 1:successful"
2023-01-19 08:57:40 I Touca Print           "UPDATE tests SET testplan_status='Active' WHERE testplan_id=8809481:successful"
2023-01-19 08:57:40 I Touca Print           "INSERT INTO tests (testplan_id, testplan_name, testplan_status, rel, status, count, date) SELECT testplan_id, testplan_name, 'Active' as testplan_status, rel, status, count((@rn := @rn + 1)) as count, '2023-01-19' as date FROM testcases cross join (select @rn := 0) const GROUP BY testplan_id, rel, status:successful"
2023-01-19 08:57:40 I Touca update_database "Insert tests table successful"
2023-01-19 08:57:40 I Touca Print           "CREATE TABLE IF NOT EXISTS testapproval (                                 rel TEXT, team TEXT, status TEXT, upstream TEXT, count INT, date TEXT                                 ) ENGINE=InnoDB DEFAULT CHARSET=utf8:successful"
2023-01-19 08:57:40 I Touca Print           "DROP TABLE IF EXISTS alltestapproval:successful"
2023-01-19 08:57:41 I Touca Print           "CREATE TABLE IF NOT EXISTS alltestapproval (                                 id INT, uniqueid TEXT, name TEXT, status TEXT, rel TEXT, team TEXT, upstream TEXT                                 ) ENGINE=InnoDB DEFAULT CHARSET=utf8:successful"
2023-01-19 08:57:41 I Touca Print           "DELETE FROM testapproval WHERE date='2023-01-19':successful"
2023-01-19 08:57:41 I Touca Print           "INSERT INTO testapproval (rel, team, status, count, date, upstream) SELECT rel, team, status, count((@rn := @rn + 1)) as count, '2023-01-19' as date, upstream FROM alltestapproval cross join (select @rn := 0) const GROUP BY rel, team, status, upstream:successful"
2023-01-19 08:57:54 I Touca Get_allfeatuers "[]"
2023-01-19 08:57:54 I Touca Print           "CREATE TABLE IF NOT EXISTS features (                                rel TEXT, status TEXT, count INT, date TEXT) ENGINE=InnoDB DEFAULT CHARSET=utf8:successful"
2023-01-19 08:57:54 I Touca Print           "CREATE TABLE IF NOT EXISTS allfeatures (                                id INT, uniqueid TEXT, name TEXT, status TEXT, rel TEXT,test_status TEXT) ENGINE=InnoDB DEFAULT CHARSET=utf8:successful"
2023-01-19 08:57:54 I Touca Print           "DELETE FROM features WHERE date='2023-01-19':successful"
2023-01-19 08:57:54 I Touca Print           "DELETE FROM allfeatures WHERE id=18161537:successful"
2023-01-19 08:57:54 I Touca Print           "DELETE FROM allfeatures WHERE id=18161536:successful"
2023-01-19 08:57:54 I Touca Print           "DELETE FROM allfeatures WHERE id=18161535:successful"
2023-01-19 08:57:54 I Touca Print           "DELETE FROM allfeatures WHERE id=17148344:successful"
2023-01-19 08:57:54 I Touca Print           "DELETE FROM allfeatures WHERE id=16342284:successful"
2023-01-19 08:57:54 I Touca Print           "DELETE FROM allfeatures WHERE id=16151308:successful"
2023-01-19 08:57:54 I Touca Print           "INSERT INTO features (rel, status, count, date)                                 SELECT rel, status, count((@rn := @rn + 1)) as count, '2023-01-19' as date FROM allfeatures cross join (select @rn := 0) const GROUP BY rel, status:successful"
2023-01-19 08:58:02 I Touca Get_allchangere "[]"
2023-01-19 08:58:02 I Touca Print           "CREATE TABLE IF NOT EXISTS changes (                                 rel TEXT, status TEXT, priority TEXT,                                 requester TEXT, date TEXT, count INT) ENGINE=InnoDB DEFAULT CHARSET=utf8:successful"
2023-01-19 08:58:02 I Touca Print           "CREATE TABLE IF NOT EXISTS allchanges (                                 id INT, uniqueid TEXT, name TEXT,                                 status TEXT, rel TEXT, priority TEXT,                                 requester TEXT) ENGINE=InnoDB DEFAULT CHARSET=utf8:successful"
2023-01-19 08:58:02 I Touca Print           "DELETE FROM changes WHERE date='2023-01-19':successful"
2023-01-19 08:58:02 I Touca Print           "INSERT INTO changes (                                 rel, status, priority, requester, date, count)                                 SELECT rel, status, priority, requester, '2023-01-19' as date, count((@rn := @rn + 1)) as count FROM allchanges                                 cross join (select @rn := 0) const GROUP BY rel, status, priority, requester:successful"
2023-01-19 08:58:08 I Touca Print           "CREATE TABLE IF NOT EXISTS designspec (                            rel TEXT, team TEXT, status TEXT, count INT, date text) ENGINE=InnoDB DEFAULT CHARSET=utf8:successful"
2023-01-19 08:58:08 I Touca Print           "CREATE TABLE IF NOT EXISTS alldesignspec (                             id INT, uniqueid TEXT, name TEXT, status TEXT, rel TEXT, team TEXT) ENGINE=InnoDB DEFAULT CHARSET=utf8:successful"
2023-01-19 08:58:08 I Touca Print           "DELETE FROM designspec WHERE date='2023-01-19':successful"
2023-01-19 08:58:08 I Touca Print           "INSERT INTO designspec (rel, team, status, count, date) SELECT rel, team, status, count((@rn := @rn + 1)) as count, '2023-01-19' as date FROM alldesignspec cross join (select @rn := 0) const GROUP BY rel, team, status:successful"
2023-01-19 08:58:23 I Touca Get_alluserstor "[]"
2023-01-19 08:58:23 I Touca Print           "CREATE TABLE IF NOT EXISTS userstories (                 rel TEXT, status TEXT, count INT, date TEXT) ENGINE=InnoDB DEFAULT CHARSET=utf8:successful"
2023-01-19 08:58:23 I Touca Print           "CREATE TABLE IF NOT EXISTS alluserstories (                 id INT, uniqueid TEXT, name TEXT, status TEXT, rel TEXT) ENGINE=InnoDB DEFAULT CHARSET=utf8:successful"
2023-01-19 08:58:23 I Touca Print           "DELETE FROM userstories WHERE date='2023-01-19':successful"
2023-01-19 08:58:23 I Touca Print           "INSERT INTO userstories (rel, status, count, date) SELECT rel, status, count((@rn := @rn + 1)) as count, '2023-01-19' as date FROM alluserstories cross join (select @rn := 0) const GROUP BY rel, status:successful"
2023-01-19 08:59:18 I Touca Get_alldefects  "[{'id': 8868900, 'name': '[Cloned] EAP Feedback - Pull down the phone notification, the sound+ app does not load the scene', 'documentKey': 'TOUC-BUG-406', 'statusId': 156538, 'status': 'Closed', 'teamId': 156570, 'team': 'DE Mobile Apps', 'priorityId': 156534, 'priority': 'Minor', 'upstream': '', 'jira': 'https://jabra1.atlassian.net/browse/TOUC-417'}, {'id': 8941199, 'name': '[Sound+][IOS]Sound modes will not refresh automatically after the call is over', 'documentKey': 'TOUC-BUG-456', 'statusId': 156538, 'status': 'Closed', 'teamId': 156570, 'team': 'DE Mobile Apps', 'priorityId': 156534, 'priority': 'Minor', 'upstream': '', 'jira': 'https://jabra1.atlassian.net/browse/TOUC-473'}, {'id': 8941522, 'name': 'CLONED: The earbuds has been connected to the device. Put the main earbud into the box when connecting to the sound+, but the slave earbud cannot be connected to the sound+.', 'documentKey': 'TOUC-BUG-463', 'statusId': 156538, 'status': 'Closed', 'teamId': 156570, 'team': 'DE Mobile Apps', 'priorityId': 156534, 'priority': 'Minor', 'upstream': '', 'jira': 'https://jabra1.atlassian.net/browse/TOUC-480'}, {'id': 9112143, 'name': 'CLONED: During a call, the earbuds has a sidetone effect, but sound+ shows sidetone off', 'documentKey': 'TOUC-BUG-529', 'statusId': 156538, 'status': 'Closed', 'teamId': 156570, 'team': 'DE Mobile Apps', 'priorityId': 156533, 'priority': 'Major', 'upstream': '', 'jira': 'https://jabra1.atlassian.net/browse/TOUC-551'}, {'id': 9191499, 'name': 'CLONED: [Sound+]Sound+ shows notification bug for sound mode', 'documentKey': 'TOUC-BUG-534', 'statusId': 156538, 'status': 'Closed', 'teamId': 156570, 'team': 'DE Mobile Apps', 'priorityId': 156534, 'priority': 'Minor', 'upstream': '', 'jira': 'https://jabra1.atlassian.net/browse/TOUC-556'}]"
2023-01-19 08:59:18 I Touca Print           "CREATE TABLE IF NOT EXISTS defects (                     rel TEXT, team TEXT, status TEXT, priority TEXT, count INT, date TEXT) ENGINE=InnoDB DEFAULT CHARSET=utf8:successful"
2023-01-19 08:59:18 I Touca Print           "CREATE TABLE IF NOT EXISTS alldefects (                     id INT, uniqueid TEXT, name TEXT, status TEXT, rel TEXT, team TEXT, priority TEXT, jira TEXT, upstream TEXT) ENGINE=InnoDB DEFAULT CHARSET=utf8:successful"
2023-01-19 08:59:18 I Touca Print           "DELETE FROM defects WHERE date='2023-01-19':successful"
2023-01-19 08:59:18 I Touca Print           "DELETE FROM alldefects WHERE id = 16943759:successful"
2023-01-19 08:59:18 I Touca Print           "DELETE FROM alldefects WHERE id = 8868900:successful"
2023-01-19 08:59:18 I Touca Print           "DELETE FROM alldefects WHERE id = 8941199:successful"
2023-01-19 08:59:18 I Touca Print           "DELETE FROM alldefects WHERE id = 8941522:successful"
2023-01-19 08:59:18 I Touca Print           "DELETE FROM alldefects WHERE id = 9112143:successful"
2023-01-19 08:59:18 I Touca Print           "DELETE FROM alldefects WHERE id = 9191499:successful"
2023-01-19 08:59:18 I Touca Print           "Not enough parameters for the SQL statement"
2023-01-19 08:59:18 I Touca Print           "INSERT INTO defects (rel, team, status, count, date, priority) SELECT rel, team, status, count((@rn := @rn + 1)) as count, '2023-01-19' as date, priority FROM alldefects cross join (select @rn := 0) const GROUP BY rel, team, status, priority:successful"
2023-01-19 09:04:28 I Touca get_multipickli "Unassigned don't find the mainteam name from G_parameter"
2023-01-19 09:04:53 I Touca get_multipickli "Unassigned don't find the mainteam name from G_parameter"
2023-01-19 09:05:11 I Touca get_multipickli "Unassigned don't find the mainteam name from G_parameter"
2023-01-19 09:10:55 I Touca get_multipickli "Unassigned don't find the mainteam name from G_parameter"
2023-01-19 09:22:07 I Touca get_multipickli "Unassigned don't find the mainteam name from G_parameter"
2023-01-19 09:26:33 I Touca get_multipickli "Digital Experience – Android don't find the mainteam name from G_parameter"
2023-01-19 09:26:37 I Touca get_multipickli "Digital Experience – IOS don't find the mainteam name from G_parameter"
2023-01-19 09:26:46 I Touca get_multipickli "Digital Experience – Android don't find the mainteam name from G_parameter"
2023-01-19 09:26:46 I Touca get_multipickli "Digital Experience – IOS don't find the mainteam name from G_parameter"
2023-01-19 09:26:55 I Touca get_multipickli "Digital Experience – Android don't find the mainteam name from G_parameter"
2023-01-19 09:26:55 I Touca get_multipickli "Digital Experience – IOS don't find the mainteam name from G_parameter"
2023-01-19 09:27:06 I Touca get_multipickli "Digital Experience – Android don't find the mainteam name from G_parameter"
2023-01-19 09:27:06 I Touca get_multipickli "Digital Experience – IOS don't find the mainteam name from G_parameter"
2023-01-19 09:27:18 I Touca get_multipickli "Digital Experience – Android don't find the mainteam name from G_parameter"
2023-01-19 09:27:18 I Touca get_multipickli "Digital Experience – IOS don't find the mainteam name from G_parameter"
2023-01-19 09:27:28 I Touca get_multipickli "Digital Experience – Android don't find the mainteam name from G_parameter"
2023-01-19 09:27:28 I Touca get_multipickli "Digital Experience – IOS don't find the mainteam name from G_parameter"
2023-01-19 09:27:38 I Touca get_multipickli "Digital Experience – Android don't find the mainteam name from G_parameter"
2023-01-19 09:27:38 I Touca get_multipickli "Digital Experience – IOS don't find the mainteam name from G_parameter"
2023-01-19 09:28:01 I Touca get_multipickli "Unassigned don't find the mainteam name from G_parameter"
2023-01-19 09:30:16 I Touca Print           "DROP TABLE IF EXISTS allrequirements:successful"
2023-01-19 09:30:16 I Touca Print           "DROP TABLE IF EXISTS allcoverage:successful"
2023-01-19 09:30:16 I Touca Print           "CREATE TABLE IF NOT EXISTS requirements (                        rel TEXT, status TEXT, count INT, date TEXT) ENGINE=InnoDB DEFAULT CHARSET=utf8:successful"
2023-01-19 09:30:16 I Touca Print           "CREATE TABLE IF NOT EXISTS allrequirements (                        id INT, uniqueid TEXT, name TEXT, status TEXT, rel TEXT, upstream TEXT, downstream TEXT, team TEXT, test_status TEXT) ENGINE=InnoDB DEFAULT CHARSET=utf8:successful"
2023-01-19 09:30:16 I Touca Print           "CREATE TABLE IF NOT EXISTS coverage (                        team text, covered int, expected int, date text) ENGINE=InnoDB DEFAULT CHARSET=utf8:successful"
2023-01-19 09:30:16 I Touca Print           "CREATE TABLE IF NOT EXISTS allcoverage (                        id INT, uniqueid TEXT, name TEXT, status TEXT, rel TEXT, verify TEXT, missing TEXT) ENGINE=InnoDB DEFAULT CHARSET=utf8:successful"
2023-01-19 09:30:16 I Touca Print           "DELETE FROM requirements WHERE date='2023-01-19':successful"
2023-01-19 09:30:16 I Touca Print           "DELETE FROM coverage WHERE date='2023-01-19':successful"
2023-01-19 09:30:16 I Touca Print           "INSERT INTO requirements (rel, status, count, date) SELECT rel, status, count((@rn := @rn + 1)) as count, '2023-01-19' as date FROM allrequirements cross join (select @rn := 0) const GROUP BY rel, status:successful"
2023-01-19 09:30:16 I Touca Print           "CREATE TABLE IF NOT EXISTS feattest (rel TEXT, status TEXT, count TEXT, date TEXT) ENGINE=InnoDB DEFAULT CHARSET=utf8:successful"
2023-01-19 09:30:16 I Touca Print           "CREATE TABLE IF NOT EXISTS reqtest (rel TEXT, status TEXT, count TEXT, date TEXT) ENGINE=InnoDB DEFAULT CHARSET=utf8:successful"
2023-01-19 09:30:16 I Touca Print           "SELECT id FROM allfeatures:successful"
2023-01-19 09:30:16 I Touca Print           "SELECT id,upstream,downstream,team FROM allrequirements:successful"
2023-01-19 09:30:16 I Touca Print           "SELECT id FROM allcoverage:successful"
2023-01-19 09:30:16 I Touca Print           "SELECT * FROM testcases:successful"
2023-01-19 11:13:59 I Touca Print           "Connet 20562 successfully!!!"
2023-01-19 11:13:59 I Touca Get_alltests    "Get project name:Toucan id:20562 all testplans"
2023-01-19 11:14:01 I Touca Get_alltests    "{9290424: {'id': 9290424, 'name': 'Audio test plan ', 'archived': False, 'index': '9290424:Audio test plan '}, 8759391: {'id': 8759391, 'name': 'ESW Test Plan - Jabra', 'archived': False, 'index': '8759391:ESW Test Plan - Jabra'}, 9597215: {'id': 9597215, 'name': 'ESW Test Plan-Walmart Elite 3 Active for Jabra', 'archived': False, 'index': '9597215:ESW Test Plan-Walmart Elite 3 Active for Jabra'}, 8341747: {'id': 8341747, 'name': 'HW test plan', 'archived': False, 'index': '8341747:HW test plan'}, 8616408: {'id': 8616408, 'name': 'Packaging Verification Test Plan', 'archived': False, 'index': '8616408:Packaging Verification Test Plan'}, 9274499: {'id': 9274499, 'name': 'Product Maintenance test plan', 'archived': False, 'index': '9274499:Product Maintenance test plan'}, 8284572: {'id': 8284572, 'name': 'Product Verification Test Plan', 'archived': False, 'index': '8284572:Product Verification Test Plan'}, 8809482: {'id': 8809482, 'name': 'Regulatory Compliance Test Plan - Post FCS', 'archived': False, 'index': '8809482:Regulatory Compliance Test Plan - Post FCS'}, 8809481: {'id': 8809481, 'name': 'Regulatory Compliance Test Plan - Pre FCS', 'archived': False, 'index': '8809481:Regulatory Compliance Test Plan - Pre FCS'}}"
2023-01-19 11:14:01 I Touca Get_alltests    "Get project name:Toucan id:20562 all testplans successful!!!"
2023-01-19 11:19:34 I Touca tidy_alltestcas "383"
2023-01-19 11:20:37 I Touca Print           "DROP TABLE IF EXISTS testcases:successful"
2023-01-19 11:20:37 I Touca Print           "CREATE TABLE IF NOT EXISTS testcases (                             testplan_id INT,                             testplan_name TEXT,                             testgroup_id INT,                             testgroup_name TEXT,                             testcycle_id INT,                             testcycle_name TEXT,                             rel TEXT,                             id INT,                             uniqueid TEXT,                             name TEXT,                             status TEXT,                             upstream TEXT,                             downstream TEXT,                             executionDate TEXT) ENGINE=InnoDB DEFAULT CHARSET=utf8:successful"
2023-01-19 11:20:37 I Touca update_database "Insert testcases table successful"
2023-01-19 11:20:37 I Touca Print           "CREATE TABLE IF NOT EXISTS tests (                             testplan_id INT,                             testplan_name TEXT,                             testplan_status TEXT,                             rel TEXT, status TEXT,                             count INT, date TEXT) ENGINE=InnoDB DEFAULT CHARSET=utf8:successful"
2023-01-19 11:20:37 I Touca Print           "DELETE FROM tests WHERE date='2023-01-19':successful"
2023-01-19 11:20:37 I Touca Print           "SELECT testplan_id FROM tests GROUP BY testplan_id:successful"
2023-01-19 11:20:37 I Touca Print           "SELECT testplan_name FROM tests WHERE testplan_id=9290424 LIMIT 1:successful"
2023-01-19 11:20:37 I Touca Print           "UPDATE tests SET testplan_status='Active' WHERE testplan_id=9290424:successful"
2023-01-19 11:20:37 I Touca Print           "SELECT testplan_name FROM tests WHERE testplan_id=8759391 LIMIT 1:successful"
2023-01-19 11:20:37 I Touca Print           "UPDATE tests SET testplan_status='Active' WHERE testplan_id=8759391:successful"
2023-01-19 11:20:37 I Touca Print           "SELECT testplan_name FROM tests WHERE testplan_id=8341747 LIMIT 1:successful"
2023-01-19 11:20:37 I Touca Print           "UPDATE tests SET testplan_status='Active' WHERE testplan_id=8341747:successful"
2023-01-19 11:20:37 I Touca Print           "SELECT testplan_name FROM tests WHERE testplan_id=8616408 LIMIT 1:successful"
2023-01-19 11:20:37 I Touca Print           "UPDATE tests SET testplan_status='Active' WHERE testplan_id=8616408:successful"
2023-01-19 11:20:37 I Touca Print           "SELECT testplan_name FROM tests WHERE testplan_id=9274499 LIMIT 1:successful"
2023-01-19 11:20:37 I Touca Print           "UPDATE tests SET testplan_status='Active' WHERE testplan_id=9274499:successful"
2023-01-19 11:20:37 I Touca Print           "SELECT testplan_name FROM tests WHERE testplan_id=8284572 LIMIT 1:successful"
2023-01-19 11:20:37 I Touca Print           "UPDATE tests SET testplan_status='Active' WHERE testplan_id=8284572:successful"
2023-01-19 11:20:37 I Touca Print           "SELECT testplan_name FROM tests WHERE testplan_id=8809482 LIMIT 1:successful"
2023-01-19 11:20:37 I Touca Print           "UPDATE tests SET testplan_status='Active' WHERE testplan_id=8809482:successful"
2023-01-19 11:20:37 I Touca Print           "SELECT testplan_name FROM tests WHERE testplan_id=8809481 LIMIT 1:successful"
2023-01-19 11:20:37 I Touca Print           "UPDATE tests SET testplan_status='Active' WHERE testplan_id=8809481:successful"
2023-01-19 11:20:37 I Touca Print           "INSERT INTO tests (testplan_id, testplan_name, testplan_status, rel, status, count, date) SELECT testplan_id, testplan_name, 'Active' as testplan_status, rel, status, count((@rn := @rn + 1)) as count, '2023-01-19' as date FROM testcases cross join (select @rn := 0) const GROUP BY testplan_id, rel, status:successful"
2023-01-19 11:20:37 I Touca update_database "Insert tests table successful"
2023-01-19 11:20:37 I Touca Print           "CREATE TABLE IF NOT EXISTS testapproval (                                 rel TEXT, team TEXT, status TEXT, upstream TEXT, count INT, date TEXT                                 ) ENGINE=InnoDB DEFAULT CHARSET=utf8:successful"
2023-01-19 11:20:37 I Touca Print           "DROP TABLE IF EXISTS alltestapproval:successful"
2023-01-19 11:20:37 I Touca Print           "CREATE TABLE IF NOT EXISTS alltestapproval (                                 id INT, uniqueid TEXT, name TEXT, status TEXT, rel TEXT, team TEXT, upstream TEXT                                 ) ENGINE=InnoDB DEFAULT CHARSET=utf8:successful"
2023-01-19 11:20:37 I Touca Print           "DELETE FROM testapproval WHERE date='2023-01-19':successful"
2023-01-19 11:20:37 I Touca Print           "INSERT INTO testapproval (rel, team, status, count, date, upstream) SELECT rel, team, status, count((@rn := @rn + 1)) as count, '2023-01-19' as date, upstream FROM alltestapproval cross join (select @rn := 0) const GROUP BY rel, team, status, upstream:successful"
2023-01-19 11:20:42 I Touca Get_allfeatuers "[]"
2023-01-19 11:20:42 I Touca Print           "CREATE TABLE IF NOT EXISTS features (                                rel TEXT, status TEXT, count INT, date TEXT) ENGINE=InnoDB DEFAULT CHARSET=utf8:successful"
2023-01-19 11:20:42 I Touca Print           "CREATE TABLE IF NOT EXISTS allfeatures (                                id INT, uniqueid TEXT, name TEXT, status TEXT, rel TEXT,test_status TEXT) ENGINE=InnoDB DEFAULT CHARSET=utf8:successful"
2023-01-19 11:20:42 I Touca Print           "DELETE FROM features WHERE date='2023-01-19':successful"
2023-01-19 11:20:42 I Touca Print           "DELETE FROM allfeatures WHERE id=18161537:successful"
2023-01-19 11:20:42 I Touca Print           "DELETE FROM allfeatures WHERE id=18161536:successful"
2023-01-19 11:20:42 I Touca Print           "DELETE FROM allfeatures WHERE id=18161535:successful"
2023-01-19 11:20:42 I Touca Print           "DELETE FROM allfeatures WHERE id=17148344:successful"
2023-01-19 11:20:42 I Touca Print           "DELETE FROM allfeatures WHERE id=16342284:successful"
2023-01-19 11:20:42 I Touca Print           "DELETE FROM allfeatures WHERE id=16151308:successful"
2023-01-19 11:20:42 I Touca Print           "INSERT INTO features (rel, status, count, date)                                 SELECT rel, status, count((@rn := @rn + 1)) as count, '2023-01-19' as date FROM allfeatures cross join (select @rn := 0) const GROUP BY rel, status:successful"
2023-01-19 11:20:44 I Touca Get_allchangere "[]"
2023-01-19 11:20:44 I Touca Print           "CREATE TABLE IF NOT EXISTS changes (                                 rel TEXT, status TEXT, priority TEXT,                                 requester TEXT, date TEXT, count INT) ENGINE=InnoDB DEFAULT CHARSET=utf8:successful"
2023-01-19 11:20:44 I Touca Print           "CREATE TABLE IF NOT EXISTS allchanges (                                 id INT, uniqueid TEXT, name TEXT,                                 status TEXT, rel TEXT, priority TEXT,                                 requester TEXT) ENGINE=InnoDB DEFAULT CHARSET=utf8:successful"
2023-01-19 11:20:44 I Touca Print           "DELETE FROM changes WHERE date='2023-01-19':successful"
2023-01-19 11:20:44 I Touca Print           "INSERT INTO changes (                                 rel, status, priority, requester, date, count)                                 SELECT rel, status, priority, requester, '2023-01-19' as date, count((@rn := @rn + 1)) as count FROM allchanges                                 cross join (select @rn := 0) const GROUP BY rel, status, priority, requester:successful"
2023-01-19 11:20:46 I Touca Print           "CREATE TABLE IF NOT EXISTS designspec (                            rel TEXT, team TEXT, status TEXT, count INT, date text) ENGINE=InnoDB DEFAULT CHARSET=utf8:successful"
2023-01-19 11:20:46 I Touca Print           "CREATE TABLE IF NOT EXISTS alldesignspec (                             id INT, uniqueid TEXT, name TEXT, status TEXT, rel TEXT, team TEXT) ENGINE=InnoDB DEFAULT CHARSET=utf8:successful"
2023-01-19 11:20:46 I Touca Print           "DELETE FROM designspec WHERE date='2023-01-19':successful"
2023-01-19 11:20:46 I Touca Print           "INSERT INTO designspec (rel, team, status, count, date) SELECT rel, team, status, count((@rn := @rn + 1)) as count, '2023-01-19' as date FROM alldesignspec cross join (select @rn := 0) const GROUP BY rel, team, status:successful"
2023-01-19 11:20:50 I Touca Get_alluserstor "[]"
2023-01-19 11:20:50 I Touca Print           "CREATE TABLE IF NOT EXISTS userstories (                 rel TEXT, status TEXT, count INT, date TEXT) ENGINE=InnoDB DEFAULT CHARSET=utf8:successful"
2023-01-19 11:20:50 I Touca Print           "CREATE TABLE IF NOT EXISTS alluserstories (                 id INT, uniqueid TEXT, name TEXT, status TEXT, rel TEXT) ENGINE=InnoDB DEFAULT CHARSET=utf8:successful"
2023-01-19 11:20:50 I Touca Print           "DELETE FROM userstories WHERE date='2023-01-19':successful"
2023-01-19 11:20:50 I Touca Print           "INSERT INTO userstories (rel, status, count, date) SELECT rel, status, count((@rn := @rn + 1)) as count, '2023-01-19' as date FROM alluserstories cross join (select @rn := 0) const GROUP BY rel, status:successful"
2023-01-19 11:21:18 I Touca Get_alldefects  "[{'id': 8868900, 'name': '[Cloned] EAP Feedback - Pull down the phone notification, the sound+ app does not load the scene', 'documentKey': 'TOUC-BUG-406', 'statusId': 156538, 'status': 'Closed', 'teamId': 156570, 'team': 'DE Mobile Apps', 'priorityId': 156534, 'priority': 'Minor', 'upstream': '', 'jira': 'https://jabra1.atlassian.net/browse/TOUC-417'}, {'id': 8941199, 'name': '[Sound+][IOS]Sound modes will not refresh automatically after the call is over', 'documentKey': 'TOUC-BUG-456', 'statusId': 156538, 'status': 'Closed', 'teamId': 156570, 'team': 'DE Mobile Apps', 'priorityId': 156534, 'priority': 'Minor', 'upstream': '', 'jira': 'https://jabra1.atlassian.net/browse/TOUC-473'}, {'id': 8941522, 'name': 'CLONED: The earbuds has been connected to the device. Put the main earbud into the box when connecting to the sound+, but the slave earbud cannot be connected to the sound+.', 'documentKey': 'TOUC-BUG-463', 'statusId': 156538, 'status': 'Closed', 'teamId': 156570, 'team': 'DE Mobile Apps', 'priorityId': 156534, 'priority': 'Minor', 'upstream': '', 'jira': 'https://jabra1.atlassian.net/browse/TOUC-480'}, {'id': 9112143, 'name': 'CLONED: During a call, the earbuds has a sidetone effect, but sound+ shows sidetone off', 'documentKey': 'TOUC-BUG-529', 'statusId': 156538, 'status': 'Closed', 'teamId': 156570, 'team': 'DE Mobile Apps', 'priorityId': 156533, 'priority': 'Major', 'upstream': '', 'jira': 'https://jabra1.atlassian.net/browse/TOUC-551'}, {'id': 9191499, 'name': 'CLONED: [Sound+]Sound+ shows notification bug for sound mode', 'documentKey': 'TOUC-BUG-534', 'statusId': 156538, 'status': 'Closed', 'teamId': 156570, 'team': 'DE Mobile Apps', 'priorityId': 156534, 'priority': 'Minor', 'upstream': '', 'jira': 'https://jabra1.atlassian.net/browse/TOUC-556'}]"
2023-01-19 11:21:18 I Touca Print           "CREATE TABLE IF NOT EXISTS defects (                     rel TEXT, team TEXT, status TEXT, priority TEXT, count INT, date TEXT) ENGINE=InnoDB DEFAULT CHARSET=utf8:successful"
2023-01-19 11:21:18 I Touca Print           "CREATE TABLE IF NOT EXISTS alldefects (                     id INT, uniqueid TEXT, name TEXT, status TEXT, rel TEXT, team TEXT, priority TEXT, jira TEXT, upstream TEXT) ENGINE=InnoDB DEFAULT CHARSET=utf8:successful"
2023-01-19 11:21:18 I Touca Print           "DELETE FROM defects WHERE date='2023-01-19':successful"
2023-01-19 11:21:18 I Touca Print           "DELETE FROM alldefects WHERE id = 16943759:successful"
2023-01-19 11:21:18 I Touca Print           "DELETE FROM alldefects WHERE id = 8868900:successful"
2023-01-19 11:21:18 I Touca Print           "DELETE FROM alldefects WHERE id = 8941199:successful"
2023-01-19 11:21:18 I Touca Print           "DELETE FROM alldefects WHERE id = 8941522:successful"
2023-01-19 11:21:18 I Touca Print           "DELETE FROM alldefects WHERE id = 9112143:successful"
2023-01-19 11:21:18 I Touca Print           "DELETE FROM alldefects WHERE id = 9191499:successful"
2023-01-19 11:21:18 I Touca Print           "Not enough parameters for the SQL statement"
2023-01-19 11:21:18 I Touca Print           "INSERT INTO defects (rel, team, status, count, date, priority) SELECT rel, team, status, count((@rn := @rn + 1)) as count, '2023-01-19' as date, priority FROM alldefects cross join (select @rn := 0) const GROUP BY rel, team, status, priority:successful"
2023-01-19 11:24:40 I Touca get_multipickli "Unassigned don't find the mainteam name from G_parameter"
2023-01-19 11:24:59 I Touca get_multipickli "Unassigned don't find the mainteam name from G_parameter"
2023-01-19 11:25:04 I Touca get_multipickli "Unassigned don't find the mainteam name from G_parameter"
2023-01-19 11:27:48 I Touca get_multipickli "Unassigned don't find the mainteam name from G_parameter"
2023-01-19 11:34:02 I Touca get_multipickli "Unassigned don't find the mainteam name from G_parameter"
2023-01-19 11:36:48 I Touca get_multipickli "Digital Experience – Android don't find the mainteam name from G_parameter"
2023-01-19 11:36:50 I Touca get_multipickli "Digital Experience – IOS don't find the mainteam name from G_parameter"
2023-01-19 11:36:55 I Touca get_multipickli "Digital Experience – Android don't find the mainteam name from G_parameter"
2023-01-19 11:36:55 I Touca get_multipickli "Digital Experience – IOS don't find the mainteam name from G_parameter"
2023-01-19 11:37:01 I Touca get_multipickli "Digital Experience – Android don't find the mainteam name from G_parameter"
2023-01-19 11:37:01 I Touca get_multipickli "Digital Experience – IOS don't find the mainteam name from G_parameter"
2023-01-19 11:37:07 I Touca get_multipickli "Digital Experience – Android don't find the mainteam name from G_parameter"
2023-01-19 11:37:07 I Touca get_multipickli "Digital Experience – IOS don't find the mainteam name from G_parameter"
2023-01-19 11:37:11 I Touca get_multipickli "Digital Experience – Android don't find the mainteam name from G_parameter"
2023-01-19 11:37:11 I Touca get_multipickli "Digital Experience – IOS don't find the mainteam name from G_parameter"
2023-01-19 11:37:16 I Touca get_multipickli "Digital Experience – Android don't find the mainteam name from G_parameter"
2023-01-19 11:37:16 I Touca get_multipickli "Digital Experience – IOS don't find the mainteam name from G_parameter"
2023-01-19 11:37:22 I Touca get_multipickli "Digital Experience – Android don't find the mainteam name from G_parameter"
2023-01-19 11:37:22 I Touca get_multipickli "Digital Experience – IOS don't find the mainteam name from G_parameter"
2023-01-19 11:37:46 I Touca get_multipickli "Unassigned don't find the mainteam name from G_parameter"
2023-01-19 11:40:15 I Touca Print           "DROP TABLE IF EXISTS allrequirements:successful"
2023-01-19 11:40:15 I Touca Print           "DROP TABLE IF EXISTS allcoverage:successful"
2023-01-19 11:40:15 I Touca Print           "CREATE TABLE IF NOT EXISTS requirements (                        rel TEXT, status TEXT, count INT, date TEXT) ENGINE=InnoDB DEFAULT CHARSET=utf8:successful"
2023-01-19 11:40:15 I Touca Print           "CREATE TABLE IF NOT EXISTS allrequirements (                        id INT, uniqueid TEXT, name TEXT, status TEXT, rel TEXT, upstream TEXT, downstream TEXT, team TEXT, test_status TEXT) ENGINE=InnoDB DEFAULT CHARSET=utf8:successful"
2023-01-19 11:40:15 I Touca Print           "CREATE TABLE IF NOT EXISTS coverage (                        team text, covered int, expected int, date text) ENGINE=InnoDB DEFAULT CHARSET=utf8:successful"
2023-01-19 11:40:15 I Touca Print           "CREATE TABLE IF NOT EXISTS allcoverage (                        id INT, uniqueid TEXT, name TEXT, status TEXT, rel TEXT, verify TEXT, missing TEXT) ENGINE=InnoDB DEFAULT CHARSET=utf8:successful"
2023-01-19 11:40:15 I Touca Print           "DELETE FROM requirements WHERE date='2023-01-19':successful"
2023-01-19 11:40:15 I Touca Print           "DELETE FROM coverage WHERE date='2023-01-19':successful"
2023-01-19 11:40:15 I Touca Print           "INSERT INTO requirements (rel, status, count, date) SELECT rel, status, count((@rn := @rn + 1)) as count, '2023-01-19' as date FROM allrequirements cross join (select @rn := 0) const GROUP BY rel, status:successful"
2023-01-19 11:40:15 I Touca Print           "CREATE TABLE IF NOT EXISTS feattest (rel TEXT, status TEXT, count TEXT, date TEXT) ENGINE=InnoDB DEFAULT CHARSET=utf8:successful"
2023-01-19 11:40:15 I Touca Print           "CREATE TABLE IF NOT EXISTS reqtest (rel TEXT, status TEXT, count TEXT, date TEXT) ENGINE=InnoDB DEFAULT CHARSET=utf8:successful"
2023-01-19 11:40:15 I Touca Print           "SELECT id FROM allfeatures:successful"
2023-01-19 11:40:15 I Touca Print           "SELECT id,upstream,downstream,team FROM allrequirements:successful"
2023-01-19 11:40:15 I Touca Print           "SELECT id FROM allcoverage:successful"
2023-01-19 11:40:15 I Touca Print           "SELECT * FROM testcases:successful"
