2023-01-11 09:06:28 I Canar Print           "Connet 20563 successfully!!!"
2023-01-11 09:06:28 I Canar Get_alltests    "Get project name:Canary id:20563 all testplans"
2023-01-11 09:06:31 I Canar Get_alltests    "{9508431: {'id': 9508431, 'name': 'ESW Test Plan', 'archived': False, 'index': '9508431:ESW Test Plan'}, 9246564: {'id': 9246564, 'name': 'HW Test Plan', 'archived': False, 'index': '9246564:HW Test Plan'}, 8686340: {'id': 8686340, 'name': 'Product Verification Test Plan', 'archived': False, 'index': '8686340:Product Verification Test Plan'}}"
2023-01-11 09:06:31 I Canar Get_alltests    "Get project name:Canary id:20563 all testplans successful!!!"
2023-01-11 09:08:43 I Canar tidy_alltestcas "418"
2023-01-11 09:09:36 I Canar Print           "DROP TABLE IF EXISTS testcases:successful"
2023-01-11 09:09:36 I Canar Print           "CREATE TABLE IF NOT EXISTS testcases (                             testplan_id INT,                             testplan_name TEXT,                             testgroup_id INT,                             testgroup_name TEXT,                             testcycle_id INT,                             testcycle_name TEXT,                             rel TEXT,                             id INT,                             uniqueid TEXT,                             name TEXT,                             status TEXT,                             upstream TEXT,                             downstream TEXT,                             executionDate TEXT) ENGINE=InnoDB DEFAULT CHARSET=utf8:successful"
2023-01-11 09:09:36 I Canar update_database "Insert testcases table successful"
2023-01-11 09:09:36 I Canar Print           "CREATE TABLE IF NOT EXISTS tests (                             testplan_id INT,                             testplan_name TEXT,                             testplan_status TEXT,                             rel TEXT, status TEXT,                             count INT, date TEXT) ENGINE=InnoDB DEFAULT CHARSET=utf8:successful"
2023-01-11 09:09:36 I Canar Print           "DELETE FROM tests WHERE date='2023-01-11':successful"
2023-01-11 09:09:36 I Canar Print           "SELECT testplan_id FROM tests GROUP BY testplan_id:successful"
2023-01-11 09:09:36 I Canar Print           "SELECT testplan_name FROM tests WHERE testplan_id=9508431 LIMIT 1:successful"
2023-01-11 09:09:36 I Canar Print           "UPDATE tests SET testplan_status='Active' WHERE testplan_id=9508431:successful"
2023-01-11 09:09:36 I Canar Print           "SELECT testplan_name FROM tests WHERE testplan_id=9246564 LIMIT 1:successful"
2023-01-11 09:09:36 I Canar Print           "UPDATE tests SET testplan_status='Active' WHERE testplan_id=9246564:successful"
2023-01-11 09:09:36 I Canar Print           "SELECT testplan_name FROM tests WHERE testplan_id=8686340 LIMIT 1:successful"
2023-01-11 09:09:36 I Canar Print           "UPDATE tests SET testplan_status='Active' WHERE testplan_id=8686340:successful"
2023-01-11 09:09:36 I Canar Print           "INSERT INTO tests (testplan_id, testplan_name, testplan_status, rel, status, count, date) SELECT testplan_id, testplan_name, 'Active' as testplan_status, rel, status, count((@rn := @rn + 1)) as count, '2023-01-11' as date FROM testcases cross join (select @rn := 0) const GROUP BY testplan_id, rel, status:successful"
2023-01-11 09:09:36 I Canar update_database "Insert tests table successful"
2023-01-11 09:09:36 I Canar Print           "CREATE TABLE IF NOT EXISTS testapproval (                                 rel TEXT, team TEXT, status TEXT, upstream TEXT, count INT, date TEXT                                 ) ENGINE=InnoDB DEFAULT CHARSET=utf8:successful"
2023-01-11 09:09:36 I Canar Print           "DROP TABLE IF EXISTS alltestapproval:successful"
2023-01-11 09:09:36 I Canar Print           "CREATE TABLE IF NOT EXISTS alltestapproval (                                 id INT, uniqueid TEXT, name TEXT, status TEXT, rel TEXT, team TEXT, upstream TEXT                                 ) ENGINE=InnoDB DEFAULT CHARSET=utf8:successful"
2023-01-11 09:09:36 I Canar Print           "DELETE FROM testapproval WHERE date='2023-01-11':successful"
2023-01-11 09:09:36 I Canar Print           "INSERT INTO testapproval (rel, team, status, count, date, upstream) SELECT rel, team, status, count((@rn := @rn + 1)) as count, '2023-01-11' as date, upstream FROM alltestapproval cross join (select @rn := 0) const GROUP BY rel, team, status, upstream:successful"
2023-01-11 09:09:42 I Canar Get_allfeatuers "[]"
2023-01-11 09:09:42 I Canar Print           "CREATE TABLE IF NOT EXISTS features (                                rel TEXT, status TEXT, count INT, date TEXT) ENGINE=InnoDB DEFAULT CHARSET=utf8:successful"
2023-01-11 09:09:42 I Canar Print           "CREATE TABLE IF NOT EXISTS allfeatures (                                id INT, uniqueid TEXT, name TEXT, status TEXT, rel TEXT,test_status TEXT) ENGINE=InnoDB DEFAULT CHARSET=utf8:successful"
2023-01-11 09:09:42 I Canar Print           "DELETE FROM features WHERE date='2023-01-11':successful"
2023-01-11 09:09:42 I Canar Print           "DELETE FROM allfeatures WHERE id=18734323:successful"
2023-01-11 09:09:42 I Canar Print           "DELETE FROM allfeatures WHERE id=17510212:successful"
2023-01-11 09:09:42 I Canar Print           "INSERT INTO features (rel, status, count, date)                                 SELECT rel, status, count((@rn := @rn + 1)) as count, '2023-01-11' as date FROM allfeatures cross join (select @rn := 0) const GROUP BY rel, status:successful"
2023-01-11 09:09:45 I Canar Get_allchangere "[]"
2023-01-11 09:09:45 I Canar Print           "CREATE TABLE IF NOT EXISTS changes (                                 rel TEXT, status TEXT, priority TEXT,                                 requester TEXT, date TEXT, count INT) ENGINE=InnoDB DEFAULT CHARSET=utf8:successful"
2023-01-11 09:09:45 I Canar Print           "CREATE TABLE IF NOT EXISTS allchanges (                                 id INT, uniqueid TEXT, name TEXT,                                 status TEXT, rel TEXT, priority TEXT,                                 requester TEXT) ENGINE=InnoDB DEFAULT CHARSET=utf8:successful"
2023-01-11 09:09:45 I Canar Print           "DELETE FROM changes WHERE date='2023-01-11':successful"
2023-01-11 09:09:45 I Canar Print           "INSERT INTO changes (                                 rel, status, priority, requester, date, count)                                 SELECT rel, status, priority, requester, '2023-01-11' as date, count((@rn := @rn + 1)) as count FROM allchanges                                 cross join (select @rn := 0) const GROUP BY rel, status, priority, requester:successful"
2023-01-11 09:09:47 I Canar Print           "CREATE TABLE IF NOT EXISTS designspec (                            rel TEXT, team TEXT, status TEXT, count INT, date text) ENGINE=InnoDB DEFAULT CHARSET=utf8:successful"
2023-01-11 09:09:47 I Canar Print           "CREATE TABLE IF NOT EXISTS alldesignspec (                             id INT, uniqueid TEXT, name TEXT, status TEXT, rel TEXT, team TEXT) ENGINE=InnoDB DEFAULT CHARSET=utf8:successful"
2023-01-11 09:09:47 I Canar Print           "DELETE FROM designspec WHERE date='2023-01-11':successful"
2023-01-11 09:09:47 I Canar Print           "INSERT INTO designspec (rel, team, status, count, date) SELECT rel, team, status, count((@rn := @rn + 1)) as count, '2023-01-11' as date FROM alldesignspec cross join (select @rn := 0) const GROUP BY rel, team, status:successful"
2023-01-11 09:09:49 I Canar Get_alluserstor "[]"
2023-01-11 09:09:49 I Canar Print           "CREATE TABLE IF NOT EXISTS userstories (                 rel TEXT, status TEXT, count INT, date TEXT) ENGINE=InnoDB DEFAULT CHARSET=utf8:successful"
2023-01-11 09:09:49 I Canar Print           "CREATE TABLE IF NOT EXISTS alluserstories (                 id INT, uniqueid TEXT, name TEXT, status TEXT, rel TEXT) ENGINE=InnoDB DEFAULT CHARSET=utf8:successful"
2023-01-11 09:09:49 I Canar Print           "DELETE FROM userstories WHERE date='2023-01-11':successful"
2023-01-11 09:09:49 I Canar Print           "INSERT INTO userstories (rel, status, count, date) SELECT rel, status, count((@rn := @rn + 1)) as count, '2023-01-11' as date FROM alluserstories cross join (select @rn := 0) const GROUP BY rel, status:successful"
2023-01-11 09:10:55 I Canar Get_alldefects  "[{'id': 9636976, 'name': '[ios sound+ OTA] The earbud is connected to sound+ to upgrade, the earbud has started to flash purple light, but the upgrade progress bar is not displayed', 'documentKey': 'Cana-BUG-16', 'statusId': 156538, 'status': 'Closed', 'teamId': 156570, 'team': 'DE Mobile Apps', 'priorityId': 156535, 'priority': 'Trivial', 'upstream': '', 'jira': 'https://jabra1.atlassian.net/browse/CANA-874'}, {'id': 9636982, 'name': '[EAP Feedback] - The sound of the left earbud and the sound of right earbud get out of synch', 'documentKey': 'Cana-BUG-22', 'statusId': 156536, 'status': 'Open', 'teamId': 157251, 'team': 'ESW BT', 'priorityId': 156533, 'priority': 'Major', 'upstream': '', 'jira': 'https://jabra1.atlassian.net/browse/CANA-1042'}, {'id': 9636983, 'name': 'Random dropouts of music for no reason', 'documentKey': 'Cana-BUG-23', 'statusId': 156537, 'status': 'Resolved', 'teamId': 157251, 'team': 'ESW BT', 'priorityId': 156531, 'priority': 'Blocker', 'upstream': '', 'jira': 'https://jabra1.atlassian.net/browse/CANA-995'}, {'id': 9636994, 'name': 'Bad TX in slight windy condition', 'documentKey': 'Cana-BUG-32', 'statusId': 156537, 'status': 'Resolved', 'teamId': 157251, 'team': 'ESW BT', 'priorityId': 156532, 'priority': 'Critical', 'upstream': '', 'jira': 'https://jabra1.atlassian.net/browse/CANA-1034'}, {'id': 9637005, 'name': "[Alexa] Double tap on left earphone doesn't activate Alexa", 'documentKey': 'Cana-BUG-40', 'statusId': 156536, 'status': 'Open', 'teamId': 157251, 'team': 'ESW BT', 'priorityId': 156533, 'priority': 'Major', 'upstream': '', 'jira': 'https://jabra1.atlassian.net/browse/CANA-642'}, {'id': 9637013, 'name': 'General product behavior vibration when I hear another person talking', 'documentKey': 'Cana-BUG-48', 'statusId': 156536, 'status': 'Open', 'teamId': 157251, 'team': 'ESW BT', 'priorityId': 156533, 'priority': 'Major', 'upstream': '', 'jira': 'https://jabra1.atlassian.net/browse/CANA-1015'}, {'id': 9637014, 'name': '[EAP Feedback] - Auto stop music when teams is activated', 'documentKey': 'Cana-BUG-49', 'statusId': 156536, 'status': 'Open', 'teamId': 157251, 'team': 'ESW BT', 'priorityId': 156533, 'priority': 'Major', 'upstream': '', 'jira': 'https://jabra1.atlassian.net/browse/CANA-965'}, {'id': 9637015, 'name': 'name of elite 5 cannot be displayed in the pop-up box', 'documentKey': 'Cana-BUG-50', 'statusId': 156538, 'status': 'Closed', 'teamId': 157251, 'team': 'ESW BT', 'priorityId': 156533, 'priority': 'Major', 'upstream': '', 'jira': 'https://jabra1.atlassian.net/browse/CANA-1038'}, {'id': 9637017, 'name': "i: Canary, MyControls + Sidetone. When you enable/disable Sidetone using the HS - during an active call, the in-call widget in the app doesn't reflect the HS status", 'documentKey': 'Cana-BUG-52', 'statusId': 156537, 'status': 'Resolved', 'teamId': 157251, 'team': 'ESW BT', 'priorityId': 156533, 'priority': 'Major', 'upstream': '', 'jira': 'https://jabra1.atlassian.net/browse/CANA-1017'}, {'id': 9637021, 'name': '[Alexa] The volume of the music will be reduced and not resumed', 'documentKey': 'Cana-BUG-55', 'statusId': 156536, 'status': 'Open', 'teamId': 157251, 'team': 'ESW BT', 'priorityId': 156533, 'priority': 'Major', 'upstream': '', 'jira': 'https://jabra1.atlassian.net/browse/CANA-754'}, {'id': 9637022, 'name': '[Multipoint] B device Alexa voice conversation ends, A device music does not resume', 'documentKey': 'Cana-BUG-56', 'statusId': 156536, 'status': 'Open', 'teamId': 157251, 'team': 'ESW BT', 'priorityId': 156533, 'priority': 'Major', 'upstream': '', 'jira': 'https://jabra1.atlassian.net/browse/CANA-854'}, {'id': 9637028, 'name': '[IOS&Android Sound+] After Amazon Alexa is configured to connect to the headset successfully, the "Voice Assistant or Spotify" of Sound+ shows that Spotify is active', 'documentKey': 'Cana-BUG-61', 'statusId': 156538, 'status': 'Closed', 'teamId': 156570, 'team': 'DE Mobile Apps', 'priorityId': 156534, 'priority': 'Minor', 'upstream': '', 'jira': 'https://jabra1.atlassian.net/browse/CANA-1006'}, {'id': 9637065, 'name': "a: Canary - Google Assistant on Android 12 won't activate", 'documentKey': 'Cana-BUG-97', 'statusId': 156537, 'status': 'Resolved', 'teamId': 157251, 'team': 'ESW BT', 'priorityId': 156533, 'priority': 'Major', 'upstream': '', 'jira': 'https://jabra1.atlassian.net/browse/CANA-1035'}, {'id': 9637120, 'name': '[Play][ios sound+]Enter sound+ to play music, wake up the voice assistant, exit the voice assistant and wait for 10 seconds, the music will automatically pause', 'documentKey': 'Cana-BUG-149', 'statusId': 156537, 'status': 'Resolved', 'teamId': 156570, 'team': 'DE Mobile Apps', 'priorityId': 156533, 'priority': 'Major', 'upstream': '', 'jira': 'https://jabra1.atlassian.net/browse/CANA-981'}, {'id': 9637134, 'name': '[EAP Feedback]- Bluetooth Connection with link 380', 'documentKey': 'Cana-BUG-163', 'statusId': 156538, 'status': 'Closed', 'teamId': 157251, 'team': 'ESW BT', 'priorityId': 156533, 'priority': 'Major', 'upstream': '', 'jira': 'https://jabra1.atlassian.net/browse/CANA-990'}, {'id': 9750634, 'name': 'i: After the Voice Guidance Language upgrade, the "restarting earbuds" doesn\'t actually reconnect the HS+phone', 'documentKey': 'Cana-BUG-717', 'statusId': 156536, 'status': 'Open', 'teamId': 157251, 'team': 'ESW BT', 'priorityId': 156531, 'priority': 'Blocker', 'upstream': '', 'jira': 'https://jabra1.atlassian.net/browse/CANA-1073'}, {'id': 9777769, 'name': 'Multipoint connection to Samsung phone + Laptop (no dongle), Slow at establishing the second connection', 'documentKey': 'Cana-BUG-723', 'statusId': 156536, 'status': 'Open', 'teamId': 157251, 'team': 'ESW BT', 'priorityId': 156532, 'priority': 'Critical', 'upstream': '', 'jira': 'https://jabra1.atlassian.net/browse/CANA-1081'}, {'id': 9777770, 'name': '"Single point" Connection to Samsung phone fails >50% when connecting  ', 'documentKey': 'Cana-BUG-724', 'statusId': 156536, 'status': 'Open', 'teamId': 157251, 'team': 'ESW BT', 'priorityId': 156532, 'priority': 'Critical', 'upstream': '', 'jira': 'https://jabra1.atlassian.net/browse/CANA-1080'}, {'id': 9857400, 'name': '[Swift pair]After the Swift pair is paired successfully, the computer deletes the classic Bluetooth connection, BLE connection repeatedly displays "Paired -> Connected", and no pairing prompt box popoup if  the headset enters pairing again', 'documentKey': 'Cana-BUG-735', 'statusId': 156536, 'status': 'Open', 'teamId': 157251, 'team': 'ESW BT', 'priorityId': 156533, 'priority': 'Major', 'upstream': '', 'jira': 'https://jabra1.atlassian.net/browse/CANA-629'}, {'id': 9857431, 'name': 'The computer pops up multiple Swift pair dialog, up to 5 pop-ups, and no Bluetooth name is displayed on the dialog.', 'documentKey': 'Cana-BUG-737', 'statusId': 156536, 'status': 'Open', 'teamId': 157251, 'team': 'ESW BT', 'priorityId': 156533, 'priority': 'Major', 'upstream': '', 'jira': 'https://jabra1.atlassian.net/browse/CANA-182'}, {'id': 9866029, 'name': "[FW upgrade] Can't finish rebooting process in Sound + during FW upgrade", 'documentKey': 'Cana-BUG-738', 'statusId': 156539, 'status': 'In Progress', 'teamId': 157251, 'team': 'ESW BT', 'priorityId': 156532, 'priority': 'Critical', 'upstream': '', 'jira': 'https://jabra1.atlassian.net/browse/CANA-1095'}, {'id': 9992326, 'name': 'Not in sync Power-On tone and "Connected" prompt if take out one at a time', 'documentKey': 'Cana-BUG-740', 'statusId': 156536, 'status': 'Open', 'teamId': 157251, 'team': 'ESW BT', 'priorityId': 156533, 'priority': 'Major', 'upstream': '', 'jira': 'https://jabra1.atlassian.net/browse/CANA-1097'}, {'id': 10066533, 'name': 'a: MyControls for media not working in default or amended mode (when Bisto is activated)', 'documentKey': 'Cana-BUG-741', 'statusId': 156536, 'status': 'Open', 'teamId': 157251, 'team': 'ESW BT', 'priorityId': 156532, 'priority': 'Critical', 'upstream': '', 'jira': 'https://jabra1.atlassian.net/browse/CANA-1072'}, {'id': 10379806, 'name': 'CLONE - In the Mono mode, incoming calls are not automatically answered after taking the earbud into ear', 'documentKey': 'Cana-BUG-745', 'statusId': 156536, 'status': 'Open', 'teamId': 157251, 'team': 'ESW BT', 'priorityId': 156533, 'priority': 'Major', 'upstream': '', 'jira': 'https://jabra1.atlassian.net/browse/CANA-1103'}]"
2023-01-11 09:10:55 I Canar Print           "CREATE TABLE IF NOT EXISTS defects (                     rel TEXT, team TEXT, status TEXT, priority TEXT, count INT, date TEXT) ENGINE=InnoDB DEFAULT CHARSET=utf8:successful"
2023-01-11 09:10:55 I Canar Print           "CREATE TABLE IF NOT EXISTS alldefects (                     id INT, uniqueid TEXT, name TEXT, status TEXT, rel TEXT, team TEXT, priority TEXT, jira TEXT, upstream TEXT) ENGINE=InnoDB DEFAULT CHARSET=utf8:successful"
2023-01-11 09:10:55 I Canar Print           "DELETE FROM defects WHERE date='2023-01-11':successful"
2023-01-11 09:10:55 I Canar Print           "DELETE FROM alldefects WHERE id = 9636976:successful"
2023-01-11 09:10:55 I Canar Print           "DELETE FROM alldefects WHERE id = 9636982:successful"
2023-01-11 09:10:55 I Canar Print           "DELETE FROM alldefects WHERE id = 9636983:successful"
2023-01-11 09:10:55 I Canar Print           "DELETE FROM alldefects WHERE id = 9636994:successful"
2023-01-11 09:10:55 I Canar Print           "DELETE FROM alldefects WHERE id = 9637005:successful"
2023-01-11 09:10:55 I Canar Print           "DELETE FROM alldefects WHERE id = 9637013:successful"
2023-01-11 09:10:55 I Canar Print           "DELETE FROM alldefects WHERE id = 9637014:successful"
2023-01-11 09:10:55 I Canar Print           "DELETE FROM alldefects WHERE id = 9637015:successful"
2023-01-11 09:10:55 I Canar Print           "DELETE FROM alldefects WHERE id = 9637017:successful"
2023-01-11 09:10:55 I Canar Print           "DELETE FROM alldefects WHERE id = 9637021:successful"
2023-01-11 09:10:55 I Canar Print           "DELETE FROM alldefects WHERE id = 9637022:successful"
2023-01-11 09:10:55 I Canar Print           "DELETE FROM alldefects WHERE id = 9637028:successful"
2023-01-11 09:10:55 I Canar Print           "DELETE FROM alldefects WHERE id = 9637065:successful"
2023-01-11 09:10:55 I Canar Print           "DELETE FROM alldefects WHERE id = 9637120:successful"
2023-01-11 09:10:55 I Canar Print           "DELETE FROM alldefects WHERE id = 9637134:successful"
2023-01-11 09:10:55 I Canar Print           "DELETE FROM alldefects WHERE id = 9750634:successful"
2023-01-11 09:10:55 I Canar Print           "DELETE FROM alldefects WHERE id = 9777769:successful"
2023-01-11 09:10:55 I Canar Print           "DELETE FROM alldefects WHERE id = 9777770:successful"
2023-01-11 09:10:55 I Canar Print           "DELETE FROM alldefects WHERE id = 9857400:successful"
2023-01-11 09:10:55 I Canar Print           "DELETE FROM alldefects WHERE id = 9857431:successful"
2023-01-11 09:10:55 I Canar Print           "DELETE FROM alldefects WHERE id = 9866029:successful"
2023-01-11 09:10:55 I Canar Print           "DELETE FROM alldefects WHERE id = 9992326:successful"
2023-01-11 09:10:55 I Canar Print           "DELETE FROM alldefects WHERE id = 10066533:successful"
2023-01-11 09:10:55 I Canar Print           "DELETE FROM alldefects WHERE id = 10379806:successful"
2023-01-11 09:10:55 I Canar Print           "Not enough parameters for the SQL statement"
2023-01-11 09:10:55 I Canar Print           "INSERT INTO defects (rel, team, status, count, date, priority) SELECT rel, team, status, count((@rn := @rn + 1)) as count, '2023-01-11' as date, priority FROM alldefects cross join (select @rn := 0) const GROUP BY rel, team, status, priority:successful"
2023-01-11 09:16:41 I Canar get_multipickli "Unassigned don't find the mainteam name from G_parameter"
2023-01-11 09:24:37 I Canar get_multipickli "Unassigned don't find the mainteam name from G_parameter"
2023-01-11 09:25:50 I Canar get_multipickli "ESW Platform Test don't find the mainteam name from G_parameter"
2023-01-11 09:26:25 I Canar get_multipickli "Unassigned don't find the mainteam name from G_parameter"
2023-01-11 09:26:30 I Canar get_multipickli "Unassigned don't find the mainteam name from G_parameter"
2023-01-11 09:26:35 I Canar get_multipickli "Unassigned don't find the mainteam name from G_parameter"
2023-01-11 09:26:40 I Canar get_multipickli "Unassigned don't find the mainteam name from G_parameter"
2023-01-11 09:26:45 I Canar get_multipickli "Unassigned don't find the mainteam name from G_parameter"
2023-01-11 09:26:50 I Canar get_multipickli "Unassigned don't find the mainteam name from G_parameter"
2023-01-11 09:26:56 I Canar get_multipickli "Unassigned don't find the mainteam name from G_parameter"
2023-01-11 09:27:01 I Canar get_multipickli "Unassigned don't find the mainteam name from G_parameter"
2023-01-11 09:27:07 I Canar get_multipickli "Unassigned don't find the mainteam name from G_parameter"
2023-01-11 09:27:13 I Canar get_multipickli "Unassigned don't find the mainteam name from G_parameter"
2023-01-11 09:27:18 I Canar get_multipickli "Unassigned don't find the mainteam name from G_parameter"
2023-01-11 09:27:23 I Canar get_multipickli "Unassigned don't find the mainteam name from G_parameter"
2023-01-11 09:27:27 I Canar get_multipickli "Unassigned don't find the mainteam name from G_parameter"
2023-01-11 09:27:31 I Canar get_multipickli "Unassigned don't find the mainteam name from G_parameter"
2023-01-11 09:27:37 I Canar get_multipickli "Unassigned don't find the mainteam name from G_parameter"
2023-01-11 09:27:42 I Canar get_multipickli "Unassigned don't find the mainteam name from G_parameter"
2023-01-11 09:27:47 I Canar get_multipickli "Unassigned don't find the mainteam name from G_parameter"
2023-01-11 09:27:52 I Canar get_multipickli "Unassigned don't find the mainteam name from G_parameter"
2023-01-11 09:27:58 I Canar get_multipickli "Unassigned don't find the mainteam name from G_parameter"
2023-01-11 09:28:03 I Canar get_multipickli "Unassigned don't find the mainteam name from G_parameter"
2023-01-11 09:28:08 I Canar get_multipickli "Unassigned don't find the mainteam name from G_parameter"
2023-01-11 09:28:14 I Canar get_multipickli "Unassigned don't find the mainteam name from G_parameter"
2023-01-11 09:28:19 I Canar get_multipickli "Unassigned don't find the mainteam name from G_parameter"
2023-01-11 09:28:24 I Canar get_multipickli "Unassigned don't find the mainteam name from G_parameter"
2023-01-11 09:28:29 I Canar get_multipickli "Unassigned don't find the mainteam name from G_parameter"
2023-01-11 09:28:35 I Canar get_multipickli "Unassigned don't find the mainteam name from G_parameter"
2023-01-11 09:28:39 I Canar get_multipickli "Unassigned don't find the mainteam name from G_parameter"
2023-01-11 09:28:45 I Canar get_multipickli "Unassigned don't find the mainteam name from G_parameter"
2023-01-11 09:28:50 I Canar get_multipickli "Unassigned don't find the mainteam name from G_parameter"
2023-01-11 09:28:55 I Canar get_multipickli "Unassigned don't find the mainteam name from G_parameter"
2023-01-11 09:29:00 I Canar get_multipickli "Unassigned don't find the mainteam name from G_parameter"
2023-01-11 09:31:46 I Canar get_multipickli "Digital Experience – Android don't find the mainteam name from G_parameter"
2023-01-11 09:31:47 I Canar get_multipickli "Digital Experience – IOS don't find the mainteam name from G_parameter"
2023-01-11 09:31:53 I Canar get_multipickli "Digital Experience – Android don't find the mainteam name from G_parameter"
2023-01-11 09:31:53 I Canar get_multipickli "Digital Experience – IOS don't find the mainteam name from G_parameter"
2023-01-11 09:31:58 I Canar get_multipickli "Digital Experience – Android don't find the mainteam name from G_parameter"
2023-01-11 09:31:58 I Canar get_multipickli "Digital Experience – IOS don't find the mainteam name from G_parameter"
2023-01-11 09:32:03 I Canar get_multipickli "Digital Experience – Android don't find the mainteam name from G_parameter"
2023-01-11 09:32:03 I Canar get_multipickli "Digital Experience – IOS don't find the mainteam name from G_parameter"
2023-01-11 09:32:08 I Canar get_multipickli "Digital Experience – Android don't find the mainteam name from G_parameter"
2023-01-11 09:32:08 I Canar get_multipickli "Digital Experience – IOS don't find the mainteam name from G_parameter"
2023-01-11 09:32:13 I Canar get_multipickli "Digital Experience – Android don't find the mainteam name from G_parameter"
2023-01-11 09:32:13 I Canar get_multipickli "Digital Experience – IOS don't find the mainteam name from G_parameter"
2023-01-11 09:32:19 I Canar get_multipickli "Digital Experience – Android don't find the mainteam name from G_parameter"
2023-01-11 09:32:19 I Canar get_multipickli "Digital Experience – IOS don't find the mainteam name from G_parameter"
2023-01-11 09:32:36 I Canar get_multipickli "Digital Experience – Android don't find the mainteam name from G_parameter"
2023-01-11 09:32:36 I Canar get_multipickli "Digital Experience – IOS don't find the mainteam name from G_parameter"
2023-01-11 09:32:41 I Canar get_multipickli "Digital Experience – Android don't find the mainteam name from G_parameter"
2023-01-11 09:32:46 I Canar get_multipickli "Digital Experience – Android don't find the mainteam name from G_parameter"
2023-01-11 09:32:51 I Canar get_multipickli "Digital Experience – Android don't find the mainteam name from G_parameter"
2023-01-11 09:32:55 I Canar get_multipickli "Digital Experience – Android don't find the mainteam name from G_parameter"
2023-01-11 09:33:00 I Canar get_multipickli "Digital Experience – Android don't find the mainteam name from G_parameter"
2023-01-11 09:33:04 I Canar get_multipickli "Digital Experience – Android don't find the mainteam name from G_parameter"
2023-01-11 09:33:23 I Canar get_multipickli "Unassigned don't find the mainteam name from G_parameter"
2023-01-11 09:33:23 I Canar get_multipickli "ESW Platform Test don't find the mainteam name from G_parameter"
2023-01-11 09:33:37 I Canar get_multipickli "Digital Experience – Android don't find the mainteam name from G_parameter"
2023-01-11 09:33:37 I Canar get_multipickli "Digital Experience – IOS don't find the mainteam name from G_parameter"
2023-01-11 09:35:04 I Canar get_multipickli "Unassigned don't find the mainteam name from G_parameter"
2023-01-11 09:35:04 I Canar Print           "DROP TABLE IF EXISTS allrequirements:successful"
2023-01-11 09:35:04 I Canar Print           "DROP TABLE IF EXISTS allcoverage:successful"
2023-01-11 09:35:04 I Canar Print           "CREATE TABLE IF NOT EXISTS requirements (                        rel TEXT, status TEXT, count INT, date TEXT) ENGINE=InnoDB DEFAULT CHARSET=utf8:successful"
2023-01-11 09:35:04 I Canar Print           "CREATE TABLE IF NOT EXISTS allrequirements (                        id INT, uniqueid TEXT, name TEXT, status TEXT, rel TEXT, upstream TEXT, downstream TEXT, team TEXT, test_status TEXT) ENGINE=InnoDB DEFAULT CHARSET=utf8:successful"
2023-01-11 09:35:04 I Canar Print           "CREATE TABLE IF NOT EXISTS coverage (                        team text, covered int, expected int, date text) ENGINE=InnoDB DEFAULT CHARSET=utf8:successful"
2023-01-11 09:35:04 I Canar Print           "CREATE TABLE IF NOT EXISTS allcoverage (                        id INT, uniqueid TEXT, name TEXT, status TEXT, rel TEXT, verify TEXT, missing TEXT) ENGINE=InnoDB DEFAULT CHARSET=utf8:successful"
2023-01-11 09:35:04 I Canar Print           "DELETE FROM requirements WHERE date='2023-01-11':successful"
2023-01-11 09:35:04 I Canar Print           "DELETE FROM coverage WHERE date='2023-01-11':successful"
2023-01-11 09:35:04 I Canar Print           "INSERT INTO requirements (rel, status, count, date) SELECT rel, status, count((@rn := @rn + 1)) as count, '2023-01-11' as date FROM allrequirements cross join (select @rn := 0) const GROUP BY rel, status:successful"
2023-01-11 09:35:04 I Canar Print           "CREATE TABLE IF NOT EXISTS feattest (rel TEXT, status TEXT, count TEXT, date TEXT) ENGINE=InnoDB DEFAULT CHARSET=utf8:successful"
2023-01-11 09:35:04 I Canar Print           "CREATE TABLE IF NOT EXISTS reqtest (rel TEXT, status TEXT, count TEXT, date TEXT) ENGINE=InnoDB DEFAULT CHARSET=utf8:successful"
2023-01-11 09:35:04 I Canar Print           "SELECT id FROM allfeatures:successful"
2023-01-11 09:35:04 I Canar Print           "SELECT id,upstream,downstream,team FROM allrequirements:successful"
2023-01-11 09:35:04 I Canar Print           "SELECT id FROM allcoverage:successful"
2023-01-11 09:35:04 I Canar Print           "SELECT * FROM testcases:successful"
