2023-01-11 09:33:25 I Polar Print           "Connet 20620 successfully!!!"
2023-01-11 09:33:25 I Polar Get_alltests    "Get project name:Polaris id:20620 all testplans"
2023-01-11 09:33:26 I Polar Get_alltests    "{}"
2023-01-11 09:33:26 I Polar Get_alltests    "Get project name:Polaris id:20620 all testplans successful!!!"
2023-01-11 09:33:26 I Polar tidy_alltestcas "0"
2023-01-11 09:33:26 I Polar Print           "DROP TABLE IF EXISTS testcases:successful"
2023-01-11 09:33:26 I Polar Print           "CREATE TABLE IF NOT EXISTS testcases (                             testplan_id INT,                             testplan_name TEXT,                             testgroup_id INT,                             testgroup_name TEXT,                             testcycle_id INT,                             testcycle_name TEXT,                             rel TEXT,                             id INT,                             uniqueid TEXT,                             name TEXT,                             status TEXT,                             upstream TEXT,                             downstream TEXT,                             executionDate TEXT) ENGINE=InnoDB DEFAULT CHARSET=utf8:successful"
2023-01-11 09:33:27 I Polar update_database "Insert testcases table successful"
2023-01-11 09:33:27 I Polar Print           "CREATE TABLE IF NOT EXISTS tests (                             testplan_id INT,                             testplan_name TEXT,                             testplan_status TEXT,                             rel TEXT, status TEXT,                             count INT, date TEXT) ENGINE=InnoDB DEFAULT CHARSET=utf8:successful"
2023-01-11 09:33:27 I Polar Print           "DELETE FROM tests WHERE date='2023-01-11':successful"
2023-01-11 09:33:27 I Polar Print           "SELECT testplan_id FROM tests GROUP BY testplan_id:successful"
2023-01-11 09:33:27 I Polar Print           "INSERT INTO tests (testplan_id, testplan_name, testplan_status, rel, status, count, date) SELECT testplan_id, testplan_name, 'Active' as testplan_status, rel, status, count((@rn := @rn + 1)) as count, '2023-01-11' as date FROM testcases cross join (select @rn := 0) const GROUP BY testplan_id, rel, status:successful"
2023-01-11 09:33:27 I Polar update_database "Insert tests table successful"
2023-01-11 09:33:27 I Polar Print           "CREATE TABLE IF NOT EXISTS testapproval (                                 rel TEXT, team TEXT, status TEXT, upstream TEXT, count INT, date TEXT                                 ) ENGINE=InnoDB DEFAULT CHARSET=utf8:successful"
2023-01-11 09:33:27 I Polar Print           "DROP TABLE IF EXISTS alltestapproval:successful"
2023-01-11 09:33:27 I Polar Print           "CREATE TABLE IF NOT EXISTS alltestapproval (                                 id INT, uniqueid TEXT, name TEXT, status TEXT, rel TEXT, team TEXT, upstream TEXT                                 ) ENGINE=InnoDB DEFAULT CHARSET=utf8:successful"
2023-01-11 09:33:27 I Polar Print           "DELETE FROM testapproval WHERE date='2023-01-11':successful"
2023-01-11 09:33:27 I Polar Print           "INSERT INTO testapproval (rel, team, status, count, date, upstream) SELECT rel, team, status, count((@rn := @rn + 1)) as count, '2023-01-11' as date, upstream FROM alltestapproval cross join (select @rn := 0) const GROUP BY rel, team, status, upstream:successful"
2023-01-11 09:33:37 I Polar Get_allfeatuers "[{'id': 9540668, 'name': 'Call management, Bluetooth', 'documentKey': 'Pol-FEAT-87', 'statusId': 156410, 'status': 'Approved'}, {'id': 9540679, 'name': 'Sound Modes', 'documentKey': 'Pol-FEAT-98', 'statusId': 156410, 'status': 'Approved'}, {'id': 9540649, 'name': 'Change headset language pack', 'documentKey': 'Pol-FEAT-71', 'statusId': 156410, 'status': 'Approved'}, {'id': 9540548, 'name': 'User Audio Configuration', 'documentKey': 'Pol-FEAT-11', 'statusId': 156584, 'status': 'Proposal'}, {'id': 10094256, 'name': 'Dynamic Virtual Surround Sound audio, with headtracking (DVSS)', 'documentKey': 'Pol-FEAT-782', 'statusId': 156410, 'status': 'Approved'}, {'id': 9540633, 'name': 'Range, wireless', 'documentKey': 'Pol-FEAT-56', 'statusId': 156584, 'status': 'Proposal'}, {'id': 10259002, 'name': 'Connected when in open cradle', 'documentKey': 'Pol-FEAT-796', 'statusId': 156410, 'status': 'Approved'}, {'id': 10147639, 'name': 'IMU sensor protocol', 'documentKey': 'Pol-FEAT-795', 'statusId': 156409, 'status': 'Draft'}, {'id': 10304158, 'name': 'Amazon Chime Certification (Professionals only)', 'documentKey': 'Pol-FEAT-801', 'statusId': 156410, 'status': 'Approved'}, {'id': 10304186, 'name': 'Avaya Certification (Professionals only)', 'documentKey': 'Pol-FEAT-804', 'statusId': 156410, 'status': 'Approved'}, {'id': 10304147, 'name': 'Cisco Webex Certification (Professionals only)', 'documentKey': 'Pol-FEAT-799', 'statusId': 156410, 'status': 'Approved'}, {'id': 10303909, 'name': 'Spotify Tap (Consumer only)', 'documentKey': 'Pol-FEAT-797', 'statusId': 156410, 'status': 'Approved'}, {'id': 10304179, 'name': 'Unify Certification (Professionals only)', 'documentKey': 'Pol-FEAT-803', 'statusId': 156410, 'status': 'Approved'}, {'id': 9540623, 'name': 'Quick Start Guide and Manuals', 'documentKey': 'Pol-FEAT-48', 'statusId': 156410, 'status': 'Approved'}, {'id': 10304116, 'name': 'Alcatel Certification (Professionals only)', 'documentKey': 'Pol-FEAT-798', 'statusId': 156412, 'status': 'Rejected'}, {'id': 10304167, 'name': 'Mitel Certification (Professionals only)', 'documentKey': 'Pol-FEAT-802', 'statusId': 156412, 'status': 'Rejected'}]"
2023-01-11 09:33:37 I Polar Print           "CREATE TABLE IF NOT EXISTS features (                                rel TEXT, status TEXT, count INT, date TEXT) ENGINE=InnoDB DEFAULT CHARSET=utf8:successful"
2023-01-11 09:33:37 I Polar Print           "CREATE TABLE IF NOT EXISTS allfeatures (                                id INT, uniqueid TEXT, name TEXT, status TEXT, rel TEXT,test_status TEXT) ENGINE=InnoDB DEFAULT CHARSET=utf8:successful"
2023-01-11 09:33:37 I Polar Print           "DELETE FROM features WHERE date='2023-01-11':successful"
2023-01-11 09:33:37 I Polar Print           "DELETE FROM allfeatures WHERE id=20976567:successful"
2023-01-11 09:33:37 I Polar Print           "DELETE FROM allfeatures WHERE id=20623227:successful"
2023-01-11 09:33:37 I Polar Print           "DELETE FROM allfeatures WHERE id=20497723:successful"
2023-01-11 09:33:37 I Polar Print           "DELETE FROM allfeatures WHERE id=20497687:successful"
2023-01-11 09:33:37 I Polar Print           "DELETE FROM allfeatures WHERE id=20495173:successful"
2023-01-11 09:33:37 I Polar Print           "DELETE FROM allfeatures WHERE id=20490902:successful"
2023-01-11 09:33:37 I Polar Print           "DELETE FROM allfeatures WHERE id=20490894:successful"
2023-01-11 09:33:37 I Polar Print           "DELETE FROM allfeatures WHERE id=20490889:successful"
2023-01-11 09:33:37 I Polar Print           "DELETE FROM allfeatures WHERE id=20485504:successful"
2023-01-11 09:33:37 I Polar Print           "DELETE FROM allfeatures WHERE id=20455724:successful"
2023-01-11 09:33:37 I Polar Print           "DELETE FROM allfeatures WHERE id=20455679:successful"
2023-01-11 09:33:37 I Polar Print           "DELETE FROM allfeatures WHERE id=20389169:successful"
2023-01-11 09:33:37 I Polar Print           "DELETE FROM allfeatures WHERE id=20227819:successful"
2023-01-11 09:33:37 I Polar Print           "DELETE FROM allfeatures WHERE id=20199518:successful"
2023-01-11 09:33:37 I Polar Print           "DELETE FROM allfeatures WHERE id=19616757:successful"
2023-01-11 09:33:37 I Polar Print           "DELETE FROM allfeatures WHERE id=9540668:successful"
2023-01-11 09:33:37 I Polar Print           "DELETE FROM allfeatures WHERE id=9540679:successful"
2023-01-11 09:33:37 I Polar Print           "DELETE FROM allfeatures WHERE id=9540649:successful"
2023-01-11 09:33:37 I Polar Print           "DELETE FROM allfeatures WHERE id=9540548:successful"
2023-01-11 09:33:37 I Polar Print           "DELETE FROM allfeatures WHERE id=10094256:successful"
2023-01-11 09:33:37 I Polar Print           "DELETE FROM allfeatures WHERE id=9540633:successful"
2023-01-11 09:33:37 I Polar Print           "DELETE FROM allfeatures WHERE id=10259002:successful"
2023-01-11 09:33:37 I Polar Print           "DELETE FROM allfeatures WHERE id=10147639:successful"
2023-01-11 09:33:37 I Polar Print           "DELETE FROM allfeatures WHERE id=10304158:successful"
2023-01-11 09:33:37 I Polar Print           "DELETE FROM allfeatures WHERE id=10304186:successful"
2023-01-11 09:33:37 I Polar Print           "DELETE FROM allfeatures WHERE id=10304147:successful"
2023-01-11 09:33:37 I Polar Print           "DELETE FROM allfeatures WHERE id=10303909:successful"
2023-01-11 09:33:37 I Polar Print           "DELETE FROM allfeatures WHERE id=10304179:successful"
2023-01-11 09:33:37 I Polar Print           "DELETE FROM allfeatures WHERE id=9540623:successful"
2023-01-11 09:33:37 I Polar Print           "DELETE FROM allfeatures WHERE id=10304116:successful"
2023-01-11 09:33:37 I Polar Print           "DELETE FROM allfeatures WHERE id=10304167:successful"
2023-01-11 09:33:37 I Polar Print           "INSERT INTO features (rel, status, count, date)                                 SELECT rel, status, count((@rn := @rn + 1)) as count, '2023-01-11' as date FROM allfeatures cross join (select @rn := 0) const GROUP BY rel, status:successful"
2023-01-11 09:33:39 I Polar Get_allchangere "[]"
2023-01-11 09:33:39 I Polar Print           "CREATE TABLE IF NOT EXISTS changes (                                 rel TEXT, status TEXT, priority TEXT,                                 requester TEXT, date TEXT, count INT) ENGINE=InnoDB DEFAULT CHARSET=utf8:successful"
2023-01-11 09:33:39 I Polar Print           "CREATE TABLE IF NOT EXISTS allchanges (                                 id INT, uniqueid TEXT, name TEXT,                                 status TEXT, rel TEXT, priority TEXT,                                 requester TEXT) ENGINE=InnoDB DEFAULT CHARSET=utf8:successful"
2023-01-11 09:33:39 I Polar Print           "DELETE FROM changes WHERE date='2023-01-11':successful"
2023-01-11 09:33:39 I Polar Print           "INSERT INTO changes (                                 rel, status, priority, requester, date, count)                                 SELECT rel, status, priority, requester, '2023-01-11' as date, count((@rn := @rn + 1)) as count FROM allchanges                                 cross join (select @rn := 0) const GROUP BY rel, status, priority, requester:successful"
2023-01-11 09:33:41 I Polar Print           "CREATE TABLE IF NOT EXISTS designspec (                            rel TEXT, team TEXT, status TEXT, count INT, date text) ENGINE=InnoDB DEFAULT CHARSET=utf8:successful"
2023-01-11 09:33:41 I Polar Print           "CREATE TABLE IF NOT EXISTS alldesignspec (                             id INT, uniqueid TEXT, name TEXT, status TEXT, rel TEXT, team TEXT) ENGINE=InnoDB DEFAULT CHARSET=utf8:successful"
2023-01-11 09:33:41 I Polar Print           "DELETE FROM designspec WHERE date='2023-01-11':successful"
2023-01-11 09:33:41 I Polar Print           "INSERT INTO designspec (rel, team, status, count, date) SELECT rel, team, status, count((@rn := @rn + 1)) as count, '2023-01-11' as date FROM alldesignspec cross join (select @rn := 0) const GROUP BY rel, team, status:successful"
2023-01-11 09:33:44 I Polar Get_alluserstor "[]"
2023-01-11 09:33:44 I Polar Print           "CREATE TABLE IF NOT EXISTS userstories (                 rel TEXT, status TEXT, count INT, date TEXT) ENGINE=InnoDB DEFAULT CHARSET=utf8:successful"
2023-01-11 09:33:44 I Polar Print           "CREATE TABLE IF NOT EXISTS alluserstories (                 id INT, uniqueid TEXT, name TEXT, status TEXT, rel TEXT) ENGINE=InnoDB DEFAULT CHARSET=utf8:successful"
2023-01-11 09:33:44 I Polar Print           "DELETE FROM userstories WHERE date='2023-01-11':successful"
2023-01-11 09:33:44 I Polar Print           "INSERT INTO userstories (rel, status, count, date) SELECT rel, status, count((@rn := @rn + 1)) as count, '2023-01-11' as date FROM alluserstories cross join (select @rn := 0) const GROUP BY rel, status:successful"
2023-01-11 09:33:47 I Polar Get_alldefects  "[]"
2023-01-11 09:33:47 I Polar Print           "CREATE TABLE IF NOT EXISTS defects (                     rel TEXT, team TEXT, status TEXT, priority TEXT, count INT, date TEXT) ENGINE=InnoDB DEFAULT CHARSET=utf8:successful"
2023-01-11 09:33:47 I Polar Print           "CREATE TABLE IF NOT EXISTS alldefects (                     id INT, uniqueid TEXT, name TEXT, status TEXT, rel TEXT, team TEXT, priority TEXT, jira TEXT, upstream TEXT) ENGINE=InnoDB DEFAULT CHARSET=utf8:successful"
2023-01-11 09:33:47 I Polar Print           "DELETE FROM defects WHERE date='2023-01-11':successful"
2023-01-11 09:33:47 I Polar Print           "INSERT INTO defects (rel, team, status, count, date, priority) SELECT rel, team, status, count((@rn := @rn + 1)) as count, '2023-01-11' as date, priority FROM alldefects cross join (select @rn := 0) const GROUP BY rel, team, status, priority:successful"
2023-01-11 09:35:05 I Polar get_multipickli "Unassigned don't find the mainteam name from G_parameter"
2023-01-11 09:35:10 I Polar get_multipickli "Unassigned don't find the mainteam name from G_parameter"
2023-01-11 09:35:16 I Polar get_multipickli "Unassigned don't find the mainteam name from G_parameter"
2023-01-11 09:36:25 I Polar get_multipickli "Unassigned don't find the mainteam name from G_parameter"
2023-01-11 09:38:40 I Polar get_multipickli "Unassigned don't find the mainteam name from G_parameter"
2023-01-11 09:39:17 I Polar get_multipickli "Unassigned don't find the mainteam name from G_parameter"
2023-01-11 09:39:36 I Polar get_multipickli "Unassigned don't find the mainteam name from G_parameter"
2023-01-11 09:40:54 I Polar get_multipickli "Unassigned don't find the mainteam name from G_parameter"
2023-01-11 09:41:08 I Polar get_multipickli "Unassigned don't find the mainteam name from G_parameter"
2023-01-11 09:41:29 I Polar get_multipickli "Unassigned don't find the mainteam name from G_parameter"
2023-01-11 09:41:41 I Polar get_multipickli "Unassigned don't find the mainteam name from G_parameter"
2023-01-11 09:41:46 I Polar get_multipickli "Unassigned don't find the mainteam name from G_parameter"
2023-01-11 09:41:51 I Polar get_multipickli "Unassigned don't find the mainteam name from G_parameter"
2023-01-11 09:41:56 I Polar get_multipickli "Unassigned don't find the mainteam name from G_parameter"
2023-01-11 09:42:02 I Polar get_multipickli "Unassigned don't find the mainteam name from G_parameter"
2023-01-11 09:42:07 I Polar get_multipickli "Unassigned don't find the mainteam name from G_parameter"
2023-01-11 09:42:43 I Polar get_multipickli "Unassigned don't find the mainteam name from G_parameter"
2023-01-11 09:43:43 I Polar get_multipickli "Unassigned don't find the mainteam name from G_parameter"
2023-01-11 09:43:49 I Polar get_multipickli "Unassigned don't find the mainteam name from G_parameter"
2023-01-11 09:43:54 I Polar get_multipickli "Unassigned don't find the mainteam name from G_parameter"
2023-01-11 09:44:00 I Polar get_multipickli "Unassigned don't find the mainteam name from G_parameter"
2023-01-11 09:44:05 I Polar get_multipickli "Unassigned don't find the mainteam name from G_parameter"
2023-01-11 09:44:10 I Polar get_multipickli "Unassigned don't find the mainteam name from G_parameter"
2023-01-11 09:44:15 I Polar get_multipickli "Unassigned don't find the mainteam name from G_parameter"
2023-01-11 09:44:20 I Polar get_multipickli "Unassigned don't find the mainteam name from G_parameter"
2023-01-11 09:44:24 I Polar get_multipickli "Unassigned don't find the mainteam name from G_parameter"
2023-01-11 09:44:27 I Polar get_multipickli "Unassigned don't find the mainteam name from G_parameter"
2023-01-11 09:44:30 I Polar get_multipickli "Unassigned don't find the mainteam name from G_parameter"
2023-01-11 09:44:34 I Polar get_multipickli "Unassigned don't find the mainteam name from G_parameter"
2023-01-11 09:44:38 I Polar get_multipickli "Unassigned don't find the mainteam name from G_parameter"
2023-01-11 09:44:42 I Polar get_multipickli "Unassigned don't find the mainteam name from G_parameter"
2023-01-11 09:44:46 I Polar get_multipickli "Unassigned don't find the mainteam name from G_parameter"
2023-01-11 09:44:50 I Polar get_multipickli "Unassigned don't find the mainteam name from G_parameter"
2023-01-11 09:44:53 I Polar get_multipickli "Unassigned don't find the mainteam name from G_parameter"
2023-01-11 09:44:57 I Polar get_multipickli "Unassigned don't find the mainteam name from G_parameter"
2023-01-11 09:45:02 I Polar get_multipickli "Unassigned don't find the mainteam name from G_parameter"
2023-01-11 09:45:05 I Polar get_multipickli "Unassigned don't find the mainteam name from G_parameter"
2023-01-11 09:45:09 I Polar get_multipickli "Unassigned don't find the mainteam name from G_parameter"
2023-01-11 09:45:14 I Polar get_multipickli "Unassigned don't find the mainteam name from G_parameter"
2023-01-11 09:45:18 I Polar get_multipickli "Unassigned don't find the mainteam name from G_parameter"
2023-01-11 09:45:23 I Polar get_multipickli "Unassigned don't find the mainteam name from G_parameter"
2023-01-11 09:45:27 I Polar get_multipickli "Unassigned don't find the mainteam name from G_parameter"
2023-01-11 09:45:31 I Polar get_multipickli "Unassigned don't find the mainteam name from G_parameter"
2023-01-11 09:45:35 I Polar get_multipickli "Unassigned don't find the mainteam name from G_parameter"
2023-01-11 09:45:39 I Polar get_multipickli "Unassigned don't find the mainteam name from G_parameter"
2023-01-11 09:45:42 I Polar get_multipickli "Unassigned don't find the mainteam name from G_parameter"
2023-01-11 09:45:47 I Polar get_multipickli "Unassigned don't find the mainteam name from G_parameter"
2023-01-11 09:45:50 I Polar get_multipickli "Unassigned don't find the mainteam name from G_parameter"
2023-01-11 09:45:54 I Polar get_multipickli "Unassigned don't find the mainteam name from G_parameter"
2023-01-11 09:45:58 I Polar get_multipickli "Unassigned don't find the mainteam name from G_parameter"
2023-01-11 09:46:03 I Polar get_multipickli "Unassigned don't find the mainteam name from G_parameter"
2023-01-11 09:46:23 I Polar get_multipickli "Unassigned don't find the mainteam name from G_parameter"
2023-01-11 09:46:26 I Polar get_multipickli "Unassigned don't find the mainteam name from G_parameter"
2023-01-11 09:46:30 I Polar get_multipickli "Unassigned don't find the mainteam name from G_parameter"
2023-01-11 09:46:34 I Polar get_multipickli "Unassigned don't find the mainteam name from G_parameter"
2023-01-11 09:46:38 I Polar get_multipickli "Unassigned don't find the mainteam name from G_parameter"
2023-01-11 09:46:41 I Polar get_multipickli "Unassigned don't find the mainteam name from G_parameter"
2023-01-11 09:46:45 I Polar get_multipickli "Unassigned don't find the mainteam name from G_parameter"
2023-01-11 09:47:04 I Polar get_multipickli "Unassigned don't find the mainteam name from G_parameter"
2023-01-11 09:47:07 I Polar get_multipickli "Unassigned don't find the mainteam name from G_parameter"
2023-01-11 09:47:11 I Polar get_multipickli "Unassigned don't find the mainteam name from G_parameter"
2023-01-11 09:47:14 I Polar get_multipickli "Unassigned don't find the mainteam name from G_parameter"
2023-01-11 09:47:18 I Polar get_multipickli "Unassigned don't find the mainteam name from G_parameter"
2023-01-11 09:47:22 I Polar get_multipickli "Unassigned don't find the mainteam name from G_parameter"
2023-01-11 09:54:18 I Polar get_multipickli "ESW Platform Test don't find the mainteam name from G_parameter"
2023-01-11 09:54:22 I Polar get_multipickli "ESW Platform Test don't find the mainteam name from G_parameter"
2023-01-11 09:54:26 I Polar get_multipickli "ESW Platform Test don't find the mainteam name from G_parameter"
2023-01-11 09:54:45 I Polar get_multipickli "ESW Platform Test don't find the mainteam name from G_parameter"
2023-01-11 09:54:48 I Polar get_multipickli "ESW Platform Test don't find the mainteam name from G_parameter"
2023-01-11 09:54:51 I Polar get_multipickli "ESW Platform Test don't find the mainteam name from G_parameter"
2023-01-11 09:55:03 I Polar get_multipickli "Digital Experience – Android don't find the mainteam name from G_parameter"
2023-01-11 09:55:03 I Polar get_multipickli "Digital Experience – IOS don't find the mainteam name from G_parameter"
2023-01-11 09:55:05 I Polar get_multipickli "Digital Experience – SDK don't find the mainteam name from G_parameter"
2023-01-11 09:55:13 I Polar get_multipickli "Digital Experience – Android don't find the mainteam name from G_parameter"
2023-01-11 09:55:14 I Polar get_multipickli "Digital Experience – IOS don't find the mainteam name from G_parameter"
2023-01-11 09:55:17 I Polar get_multipickli "Unassigned don't find the mainteam name from G_parameter"
2023-01-11 09:55:20 I Polar get_multipickli "Digital Experience – Android don't find the mainteam name from G_parameter"
2023-01-11 09:55:20 I Polar get_multipickli "Digital Experience – IOS don't find the mainteam name from G_parameter"
2023-01-11 09:55:26 I Polar get_multipickli "Digital Experience – Android don't find the mainteam name from G_parameter"
2023-01-11 09:55:26 I Polar get_multipickli "Digital Experience – IOS don't find the mainteam name from G_parameter"
2023-01-11 09:55:29 I Polar get_multipickli "Digital Experience – Android don't find the mainteam name from G_parameter"
2023-01-11 09:55:29 I Polar get_multipickli "Digital Experience – IOS don't find the mainteam name from G_parameter"
2023-01-11 09:58:29 I Polar get_multipickli "Unassigned don't find the mainteam name from G_parameter"
2023-01-11 09:58:31 I Polar get_multipickli "Unassigned don't find the mainteam name from G_parameter"
2023-01-11 09:58:40 I Polar get_multipickli "Unassigned don't find the mainteam name from G_parameter"
2023-01-11 10:00:15 I Polar get_multipickli "Unassigned don't find the mainteam name from G_parameter"
2023-01-11 10:00:22 I Polar get_multipickli "Unassigned don't find the mainteam name from G_parameter"
2023-01-11 10:01:53 I Polar get_multipickli "Unassigned don't find the mainteam name from G_parameter"
2023-01-11 10:01:57 I Polar get_multipickli "Unassigned don't find the mainteam name from G_parameter"
2023-01-11 10:01:59 I Polar get_multipickli "Unassigned don't find the mainteam name from G_parameter"
2023-01-11 10:02:05 I Polar get_multipickli "Unassigned don't find the mainteam name from G_parameter"
2023-01-11 10:02:07 I Polar get_multipickli "Unassigned don't find the mainteam name from G_parameter"
2023-01-11 10:02:13 I Polar get_multipickli "Unassigned don't find the mainteam name from G_parameter"
2023-01-11 10:03:49 I Polar get_multipickli "Digital Experience – Android don't find the mainteam name from G_parameter"
2023-01-11 10:03:49 I Polar get_multipickli "Digital Experience – IOS don't find the mainteam name from G_parameter"
2023-01-11 10:04:02 I Polar get_multipickli "Digital Experience – Android don't find the mainteam name from G_parameter"
2023-01-11 10:04:02 I Polar get_multipickli "Digital Experience – IOS don't find the mainteam name from G_parameter"
2023-01-11 10:04:17 I Polar get_multipickli "Digital Experience – Android don't find the mainteam name from G_parameter"
2023-01-11 10:04:17 I Polar get_multipickli "Digital Experience – IOS don't find the mainteam name from G_parameter"
2023-01-11 10:04:26 I Polar get_multipickli "Digital Experience – Android don't find the mainteam name from G_parameter"
2023-01-11 10:04:26 I Polar get_multipickli "Digital Experience – IOS don't find the mainteam name from G_parameter"
2023-01-11 10:04:34 I Polar get_multipickli "Digital Experience – Android don't find the mainteam name from G_parameter"
2023-01-11 10:04:34 I Polar get_multipickli "Digital Experience – IOS don't find the mainteam name from G_parameter"
2023-01-11 10:04:34 I Polar get_multipickli "Digital Experience – SDK don't find the mainteam name from G_parameter"
2023-01-11 10:04:37 I Polar get_multipickli "Unassigned don't find the mainteam name from G_parameter"
2023-01-11 10:05:07 I Polar get_multipickli "Unassigned don't find the mainteam name from G_parameter"
2023-01-11 10:05:17 I Polar get_multipickli "Unassigned don't find the mainteam name from G_parameter"
2023-01-11 10:05:18 I Polar get_multipickli "Digital Experience – Android don't find the mainteam name from G_parameter"
2023-01-11 10:05:18 I Polar get_multipickli "Digital Experience – IOS don't find the mainteam name from G_parameter"
2023-01-11 10:05:20 I Polar get_multipickli "Digital Experience – Android don't find the mainteam name from G_parameter"
2023-01-11 10:05:20 I Polar get_multipickli "Digital Experience – IOS don't find the mainteam name from G_parameter"
2023-01-11 10:05:22 I Polar get_multipickli "Digital Experience – Android don't find the mainteam name from G_parameter"
2023-01-11 10:05:22 I Polar get_multipickli "Digital Experience – IOS don't find the mainteam name from G_parameter"
2023-01-11 10:05:23 I Polar get_multipickli "Digital Experience – Android don't find the mainteam name from G_parameter"
2023-01-11 10:05:23 I Polar get_multipickli "Digital Experience – IOS don't find the mainteam name from G_parameter"
2023-01-11 10:05:25 I Polar get_multipickli "Digital Experience – Android don't find the mainteam name from G_parameter"
2023-01-11 10:05:25 I Polar get_multipickli "Digital Experience – IOS don't find the mainteam name from G_parameter"
2023-01-11 10:05:26 I Polar get_multipickli "Digital Experience – Android don't find the mainteam name from G_parameter"
2023-01-11 10:05:26 I Polar get_multipickli "Digital Experience – IOS don't find the mainteam name from G_parameter"
2023-01-11 10:05:28 I Polar get_multipickli "Digital Experience – Android don't find the mainteam name from G_parameter"
2023-01-11 10:05:28 I Polar get_multipickli "Digital Experience – IOS don't find the mainteam name from G_parameter"
2023-01-11 10:05:30 I Polar get_multipickli "Unassigned don't find the mainteam name from G_parameter"
2023-01-11 10:05:32 I Polar get_multipickli "Digital Experience – Android don't find the mainteam name from G_parameter"
2023-01-11 10:05:32 I Polar get_multipickli "Digital Experience – IOS don't find the mainteam name from G_parameter"
2023-01-11 10:05:33 I Polar get_multipickli "Digital Experience – Android don't find the mainteam name from G_parameter"
2023-01-11 10:05:35 I Polar get_multipickli "Digital Experience – Android don't find the mainteam name from G_parameter"
2023-01-11 10:05:36 I Polar get_multipickli "Digital Experience – Android don't find the mainteam name from G_parameter"
2023-01-11 10:05:38 I Polar get_multipickli "Digital Experience – Android don't find the mainteam name from G_parameter"
2023-01-11 10:05:39 I Polar get_multipickli "Digital Experience – Android don't find the mainteam name from G_parameter"
2023-01-11 10:05:41 I Polar get_multipickli "Digital Experience – Android don't find the mainteam name from G_parameter"
2023-01-11 10:06:09 I Polar Print           "DROP TABLE IF EXISTS allrequirements:successful"
2023-01-11 10:06:09 I Polar Print           "DROP TABLE IF EXISTS allcoverage:successful"
2023-01-11 10:06:09 I Polar Print           "CREATE TABLE IF NOT EXISTS requirements (                        rel TEXT, status TEXT, count INT, date TEXT) ENGINE=InnoDB DEFAULT CHARSET=utf8:successful"
2023-01-11 10:06:09 I Polar Print           "CREATE TABLE IF NOT EXISTS allrequirements (                        id INT, uniqueid TEXT, name TEXT, status TEXT, rel TEXT, upstream TEXT, downstream TEXT, team TEXT, test_status TEXT) ENGINE=InnoDB DEFAULT CHARSET=utf8:successful"
2023-01-11 10:06:09 I Polar Print           "CREATE TABLE IF NOT EXISTS coverage (                        team text, covered int, expected int, date text) ENGINE=InnoDB DEFAULT CHARSET=utf8:successful"
2023-01-11 10:06:09 I Polar Print           "CREATE TABLE IF NOT EXISTS allcoverage (                        id INT, uniqueid TEXT, name TEXT, status TEXT, rel TEXT, verify TEXT, missing TEXT) ENGINE=InnoDB DEFAULT CHARSET=utf8:successful"
2023-01-11 10:06:09 I Polar Print           "DELETE FROM requirements WHERE date='2023-01-11':successful"
2023-01-11 10:06:09 I Polar Print           "DELETE FROM coverage WHERE date='2023-01-11':successful"
2023-01-11 10:06:09 I Polar Print           "INSERT INTO requirements (rel, status, count, date) SELECT rel, status, count((@rn := @rn + 1)) as count, '2023-01-11' as date FROM allrequirements cross join (select @rn := 0) const GROUP BY rel, status:successful"
2023-01-11 10:06:09 I Polar Print           "CREATE TABLE IF NOT EXISTS feattest (rel TEXT, status TEXT, count TEXT, date TEXT) ENGINE=InnoDB DEFAULT CHARSET=utf8:successful"
2023-01-11 10:06:09 I Polar Print           "CREATE TABLE IF NOT EXISTS reqtest (rel TEXT, status TEXT, count TEXT, date TEXT) ENGINE=InnoDB DEFAULT CHARSET=utf8:successful"
2023-01-11 10:06:09 I Polar Print           "SELECT id FROM allfeatures:successful"
2023-01-11 10:06:09 I Polar Print           "SELECT id,upstream,downstream,team FROM allrequirements:successful"
2023-01-11 10:06:09 I Polar Print           "SELECT id FROM allcoverage:successful"
2023-01-11 10:06:09 I Polar Print           "SELECT * FROM testcases:successful"
