2023-01-23 06:33:54 I Titan Print           "Connet 20423 successfully!!!"
2023-01-23 06:33:54 I Titan Get_alltests    "Get project name:Titan id:20423 all testplans"
2023-01-23 06:33:57 I Titan Get_alltests    "{3538869: {'id': 3538869, 'name': 'Audio test plan', 'archived': False, 'index': '3538869:Audio test plan'}, 3681211: {'id': 3681211, 'name': 'ESW Test Plan for Titan', 'archived': False, 'index': '3681211:ESW Test Plan for Titan'}, 5901936: {'id': 5901936, 'name': 'ESW Test Plan for Titan VP1SR5', 'archived': False, 'index': '5901936:ESW Test Plan for Titan VP1SR5'}, 6416642: {'id': 6416642, 'name': 'ESW Test Plan for Titan VP1SR6', 'archived': False, 'index': '6416642:ESW Test Plan for Titan VP1SR6'}, 7481679: {'id': 7481679, 'name': 'ESW Test Plan for Titan VP2SR7', 'archived': False, 'index': '7481679:ESW Test Plan for Titan VP2SR7'}, 3608639: {'id': 3608639, 'name': 'HW Test plan', 'archived': False, 'index': '3608639:HW Test plan'}, 3996298: {'id': 3996298, 'name': 'Product Maintenance test plan', 'archived': False, 'index': '3996298:Product Maintenance test plan'}, 4787992: {'id': 4787992, 'name': 'Product Verification Drop Test plan', 'archived': False, 'index': '4787992:Product Verification Drop Test plan'}, 3556318: {'id': 3556318, 'name': 'Product Verification Test Plan', 'archived': False, 'index': '3556318:Product Verification Test Plan'}, 3830503: {'id': 3830503, 'name': 'Regulatory Compliance Test Plan', 'archived': False, 'index': '3830503:Regulatory Compliance Test Plan'}, 8037716: {'id': 8037716, 'name': 'SE Product Verification Test Plan', 'archived': False, 'index': '8037716:SE Product Verification Test Plan'}, 4313192: {'id': 4313192, 'name': 'Titan packaging transportation test ', 'archived': False, 'index': '4313192:Titan packaging transportation test '}, 5682183: {'id': 5682183, 'name': 'Titan WLC packaging transportation test', 'archived': False, 'index': '5682183:Titan WLC packaging transportation test'}, 5642757: {'id': 5642757, 'name': 'UX Execution Test Plan', 'archived': False, 'index': '5642757:UX Execution Test Plan'}}"
2023-01-23 06:33:57 I Titan Get_alltests    "Get project name:Titan id:20423 all testplans successful!!!"
2023-01-23 06:46:54 I Titan tidy_alltestcas "2279"
2023-01-23 06:52:16 I Titan Print           "DROP TABLE IF EXISTS testcases:successful"
2023-01-23 06:52:16 I Titan Print           "CREATE TABLE IF NOT EXISTS testcases (                             testplan_id INT,                             testplan_name TEXT,                             testgroup_id INT,                             testgroup_name TEXT,                             testcycle_id INT,                             testcycle_name TEXT,                             rel TEXT,                             id INT,                             uniqueid TEXT,                             name TEXT,                             status TEXT,                             upstream TEXT,                             downstream TEXT,                             executionDate TEXT) ENGINE=InnoDB DEFAULT CHARSET=utf8:successful"
2023-01-23 06:52:16 I Titan update_database "Insert testcases table successful"
2023-01-23 06:52:16 I Titan Print           "CREATE TABLE IF NOT EXISTS tests (                             testplan_id INT,                             testplan_name TEXT,                             testplan_status TEXT,                             rel TEXT, status TEXT,                             count INT, date TEXT) ENGINE=InnoDB DEFAULT CHARSET=utf8:successful"
2023-01-23 06:52:16 I Titan Print           "DELETE FROM tests WHERE date='2023-01-23':successful"
2023-01-23 06:52:16 I Titan Print           "SELECT testplan_id FROM tests GROUP BY testplan_id:successful"
2023-01-23 06:52:16 I Titan Print           "SELECT testplan_name FROM tests WHERE testplan_id=3538869 LIMIT 1:successful"
2023-01-23 06:52:17 I Titan Print           "UPDATE tests SET testplan_status='Active' WHERE testplan_id=3538869:successful"
2023-01-23 06:52:17 I Titan Print           "SELECT testplan_name FROM tests WHERE testplan_id=3681211 LIMIT 1:successful"
2023-01-23 06:52:17 I Titan Print           "UPDATE tests SET testplan_status='Active' WHERE testplan_id=3681211:successful"
2023-01-23 06:52:17 I Titan Print           "SELECT testplan_name FROM tests WHERE testplan_id=5901936 LIMIT 1:successful"
2023-01-23 06:52:17 I Titan Print           "UPDATE tests SET testplan_status='Active' WHERE testplan_id=5901936:successful"
2023-01-23 06:52:17 I Titan Print           "SELECT testplan_name FROM tests WHERE testplan_id=6416642 LIMIT 1:successful"
2023-01-23 06:52:17 I Titan Print           "UPDATE tests SET testplan_status='Active' WHERE testplan_id=6416642:successful"
2023-01-23 06:52:17 I Titan Print           "SELECT testplan_name FROM tests WHERE testplan_id=7481679 LIMIT 1:successful"
2023-01-23 06:52:17 I Titan Print           "UPDATE tests SET testplan_status='Active' WHERE testplan_id=7481679:successful"
2023-01-23 06:52:17 I Titan Print           "SELECT testplan_name FROM tests WHERE testplan_id=3996298 LIMIT 1:successful"
2023-01-23 06:52:17 I Titan Print           "UPDATE tests SET testplan_status='Active' WHERE testplan_id=3996298:successful"
2023-01-23 06:52:17 I Titan Print           "SELECT testplan_name FROM tests WHERE testplan_id=4787992 LIMIT 1:successful"
2023-01-23 06:52:17 I Titan Print           "UPDATE tests SET testplan_status='Active' WHERE testplan_id=4787992:successful"
2023-01-23 06:52:17 I Titan Print           "SELECT testplan_name FROM tests WHERE testplan_id=3556318 LIMIT 1:successful"
2023-01-23 06:52:17 I Titan Print           "UPDATE tests SET testplan_status='Active' WHERE testplan_id=3556318:successful"
2023-01-23 06:52:17 I Titan Print           "SELECT testplan_name FROM tests WHERE testplan_id=3830503 LIMIT 1:successful"
2023-01-23 06:52:17 I Titan Print           "UPDATE tests SET testplan_status='Active' WHERE testplan_id=3830503:successful"
2023-01-23 06:52:17 I Titan Print           "SELECT testplan_name FROM tests WHERE testplan_id=8037716 LIMIT 1:successful"
2023-01-23 06:52:17 I Titan Print           "UPDATE tests SET testplan_status='Active' WHERE testplan_id=8037716:successful"
2023-01-23 06:52:17 I Titan Print           "SELECT testplan_name FROM tests WHERE testplan_id=4313192 LIMIT 1:successful"
2023-01-23 06:52:17 I Titan Print           "UPDATE tests SET testplan_status='Active' WHERE testplan_id=4313192:successful"
2023-01-23 06:52:17 I Titan Print           "SELECT testplan_name FROM tests WHERE testplan_id=5682183 LIMIT 1:successful"
2023-01-23 06:52:17 I Titan Print           "UPDATE tests SET testplan_status='Active' WHERE testplan_id=5682183:successful"
2023-01-23 06:52:17 I Titan Print           "SELECT testplan_name FROM tests WHERE testplan_id=5642757 LIMIT 1:successful"
2023-01-23 06:52:17 I Titan Print           "UPDATE tests SET testplan_status='Active' WHERE testplan_id=5642757:successful"
2023-01-23 06:52:17 I Titan Print           "INSERT INTO tests (testplan_id, testplan_name, testplan_status, rel, status, count, date) SELECT testplan_id, testplan_name, 'Active' as testplan_status, rel, status, count((@rn := @rn + 1)) as count, '2023-01-23' as date FROM testcases cross join (select @rn := 0) const GROUP BY testplan_id, rel, status:successful"
2023-01-23 06:52:17 I Titan update_database "Insert tests table successful"
2023-01-23 06:52:17 I Titan Print           "CREATE TABLE IF NOT EXISTS testapproval (                                 rel TEXT, team TEXT, status TEXT, upstream TEXT, count INT, date TEXT                                 ) ENGINE=InnoDB DEFAULT CHARSET=utf8:successful"
2023-01-23 06:52:17 I Titan Print           "DROP TABLE IF EXISTS alltestapproval:successful"
2023-01-23 06:52:17 I Titan Print           "CREATE TABLE IF NOT EXISTS alltestapproval (                                 id INT, uniqueid TEXT, name TEXT, status TEXT, rel TEXT, team TEXT, upstream TEXT                                 ) ENGINE=InnoDB DEFAULT CHARSET=utf8:successful"
2023-01-23 06:52:17 I Titan Print           "DELETE FROM testapproval WHERE date='2023-01-23':successful"
2023-01-23 06:52:17 I Titan Print           "INSERT INTO testapproval (rel, team, status, count, date, upstream) SELECT rel, team, status, count((@rn := @rn + 1)) as count, '2023-01-23' as date, upstream FROM alltestapproval cross join (select @rn := 0) const GROUP BY rel, team, status, upstream:successful"
2023-01-23 06:52:23 I Titan Get_allfeatuers "[]"
2023-01-23 06:52:23 I Titan Print           "CREATE TABLE IF NOT EXISTS features (                                rel TEXT, status TEXT, count INT, date TEXT) ENGINE=InnoDB DEFAULT CHARSET=utf8:successful"
2023-01-23 06:52:23 I Titan Print           "CREATE TABLE IF NOT EXISTS allfeatures (                                id INT, uniqueid TEXT, name TEXT, status TEXT, rel TEXT,test_status TEXT) ENGINE=InnoDB DEFAULT CHARSET=utf8:successful"
2023-01-23 06:52:23 I Titan Print           "DELETE FROM features WHERE date='2023-01-23':successful"
2023-01-23 06:52:23 I Titan Print           "DELETE FROM allfeatures WHERE id=13016278:successful"
2023-01-23 06:52:23 I Titan Print           "DELETE FROM allfeatures WHERE id=9065792:successful"
2023-01-23 06:52:23 I Titan Print           "DELETE FROM allfeatures WHERE id=8125170:successful"
2023-01-23 06:52:23 I Titan Print           "DELETE FROM allfeatures WHERE id=7498060:successful"
2023-01-23 06:52:23 I Titan Print           "INSERT INTO features (rel, status, count, date)                                 SELECT rel, status, count((@rn := @rn + 1)) as count, '2023-01-23' as date FROM allfeatures cross join (select @rn := 0) const GROUP BY rel, status:successful"
2023-01-23 06:52:26 I Titan Get_allchangere "[]"
2023-01-23 06:52:26 I Titan Print           "CREATE TABLE IF NOT EXISTS changes (                                 rel TEXT, status TEXT, priority TEXT,                                 requester TEXT, date TEXT, count INT) ENGINE=InnoDB DEFAULT CHARSET=utf8:successful"
2023-01-23 06:52:26 I Titan Print           "CREATE TABLE IF NOT EXISTS allchanges (                                 id INT, uniqueid TEXT, name TEXT,                                 status TEXT, rel TEXT, priority TEXT,                                 requester TEXT) ENGINE=InnoDB DEFAULT CHARSET=utf8:successful"
2023-01-23 06:52:26 I Titan Print           "DELETE FROM changes WHERE date='2023-01-23':successful"
2023-01-23 06:52:26 I Titan Print           "INSERT INTO changes (                                 rel, status, priority, requester, date, count)                                 SELECT rel, status, priority, requester, '2023-01-23' as date, count((@rn := @rn + 1)) as count FROM allchanges                                 cross join (select @rn := 0) const GROUP BY rel, status, priority, requester:successful"
2023-01-23 06:52:28 I Titan Print           "CREATE TABLE IF NOT EXISTS designspec (                            rel TEXT, team TEXT, status TEXT, count INT, date text) ENGINE=InnoDB DEFAULT CHARSET=utf8:successful"
2023-01-23 06:52:28 I Titan Print           "CREATE TABLE IF NOT EXISTS alldesignspec (                             id INT, uniqueid TEXT, name TEXT, status TEXT, rel TEXT, team TEXT) ENGINE=InnoDB DEFAULT CHARSET=utf8:successful"
2023-01-23 06:52:28 I Titan Print           "DELETE FROM designspec WHERE date='2023-01-23':successful"
2023-01-23 06:52:28 I Titan Print           "INSERT INTO designspec (rel, team, status, count, date) SELECT rel, team, status, count((@rn := @rn + 1)) as count, '2023-01-23' as date FROM alldesignspec cross join (select @rn := 0) const GROUP BY rel, team, status:successful"
2023-01-23 06:52:32 I Titan Get_alluserstor "[]"
2023-01-23 06:52:32 I Titan Print           "CREATE TABLE IF NOT EXISTS userstories (                 rel TEXT, status TEXT, count INT, date TEXT) ENGINE=InnoDB DEFAULT CHARSET=utf8:successful"
2023-01-23 06:52:32 I Titan Print           "CREATE TABLE IF NOT EXISTS alluserstories (                 id INT, uniqueid TEXT, name TEXT, status TEXT, rel TEXT) ENGINE=InnoDB DEFAULT CHARSET=utf8:successful"
2023-01-23 06:52:32 I Titan Print           "DELETE FROM userstories WHERE date='2023-01-23':successful"
2023-01-23 06:52:32 I Titan Print           "INSERT INTO userstories (rel, status, count, date) SELECT rel, status, count((@rn := @rn + 1)) as count, '2023-01-23' as date FROM alluserstories cross join (select @rn := 0) const GROUP BY rel, status:successful"
2023-01-23 06:52:36 I Titan Get_alldefects  "[]"
2023-01-23 06:52:36 I Titan Print           "CREATE TABLE IF NOT EXISTS defects (                     rel TEXT, team TEXT, status TEXT, priority TEXT, count INT, date TEXT) ENGINE=InnoDB DEFAULT CHARSET=utf8:successful"
2023-01-23 06:52:36 I Titan Print           "CREATE TABLE IF NOT EXISTS alldefects (                     id INT, uniqueid TEXT, name TEXT, status TEXT, rel TEXT, team TEXT, priority TEXT, jira TEXT, upstream TEXT) ENGINE=InnoDB DEFAULT CHARSET=utf8:successful"
2023-01-23 06:52:36 I Titan Print           "DELETE FROM defects WHERE date='2023-01-23':successful"
2023-01-23 06:52:36 I Titan Print           "DELETE FROM alldefects WHERE id = 9197232:successful"
2023-01-23 06:52:36 I Titan Print           "INSERT INTO defects (rel, team, status, count, date, priority) SELECT rel, team, status, count((@rn := @rn + 1)) as count, '2023-01-23' as date, priority FROM alldefects cross join (select @rn := 0) const GROUP BY rel, team, status, priority:successful"
2023-01-23 07:03:51 I Titan get_multipickli "Unassigned don't find the mainteam name from G_parameter"
2023-01-23 07:13:38 I Titan get_multipickli "Unassigned don't find the mainteam name from G_parameter"
2023-01-23 07:14:07 I Titan get_multipickli "Unassigned don't find the mainteam name from G_parameter"
2023-01-23 07:15:43 I Titan get_multipickli "Unassigned don't find the mainteam name from G_parameter"
2023-01-23 07:18:18 I Titan get_multipickli "Unassigned don't find the mainteam name from G_parameter"
2023-01-23 07:18:37 I Titan get_multipickli "Unassigned don't find the mainteam name from G_parameter"
2023-01-23 07:19:32 I Titan get_multipickli "Unassigned don't find the mainteam name from G_parameter"
2023-01-23 07:20:28 I Titan get_multipickli "Unassigned don't find the mainteam name from G_parameter"
2023-01-23 07:21:44 I Titan get_multipickli "Unassigned don't find the mainteam name from G_parameter"
2023-01-23 07:22:23 I Titan get_multipickli "Unassigned don't find the mainteam name from G_parameter"
2023-01-23 07:22:41 I Titan get_multipickli "Unassigned don't find the mainteam name from G_parameter"
2023-01-23 07:23:19 I Titan get_multipickli "Unassigned don't find the mainteam name from G_parameter"
2023-01-23 07:23:37 I Titan get_multipickli "Unassigned don't find the mainteam name from G_parameter"
2023-01-23 07:23:56 I Titan get_multipickli "Unassigned don't find the mainteam name from G_parameter"
2023-01-23 07:30:28 I Titan get_multipickli "Digital Experience – Android don't find the mainteam name from G_parameter"
2023-01-23 07:30:31 I Titan get_multipickli "Digital Experience – IOS don't find the mainteam name from G_parameter"
2023-01-23 07:30:42 I Titan get_multipickli "Digital Experience – Android don't find the mainteam name from G_parameter"
2023-01-23 07:30:42 I Titan get_multipickli "Digital Experience – IOS don't find the mainteam name from G_parameter"
2023-01-23 07:30:48 I Titan get_multipickli "Digital Experience – Android don't find the mainteam name from G_parameter"
2023-01-23 07:30:48 I Titan get_multipickli "Digital Experience – IOS don't find the mainteam name from G_parameter"
2023-01-23 07:30:55 I Titan get_multipickli "Digital Experience – Android don't find the mainteam name from G_parameter"
2023-01-23 07:30:55 I Titan get_multipickli "Digital Experience – IOS don't find the mainteam name from G_parameter"
2023-01-23 07:31:08 I Titan get_multipickli "Digital Experience – Android don't find the mainteam name from G_parameter"
2023-01-23 07:31:08 I Titan get_multipickli "Digital Experience – IOS don't find the mainteam name from G_parameter"
2023-01-23 07:31:15 I Titan get_multipickli "Digital Experience – Android don't find the mainteam name from G_parameter"
2023-01-23 07:31:15 I Titan get_multipickli "Digital Experience – IOS don't find the mainteam name from G_parameter"
2023-01-23 07:32:57 I Titan get_multipickli "Digital Experience – Android don't find the mainteam name from G_parameter"
2023-01-23 07:32:57 I Titan get_multipickli "Digital Experience – IOS don't find the mainteam name from G_parameter"
2023-01-23 07:33:18 I Titan get_multipickli "Digital Experience – Android don't find the mainteam name from G_parameter"
2023-01-23 07:33:18 I Titan get_multipickli "Digital Experience – IOS don't find the mainteam name from G_parameter"
2023-01-23 07:33:23 I Titan get_multipickli "Digital Experience – Android don't find the mainteam name from G_parameter"
2023-01-23 07:33:23 I Titan get_multipickli "Digital Experience – IOS don't find the mainteam name from G_parameter"
2023-01-23 07:43:00 I Titan get_multipickli "Unassigned don't find the mainteam name from G_parameter"
2023-01-23 07:46:04 I Titan get_multipickli "Unassigned don't find the mainteam name from G_parameter"
2023-01-23 07:46:17 I Titan get_multipickli "Unassigned don't find the mainteam name from G_parameter"
2023-01-23 07:46:48 I Titan get_multipickli "Unassigned don't find the mainteam name from G_parameter"
2023-01-23 07:47:38 I Titan get_multipickli "Unassigned don't find the mainteam name from G_parameter"
2023-01-23 07:47:47 I Titan get_multipickli "Unassigned don't find the mainteam name from G_parameter"
2023-01-23 07:48:05 I Titan get_multipickli "Unassigned don't find the mainteam name from G_parameter"
2023-01-23 07:48:25 I Titan get_multipickli "Unassigned don't find the mainteam name from G_parameter"
2023-01-23 07:48:51 I Titan get_multipickli "Unassigned don't find the mainteam name from G_parameter"
2023-01-23 07:49:05 I Titan get_multipickli "Unassigned don't find the mainteam name from G_parameter"
2023-01-23 07:49:11 I Titan get_multipickli "Unassigned don't find the mainteam name from G_parameter"
2023-01-23 07:49:20 I Titan get_multipickli "Unassigned don't find the mainteam name from G_parameter"
2023-01-23 07:49:27 I Titan get_multipickli "Unassigned don't find the mainteam name from G_parameter"
2023-01-23 07:49:35 I Titan get_multipickli "Unassigned don't find the mainteam name from G_parameter"
2023-01-23 07:52:35 I Titan get_multipickli "Digital Experience – Android don't find the mainteam name from G_parameter"
2023-01-23 07:52:35 I Titan get_multipickli "Digital Experience – IOS don't find the mainteam name from G_parameter"
2023-01-23 07:52:55 I Titan get_multipickli "Digital Experience – Android don't find the mainteam name from G_parameter"
2023-01-23 07:52:55 I Titan get_multipickli "Digital Experience – IOS don't find the mainteam name from G_parameter"
2023-01-23 07:53:15 I Titan get_multipickli "Digital Experience – Android don't find the mainteam name from G_parameter"
2023-01-23 07:53:15 I Titan get_multipickli "Digital Experience – IOS don't find the mainteam name from G_parameter"
2023-01-23 07:53:34 I Titan get_multipickli "Digital Experience – Android don't find the mainteam name from G_parameter"
2023-01-23 07:53:34 I Titan get_multipickli "Digital Experience – IOS don't find the mainteam name from G_parameter"
2023-01-23 07:54:13 I Titan get_multipickli "Digital Experience – Android don't find the mainteam name from G_parameter"
2023-01-23 07:54:13 I Titan get_multipickli "Digital Experience – IOS don't find the mainteam name from G_parameter"
2023-01-23 07:54:32 I Titan get_multipickli "Digital Experience – Android don't find the mainteam name from G_parameter"
2023-01-23 07:54:32 I Titan get_multipickli "Digital Experience – IOS don't find the mainteam name from G_parameter"
2023-01-23 07:57:15 I Titan get_multipickli "Digital Experience – Android don't find the mainteam name from G_parameter"
2023-01-23 07:57:15 I Titan get_multipickli "Digital Experience – IOS don't find the mainteam name from G_parameter"
2023-01-23 07:57:32 I Titan get_multipickli "Digital Experience – Android don't find the mainteam name from G_parameter"
2023-01-23 07:57:32 I Titan get_multipickli "Digital Experience – IOS don't find the mainteam name from G_parameter"
2023-01-23 07:57:41 I Titan get_multipickli "Digital Experience – Android don't find the mainteam name from G_parameter"
2023-01-23 07:57:41 I Titan get_multipickli "Digital Experience – IOS don't find the mainteam name from G_parameter"
2023-01-23 08:00:35 I Titan get_multipickli "Digital Experience – Android don't find the mainteam name from G_parameter"
2023-01-23 08:00:35 I Titan get_multipickli "Digital Experience – IOS don't find the mainteam name from G_parameter"
2023-01-23 08:01:57 I Titan get_multipickli "Digital Experience – Android don't find the mainteam name from G_parameter"
2023-01-23 08:01:57 I Titan get_multipickli "Digital Experience – IOS don't find the mainteam name from G_parameter"
2023-01-23 08:02:07 I Titan get_multipickli "Digital Experience – Android don't find the mainteam name from G_parameter"
2023-01-23 08:02:07 I Titan get_multipickli "Digital Experience – IOS don't find the mainteam name from G_parameter"
2023-01-23 08:04:55 I Titan get_multipickli "Digital Experience – Android don't find the mainteam name from G_parameter"
2023-01-23 08:04:55 I Titan get_multipickli "Digital Experience – IOS don't find the mainteam name from G_parameter"
2023-01-23 08:05:14 I Titan get_multipickli "Digital Experience – Android don't find the mainteam name from G_parameter"
2023-01-23 08:05:14 I Titan get_multipickli "Digital Experience – IOS don't find the mainteam name from G_parameter"
2023-01-23 08:05:32 I Titan get_multipickli "Digital Experience – Android don't find the mainteam name from G_parameter"
2023-01-23 08:05:32 I Titan get_multipickli "Digital Experience – IOS don't find the mainteam name from G_parameter"
2023-01-23 08:16:30 I Titan get_multipickli "Digital Experience – Android don't find the mainteam name from G_parameter"
2023-01-23 08:16:30 I Titan get_multipickli "Digital Experience – IOS don't find the mainteam name from G_parameter"
2023-01-23 08:16:49 I Titan get_multipickli "Digital Experience – Android don't find the mainteam name from G_parameter"
2023-01-23 08:16:49 I Titan get_multipickli "Digital Experience – IOS don't find the mainteam name from G_parameter"
2023-01-23 08:17:08 I Titan get_multipickli "Digital Experience – Android don't find the mainteam name from G_parameter"
2023-01-23 08:17:08 I Titan get_multipickli "Digital Experience – IOS don't find the mainteam name from G_parameter"
2023-01-23 08:17:27 I Titan get_multipickli "Digital Experience – Android don't find the mainteam name from G_parameter"
2023-01-23 08:17:27 I Titan get_multipickli "Digital Experience – IOS don't find the mainteam name from G_parameter"
2023-01-23 08:17:40 I Titan get_multipickli "Digital Experience – Android don't find the mainteam name from G_parameter"
2023-01-23 08:17:40 I Titan get_multipickli "Digital Experience – IOS don't find the mainteam name from G_parameter"
2023-01-23 08:17:46 I Titan get_multipickli "Digital Experience – Android don't find the mainteam name from G_parameter"
2023-01-23 08:17:46 I Titan get_multipickli "Digital Experience – IOS don't find the mainteam name from G_parameter"
2023-01-23 08:17:50 I Titan get_multipickli "Digital Experience – Android don't find the mainteam name from G_parameter"
2023-01-23 08:17:50 I Titan get_multipickli "Digital Experience – IOS don't find the mainteam name from G_parameter"
2023-01-23 08:18:01 I Titan get_multipickli "Digital Experience – Android don't find the mainteam name from G_parameter"
2023-01-23 08:18:01 I Titan get_multipickli "Digital Experience – IOS don't find the mainteam name from G_parameter"
2023-01-23 08:19:06 I Titan get_multipickli "Digital Experience – Android don't find the mainteam name from G_parameter"
2023-01-23 08:19:06 I Titan get_multipickli "Digital Experience – IOS don't find the mainteam name from G_parameter"
2023-01-23 08:19:38 I Titan get_multipickli "Digital Experience – Android don't find the mainteam name from G_parameter"
2023-01-23 08:19:38 I Titan get_multipickli "Digital Experience – IOS don't find the mainteam name from G_parameter"
2023-01-23 08:20:06 I Titan get_multipickli "Digital Experience – Android don't find the mainteam name from G_parameter"
2023-01-23 08:20:06 I Titan get_multipickli "Digital Experience – IOS don't find the mainteam name from G_parameter"
2023-01-23 08:21:11 I Titan get_multipickli "Digital Experience – Android don't find the mainteam name from G_parameter"
2023-01-23 08:21:11 I Titan get_multipickli "Digital Experience – IOS don't find the mainteam name from G_parameter"
2023-01-23 08:21:22 I Titan get_multipickli "Unassigned don't find the mainteam name from G_parameter"
2023-01-23 08:21:27 I Titan get_multipickli "Unassigned don't find the mainteam name from G_parameter"
2023-01-23 08:21:32 I Titan get_multipickli "Unassigned don't find the mainteam name from G_parameter"
2023-01-23 08:21:37 I Titan get_multipickli "Digital Experience – Android don't find the mainteam name from G_parameter"
2023-01-23 08:21:37 I Titan get_multipickli "Digital Experience – IOS don't find the mainteam name from G_parameter"
2023-01-23 08:21:53 I Titan get_multipickli "Digital Experience – Android don't find the mainteam name from G_parameter"
2023-01-23 08:21:53 I Titan get_multipickli "Digital Experience – IOS don't find the mainteam name from G_parameter"
2023-01-23 08:21:55 I Titan get_multipickli "Digital Experience – SDK don't find the mainteam name from G_parameter"
2023-01-23 08:22:01 I Titan get_multipickli "Digital Experience – Android don't find the mainteam name from G_parameter"
2023-01-23 08:22:01 I Titan get_multipickli "Digital Experience – IOS don't find the mainteam name from G_parameter"
2023-01-23 08:22:01 I Titan get_multipickli "Digital Experience – SDK don't find the mainteam name from G_parameter"
2023-01-23 08:22:12 I Titan get_multipickli "Digital Experience – Android don't find the mainteam name from G_parameter"
2023-01-23 08:22:12 I Titan get_multipickli "Digital Experience – IOS don't find the mainteam name from G_parameter"
2023-01-23 08:22:12 I Titan get_multipickli "Digital Experience – SDK don't find the mainteam name from G_parameter"
2023-01-23 08:23:38 I Titan get_multipickli "Digital Experience – Android don't find the mainteam name from G_parameter"
2023-01-23 08:23:38 I Titan get_multipickli "Digital Experience – IOS don't find the mainteam name from G_parameter"
2023-01-23 08:23:43 I Titan get_multipickli "Digital Experience – Android don't find the mainteam name from G_parameter"
2023-01-23 08:23:43 I Titan get_multipickli "Digital Experience – IOS don't find the mainteam name from G_parameter"
2023-01-23 08:23:49 I Titan get_multipickli "Digital Experience – Android don't find the mainteam name from G_parameter"
2023-01-23 08:23:49 I Titan get_multipickli "Digital Experience – IOS don't find the mainteam name from G_parameter"
2023-01-23 08:23:54 I Titan get_multipickli "Digital Experience – Android don't find the mainteam name from G_parameter"
2023-01-23 08:23:54 I Titan get_multipickli "Digital Experience – IOS don't find the mainteam name from G_parameter"
2023-01-23 08:24:00 I Titan get_multipickli "Digital Experience – Android don't find the mainteam name from G_parameter"
2023-01-23 08:24:00 I Titan get_multipickli "Digital Experience – IOS don't find the mainteam name from G_parameter"
2023-01-23 08:24:05 I Titan get_multipickli "Digital Experience – Android don't find the mainteam name from G_parameter"
2023-01-23 08:24:05 I Titan get_multipickli "Digital Experience – IOS don't find the mainteam name from G_parameter"
2023-01-23 08:24:10 I Titan get_multipickli "Digital Experience – Android don't find the mainteam name from G_parameter"
2023-01-23 08:24:10 I Titan get_multipickli "Digital Experience – IOS don't find the mainteam name from G_parameter"
2023-01-23 08:24:22 I Titan get_multipickli "Digital Experience – Android don't find the mainteam name from G_parameter"
2023-01-23 08:24:22 I Titan get_multipickli "Digital Experience – IOS don't find the mainteam name from G_parameter"
2023-01-23 08:24:48 I Titan get_multipickli "Digital Experience – Android don't find the mainteam name from G_parameter"
2023-01-23 08:24:48 I Titan get_multipickli "Digital Experience – IOS don't find the mainteam name from G_parameter"
2023-01-23 08:25:00 I Titan get_multipickli "Digital Experience – Android don't find the mainteam name from G_parameter"
2023-01-23 08:25:00 I Titan get_multipickli "Digital Experience – IOS don't find the mainteam name from G_parameter"
2023-01-23 08:26:01 I Titan get_multipickli "Digital Experience – Android don't find the mainteam name from G_parameter"
2023-01-23 08:26:01 I Titan get_multipickli "Digital Experience – IOS don't find the mainteam name from G_parameter"
2023-01-23 08:26:06 I Titan get_multipickli "Digital Experience – Android don't find the mainteam name from G_parameter"
2023-01-23 08:26:06 I Titan get_multipickli "Digital Experience – IOS don't find the mainteam name from G_parameter"
2023-01-23 08:26:12 I Titan get_multipickli "Digital Experience – Android don't find the mainteam name from G_parameter"
2023-01-23 08:26:12 I Titan get_multipickli "Digital Experience – IOS don't find the mainteam name from G_parameter"
2023-01-23 08:29:13 I Titan get_multipickli "Digital Experience – Android don't find the mainteam name from G_parameter"
2023-01-23 08:29:13 I Titan get_multipickli "Digital Experience – IOS don't find the mainteam name from G_parameter"
2023-01-23 08:29:19 I Titan get_multipickli "Digital Experience – Android don't find the mainteam name from G_parameter"
2023-01-23 08:29:19 I Titan get_multipickli "Digital Experience – IOS don't find the mainteam name from G_parameter"
2023-01-23 08:29:24 I Titan get_multipickli "Digital Experience – Android don't find the mainteam name from G_parameter"
2023-01-23 08:29:24 I Titan get_multipickli "Digital Experience – IOS don't find the mainteam name from G_parameter"
2023-01-23 08:29:28 I Titan get_multipickli "Digital Experience – Android don't find the mainteam name from G_parameter"
2023-01-23 08:29:28 I Titan get_multipickli "Digital Experience – IOS don't find the mainteam name from G_parameter"
2023-01-23 08:29:34 I Titan get_multipickli "Digital Experience – Android don't find the mainteam name from G_parameter"
2023-01-23 08:29:34 I Titan get_multipickli "Digital Experience – IOS don't find the mainteam name from G_parameter"
2023-01-23 08:29:40 I Titan get_multipickli "Digital Experience – Android don't find the mainteam name from G_parameter"
2023-01-23 08:29:40 I Titan get_multipickli "Digital Experience – IOS don't find the mainteam name from G_parameter"
2023-01-23 08:29:44 I Titan get_multipickli "Digital Experience – Android don't find the mainteam name from G_parameter"
2023-01-23 08:29:44 I Titan get_multipickli "Digital Experience – IOS don't find the mainteam name from G_parameter"
2023-01-23 08:29:55 I Titan get_multipickli "Digital Experience – Android don't find the mainteam name from G_parameter"
2023-01-23 08:29:55 I Titan get_multipickli "Digital Experience – IOS don't find the mainteam name from G_parameter"
2023-01-23 08:31:16 I Titan get_multipickli "Digital Experience – Android don't find the mainteam name from G_parameter"
2023-01-23 08:31:16 I Titan get_multipickli "Digital Experience – IOS don't find the mainteam name from G_parameter"
2023-01-23 08:31:56 I Titan get_multipickli "Digital Experience – Android don't find the mainteam name from G_parameter"
2023-01-23 08:31:56 I Titan get_multipickli "Digital Experience – IOS don't find the mainteam name from G_parameter"
2023-01-23 08:33:33 I Titan get_multipickli "Digital Experience – Android don't find the mainteam name from G_parameter"
2023-01-23 08:33:33 I Titan get_multipickli "Digital Experience – IOS don't find the mainteam name from G_parameter"
2023-01-23 08:33:39 I Titan Print           "DROP TABLE IF EXISTS allrequirements:successful"
2023-01-23 08:33:39 I Titan Print           "DROP TABLE IF EXISTS allcoverage:successful"
2023-01-23 08:33:39 I Titan Print           "CREATE TABLE IF NOT EXISTS requirements (                        rel TEXT, status TEXT, count INT, date TEXT) ENGINE=InnoDB DEFAULT CHARSET=utf8:successful"
2023-01-23 08:33:39 I Titan Print           "CREATE TABLE IF NOT EXISTS allrequirements (                        id INT, uniqueid TEXT, name TEXT, status TEXT, rel TEXT, upstream TEXT, downstream TEXT, team TEXT, test_status TEXT) ENGINE=InnoDB DEFAULT CHARSET=utf8:successful"
2023-01-23 08:33:39 I Titan Print           "CREATE TABLE IF NOT EXISTS coverage (                        team text, covered int, expected int, date text) ENGINE=InnoDB DEFAULT CHARSET=utf8:successful"
2023-01-23 08:33:40 I Titan Print           "CREATE TABLE IF NOT EXISTS allcoverage (                        id INT, uniqueid TEXT, name TEXT, status TEXT, rel TEXT, verify TEXT, missing TEXT) ENGINE=InnoDB DEFAULT CHARSET=utf8:successful"
2023-01-23 08:33:40 I Titan Print           "DELETE FROM requirements WHERE date='2023-01-23':successful"
2023-01-23 08:33:40 I Titan Print           "DELETE FROM coverage WHERE date='2023-01-23':successful"
2023-01-23 08:33:40 I Titan Print           "INSERT INTO requirements (rel, status, count, date) SELECT rel, status, count((@rn := @rn + 1)) as count, '2023-01-23' as date FROM allrequirements cross join (select @rn := 0) const GROUP BY rel, status:successful"
2023-01-23 08:33:40 I Titan Print           "CREATE TABLE IF NOT EXISTS feattest (rel TEXT, status TEXT, count TEXT, date TEXT) ENGINE=InnoDB DEFAULT CHARSET=utf8:successful"
2023-01-23 08:33:40 I Titan Print           "CREATE TABLE IF NOT EXISTS reqtest (rel TEXT, status TEXT, count TEXT, date TEXT) ENGINE=InnoDB DEFAULT CHARSET=utf8:successful"
2023-01-23 08:33:40 I Titan Print           "SELECT id FROM allfeatures:successful"
2023-01-23 08:33:40 I Titan Print           "SELECT id,upstream,downstream,team FROM allrequirements:successful"
2023-01-23 08:33:40 I Titan Print           "SELECT id FROM allcoverage:successful"
2023-01-23 08:33:40 I Titan Print           "SELECT * FROM testcases:successful"
