2023-01-26 09:31:33 I Polar Print           "Connet 20620 successfully!!!"
2023-01-26 09:31:33 I Polar Get_alltests    "Get project name:Polaris id:20620 all testplans"
2023-01-26 09:31:35 I Polar Get_alltests    "{}"
2023-01-26 09:31:35 I Polar Get_alltests    "Get project name:Polaris id:20620 all testplans successful!!!"
2023-01-26 09:31:35 I Polar tidy_alltestcas "0"
2023-01-26 09:31:35 I Polar Print           "DROP TABLE IF EXISTS testcases:successful"
2023-01-26 09:31:35 I Polar Print           "CREATE TABLE IF NOT EXISTS testcases (                             testplan_id INT,                             testplan_name TEXT,                             testgroup_id INT,                             testgroup_name TEXT,                             testcycle_id INT,                             testcycle_name TEXT,                             rel TEXT,                             id INT,                             uniqueid TEXT,                             name TEXT,                             status TEXT,                             upstream TEXT,                             downstream TEXT,                             executionDate TEXT) ENGINE=InnoDB DEFAULT CHARSET=utf8:successful"
2023-01-26 09:31:35 I Polar update_database "Insert testcases table successful"
2023-01-26 09:31:35 I Polar Print           "CREATE TABLE IF NOT EXISTS tests (                             testplan_id INT,                             testplan_name TEXT,                             testplan_status TEXT,                             rel TEXT, status TEXT,                             count INT, date TEXT) ENGINE=InnoDB DEFAULT CHARSET=utf8:successful"
2023-01-26 09:31:35 I Polar Print           "DELETE FROM tests WHERE date='2023-01-26':successful"
2023-01-26 09:31:35 I Polar Print           "SELECT testplan_id FROM tests GROUP BY testplan_id:successful"
2023-01-26 09:31:35 I Polar Print           "INSERT INTO tests (testplan_id, testplan_name, testplan_status, rel, status, count, date) SELECT testplan_id, testplan_name, 'Active' as testplan_status, rel, status, count((@rn := @rn + 1)) as count, '2023-01-26' as date FROM testcases cross join (select @rn := 0) const GROUP BY testplan_id, rel, status:successful"
2023-01-26 09:31:35 I Polar update_database "Insert tests table successful"
2023-01-26 09:31:35 I Polar Print           "CREATE TABLE IF NOT EXISTS testapproval (                                 rel TEXT, team TEXT, status TEXT, upstream TEXT, count INT, date TEXT                                 ) ENGINE=InnoDB DEFAULT CHARSET=utf8:successful"
2023-01-26 09:31:36 I Polar Print           "DROP TABLE IF EXISTS alltestapproval:successful"
2023-01-26 09:31:36 I Polar Print           "CREATE TABLE IF NOT EXISTS alltestapproval (                                 id INT, uniqueid TEXT, name TEXT, status TEXT, rel TEXT, team TEXT, upstream TEXT                                 ) ENGINE=InnoDB DEFAULT CHARSET=utf8:successful"
2023-01-26 09:31:36 I Polar Print           "DELETE FROM testapproval WHERE date='2023-01-26':successful"
2023-01-26 09:31:36 I Polar Print           "INSERT INTO testapproval (rel, team, status, count, date, upstream) SELECT rel, team, status, count((@rn := @rn + 1)) as count, '2023-01-26' as date, upstream FROM alltestapproval cross join (select @rn := 0) const GROUP BY rel, team, status, upstream:successful"
2023-01-26 09:31:40 I Polar Get_allfeatuers "[]"
2023-01-26 09:31:40 I Polar Print           "CREATE TABLE IF NOT EXISTS features (                                rel TEXT, status TEXT, count INT, date TEXT) ENGINE=InnoDB DEFAULT CHARSET=utf8:successful"
2023-01-26 09:31:40 I Polar Print           "CREATE TABLE IF NOT EXISTS allfeatures (                                id INT, uniqueid TEXT, name TEXT, status TEXT, rel TEXT,test_status TEXT) ENGINE=InnoDB DEFAULT CHARSET=utf8:successful"
2023-01-26 09:31:40 I Polar Print           "DELETE FROM features WHERE date='2023-01-26':successful"
2023-01-26 09:31:40 I Polar Print           "DELETE FROM allfeatures WHERE id=20976567:successful"
2023-01-26 09:31:40 I Polar Print           "DELETE FROM allfeatures WHERE id=20623227:successful"
2023-01-26 09:31:40 I Polar Print           "DELETE FROM allfeatures WHERE id=20497723:successful"
2023-01-26 09:31:40 I Polar Print           "DELETE FROM allfeatures WHERE id=20497687:successful"
2023-01-26 09:31:40 I Polar Print           "DELETE FROM allfeatures WHERE id=20495173:successful"
2023-01-26 09:31:40 I Polar Print           "DELETE FROM allfeatures WHERE id=20490902:successful"
2023-01-26 09:31:40 I Polar Print           "DELETE FROM allfeatures WHERE id=20490894:successful"
2023-01-26 09:31:40 I Polar Print           "DELETE FROM allfeatures WHERE id=20490889:successful"
2023-01-26 09:31:40 I Polar Print           "DELETE FROM allfeatures WHERE id=20485504:successful"
2023-01-26 09:31:40 I Polar Print           "DELETE FROM allfeatures WHERE id=20455724:successful"
2023-01-26 09:31:40 I Polar Print           "DELETE FROM allfeatures WHERE id=20455679:successful"
2023-01-26 09:31:40 I Polar Print           "DELETE FROM allfeatures WHERE id=20389169:successful"
2023-01-26 09:31:40 I Polar Print           "DELETE FROM allfeatures WHERE id=20227819:successful"
2023-01-26 09:31:40 I Polar Print           "DELETE FROM allfeatures WHERE id=20199518:successful"
2023-01-26 09:31:40 I Polar Print           "DELETE FROM allfeatures WHERE id=19616757:successful"
2023-01-26 09:31:40 I Polar Print           "INSERT INTO features (rel, status, count, date)                                 SELECT rel, status, count((@rn := @rn + 1)) as count, '2023-01-26' as date FROM allfeatures cross join (select @rn := 0) const GROUP BY rel, status:successful"
2023-01-26 09:31:42 I Polar Get_allchangere "[]"
2023-01-26 09:31:42 I Polar Print           "CREATE TABLE IF NOT EXISTS changes (                                 rel TEXT, status TEXT, priority TEXT,                                 requester TEXT, date TEXT, count INT) ENGINE=InnoDB DEFAULT CHARSET=utf8:successful"
2023-01-26 09:31:42 I Polar Print           "CREATE TABLE IF NOT EXISTS allchanges (                                 id INT, uniqueid TEXT, name TEXT,                                 status TEXT, rel TEXT, priority TEXT,                                 requester TEXT) ENGINE=InnoDB DEFAULT CHARSET=utf8:successful"
2023-01-26 09:31:42 I Polar Print           "DELETE FROM changes WHERE date='2023-01-26':successful"
2023-01-26 09:31:42 I Polar Print           "INSERT INTO changes (                                 rel, status, priority, requester, date, count)                                 SELECT rel, status, priority, requester, '2023-01-26' as date, count((@rn := @rn + 1)) as count FROM allchanges                                 cross join (select @rn := 0) const GROUP BY rel, status, priority, requester:successful"
2023-01-26 09:31:44 I Polar Print           "CREATE TABLE IF NOT EXISTS designspec (                            rel TEXT, team TEXT, status TEXT, count INT, date text) ENGINE=InnoDB DEFAULT CHARSET=utf8:successful"
2023-01-26 09:31:44 I Polar Print           "CREATE TABLE IF NOT EXISTS alldesignspec (                             id INT, uniqueid TEXT, name TEXT, status TEXT, rel TEXT, team TEXT) ENGINE=InnoDB DEFAULT CHARSET=utf8:successful"
2023-01-26 09:31:44 I Polar Print           "DELETE FROM designspec WHERE date='2023-01-26':successful"
2023-01-26 09:31:44 I Polar Print           "INSERT INTO designspec (rel, team, status, count, date) SELECT rel, team, status, count((@rn := @rn + 1)) as count, '2023-01-26' as date FROM alldesignspec cross join (select @rn := 0) const GROUP BY rel, team, status:successful"
2023-01-26 09:31:47 I Polar Get_alluserstor "[]"
2023-01-26 09:31:47 I Polar Print           "CREATE TABLE IF NOT EXISTS userstories (                 rel TEXT, status TEXT, count INT, date TEXT) ENGINE=InnoDB DEFAULT CHARSET=utf8:successful"
2023-01-26 09:31:47 I Polar Print           "CREATE TABLE IF NOT EXISTS alluserstories (                 id INT, uniqueid TEXT, name TEXT, status TEXT, rel TEXT) ENGINE=InnoDB DEFAULT CHARSET=utf8:successful"
2023-01-26 09:31:47 I Polar Print           "DELETE FROM userstories WHERE date='2023-01-26':successful"
2023-01-26 09:31:47 I Polar Print           "INSERT INTO userstories (rel, status, count, date) SELECT rel, status, count((@rn := @rn + 1)) as count, '2023-01-26' as date FROM alluserstories cross join (select @rn := 0) const GROUP BY rel, status:successful"
2023-01-26 09:31:50 I Polar Get_alldefects  "[]"
2023-01-26 09:31:50 I Polar Print           "CREATE TABLE IF NOT EXISTS defects (                     rel TEXT, team TEXT, status TEXT, priority TEXT, count INT, date TEXT) ENGINE=InnoDB DEFAULT CHARSET=utf8:successful"
2023-01-26 09:31:50 I Polar Print           "CREATE TABLE IF NOT EXISTS alldefects (                     id INT, uniqueid TEXT, name TEXT, status TEXT, rel TEXT, team TEXT, priority TEXT, jira TEXT, upstream TEXT) ENGINE=InnoDB DEFAULT CHARSET=utf8:successful"
2023-01-26 09:31:50 I Polar Print           "DELETE FROM defects WHERE date='2023-01-26':successful"
2023-01-26 09:31:50 I Polar Print           "INSERT INTO defects (rel, team, status, count, date, priority) SELECT rel, team, status, count((@rn := @rn + 1)) as count, '2023-01-26' as date, priority FROM alldefects cross join (select @rn := 0) const GROUP BY rel, team, status, priority:successful"
2023-01-26 09:33:19 I Polar get_multipickli "Unassigned don't find the mainteam name from G_parameter"
2023-01-26 09:33:23 I Polar get_multipickli "Unassigned don't find the mainteam name from G_parameter"
2023-01-26 09:33:28 I Polar get_multipickli "Unassigned don't find the mainteam name from G_parameter"
2023-01-26 09:34:39 I Polar get_multipickli "Unassigned don't find the mainteam name from G_parameter"
2023-01-26 09:35:51 I Polar get_multipickli "Unassigned don't find the mainteam name from G_parameter"
2023-01-26 09:36:01 I Polar get_multipickli "Unassigned don't find the mainteam name from G_parameter"
2023-01-26 09:36:06 I Polar get_multipickli "Unassigned don't find the mainteam name from G_parameter"
2023-01-26 09:36:56 I Polar get_multipickli "Unassigned don't find the mainteam name from G_parameter"
2023-01-26 09:37:10 I Polar get_multipickli "Unassigned don't find the mainteam name from G_parameter"
2023-01-26 09:37:41 I Polar get_multipickli "Unassigned don't find the mainteam name from G_parameter"
2023-01-26 09:38:18 I Polar get_multipickli "Unassigned don't find the mainteam name from G_parameter"
2023-01-26 09:38:36 I Polar get_multipickli "Unassigned don't find the mainteam name from G_parameter"
2023-01-26 09:38:55 I Polar get_multipickli "Unassigned don't find the mainteam name from G_parameter"
2023-01-26 09:39:13 I Polar get_multipickli "Unassigned don't find the mainteam name from G_parameter"
2023-01-26 09:39:31 I Polar get_multipickli "Unassigned don't find the mainteam name from G_parameter"
2023-01-26 09:39:50 I Polar get_multipickli "Unassigned don't find the mainteam name from G_parameter"
2023-01-26 09:41:04 I Polar get_multipickli "Unassigned don't find the mainteam name from G_parameter"
2023-01-26 09:41:58 I Polar get_multipickli "Unassigned don't find the mainteam name from G_parameter"
2023-01-26 09:42:04 I Polar get_multipickli "Unassigned don't find the mainteam name from G_parameter"
2023-01-26 09:42:10 I Polar get_multipickli "Unassigned don't find the mainteam name from G_parameter"
2023-01-26 09:42:19 I Polar get_multipickli "Unassigned don't find the mainteam name from G_parameter"
2023-01-26 09:42:29 I Polar get_multipickli "Unassigned don't find the mainteam name from G_parameter"
2023-01-26 09:42:39 I Polar get_multipickli "Unassigned don't find the mainteam name from G_parameter"
2023-01-26 09:42:49 I Polar get_multipickli "Unassigned don't find the mainteam name from G_parameter"
2023-01-26 09:42:58 I Polar get_multipickli "Unassigned don't find the mainteam name from G_parameter"
2023-01-26 09:43:05 I Polar get_multipickli "Unassigned don't find the mainteam name from G_parameter"
2023-01-26 09:43:10 I Polar get_multipickli "Unassigned don't find the mainteam name from G_parameter"
2023-01-26 09:43:15 I Polar get_multipickli "Unassigned don't find the mainteam name from G_parameter"
2023-01-26 09:43:21 I Polar get_multipickli "Unassigned don't find the mainteam name from G_parameter"
2023-01-26 09:43:25 I Polar get_multipickli "Unassigned don't find the mainteam name from G_parameter"
2023-01-26 09:43:30 I Polar get_multipickli "Unassigned don't find the mainteam name from G_parameter"
2023-01-26 09:43:35 I Polar get_multipickli "Unassigned don't find the mainteam name from G_parameter"
2023-01-26 09:43:40 I Polar get_multipickli "Unassigned don't find the mainteam name from G_parameter"
2023-01-26 09:43:45 I Polar get_multipickli "Unassigned don't find the mainteam name from G_parameter"
2023-01-26 09:43:51 I Polar get_multipickli "Unassigned don't find the mainteam name from G_parameter"
2023-01-26 09:43:55 I Polar get_multipickli "Unassigned don't find the mainteam name from G_parameter"
2023-01-26 09:43:59 I Polar get_multipickli "Unassigned don't find the mainteam name from G_parameter"
2023-01-26 09:44:04 I Polar get_multipickli "Unassigned don't find the mainteam name from G_parameter"
2023-01-26 09:44:08 I Polar get_multipickli "Unassigned don't find the mainteam name from G_parameter"
2023-01-26 09:44:13 I Polar get_multipickli "Unassigned don't find the mainteam name from G_parameter"
2023-01-26 09:44:17 I Polar get_multipickli "Unassigned don't find the mainteam name from G_parameter"
2023-01-26 09:44:22 I Polar get_multipickli "Unassigned don't find the mainteam name from G_parameter"
2023-01-26 09:44:27 I Polar get_multipickli "Unassigned don't find the mainteam name from G_parameter"
2023-01-26 09:44:32 I Polar get_multipickli "Unassigned don't find the mainteam name from G_parameter"
2023-01-26 09:44:37 I Polar get_multipickli "Unassigned don't find the mainteam name from G_parameter"
2023-01-26 09:44:42 I Polar get_multipickli "Unassigned don't find the mainteam name from G_parameter"
2023-01-26 09:44:47 I Polar get_multipickli "Unassigned don't find the mainteam name from G_parameter"
2023-01-26 09:44:52 I Polar get_multipickli "Unassigned don't find the mainteam name from G_parameter"
2023-01-26 09:44:56 I Polar get_multipickli "Unassigned don't find the mainteam name from G_parameter"
2023-01-26 09:45:01 I Polar get_multipickli "Unassigned don't find the mainteam name from G_parameter"
2023-01-26 09:45:08 I Polar get_multipickli "Unassigned don't find the mainteam name from G_parameter"
2023-01-26 09:45:31 I Polar get_multipickli "Unassigned don't find the mainteam name from G_parameter"
2023-01-26 09:45:36 I Polar get_multipickli "Unassigned don't find the mainteam name from G_parameter"
2023-01-26 09:45:41 I Polar get_multipickli "Unassigned don't find the mainteam name from G_parameter"
2023-01-26 09:45:46 I Polar get_multipickli "Unassigned don't find the mainteam name from G_parameter"
2023-01-26 09:45:50 I Polar get_multipickli "Unassigned don't find the mainteam name from G_parameter"
2023-01-26 09:45:55 I Polar get_multipickli "Unassigned don't find the mainteam name from G_parameter"
2023-01-26 09:45:59 I Polar get_multipickli "Unassigned don't find the mainteam name from G_parameter"
2023-01-26 09:46:57 I Polar get_multipickli "Unassigned don't find the mainteam name from G_parameter"
2023-01-26 09:47:15 I Polar get_multipickli "Unassigned don't find the mainteam name from G_parameter"
2023-01-26 09:47:24 I Polar get_multipickli "Unassigned don't find the mainteam name from G_parameter"
2023-01-26 09:47:29 I Polar get_multipickli "Unassigned don't find the mainteam name from G_parameter"
2023-01-26 09:47:33 I Polar get_multipickli "Unassigned don't find the mainteam name from G_parameter"
2023-01-26 09:47:39 I Polar get_multipickli "Unassigned don't find the mainteam name from G_parameter"
2023-01-26 09:54:57 I Polar get_multipickli "ESW Platform Test don't find the mainteam name from G_parameter"
2023-01-26 09:54:59 I Polar get_multipickli "ESW Platform Test don't find the mainteam name from G_parameter"
2023-01-26 09:55:02 I Polar get_multipickli "ESW Platform Test don't find the mainteam name from G_parameter"
2023-01-26 09:55:17 I Polar get_multipickli "ESW Platform Test don't find the mainteam name from G_parameter"
2023-01-26 09:55:20 I Polar get_multipickli "ESW Platform Test don't find the mainteam name from G_parameter"
2023-01-26 09:55:23 I Polar get_multipickli "ESW Platform Test don't find the mainteam name from G_parameter"
2023-01-26 09:55:34 I Polar get_multipickli "Digital Experience – Android don't find the mainteam name from G_parameter"
2023-01-26 09:55:35 I Polar get_multipickli "Digital Experience – IOS don't find the mainteam name from G_parameter"
2023-01-26 09:55:37 I Polar get_multipickli "Digital Experience – SDK don't find the mainteam name from G_parameter"
2023-01-26 09:55:44 I Polar get_multipickli "Digital Experience – Android don't find the mainteam name from G_parameter"
2023-01-26 09:55:45 I Polar get_multipickli "Digital Experience – IOS don't find the mainteam name from G_parameter"
2023-01-26 09:55:48 I Polar get_multipickli "Unassigned don't find the mainteam name from G_parameter"
2023-01-26 09:55:50 I Polar get_multipickli "Digital Experience – Android don't find the mainteam name from G_parameter"
2023-01-26 09:55:50 I Polar get_multipickli "Digital Experience – IOS don't find the mainteam name from G_parameter"
2023-01-26 09:55:55 I Polar get_multipickli "Digital Experience – Android don't find the mainteam name from G_parameter"
2023-01-26 09:55:55 I Polar get_multipickli "Digital Experience – IOS don't find the mainteam name from G_parameter"
2023-01-26 09:55:58 I Polar get_multipickli "Digital Experience – Android don't find the mainteam name from G_parameter"
2023-01-26 09:55:58 I Polar get_multipickli "Digital Experience – IOS don't find the mainteam name from G_parameter"
2023-01-26 09:58:46 I Polar get_multipickli "Unassigned don't find the mainteam name from G_parameter"
2023-01-26 09:58:49 I Polar get_multipickli "Unassigned don't find the mainteam name from G_parameter"
2023-01-26 09:58:58 I Polar get_multipickli "Unassigned don't find the mainteam name from G_parameter"
2023-01-26 10:00:30 I Polar get_multipickli "Unassigned don't find the mainteam name from G_parameter"
2023-01-26 10:00:38 I Polar get_multipickli "Unassigned don't find the mainteam name from G_parameter"
2023-01-26 10:02:08 I Polar get_multipickli "Unassigned don't find the mainteam name from G_parameter"
2023-01-26 10:02:12 I Polar get_multipickli "Unassigned don't find the mainteam name from G_parameter"
2023-01-26 10:02:14 I Polar get_multipickli "Unassigned don't find the mainteam name from G_parameter"
2023-01-26 10:02:20 I Polar get_multipickli "Unassigned don't find the mainteam name from G_parameter"
2023-01-26 10:02:22 I Polar get_multipickli "Unassigned don't find the mainteam name from G_parameter"
2023-01-26 10:02:27 I Polar get_multipickli "Unassigned don't find the mainteam name from G_parameter"
2023-01-26 10:03:57 I Polar get_multipickli "Digital Experience – Android don't find the mainteam name from G_parameter"
2023-01-26 10:03:57 I Polar get_multipickli "Digital Experience – IOS don't find the mainteam name from G_parameter"
2023-01-26 10:04:12 I Polar get_multipickli "Digital Experience – Android don't find the mainteam name from G_parameter"
2023-01-26 10:04:12 I Polar get_multipickli "Digital Experience – IOS don't find the mainteam name from G_parameter"
2023-01-26 10:04:33 I Polar get_multipickli "Digital Experience – Android don't find the mainteam name from G_parameter"
2023-01-26 10:04:33 I Polar get_multipickli "Digital Experience – IOS don't find the mainteam name from G_parameter"
2023-01-26 10:04:44 I Polar get_multipickli "Digital Experience – Android don't find the mainteam name from G_parameter"
2023-01-26 10:04:44 I Polar get_multipickli "Digital Experience – IOS don't find the mainteam name from G_parameter"
2023-01-26 10:04:58 I Polar get_multipickli "Digital Experience – Android don't find the mainteam name from G_parameter"
2023-01-26 10:04:58 I Polar get_multipickli "Digital Experience – IOS don't find the mainteam name from G_parameter"
2023-01-26 10:04:58 I Polar get_multipickli "Digital Experience – SDK don't find the mainteam name from G_parameter"
2023-01-26 10:05:03 I Polar get_multipickli "Unassigned don't find the mainteam name from G_parameter"
2023-01-26 10:05:33 I Polar get_multipickli "Unassigned don't find the mainteam name from G_parameter"
2023-01-26 10:05:44 I Polar get_multipickli "Unassigned don't find the mainteam name from G_parameter"
2023-01-26 10:05:45 I Polar get_multipickli "Digital Experience – Android don't find the mainteam name from G_parameter"
2023-01-26 10:05:45 I Polar get_multipickli "Digital Experience – IOS don't find the mainteam name from G_parameter"
2023-01-26 10:05:47 I Polar get_multipickli "Digital Experience – Android don't find the mainteam name from G_parameter"
2023-01-26 10:05:47 I Polar get_multipickli "Digital Experience – IOS don't find the mainteam name from G_parameter"
2023-01-26 10:05:49 I Polar get_multipickli "Digital Experience – Android don't find the mainteam name from G_parameter"
2023-01-26 10:05:49 I Polar get_multipickli "Digital Experience – IOS don't find the mainteam name from G_parameter"
2023-01-26 10:05:50 I Polar get_multipickli "Digital Experience – Android don't find the mainteam name from G_parameter"
2023-01-26 10:05:50 I Polar get_multipickli "Digital Experience – IOS don't find the mainteam name from G_parameter"
2023-01-26 10:05:51 I Polar get_multipickli "Digital Experience – Android don't find the mainteam name from G_parameter"
2023-01-26 10:05:51 I Polar get_multipickli "Digital Experience – IOS don't find the mainteam name from G_parameter"
2023-01-26 10:05:53 I Polar get_multipickli "Digital Experience – Android don't find the mainteam name from G_parameter"
2023-01-26 10:05:53 I Polar get_multipickli "Digital Experience – IOS don't find the mainteam name from G_parameter"
2023-01-26 10:05:55 I Polar get_multipickli "Digital Experience – Android don't find the mainteam name from G_parameter"
2023-01-26 10:05:55 I Polar get_multipickli "Digital Experience – IOS don't find the mainteam name from G_parameter"
2023-01-26 10:05:58 I Polar get_multipickli "Unassigned don't find the mainteam name from G_parameter"
2023-01-26 10:05:59 I Polar get_multipickli "Digital Experience – Android don't find the mainteam name from G_parameter"
2023-01-26 10:05:59 I Polar get_multipickli "Digital Experience – IOS don't find the mainteam name from G_parameter"
2023-01-26 10:06:01 I Polar get_multipickli "Digital Experience – Android don't find the mainteam name from G_parameter"
2023-01-26 10:06:02 I Polar get_multipickli "Digital Experience – Android don't find the mainteam name from G_parameter"
2023-01-26 10:06:03 I Polar get_multipickli "Digital Experience – Android don't find the mainteam name from G_parameter"
2023-01-26 10:06:05 I Polar get_multipickli "Digital Experience – Android don't find the mainteam name from G_parameter"
2023-01-26 10:06:06 I Polar get_multipickli "Digital Experience – Android don't find the mainteam name from G_parameter"
2023-01-26 10:06:07 I Polar get_multipickli "Digital Experience – Android don't find the mainteam name from G_parameter"
2023-01-26 10:06:36 I Polar Print           "DROP TABLE IF EXISTS allrequirements:successful"
2023-01-26 10:06:36 I Polar Print           "DROP TABLE IF EXISTS allcoverage:successful"
2023-01-26 10:06:36 I Polar Print           "CREATE TABLE IF NOT EXISTS requirements (                        rel TEXT, status TEXT, count INT, date TEXT) ENGINE=InnoDB DEFAULT CHARSET=utf8:successful"
2023-01-26 10:06:36 I Polar Print           "CREATE TABLE IF NOT EXISTS allrequirements (                        id INT, uniqueid TEXT, name TEXT, status TEXT, rel TEXT, upstream TEXT, downstream TEXT, team TEXT, test_status TEXT) ENGINE=InnoDB DEFAULT CHARSET=utf8:successful"
2023-01-26 10:06:36 I Polar Print           "CREATE TABLE IF NOT EXISTS coverage (                        team text, covered int, expected int, date text) ENGINE=InnoDB DEFAULT CHARSET=utf8:successful"
2023-01-26 10:06:36 I Polar Print           "CREATE TABLE IF NOT EXISTS allcoverage (                        id INT, uniqueid TEXT, name TEXT, status TEXT, rel TEXT, verify TEXT, missing TEXT) ENGINE=InnoDB DEFAULT CHARSET=utf8:successful"
2023-01-26 10:06:36 I Polar Print           "DELETE FROM requirements WHERE date='2023-01-26':successful"
2023-01-26 10:06:36 I Polar Print           "DELETE FROM coverage WHERE date='2023-01-26':successful"
2023-01-26 10:06:36 I Polar Print           "INSERT INTO requirements (rel, status, count, date) SELECT rel, status, count((@rn := @rn + 1)) as count, '2023-01-26' as date FROM allrequirements cross join (select @rn := 0) const GROUP BY rel, status:successful"
2023-01-26 10:06:36 I Polar Print           "CREATE TABLE IF NOT EXISTS feattest (rel TEXT, status TEXT, count TEXT, date TEXT) ENGINE=InnoDB DEFAULT CHARSET=utf8:successful"
2023-01-26 10:06:36 I Polar Print           "CREATE TABLE IF NOT EXISTS reqtest (rel TEXT, status TEXT, count TEXT, date TEXT) ENGINE=InnoDB DEFAULT CHARSET=utf8:successful"
2023-01-26 10:06:36 I Polar Print           "SELECT id FROM allfeatures:successful"
2023-01-26 10:06:36 I Polar Print           "SELECT id,upstream,downstream,team FROM allrequirements:successful"
2023-01-26 10:06:36 I Polar Print           "SELECT id FROM allcoverage:successful"
2023-01-26 10:06:36 I Polar Print           "SELECT * FROM testcases:successful"
