2022-12-25 04:59:20 I Willo Print           "Connet 20565 successfully!!!"
2022-12-25 04:59:20 I Willo Get_alltests    "Get project name:Willow id:20565 all testplans"
2022-12-25 04:59:24 I Willo Get_alltests    "{8765140: {'id': 8765140, 'name': 'Audio Test Plan', 'archived': False, 'index': '8765140:Audio Test Plan'}, 8936933: {'id': 8936933, 'name': 'ESW Test Plan', 'archived': False, 'index': '8936933:ESW Test Plan'}, 8949044: {'id': 8949044, 'name': 'HW Test Plan', 'archived': False, 'index': '8949044:HW Test Plan'}, 8865026: {'id': 8865026, 'name': 'MT Test Plan', 'archived': False, 'index': '8865026:MT Test Plan'}, 9608480: {'id': 9608480, 'name': 'Packaging Transportation Test', 'archived': False, 'index': '9608480:Packaging Transportation Test'}, 8757540: {'id': 8757540, 'name': 'Product Quality Plan and PVT inputs', 'archived': False, 'index': '8757540:Product Quality Plan and PVT inputs'}, 8545478: {'id': 8545478, 'name': 'Product Verification Test Plan', 'archived': False, 'index': '8545478:Product Verification Test Plan'}, 8806675: {'id': 8806675, 'name': 'Regulatory compliance test plan', 'archived': False, 'index': '8806675:Regulatory compliance test plan'}, 8949050: {'id': 8949050, 'name': 'RF Test Plan', 'archived': False, 'index': '8949050:RF Test Plan'}, 8868539: {'id': 8868539, 'name': 'UX test plan', 'archived': False, 'index': '8868539:UX test plan'}}"
2022-12-25 04:59:24 I Willo Get_alltests    "Get project name:Willow id:20565 all testplans successful!!!"
2022-12-25 05:13:11 I Willo tidy_alltestcas "1866"
2022-12-25 05:22:31 I Willo Print           "DROP TABLE IF EXISTS testcases:successful"
2022-12-25 05:22:31 I Willo Print           "CREATE TABLE IF NOT EXISTS testcases (                             testplan_id INT,                             testplan_name TEXT,                             testgroup_id INT,                             testgroup_name TEXT,                             testcycle_id INT,                             testcycle_name TEXT,                             rel TEXT,                             id INT,                             uniqueid TEXT,                             name TEXT,                             status TEXT,                             upstream TEXT,                             downstream TEXT,                             executionDate TEXT) ENGINE=InnoDB DEFAULT CHARSET=utf8:successful"
2022-12-25 05:22:31 I Willo update_database "Insert testcases table successful"
2022-12-25 05:22:31 I Willo Print           "CREATE TABLE IF NOT EXISTS tests (                             testplan_id INT,                             testplan_name TEXT,                             testplan_status TEXT,                             rel TEXT, status TEXT,                             count INT, date TEXT) ENGINE=InnoDB DEFAULT CHARSET=utf8:successful"
2022-12-25 05:22:31 I Willo Print           "DELETE FROM tests WHERE date='2022-12-25':successful"
2022-12-25 05:22:31 I Willo Print           "SELECT testplan_id FROM tests GROUP BY testplan_id:successful"
2022-12-25 05:22:31 I Willo Print           "SELECT testplan_name FROM tests WHERE testplan_id=8765140 LIMIT 1:successful"
2022-12-25 05:22:31 I Willo Print           "UPDATE tests SET testplan_status='Active' WHERE testplan_id=8765140:successful"
2022-12-25 05:22:31 I Willo Print           "SELECT testplan_name FROM tests WHERE testplan_id=8936933 LIMIT 1:successful"
2022-12-25 05:22:31 I Willo Print           "UPDATE tests SET testplan_status='Active' WHERE testplan_id=8936933:successful"
2022-12-25 05:22:31 I Willo Print           "SELECT testplan_name FROM tests WHERE testplan_id=8949044 LIMIT 1:successful"
2022-12-25 05:22:31 I Willo Print           "UPDATE tests SET testplan_status='Active' WHERE testplan_id=8949044:successful"
2022-12-25 05:22:31 I Willo Print           "SELECT testplan_name FROM tests WHERE testplan_id=8865026 LIMIT 1:successful"
2022-12-25 05:22:31 I Willo Print           "UPDATE tests SET testplan_status='Active' WHERE testplan_id=8865026:successful"
2022-12-25 05:22:31 I Willo Print           "SELECT testplan_name FROM tests WHERE testplan_id=9608480 LIMIT 1:successful"
2022-12-25 05:22:31 I Willo Print           "UPDATE tests SET testplan_status='Active' WHERE testplan_id=9608480:successful"
2022-12-25 05:22:31 I Willo Print           "SELECT testplan_name FROM tests WHERE testplan_id=8545478 LIMIT 1:successful"
2022-12-25 05:22:31 I Willo Print           "UPDATE tests SET testplan_status='Active' WHERE testplan_id=8545478:successful"
2022-12-25 05:22:31 I Willo Print           "SELECT testplan_name FROM tests WHERE testplan_id=8806675 LIMIT 1:successful"
2022-12-25 05:22:31 I Willo Print           "UPDATE tests SET testplan_status='Active' WHERE testplan_id=8806675:successful"
2022-12-25 05:22:31 I Willo Print           "SELECT testplan_name FROM tests WHERE testplan_id=8949050 LIMIT 1:successful"
2022-12-25 05:22:31 I Willo Print           "UPDATE tests SET testplan_status='Active' WHERE testplan_id=8949050:successful"
2022-12-25 05:22:31 I Willo Print           "SELECT testplan_name FROM tests WHERE testplan_id=8868539 LIMIT 1:successful"
2022-12-25 05:22:31 I Willo Print           "UPDATE tests SET testplan_status='Active' WHERE testplan_id=8868539:successful"
2022-12-25 05:22:32 I Willo Print           "INSERT INTO tests (testplan_id, testplan_name, testplan_status, rel, status, count, date) SELECT testplan_id, testplan_name, 'Active' as testplan_status, rel, status, count((@rn := @rn + 1)) as count, '2022-12-25' as date FROM testcases cross join (select @rn := 0) const GROUP BY testplan_id, rel, status:successful"
2022-12-25 05:22:32 I Willo update_database "Insert tests table successful"
2022-12-25 05:22:32 I Willo Print           "CREATE TABLE IF NOT EXISTS testapproval (                                 rel TEXT, team TEXT, status TEXT, upstream TEXT, count INT, date TEXT                                 ) ENGINE=InnoDB DEFAULT CHARSET=utf8:successful"
2022-12-25 05:22:32 I Willo Print           "DROP TABLE IF EXISTS alltestapproval:successful"
2022-12-25 05:22:32 I Willo Print           "CREATE TABLE IF NOT EXISTS alltestapproval (                                 id INT, uniqueid TEXT, name TEXT, status TEXT, rel TEXT, team TEXT, upstream TEXT                                 ) ENGINE=InnoDB DEFAULT CHARSET=utf8:successful"
2022-12-25 05:22:32 I Willo Print           "DELETE FROM testapproval WHERE date='2022-12-25':successful"
2022-12-25 05:22:32 I Willo Print           "INSERT INTO testapproval (rel, team, status, count, date, upstream) SELECT rel, team, status, count((@rn := @rn + 1)) as count, '2022-12-25' as date, upstream FROM alltestapproval cross join (select @rn := 0) const GROUP BY rel, team, status, upstream:successful"
2022-12-25 05:22:52 I Willo Get_allfeatuers "[{'id': 8253665, 'name': 'Application Controlled Paring (MFi)', 'documentKey': 'Wil-FEAT-1', 'statusId': 156410, 'status': 'Approved'}, {'id': 8253687, 'name': 'Battery status (App only)', 'documentKey': 'Wil-FEAT-3', 'statusId': 156410, 'status': 'Approved'}, {'id': 8253695, 'name': 'Find my head phones (App only)', 'documentKey': 'Wil-FEAT-4', 'statusId': 156410, 'status': 'Approved'}, {'id': 8258542, 'name': 'Firmware lock', 'documentKey': 'Wil-FEAT-68', 'statusId': 156410, 'status': 'Approved'}, {'id': 8253699, 'name': 'Product Certification Markings via App (App only)', 'documentKey': 'Wil-FEAT-5', 'statusId': 156410, 'status': 'Approved'}, {'id': 8253700, 'name': 'Product registration (App only)', 'documentKey': 'Wil-FEAT-6', 'statusId': 156410, 'status': 'Approved'}, {'id': 8253701, 'name': 'Rate the device (App only)', 'documentKey': 'Wil-FEAT-7', 'statusId': 156410, 'status': 'Approved'}, {'id': 8253703, 'name': 'Selection of Voice Assistant (App only)', 'documentKey': 'Wil-FEAT-8', 'statusId': 156410, 'status': 'Approved'}, {'id': 8258543, 'name': 'Change headset language pack', 'documentKey': 'Wil-FEAT-69', 'statusId': 156410, 'status': 'Approved'}, {'id': 8259086, 'name': "Support for Mobile Communications App's", 'documentKey': 'Wil-FEAT-93', 'statusId': 156410, 'status': 'Approved'}, {'id': 8562725, 'name': 'Rogue One Plus - Single Sided - Boom Arm', 'documentKey': 'Wil-FEAT-140', 'statusId': 156410, 'status': 'Approved'}, {'id': 8351102, 'name': 'Tx User Volume Control and Mute', 'documentKey': 'Wil-FEAT-105', 'statusId': 156410, 'status': 'Approved'}, {'id': 8351103, 'name': 'Tx Equalization Filters', 'documentKey': 'Wil-FEAT-106', 'statusId': 156410, 'status': 'Approved'}, {'id': 8351105, 'name': 'Tx Speech Level Normalization', 'documentKey': 'Wil-FEAT-107', 'statusId': 156410, 'status': 'Approved'}, {'id': 8351107, 'name': 'Rx On-Ear ANC', 'documentKey': 'Wil-FEAT-108', 'statusId': 156410, 'status': 'Approved'}, {'id': 8554896, 'name': 'Rx On-Ear Ear Cushions', 'documentKey': 'Wil-FEAT-137', 'statusId': 156410, 'status': 'Approved'}, {'id': 8351110, 'name': 'Rx User Volume Control and Mute', 'documentKey': 'Wil-FEAT-110', 'statusId': 156410, 'status': 'Approved'}, {'id': 8351111, 'name': 'Rx Communication User Equalizer', 'documentKey': 'Wil-FEAT-111', 'statusId': 156410, 'status': 'Approved'}, {'id': 8351112, 'name': 'Rx Music User Equalizer', 'documentKey': 'Wil-FEAT-112', 'statusId': 156410, 'status': 'Approved'}, {'id': 8351113, 'name': 'Rx Equalization Filters', 'documentKey': 'Wil-FEAT-113', 'statusId': 156410, 'status': 'Approved'}, {'id': 8351114, 'name': 'Rx Sound Prompt Player', 'documentKey': 'Wil-FEAT-114', 'statusId': 156410, 'status': 'Approved'}, {'id': 8351115, 'name': 'Rx Hardlimiter', 'documentKey': 'Wil-FEAT-115', 'statusId': 156410, 'status': 'Approved'}, {'id': 8351117, 'name': 'Rx G616', 'documentKey': 'Wil-FEAT-116', 'statusId': 156410, 'status': 'Approved'}, {'id': 8351118, 'name': 'Rx Peakstop at 105dB', 'documentKey': 'Wil-FEAT-117', 'statusId': 156410, 'status': 'Approved'}, {'id': 8351119, 'name': 'Rx Noise at Work (N@W) ', 'documentKey': 'Wil-FEAT-118', 'statusId': 156410, 'status': 'Approved'}, {'id': 8351120, 'name': 'Rx MySound', 'documentKey': 'Wil-FEAT-119', 'statusId': 156410, 'status': 'Approved'}, {'id': 8351121, 'name': 'Rx Speech Level Normalization', 'documentKey': 'Wil-FEAT-120', 'statusId': 156410, 'status': 'Approved'}, {'id': 8351123, 'name': 'Audio over Bluetooth', 'documentKey': 'Wil-FEAT-121', 'statusId': 156410, 'status': 'Approved'}, {'id': 8351124, 'name': 'BT A2DP - AAC Codec', 'documentKey': 'Wil-FEAT-122', 'statusId': 156410, 'status': 'Approved'}, {'id': 8351125, 'name': 'BT A2DP - SBC Codec', 'documentKey': 'Wil-FEAT-123', 'statusId': 156410, 'status': 'Approved'}, {'id': 8351126, 'name': 'BT SCO - mSBC Codec', 'documentKey': 'Wil-FEAT-124', 'statusId': 156410, 'status': 'Approved'}, {'id': 8351127, 'name': 'Audio over USB on BT Platform', 'documentKey': 'Wil-FEAT-125', 'statusId': 156410, 'status': 'Approved'}, {'id': 8258986, 'name': 'Rx Audio Exposure Logging', 'documentKey': 'Wil-FEAT-83', 'statusId': 156412, 'status': 'Rejected'}, {'id': 8258987, 'name': 'Tx Noise Level Guidance', 'documentKey': 'Wil-FEAT-84', 'statusId': 156412, 'status': 'Rejected'}, {'id': 8258988, 'name': 'Simple speech analytics.', 'documentKey': 'Wil-FEAT-85', 'statusId': 156412, 'status': 'Rejected'}, {'id': 8351130, 'name': 'Sidetone', 'documentKey': 'Wil-FEAT-126', 'statusId': 156410, 'status': 'Approved'}, {'id': 8351132, 'name': 'Production Test Mode', 'documentKey': 'Wil-FEAT-127', 'statusId': 156410, 'status': 'Approved'}, {'id': 8351133, 'name': 'Speaker Sensitivity Calibration', 'documentKey': 'Wil-FEAT-128', 'statusId': 156410, 'status': 'Approved'}, {'id': 8351134, 'name': 'Microphone Level Calibration', 'documentKey': 'Wil-FEAT-129', 'statusId': 156410, 'status': 'Approved'}, {'id': 8351137, 'name': 'Flat Adjustable ANC', 'documentKey': 'Wil-FEAT-131', 'statusId': 156412, 'status': 'Rejected'}, {'id': 8555182, 'name': 'On-ear FB ANC based on QCC5141', 'documentKey': 'Wil-FEAT-139', 'statusId': 156410, 'status': 'Approved'}, {'id': 8256515, 'name': 'MS Teams Certification', 'documentKey': 'Wil-FEAT-9', 'statusId': 156410, 'status': 'Approved'}, {'id': 8349993, 'name': 'Google Meet Certification', 'documentKey': 'Wil-FEAT-102', 'statusId': 156410, 'status': 'Approved'}, {'id': 8349994, 'name': 'Zoom Certification', 'documentKey': 'Wil-FEAT-103', 'statusId': 156410, 'status': 'Approved'}, {'id': 8256516, 'name': 'TIA Requirement', 'documentKey': 'Wil-FEAT-10', 'statusId': 156410, 'status': 'Approved'}, {'id': 8256517, 'name': 'EN Certification', 'documentKey': 'Wil-FEAT-11', 'statusId': 156410, 'status': 'Approved'}, {'id': 8256518, 'name': 'ETSI Requirement', 'documentKey': 'Wil-FEAT-12', 'statusId': 156410, 'status': 'Approved'}, {'id': 8256530, 'name': 'Acoustic Protection', 'documentKey': 'Wil-FEAT-24', 'statusId': 156410, 'status': 'Approved'}, {'id': 8256521, 'name': 'Music Performance (Rx)', 'documentKey': 'Wil-FEAT-15', 'statusId': 156410, 'status': 'Approved'}, {'id': 8256522, 'name': 'Communication Performance (Rx)', 'documentKey': 'Wil-FEAT-16', 'statusId': 156410, 'status': 'Approved'}, {'id': 8256523, 'name': 'Communication Performance (Tx)', 'documentKey': 'Wil-FEAT-17', 'statusId': 156410, 'status': 'Approved'}, {'id': 8256525, 'name': 'Sidetone', 'documentKey': 'Wil-FEAT-19', 'statusId': 156410, 'status': 'Approved'}, {'id': 8256526, 'name': 'Audio Bands', 'documentKey': 'Wil-FEAT-20', 'statusId': 156410, 'status': 'Approved'}, {'id': 8256527, 'name': 'Audio I/O', 'documentKey': 'Wil-FEAT-21', 'statusId': 156410, 'status': 'Approved'}, {'id': 8256528, 'name': 'Audio Logging', 'documentKey': 'Wil-FEAT-22', 'statusId': 156410, 'status': 'Approved'}, {'id': 8256529, 'name': 'User Audio Configuration', 'documentKey': 'Wil-FEAT-23', 'statusId': 156410, 'status': 'Approved'}, {'id': 8256531, 'name': 'Rx Noise Cancellation Performance', 'documentKey': 'Wil-FEAT-25', 'statusId': 156410, 'status': 'Approved'}, {'id': 8256532, 'name': 'Active Noise Cancelling (ANC)', 'documentKey': 'Wil-FEAT-26', 'statusId': 156410, 'status': 'Approved'}, {'id': 8258471, 'name': 'AAC Codec', 'documentKey': 'Wil-FEAT-65', 'statusId': 156410, 'status': 'Approved'}, {'id': 8258445, 'name': 'Android Fast Pair for office products', 'documentKey': 'Wil-FEAT-56', 'statusId': 156410, 'status': 'Approved'}, {'id': 8258467, 'name': 'Bluetooth Low Energy support', 'documentKey': 'Wil-FEAT-61', 'statusId': 156410, 'status': 'Approved'}, {'id': 8258468, 'name': 'Bluetooth pairing', 'documentKey': 'Wil-FEAT-62', 'statusId': 156410, 'status': 'Approved'}, {'id': 8258469, 'name': 'Call management, Bluetooth', 'documentKey': 'Wil-FEAT-63', 'statusId': 156410, 'status': 'Approved'}, {'id': 8258865, 'name': 'Jabra standard functionality for Bluetooth headset', 'documentKey': 'Wil-FEAT-70', 'statusId': 156410, 'status': 'Approved'}, {'id': 8258470, 'name': 'Multi use', 'documentKey': 'Wil-FEAT-64', 'statusId': 156410, 'status': 'Approved'}, {'id': 8258466, 'name': 'Music streaming and control', 'documentKey': 'Wil-FEAT-60', 'statusId': 156410, 'status': 'Approved'}, {'id': 9318666, 'name': 'Microsoft Swift Pair', 'documentKey': 'Wil-FEAT-145', 'statusId': 156410, 'status': 'Approved'}, {'id': 8256722, 'name': 'ID Concept and Wearingstyle', 'documentKey': 'Wil-FEAT-27', 'statusId': 156410, 'status': 'Approved'}, {'id': 8256723, 'name': 'PC Dongle', 'documentKey': 'Wil-FEAT-28', 'statusId': 156410, 'status': 'Approved'}, {'id': 8256724, 'name': 'Platform', 'documentKey': 'Wil-FEAT-29', 'statusId': 156410, 'status': 'Approved'}, {'id': 8256725, 'name': 'USB Type-C interface', 'documentKey': 'Wil-FEAT-30', 'statusId': 156410, 'status': 'Approved'}, {'id': 8256726, 'name': 'Weight', 'documentKey': 'Wil-FEAT-31', 'statusId': 156410, 'status': 'Approved'}, {'id': 8256727, 'name': 'Sustainable materials', 'documentKey': 'Wil-FEAT-32', 'statusId': 156410, 'status': 'Approved'}, {'id': 8258985, 'name': 'Headset interaction logging. (BT)', 'documentKey': 'Wil-FEAT-82', 'statusId': 156410, 'status': 'Approved'}, {'id': 8256884, 'name': 'Accessories', 'documentKey': 'Wil-FEAT-34', 'statusId': 156410, 'status': 'Approved'}, {'id': 8310667, 'name': 'Charging stand', 'documentKey': 'Wil-FEAT-101', 'statusId': 156410, 'status': 'Approved'}, {'id': 8256885, 'name': 'Packaging', 'documentKey': 'Wil-FEAT-35', 'statusId': 156410, 'status': 'Approved'}, {'id': 8256886, 'name': 'Pouch', 'documentKey': 'Wil-FEAT-36', 'statusId': 156410, 'status': 'Approved'}, {'id': 8256887, 'name': 'Quick Start Guide and Manuals', 'documentKey': 'Wil-FEAT-37', 'statusId': 156410, 'status': 'Approved'}, {'id': 9584128, 'name': 'Secure SKU', 'documentKey': 'Wil-FEAT-146', 'statusId': 156410, 'status': 'Approved'}, {'id': 8256888, 'name': 'SKUs', 'documentKey': 'Wil-FEAT-38', 'statusId': 156410, 'status': 'Approved'}, {'id': 8256889, 'name': 'USB cable', 'documentKey': 'Wil-FEAT-39', 'statusId': 156410, 'status': 'Approved'}, {'id': 8256999, 'name': 'Battery performance', 'documentKey': 'Wil-FEAT-40', 'statusId': 156410, 'status': 'Approved'}, {'id': 8257000, 'name': 'Charging', 'documentKey': 'Wil-FEAT-41', 'statusId': 156410, 'status': 'Approved'}, {'id': 8257001, 'name': 'Durability', 'documentKey': 'Wil-FEAT-42', 'statusId': 156410, 'status': 'Approved'}, {'id': 8257002, 'name': 'Global Design Quality Standard', 'documentKey': 'Wil-FEAT-43', 'statusId': 156410, 'status': 'Approved'}, {'id': 8257003, 'name': 'MFi certified', 'documentKey': 'Wil-FEAT-44', 'statusId': 156410, 'status': 'Approved'}, {'id': 8257004, 'name': 'Range, wireless', 'documentKey': 'Wil-FEAT-45', 'statusId': 156410, 'status': 'Approved'}, {'id': 9262205, 'name': 'Compatible with global account environments', 'documentKey': 'Wil-FEAT-143', 'statusId': 156410, 'status': 'Approved'}, {'id': 8258303, 'name': 'Device Tracking', 'documentKey': 'Wil-FEAT-47', 'statusId': 156410, 'status': 'Approved'}, {'id': 8258306, 'name': 'Firmware update USB', 'documentKey': 'Wil-FEAT-48', 'statusId': 156410, 'status': 'Approved'}, {'id': 8258329, 'name': 'Item tracking', 'documentKey': 'Wil-FEAT-49', 'statusId': 156410, 'status': 'Approved'}, {'id': 8258339, 'name': 'Jabra production support', 'documentKey': 'Wil-FEAT-50', 'statusId': 156410, 'status': 'Approved'}, {'id': 8258358, 'name': 'SKU awareness', 'documentKey': 'Wil-FEAT-51', 'statusId': 156410, 'status': 'Approved'}, {'id': 8257005, 'name': 'Regulatory approvals', 'documentKey': 'Wil-FEAT-46', 'statusId': 156410, 'status': 'Approved'}, {'id': 8259076, 'name': "Support for secure SKU's", 'documentKey': 'Wil-FEAT-91', 'statusId': 156410, 'status': 'Approved'}, {'id': 8259077, 'name': 'Safe and secure firmware', 'documentKey': 'Wil-FEAT-92', 'statusId': 156410, 'status': 'Approved'}, {'id': 8258523, 'name': 'Busylight v. 2.0 with App support', 'documentKey': 'Wil-FEAT-66', 'statusId': 156410, 'status': 'Approved'}, {'id': 8258446, 'name': 'Button takeover legacy support', 'documentKey': 'Wil-FEAT-57', 'statusId': 156410, 'status': 'Approved'}, {'id': 8258876, 'name': 'Call equalizer.', 'documentKey': 'Wil-FEAT-80', 'statusId': 156410, 'status': 'Approved'}, {'id': 8258869, 'name': 'Device configuration changes synced to applications', 'documentKey': 'Wil-FEAT-74', 'statusId': 156410, 'status': 'Approved'}, {'id': 8258867, 'name': 'Firmware update OTA', 'documentKey': 'Wil-FEAT-72', 'statusId': 156410, 'status': 'Approved'}, {'id': 8258866, 'name': 'Music equalizer', 'documentKey': 'Wil-FEAT-71', 'statusId': 156410, 'status': 'Approved'}, {'id': 8258872, 'name': 'Mute reminder tones On / Off', 'documentKey': 'Wil-FEAT-76', 'statusId': 156410, 'status': 'Approved'}, {'id': 8253673, 'name': 'MySound - Hearing test in Sound+ (Stereo only)', 'documentKey': 'Wil-FEAT-2', 'statusId': 156410, 'status': 'Approved'}, {'id': 8258448, 'name': 'Side tone', 'documentKey': 'Wil-FEAT-59', 'statusId': 156410, 'status': 'Approved'}, {'id': 8259015, 'name': 'Jabra standard functionality for USB headset', 'documentKey': 'Wil-FEAT-86', 'statusId': 156410, 'status': 'Approved'}, {'id': 8259016, 'name': 'Audio over USB (Platform BT)', 'documentKey': 'Wil-FEAT-87', 'statusId': 156410, 'status': 'Approved'}, {'id': 8259017, 'name': 'Call management, USB', 'documentKey': 'Wil-FEAT-88', 'statusId': 156410, 'status': 'Approved'}, {'id': 8259018, 'name': 'Volume control and synchronization, USB audio', 'documentKey': 'Wil-FEAT-89', 'statusId': 156410, 'status': 'Approved'}, {'id': 8258524, 'name': 'USB Media Control on Bluetooth dongles and headsets.', 'documentKey': 'Wil-FEAT-67', 'statusId': 156410, 'status': 'Approved'}, {'id': 8531489, 'name': 'Enumerate as non audio device when docked', 'documentKey': 'Wil-FEAT-134', 'statusId': 156410, 'status': 'Approved'}, {'id': 8258874, 'name': 'Auto reject call', 'documentKey': 'Wil-FEAT-78', 'statusId': 156410, 'status': 'Approved'}, {'id': 8259096, 'name': 'Automatic Battery status', 'documentKey': 'Wil-FEAT-95', 'statusId': 156410, 'status': 'Approved'}, {'id': 8659144, 'name': 'Boom arm position mute', 'documentKey': 'Wil-FEAT-141', 'statusId': 156410, 'status': 'Approved'}, {'id': 8258871, 'name': 'Button sounds On / Off', 'documentKey': 'Wil-FEAT-75', 'statusId': 156410, 'status': 'Approved'}, {'id': 8258875, 'name': 'Customize Bluetooth name', 'documentKey': 'Wil-FEAT-79', 'statusId': 156410, 'status': 'Approved'}, {'id': 8259122, 'name': 'Ear cushions', 'documentKey': 'Wil-FEAT-96', 'statusId': 156410, 'status': 'Approved'}, {'id': 8259160, 'name': 'Factory reset', 'documentKey': 'Wil-FEAT-97', 'statusId': 156410, 'status': 'Approved'}, {'id': 8258868, 'name': 'Mute functionality', 'documentKey': 'Wil-FEAT-73', 'statusId': 156410, 'status': 'Approved'}, {'id': 8259178, 'name': 'Secure and comfortable fit', 'documentKey': 'Wil-FEAT-98', 'statusId': 156410, 'status': 'Approved'}, {'id': 8258873, 'name': 'Sleep mode', 'documentKey': 'Wil-FEAT-77', 'statusId': 156410, 'status': 'Approved'}, {'id': 8259187, 'name': 'Sound modes (stereo version only). ', 'documentKey': 'Wil-FEAT-99', 'statusId': 156410, 'status': 'Approved'}, {'id': 8259213, 'name': 'UI elements', 'documentKey': 'Wil-FEAT-100', 'statusId': 156410, 'status': 'Approved'}, {'id': 8258447, 'name': 'User data asset management', 'documentKey': 'Wil-FEAT-58', 'statusId': 156410, 'status': 'Approved'}, {'id': 8259088, 'name': 'Voice guidance', 'documentKey': 'Wil-FEAT-94', 'statusId': 156410, 'status': 'Approved'}, {'id': 8258422, 'name': 'Alexa Mobile Accessory (AMA)', 'documentKey': 'Wil-FEAT-54', 'statusId': 156410, 'status': 'Approved'}, {'id': 8258421, 'name': 'Support for Multiple Voice Assistants', 'documentKey': 'Wil-FEAT-53', 'statusId': 156410, 'status': 'Approved'}, {'id': 8518874, 'name': 'Speakerphone and ringer functionality when docked', 'documentKey': 'Wil-FEAT-133', 'statusId': 156412, 'status': 'Rejected'}, {'id': 8256524, 'name': 'Hearthrough', 'documentKey': 'Wil-FEAT-18', 'statusId': 156412, 'status': 'Rejected'}, {'id': 8518872, 'name': 'Adaptive Soundscape', 'documentKey': 'Wil-FEAT-132', 'statusId': 156412, 'status': 'Rejected'}, {'id': 8258964, 'name': 'Google Bisto', 'documentKey': 'Wil-FEAT-81', 'statusId': 156412, 'status': 'Rejected'}, {'id': 8258444, 'name': 'Bluetooth error statistics.', 'documentKey': 'Wil-FEAT-55', 'statusId': 156412, 'status': 'Rejected'}, {'id': 8259074, 'name': 'MySound for speech', 'documentKey': 'Wil-FEAT-90', 'statusId': 156412, 'status': 'Rejected'}, {'id': 9305946, 'name': 'Intel Bluetooth Accessory Certification', 'documentKey': 'Wil-FEAT-144', 'statusId': 156412, 'status': 'Rejected'}, {'id': 9670424, 'name': 'Tencent Certification v.2.0 (Headsets) - Audio', 'documentKey': 'Wil-FEAT-147', 'statusId': 156412, 'status': 'Rejected'}]"
2022-12-25 05:22:52 I Willo Print           "CREATE TABLE IF NOT EXISTS features (                                rel TEXT, status TEXT, count INT, date TEXT) ENGINE=InnoDB DEFAULT CHARSET=utf8:successful"
2022-12-25 05:22:52 I Willo Print           "CREATE TABLE IF NOT EXISTS allfeatures (                                id INT, uniqueid TEXT, name TEXT, status TEXT, rel TEXT,test_status TEXT) ENGINE=InnoDB DEFAULT CHARSET=utf8:successful"
2022-12-25 05:22:52 I Willo Print           "DELETE FROM features WHERE date='2022-12-25':successful"
2022-12-25 05:22:52 I Willo Print           "DELETE FROM allfeatures WHERE id=17356384:successful"
2022-12-25 05:22:52 I Willo Print           "DELETE FROM allfeatures WHERE id=16580563:successful"
2022-12-25 05:22:52 I Willo Print           "DELETE FROM allfeatures WHERE id=16580445:successful"
2022-12-25 05:22:52 I Willo Print           "DELETE FROM allfeatures WHERE id=16579590:successful"
2022-12-25 05:22:52 I Willo Print           "DELETE FROM allfeatures WHERE id=16579516:successful"
2022-12-25 05:22:52 I Willo Print           "DELETE FROM allfeatures WHERE id=16579505:successful"
2022-12-25 05:22:52 I Willo Print           "DELETE FROM allfeatures WHERE id=16085154:successful"
2022-12-25 05:22:52 I Willo Print           "DELETE FROM allfeatures WHERE id=15987793:successful"
2022-12-25 05:22:52 I Willo Print           "DELETE FROM allfeatures WHERE id=15899579:successful"
2022-12-25 05:22:52 I Willo Print           "DELETE FROM allfeatures WHERE id=15899567:successful"
2022-12-25 05:22:52 I Willo Print           "DELETE FROM allfeatures WHERE id=15834015:successful"
2022-12-25 05:22:52 I Willo Print           "DELETE FROM allfeatures WHERE id=8253665:successful"
2022-12-25 05:22:52 I Willo Print           "DELETE FROM allfeatures WHERE id=8253687:successful"
2022-12-25 05:22:52 I Willo Print           "DELETE FROM allfeatures WHERE id=8253695:successful"
2022-12-25 05:22:52 I Willo Print           "DELETE FROM allfeatures WHERE id=8258542:successful"
2022-12-25 05:22:52 I Willo Print           "DELETE FROM allfeatures WHERE id=8253699:successful"
2022-12-25 05:22:52 I Willo Print           "DELETE FROM allfeatures WHERE id=8253700:successful"
2022-12-25 05:22:52 I Willo Print           "DELETE FROM allfeatures WHERE id=8253701:successful"
2022-12-25 05:22:52 I Willo Print           "DELETE FROM allfeatures WHERE id=8253703:successful"
2022-12-25 05:22:52 I Willo Print           "DELETE FROM allfeatures WHERE id=8258543:successful"
2022-12-25 05:22:52 I Willo Print           "DELETE FROM allfeatures WHERE id=8259086:successful"
2022-12-25 05:22:52 I Willo Print           "DELETE FROM allfeatures WHERE id=8562725:successful"
2022-12-25 05:22:52 I Willo Print           "DELETE FROM allfeatures WHERE id=8351102:successful"
2022-12-25 05:22:52 I Willo Print           "DELETE FROM allfeatures WHERE id=8351103:successful"
2022-12-25 05:22:52 I Willo Print           "DELETE FROM allfeatures WHERE id=8351105:successful"
2022-12-25 05:22:52 I Willo Print           "DELETE FROM allfeatures WHERE id=8351107:successful"
2022-12-25 05:22:52 I Willo Print           "DELETE FROM allfeatures WHERE id=8554896:successful"
2022-12-25 05:22:52 I Willo Print           "DELETE FROM allfeatures WHERE id=8351110:successful"
2022-12-25 05:22:52 I Willo Print           "DELETE FROM allfeatures WHERE id=8351111:successful"
2022-12-25 05:22:52 I Willo Print           "DELETE FROM allfeatures WHERE id=8351112:successful"
2022-12-25 05:22:52 I Willo Print           "DELETE FROM allfeatures WHERE id=8351113:successful"
2022-12-25 05:22:52 I Willo Print           "DELETE FROM allfeatures WHERE id=8351114:successful"
2022-12-25 05:22:52 I Willo Print           "DELETE FROM allfeatures WHERE id=8351115:successful"
2022-12-25 05:22:52 I Willo Print           "DELETE FROM allfeatures WHERE id=8351117:successful"
2022-12-25 05:22:52 I Willo Print           "DELETE FROM allfeatures WHERE id=8351118:successful"
2022-12-25 05:22:52 I Willo Print           "DELETE FROM allfeatures WHERE id=8351119:successful"
2022-12-25 05:22:52 I Willo Print           "DELETE FROM allfeatures WHERE id=8351120:successful"
2022-12-25 05:22:52 I Willo Print           "DELETE FROM allfeatures WHERE id=8351121:successful"
2022-12-25 05:22:52 I Willo Print           "DELETE FROM allfeatures WHERE id=8351123:successful"
2022-12-25 05:22:52 I Willo Print           "DELETE FROM allfeatures WHERE id=8351124:successful"
2022-12-25 05:22:52 I Willo Print           "DELETE FROM allfeatures WHERE id=8351125:successful"
2022-12-25 05:22:52 I Willo Print           "DELETE FROM allfeatures WHERE id=8351126:successful"
2022-12-25 05:22:52 I Willo Print           "DELETE FROM allfeatures WHERE id=8351127:successful"
2022-12-25 05:22:52 I Willo Print           "DELETE FROM allfeatures WHERE id=8258986:successful"
2022-12-25 05:22:52 I Willo Print           "DELETE FROM allfeatures WHERE id=8258987:successful"
2022-12-25 05:22:52 I Willo Print           "DELETE FROM allfeatures WHERE id=8258988:successful"
2022-12-25 05:22:52 I Willo Print           "DELETE FROM allfeatures WHERE id=8351130:successful"
2022-12-25 05:22:52 I Willo Print           "DELETE FROM allfeatures WHERE id=8351132:successful"
2022-12-25 05:22:52 I Willo Print           "DELETE FROM allfeatures WHERE id=8351133:successful"
2022-12-25 05:22:52 I Willo Print           "DELETE FROM allfeatures WHERE id=8351134:successful"
2022-12-25 05:22:52 I Willo Print           "DELETE FROM allfeatures WHERE id=8351137:successful"
2022-12-25 05:22:52 I Willo Print           "DELETE FROM allfeatures WHERE id=8555182:successful"
2022-12-25 05:22:52 I Willo Print           "DELETE FROM allfeatures WHERE id=8256515:successful"
2022-12-25 05:22:52 I Willo Print           "DELETE FROM allfeatures WHERE id=8349993:successful"
2022-12-25 05:22:52 I Willo Print           "DELETE FROM allfeatures WHERE id=8349994:successful"
2022-12-25 05:22:52 I Willo Print           "DELETE FROM allfeatures WHERE id=8256516:successful"
2022-12-25 05:22:52 I Willo Print           "DELETE FROM allfeatures WHERE id=8256517:successful"
2022-12-25 05:22:52 I Willo Print           "DELETE FROM allfeatures WHERE id=8256518:successful"
2022-12-25 05:22:52 I Willo Print           "DELETE FROM allfeatures WHERE id=8256530:successful"
2022-12-25 05:22:52 I Willo Print           "DELETE FROM allfeatures WHERE id=8256521:successful"
2022-12-25 05:22:52 I Willo Print           "DELETE FROM allfeatures WHERE id=8256522:successful"
2022-12-25 05:22:52 I Willo Print           "DELETE FROM allfeatures WHERE id=8256523:successful"
2022-12-25 05:22:52 I Willo Print           "DELETE FROM allfeatures WHERE id=8256525:successful"
2022-12-25 05:22:52 I Willo Print           "DELETE FROM allfeatures WHERE id=8256526:successful"
2022-12-25 05:22:52 I Willo Print           "DELETE FROM allfeatures WHERE id=8256527:successful"
2022-12-25 05:22:52 I Willo Print           "DELETE FROM allfeatures WHERE id=8256528:successful"
2022-12-25 05:22:52 I Willo Print           "DELETE FROM allfeatures WHERE id=8256529:successful"
2022-12-25 05:22:52 I Willo Print           "DELETE FROM allfeatures WHERE id=8256531:successful"
2022-12-25 05:22:52 I Willo Print           "DELETE FROM allfeatures WHERE id=8256532:successful"
2022-12-25 05:22:52 I Willo Print           "DELETE FROM allfeatures WHERE id=8258471:successful"
2022-12-25 05:22:52 I Willo Print           "DELETE FROM allfeatures WHERE id=8258445:successful"
2022-12-25 05:22:52 I Willo Print           "DELETE FROM allfeatures WHERE id=8258467:successful"
2022-12-25 05:22:52 I Willo Print           "DELETE FROM allfeatures WHERE id=8258468:successful"
2022-12-25 05:22:52 I Willo Print           "DELETE FROM allfeatures WHERE id=8258469:successful"
2022-12-25 05:22:52 I Willo Print           "DELETE FROM allfeatures WHERE id=8258865:successful"
2022-12-25 05:22:52 I Willo Print           "DELETE FROM allfeatures WHERE id=8258470:successful"
2022-12-25 05:22:52 I Willo Print           "DELETE FROM allfeatures WHERE id=8258466:successful"
2022-12-25 05:22:52 I Willo Print           "DELETE FROM allfeatures WHERE id=9318666:successful"
2022-12-25 05:22:52 I Willo Print           "DELETE FROM allfeatures WHERE id=8256722:successful"
2022-12-25 05:22:52 I Willo Print           "DELETE FROM allfeatures WHERE id=8256723:successful"
2022-12-25 05:22:52 I Willo Print           "DELETE FROM allfeatures WHERE id=8256724:successful"
2022-12-25 05:22:52 I Willo Print           "DELETE FROM allfeatures WHERE id=8256725:successful"
2022-12-25 05:22:52 I Willo Print           "DELETE FROM allfeatures WHERE id=8256726:successful"
2022-12-25 05:22:52 I Willo Print           "DELETE FROM allfeatures WHERE id=8256727:successful"
2022-12-25 05:22:52 I Willo Print           "DELETE FROM allfeatures WHERE id=8258985:successful"
2022-12-25 05:22:52 I Willo Print           "DELETE FROM allfeatures WHERE id=8256884:successful"
2022-12-25 05:22:52 I Willo Print           "DELETE FROM allfeatures WHERE id=8310667:successful"
2022-12-25 05:22:52 I Willo Print           "DELETE FROM allfeatures WHERE id=8256885:successful"
2022-12-25 05:22:52 I Willo Print           "DELETE FROM allfeatures WHERE id=8256886:successful"
2022-12-25 05:22:52 I Willo Print           "DELETE FROM allfeatures WHERE id=8256887:successful"
2022-12-25 05:22:52 I Willo Print           "DELETE FROM allfeatures WHERE id=9584128:successful"
2022-12-25 05:22:52 I Willo Print           "DELETE FROM allfeatures WHERE id=8256888:successful"
2022-12-25 05:22:52 I Willo Print           "DELETE FROM allfeatures WHERE id=8256889:successful"
2022-12-25 05:22:52 I Willo Print           "DELETE FROM allfeatures WHERE id=8256999:successful"
2022-12-25 05:22:52 I Willo Print           "DELETE FROM allfeatures WHERE id=8257000:successful"
2022-12-25 05:22:52 I Willo Print           "DELETE FROM allfeatures WHERE id=8257001:successful"
2022-12-25 05:22:52 I Willo Print           "DELETE FROM allfeatures WHERE id=8257002:successful"
2022-12-25 05:22:52 I Willo Print           "DELETE FROM allfeatures WHERE id=8257003:successful"
2022-12-25 05:22:52 I Willo Print           "DELETE FROM allfeatures WHERE id=8257004:successful"
2022-12-25 05:22:52 I Willo Print           "DELETE FROM allfeatures WHERE id=9262205:successful"
2022-12-25 05:22:52 I Willo Print           "DELETE FROM allfeatures WHERE id=8258303:successful"
2022-12-25 05:22:52 I Willo Print           "DELETE FROM allfeatures WHERE id=8258306:successful"
2022-12-25 05:22:52 I Willo Print           "DELETE FROM allfeatures WHERE id=8258329:successful"
2022-12-25 05:22:52 I Willo Print           "DELETE FROM allfeatures WHERE id=8258339:successful"
2022-12-25 05:22:52 I Willo Print           "DELETE FROM allfeatures WHERE id=8258358:successful"
2022-12-25 05:22:52 I Willo Print           "DELETE FROM allfeatures WHERE id=8257005:successful"
2022-12-25 05:22:52 I Willo Print           "DELETE FROM allfeatures WHERE id=8259076:successful"
2022-12-25 05:22:52 I Willo Print           "DELETE FROM allfeatures WHERE id=8259077:successful"
2022-12-25 05:22:52 I Willo Print           "DELETE FROM allfeatures WHERE id=8258523:successful"
2022-12-25 05:22:52 I Willo Print           "DELETE FROM allfeatures WHERE id=8258446:successful"
2022-12-25 05:22:52 I Willo Print           "DELETE FROM allfeatures WHERE id=8258876:successful"
2022-12-25 05:22:52 I Willo Print           "DELETE FROM allfeatures WHERE id=8258869:successful"
2022-12-25 05:22:52 I Willo Print           "DELETE FROM allfeatures WHERE id=8258867:successful"
2022-12-25 05:22:52 I Willo Print           "DELETE FROM allfeatures WHERE id=8258866:successful"
2022-12-25 05:22:52 I Willo Print           "DELETE FROM allfeatures WHERE id=8258872:successful"
2022-12-25 05:22:52 I Willo Print           "DELETE FROM allfeatures WHERE id=8253673:successful"
2022-12-25 05:22:52 I Willo Print           "DELETE FROM allfeatures WHERE id=8258448:successful"
2022-12-25 05:22:52 I Willo Print           "DELETE FROM allfeatures WHERE id=8259015:successful"
2022-12-25 05:22:52 I Willo Print           "DELETE FROM allfeatures WHERE id=8259016:successful"
2022-12-25 05:22:52 I Willo Print           "DELETE FROM allfeatures WHERE id=8259017:successful"
2022-12-25 05:22:52 I Willo Print           "DELETE FROM allfeatures WHERE id=8259018:successful"
2022-12-25 05:22:52 I Willo Print           "DELETE FROM allfeatures WHERE id=8258524:successful"
2022-12-25 05:22:52 I Willo Print           "DELETE FROM allfeatures WHERE id=8531489:successful"
2022-12-25 05:22:52 I Willo Print           "DELETE FROM allfeatures WHERE id=8258874:successful"
2022-12-25 05:22:52 I Willo Print           "DELETE FROM allfeatures WHERE id=8259096:successful"
2022-12-25 05:22:52 I Willo Print           "DELETE FROM allfeatures WHERE id=8659144:successful"
2022-12-25 05:22:52 I Willo Print           "DELETE FROM allfeatures WHERE id=8258871:successful"
2022-12-25 05:22:52 I Willo Print           "DELETE FROM allfeatures WHERE id=8258875:successful"
2022-12-25 05:22:52 I Willo Print           "DELETE FROM allfeatures WHERE id=8259122:successful"
2022-12-25 05:22:52 I Willo Print           "DELETE FROM allfeatures WHERE id=8259160:successful"
2022-12-25 05:22:52 I Willo Print           "DELETE FROM allfeatures WHERE id=8258868:successful"
2022-12-25 05:22:52 I Willo Print           "DELETE FROM allfeatures WHERE id=8259178:successful"
2022-12-25 05:22:52 I Willo Print           "DELETE FROM allfeatures WHERE id=8258873:successful"
2022-12-25 05:22:52 I Willo Print           "DELETE FROM allfeatures WHERE id=8259187:successful"
2022-12-25 05:22:52 I Willo Print           "DELETE FROM allfeatures WHERE id=8259213:successful"
2022-12-25 05:22:52 I Willo Print           "DELETE FROM allfeatures WHERE id=8258447:successful"
2022-12-25 05:22:52 I Willo Print           "DELETE FROM allfeatures WHERE id=8259088:successful"
2022-12-25 05:22:52 I Willo Print           "DELETE FROM allfeatures WHERE id=8258422:successful"
2022-12-25 05:22:52 I Willo Print           "DELETE FROM allfeatures WHERE id=8258421:successful"
2022-12-25 05:22:52 I Willo Print           "DELETE FROM allfeatures WHERE id=8518874:successful"
2022-12-25 05:22:52 I Willo Print           "DELETE FROM allfeatures WHERE id=8256524:successful"
2022-12-25 05:22:52 I Willo Print           "DELETE FROM allfeatures WHERE id=8518872:successful"
2022-12-25 05:22:52 I Willo Print           "DELETE FROM allfeatures WHERE id=8258964:successful"
2022-12-25 05:22:52 I Willo Print           "DELETE FROM allfeatures WHERE id=8258444:successful"
2022-12-25 05:22:52 I Willo Print           "DELETE FROM allfeatures WHERE id=8259074:successful"
2022-12-25 05:22:52 I Willo Print           "DELETE FROM allfeatures WHERE id=9305946:successful"
2022-12-25 05:22:52 I Willo Print           "DELETE FROM allfeatures WHERE id=9670424:successful"
2022-12-25 05:22:52 I Willo Print           "INSERT INTO features (rel, status, count, date)                                 SELECT rel, status, count((@rn := @rn + 1)) as count, '2022-12-25' as date FROM allfeatures cross join (select @rn := 0) const GROUP BY rel, status:successful"
2022-12-25 05:22:54 I Willo Get_allchangere "[{'id': 10258692, 'name': 'Tencent and Intel certification not in for FCS', 'documentKey': 'Wil-CR-21', 'statusId': 156410, 'status': 'Approved', 'priorityId': 156643, 'priority': 'Not defined', 'req': 'TPL'}, {'id': 10286949, 'name': 'Sound modes audio feedback ', 'documentKey': 'Wil-CR-22', 'statusId': 156409, 'status': 'Draft', 'priorityId': 156643, 'priority': 'Not defined', 'req': 'UX'}]"
2022-12-25 05:22:54 I Willo Print           "CREATE TABLE IF NOT EXISTS changes (                                 rel TEXT, status TEXT, priority TEXT,                                 requester TEXT, date TEXT, count INT) ENGINE=InnoDB DEFAULT CHARSET=utf8:successful"
2022-12-25 05:22:54 I Willo Print           "CREATE TABLE IF NOT EXISTS allchanges (                                 id INT, uniqueid TEXT, name TEXT,                                 status TEXT, rel TEXT, priority TEXT,                                 requester TEXT) ENGINE=InnoDB DEFAULT CHARSET=utf8:successful"
2022-12-25 05:22:54 I Willo Print           "DELETE FROM changes WHERE date='2022-12-25':successful"
2022-12-25 05:22:54 I Willo Print           "DELETE FROM allchanges WHERE id=10258692:successful"
2022-12-25 05:22:54 I Willo Print           "DELETE FROM allchanges WHERE id=10286949:successful"
2022-12-25 05:22:54 I Willo Print           "INSERT INTO changes (                                 rel, status, priority, requester, date, count)                                 SELECT rel, status, priority, requester, '2022-12-25' as date, count((@rn := @rn + 1)) as count FROM allchanges                                 cross join (select @rn := 0) const GROUP BY rel, status, priority, requester:successful"
2022-12-25 05:23:49 I Willo Print           "CREATE TABLE IF NOT EXISTS designspec (                            rel TEXT, team TEXT, status TEXT, count INT, date text) ENGINE=InnoDB DEFAULT CHARSET=utf8:successful"
2022-12-25 05:23:49 I Willo Print           "CREATE TABLE IF NOT EXISTS alldesignspec (                             id INT, uniqueid TEXT, name TEXT, status TEXT, rel TEXT, team TEXT) ENGINE=InnoDB DEFAULT CHARSET=utf8:successful"
2022-12-25 05:23:49 I Willo Print           "DELETE FROM designspec WHERE date='2022-12-25':successful"
2022-12-25 05:23:49 I Willo Print           "DELETE FROM alldesignspec WHERE id=8257032:successful"
2022-12-25 05:23:49 I Willo Print           "DELETE FROM alldesignspec WHERE id=8258322:successful"
2022-12-25 05:23:49 I Willo Print           "DELETE FROM alldesignspec WHERE id=8258323:successful"
2022-12-25 05:23:49 I Willo Print           "DELETE FROM alldesignspec WHERE id=8258324:successful"
2022-12-25 05:23:49 I Willo Print           "DELETE FROM alldesignspec WHERE id=8258325:successful"
2022-12-25 05:23:49 I Willo Print           "DELETE FROM alldesignspec WHERE id=8258438:successful"
2022-12-25 05:23:49 I Willo Print           "DELETE FROM alldesignspec WHERE id=8258439:successful"
2022-12-25 05:23:49 I Willo Print           "DELETE FROM alldesignspec WHERE id=8258538:successful"
2022-12-25 05:23:49 I Willo Print           "DELETE FROM alldesignspec WHERE id=8258921:successful"
2022-12-25 05:23:49 I Willo Print           "DELETE FROM alldesignspec WHERE id=8259195:successful"
2022-12-25 05:23:49 I Willo Print           "DELETE FROM alldesignspec WHERE id=8257033:successful"
2022-12-25 05:23:49 I Willo Print           "DELETE FROM alldesignspec WHERE id=8258508:successful"
2022-12-25 05:23:49 I Willo Print           "DELETE FROM alldesignspec WHERE id=8258510:successful"
2022-12-25 05:23:49 I Willo Print           "DELETE FROM alldesignspec WHERE id=8258511:successful"
2022-12-25 05:23:49 I Willo Print           "DELETE FROM alldesignspec WHERE id=8258512:successful"
2022-12-25 05:23:49 I Willo Print           "DELETE FROM alldesignspec WHERE id=8258513:successful"
2022-12-25 05:23:49 I Willo Print           "DELETE FROM alldesignspec WHERE id=8258514:successful"
2022-12-25 05:23:49 I Willo Print           "DELETE FROM alldesignspec WHERE id=8258515:successful"
2022-12-25 05:23:49 I Willo Print           "DELETE FROM alldesignspec WHERE id=8258516:successful"
2022-12-25 05:23:49 I Willo Print           "DELETE FROM alldesignspec WHERE id=8258517:successful"
2022-12-25 05:23:49 I Willo Print           "DELETE FROM alldesignspec WHERE id=8581225:successful"
2022-12-25 05:23:49 I Willo Print           "DELETE FROM alldesignspec WHERE id=8581227:successful"
2022-12-25 05:23:49 I Willo Print           "DELETE FROM alldesignspec WHERE id=8581230:successful"
2022-12-25 05:23:49 I Willo Print           "DELETE FROM alldesignspec WHERE id=8581231:successful"
2022-12-25 05:23:49 I Willo Print           "DELETE FROM alldesignspec WHERE id=8587074:successful"
2022-12-25 05:23:49 I Willo Print           "DELETE FROM alldesignspec WHERE id=8705484:successful"
2022-12-25 05:23:49 I Willo Print           "DELETE FROM alldesignspec WHERE id=8705532:successful"
2022-12-25 05:23:49 I Willo Print           "DELETE FROM alldesignspec WHERE id=8584792:successful"
2022-12-25 05:23:49 I Willo Print           "DELETE FROM alldesignspec WHERE id=8732929:successful"
2022-12-25 05:23:49 I Willo Print           "DELETE FROM alldesignspec WHERE id=8256738:successful"
2022-12-25 05:23:49 I Willo Print           "DELETE FROM alldesignspec WHERE id=8256739:successful"
2022-12-25 05:23:49 I Willo Print           "DELETE FROM alldesignspec WHERE id=8256740:successful"
2022-12-25 05:23:49 I Willo Print           "DELETE FROM alldesignspec WHERE id=8256741:successful"
2022-12-25 05:23:49 I Willo Print           "DELETE FROM alldesignspec WHERE id=8256742:successful"
2022-12-25 05:23:49 I Willo Print           "DELETE FROM alldesignspec WHERE id=8256902:successful"
2022-12-25 05:23:49 I Willo Print           "DELETE FROM alldesignspec WHERE id=8258518:successful"
2022-12-25 05:23:49 I Willo Print           "DELETE FROM alldesignspec WHERE id=8351200:successful"
2022-12-25 05:23:49 I Willo Print           "DELETE FROM alldesignspec WHERE id=8789973:successful"
2022-12-25 05:23:49 I Willo Print           "DELETE FROM alldesignspec WHERE id=8258327:successful"
2022-12-25 05:23:49 I Willo Print           "DELETE FROM alldesignspec WHERE id=9885732:successful"
2022-12-25 05:23:49 I Willo Print           "DELETE FROM alldesignspec WHERE id=9885828:successful"
2022-12-25 05:23:49 I Willo Print           "DELETE FROM alldesignspec WHERE id=9888540:successful"
2022-12-25 05:23:49 I Willo Print           "DELETE FROM alldesignspec WHERE id=9888545:successful"
2022-12-25 05:23:49 I Willo Print           "DELETE FROM alldesignspec WHERE id=9985075:successful"
2022-12-25 05:23:49 I Willo Print           "DELETE FROM alldesignspec WHERE id=9885735:successful"
2022-12-25 05:23:49 I Willo Print           "DELETE FROM alldesignspec WHERE id=9888555:successful"
2022-12-25 05:23:49 I Willo Print           "DELETE FROM alldesignspec WHERE id=9885736:successful"
2022-12-25 05:23:49 I Willo Print           "DELETE FROM alldesignspec WHERE id=9885737:successful"
2022-12-25 05:23:49 I Willo Print           "DELETE FROM alldesignspec WHERE id=10256457:successful"
2022-12-25 05:23:49 I Willo Print           "DELETE FROM alldesignspec WHERE id=10256461:successful"
2022-12-25 05:23:49 I Willo Print           "DELETE FROM alldesignspec WHERE id=10262178:successful"
2022-12-25 05:23:49 I Willo Print           "DELETE FROM alldesignspec WHERE id=9888418:successful"
2022-12-25 05:23:49 I Willo Print           "DELETE FROM alldesignspec WHERE id=10256468:successful"
2022-12-25 05:23:49 I Willo Print           "DELETE FROM alldesignspec WHERE id=10256472:successful"
2022-12-25 05:23:49 I Willo Print           "DELETE FROM alldesignspec WHERE id=8351228:successful"
2022-12-25 05:23:49 I Willo Print           "DELETE FROM alldesignspec WHERE id=8351229:successful"
2022-12-25 05:23:49 I Willo Print           "DELETE FROM alldesignspec WHERE id=8351231:successful"
2022-12-25 05:23:49 I Willo Print           "DELETE FROM alldesignspec WHERE id=8351202:successful"
2022-12-25 05:23:49 I Willo Print           "DELETE FROM alldesignspec WHERE id=8710557:successful"
2022-12-25 05:23:49 I Willo Print           "DELETE FROM alldesignspec WHERE id=8351204:successful"
2022-12-25 05:23:49 I Willo Print           "DELETE FROM alldesignspec WHERE id=8351207:successful"
2022-12-25 05:23:49 I Willo Print           "DELETE FROM alldesignspec WHERE id=8814947:successful"
2022-12-25 05:23:49 I Willo Print           "DELETE FROM alldesignspec WHERE id=8814949:successful"
2022-12-25 05:23:49 I Willo Print           "DELETE FROM alldesignspec WHERE id=8814952:successful"
2022-12-25 05:23:49 I Willo Print           "DELETE FROM alldesignspec WHERE id=8351225:successful"
2022-12-25 05:23:49 I Willo Print           "DELETE FROM alldesignspec WHERE id=8259001:successful"
2022-12-25 05:23:49 I Willo Print           "DELETE FROM alldesignspec WHERE id=8351233:successful"
2022-12-25 05:23:49 I Willo Print           "DELETE FROM alldesignspec WHERE id=8351234:successful"
2022-12-25 05:23:49 I Willo Print           "DELETE FROM alldesignspec WHERE id=8735092:successful"
2022-12-25 05:23:49 I Willo Print           "DELETE FROM alldesignspec WHERE id=8742468:successful"
2022-12-25 05:23:49 I Willo Print           "DELETE FROM alldesignspec WHERE id=8742469:successful"
2022-12-25 05:23:49 I Willo Print           "DELETE FROM alldesignspec WHERE id=8869099:successful"
2022-12-25 05:23:49 I Willo Print           "DELETE FROM alldesignspec WHERE id=8742472:successful"
2022-12-25 05:23:49 I Willo Print           "DELETE FROM alldesignspec WHERE id=8742473:successful"
2022-12-25 05:23:49 I Willo Print           "DELETE FROM alldesignspec WHERE id=8742474:successful"
2022-12-25 05:23:49 I Willo Print           "DELETE FROM alldesignspec WHERE id=8742475:successful"
2022-12-25 05:23:49 I Willo Print           "DELETE FROM alldesignspec WHERE id=8742476:successful"
2022-12-25 05:23:49 I Willo Print           "DELETE FROM alldesignspec WHERE id=8742484:successful"
2022-12-25 05:23:49 I Willo Print           "DELETE FROM alldesignspec WHERE id=8742485:successful"
2022-12-25 05:23:49 I Willo Print           "DELETE FROM alldesignspec WHERE id=8742486:successful"
2022-12-25 05:23:49 I Willo Print           "DELETE FROM alldesignspec WHERE id=8742487:successful"
2022-12-25 05:23:49 I Willo Print           "DELETE FROM alldesignspec WHERE id=8742488:successful"
2022-12-25 05:23:49 I Willo Print           "DELETE FROM alldesignspec WHERE id=8742489:successful"
2022-12-25 05:23:49 I Willo Print           "DELETE FROM alldesignspec WHERE id=8742498:successful"
2022-12-25 05:23:49 I Willo Print           "DELETE FROM alldesignspec WHERE id=8742205:successful"
2022-12-25 05:23:49 I Willo Print           "DELETE FROM alldesignspec WHERE id=8742206:successful"
2022-12-25 05:23:49 I Willo Print           "DELETE FROM alldesignspec WHERE id=8742207:successful"
2022-12-25 05:23:49 I Willo Print           "DELETE FROM alldesignspec WHERE id=8869202:successful"
2022-12-25 05:23:49 I Willo Print           "INSERT INTO designspec (rel, team, status, count, date) SELECT rel, team, status, count((@rn := @rn + 1)) as count, '2022-12-25' as date FROM alldesignspec cross join (select @rn := 0) const GROUP BY rel, team, status:successful"
2022-12-25 05:23:54 I Willo Get_alluserstor "[]"
2022-12-25 05:23:54 I Willo Print           "CREATE TABLE IF NOT EXISTS userstories (                 rel TEXT, status TEXT, count INT, date TEXT) ENGINE=InnoDB DEFAULT CHARSET=utf8:successful"
2022-12-25 05:23:54 I Willo Print           "CREATE TABLE IF NOT EXISTS alluserstories (                 id INT, uniqueid TEXT, name TEXT, status TEXT, rel TEXT) ENGINE=InnoDB DEFAULT CHARSET=utf8:successful"
2022-12-25 05:23:54 I Willo Print           "DELETE FROM userstories WHERE date='2022-12-25':successful"
2022-12-25 05:23:54 I Willo Print           "INSERT INTO userstories (rel, status, count, date) SELECT rel, status, count((@rn := @rn + 1)) as count, '2022-12-25' as date FROM alluserstories cross join (select @rn := 0) const GROUP BY rel, status:successful"
2022-12-25 05:25:04 I Willo Get_alldefects  "[{'id': 9528189, 'name': "[Pre-cert, Teams]Receives notification during active call, LED shouldn't pulse until call ends", 'documentKey': 'Wil-BUG-210', 'statusId': 156538, 'status': 'Closed', 'teamId': 157251, 'team': 'ESW BT', 'priorityId': 156531, 'priority': 'Blocker', 'upstream': '9494017, 9494035, 10298669, 10298709, 10299036', 'jira': 'https://jabra1.atlassian.net/browse/WILL-494'}, {'id': 9628910, 'name': "[FT] [Skype]Busylight v2 operating procedures doesn't follow UI spec", 'documentKey': 'Wil-BUG-283', 'statusId': 156536, 'status': 'Open', 'teamId': 157344, 'team': 'DE Integration', 'priorityId': 156534, 'priority': 'Minor', 'upstream': '9603753', 'jira': 'https://jabra1.atlassian.net/browse/WILL-575'}, {'id': 9661614, 'name': 'CLONE - [SP IOP, Zoom on Mac] Need to tap mute button 4 times to unmute after transferring muted call from DUT to PC and then to DUT.', 'documentKey': 'Wil-BUG-305', 'statusId': 156536, 'status': 'Open', 'teamId': 157251, 'team': 'ESW BT', 'priorityId': 156535, 'priority': 'Trivial', 'upstream': '10025518, 10025684, 10073711, 10152409', 'jira': 'https://jabra1.atlassian.net/browse/WILL-602'}, {'id': 9694925, 'name': '[Partner certification][Amazon Chime]Basic call control doesnt work well in some scenario.', 'documentKey': 'Wil-BUG-332', 'statusId': 156536, 'status': 'Open', 'teamId': 157251, 'team': 'ESW BT', 'priorityId': 156535, 'priority': 'Trivial', 'upstream': '9638797, 9166895', 'jira': 'https://jabra1.atlassian.net/browse/STRAT-306'}, {'id': 9707813, 'name': '[Partner certification][Cisco Webex] Fail to resume held call from HS when unplug and plug back DUT via Link380.', 'documentKey': 'Wil-BUG-342', 'statusId': 156537, 'status': 'Resolved', 'teamId': 157251, 'team': 'ESW BT', 'priorityId': 156532, 'priority': 'Critical', 'upstream': '9638815, 9733314', 'jira': 'https://jabra1.atlassian.net/browse/STRAT-309'}, {'id': 9850999, 'name': '[JDO]Miss some information on the page of product information', 'documentKey': 'Wil-BUG-444', 'statusId': 156538, 'status': 'Closed', 'teamId': 157345, 'team': 'DE SDK', 'priorityId': 156533, 'priority': 'Major', 'upstream': '', 'jira': 'https://jabra1.atlassian.net/browse/WILL-839'}, {'id': 9868954, 'name': '[Secure SKU]Bad experience on Secure SKU pairing', 'documentKey': 'Wil-BUG-477', 'statusId': 156536, 'status': 'Open', 'teamId': 156578, 'team': 'UX', 'priorityId': 156534, 'priority': 'Minor', 'upstream': '9858284, 9858226', 'jira': 'https://jabra1.atlassian.net/browse/WILL-870'}, {'id': 9885631, 'name': 'Jabra Direct jabra direct does not show that it is connected to the headset', 'documentKey': 'Wil-BUG-506', 'statusId': 156538, 'status': 'Closed', 'teamId': 156571, 'team': 'DE Online', 'priorityId': 156533, 'priority': 'Major', 'upstream': '', 'jira': 'https://jabra1.atlassian.net/browse/WILL-913'}, {'id': 9914748, 'name': "[UX]AG connected VP doesn't match UI", 'documentKey': 'Wil-BUG-524', 'statusId': 156539, 'status': 'In Progress', 'teamId': 156578, 'team': 'UX', 'priorityId': 156534, 'priority': 'Minor', 'upstream': '', 'jira': 'https://jabra1.atlassian.net/browse/WILL-937'}, {'id': 10056433, 'name': '[IOP, Zoom Meeting] Failed to answer 2nd incoming call and end 1st active call from HS.', 'documentKey': 'Wil-BUG-558', 'statusId': 156537, 'status': 'Resolved', 'teamId': 157251, 'team': 'ESW BT', 'priorityId': 156534, 'priority': 'Minor', 'upstream': '10025519, 10025712, 10073609', 'jira': 'https://jabra1.atlassian.net/browse/STRAT-330'}, {'id': 10077034, 'name': 'FWU fails while docked in the stand', 'documentKey': 'Wil-BUG-577', 'statusId': 156538, 'status': 'Closed', 'teamId': 157344, 'team': 'DE Integration', 'priorityId': 156533, 'priority': 'Major', 'upstream': '', 'jira': 'https://jabra1.atlassian.net/browse/WILL-1002'}, {'id': 10107220, 'name': '[FWU,JDO]HS FWU failed via Link380 on JDO in certain scenario. JDO return code:18', 'documentKey': 'Wil-BUG-585', 'statusId': 156538, 'status': 'Closed', 'teamId': 156571, 'team': 'DE Online', 'priorityId': 156534, 'priority': 'Minor', 'upstream': '10091590, 10091610', 'jira': 'https://jabra1.atlassian.net/browse/WILL-1019'}, {'id': 10110930, 'name': '[FWU,JDO on Mac]JDO pops up a wrong tips and return code:28 after FWU completed.', 'documentKey': 'Wil-BUG-587', 'statusId': 156538, 'status': 'Closed', 'teamId': 157344, 'team': 'DE Integration', 'priorityId': 156534, 'priority': 'Minor', 'upstream': '10091487, 10152357, 10152339, 10091577', 'jira': 'https://jabra1.atlassian.net/browse/WILL-1022'}, {'id': 10164631, 'name': '[JDO, reset] Failed to reset HS settings to default value on JDO when HS connected to PC via USB.', 'documentKey': 'Wil-BUG-597', 'statusId': 156538, 'status': 'Closed', 'teamId': 156571, 'team': 'DE Online', 'priorityId': 156533, 'priority': 'Major', 'upstream': '', 'jira': 'https://jabra1.atlassian.net/browse/WILL-1033'}, {'id': 10171833, 'name': '[FT, HS docking] HS call control does not match UI in some scenarios.', 'documentKey': 'Wil-BUG-606', 'statusId': 156536, 'status': 'Open', 'teamId': 157251, 'team': 'ESW BT', 'priorityId': 156534, 'priority': 'Minor', 'upstream': '10152446, 10265493, 10265484', 'jira': 'https://jabra1.atlassian.net/browse/WILL-1043'}, {'id': 10178949, 'name': '[Test Fest, JDO] Willow shows as two devices on JDO after FWU', 'documentKey': 'Wil-BUG-608', 'statusId': 156852, 'status': 'Ready for Review', 'teamId': 156571, 'team': 'DE Online', 'priorityId': 156534, 'priority': 'Minor', 'upstream': '', 'jira': 'https://jabra1.atlassian.net/browse/WILL-1045'}, {'id': 10179713, 'name': '[Test Fest, JDO] JDO pops up error code 18 after DUT was updated successfully', 'documentKey': 'Wil-BUG-609', 'statusId': 156538, 'status': 'Closed', 'teamId': 156571, 'team': 'DE Online', 'priorityId': 156533, 'priority': 'Major', 'upstream': '', 'jira': 'https://jabra1.atlassian.net/browse/WILL-1049'}, {'id': 10183286, 'name': '[FWU]Failed to Update Willow from 1.0.22 to 1.0.21', 'documentKey': 'Wil-BUG-611', 'statusId': 156536, 'status': 'Open', 'teamId': 156570, 'team': 'DE Mobile Apps', 'priorityId': 156533, 'priority': 'Major', 'upstream': '', 'jira': 'https://jabra1.atlassian.net/browse/WILL-1052'}, {'id': 10185699, 'name': "[Audio feedback]shouldn't play 'pairing cancelled' tone prompt with VP off", 'documentKey': 'Wil-BUG-613', 'statusId': 156538, 'status': 'Closed', 'teamId': 157251, 'team': 'ESW BT', 'priorityId': 156534, 'priority': 'Minor', 'upstream': '', 'jira': 'https://jabra1.atlassian.net/browse/WILL-1057'}, {'id': 10189256, 'name': "CLONE - [Audio feedback]shouldn't play 'pairing cancelled' tone prompt with VP off", 'documentKey': 'Wil-BUG-614', 'statusId': 156538, 'status': 'Closed', 'teamId': 157251, 'team': 'ESW BT', 'priorityId': 156534, 'priority': 'Minor', 'upstream': '10158822', 'jira': 'https://jabra1.atlassian.net/browse/FELL-179'}, {'id': 10248290, 'name': 'CLONE - [Volume Level]Call volume level down to zero if set at min level during last call.', 'documentKey': 'Wil-BUG-626', 'statusId': 156541, 'status': 'In Testing', 'teamId': 157251, 'team': 'ESW BT', 'priorityId': 156534, 'priority': 'Minor', 'upstream': '10188713', 'jira': 'https://jabra1.atlassian.net/browse/CYP-548'}, {'id': 10255957, 'name': 'Change Amazon ID from dev ID to production ID after pass the certification ', 'documentKey': 'Wil-BUG-627', 'statusId': 156538, 'status': 'Closed', 'teamId': 157251, 'team': 'ESW BT', 'priorityId': 156533, 'priority': 'Major', 'upstream': '', 'jira': 'https://jabra1.atlassian.net/browse/WILL-1077'}, {'id': 10277300, 'name': '[audio]both RX and TX are missing after transfer calls between MP and PC', 'documentKey': 'Wil-BUG-628', 'statusId': 156541, 'status': 'In Testing', 'teamId': 157251, 'team': 'ESW BT', 'priorityId': 156533, 'priority': 'Major', 'upstream': '10261254', 'jira': 'https://jabra1.atlassian.net/browse/WILL-1081'}, {'id': 10277562, 'name': '[JDO, reset] Failed to reset "Firmware upgrade lock" setting to default value', 'documentKey': 'Wil-BUG-629', 'statusId': 156538, 'status': 'Closed', 'teamId': 157251, 'team': 'ESW BT', 'priorityId': 156532, 'priority': 'Critical', 'upstream': '10265478', 'jira': 'https://jabra1.atlassian.net/browse/WILL-1082'}, {'id': 10277569, 'name': 'CLONE - [FT]Can\'t launch Alexa if say "Open Alexa"', 'documentKey': 'Wil-BUG-630', 'statusId': 156538, 'status': 'Closed', 'teamId': 157251, 'team': 'ESW BT', 'priorityId': 156533, 'priority': 'Major', 'upstream': '10261254', 'jira': 'https://jabra1.atlassian.net/browse/WILL-1078'}, {'id': 10277582, 'name': '[FWU, Mac] FWU failed via USB on Mac with JDO.', 'documentKey': 'Wil-BUG-632', 'statusId': 156538, 'status': 'Closed', 'teamId': 156571, 'team': 'DE Online', 'priorityId': 156531, 'priority': 'Blocker', 'upstream': '10265425, 10265417', 'jira': 'https://jabra1.atlassian.net/browse/WILL-1084'}, {'id': 10280640, 'name': "CLONE - [FT,busylight]busylight LED unable to off after disable from JDO doesn't match UI", 'documentKey': 'Wil-BUG-634', 'statusId': 156538, 'status': 'Closed', 'teamId': 157251, 'team': 'ESW BT', 'priorityId': 156533, 'priority': 'Major', 'upstream': '', 'jira': 'https://jabra1.atlassian.net/browse/CYP-593'}, {'id': 10305673, 'name': "HFP/HF/OOR/BV-02-I can't pass", 'documentKey': 'Wil-BUG-637', 'statusId': 156538, 'status': 'Closed', 'teamId': 157251, 'team': 'ESW BT', 'priorityId': 156535, 'priority': 'Trivial', 'upstream': '', 'jira': 'https://jabra1.atlassian.net/browse/WILL-1098'}, {'id': 10310312, 'name': 'CLONE - [SP IOP, Zoom on Mac] Need to tap mute button 6 times to unmute after transferring muted call from DUT to PC and then to DUT.', 'documentKey': 'Wil-BUG-638', 'statusId': 156536, 'status': 'Open', 'teamId': 157251, 'team': 'ESW BT', 'priorityId': 156535, 'priority': 'Trivial', 'upstream': '10301652, 10332352', 'jira': 'https://jabra1.atlassian.net/browse/CYP-665'}, {'id': 10314475, 'name': 'CLONE - [SP IOP, Teams on Win] SP shows call unmuted when transferring muted call from PC to DUT with BA up.', 'documentKey': 'Wil-BUG-639', 'statusId': 156539, 'status': 'In Progress', 'teamId': 157251, 'team': 'ESW BT', 'priorityId': 156534, 'priority': 'Minor', 'upstream': '', 'jira': 'https://jabra1.atlassian.net/browse/CYP-679'}, {'id': 10329229, 'name': 'Poor background noise cancellation on Evolve2 55 ', 'documentKey': 'Wil-BUG-640', 'statusId': 156536, 'status': 'Open', 'teamId': 156853, 'team': 'Audio Engineering', 'priorityId': 156532, 'priority': 'Critical', 'upstream': '', 'jira': 'https://jabra1.atlassian.net/browse/WILL-1104'}, {'id': 10330911, 'name': 'Evolve2 50/Evolve2 55 - serial # /date code - unreadable ', 'documentKey': 'Wil-BUG-641', 'statusId': 156536, 'status': 'Open', 'teamId': 156648, 'team': 'Industrial Design', 'priorityId': 156533, 'priority': 'Major', 'upstream': '', 'jira': 'https://jabra1.atlassian.net/browse/WILL-1105'}, {'id': 10340538, 'name': 'CLONE - [Call handling UC]"Incoming call while on an active and held call" doesn\'t match UI', 'documentKey': 'Wil-BUG-642', 'statusId': 156536, 'status': 'Open', 'teamId': 157251, 'team': 'ESW BT', 'priorityId': 156534, 'priority': 'Minor', 'upstream': '', 'jira': 'https://jabra1.atlassian.net/browse/CYP-715'}, {'id': 10340582, 'name': 'CLONE - [Secure SKU]Bad experience on Secure SKU pairing', 'documentKey': 'Wil-BUG-643', 'statusId': 156536, 'status': 'Open', 'teamId': 156578, 'team': 'UX', 'priorityId': 156534, 'priority': 'Minor', 'upstream': '', 'jira': 'https://jabra1.atlassian.net/browse/CYP-716'}, {'id': 10340620, 'name': 'CLONE - [Pre-cert,Teams] Teams LED fails to light up after connected PC(a specific one) reactivating from sleep mode.', 'documentKey': 'Wil-BUG-644', 'statusId': 156536, 'status': 'Open', 'teamId': 157251, 'team': 'ESW BT', 'priorityId': 156534, 'priority': 'Minor', 'upstream': '', 'jira': 'https://jabra1.atlassian.net/browse/CYP-718'}, {'id': 10340993, 'name': "CLONE - [Audio feedback]shouldn't play 'pairing cancelled' tone prompt with VP off", 'documentKey': 'Wil-BUG-645', 'statusId': 156538, 'status': 'Closed', 'teamId': 157251, 'team': 'ESW BT', 'priorityId': 156534, 'priority': 'Minor', 'upstream': '', 'jira': 'https://jabra1.atlassian.net/browse/CYP-720'}, {'id': 10341815, 'name': '[Fili][FT]Unreasonable design for Power Off after device is idle for 8 hours', 'documentKey': 'Wil-BUG-646', 'statusId': 156538, 'status': 'Closed', 'teamId': 156578, 'team': 'UX', 'priorityId': 156534, 'priority': 'Minor', 'upstream': '10302025', 'jira': 'https://jabra1.atlassian.net/browse/KILI-1006'}]"
2022-12-25 05:25:04 I Willo Print           "CREATE TABLE IF NOT EXISTS defects (                     rel TEXT, team TEXT, status TEXT, priority TEXT, count INT, date TEXT) ENGINE=InnoDB DEFAULT CHARSET=utf8:successful"
2022-12-25 05:25:04 I Willo Print           "CREATE TABLE IF NOT EXISTS alldefects (                     id INT, uniqueid TEXT, name TEXT, status TEXT, rel TEXT, team TEXT, priority TEXT, jira TEXT, upstream TEXT) ENGINE=InnoDB DEFAULT CHARSET=utf8:successful"
2022-12-25 05:25:04 I Willo Print           "DELETE FROM defects WHERE date='2022-12-25':successful"
2022-12-25 05:25:04 I Willo Print           "DELETE FROM alldefects WHERE id = 20072083:successful"
2022-12-25 05:25:04 I Willo Print           "DELETE FROM alldefects WHERE id = 19330873:successful"
2022-12-25 05:25:04 I Willo Print           "DELETE FROM alldefects WHERE id = 9528189:successful"
2022-12-25 05:25:04 I Willo Print           "DELETE FROM alldefects WHERE id = 9628910:successful"
2022-12-25 05:25:04 I Willo Print           "DELETE FROM alldefects WHERE id = 9661614:successful"
2022-12-25 05:25:04 I Willo Print           "DELETE FROM alldefects WHERE id = 9694925:successful"
2022-12-25 05:25:04 I Willo Print           "DELETE FROM alldefects WHERE id = 9707813:successful"
2022-12-25 05:25:04 I Willo Print           "DELETE FROM alldefects WHERE id = 9850999:successful"
2022-12-25 05:25:04 I Willo Print           "DELETE FROM alldefects WHERE id = 9868954:successful"
2022-12-25 05:25:04 I Willo Print           "DELETE FROM alldefects WHERE id = 9885631:successful"
2022-12-25 05:25:04 I Willo Print           "DELETE FROM alldefects WHERE id = 9914748:successful"
2022-12-25 05:25:04 I Willo Print           "DELETE FROM alldefects WHERE id = 10056433:successful"
2022-12-25 05:25:04 I Willo Print           "DELETE FROM alldefects WHERE id = 10077034:successful"
2022-12-25 05:25:04 I Willo Print           "DELETE FROM alldefects WHERE id = 10107220:successful"
2022-12-25 05:25:04 I Willo Print           "DELETE FROM alldefects WHERE id = 10110930:successful"
2022-12-25 05:25:04 I Willo Print           "DELETE FROM alldefects WHERE id = 10164631:successful"
2022-12-25 05:25:04 I Willo Print           "DELETE FROM alldefects WHERE id = 10171833:successful"
2022-12-25 05:25:04 I Willo Print           "DELETE FROM alldefects WHERE id = 10178949:successful"
2022-12-25 05:25:04 I Willo Print           "DELETE FROM alldefects WHERE id = 10179713:successful"
2022-12-25 05:25:04 I Willo Print           "DELETE FROM alldefects WHERE id = 10183286:successful"
2022-12-25 05:25:04 I Willo Print           "DELETE FROM alldefects WHERE id = 10185699:successful"
2022-12-25 05:25:04 I Willo Print           "DELETE FROM alldefects WHERE id = 10189256:successful"
2022-12-25 05:25:04 I Willo Print           "DELETE FROM alldefects WHERE id = 10248290:successful"
2022-12-25 05:25:04 I Willo Print           "DELETE FROM alldefects WHERE id = 10255957:successful"
2022-12-25 05:25:04 I Willo Print           "DELETE FROM alldefects WHERE id = 10277300:successful"
2022-12-25 05:25:04 I Willo Print           "DELETE FROM alldefects WHERE id = 10277562:successful"
2022-12-25 05:25:04 I Willo Print           "DELETE FROM alldefects WHERE id = 10277569:successful"
2022-12-25 05:25:04 I Willo Print           "DELETE FROM alldefects WHERE id = 10277582:successful"
2022-12-25 05:25:04 I Willo Print           "DELETE FROM alldefects WHERE id = 10280640:successful"
2022-12-25 05:25:04 I Willo Print           "DELETE FROM alldefects WHERE id = 10305673:successful"
2022-12-25 05:25:04 I Willo Print           "DELETE FROM alldefects WHERE id = 10310312:successful"
2022-12-25 05:25:04 I Willo Print           "DELETE FROM alldefects WHERE id = 10314475:successful"
2022-12-25 05:25:04 I Willo Print           "DELETE FROM alldefects WHERE id = 10329229:successful"
2022-12-25 05:25:04 I Willo Print           "DELETE FROM alldefects WHERE id = 10330911:successful"
2022-12-25 05:25:04 I Willo Print           "DELETE FROM alldefects WHERE id = 10340538:successful"
2022-12-25 05:25:04 I Willo Print           "DELETE FROM alldefects WHERE id = 10340582:successful"
2022-12-25 05:25:04 I Willo Print           "DELETE FROM alldefects WHERE id = 10340620:successful"
2022-12-25 05:25:04 I Willo Print           "DELETE FROM alldefects WHERE id = 10340993:successful"
2022-12-25 05:25:04 I Willo Print           "DELETE FROM alldefects WHERE id = 10341815:successful"
2022-12-25 05:25:04 I Willo Print           "Not enough parameters for the SQL statement"
2022-12-25 05:25:04 I Willo Print           "INSERT INTO defects (rel, team, status, count, date, priority) SELECT rel, team, status, count((@rn := @rn + 1)) as count, '2022-12-25' as date, priority FROM alldefects cross join (select @rn := 0) const GROUP BY rel, team, status, priority:successful"
2022-12-25 05:31:45 I Willo get_multipickli "ESW Platform Test don't find the mainteam name from G_parameter"
2022-12-25 05:31:49 I Willo get_multipickli "Unassigned don't find the mainteam name from G_parameter"
2022-12-25 05:32:44 I Willo get_multipickli "Unassigned don't find the mainteam name from G_parameter"
2022-12-25 05:32:49 I Willo get_multipickli "Unassigned don't find the mainteam name from G_parameter"
2022-12-25 05:33:17 I Willo get_multipickli "Unassigned don't find the mainteam name from G_parameter"
2022-12-25 05:34:27 I Willo get_multipickli "Unassigned don't find the mainteam name from G_parameter"
2022-12-25 05:34:51 I Willo get_multipickli "Unassigned don't find the mainteam name from G_parameter"
2022-12-25 05:35:27 I Willo get_multipickli "Unassigned don't find the mainteam name from G_parameter"
2022-12-25 05:35:31 I Willo get_multipickli "Unassigned don't find the mainteam name from G_parameter"
2022-12-25 05:36:20 I Willo get_multipickli "Unassigned don't find the mainteam name from G_parameter"
2022-12-25 05:37:54 I Willo get_multipickli "Unassigned don't find the mainteam name from G_parameter"
2022-12-25 05:37:57 I Willo get_multipickli "Unassigned don't find the mainteam name from G_parameter"
2022-12-25 05:38:02 I Willo get_multipickli "Unassigned don't find the mainteam name from G_parameter"
2022-12-25 05:38:56 I Willo get_multipickli "Unassigned don't find the mainteam name from G_parameter"
2022-12-25 05:42:06 I Willo get_multipickli "Unassigned don't find the mainteam name from G_parameter"
2022-12-25 05:45:02 I Willo get_multipickli "Unassigned don't find the mainteam name from G_parameter"
2022-12-25 05:45:18 I Willo get_multipickli "ESW Platform Test don't find the mainteam name from G_parameter"
2022-12-25 05:45:22 I Willo get_multipickli "Digital Experience  Android don't find the mainteam name from G_parameter"
2022-12-25 05:45:24 I Willo get_multipickli "Digital Experience  IOS don't find the mainteam name from G_parameter"
2022-12-25 05:45:27 I Willo get_multipickli "Digital Experience  Android don't find the mainteam name from G_parameter"
2022-12-25 05:45:27 I Willo get_multipickli "Digital Experience  IOS don't find the mainteam name from G_parameter"
2022-12-25 05:45:30 I Willo get_multipickli "Digital Experience  Android don't find the mainteam name from G_parameter"
2022-12-25 05:45:30 I Willo get_multipickli "Digital Experience  IOS don't find the mainteam name from G_parameter"
2022-12-25 05:45:43 I Willo get_multipickli "ESW Platform Test don't find the mainteam name from G_parameter"
2022-12-25 05:45:46 I Willo get_multipickli "ESW Platform Test don't find the mainteam name from G_parameter"
2022-12-25 05:45:53 I Willo get_multipickli "Digital Experience  Android don't find the mainteam name from G_parameter"
2022-12-25 05:45:53 I Willo get_multipickli "Digital Experience  IOS don't find the mainteam name from G_parameter"
2022-12-25 05:46:10 I Willo get_multipickli "Unassigned don't find the mainteam name from G_parameter"
2022-12-25 05:46:14 I Willo get_multipickli "Unassigned don't find the mainteam name from G_parameter"
2022-12-25 05:46:34 I Willo get_multipickli "Digital Experience  Android don't find the mainteam name from G_parameter"
2022-12-25 05:46:34 I Willo get_multipickli "Digital Experience  IOS don't find the mainteam name from G_parameter"
2022-12-25 05:46:56 I Willo get_multipickli "Digital Experience  Android don't find the mainteam name from G_parameter"
2022-12-25 05:46:56 I Willo get_multipickli "Digital Experience  IOS don't find the mainteam name from G_parameter"
2022-12-25 05:47:03 I Willo get_multipickli "Digital Experience  Android don't find the mainteam name from G_parameter"
2022-12-25 05:47:03 I Willo get_multipickli "Digital Experience  IOS don't find the mainteam name from G_parameter"
2022-12-25 05:47:07 I Willo get_multipickli "Digital Experience  Android don't find the mainteam name from G_parameter"
2022-12-25 05:47:07 I Willo get_multipickli "Digital Experience  IOS don't find the mainteam name from G_parameter"
2022-12-25 05:47:10 I Willo get_multipickli "Digital Experience  Android don't find the mainteam name from G_parameter"
2022-12-25 05:47:10 I Willo get_multipickli "Digital Experience  IOS don't find the mainteam name from G_parameter"
2022-12-25 05:47:13 I Willo get_multipickli "Digital Experience  SDK don't find the mainteam name from G_parameter"
2022-12-25 05:49:58 I Willo get_multipickli "Unassigned don't find the mainteam name from G_parameter"
2022-12-25 05:50:35 I Willo get_multipickli "Unassigned don't find the mainteam name from G_parameter"
2022-12-25 05:51:04 I Willo get_multipickli "Unassigned don't find the mainteam name from G_parameter"
2022-12-25 05:51:24 I Willo get_multipickli "Unassigned don't find the mainteam name from G_parameter"
2022-12-25 05:52:23 I Willo get_multipickli "Unassigned don't find the mainteam name from G_parameter"
2022-12-25 05:53:28 I Willo get_multipickli "Unassigned don't find the mainteam name from G_parameter"
2022-12-25 05:53:42 I Willo get_multipickli "Unassigned don't find the mainteam name from G_parameter"
2022-12-25 05:54:48 I Willo get_multipickli "Unassigned don't find the mainteam name from G_parameter"
2022-12-25 05:54:54 I Willo get_multipickli "Unassigned don't find the mainteam name from G_parameter"
2022-12-25 05:54:57 I Willo get_multipickli "Unassigned don't find the mainteam name from G_parameter"
2022-12-25 05:55:00 I Willo get_multipickli "Unassigned don't find the mainteam name from G_parameter"
2022-12-25 05:55:24 I Willo get_multipickli "Unassigned don't find the mainteam name from G_parameter"
2022-12-25 05:55:37 I Willo get_multipickli "Unassigned don't find the mainteam name from G_parameter"
2022-12-25 05:55:47 I Willo get_multipickli "Digital Experience  Android don't find the mainteam name from G_parameter"
2022-12-25 05:55:47 I Willo get_multipickli "Digital Experience  IOS don't find the mainteam name from G_parameter"
2022-12-25 05:55:50 I Willo get_multipickli "Digital Experience  Android don't find the mainteam name from G_parameter"
2022-12-25 05:55:50 I Willo get_multipickli "Digital Experience  IOS don't find the mainteam name from G_parameter"
2022-12-25 05:56:47 I Willo get_multipickli "Digital Experience  Android don't find the mainteam name from G_parameter"
2022-12-25 05:56:47 I Willo get_multipickli "Digital Experience  IOS don't find the mainteam name from G_parameter"
2022-12-25 05:57:06 I Willo get_multipickli "Digital Experience  Android don't find the mainteam name from G_parameter"
2022-12-25 05:57:06 I Willo get_multipickli "Digital Experience  IOS don't find the mainteam name from G_parameter"
2022-12-25 05:57:23 I Willo get_multipickli "Digital Experience  Android don't find the mainteam name from G_parameter"
2022-12-25 05:57:23 I Willo get_multipickli "Digital Experience  IOS don't find the mainteam name from G_parameter"
2022-12-25 05:57:41 I Willo get_multipickli "Digital Experience  Android don't find the mainteam name from G_parameter"
2022-12-25 05:57:41 I Willo get_multipickli "Digital Experience  IOS don't find the mainteam name from G_parameter"
2022-12-25 05:57:59 I Willo get_multipickli "Digital Experience  Android don't find the mainteam name from G_parameter"
2022-12-25 05:57:59 I Willo get_multipickli "Digital Experience  IOS don't find the mainteam name from G_parameter"
2022-12-25 05:58:17 I Willo get_multipickli "Digital Experience  Android don't find the mainteam name from G_parameter"
2022-12-25 05:58:17 I Willo get_multipickli "Digital Experience  IOS don't find the mainteam name from G_parameter"
2022-12-25 05:58:53 I Willo get_multipickli "Digital Experience  SDK don't find the mainteam name from G_parameter"
2022-12-25 06:03:33 I Willo get_multipickli "Unassigned don't find the mainteam name from G_parameter"
2022-12-25 06:07:22 I Willo get_multipickli "Digital Experience  Android don't find the mainteam name from G_parameter"
2022-12-25 06:07:22 I Willo get_multipickli "Digital Experience  IOS don't find the mainteam name from G_parameter"
2022-12-25 06:08:15 I Willo get_multipickli "Digital Experience  Android don't find the mainteam name from G_parameter"
2022-12-25 06:08:15 I Willo get_multipickli "Digital Experience  IOS don't find the mainteam name from G_parameter"
2022-12-25 06:10:37 I Willo get_multipickli "Unassigned don't find the mainteam name from G_parameter"
2022-12-25 06:15:20 I Willo Print           "DROP TABLE IF EXISTS allrequirements:successful"
2022-12-25 06:15:20 I Willo Print           "DROP TABLE IF EXISTS allcoverage:successful"
2022-12-25 06:15:20 I Willo Print           "CREATE TABLE IF NOT EXISTS requirements (                        rel TEXT, status TEXT, count INT, date TEXT) ENGINE=InnoDB DEFAULT CHARSET=utf8:successful"
2022-12-25 06:15:20 I Willo Print           "CREATE TABLE IF NOT EXISTS allrequirements (                        id INT, uniqueid TEXT, name TEXT, status TEXT, rel TEXT, upstream TEXT, downstream TEXT, team TEXT, test_status TEXT) ENGINE=InnoDB DEFAULT CHARSET=utf8:successful"
2022-12-25 06:15:20 I Willo Print           "CREATE TABLE IF NOT EXISTS coverage (                        team text, covered int, expected int, date text) ENGINE=InnoDB DEFAULT CHARSET=utf8:successful"
2022-12-25 06:15:20 I Willo Print           "CREATE TABLE IF NOT EXISTS allcoverage (                        id INT, uniqueid TEXT, name TEXT, status TEXT, rel TEXT, verify TEXT, missing TEXT) ENGINE=InnoDB DEFAULT CHARSET=utf8:successful"
2022-12-25 06:15:20 I Willo Print           "DELETE FROM requirements WHERE date='2022-12-25':successful"
2022-12-25 06:15:20 I Willo Print           "DELETE FROM coverage WHERE date='2022-12-25':successful"
2022-12-25 06:15:20 I Willo Print           "INSERT INTO requirements (rel, status, count, date) SELECT rel, status, count((@rn := @rn + 1)) as count, '2022-12-25' as date FROM allrequirements cross join (select @rn := 0) const GROUP BY rel, status:successful"
2022-12-25 06:15:20 I Willo Print           "CREATE TABLE IF NOT EXISTS feattest (rel TEXT, status TEXT, count TEXT, date TEXT) ENGINE=InnoDB DEFAULT CHARSET=utf8:successful"
2022-12-25 06:15:20 I Willo Print           "CREATE TABLE IF NOT EXISTS reqtest (rel TEXT, status TEXT, count TEXT, date TEXT) ENGINE=InnoDB DEFAULT CHARSET=utf8:successful"
2022-12-25 06:15:20 I Willo Print           "SELECT id FROM allfeatures:successful"
2022-12-25 06:15:20 I Willo Print           "SELECT id,upstream,downstream,team FROM allrequirements:successful"
2022-12-25 06:15:20 I Willo Print           "SELECT id FROM allcoverage:successful"
2022-12-25 06:15:20 I Willo Print           "SELECT * FROM testcases:successful"
