2022-12-06 04:59:23 I Osbor Print           "Connet 20403 successfully!!!"
2022-12-06 04:59:23 I Osbor Get_alltests    "Get project name:Osborn id:20403 all testplans"
2022-12-06 04:59:28 I Osbor Get_alltests    "{8341707: {'id': 8341707, 'name': 'Controller HW DVT test plan', 'archived': False, 'index': '8341707:Controller HW DVT test plan'}, 8226282: {'id': 8226282, 'name': 'HS HW DVT test plan', 'archived': False, 'index': '8226282:HS HW DVT test plan'}, 9037640: {'id': 9037640, 'name': 'Osborn Mid ESW Test Plan', 'archived': False, 'index': '9037640:Osborn Mid ESW Test Plan'}, 8264933: {'id': 8264933, 'name': 'Osborn ESW Test Plan', 'archived': False, 'index': '8264933:Osborn ESW Test Plan'}, 8769952: {'id': 8769952, 'name': 'Packaging verification plan', 'archived': False, 'index': '8769952:Packaging verification plan'}, 9976079: {'id': 9976079, 'name': 'Product Maintenance test Plan', 'archived': False, 'index': '9976079:Product Maintenance test Plan'}, 8093197: {'id': 8093197, 'name': 'Product Quality Plan and PVT inputs', 'archived': False, 'index': '8093197:Product Quality Plan and PVT inputs'}, 3396973: {'id': 3396973, 'name': 'Product Verification Test Plan', 'archived': False, 'index': '3396973:Product Verification Test Plan'}, 8049692: {'id': 8049692, 'name': 'Regulatory Compliance test plan', 'archived': False, 'index': '8049692:Regulatory Compliance test plan'}, 8295691: {'id': 8295691, 'name': 'UX evaluation  plan', 'archived': False, 'index': '8295691:UX evaluation  plan'}}"
2022-12-06 04:59:28 I Osbor Get_alltests    "Get project name:Osborn id:20403 all testplans successful!!!"
2022-12-06 05:36:40 I Osbor tidy_alltestcas "1297"
2022-12-06 05:41:14 I Osbor Print           "DROP TABLE IF EXISTS testcases:successful"
2022-12-06 05:41:14 I Osbor Print           "CREATE TABLE IF NOT EXISTS testcases (                             testplan_id INT,                             testplan_name TEXT,                             testgroup_id INT,                             testgroup_name TEXT,                             testcycle_id INT,                             testcycle_name TEXT,                             rel TEXT,                             id INT,                             uniqueid TEXT,                             name TEXT,                             status TEXT,                             upstream TEXT,                             downstream TEXT,                             executionDate TEXT) ENGINE=InnoDB DEFAULT CHARSET=utf8:successful"
2022-12-06 05:41:15 I Osbor update_database "Insert testcases table successful"
2022-12-06 05:41:15 I Osbor Print           "CREATE TABLE IF NOT EXISTS tests (                             testplan_id INT,                             testplan_name TEXT,                             testplan_status TEXT,                             rel TEXT, status TEXT,                             count INT, date TEXT) ENGINE=InnoDB DEFAULT CHARSET=utf8:successful"
2022-12-06 05:41:15 I Osbor Print           "DELETE FROM tests WHERE date='2022-12-06':successful"
2022-12-06 05:41:15 I Osbor Print           "SELECT testplan_id FROM tests GROUP BY testplan_id:successful"
2022-12-06 05:41:15 I Osbor Print           "SELECT testplan_name FROM tests WHERE testplan_id=8341707 LIMIT 1:successful"
2022-12-06 05:41:15 I Osbor Print           "UPDATE tests SET testplan_status='Active' WHERE testplan_id=8341707:successful"
2022-12-06 05:41:15 I Osbor Print           "SELECT testplan_name FROM tests WHERE testplan_id=8226282 LIMIT 1:successful"
2022-12-06 05:41:15 I Osbor Print           "UPDATE tests SET testplan_status='Active' WHERE testplan_id=8226282:successful"
2022-12-06 05:41:15 I Osbor Print           "SELECT testplan_name FROM tests WHERE testplan_id=9037640 LIMIT 1:successful"
2022-12-06 05:41:15 I Osbor Print           "UPDATE tests SET testplan_status='Active' WHERE testplan_id=9037640:successful"
2022-12-06 05:41:15 I Osbor Print           "SELECT testplan_name FROM tests WHERE testplan_id=8264933 LIMIT 1:successful"
2022-12-06 05:41:15 I Osbor Print           "UPDATE tests SET testplan_status='Active' WHERE testplan_id=8264933:successful"
2022-12-06 05:41:15 I Osbor Print           "SELECT testplan_name FROM tests WHERE testplan_id=8769952 LIMIT 1:successful"
2022-12-06 05:41:15 I Osbor Print           "UPDATE tests SET testplan_status='Active' WHERE testplan_id=8769952:successful"
2022-12-06 05:41:15 I Osbor Print           "SELECT testplan_name FROM tests WHERE testplan_id=3396973 LIMIT 1:successful"
2022-12-06 05:41:15 I Osbor Print           "UPDATE tests SET testplan_status='Active' WHERE testplan_id=3396973:successful"
2022-12-06 05:41:15 I Osbor Print           "SELECT testplan_name FROM tests WHERE testplan_id=8049692 LIMIT 1:successful"
2022-12-06 05:41:15 I Osbor Print           "UPDATE tests SET testplan_status='Active' WHERE testplan_id=8049692:successful"
2022-12-06 05:41:15 I Osbor Print           "INSERT INTO tests (testplan_id, testplan_name, testplan_status, rel, status, count, date) SELECT testplan_id, testplan_name, 'Active' as testplan_status, rel, status, count((@rn := @rn + 1)) as count, '2022-12-06' as date FROM testcases cross join (select @rn := 0) const GROUP BY testplan_id, rel, status:successful"
2022-12-06 05:41:15 I Osbor update_database "Insert tests table successful"
2022-12-06 05:41:15 I Osbor Print           "CREATE TABLE IF NOT EXISTS testapproval (                                 rel TEXT, team TEXT, status TEXT, upstream TEXT, count INT, date TEXT                                 ) ENGINE=InnoDB DEFAULT CHARSET=utf8:successful"
2022-12-06 05:41:15 I Osbor Print           "DROP TABLE IF EXISTS alltestapproval:successful"
2022-12-06 05:41:15 I Osbor Print           "CREATE TABLE IF NOT EXISTS alltestapproval (                                 id INT, uniqueid TEXT, name TEXT, status TEXT, rel TEXT, team TEXT, upstream TEXT                                 ) ENGINE=InnoDB DEFAULT CHARSET=utf8:successful"
2022-12-06 05:41:15 I Osbor Print           "DELETE FROM testapproval WHERE date='2022-12-06':successful"
2022-12-06 05:41:15 I Osbor Print           "INSERT INTO testapproval (rel, team, status, count, date, upstream) SELECT rel, team, status, count((@rn := @rn + 1)) as count, '2022-12-06' as date, upstream FROM alltestapproval cross join (select @rn := 0) const GROUP BY rel, team, status, upstream:successful"
2022-12-06 05:41:22 I Osbor Get_allfeatuers "[]"
2022-12-06 05:41:22 I Osbor Print           "CREATE TABLE IF NOT EXISTS features (                                rel TEXT, status TEXT, count INT, date TEXT) ENGINE=InnoDB DEFAULT CHARSET=utf8:successful"
2022-12-06 05:41:22 I Osbor Print           "CREATE TABLE IF NOT EXISTS allfeatures (                                id INT, uniqueid TEXT, name TEXT, status TEXT, rel TEXT,test_status TEXT) ENGINE=InnoDB DEFAULT CHARSET=utf8:successful"
2022-12-06 05:41:22 I Osbor Print           "DELETE FROM features WHERE date='2022-12-06':successful"
2022-12-06 05:41:23 I Osbor Print           "DELETE FROM allfeatures WHERE id=15620102:successful"
2022-12-06 05:41:23 I Osbor Print           "DELETE FROM allfeatures WHERE id=15620101:successful"
2022-12-06 05:41:23 I Osbor Print           "DELETE FROM allfeatures WHERE id=15620100:successful"
2022-12-06 05:41:23 I Osbor Print           "DELETE FROM allfeatures WHERE id=15620099:successful"
2022-12-06 05:41:23 I Osbor Print           "DELETE FROM allfeatures WHERE id=15620098:successful"
2022-12-06 05:41:23 I Osbor Print           "DELETE FROM allfeatures WHERE id=15620097:successful"
2022-12-06 05:41:24 I Osbor Print           "DELETE FROM allfeatures WHERE id=15620096:successful"
2022-12-06 05:41:24 I Osbor Print           "DELETE FROM allfeatures WHERE id=15620095:successful"
2022-12-06 05:41:24 I Osbor Print           "DELETE FROM allfeatures WHERE id=15620094:successful"
2022-12-06 05:41:24 I Osbor Print           "DELETE FROM allfeatures WHERE id=15616789:successful"
2022-12-06 05:41:24 I Osbor Print           "DELETE FROM allfeatures WHERE id=15616784:successful"
2022-12-06 05:41:25 I Osbor Print           "DELETE FROM allfeatures WHERE id=15616780:successful"
2022-12-06 05:41:25 I Osbor Print           "DELETE FROM allfeatures WHERE id=15583113:successful"
2022-12-06 05:41:25 I Osbor Print           "DELETE FROM allfeatures WHERE id=15291790:successful"
2022-12-06 05:41:25 I Osbor Print           "DELETE FROM allfeatures WHERE id=14726265:successful"
2022-12-06 05:41:25 I Osbor Print           "DELETE FROM allfeatures WHERE id=14726259:successful"
2022-12-06 05:41:25 I Osbor Print           "DELETE FROM allfeatures WHERE id=14705805:successful"
2022-12-06 05:41:25 I Osbor Print           "DELETE FROM allfeatures WHERE id=14674875:successful"
2022-12-06 05:41:25 I Osbor Print           "DELETE FROM allfeatures WHERE id=14674809:successful"
2022-12-06 05:41:25 I Osbor Print           "DELETE FROM allfeatures WHERE id=14674776:successful"
2022-12-06 05:41:25 I Osbor Print           "DELETE FROM allfeatures WHERE id=14674728:successful"
2022-12-06 05:41:25 I Osbor Print           "DELETE FROM allfeatures WHERE id=14674668:successful"
2022-12-06 05:41:25 I Osbor Print           "DELETE FROM allfeatures WHERE id=14674608:successful"
2022-12-06 05:41:25 I Osbor Print           "DELETE FROM allfeatures WHERE id=14674593:successful"
2022-12-06 05:41:25 I Osbor Print           "DELETE FROM allfeatures WHERE id=14674578:successful"
2022-12-06 05:41:25 I Osbor Print           "DELETE FROM allfeatures WHERE id=14674542:successful"
2022-12-06 05:41:25 I Osbor Print           "DELETE FROM allfeatures WHERE id=14674263:successful"
2022-12-06 05:41:25 I Osbor Print           "DELETE FROM allfeatures WHERE id=14674182:successful"
2022-12-06 05:41:25 I Osbor Print           "DELETE FROM allfeatures WHERE id=14672754:successful"
2022-12-06 05:41:25 I Osbor Print           "DELETE FROM allfeatures WHERE id=14672682:successful"
2022-12-06 05:41:25 I Osbor Print           "DELETE FROM allfeatures WHERE id=14672667:successful"
2022-12-06 05:41:25 I Osbor Print           "DELETE FROM allfeatures WHERE id=14672616:successful"
2022-12-06 05:41:25 I Osbor Print           "DELETE FROM allfeatures WHERE id=14672457:successful"
2022-12-06 05:41:25 I Osbor Print           "DELETE FROM allfeatures WHERE id=14672439:successful"
2022-12-06 05:41:25 I Osbor Print           "DELETE FROM allfeatures WHERE id=14672430:successful"
2022-12-06 05:41:25 I Osbor Print           "DELETE FROM allfeatures WHERE id=14672370:successful"
2022-12-06 05:41:25 I Osbor Print           "DELETE FROM allfeatures WHERE id=14672358:successful"
2022-12-06 05:41:25 I Osbor Print           "DELETE FROM allfeatures WHERE id=14672283:successful"
2022-12-06 05:41:25 I Osbor Print           "DELETE FROM allfeatures WHERE id=14672163:successful"
2022-12-06 05:41:25 I Osbor Print           "DELETE FROM allfeatures WHERE id=14672118:successful"
2022-12-06 05:41:25 I Osbor Print           "DELETE FROM allfeatures WHERE id=14672100:successful"
2022-12-06 05:41:25 I Osbor Print           "DELETE FROM allfeatures WHERE id=14671359:successful"
2022-12-06 05:41:25 I Osbor Print           "DELETE FROM allfeatures WHERE id=14033466:successful"
2022-12-06 05:41:25 I Osbor Print           "INSERT INTO features (rel, status, count, date)                                 SELECT rel, status, count((@rn := @rn + 1)) as count, '2022-12-06' as date FROM allfeatures cross join (select @rn := 0) const GROUP BY rel, status:successful"
2022-12-06 05:41:31 I Osbor Get_allchangere "[]"
2022-12-06 05:41:31 I Osbor Print           "CREATE TABLE IF NOT EXISTS changes (                                 rel TEXT, status TEXT, priority TEXT,                                 requester TEXT, date TEXT, count INT) ENGINE=InnoDB DEFAULT CHARSET=utf8:successful"
2022-12-06 05:41:31 I Osbor Print           "CREATE TABLE IF NOT EXISTS allchanges (                                 id INT, uniqueid TEXT, name TEXT,                                 status TEXT, rel TEXT, priority TEXT,                                 requester TEXT) ENGINE=InnoDB DEFAULT CHARSET=utf8:successful"
2022-12-06 05:41:31 I Osbor Print           "DELETE FROM changes WHERE date='2022-12-06':successful"
2022-12-06 05:41:31 I Osbor Print           "INSERT INTO changes (                                 rel, status, priority, requester, date, count)                                 SELECT rel, status, priority, requester, '2022-12-06' as date, count((@rn := @rn + 1)) as count FROM allchanges                                 cross join (select @rn := 0) const GROUP BY rel, status, priority, requester:successful"
2022-12-06 05:41:34 I Osbor Print           "CREATE TABLE IF NOT EXISTS designspec (                            rel TEXT, team TEXT, status TEXT, count INT, date text) ENGINE=InnoDB DEFAULT CHARSET=utf8:successful"
2022-12-06 05:41:34 I Osbor Print           "CREATE TABLE IF NOT EXISTS alldesignspec (                             id INT, uniqueid TEXT, name TEXT, status TEXT, rel TEXT, team TEXT) ENGINE=InnoDB DEFAULT CHARSET=utf8:successful"
2022-12-06 05:41:34 I Osbor Print           "DELETE FROM designspec WHERE date='2022-12-06':successful"
2022-12-06 05:41:34 I Osbor Print           "INSERT INTO designspec (rel, team, status, count, date) SELECT rel, team, status, count((@rn := @rn + 1)) as count, '2022-12-06' as date FROM alldesignspec cross join (select @rn := 0) const GROUP BY rel, team, status:successful"
2022-12-06 05:41:40 I Osbor Get_alluserstor "[]"
2022-12-06 05:41:40 I Osbor Print           "CREATE TABLE IF NOT EXISTS userstories (                 rel TEXT, status TEXT, count INT, date TEXT) ENGINE=InnoDB DEFAULT CHARSET=utf8:successful"
2022-12-06 05:41:40 I Osbor Print           "CREATE TABLE IF NOT EXISTS alluserstories (                 id INT, uniqueid TEXT, name TEXT, status TEXT, rel TEXT) ENGINE=InnoDB DEFAULT CHARSET=utf8:successful"
2022-12-06 05:41:40 I Osbor Print           "DELETE FROM userstories WHERE date='2022-12-06':successful"
2022-12-06 05:41:40 I Osbor Print           "INSERT INTO userstories (rel, status, count, date) SELECT rel, status, count((@rn := @rn + 1)) as count, '2022-12-06' as date FROM alluserstories cross join (select @rn := 0) const GROUP BY rel, status:successful"
2022-12-06 05:44:09 I Osbor Get_alldefects  "[{'id': 9169907, 'name': '[Mid][Zoom]Mute and call handling button not work after transfer muted call from HS->PC->HS', 'documentKey': 'Ob-BUG-55', 'statusId': 156539, 'status': 'In Progress', 'teamId': 157344, 'team': 'DE Integration', 'priorityId': 156533, 'priority': 'Major', 'upstream': '9438500, 9439025, 9601130, 9254853, 9438492, 9439020, 9601129, 9060938, 9166810, 9166863, 9483948, 9570713, 9572449, 9685790, 9731045', 'jira': 'https://jabra1.atlassian.net/browse/OS-559'}, {'id': 9175825, 'name': '[Plus+Mid]Busylight audio promts does not match UI', 'documentKey': 'Ob-BUG-66', 'statusId': 156538, 'status': 'Closed', 'teamId': 156569, 'team': 'ESW DECT', 'priorityId': 156534, 'priority': 'Minor', 'upstream': '9092966, 9166404, 9166425', 'jira': 'https://jabra1.atlassian.net/browse/OS-576'}, {'id': 9176260, 'name': '[SP IOP, Mac, Zoom]Can not reject incoming call', 'documentKey': 'Ob-BUG-68', 'statusId': 156536, 'status': 'Open', 'teamId': 156569, 'team': 'ESW DECT', 'priorityId': 156533, 'priority': 'Major', 'upstream': '9254848, 9321456, 9438500, 9439025, 9601130, 9166871, 9483953, 9572453, 9685351, 9685778', 'jira': 'https://jabra1.atlassian.net/browse/OS-579'}, {'id': 9176295, 'name': "[Mid+Plus]Pre-cert] Teams button haven't flashes for 10 seconds when HS pairing and connection (Teams not running Teams or not signed in)", 'documentKey': 'Ob-BUG-69', 'statusId': 156538, 'status': 'Closed', 'teamId': 156569, 'team': 'ESW DECT', 'priorityId': 156533, 'priority': 'Major', 'upstream': '9166553, 9438864, 9166539, 9060716, 9166548, 9438525, 9438859, 9060708, 9166540, 9093010, 9166449', 'jira': 'https://jabra1.atlassian.net/browse/OS-580'}, {'id': 9181099, 'name': '[Plus+Mid,JDO,FT]No formal JDO support Osborn project currently', 'documentKey': 'Ob-BUG-87', 'statusId': 156538, 'status': 'Closed', 'teamId': 156569, 'team': 'ESW DECT', 'priorityId': 156531, 'priority': 'Blocker', 'upstream': '9060754, 9060763, 9166607, 9166616, 9438553, 9438876, 9060758, 9166611, 9438548', 'jira': 'https://jabra1.atlassian.net/browse/OS-599'}, {'id': 9181771, 'name': "[Mid][ Pre-cert] Teams client can't opens to the Calls/History tab when  tap the Teams button.", 'documentKey': 'Ob-BUG-92', 'statusId': 156539, 'status': 'In Progress', 'teamId': 156569, 'team': 'ESW DECT', 'priorityId': 156534, 'priority': 'Minor', 'upstream': '9438534, 9601515, 9166558, 9438533, 9438869, 9060722, 9166556, 9438531, 9438867, 9685664', 'jira': 'https://jabra1.atlassian.net/browse/OS-605'}, {'id': 9191185, 'name': '[Plus][HP] There is no ringing tone and the call call controll is unavailable', 'documentKey': 'Ob-BUG-98', 'statusId': 156538, 'status': 'Closed', 'teamId': 156569, 'team': 'ESW DECT', 'priorityId': 156533, 'priority': 'Major', 'upstream': '9062720, 9062742, 9062709, 9062734, 9062715, 9062737, 9062708, 9062717, 9062711, 9062735, 9062713, 9062736, 9062718, 9062740', 'jira': 'https://jabra1.atlassian.net/browse/OS-621'}, {'id': 9191561, 'name': "[Plus][HP]Tap Teams button to open a link to the HP, the keypad is showing too fast, and then it's off", 'documentKey': 'Ob-BUG-99', 'statusId': 156536, 'status': 'Open', 'teamId': 156569, 'team': 'ESW DECT', 'priorityId': 156534, 'priority': 'Minor', 'upstream': '9062723, 9062730, 10147583', 'jira': 'https://jabra1.atlassian.net/browse/OS-622'}, {'id': 9239334, 'name': '[Teams][Mac]not able un-hold call from HS', 'documentKey': 'Ob-BUG-121', 'statusId': 156539, 'status': 'In Progress', 'teamId': 156569, 'team': 'ESW DECT', 'priorityId': 156534, 'priority': 'Minor', 'upstream': '9234186, 9438928', 'jira': 'https://jabra1.atlassian.net/browse/OS-761'}, {'id': 9241520, 'name': '[Teams] fail to cancel meeting notification from HS', 'documentKey': 'Ob-BUG-124', 'statusId': 156536, 'status': 'Open', 'teamId': 156569, 'team': 'ESW DECT', 'priorityId': 156533, 'priority': 'Major', 'upstream': '9438522, 9554563, 9554897, 9570663, 9572399, 9601516, 9603682, 9234265, 9234588, 9438515, 9438849, 9483268, 9554543, 9570612, 9572379', 'jira': 'https://jabra1.atlassian.net/browse/OS-765'}, {'id': 9304812, 'name': '[Parter Certification,Openscape]Mute sync failed from SP to HS  ', 'documentKey': 'Ob-BUG-143', 'statusId': 156538, 'status': 'Closed', 'teamId': 156569, 'team': 'ESW DECT', 'priorityId': 156534, 'priority': 'Minor', 'upstream': '9150209, 9254824, 9438495, 9439022', 'jira': 'https://jabra1.atlassian.net/browse/OS-872'}, {'id': 9304829, 'name': '[Partner Certification,Genesys Purecloud WebRTC,LED]End active call and HS will not indicate the held call', 'documentKey': 'Ob-BUG-144', 'statusId': 156536, 'status': 'Open', 'teamId': 157344, 'team': 'DE Integration', 'priorityId': 156534, 'priority': 'Minor', 'upstream': '', 'jira': 'https://jabra1.atlassian.net/browse/OS-873'}, {'id': 9307703, 'name': '[Plus][Partner certification, HP:Alcatel 8018]HS shows wrong status while plug into HP', 'documentKey': 'Ob-BUG-147', 'statusId': 156538, 'status': 'Closed', 'teamId': 156569, 'team': 'ESW DECT', 'priorityId': 156533, 'priority': 'Major', 'upstream': '9305480, 9438498', 'jira': 'https://jabra1.atlassian.net/browse/OS-878'}, {'id': 9307720, 'name': '[Plus][Partner certification, HP:Alcatel 8018]HS reboot while ring tone max', 'documentKey': 'Ob-BUG-148', 'statusId': 156538, 'status': 'Closed', 'teamId': 156569, 'team': 'ESW DECT', 'priorityId': 156533, 'priority': 'Major', 'upstream': '9305480, 9438498, 9254833, 9305474', 'jira': 'https://jabra1.atlassian.net/browse/OS-879'}, {'id': 9314463, 'name': '[Parter Certification,Cisco8851 ]Wrong mute state/indication on call', 'documentKey': 'Ob-BUG-151', 'statusId': 156538, 'status': 'Closed', 'teamId': 156569, 'team': 'ESW DECT', 'priorityId': 156534, 'priority': 'Minor', 'upstream': '9150240, 9254855, 9438494, 9439021', 'jira': 'https://jabra1.atlassian.net/browse/OS-886'}, {'id': 9355634, 'name': 'CLONE - [SP IOP,Mac Zoom]Can not reject incoming call', 'documentKey': 'Ob-BUG-163', 'statusId': 156539, 'status': 'In Progress', 'teamId': 156569, 'team': 'ESW DECT', 'priorityId': 156533, 'priority': 'Major', 'upstream': '9108171, 9108200, 10261628, 9108186, 9438975, 9348901, 9941505, 9941530, 9941516, 9343104, 9572714, 9343134, 9572742, 9343117, 9572727', 'jira': 'https://jabra1.atlassian.net/browse/SPIDER-1690'}, {'id': 9444073, 'name': '[FT,JDO]Wrong device image on JDO', 'documentKey': 'Ob-BUG-177', 'statusId': 156538, 'status': 'Closed', 'teamId': 157345, 'team': 'DE SDK', 'priorityId': 156534, 'priority': 'Minor', 'upstream': '', 'jira': 'https://jabra1.atlassian.net/browse/OS-1092'}, {'id': 9453271, 'name': '[FT, Call handling(MS version)] HS behavior not match with UI in some scenarios', 'documentKey': 'Ob-BUG-187', 'statusId': 156538, 'status': 'Closed', 'teamId': 156569, 'team': 'ESW DECT', 'priorityId': 156533, 'priority': 'Major', 'upstream': '9438487, 9480355, 9483069, 9604889, 9604986, 9685628, 9438594, 9438930', 'jira': 'https://jabra1.atlassian.net/browse/OS-1148'}, {'id': 9463006, 'name': '[FT,JDO Upgrade] Error information on JDO after updating HS ', 'documentKey': 'Ob-BUG-194', 'statusId': 156536, 'status': 'Open', 'teamId': 157345, 'team': 'DE SDK', 'priorityId': 156534, 'priority': 'Minor', 'upstream': '', 'jira': 'https://jabra1.atlassian.net/browse/SDK-7098'}, {'id': 9468260, 'name': '[SP IOP,Cisco Jabber,Teams] Hold call, LED of call button turn off on PLUS controller', 'documentKey': 'Ob-BUG-198', 'statusId': 156538, 'status': 'Closed', 'teamId': 156569, 'team': 'ESW DECT', 'priorityId': 156533, 'priority': 'Major', 'upstream': '9438572, 9438600', 'jira': 'https://jabra1.atlassian.net/browse/OS-1238'}, {'id': 9470443, 'name': '[SP IOP][Teams]Tap call button can not end active call and accept 2nd incoming call', 'documentKey': 'Ob-BUG-200', 'statusId': 156539, 'status': 'In Progress', 'teamId': 156569, 'team': 'ESW DECT', 'priorityId': 156533, 'priority': 'Major', 'upstream': '9493934, 9438594, 9438930, 9493951, 9493972, 9608051', 'jira': 'https://jabra1.atlassian.net/browse/OS-1255'}, {'id': 9569718, 'name': "[FT, Upgrade]Some devices can't boot after being updating", 'documentKey': 'Ob-BUG-218', 'statusId': 156538, 'status': 'Closed', 'teamId': 156569, 'team': 'ESW DECT', 'priorityId': 156532, 'priority': 'Critical', 'upstream': '9689000, 9571965, 9736657, 9736662', 'jira': 'https://jabra1.atlassian.net/browse/OS-1370'}, {'id': 9638828, 'name': "[Customer,Zoom]3-way call, can't answer the incoming call and end the active call, it will keep active call and end incoming call-SP issue", 'documentKey': 'Ob-BUG-242', 'statusId': 156539, 'status': 'In Progress', 'teamId': 156569, 'team': 'ESW DECT', 'priorityId': 156534, 'priority': 'Minor', 'upstream': '9685573, 9685560, 9685566, 9685565', 'jira': 'https://jabra1.atlassian.net/browse/OS-1553'}, {'id': 9638857, 'name': '[Customer,Zoom]No RCC when test zoom on Thin Pro-SP issue', 'documentKey': 'Ob-BUG-243', 'statusId': 156539, 'status': 'In Progress', 'teamId': 156569, 'team': 'ESW DECT', 'priorityId': 156533, 'priority': 'Major', 'upstream': '9602428, 9685572, 9686423, 9602427, 9605051', 'jira': 'https://jabra1.atlassian.net/browse/OS-1554'}, {'id': 9656827, 'name': '[Customer,Zoom]Failed to end call from DUT on T640-Thin client issue', 'documentKey': 'Ob-BUG-244', 'statusId': 156539, 'status': 'In Progress', 'teamId': 156569, 'team': 'ESW DECT', 'priorityId': 156535, 'priority': 'Trivial', 'upstream': '9605061, 9602432, 9685573, 9605065, 9685575, 9685566, 9602433', 'jira': 'https://jabra1.atlassian.net/browse/OS-1557'}, {'id': 9657223, 'name': '[Customer,Zoom]Sometimes there is no ringtone and ringback tone on HS', 'documentKey': 'Ob-BUG-245', 'statusId': 156539, 'status': 'In Progress', 'teamId': 156569, 'team': 'ESW DECT', 'priorityId': 156535, 'priority': 'Trivial', 'upstream': '9685569, 9605061, 9602432, 9686426, 9855871, 9685573, 9605065, 9686429, 9855872, 9685560, 9685566, 9602433, 9686430, 9855874, 9638720', 'jira': 'https://jabra1.atlassian.net/browse/OS-1558'}, {'id': 9657322, 'name': '[Customer,Zoom]3-way call, end 1st call from SP then tap MFB will end 2nd call-SP issue', 'documentKey': 'Ob-BUG-246', 'statusId': 156539, 'status': 'In Progress', 'teamId': 156569, 'team': 'ESW DECT', 'priorityId': 156535, 'priority': 'Trivial', 'upstream': '10201005, 10201006, 9605061, 9602432, 9686426, 10201494, 9638718, 10201000, 9638716, 9855871, 9685573, 10201010, 10201011, 10201491, 9605065, 9686429, 10201497, 9855872, 9685575, 10201012', 'jira': 'https://jabra1.atlassian.net/browse/OS-1559'}, {'id': 9681392, 'name': 'CLONE - [SP IOP][Teams]Tap call button can not end active call and accept 2nd incoming call', 'documentKey': 'Ob-BUG-253', 'statusId': 156536, 'status': 'Open', 'teamId': 157251, 'team': 'ESW BT', 'priorityId': 156535, 'priority': 'Trivial', 'upstream': '10025566, 10025587, 10073705, 10073712, 10073733, 10091509, 10146747, 10146795', 'jira': 'https://jabra1.atlassian.net/browse/WILL-627'}, {'id': 9681468, 'name': "[FT, hold] Press mute button can't resume call before Teams play MOH --Teams issue", 'documentKey': 'Ob-BUG-254', 'statusId': 156536, 'status': 'Open', 'teamId': 156569, 'team': 'ESW DECT', 'priorityId': 156534, 'priority': 'Minor', 'upstream': '', 'jira': 'https://jabra1.atlassian.net/browse/OS-1612'}, {'id': 9690944, 'name': "[FT, volume] Speaker volume steps doesn't follow UI", 'documentKey': 'Ob-BUG-256', 'statusId': 156536, 'status': 'Open', 'teamId': 156569, 'team': 'ESW DECT', 'priorityId': 156533, 'priority': 'Major', 'upstream': '9688993, 10200230', 'jira': 'https://jabra1.atlassian.net/browse/OS-1620'}, {'id': 9691886, 'name': 'Unstable beamformer performance on Osborn mid', 'documentKey': 'Ob-BUG-258', 'statusId': 156538, 'status': 'Closed', 'teamId': 156853, 'team': 'Audio Engineering', 'priorityId': 156533, 'priority': 'Major', 'upstream': '', 'jira': 'https://jabra1.atlassian.net/browse/OS-1625'}, {'id': 9699447, 'name': '[Test Fest, audio] There will be a few words distorted or lost during meeting', 'documentKey': 'Ob-BUG-262', 'statusId': 156536, 'status': 'Open', 'teamId': 156569, 'team': 'ESW DECT', 'priorityId': 156533, 'priority': 'Major', 'upstream': '10201482, 10202266', 'jira': 'https://jabra1.atlassian.net/browse/OS-1635'}, {'id': 9706461, 'name': '[Test Fest][Unfriendly]Same controller name as Spiderman', 'documentKey': 'Ob-BUG-264', 'statusId': 156536, 'status': 'Open', 'teamId': 156569, 'team': 'ESW DECT', 'priorityId': 156533, 'priority': 'Major', 'upstream': '10201058, 9689017, 10200265', 'jira': 'https://jabra1.atlassian.net/browse/OS-1637'}, {'id': 9714743, 'name': '[FT]can toggle the "Selected ringtone" under all states, but UI defined just idle/streaming can', 'documentKey': 'Ob-BUG-268', 'statusId': 156536, 'status': 'Open', 'teamId': 156569, 'team': 'ESW DECT', 'priorityId': 156534, 'priority': 'Minor', 'upstream': '8783867, 9725563, 9689023, 10200273', 'jira': 'https://jabra1.atlassian.net/browse/OS-1642'}, {'id': 9714994, 'name': '[Customer testing, Thin Client] Hulk switch took no effect  when Osborn plus was in SP and HP active call at the same time', 'documentKey': 'Ob-BUG-270', 'statusId': 156539, 'status': 'In Progress', 'teamId': 156569, 'team': 'ESW DECT', 'priorityId': 156533, 'priority': 'Major', 'upstream': '9685570, 9685562', 'jira': 'https://jabra1.atlassian.net/browse/HULK-888'}, {'id': 9717464, 'name': '[FT, Ringer]Incoming call + active call/hold call scenario, volume wheel behavior not match UI', 'documentKey': 'Ob-BUG-271', 'statusId': 156536, 'status': 'Open', 'teamId': 156569, 'team': 'ESW DECT', 'priorityId': 156534, 'priority': 'Minor', 'upstream': '7041441, 9725563, 9688993, 10200230', 'jira': 'https://jabra1.atlassian.net/browse/OS-1654'}, {'id': 9720426, 'name': '[SP IOP,  Teams ]DUT will turn to unmute state after resume the call ,unmuted during hold period before.', 'documentKey': 'Ob-BUG-274', 'statusId': 156536, 'status': 'Open', 'teamId': 156569, 'team': 'ESW DECT', 'priorityId': 156534, 'priority': 'Minor', 'upstream': '9685830, 9731058, 10200694, 10201424', 'jira': 'https://jabra1.atlassian.net/browse/OS-1659'}, {'id': 9857199, 'name': 'CLONE - [SP IOP, Mac, Zoom]Can not reject incoming call', 'documentKey': 'Ob-BUG-284', 'statusId': 156536, 'status': 'Open', 'teamId': 156569, 'team': 'ESW DECT', 'priorityId': 156533, 'priority': 'Major', 'upstream': '9745179', 'jira': 'https://jabra1.atlassian.net/browse/DAR-884'}, {'id': 9883325, 'name': 'OsbornMid_PID changed automatically on the same unit', 'documentKey': 'Ob-BUG-285', 'statusId': 156536, 'status': 'Open', 'teamId': 156569, 'team': 'ESW DECT', 'priorityId': 156533, 'priority': 'Major', 'upstream': '', 'jira': 'https://jabra1.atlassian.net/browse/OS-1715'}, {'id': 10091164, 'name': 'Speech_Analysis_TX and Speech_Analysis_RX events send invalid values when device goes into off hook', 'documentKey': 'Ob-BUG-287', 'statusId': 156536, 'status': 'Open', 'teamId': 156853, 'team': 'Audio Engineering', 'priorityId': 156535, 'priority': 'Trivial', 'upstream': '', 'jira': 'https://jabra1.atlassian.net/browse/OS-1721'}, {'id': 10098676, 'name': "OsbornMid_unit's ID changed into FFFFFFFFFFFF", 'documentKey': 'Ob-BUG-288', 'statusId': 156536, 'status': 'Open', 'teamId': 156569, 'team': 'ESW DECT', 'priorityId': 156535, 'priority': 'Trivial', 'upstream': '', 'jira': 'https://jabra1.atlassian.net/browse/OS-1722'}, {'id': 10098992, 'name': 'OsbornMid_USBID does not updated to the right one after CTO', 'documentKey': 'Ob-BUG-289', 'statusId': 156536, 'status': 'Open', 'teamId': 156569, 'team': 'ESW DECT', 'priorityId': 156535, 'priority': 'Trivial', 'upstream': '', 'jira': 'https://jabra1.atlassian.net/browse/OS-1723'}, {'id': 10099572, 'name': 'Strange behaviour in JDO after update', 'documentKey': 'Ob-BUG-290', 'statusId': 156538, 'status': 'Closed', 'teamId': 156571, 'team': 'DE Online', 'priorityId': 156535, 'priority': 'Trivial', 'upstream': '', 'jira': 'https://jabra1.atlassian.net/browse/OS-1725'}, {'id': 10113647, 'name': '[Mid][Partner certification, HP:Alcatel  300 , 400,500 and 8078s] HS  no call control ', 'documentKey': 'Ob-BUG-291', 'statusId': 156538, 'status': 'Closed', 'teamId': 156569, 'team': 'ESW DECT', 'priorityId': 156532, 'priority': 'Critical', 'upstream': '', 'jira': 'https://jabra1.atlassian.net/browse/OS-1726'}, {'id': 10205418, 'name': "[FT, Enumeration, JDO] Osborn in DFU mode can't be enumerated by JDO for Win", 'documentKey': 'Ob-BUG-292', 'statusId': 156536, 'status': 'Open', 'teamId': 156571, 'team': 'DE Online', 'priorityId': 156532, 'priority': 'Critical', 'upstream': '10201482, 10202266, 10200238, 10201059, 10200677, 10201407', 'jira': 'https://jabra1.atlassian.net/browse/OS-1751'}, {'id': 10209626, 'name': 'CLONE - [SP IOP,  Teams ]DUT will turn to unmute state after resume the call ,unmuted during hold period before.', 'documentKey': 'Ob-BUG-293', 'statusId': 156536, 'status': 'Open', 'teamId': 156569, 'team': 'ESW DECT', 'priorityId': 156534, 'priority': 'Minor', 'upstream': '', 'jira': 'https://jabra1.atlassian.net/browse/SPIDER-1901'}, {'id': 10218713, 'name': '[FT,Smart Ringer]In quiet condition, can hear the rustling ending sound after ringtone plays from controller', 'documentKey': 'Ob-BUG-294', 'statusId': 156536, 'status': 'Open', 'teamId': 156569, 'team': 'ESW DECT', 'priorityId': 156534, 'priority': 'Minor', 'upstream': '', 'jira': 'https://jabra1.atlassian.net/browse/OS-1778'}, {'id': 10219844, 'name': "Speed dial function doesn't work", 'documentKey': 'Ob-BUG-295', 'statusId': 156536, 'status': 'Open', 'teamId': 156569, 'team': 'ESW DECT', 'priorityId': 156533, 'priority': 'Major', 'upstream': '', 'jira': 'https://jabra1.atlassian.net/browse/OS-1779'}, {'id': 10230261, 'name': "CLONE - Speed dial function doesn't work", 'documentKey': 'Ob-BUG-296', 'statusId': 156536, 'status': 'Open', 'teamId': 156569, 'team': 'ESW DECT', 'priorityId': 156533, 'priority': 'Major', 'upstream': '', 'jira': 'https://jabra1.atlassian.net/browse/OS-1780'}, {'id': 10233337, 'name': 'Osborn Mid HS-Only still has the Reboot failure with v3.9.0 and V9.3.2.1 CTO', 'documentKey': 'Ob-BUG-297', 'statusId': 156536, 'status': 'Open', 'teamId': 156569, 'team': 'ESW DECT', 'priorityId': 156533, 'priority': 'Major', 'upstream': '', 'jira': 'https://jabra1.atlassian.net/browse/OS-1781'}, {'id': 10246779, 'name': "[FT, Updates]One mid sample can't be updated", 'documentKey': 'Ob-BUG-298', 'statusId': 156536, 'status': 'Open', 'teamId': 156569, 'team': 'ESW DECT', 'priorityId': 156533, 'priority': 'Major', 'upstream': '', 'jira': 'https://jabra1.atlassian.net/browse/OS-1783'}, {'id': 10252157, 'name': 'Osborn Plus Current Consumption Test failed on suspend mode', 'documentKey': 'Ob-BUG-299', 'statusId': 156539, 'status': 'In Progress', 'teamId': 156569, 'team': 'ESW DECT', 'priorityId': 156534, 'priority': 'Minor', 'upstream': '10207332, 10207378', 'jira': 'https://jabra1.atlassian.net/browse/OS-1785'}, {'id': 10317988, 'name': 'Osborn Plus Link seems can not to be refreshed from v3.9.1 to v3.9.0', 'documentKey': 'Ob-BUG-300', 'statusId': 156536, 'status': 'Open', 'teamId': 156569, 'team': 'ESW DECT', 'priorityId': 156533, 'priority': 'Major', 'upstream': '', 'jira': 'https://jabra1.atlassian.net/browse/OS-1797'}]"
2022-12-06 05:44:10 I Osbor Print           "CREATE TABLE IF NOT EXISTS defects (                     rel TEXT, team TEXT, status TEXT, priority TEXT, count INT, date TEXT) ENGINE=InnoDB DEFAULT CHARSET=utf8:successful"
2022-12-06 05:44:10 I Osbor Print           "CREATE TABLE IF NOT EXISTS alldefects (                     id INT, uniqueid TEXT, name TEXT, status TEXT, rel TEXT, team TEXT, priority TEXT, jira TEXT, upstream TEXT) ENGINE=InnoDB DEFAULT CHARSET=utf8:successful"
2022-12-06 05:44:10 I Osbor Print           "DELETE FROM defects WHERE date='2022-12-06':successful"
2022-12-06 05:44:10 I Osbor Print           "DELETE FROM alldefects WHERE id = 18088524:successful"
2022-12-06 05:44:10 I Osbor Print           "DELETE FROM alldefects WHERE id = 17184678:successful"
2022-12-06 05:44:10 I Osbor Print           "DELETE FROM alldefects WHERE id = 9169907:successful"
2022-12-06 05:44:10 I Osbor Print           "DELETE FROM alldefects WHERE id = 9175825:successful"
2022-12-06 05:44:10 I Osbor Print           "DELETE FROM alldefects WHERE id = 9176260:successful"
2022-12-06 05:44:10 I Osbor Print           "DELETE FROM alldefects WHERE id = 9176295:successful"
2022-12-06 05:44:10 I Osbor Print           "DELETE FROM alldefects WHERE id = 9181099:successful"
2022-12-06 05:44:10 I Osbor Print           "DELETE FROM alldefects WHERE id = 9181771:successful"
2022-12-06 05:44:10 I Osbor Print           "DELETE FROM alldefects WHERE id = 9191185:successful"
2022-12-06 05:44:10 I Osbor Print           "DELETE FROM alldefects WHERE id = 9191561:successful"
2022-12-06 05:44:10 I Osbor Print           "DELETE FROM alldefects WHERE id = 9239334:successful"
2022-12-06 05:44:10 I Osbor Print           "DELETE FROM alldefects WHERE id = 9241520:successful"
2022-12-06 05:44:10 I Osbor Print           "DELETE FROM alldefects WHERE id = 9304812:successful"
2022-12-06 05:44:10 I Osbor Print           "DELETE FROM alldefects WHERE id = 9304829:successful"
2022-12-06 05:44:10 I Osbor Print           "DELETE FROM alldefects WHERE id = 9307703:successful"
2022-12-06 05:44:10 I Osbor Print           "DELETE FROM alldefects WHERE id = 9307720:successful"
2022-12-06 05:44:10 I Osbor Print           "DELETE FROM alldefects WHERE id = 9314463:successful"
2022-12-06 05:44:10 I Osbor Print           "DELETE FROM alldefects WHERE id = 9355634:successful"
2022-12-06 05:44:10 I Osbor Print           "DELETE FROM alldefects WHERE id = 9444073:successful"
2022-12-06 05:44:10 I Osbor Print           "DELETE FROM alldefects WHERE id = 9453271:successful"
2022-12-06 05:44:10 I Osbor Print           "DELETE FROM alldefects WHERE id = 9463006:successful"
2022-12-06 05:44:10 I Osbor Print           "DELETE FROM alldefects WHERE id = 9468260:successful"
2022-12-06 05:44:10 I Osbor Print           "DELETE FROM alldefects WHERE id = 9470443:successful"
2022-12-06 05:44:10 I Osbor Print           "DELETE FROM alldefects WHERE id = 9569718:successful"
2022-12-06 05:44:10 I Osbor Print           "DELETE FROM alldefects WHERE id = 9638828:successful"
2022-12-06 05:44:10 I Osbor Print           "DELETE FROM alldefects WHERE id = 9638857:successful"
2022-12-06 05:44:10 I Osbor Print           "DELETE FROM alldefects WHERE id = 9656827:successful"
2022-12-06 05:44:10 I Osbor Print           "DELETE FROM alldefects WHERE id = 9657223:successful"
2022-12-06 05:44:10 I Osbor Print           "DELETE FROM alldefects WHERE id = 9657322:successful"
2022-12-06 05:44:10 I Osbor Print           "DELETE FROM alldefects WHERE id = 9681392:successful"
2022-12-06 05:44:10 I Osbor Print           "DELETE FROM alldefects WHERE id = 9681468:successful"
2022-12-06 05:44:10 I Osbor Print           "DELETE FROM alldefects WHERE id = 9690944:successful"
2022-12-06 05:44:10 I Osbor Print           "DELETE FROM alldefects WHERE id = 9691886:successful"
2022-12-06 05:44:10 I Osbor Print           "DELETE FROM alldefects WHERE id = 9699447:successful"
2022-12-06 05:44:10 I Osbor Print           "DELETE FROM alldefects WHERE id = 9706461:successful"
2022-12-06 05:44:10 I Osbor Print           "DELETE FROM alldefects WHERE id = 9714743:successful"
2022-12-06 05:44:10 I Osbor Print           "DELETE FROM alldefects WHERE id = 9714994:successful"
2022-12-06 05:44:10 I Osbor Print           "DELETE FROM alldefects WHERE id = 9717464:successful"
2022-12-06 05:44:10 I Osbor Print           "DELETE FROM alldefects WHERE id = 9720426:successful"
2022-12-06 05:44:10 I Osbor Print           "DELETE FROM alldefects WHERE id = 9857199:successful"
2022-12-06 05:44:10 I Osbor Print           "DELETE FROM alldefects WHERE id = 9883325:successful"
2022-12-06 05:44:10 I Osbor Print           "DELETE FROM alldefects WHERE id = 10091164:successful"
2022-12-06 05:44:10 I Osbor Print           "DELETE FROM alldefects WHERE id = 10098676:successful"
2022-12-06 05:44:10 I Osbor Print           "DELETE FROM alldefects WHERE id = 10098992:successful"
2022-12-06 05:44:10 I Osbor Print           "DELETE FROM alldefects WHERE id = 10099572:successful"
2022-12-06 05:44:10 I Osbor Print           "DELETE FROM alldefects WHERE id = 10113647:successful"
2022-12-06 05:44:10 I Osbor Print           "DELETE FROM alldefects WHERE id = 10205418:successful"
2022-12-06 05:44:10 I Osbor Print           "DELETE FROM alldefects WHERE id = 10209626:successful"
2022-12-06 05:44:10 I Osbor Print           "DELETE FROM alldefects WHERE id = 10218713:successful"
2022-12-06 05:44:10 I Osbor Print           "DELETE FROM alldefects WHERE id = 10219844:successful"
2022-12-06 05:44:10 I Osbor Print           "DELETE FROM alldefects WHERE id = 10230261:successful"
2022-12-06 05:44:10 I Osbor Print           "DELETE FROM alldefects WHERE id = 10233337:successful"
2022-12-06 05:44:10 I Osbor Print           "DELETE FROM alldefects WHERE id = 10246779:successful"
2022-12-06 05:44:10 I Osbor Print           "DELETE FROM alldefects WHERE id = 10252157:successful"
2022-12-06 05:44:10 I Osbor Print           "DELETE FROM alldefects WHERE id = 10317988:successful"
2022-12-06 05:44:10 I Osbor Print           "Not enough parameters for the SQL statement"
2022-12-06 05:44:10 I Osbor Print           "INSERT INTO defects (rel, team, status, count, date, priority) SELECT rel, team, status, count((@rn := @rn + 1)) as count, '2022-12-06' as date, priority FROM alldefects cross join (select @rn := 0) const GROUP BY rel, team, status, priority:successful"
2022-12-06 05:46:24 I Osbor get_multipickli "Unassigned don't find the mainteam name from G_parameter"
2022-12-06 05:46:50 I Osbor get_multipickli "Unassigned don't find the mainteam name from G_parameter"
2022-12-06 05:46:58 I Osbor get_multipickli "Unassigned don't find the mainteam name from G_parameter"
2022-12-06 05:50:35 I Osbor get_multipickli "Unassigned don't find the mainteam name from G_parameter"
2022-12-06 05:50:40 I Osbor get_multipickli "Unassigned don't find the mainteam name from G_parameter"
2022-12-06 05:51:01 I Osbor get_multipickli "Unassigned don't find the mainteam name from G_parameter"
2022-12-06 05:51:50 I Osbor get_multipickli "Unassigned don't find the mainteam name from G_parameter"
2022-12-06 05:51:58 I Osbor get_multipickli "Unassigned don't find the mainteam name from G_parameter"
2022-12-06 05:52:37 I Osbor get_multipickli "Unassigned don't find the mainteam name from G_parameter"
2022-12-06 05:53:01 I Osbor get_multipickli "Unassigned don't find the mainteam name from G_parameter"
2022-12-06 05:53:36 I Osbor get_multipickli "Unassigned don't find the mainteam name from G_parameter"
2022-12-06 05:54:01 I Osbor get_multipickli "Unassigned don't find the mainteam name from G_parameter"
2022-12-06 05:54:07 I Osbor get_multipickli "Unassigned don't find the mainteam name from G_parameter"
2022-12-06 05:54:23 I Osbor get_multipickli "Unassigned don't find the mainteam name from G_parameter"
2022-12-06 05:54:31 I Osbor get_multipickli "Unassigned don't find the mainteam name from G_parameter"
2022-12-06 05:54:40 I Osbor get_multipickli "Unassigned don't find the mainteam name from G_parameter"
2022-12-06 05:57:22 I Osbor get_multipickli "Unassigned don't find the mainteam name from G_parameter"
2022-12-06 06:03:31 I Osbor get_multipickli "Unassigned don't find the mainteam name from G_parameter"
2022-12-06 06:08:38 I Osbor get_multipickli "Digital Experience – Android don't find the mainteam name from G_parameter"
2022-12-06 06:08:42 I Osbor get_multipickli "Digital Experience – IOS don't find the mainteam name from G_parameter"
2022-12-06 06:08:49 I Osbor get_multipickli "ESW Platform Test don't find the mainteam name from G_parameter"
2022-12-06 06:10:59 I Osbor get_multipickli "ESW Platform Test don't find the mainteam name from G_parameter"
2022-12-06 06:11:05 I Osbor get_multipickli "ESW Platform Test don't find the mainteam name from G_parameter"
2022-12-06 06:16:36 I Osbor get_multipickli "Unassigned don't find the mainteam name from G_parameter"
2022-12-06 06:16:37 I Osbor get_multipickli "Unassigned don't find the mainteam name from G_parameter"
2022-12-06 06:17:29 I Osbor get_multipickli "Unassigned don't find the mainteam name from G_parameter"
2022-12-06 06:17:32 I Osbor get_multipickli "Unassigned don't find the mainteam name from G_parameter"
2022-12-06 06:17:35 I Osbor get_multipickli "Unassigned don't find the mainteam name from G_parameter"
2022-12-06 06:17:40 I Osbor get_multipickli "Unassigned don't find the mainteam name from G_parameter"
2022-12-06 06:20:24 I Osbor get_multipickli "Unassigned don't find the mainteam name from G_parameter"
2022-12-06 06:24:09 I Osbor get_multipickli "Unassigned don't find the mainteam name from G_parameter"
2022-12-06 06:26:21 I Osbor get_multipickli "Unassigned don't find the mainteam name from G_parameter"
2022-12-06 06:27:38 I Osbor get_multipickli "Unassigned don't find the mainteam name from G_parameter"
2022-12-06 06:44:28 I Osbor get_multipickli "Unassigned don't find the mainteam name from G_parameter"
2022-12-06 06:44:45 I Osbor get_multipickli "Unassigned don't find the mainteam name from G_parameter"
2022-12-06 06:45:19 I Osbor get_multipickli "Unassigned don't find the mainteam name from G_parameter"
2022-12-06 06:46:31 I Osbor get_multipickli "Unassigned don't find the mainteam name from G_parameter"
2022-12-06 06:46:51 I Osbor get_multipickli "Unassigned don't find the mainteam name from G_parameter"
2022-12-06 06:46:53 I Osbor get_multipickli "Unassigned don't find the mainteam name from G_parameter"
2022-12-06 06:46:58 I Osbor get_multipickli "Unassigned don't find the mainteam name from G_parameter"
2022-12-06 06:47:09 I Osbor get_multipickli "Unassigned don't find the mainteam name from G_parameter"
2022-12-06 06:47:11 I Osbor get_multipickli "Unassigned don't find the mainteam name from G_parameter"
2022-12-06 06:47:18 I Osbor get_multipickli "Unassigned don't find the mainteam name from G_parameter"
2022-12-06 06:47:23 I Osbor get_multipickli "Unassigned don't find the mainteam name from G_parameter"
2022-12-06 06:47:32 I Osbor get_multipickli "Unassigned don't find the mainteam name from G_parameter"
2022-12-06 06:47:37 I Osbor get_multipickli "Unassigned don't find the mainteam name from G_parameter"
2022-12-06 06:47:39 I Osbor get_multipickli "Unassigned don't find the mainteam name from G_parameter"
2022-12-06 06:47:43 I Osbor get_multipickli "Unassigned don't find the mainteam name from G_parameter"
2022-12-06 06:47:46 I Osbor get_multipickli "Unassigned don't find the mainteam name from G_parameter"
2022-12-06 06:47:48 I Osbor get_multipickli "Unassigned don't find the mainteam name from G_parameter"
2022-12-06 06:48:43 I Osbor get_multipickli "Unassigned don't find the mainteam name from G_parameter"
2022-12-06 06:48:43 I Osbor Print           "DROP TABLE IF EXISTS allrequirements:successful"
2022-12-06 06:48:43 I Osbor Print           "DROP TABLE IF EXISTS allcoverage:successful"
2022-12-06 06:48:43 I Osbor Print           "CREATE TABLE IF NOT EXISTS requirements (                        rel TEXT, status TEXT, count INT, date TEXT) ENGINE=InnoDB DEFAULT CHARSET=utf8:successful"
2022-12-06 06:48:44 I Osbor Print           "CREATE TABLE IF NOT EXISTS allrequirements (                        id INT, uniqueid TEXT, name TEXT, status TEXT, rel TEXT, upstream TEXT, downstream TEXT, team TEXT, test_status TEXT) ENGINE=InnoDB DEFAULT CHARSET=utf8:successful"
2022-12-06 06:48:44 I Osbor Print           "CREATE TABLE IF NOT EXISTS coverage (                        team text, covered int, expected int, date text) ENGINE=InnoDB DEFAULT CHARSET=utf8:successful"
2022-12-06 06:48:44 I Osbor Print           "CREATE TABLE IF NOT EXISTS allcoverage (                        id INT, uniqueid TEXT, name TEXT, status TEXT, rel TEXT, verify TEXT, missing TEXT) ENGINE=InnoDB DEFAULT CHARSET=utf8:successful"
2022-12-06 06:48:44 I Osbor Print           "DELETE FROM requirements WHERE date='2022-12-06':successful"
2022-12-06 06:48:44 I Osbor Print           "DELETE FROM coverage WHERE date='2022-12-06':successful"
2022-12-06 06:48:44 I Osbor Print           "INSERT INTO requirements (rel, status, count, date) SELECT rel, status, count((@rn := @rn + 1)) as count, '2022-12-06' as date FROM allrequirements cross join (select @rn := 0) const GROUP BY rel, status:successful"
2022-12-06 06:48:44 I Osbor Print           "CREATE TABLE IF NOT EXISTS feattest (rel TEXT, status TEXT, count TEXT, date TEXT) ENGINE=InnoDB DEFAULT CHARSET=utf8:successful"
2022-12-06 06:48:44 I Osbor Print           "CREATE TABLE IF NOT EXISTS reqtest (rel TEXT, status TEXT, count TEXT, date TEXT) ENGINE=InnoDB DEFAULT CHARSET=utf8:successful"
2022-12-06 06:48:44 I Osbor Print           "SELECT id FROM allfeatures:successful"
2022-12-06 06:48:44 I Osbor Print           "SELECT id,upstream,downstream,team FROM allrequirements:successful"
2022-12-06 06:48:44 I Osbor Print           "SELECT id FROM allcoverage:successful"
2022-12-06 06:48:44 I Osbor Print           "SELECT * FROM testcases:successful"
