2022-09-22 04:59:19 I Odin  Print           "Connet 20550 successfully!!!"
2022-09-22 04:59:19 I Odin  Get_alltests    "Get project name:Odin id:20550 all testplans"
2022-09-22 04:59:19 I Odin  Get_alltests    "{7979358: {'id': 7979358, 'name': 'Product Verification Test Plan', 'archived': False, 'index': '7979358:Product Verification Test Plan'}, 8559429: {'id': 8559429, 'name': 'UX Test Plan', 'archived': False, 'index': '8559429:UX Test Plan'}}"
2022-09-22 04:59:19 I Odin  Get_alltests    "Get project name:Odin id:20550 all testplans successful!!!"
2022-09-22 05:00:26 I Odin  tidy_alltestcas "101"
2022-09-22 05:01:08 I Odin  Print           "DROP TABLE IF EXISTS testcases:successful"
2022-09-22 05:01:08 I Odin  Print           "CREATE TABLE IF NOT EXISTS testcases (                             testplan_id INT,                             testplan_name TEXT,                             testgroup_id INT,                             testgroup_name TEXT,                             testcycle_id INT,                             testcycle_name TEXT,                             rel TEXT,                             id INT,                             uniqueid TEXT,                             name TEXT,                             status TEXT,                             upstream TEXT,                             downstream TEXT,                             executionDate TEXT) ENGINE=InnoDB DEFAULT CHARSET=utf8:successful"
2022-09-22 05:01:08 I Odin  update_database "Insert testcases table successful"
2022-09-22 05:01:08 I Odin  Print           "CREATE TABLE IF NOT EXISTS tests (                             testplan_id INT,                             testplan_name TEXT,                             testplan_status TEXT,                             rel TEXT, status TEXT,                             count INT, date TEXT) ENGINE=InnoDB DEFAULT CHARSET=utf8:successful"
2022-09-22 05:01:08 I Odin  Print           "DELETE FROM tests WHERE date='2022-09-22':successful"
2022-09-22 05:01:08 I Odin  Print           "SELECT testplan_id FROM tests GROUP BY testplan_id:successful"
2022-09-22 05:01:08 I Odin  Print           "SELECT testplan_name FROM tests WHERE testplan_id=7979358 LIMIT 1:successful"
2022-09-22 05:01:08 I Odin  Print           "UPDATE tests SET testplan_status='Active' WHERE testplan_id=7979358:successful"
2022-09-22 05:01:08 I Odin  Print           "SELECT testplan_name FROM tests WHERE testplan_id=8559429 LIMIT 1:successful"
2022-09-22 05:01:08 I Odin  Print           "UPDATE tests SET testplan_status='Active' WHERE testplan_id=8559429:successful"
2022-09-22 05:01:08 I Odin  Print           "INSERT INTO tests (testplan_id, testplan_name, testplan_status, rel, status, count, date) SELECT testplan_id, testplan_name, 'Active' as testplan_status, rel, status, count((@rn := @rn + 1)) as count, '2022-09-22' as date FROM testcases cross join (select @rn := 0) const GROUP BY testplan_id, rel, status:successful"
2022-09-22 05:01:08 I Odin  update_database "Insert tests table successful"
2022-09-22 05:01:08 I Odin  Print           "CREATE TABLE IF NOT EXISTS testapproval (                                 rel TEXT, team TEXT, status TEXT, upstream TEXT, count INT, date TEXT                                 ) ENGINE=InnoDB DEFAULT CHARSET=utf8:successful"
2022-09-22 05:01:08 I Odin  Print           "DROP TABLE IF EXISTS alltestapproval:successful"
2022-09-22 05:01:08 I Odin  Print           "CREATE TABLE IF NOT EXISTS alltestapproval (                                 id INT, uniqueid TEXT, name TEXT, status TEXT, rel TEXT, team TEXT, upstream TEXT                                 ) ENGINE=InnoDB DEFAULT CHARSET=utf8:successful"
2022-09-22 05:01:08 I Odin  Print           "DELETE FROM testapproval WHERE date='2022-09-22':successful"
2022-09-22 05:01:08 I Odin  Print           "INSERT INTO testapproval (rel, team, status, count, date, upstream) SELECT rel, team, status, count((@rn := @rn + 1)) as count, '2022-09-22' as date, upstream FROM alltestapproval cross join (select @rn := 0) const GROUP BY rel, team, status, upstream:successful"
2022-09-22 05:01:19 I Odin  Get_allfeatuers "[{'id': 7889124, 'name': 'Acoustic Protection Performance', 'documentKey': 'Od-FEAT-78', 'statusId': 156410, 'status': 'Approved'}, {'id': 9994365, 'name': 'Adjustable ANC', 'documentKey': 'Od-FEAT-305', 'statusId': 156409, 'status': 'Draft'}, {'id': 10078339, 'name': 'Fraunhofer LC3+ codec', 'documentKey': 'Od-FEAT-315', 'statusId': 156409, 'status': 'Draft'}, {'id': 9858184, 'name': 'Intel Bluetooth Accessory Certification', 'documentKey': 'Od-FEAT-304', 'statusId': 156584, 'status': 'Proposal'}, {'id': 10077886, 'name': 'Tencent Certification v.2.0 (Headsets) - Audio', 'documentKey': 'Od-FEAT-314', 'statusId': 156584, 'status': 'Proposal'}, {'id': 10019925, 'name': 'Dynamic Virtual Surround Sound audio, with headtracking (DVSS)', 'documentKey': 'Od-FEAT-307', 'statusId': 156409, 'status': 'Draft'}, {'id': 10077768, 'name': 'Natural Hearthrough', 'documentKey': 'Od-FEAT-309', 'statusId': 156409, 'status': 'Draft'}, {'id': 10077769, 'name': 'Conversation Mode', 'documentKey': 'Od-FEAT-310', 'statusId': 156409, 'status': 'Draft'}, {'id': 10077770, 'name': 'MySound Hearthrough', 'documentKey': 'Od-FEAT-311', 'statusId': 156409, 'status': 'Draft'}, {'id': 10077771, 'name': 'Automatic Awareness Mode', 'documentKey': 'Od-FEAT-312', 'statusId': 156409, 'status': 'Draft'}, {'id': 10077772, 'name': 'Speech Attention Mode', 'documentKey': 'Od-FEAT-313', 'statusId': 156409, 'status': 'Draft'}, {'id': 7888191, 'name': 'Platform', 'documentKey': 'Od-FEAT-44', 'statusId': 156409, 'status': 'Draft'}, {'id': 7888182, 'name': 'On-head detection', 'documentKey': 'Od-FEAT-41', 'statusId': 156584, 'status': 'Proposal'}, {'id': 7888137, 'name': 'Global Design Quality Standard', 'documentKey': 'Od-FEAT-26', 'statusId': 156410, 'status': 'Approved'}, {'id': 7888161, 'name': 'MFi certified', 'documentKey': 'Od-FEAT-34', 'statusId': 156410, 'status': 'Approved'}, {'id': 7888209, 'name': 'Regulatory approvals', 'documentKey': 'Od-FEAT-50', 'statusId': 156410, 'status': 'Approved'}, {'id': 9994408, 'name': 'TCO9 certification', 'documentKey': 'Od-FEAT-306', 'statusId': 156584, 'status': 'Proposal'}, {'id': 7888179, 'name': 'MySound for speech', 'documentKey': 'Od-FEAT-40', 'statusId': 156409, 'status': 'Draft'}, {'id': 8038648, 'name': 'Clean ui for OTH (Touch)', 'documentKey': 'Od-FEAT-275', 'statusId': 156409, 'status': 'Draft'}, {'id': 10077033, 'name': 'Smart Programmable Button (UC variant only)', 'documentKey': 'Od-FEAT-308', 'statusId': 156409, 'status': 'Draft'}, {'id': 8167051, 'name': 'UI Configurable Buttons // MyControls', 'documentKey': 'Od-FEAT-284', 'statusId': 156412, 'status': 'Rejected'}]"
2022-09-22 05:01:19 I Odin  Print           "CREATE TABLE IF NOT EXISTS features (                                rel TEXT, status TEXT, count INT, date TEXT) ENGINE=InnoDB DEFAULT CHARSET=utf8:successful"
2022-09-22 05:01:19 I Odin  Print           "CREATE TABLE IF NOT EXISTS allfeatures (                                id INT, uniqueid TEXT, name TEXT, status TEXT, rel TEXT,test_status TEXT) ENGINE=InnoDB DEFAULT CHARSET=utf8:successful"
2022-09-22 05:01:19 I Odin  Print           "DELETE FROM features WHERE date='2022-09-22':successful"
2022-09-22 05:01:19 I Odin  Print           "DELETE FROM allfeatures WHERE id=19961485:successful"
2022-09-22 05:01:19 I Odin  Print           "DELETE FROM allfeatures WHERE id=19852323:successful"
2022-09-22 05:01:19 I Odin  Print           "DELETE FROM allfeatures WHERE id=17281075:successful"
2022-09-22 05:01:19 I Odin  Print           "DELETE FROM allfeatures WHERE id=16747580:successful"
2022-09-22 05:01:19 I Odin  Print           "DELETE FROM allfeatures WHERE id=16540015:successful"
2022-09-22 05:01:19 I Odin  Print           "DELETE FROM allfeatures WHERE id=16539943:successful"
2022-09-22 05:01:19 I Odin  Print           "DELETE FROM allfeatures WHERE id=16539914:successful"
2022-09-22 05:01:19 I Odin  Print           "DELETE FROM allfeatures WHERE id=15806998:successful"
2022-09-22 05:01:19 I Odin  Print           "DELETE FROM allfeatures WHERE id=15727115:successful"
2022-09-22 05:01:19 I Odin  Print           "DELETE FROM allfeatures WHERE id=15727112:successful"
2022-09-22 05:01:19 I Odin  Print           "DELETE FROM allfeatures WHERE id=15727109:successful"
2022-09-22 05:01:19 I Odin  Print           "DELETE FROM allfeatures WHERE id=15727106:successful"
2022-09-22 05:01:19 I Odin  Print           "DELETE FROM allfeatures WHERE id=15727102:successful"
2022-09-22 05:01:19 I Odin  Print           "DELETE FROM allfeatures WHERE id=15727092:successful"
2022-09-22 05:01:19 I Odin  Print           "DELETE FROM allfeatures WHERE id=15639185:successful"
2022-09-22 05:01:19 I Odin  Print           "DELETE FROM allfeatures WHERE id=15632120:successful"
2022-09-22 05:01:19 I Odin  Print           "DELETE FROM allfeatures WHERE id=15631971:successful"
2022-09-22 05:01:19 I Odin  Print           "DELETE FROM allfeatures WHERE id=15631674:successful"
2022-09-22 05:01:19 I Odin  Print           "DELETE FROM allfeatures WHERE id=15305113:successful"
2022-09-22 05:01:19 I Odin  Print           "DELETE FROM allfeatures WHERE id=15305106:successful"
2022-09-22 05:01:19 I Odin  Print           "DELETE FROM allfeatures WHERE id=15305098:successful"
2022-09-22 05:01:19 I Odin  Print           "DELETE FROM allfeatures WHERE id=15305092:successful"
2022-09-22 05:01:19 I Odin  Print           "DELETE FROM allfeatures WHERE id=15305088:successful"
2022-09-22 05:01:19 I Odin  Print           "DELETE FROM allfeatures WHERE id=15305083:successful"
2022-09-22 05:01:19 I Odin  Print           "DELETE FROM allfeatures WHERE id=15305078:successful"
2022-09-22 05:01:19 I Odin  Print           "DELETE FROM allfeatures WHERE id=15305073:successful"
2022-09-22 05:01:19 I Odin  Print           "DELETE FROM allfeatures WHERE id=15305069:successful"
2022-09-22 05:01:19 I Odin  Print           "DELETE FROM allfeatures WHERE id=15305051:successful"
2022-09-22 05:01:19 I Odin  Print           "DELETE FROM allfeatures WHERE id=15305045:successful"
2022-09-22 05:01:19 I Odin  Print           "DELETE FROM allfeatures WHERE id=15305040:successful"
2022-09-22 05:01:19 I Odin  Print           "DELETE FROM allfeatures WHERE id=15305026:successful"
2022-09-22 05:01:19 I Odin  Print           "DELETE FROM allfeatures WHERE id=15305018:successful"
2022-09-22 05:01:19 I Odin  Print           "DELETE FROM allfeatures WHERE id=15305004:successful"
2022-09-22 05:01:19 I Odin  Print           "DELETE FROM allfeatures WHERE id=15304999:successful"
2022-09-22 05:01:19 I Odin  Print           "DELETE FROM allfeatures WHERE id=15304994:successful"
2022-09-22 05:01:19 I Odin  Print           "DELETE FROM allfeatures WHERE id=15304989:successful"
2022-09-22 05:01:19 I Odin  Print           "DELETE FROM allfeatures WHERE id=15304981:successful"
2022-09-22 05:01:19 I Odin  Print           "DELETE FROM allfeatures WHERE id=15304975:successful"
2022-09-22 05:01:19 I Odin  Print           "DELETE FROM allfeatures WHERE id=15304966:successful"
2022-09-22 05:01:19 I Odin  Print           "DELETE FROM allfeatures WHERE id=15304943:successful"
2022-09-22 05:01:19 I Odin  Print           "DELETE FROM allfeatures WHERE id=15083052:successful"
2022-09-22 05:01:19 I Odin  Print           "DELETE FROM allfeatures WHERE id=7889124:successful"
2022-09-22 05:01:19 I Odin  Print           "DELETE FROM allfeatures WHERE id=9994365:successful"
2022-09-22 05:01:19 I Odin  Print           "DELETE FROM allfeatures WHERE id=10078339:successful"
2022-09-22 05:01:19 I Odin  Print           "DELETE FROM allfeatures WHERE id=9858184:successful"
2022-09-22 05:01:19 I Odin  Print           "DELETE FROM allfeatures WHERE id=10077886:successful"
2022-09-22 05:01:19 I Odin  Print           "DELETE FROM allfeatures WHERE id=10019925:successful"
2022-09-22 05:01:19 I Odin  Print           "DELETE FROM allfeatures WHERE id=10077768:successful"
2022-09-22 05:01:19 I Odin  Print           "DELETE FROM allfeatures WHERE id=10077769:successful"
2022-09-22 05:01:19 I Odin  Print           "DELETE FROM allfeatures WHERE id=10077770:successful"
2022-09-22 05:01:19 I Odin  Print           "DELETE FROM allfeatures WHERE id=10077771:successful"
2022-09-22 05:01:19 I Odin  Print           "DELETE FROM allfeatures WHERE id=10077772:successful"
2022-09-22 05:01:19 I Odin  Print           "DELETE FROM allfeatures WHERE id=7888191:successful"
2022-09-22 05:01:19 I Odin  Print           "DELETE FROM allfeatures WHERE id=7888182:successful"
2022-09-22 05:01:19 I Odin  Print           "DELETE FROM allfeatures WHERE id=7888137:successful"
2022-09-22 05:01:19 I Odin  Print           "DELETE FROM allfeatures WHERE id=7888161:successful"
2022-09-22 05:01:19 I Odin  Print           "DELETE FROM allfeatures WHERE id=7888209:successful"
2022-09-22 05:01:19 I Odin  Print           "DELETE FROM allfeatures WHERE id=9994408:successful"
2022-09-22 05:01:19 I Odin  Print           "DELETE FROM allfeatures WHERE id=7888179:successful"
2022-09-22 05:01:19 I Odin  Print           "DELETE FROM allfeatures WHERE id=8038648:successful"
2022-09-22 05:01:19 I Odin  Print           "DELETE FROM allfeatures WHERE id=10077033:successful"
2022-09-22 05:01:19 I Odin  Print           "DELETE FROM allfeatures WHERE id=8167051:successful"
2022-09-22 05:01:19 I Odin  Print           "INSERT INTO features (rel, status, count, date)                                 SELECT rel, status, count((@rn := @rn + 1)) as count, '2022-09-22' as date FROM allfeatures cross join (select @rn := 0) const GROUP BY rel, status:successful"
2022-09-22 05:01:22 I Odin  Get_allchangere "[]"
2022-09-22 05:01:22 I Odin  Print           "CREATE TABLE IF NOT EXISTS changes (                                 rel TEXT, status TEXT, priority TEXT,                                 requester TEXT, date TEXT, count INT) ENGINE=InnoDB DEFAULT CHARSET=utf8:successful"
2022-09-22 05:01:22 I Odin  Print           "CREATE TABLE IF NOT EXISTS allchanges (                                 id INT, uniqueid TEXT, name TEXT,                                 status TEXT, rel TEXT, priority TEXT,                                 requester TEXT) ENGINE=InnoDB DEFAULT CHARSET=utf8:successful"
2022-09-22 05:01:22 I Odin  Print           "DELETE FROM changes WHERE date='2022-09-22':successful"
2022-09-22 05:01:22 I Odin  Print           "INSERT INTO changes (                                 rel, status, priority, requester, date, count)                                 SELECT rel, status, priority, requester, '2022-09-22' as date, count((@rn := @rn + 1)) as count FROM allchanges                                 cross join (select @rn := 0) const GROUP BY rel, status, priority, requester:successful"
2022-09-22 05:01:25 I Odin  Print           "CREATE TABLE IF NOT EXISTS designspec (                            rel TEXT, team TEXT, status TEXT, count INT, date text) ENGINE=InnoDB DEFAULT CHARSET=utf8:successful"
2022-09-22 05:01:25 I Odin  Print           "CREATE TABLE IF NOT EXISTS alldesignspec (                             id INT, uniqueid TEXT, name TEXT, status TEXT, rel TEXT, team TEXT) ENGINE=InnoDB DEFAULT CHARSET=utf8:successful"
2022-09-22 05:01:25 I Odin  Print           "DELETE FROM designspec WHERE date='2022-09-22':successful"
2022-09-22 05:01:25 I Odin  Print           "INSERT INTO designspec (rel, team, status, count, date) SELECT rel, team, status, count((@rn := @rn + 1)) as count, '2022-09-22' as date FROM alldesignspec cross join (select @rn := 0) const GROUP BY rel, team, status:successful"
2022-09-22 05:01:32 I Odin  Get_alluserstor "[]"
2022-09-22 05:01:32 I Odin  Print           "CREATE TABLE IF NOT EXISTS userstories (                 rel TEXT, status TEXT, count INT, date TEXT) ENGINE=InnoDB DEFAULT CHARSET=utf8:successful"
2022-09-22 05:01:32 I Odin  Print           "CREATE TABLE IF NOT EXISTS alluserstories (                 id INT, uniqueid TEXT, name TEXT, status TEXT, rel TEXT) ENGINE=InnoDB DEFAULT CHARSET=utf8:successful"
2022-09-22 05:01:32 I Odin  Print           "DELETE FROM userstories WHERE date='2022-09-22':successful"
2022-09-22 05:01:32 I Odin  Print           "INSERT INTO userstories (rel, status, count, date) SELECT rel, status, count((@rn := @rn + 1)) as count, '2022-09-22' as date FROM alluserstories cross join (select @rn := 0) const GROUP BY rel, status:successful"
2022-09-22 05:01:39 I Odin  Get_alldefects  "[]"
2022-09-22 05:01:39 I Odin  Print           "CREATE TABLE IF NOT EXISTS defects (                     rel TEXT, team TEXT, status TEXT, priority TEXT, count INT, date TEXT) ENGINE=InnoDB DEFAULT CHARSET=utf8:successful"
2022-09-22 05:01:39 I Odin  Print           "CREATE TABLE IF NOT EXISTS alldefects (                     id INT, uniqueid TEXT, name TEXT, status TEXT, rel TEXT, team TEXT, priority TEXT, jira TEXT, upstream TEXT) ENGINE=InnoDB DEFAULT CHARSET=utf8:successful"
2022-09-22 05:01:39 I Odin  Print           "DELETE FROM defects WHERE date='2022-09-22':successful"
2022-09-22 05:01:39 I Odin  Print           "INSERT INTO defects (rel, team, status, count, date, priority) SELECT rel, team, status, count((@rn := @rn + 1)) as count, '2022-09-22' as date, priority FROM alldefects cross join (select @rn := 0) const GROUP BY rel, team, status, priority:successful"
2022-09-22 05:03:33 I Odin  get_multipickli "Unassigned don't find the mainteam name from G_parameter"
2022-09-22 05:03:35 I Odin  get_multipickli "Unassigned don't find the mainteam name from G_parameter"
2022-09-22 05:03:37 I Odin  get_multipickli "Unassigned don't find the mainteam name from G_parameter"
2022-09-22 05:03:39 I Odin  get_multipickli "Unassigned don't find the mainteam name from G_parameter"
2022-09-22 05:05:08 I Odin  get_multipickli "Unassigned don't find the mainteam name from G_parameter"
2022-09-22 05:05:24 I Odin  get_multipickli "Unassigned don't find the mainteam name from G_parameter"
2022-09-22 05:08:59 I Odin  get_multipickli "Unassigned don't find the mainteam name from G_parameter"
2022-09-22 05:09:57 I Odin  get_multipickli "Unassigned don't find the mainteam name from G_parameter"
2022-09-22 05:12:20 I Odin  get_multipickli "Unassigned don't find the mainteam name from G_parameter"
2022-09-22 05:12:28 I Odin  get_multipickli "Unassigned don't find the mainteam name from G_parameter"
2022-09-22 05:12:33 I Odin  get_multipickli "Unassigned don't find the mainteam name from G_parameter"
2022-09-22 05:12:35 I Odin  get_multipickli "Unassigned don't find the mainteam name from G_parameter"
2022-09-22 05:12:38 I Odin  get_multipickli "Unassigned don't find the mainteam name from G_parameter"
2022-09-22 05:12:42 I Odin  get_multipickli "Unassigned don't find the mainteam name from G_parameter"
2022-09-22 05:12:47 I Odin  get_multipickli "Unassigned don't find the mainteam name from G_parameter"
2022-09-22 05:13:05 I Odin  get_multipickli "Unassigned don't find the mainteam name from G_parameter"
2022-09-22 05:13:24 I Odin  get_multipickli "Unassigned don't find the mainteam name from G_parameter"
2022-09-22 05:13:43 I Odin  get_multipickli "Unassigned don't find the mainteam name from G_parameter"
2022-09-22 05:14:00 I Odin  get_multipickli "Unassigned don't find the mainteam name from G_parameter"
2022-09-22 05:14:06 I Odin  get_multipickli "Unassigned don't find the mainteam name from G_parameter"
2022-09-22 05:14:09 I Odin  get_multipickli "Unassigned don't find the mainteam name from G_parameter"
2022-09-22 05:14:12 I Odin  get_multipickli "Unassigned don't find the mainteam name from G_parameter"
2022-09-22 05:14:15 I Odin  get_multipickli "Unassigned don't find the mainteam name from G_parameter"
2022-09-22 05:14:21 I Odin  get_multipickli "Unassigned don't find the mainteam name from G_parameter"
2022-09-22 05:14:29 I Odin  get_multipickli "Unassigned don't find the mainteam name from G_parameter"
2022-09-22 05:14:33 I Odin  get_multipickli "Unassigned don't find the mainteam name from G_parameter"
2022-09-22 05:14:37 I Odin  get_multipickli "Unassigned don't find the mainteam name from G_parameter"
2022-09-22 05:14:40 I Odin  get_multipickli "Unassigned don't find the mainteam name from G_parameter"
2022-09-22 05:14:44 I Odin  get_multipickli "Unassigned don't find the mainteam name from G_parameter"
2022-09-22 05:14:48 I Odin  get_multipickli "Unassigned don't find the mainteam name from G_parameter"
2022-09-22 05:14:51 I Odin  get_multipickli "Unassigned don't find the mainteam name from G_parameter"
2022-09-22 05:14:54 I Odin  get_multipickli "Unassigned don't find the mainteam name from G_parameter"
2022-09-22 05:14:58 I Odin  get_multipickli "Unassigned don't find the mainteam name from G_parameter"
2022-09-22 05:15:04 I Odin  get_multipickli "Unassigned don't find the mainteam name from G_parameter"
2022-09-22 05:15:06 I Odin  get_multipickli "Unassigned don't find the mainteam name from G_parameter"
2022-09-22 05:15:09 I Odin  get_multipickli "Unassigned don't find the mainteam name from G_parameter"
2022-09-22 05:15:10 I Odin  get_multipickli "Unassigned don't find the mainteam name from G_parameter"
2022-09-22 05:15:13 I Odin  get_multipickli "Unassigned don't find the mainteam name from G_parameter"
2022-09-22 05:15:19 I Odin  get_multipickli "Unassigned don't find the mainteam name from G_parameter"
2022-09-22 05:15:21 I Odin  get_multipickli "Unassigned don't find the mainteam name from G_parameter"
2022-09-22 05:15:23 I Odin  get_multipickli "Unassigned don't find the mainteam name from G_parameter"
2022-09-22 05:15:29 I Odin  get_multipickli "Unassigned don't find the mainteam name from G_parameter"
2022-09-22 05:17:25 I Odin  get_multipickli "Unassigned don't find the mainteam name from G_parameter"
2022-09-22 05:17:28 I Odin  get_multipickli "Unassigned don't find the mainteam name from G_parameter"
2022-09-22 05:17:32 I Odin  get_multipickli "Unassigned don't find the mainteam name from G_parameter"
2022-09-22 05:17:36 I Odin  get_multipickli "Unassigned don't find the mainteam name from G_parameter"
2022-09-22 05:18:57 I Odin  get_multipickli "Unassigned don't find the mainteam name from G_parameter"
2022-09-22 05:19:01 I Odin  get_multipickli "Unassigned don't find the mainteam name from G_parameter"
2022-09-22 05:19:04 I Odin  get_multipickli "Unassigned don't find the mainteam name from G_parameter"
2022-09-22 05:19:06 I Odin  get_multipickli "Unassigned don't find the mainteam name from G_parameter"
2022-09-22 05:19:09 I Odin  get_multipickli "Unassigned don't find the mainteam name from G_parameter"
2022-09-22 05:19:12 I Odin  get_multipickli "Unassigned don't find the mainteam name from G_parameter"
2022-09-22 05:24:09 I Odin  get_multipickli "Unassigned don't find the mainteam name from G_parameter"
2022-09-22 05:25:43 I Odin  get_multipickli "Unassigned don't find the mainteam name from G_parameter"
2022-09-22 05:26:01 I Odin  get_multipickli "Digital Experience – Android don't find the mainteam name from G_parameter"
2022-09-22 05:26:01 I Odin  get_multipickli "Digital Experience – IOS don't find the mainteam name from G_parameter"
2022-09-22 05:26:08 I Odin  get_multipickli "Digital Experience – Android don't find the mainteam name from G_parameter"
2022-09-22 05:26:08 I Odin  get_multipickli "Digital Experience – IOS don't find the mainteam name from G_parameter"
2022-09-22 05:26:12 I Odin  get_multipickli "Digital Experience – Android don't find the mainteam name from G_parameter"
2022-09-22 05:26:12 I Odin  get_multipickli "Digital Experience – IOS don't find the mainteam name from G_parameter"
2022-09-22 05:26:15 I Odin  get_multipickli "Digital Experience – Android don't find the mainteam name from G_parameter"
2022-09-22 05:26:15 I Odin  get_multipickli "Digital Experience – IOS don't find the mainteam name from G_parameter"
2022-09-22 05:26:46 I Odin  get_multipickli "ESW Platform Test don't find the mainteam name from G_parameter"
2022-09-22 05:27:38 I Odin  get_multipickli "Unassigned don't find the mainteam name from G_parameter"
2022-09-22 05:27:40 I Odin  get_multipickli "Unassigned don't find the mainteam name from G_parameter"
2022-09-22 05:27:42 I Odin  get_multipickli "Unassigned don't find the mainteam name from G_parameter"
2022-09-22 05:27:45 I Odin  get_multipickli "Unassigned don't find the mainteam name from G_parameter"
2022-09-22 05:27:45 I Odin  get_multipickli "Digital Experience – IOS don't find the mainteam name from G_parameter"
2022-09-22 05:27:46 I Odin  get_multipickli "Digital Experience – SDK don't find the mainteam name from G_parameter"
2022-09-22 05:29:21 I Odin  get_multipickli "Unassigned don't find the mainteam name from G_parameter"
2022-09-22 05:30:08 I Odin  get_multipickli "Digital Experience – Android don't find the mainteam name from G_parameter"
2022-09-22 05:30:08 I Odin  get_multipickli "Digital Experience – IOS don't find the mainteam name from G_parameter"
2022-09-22 05:30:19 I Odin  get_multipickli "Digital Experience – Android don't find the mainteam name from G_parameter"
2022-09-22 05:30:19 I Odin  get_multipickli "Digital Experience – IOS don't find the mainteam name from G_parameter"
2022-09-22 05:30:24 I Odin  get_multipickli "Digital Experience – Android don't find the mainteam name from G_parameter"
2022-09-22 05:30:24 I Odin  get_multipickli "Digital Experience – IOS don't find the mainteam name from G_parameter"
2022-09-22 05:30:51 I Odin  get_multipickli "Unassigned don't find the mainteam name from G_parameter"
2022-09-22 05:31:31 I Odin  get_multipickli "Digital Experience – Android don't find the mainteam name from G_parameter"
2022-09-22 05:31:31 I Odin  get_multipickli "Digital Experience – IOS don't find the mainteam name from G_parameter"
2022-09-22 05:31:36 I Odin  get_multipickli "Digital Experience – Android don't find the mainteam name from G_parameter"
2022-09-22 05:31:36 I Odin  get_multipickli "Digital Experience – IOS don't find the mainteam name from G_parameter"
2022-09-22 05:32:20 I Odin  get_multipickli "Digital Experience – Android don't find the mainteam name from G_parameter"
2022-09-22 05:32:20 I Odin  get_multipickli "Digital Experience – IOS don't find the mainteam name from G_parameter"
2022-09-22 05:32:23 I Odin  get_multipickli "Digital Experience – Android don't find the mainteam name from G_parameter"
2022-09-22 05:32:23 I Odin  get_multipickli "Digital Experience – IOS don't find the mainteam name from G_parameter"
2022-09-22 05:32:32 I Odin  get_multipickli "Digital Experience – Android don't find the mainteam name from G_parameter"
2022-09-22 05:32:32 I Odin  get_multipickli "Digital Experience – IOS don't find the mainteam name from G_parameter"
2022-09-22 05:32:35 I Odin  get_multipickli "Digital Experience – Android don't find the mainteam name from G_parameter"
2022-09-22 05:32:35 I Odin  get_multipickli "Digital Experience – IOS don't find the mainteam name from G_parameter"
2022-09-22 05:32:39 I Odin  get_multipickli "Digital Experience – Android don't find the mainteam name from G_parameter"
2022-09-22 05:32:39 I Odin  get_multipickli "Digital Experience – IOS don't find the mainteam name from G_parameter"
2022-09-22 05:32:41 I Odin  get_multipickli "Digital Experience – Android don't find the mainteam name from G_parameter"
2022-09-22 05:32:41 I Odin  get_multipickli "Digital Experience – IOS don't find the mainteam name from G_parameter"
2022-09-22 05:32:44 I Odin  get_multipickli "Digital Experience – Android don't find the mainteam name from G_parameter"
2022-09-22 05:32:44 I Odin  get_multipickli "Digital Experience – IOS don't find the mainteam name from G_parameter"
2022-09-22 05:32:54 I Odin  get_multipickli "Unassigned don't find the mainteam name from G_parameter"
2022-09-22 05:33:22 I Odin  get_multipickli "Unassigned don't find the mainteam name from G_parameter"
2022-09-22 05:33:34 I Odin  get_multipickli "Unassigned don't find the mainteam name from G_parameter"
2022-09-22 05:33:44 I Odin  get_multipickli "Unassigned don't find the mainteam name from G_parameter"
2022-09-22 05:34:30 I Odin  get_multipickli "Unassigned don't find the mainteam name from G_parameter"
2022-09-22 05:35:19 I Odin  get_multipickli "Unassigned don't find the mainteam name from G_parameter"
2022-09-22 05:35:21 I Odin  get_multipickli "Unassigned don't find the mainteam name from G_parameter"
2022-09-22 05:35:27 I Odin  get_multipickli "Unassigned don't find the mainteam name from G_parameter"
2022-09-22 05:35:29 I Odin  get_multipickli "Unassigned don't find the mainteam name from G_parameter"
2022-09-22 05:35:33 I Odin  get_multipickli "Unassigned don't find the mainteam name from G_parameter"
2022-09-22 05:35:38 I Odin  get_multipickli "Unassigned don't find the mainteam name from G_parameter"
2022-09-22 05:35:40 I Odin  get_multipickli "Unassigned don't find the mainteam name from G_parameter"
2022-09-22 05:36:01 I Odin  get_multipickli "Unassigned don't find the mainteam name from G_parameter"
2022-09-22 05:36:07 I Odin  get_multipickli "Unassigned don't find the mainteam name from G_parameter"
2022-09-22 05:36:10 I Odin  get_multipickli "Unassigned don't find the mainteam name from G_parameter"
2022-09-22 05:37:13 I Odin  get_multipickli "Unassigned don't find the mainteam name from G_parameter"
2022-09-22 05:37:29 I Odin  get_multipickli "Digital Experience – Android don't find the mainteam name from G_parameter"
2022-09-22 05:37:29 I Odin  get_multipickli "Digital Experience – IOS don't find the mainteam name from G_parameter"
2022-09-22 05:37:32 I Odin  get_multipickli "Digital Experience – Android don't find the mainteam name from G_parameter"
2022-09-22 05:37:32 I Odin  get_multipickli "Digital Experience – IOS don't find the mainteam name from G_parameter"
2022-09-22 05:38:30 I Odin  get_multipickli "ESW Platform Test don't find the mainteam name from G_parameter"
2022-09-22 05:38:42 I Odin  get_multipickli "Unassigned don't find the mainteam name from G_parameter"
2022-09-22 05:38:46 I Odin  Print           "DROP TABLE IF EXISTS allrequirements:successful"
2022-09-22 05:38:46 I Odin  Print           "DROP TABLE IF EXISTS allcoverage:successful"
2022-09-22 05:38:46 I Odin  Print           "CREATE TABLE IF NOT EXISTS requirements (                        rel TEXT, status TEXT, count INT, date TEXT) ENGINE=InnoDB DEFAULT CHARSET=utf8:successful"
2022-09-22 05:38:46 I Odin  Print           "CREATE TABLE IF NOT EXISTS allrequirements (                        id INT, uniqueid TEXT, name TEXT, status TEXT, rel TEXT, upstream TEXT, downstream TEXT, team TEXT, test_status TEXT) ENGINE=InnoDB DEFAULT CHARSET=utf8:successful"
2022-09-22 05:38:46 I Odin  Print           "CREATE TABLE IF NOT EXISTS coverage (                        team text, covered int, expected int, date text) ENGINE=InnoDB DEFAULT CHARSET=utf8:successful"
2022-09-22 05:38:46 I Odin  Print           "CREATE TABLE IF NOT EXISTS allcoverage (                        id INT, uniqueid TEXT, name TEXT, status TEXT, rel TEXT, verify TEXT, missing TEXT) ENGINE=InnoDB DEFAULT CHARSET=utf8:successful"
2022-09-22 05:38:46 I Odin  Print           "DELETE FROM requirements WHERE date='2022-09-22':successful"
2022-09-22 05:38:46 I Odin  Print           "DELETE FROM coverage WHERE date='2022-09-22':successful"
2022-09-22 05:38:46 I Odin  Print           "INSERT INTO requirements (rel, status, count, date) SELECT rel, status, count((@rn := @rn + 1)) as count, '2022-09-22' as date FROM allrequirements cross join (select @rn := 0) const GROUP BY rel, status:successful"
2022-09-22 05:38:46 I Odin  Print           "CREATE TABLE IF NOT EXISTS feattest (rel TEXT, status TEXT, count TEXT, date TEXT) ENGINE=InnoDB DEFAULT CHARSET=utf8:successful"
2022-09-22 05:38:46 I Odin  Print           "CREATE TABLE IF NOT EXISTS reqtest (rel TEXT, status TEXT, count TEXT, date TEXT) ENGINE=InnoDB DEFAULT CHARSET=utf8:successful"
2022-09-22 05:38:46 I Odin  Print           "SELECT id FROM allfeatures:successful"
2022-09-22 05:38:46 I Odin  Print           "SELECT id,upstream,downstream,team FROM allrequirements:successful"
2022-09-22 05:38:46 I Odin  Print           "SELECT id FROM allcoverage:successful"
2022-09-22 05:38:46 I Odin  Print           "SELECT * FROM testcases:successful"
