2023-01-14 07:23:04 I Astra Print           "Connet 20493 successfully!!!"
2023-01-14 07:23:04 I Astra Get_alltests    "Get project name:Astra id:20493 all testplans"
2023-01-14 07:23:12 I Astra Get_alltests    "{8267389: {'id': 8267389, 'name': 'Audio Test Plan', 'archived': False, 'index': '8267389:Audio Test Plan'}, 7874133: {'id': 7874133, 'name': 'ESW Test Plan', 'archived': False, 'index': '7874133:ESW Test Plan'}, 8018606: {'id': 8018606, 'name': 'HW DVT plan', 'archived': False, 'index': '8018606:HW DVT plan'}, 9043056: {'id': 9043056, 'name': 'MT Test Plan', 'archived': False, 'index': '9043056:MT Test Plan'}, 8476232: {'id': 8476232, 'name': 'Packaging Verification Plan', 'archived': False, 'index': '8476232:Packaging Verification Plan'}, 8931781: {'id': 8931781, 'name': 'Product Maintenance test plan', 'archived': False, 'index': '8931781:Product Maintenance test plan'}, 8038647: {'id': 8038647, 'name': 'Product Verification Test Plan', 'archived': False, 'index': '8038647:Product Verification Test Plan'}, 8539064: {'id': 8539064, 'name': 'Regulatory compliance plan', 'archived': False, 'index': '8539064:Regulatory compliance plan'}, 8597286: {'id': 8597286, 'name': 'RF DVT Test Plan', 'archived': False, 'index': '8597286:RF DVT Test Plan'}, 7240605: {'id': 7240605, 'name': 'UX Test Plan', 'archived': False, 'index': '7240605:UX Test Plan'}}"
2023-01-14 07:23:12 I Astra Get_alltests    "Get project name:Astra id:20493 all testplans successful!!!"
2023-01-14 07:34:24 I Astra tidy_alltestcas "1303"
2023-01-14 07:37:58 I Astra Print           "DROP TABLE IF EXISTS testcases:successful"
2023-01-14 07:37:58 I Astra Print           "CREATE TABLE IF NOT EXISTS testcases (                             testplan_id INT,                             testplan_name TEXT,                             testgroup_id INT,                             testgroup_name TEXT,                             testcycle_id INT,                             testcycle_name TEXT,                             rel TEXT,                             id INT,                             uniqueid TEXT,                             name TEXT,                             status TEXT,                             upstream TEXT,                             downstream TEXT,                             executionDate TEXT) ENGINE=InnoDB DEFAULT CHARSET=utf8:successful"
2023-01-14 07:37:58 I Astra update_database "Insert testcases table successful"
2023-01-14 07:37:58 I Astra Print           "CREATE TABLE IF NOT EXISTS tests (                             testplan_id INT,                             testplan_name TEXT,                             testplan_status TEXT,                             rel TEXT, status TEXT,                             count INT, date TEXT) ENGINE=InnoDB DEFAULT CHARSET=utf8:successful"
2023-01-14 07:37:58 I Astra Print           "DELETE FROM tests WHERE date='2023-01-14':successful"
2023-01-14 07:37:58 I Astra Print           "SELECT testplan_id FROM tests GROUP BY testplan_id:successful"
2023-01-14 07:37:58 I Astra Print           "SELECT testplan_name FROM tests WHERE testplan_id=8267389 LIMIT 1:successful"
2023-01-14 07:37:58 I Astra Print           "UPDATE tests SET testplan_status='Active' WHERE testplan_id=8267389:successful"
2023-01-14 07:37:58 I Astra Print           "SELECT testplan_name FROM tests WHERE testplan_id=7874133 LIMIT 1:successful"
2023-01-14 07:37:58 I Astra Print           "UPDATE tests SET testplan_status='Active' WHERE testplan_id=7874133:successful"
2023-01-14 07:37:58 I Astra Print           "SELECT testplan_name FROM tests WHERE testplan_id=8018606 LIMIT 1:successful"
2023-01-14 07:37:58 I Astra Print           "UPDATE tests SET testplan_status='Active' WHERE testplan_id=8018606:successful"
2023-01-14 07:37:58 I Astra Print           "SELECT testplan_name FROM tests WHERE testplan_id=9043056 LIMIT 1:successful"
2023-01-14 07:37:58 I Astra Print           "UPDATE tests SET testplan_status='Active' WHERE testplan_id=9043056:successful"
2023-01-14 07:37:58 I Astra Print           "SELECT testplan_name FROM tests WHERE testplan_id=8476232 LIMIT 1:successful"
2023-01-14 07:37:58 I Astra Print           "UPDATE tests SET testplan_status='Active' WHERE testplan_id=8476232:successful"
2023-01-14 07:37:58 I Astra Print           "SELECT testplan_name FROM tests WHERE testplan_id=8931781 LIMIT 1:successful"
2023-01-14 07:37:58 I Astra Print           "UPDATE tests SET testplan_status='Active' WHERE testplan_id=8931781:successful"
2023-01-14 07:37:58 I Astra Print           "SELECT testplan_name FROM tests WHERE testplan_id=8038647 LIMIT 1:successful"
2023-01-14 07:37:58 I Astra Print           "UPDATE tests SET testplan_status='Active' WHERE testplan_id=8038647:successful"
2023-01-14 07:37:58 I Astra Print           "SELECT testplan_name FROM tests WHERE testplan_id=8539064 LIMIT 1:successful"
2023-01-14 07:37:58 I Astra Print           "UPDATE tests SET testplan_status='Active' WHERE testplan_id=8539064:successful"
2023-01-14 07:37:58 I Astra Print           "SELECT testplan_name FROM tests WHERE testplan_id=8597286 LIMIT 1:successful"
2023-01-14 07:37:58 I Astra Print           "UPDATE tests SET testplan_status='Active' WHERE testplan_id=8597286:successful"
2023-01-14 07:37:58 I Astra Print           "SELECT testplan_name FROM tests WHERE testplan_id=7240605 LIMIT 1:successful"
2023-01-14 07:37:58 I Astra Print           "UPDATE tests SET testplan_status='Active' WHERE testplan_id=7240605:successful"
2023-01-14 07:37:58 I Astra Print           "INSERT INTO tests (testplan_id, testplan_name, testplan_status, rel, status, count, date) SELECT testplan_id, testplan_name, 'Active' as testplan_status, rel, status, count((@rn := @rn + 1)) as count, '2023-01-14' as date FROM testcases cross join (select @rn := 0) const GROUP BY testplan_id, rel, status:successful"
2023-01-14 07:37:58 I Astra update_database "Insert tests table successful"
2023-01-14 07:37:58 I Astra Print           "CREATE TABLE IF NOT EXISTS testapproval (                                 rel TEXT, team TEXT, status TEXT, upstream TEXT, count INT, date TEXT                                 ) ENGINE=InnoDB DEFAULT CHARSET=utf8:successful"
2023-01-14 07:37:58 I Astra Print           "DROP TABLE IF EXISTS alltestapproval:successful"
2023-01-14 07:37:58 I Astra Print           "CREATE TABLE IF NOT EXISTS alltestapproval (                                 id INT, uniqueid TEXT, name TEXT, status TEXT, rel TEXT, team TEXT, upstream TEXT                                 ) ENGINE=InnoDB DEFAULT CHARSET=utf8:successful"
2023-01-14 07:37:58 I Astra Print           "DELETE FROM testapproval WHERE date='2023-01-14':successful"
2023-01-14 07:37:58 I Astra Print           "INSERT INTO testapproval (rel, team, status, count, date, upstream) SELECT rel, team, status, count((@rn := @rn + 1)) as count, '2023-01-14' as date, upstream FROM alltestapproval cross join (select @rn := 0) const GROUP BY rel, team, status, upstream:successful"
2023-01-14 07:38:02 I Astra Get_allfeatuers "[]"
2023-01-14 07:38:02 I Astra Print           "CREATE TABLE IF NOT EXISTS features (                                rel TEXT, status TEXT, count INT, date TEXT) ENGINE=InnoDB DEFAULT CHARSET=utf8:successful"
2023-01-14 07:38:02 I Astra Print           "CREATE TABLE IF NOT EXISTS allfeatures (                                id INT, uniqueid TEXT, name TEXT, status TEXT, rel TEXT,test_status TEXT) ENGINE=InnoDB DEFAULT CHARSET=utf8:successful"
2023-01-14 07:38:02 I Astra Print           "DELETE FROM features WHERE date='2023-01-14':successful"
2023-01-14 07:38:02 I Astra Print           "DELETE FROM allfeatures WHERE id=16693278:successful"
2023-01-14 07:38:02 I Astra Print           "DELETE FROM allfeatures WHERE id=16693275:successful"
2023-01-14 07:38:02 I Astra Print           "DELETE FROM allfeatures WHERE id=15058362:successful"
2023-01-14 07:38:02 I Astra Print           "DELETE FROM allfeatures WHERE id=15043797:successful"
2023-01-14 07:38:02 I Astra Print           "DELETE FROM allfeatures WHERE id=14756385:successful"
2023-01-14 07:38:02 I Astra Print           "DELETE FROM allfeatures WHERE id=14431434:successful"
2023-01-14 07:38:02 I Astra Print           "DELETE FROM allfeatures WHERE id=14414091:successful"
2023-01-14 07:38:02 I Astra Print           "DELETE FROM allfeatures WHERE id=14384487:successful"
2023-01-14 07:38:02 I Astra Print           "DELETE FROM allfeatures WHERE id=14384484:successful"
2023-01-14 07:38:02 I Astra Print           "DELETE FROM allfeatures WHERE id=14117901:successful"
2023-01-14 07:38:02 I Astra Print           "DELETE FROM allfeatures WHERE id=14051091:successful"
2023-01-14 07:38:02 I Astra Print           "DELETE FROM allfeatures WHERE id=13060569:successful"
2023-01-14 07:38:02 I Astra Print           "DELETE FROM allfeatures WHERE id=12414029:successful"
2023-01-14 07:38:02 I Astra Print           "DELETE FROM allfeatures WHERE id=12305645:successful"
2023-01-14 07:38:02 I Astra Print           "DELETE FROM allfeatures WHERE id=12118463:successful"
2023-01-14 07:38:02 I Astra Print           "DELETE FROM allfeatures WHERE id=12068912:successful"
2023-01-14 07:38:02 I Astra Print           "DELETE FROM allfeatures WHERE id=12065384:successful"
2023-01-14 07:38:02 I Astra Print           "DELETE FROM allfeatures WHERE id=12064622:successful"
2023-01-14 07:38:02 I Astra Print           "DELETE FROM allfeatures WHERE id=11356413:successful"
2023-01-14 07:38:02 I Astra Print           "DELETE FROM allfeatures WHERE id=11356410:successful"
2023-01-14 07:38:02 I Astra Print           "DELETE FROM allfeatures WHERE id=11278551:successful"
2023-01-14 07:38:02 I Astra Print           "DELETE FROM allfeatures WHERE id=11260596:successful"
2023-01-14 07:38:02 I Astra Print           "DELETE FROM allfeatures WHERE id=11259297:successful"
2023-01-14 07:38:02 I Astra Print           "DELETE FROM allfeatures WHERE id=11147010:successful"
2023-01-14 07:38:02 I Astra Print           "DELETE FROM allfeatures WHERE id=11146983:successful"
2023-01-14 07:38:02 I Astra Print           "INSERT INTO features (rel, status, count, date)                                 SELECT rel, status, count((@rn := @rn + 1)) as count, '2023-01-14' as date FROM allfeatures cross join (select @rn := 0) const GROUP BY rel, status:successful"
2023-01-14 07:38:04 I Astra Get_allchangere "[]"
2023-01-14 07:38:04 I Astra Print           "CREATE TABLE IF NOT EXISTS changes (                                 rel TEXT, status TEXT, priority TEXT,                                 requester TEXT, date TEXT, count INT) ENGINE=InnoDB DEFAULT CHARSET=utf8:successful"
2023-01-14 07:38:04 I Astra Print           "CREATE TABLE IF NOT EXISTS allchanges (                                 id INT, uniqueid TEXT, name TEXT,                                 status TEXT, rel TEXT, priority TEXT,                                 requester TEXT) ENGINE=InnoDB DEFAULT CHARSET=utf8:successful"
2023-01-14 07:38:04 I Astra Print           "DELETE FROM changes WHERE date='2023-01-14':successful"
2023-01-14 07:38:04 I Astra Print           "INSERT INTO changes (                                 rel, status, priority, requester, date, count)                                 SELECT rel, status, priority, requester, '2023-01-14' as date, count((@rn := @rn + 1)) as count FROM allchanges                                 cross join (select @rn := 0) const GROUP BY rel, status, priority, requester:successful"
2023-01-14 07:38:06 I Astra Print           "CREATE TABLE IF NOT EXISTS designspec (                            rel TEXT, team TEXT, status TEXT, count INT, date text) ENGINE=InnoDB DEFAULT CHARSET=utf8:successful"
2023-01-14 07:38:06 I Astra Print           "CREATE TABLE IF NOT EXISTS alldesignspec (                             id INT, uniqueid TEXT, name TEXT, status TEXT, rel TEXT, team TEXT) ENGINE=InnoDB DEFAULT CHARSET=utf8:successful"
2023-01-14 07:38:06 I Astra Print           "DELETE FROM designspec WHERE date='2023-01-14':successful"
2023-01-14 07:38:06 I Astra Print           "INSERT INTO designspec (rel, team, status, count, date) SELECT rel, team, status, count((@rn := @rn + 1)) as count, '2023-01-14' as date FROM alldesignspec cross join (select @rn := 0) const GROUP BY rel, team, status:successful"
2023-01-14 07:38:10 I Astra Get_alluserstor "[]"
2023-01-14 07:38:10 I Astra Print           "CREATE TABLE IF NOT EXISTS userstories (                 rel TEXT, status TEXT, count INT, date TEXT) ENGINE=InnoDB DEFAULT CHARSET=utf8:successful"
2023-01-14 07:38:10 I Astra Print           "CREATE TABLE IF NOT EXISTS alluserstories (                 id INT, uniqueid TEXT, name TEXT, status TEXT, rel TEXT) ENGINE=InnoDB DEFAULT CHARSET=utf8:successful"
2023-01-14 07:38:10 I Astra Print           "DELETE FROM userstories WHERE date='2023-01-14':successful"
2023-01-14 07:38:10 I Astra Print           "INSERT INTO userstories (rel, status, count, date) SELECT rel, status, count((@rn := @rn + 1)) as count, '2023-01-14' as date FROM alluserstories cross join (select @rn := 0) const GROUP BY rel, status:successful"
2023-01-14 07:38:30 I Astra Get_alldefects  "[{'id': 9290989, 'name': 'CLONE - Go bit for FWU not set by Sound+', 'documentKey': 'As-BUG-969', 'statusId': 156536, 'status': 'Open', 'teamId': 156570, 'team': 'DE Mobile Apps', 'priorityId': 156534, 'priority': 'Minor', 'upstream': '', 'jira': 'https://jabra1.atlassian.net/browse/HAZ-268'}, {'id': 9513868, 'name': 'CLONE - Go bit for FWU not set by Sound+', 'documentKey': 'As-BUG-1006', 'statusId': 156536, 'status': 'Open', 'teamId': 156570, 'team': 'DE Mobile Apps', 'priorityId': 156533, 'priority': 'Major', 'upstream': '', 'jira': 'https://jabra1.atlassian.net/browse/ASTRA-1907'}, {'id': 9872509, 'name': 'MyFit throws an error while completing the flow using one earbud', 'documentKey': 'As-BUG-1017', 'statusId': 156536, 'status': 'Open', 'teamId': 157251, 'team': 'ESW BT', 'priorityId': 156534, 'priority': 'Minor', 'upstream': '', 'jira': 'https://jabra1.atlassian.net/browse/ASTRA-1930'}]"
2023-01-14 07:38:30 I Astra Print           "CREATE TABLE IF NOT EXISTS defects (                     rel TEXT, team TEXT, status TEXT, priority TEXT, count INT, date TEXT) ENGINE=InnoDB DEFAULT CHARSET=utf8:successful"
2023-01-14 07:38:30 I Astra Print           "CREATE TABLE IF NOT EXISTS alldefects (                     id INT, uniqueid TEXT, name TEXT, status TEXT, rel TEXT, team TEXT, priority TEXT, jira TEXT, upstream TEXT) ENGINE=InnoDB DEFAULT CHARSET=utf8:successful"
2023-01-14 07:38:31 I Astra Print           "DELETE FROM defects WHERE date='2023-01-14':successful"
2023-01-14 07:38:31 I Astra Print           "DELETE FROM alldefects WHERE id = 9290989:successful"
2023-01-14 07:38:31 I Astra Print           "DELETE FROM alldefects WHERE id = 9513868:successful"
2023-01-14 07:38:31 I Astra Print           "DELETE FROM alldefects WHERE id = 9872509:successful"
2023-01-14 07:38:31 I Astra Print           "Not enough parameters for the SQL statement"
2023-01-14 07:38:31 I Astra Print           "INSERT INTO defects (rel, team, status, count, date, priority) SELECT rel, team, status, count((@rn := @rn + 1)) as count, '2023-01-14' as date, priority FROM alldefects cross join (select @rn := 0) const GROUP BY rel, team, status, priority:successful"
2023-01-14 07:42:28 I Astra get_multipickli "Unassigned don't find the mainteam name from G_parameter"
2023-01-14 07:44:55 I Astra get_multipickli "Digital Experience – Android don't find the mainteam name from G_parameter"
2023-01-14 07:44:59 I Astra get_multipickli "Digital Experience – IOS don't find the mainteam name from G_parameter"
2023-01-14 07:45:00 I Astra get_multipickli "Digital Experience – SDK don't find the mainteam name from G_parameter"
2023-01-14 07:56:22 I Astra get_multipickli "Unassigned don't find the mainteam name from G_parameter"
2023-01-14 07:57:02 I Astra get_multipickli "Unassigned don't find the mainteam name from G_parameter"
2023-01-14 07:57:08 I Astra get_multipickli "Unassigned don't find the mainteam name from G_parameter"
2023-01-14 07:57:30 I Astra get_multipickli "Unassigned don't find the mainteam name from G_parameter"
2023-01-14 07:58:21 I Astra get_multipickli "Unassigned don't find the mainteam name from G_parameter"
2023-01-14 07:58:56 I Astra get_multipickli "Unassigned don't find the mainteam name from G_parameter"
2023-01-14 07:59:22 I Astra get_multipickli "Unassigned don't find the mainteam name from G_parameter"
2023-01-14 07:59:45 I Astra get_multipickli "Unassigned don't find the mainteam name from G_parameter"
2023-01-14 07:59:51 I Astra get_multipickli "Unassigned don't find the mainteam name from G_parameter"
2023-01-14 07:59:57 I Astra get_multipickli "Unassigned don't find the mainteam name from G_parameter"
2023-01-14 08:04:16 I Astra get_multipickli "Digital Experience – Android don't find the mainteam name from G_parameter"
2023-01-14 08:04:16 I Astra get_multipickli "Digital Experience – IOS don't find the mainteam name from G_parameter"
2023-01-14 08:04:41 I Astra get_multipickli "Digital Experience – Android don't find the mainteam name from G_parameter"
2023-01-14 08:04:41 I Astra get_multipickli "Digital Experience – IOS don't find the mainteam name from G_parameter"
2023-01-14 08:05:00 I Astra get_multipickli "Digital Experience – Android don't find the mainteam name from G_parameter"
2023-01-14 08:05:00 I Astra get_multipickli "Digital Experience – IOS don't find the mainteam name from G_parameter"
2023-01-14 08:05:26 I Astra get_multipickli "Digital Experience – Android don't find the mainteam name from G_parameter"
2023-01-14 08:05:26 I Astra get_multipickli "Digital Experience – IOS don't find the mainteam name from G_parameter"
2023-01-14 08:06:34 I Astra get_multipickli "ESW Platform Test don't find the mainteam name from G_parameter"
2023-01-14 08:07:03 I Astra get_multipickli "ESW Platform Test don't find the mainteam name from G_parameter"
2023-01-14 08:07:31 I Astra get_multipickli "ESW Platform Test don't find the mainteam name from G_parameter"
2023-01-14 08:08:00 I Astra get_multipickli "Digital Experience – Android don't find the mainteam name from G_parameter"
2023-01-14 08:08:00 I Astra get_multipickli "Digital Experience – IOS don't find the mainteam name from G_parameter"
2023-01-14 08:08:29 I Astra get_multipickli "ESW Platform Test don't find the mainteam name from G_parameter"
2023-01-14 08:11:24 I Astra get_multipickli "ESW Platform Test don't find the mainteam name from G_parameter"
2023-01-14 08:12:57 I Astra get_multipickli "Digital Experience – Android don't find the mainteam name from G_parameter"
2023-01-14 08:12:57 I Astra get_multipickli "Digital Experience – IOS don't find the mainteam name from G_parameter"
2023-01-14 08:12:57 I Astra get_multipickli "Digital Experience – SDK don't find the mainteam name from G_parameter"
2023-01-14 08:13:16 I Astra get_multipickli "Unassigned don't find the mainteam name from G_parameter"
2023-01-14 08:14:31 I Astra get_multipickli "ESW Platform Test don't find the mainteam name from G_parameter"
2023-01-14 08:14:50 I Astra get_multipickli "ESW Platform Test don't find the mainteam name from G_parameter"
2023-01-14 08:15:09 I Astra get_multipickli "Unassigned don't find the mainteam name from G_parameter"
2023-01-14 08:15:09 I Astra get_multipickli "ESW Platform Test don't find the mainteam name from G_parameter"
2023-01-14 08:17:24 I Astra get_multipickli "Digital Experience – Android don't find the mainteam name from G_parameter"
2023-01-14 08:17:24 I Astra get_multipickli "Digital Experience – IOS don't find the mainteam name from G_parameter"
2023-01-14 08:17:41 I Astra get_multipickli "Unassigned don't find the mainteam name from G_parameter"
2023-01-14 08:17:41 I Astra get_multipickli "ESW Platform Test don't find the mainteam name from G_parameter"
2023-01-14 08:19:34 I Astra get_multipickli "Digital Experience – Android don't find the mainteam name from G_parameter"
2023-01-14 08:19:34 I Astra get_multipickli "Digital Experience – IOS don't find the mainteam name from G_parameter"
2023-01-14 08:19:39 I Astra get_multipickli "Digital Experience – Android don't find the mainteam name from G_parameter"
2023-01-14 08:19:39 I Astra get_multipickli "Digital Experience – IOS don't find the mainteam name from G_parameter"
2023-01-14 08:20:18 I Astra get_multipickli "Digital Experience – Android don't find the mainteam name from G_parameter"
2023-01-14 08:20:18 I Astra get_multipickli "Digital Experience – IOS don't find the mainteam name from G_parameter"
2023-01-14 08:20:34 I Astra get_multipickli "Digital Experience – Android don't find the mainteam name from G_parameter"
2023-01-14 08:20:34 I Astra get_multipickli "Digital Experience – IOS don't find the mainteam name from G_parameter"
2023-01-14 08:21:27 I Astra get_multipickli "Digital Experience – Android don't find the mainteam name from G_parameter"
2023-01-14 08:21:27 I Astra get_multipickli "Digital Experience – IOS don't find the mainteam name from G_parameter"
2023-01-14 08:21:33 I Astra get_multipickli "Digital Experience – Android don't find the mainteam name from G_parameter"
2023-01-14 08:21:33 I Astra get_multipickli "Digital Experience – IOS don't find the mainteam name from G_parameter"
2023-01-14 08:21:39 I Astra get_multipickli "Digital Experience – Android don't find the mainteam name from G_parameter"
2023-01-14 08:21:39 I Astra get_multipickli "Digital Experience – IOS don't find the mainteam name from G_parameter"
2023-01-14 08:21:44 I Astra get_multipickli "Digital Experience – Android don't find the mainteam name from G_parameter"
2023-01-14 08:21:44 I Astra get_multipickli "Digital Experience – IOS don't find the mainteam name from G_parameter"
2023-01-14 08:21:50 I Astra get_multipickli "Digital Experience – Android don't find the mainteam name from G_parameter"
2023-01-14 08:21:50 I Astra get_multipickli "Digital Experience – IOS don't find the mainteam name from G_parameter"
2023-01-14 08:21:55 I Astra get_multipickli "Digital Experience – Android don't find the mainteam name from G_parameter"
2023-01-14 08:21:55 I Astra get_multipickli "Digital Experience – IOS don't find the mainteam name from G_parameter"
2023-01-14 08:22:06 I Astra get_multipickli "Unassigned don't find the mainteam name from G_parameter"
2023-01-14 08:22:12 I Astra get_multipickli "Digital Experience – Android don't find the mainteam name from G_parameter"
2023-01-14 08:22:12 I Astra get_multipickli "Digital Experience – IOS don't find the mainteam name from G_parameter"
2023-01-14 08:22:17 I Astra get_multipickli "Digital Experience – Android don't find the mainteam name from G_parameter"
2023-01-14 08:22:22 I Astra get_multipickli "Digital Experience – Android don't find the mainteam name from G_parameter"
2023-01-14 08:22:27 I Astra get_multipickli "Digital Experience – Android don't find the mainteam name from G_parameter"
2023-01-14 08:22:32 I Astra get_multipickli "Digital Experience – Android don't find the mainteam name from G_parameter"
2023-01-14 08:22:37 I Astra get_multipickli "Digital Experience – Android don't find the mainteam name from G_parameter"
2023-01-14 08:22:43 I Astra get_multipickli "Digital Experience – Android don't find the mainteam name from G_parameter"
2023-01-14 08:22:54 I Astra get_multipickli "Digital Experience – Android don't find the mainteam name from G_parameter"
2023-01-14 08:22:54 I Astra get_multipickli "Digital Experience – IOS don't find the mainteam name from G_parameter"
2023-01-14 08:25:21 I Astra Print           "DROP TABLE IF EXISTS allrequirements:successful"
2023-01-14 08:25:21 I Astra Print           "DROP TABLE IF EXISTS allcoverage:successful"
2023-01-14 08:25:21 I Astra Print           "CREATE TABLE IF NOT EXISTS requirements (                        rel TEXT, status TEXT, count INT, date TEXT) ENGINE=InnoDB DEFAULT CHARSET=utf8:successful"
2023-01-14 08:25:21 I Astra Print           "CREATE TABLE IF NOT EXISTS allrequirements (                        id INT, uniqueid TEXT, name TEXT, status TEXT, rel TEXT, upstream TEXT, downstream TEXT, team TEXT, test_status TEXT) ENGINE=InnoDB DEFAULT CHARSET=utf8:successful"
2023-01-14 08:25:21 I Astra Print           "CREATE TABLE IF NOT EXISTS coverage (                        team text, covered int, expected int, date text) ENGINE=InnoDB DEFAULT CHARSET=utf8:successful"
2023-01-14 08:25:21 I Astra Print           "CREATE TABLE IF NOT EXISTS allcoverage (                        id INT, uniqueid TEXT, name TEXT, status TEXT, rel TEXT, verify TEXT, missing TEXT) ENGINE=InnoDB DEFAULT CHARSET=utf8:successful"
2023-01-14 08:25:21 I Astra Print           "DELETE FROM requirements WHERE date='2023-01-14':successful"
2023-01-14 08:25:21 I Astra Print           "DELETE FROM coverage WHERE date='2023-01-14':successful"
2023-01-14 08:25:21 I Astra Print           "INSERT INTO requirements (rel, status, count, date) SELECT rel, status, count((@rn := @rn + 1)) as count, '2023-01-14' as date FROM allrequirements cross join (select @rn := 0) const GROUP BY rel, status:successful"
2023-01-14 08:25:21 I Astra Print           "CREATE TABLE IF NOT EXISTS feattest (rel TEXT, status TEXT, count TEXT, date TEXT) ENGINE=InnoDB DEFAULT CHARSET=utf8:successful"
2023-01-14 08:25:21 I Astra Print           "CREATE TABLE IF NOT EXISTS reqtest (rel TEXT, status TEXT, count TEXT, date TEXT) ENGINE=InnoDB DEFAULT CHARSET=utf8:successful"
2023-01-14 08:25:21 I Astra Print           "SELECT id FROM allfeatures:successful"
2023-01-14 08:25:21 I Astra Print           "SELECT id,upstream,downstream,team FROM allrequirements:successful"
2023-01-14 08:25:21 I Astra Print           "SELECT id FROM allcoverage:successful"
2023-01-14 08:25:21 I Astra Print           "SELECT * FROM testcases:successful"
