2023-01-14 08:33:29 I Elano Print           "Connet 20603 successfully!!!"
2023-01-14 08:33:29 I Elano Get_alltests    "Get project name:Elanor id:20603 all testplans"
2023-01-14 08:33:31 I Elano Get_alltests    "{}"
2023-01-14 08:33:31 I Elano Get_alltests    "Get project name:Elanor id:20603 all testplans successful!!!"
2023-01-14 08:33:31 I Elano tidy_alltestcas "0"
2023-01-14 08:33:31 I Elano Print           "DROP TABLE IF EXISTS testcases:successful"
2023-01-14 08:33:31 I Elano Print           "CREATE TABLE IF NOT EXISTS testcases (                             testplan_id INT,                             testplan_name TEXT,                             testgroup_id INT,                             testgroup_name TEXT,                             testcycle_id INT,                             testcycle_name TEXT,                             rel TEXT,                             id INT,                             uniqueid TEXT,                             name TEXT,                             status TEXT,                             upstream TEXT,                             downstream TEXT,                             executionDate TEXT) ENGINE=InnoDB DEFAULT CHARSET=utf8:successful"
2023-01-14 08:33:31 I Elano update_database "Insert testcases table successful"
2023-01-14 08:33:31 I Elano Print           "CREATE TABLE IF NOT EXISTS tests (                             testplan_id INT,                             testplan_name TEXT,                             testplan_status TEXT,                             rel TEXT, status TEXT,                             count INT, date TEXT) ENGINE=InnoDB DEFAULT CHARSET=utf8:successful"
2023-01-14 08:33:31 I Elano Print           "DELETE FROM tests WHERE date='2023-01-14':successful"
2023-01-14 08:33:31 I Elano Print           "SELECT testplan_id FROM tests GROUP BY testplan_id:successful"
2023-01-14 08:33:31 I Elano Print           "INSERT INTO tests (testplan_id, testplan_name, testplan_status, rel, status, count, date) SELECT testplan_id, testplan_name, 'Active' as testplan_status, rel, status, count((@rn := @rn + 1)) as count, '2023-01-14' as date FROM testcases cross join (select @rn := 0) const GROUP BY testplan_id, rel, status:successful"
2023-01-14 08:33:31 I Elano update_database "Insert tests table successful"
2023-01-14 08:33:31 I Elano Print           "CREATE TABLE IF NOT EXISTS testapproval (                                 rel TEXT, team TEXT, status TEXT, upstream TEXT, count INT, date TEXT                                 ) ENGINE=InnoDB DEFAULT CHARSET=utf8:successful"
2023-01-14 08:33:31 I Elano Print           "DROP TABLE IF EXISTS alltestapproval:successful"
2023-01-14 08:33:31 I Elano Print           "CREATE TABLE IF NOT EXISTS alltestapproval (                                 id INT, uniqueid TEXT, name TEXT, status TEXT, rel TEXT, team TEXT, upstream TEXT                                 ) ENGINE=InnoDB DEFAULT CHARSET=utf8:successful"
2023-01-14 08:33:31 I Elano Print           "DELETE FROM testapproval WHERE date='2023-01-14':successful"
2023-01-14 08:33:31 I Elano Print           "INSERT INTO testapproval (rel, team, status, count, date, upstream) SELECT rel, team, status, count((@rn := @rn + 1)) as count, '2023-01-14' as date, upstream FROM alltestapproval cross join (select @rn := 0) const GROUP BY rel, team, status, upstream:successful"
2023-01-14 08:33:34 I Elano Get_allfeatuers "[]"
2023-01-14 08:33:34 I Elano Print           "CREATE TABLE IF NOT EXISTS features (                                rel TEXT, status TEXT, count INT, date TEXT) ENGINE=InnoDB DEFAULT CHARSET=utf8:successful"
2023-01-14 08:33:34 I Elano Print           "CREATE TABLE IF NOT EXISTS allfeatures (                                id INT, uniqueid TEXT, name TEXT, status TEXT, rel TEXT,test_status TEXT) ENGINE=InnoDB DEFAULT CHARSET=utf8:successful"
2023-01-14 08:33:34 I Elano Print           "DELETE FROM features WHERE date='2023-01-14':successful"
2023-01-14 08:33:34 I Elano Print           "DELETE FROM allfeatures WHERE id=18553605:successful"
2023-01-14 08:33:34 I Elano Print           "DELETE FROM allfeatures WHERE id=18387242:successful"
2023-01-14 08:33:34 I Elano Print           "DELETE FROM allfeatures WHERE id=18384363:successful"
2023-01-14 08:33:34 I Elano Print           "DELETE FROM allfeatures WHERE id=18384290:successful"
2023-01-14 08:33:34 I Elano Print           "DELETE FROM allfeatures WHERE id=18383799:successful"
2023-01-14 08:33:34 I Elano Print           "DELETE FROM allfeatures WHERE id=18362052:successful"
2023-01-14 08:33:34 I Elano Print           "DELETE FROM allfeatures WHERE id=18343391:successful"
2023-01-14 08:33:34 I Elano Print           "DELETE FROM allfeatures WHERE id=18316326:successful"
2023-01-14 08:33:34 I Elano Print           "DELETE FROM allfeatures WHERE id=18316322:successful"
2023-01-14 08:33:34 I Elano Print           "DELETE FROM allfeatures WHERE id=18314391:successful"
2023-01-14 08:33:34 I Elano Print           "DELETE FROM allfeatures WHERE id=18314290:successful"
2023-01-14 08:33:34 I Elano Print           "DELETE FROM allfeatures WHERE id=18313782:successful"
2023-01-14 08:33:34 I Elano Print           "INSERT INTO features (rel, status, count, date)                                 SELECT rel, status, count((@rn := @rn + 1)) as count, '2023-01-14' as date FROM allfeatures cross join (select @rn := 0) const GROUP BY rel, status:successful"
2023-01-14 08:33:36 I Elano Get_allchangere "[]"
2023-01-14 08:33:36 I Elano Print           "CREATE TABLE IF NOT EXISTS changes (                                 rel TEXT, status TEXT, priority TEXT,                                 requester TEXT, date TEXT, count INT) ENGINE=InnoDB DEFAULT CHARSET=utf8:successful"
2023-01-14 08:33:36 I Elano Print           "CREATE TABLE IF NOT EXISTS allchanges (                                 id INT, uniqueid TEXT, name TEXT,                                 status TEXT, rel TEXT, priority TEXT,                                 requester TEXT) ENGINE=InnoDB DEFAULT CHARSET=utf8:successful"
2023-01-14 08:33:36 I Elano Print           "DELETE FROM changes WHERE date='2023-01-14':successful"
2023-01-14 08:33:36 I Elano Print           "INSERT INTO changes (                                 rel, status, priority, requester, date, count)                                 SELECT rel, status, priority, requester, '2023-01-14' as date, count((@rn := @rn + 1)) as count FROM allchanges                                 cross join (select @rn := 0) const GROUP BY rel, status, priority, requester:successful"
2023-01-14 08:33:37 I Elano Print           "CREATE TABLE IF NOT EXISTS designspec (                            rel TEXT, team TEXT, status TEXT, count INT, date text) ENGINE=InnoDB DEFAULT CHARSET=utf8:successful"
2023-01-14 08:33:37 I Elano Print           "CREATE TABLE IF NOT EXISTS alldesignspec (                             id INT, uniqueid TEXT, name TEXT, status TEXT, rel TEXT, team TEXT) ENGINE=InnoDB DEFAULT CHARSET=utf8:successful"
2023-01-14 08:33:37 I Elano Print           "DELETE FROM designspec WHERE date='2023-01-14':successful"
2023-01-14 08:33:37 I Elano Print           "INSERT INTO designspec (rel, team, status, count, date) SELECT rel, team, status, count((@rn := @rn + 1)) as count, '2023-01-14' as date FROM alldesignspec cross join (select @rn := 0) const GROUP BY rel, team, status:successful"
2023-01-14 08:33:41 I Elano Get_alluserstor "[]"
2023-01-14 08:33:41 I Elano Print           "CREATE TABLE IF NOT EXISTS userstories (                 rel TEXT, status TEXT, count INT, date TEXT) ENGINE=InnoDB DEFAULT CHARSET=utf8:successful"
2023-01-14 08:33:41 I Elano Print           "CREATE TABLE IF NOT EXISTS alluserstories (                 id INT, uniqueid TEXT, name TEXT, status TEXT, rel TEXT) ENGINE=InnoDB DEFAULT CHARSET=utf8:successful"
2023-01-14 08:33:41 I Elano Print           "DELETE FROM userstories WHERE date='2023-01-14':successful"
2023-01-14 08:33:41 I Elano Print           "INSERT INTO userstories (rel, status, count, date) SELECT rel, status, count((@rn := @rn + 1)) as count, '2023-01-14' as date FROM alluserstories cross join (select @rn := 0) const GROUP BY rel, status:successful"
2023-01-14 08:33:45 I Elano Get_alldefects  "[]"
2023-01-14 08:33:45 I Elano Print           "CREATE TABLE IF NOT EXISTS defects (                     rel TEXT, team TEXT, status TEXT, priority TEXT, count INT, date TEXT) ENGINE=InnoDB DEFAULT CHARSET=utf8:successful"
2023-01-14 08:33:45 I Elano Print           "CREATE TABLE IF NOT EXISTS alldefects (                     id INT, uniqueid TEXT, name TEXT, status TEXT, rel TEXT, team TEXT, priority TEXT, jira TEXT, upstream TEXT) ENGINE=InnoDB DEFAULT CHARSET=utf8:successful"
2023-01-14 08:33:45 I Elano Print           "DELETE FROM defects WHERE date='2023-01-14':successful"
2023-01-14 08:33:45 I Elano Print           "INSERT INTO defects (rel, team, status, count, date, priority) SELECT rel, team, status, count((@rn := @rn + 1)) as count, '2023-01-14' as date, priority FROM alldefects cross join (select @rn := 0) const GROUP BY rel, team, status, priority:successful"
2023-01-14 08:34:27 I Elano get_multipickli "Unassigned don't find the mainteam name from G_parameter"
2023-01-14 08:34:52 I Elano get_multipickli "Unassigned don't find the mainteam name from G_parameter"
2023-01-14 08:34:56 I Elano get_multipickli "Unassigned don't find the mainteam name from G_parameter"
2023-01-14 08:35:43 I Elano get_multipickli "Unassigned don't find the mainteam name from G_parameter"
2023-01-14 08:36:05 I Elano get_multipickli "Unassigned don't find the mainteam name from G_parameter"
2023-01-14 08:36:23 I Elano get_multipickli "Unassigned don't find the mainteam name from G_parameter"
2023-01-14 08:36:32 I Elano get_multipickli "Unassigned don't find the mainteam name from G_parameter"
2023-01-14 08:36:43 I Elano get_multipickli "Unassigned don't find the mainteam name from G_parameter"
2023-01-14 08:36:52 I Elano get_multipickli "Unassigned don't find the mainteam name from G_parameter"
2023-01-14 08:37:00 I Elano get_multipickli "Unassigned don't find the mainteam name from G_parameter"
2023-01-14 08:37:05 I Elano get_multipickli "Unassigned don't find the mainteam name from G_parameter"
2023-01-14 08:37:09 I Elano get_multipickli "Unassigned don't find the mainteam name from G_parameter"
2023-01-14 08:37:16 I Elano get_multipickli "Unassigned don't find the mainteam name from G_parameter"
2023-01-14 08:37:22 I Elano get_multipickli "Unassigned don't find the mainteam name from G_parameter"
2023-01-14 08:37:28 I Elano get_multipickli "Unassigned don't find the mainteam name from G_parameter"
2023-01-14 08:37:48 I Elano get_multipickli "Unassigned don't find the mainteam name from G_parameter"
2023-01-14 08:45:54 I Elano get_multipickli "Digital Experience – Android don't find the mainteam name from G_parameter"
2023-01-14 08:45:56 I Elano get_multipickli "Digital Experience – IOS don't find the mainteam name from G_parameter"
2023-01-14 08:46:32 I Elano get_multipickli "Digital Experience – Android don't find the mainteam name from G_parameter"
2023-01-14 08:46:32 I Elano get_multipickli "Digital Experience – IOS don't find the mainteam name from G_parameter"
2023-01-14 08:46:38 I Elano get_multipickli "Digital Experience – SDK don't find the mainteam name from G_parameter"
2023-01-14 08:46:43 I Elano get_multipickli "Digital Experience – SDK don't find the mainteam name from G_parameter"
2023-01-14 08:46:59 I Elano get_multipickli "Digital Experience – IOS don't find the mainteam name from G_parameter"
2023-01-14 08:47:04 I Elano get_multipickli "Digital Experience – Android don't find the mainteam name from G_parameter"
2023-01-14 08:47:04 I Elano get_multipickli "Digital Experience – IOS don't find the mainteam name from G_parameter"
2023-01-14 08:47:23 I Elano get_multipickli "ESW Platform Test don't find the mainteam name from G_parameter"
2023-01-14 08:47:28 I Elano get_multipickli "ESW Platform Test don't find the mainteam name from G_parameter"
2023-01-14 08:47:54 I Elano get_multipickli "Digital Experience – Android don't find the mainteam name from G_parameter"
2023-01-14 08:47:54 I Elano get_multipickli "Digital Experience – IOS don't find the mainteam name from G_parameter"
2023-01-14 08:48:26 I Elano get_multipickli "Unassigned don't find the mainteam name from G_parameter"
2023-01-14 08:52:48 I Elano get_multipickli "Unassigned don't find the mainteam name from G_parameter"
2023-01-14 08:52:53 I Elano get_multipickli "Unassigned don't find the mainteam name from G_parameter"
2023-01-14 08:53:04 I Elano get_multipickli "Unassigned don't find the mainteam name from G_parameter"
2023-01-14 08:53:15 I Elano get_multipickli "Unassigned don't find the mainteam name from G_parameter"
2023-01-14 08:53:20 I Elano get_multipickli "Unassigned don't find the mainteam name from G_parameter"
2023-01-14 08:53:31 I Elano get_multipickli "Unassigned don't find the mainteam name from G_parameter"
2023-01-14 08:55:04 I Elano get_multipickli "Unassigned don't find the mainteam name from G_parameter"
2023-01-14 08:55:15 I Elano get_multipickli "Unassigned don't find the mainteam name from G_parameter"
2023-01-14 08:55:25 I Elano get_multipickli "Digital Experience – Android don't find the mainteam name from G_parameter"
2023-01-14 08:55:25 I Elano get_multipickli "Digital Experience – IOS don't find the mainteam name from G_parameter"
2023-01-14 08:55:31 I Elano get_multipickli "Digital Experience – SDK don't find the mainteam name from G_parameter"
2023-01-14 08:55:47 I Elano get_multipickli "Digital Experience – Android don't find the mainteam name from G_parameter"
2023-01-14 08:55:47 I Elano get_multipickli "Digital Experience – IOS don't find the mainteam name from G_parameter"
2023-01-14 08:56:32 I Elano get_multipickli "Digital Experience – IOS don't find the mainteam name from G_parameter"
2023-01-14 08:56:32 I Elano get_multipickli "Digital Experience – SDK don't find the mainteam name from G_parameter"
2023-01-14 08:56:37 I Elano get_multipickli "Digital Experience – Android don't find the mainteam name from G_parameter"
2023-01-14 08:56:37 I Elano get_multipickli "Digital Experience – IOS don't find the mainteam name from G_parameter"
2023-01-14 08:56:37 I Elano get_multipickli "Digital Experience – SDK don't find the mainteam name from G_parameter"
2023-01-14 08:57:46 I Elano get_multipickli "Unassigned don't find the mainteam name from G_parameter"
2023-01-14 08:57:57 I Elano get_multipickli "Digital Experience – Android don't find the mainteam name from G_parameter"
2023-01-14 08:57:57 I Elano get_multipickli "Digital Experience – IOS don't find the mainteam name from G_parameter"
2023-01-14 08:59:40 I Elano get_multipickli "Unassigned don't find the mainteam name from G_parameter"
2023-01-14 08:59:53 I Elano get_multipickli "Unassigned don't find the mainteam name from G_parameter"
2023-01-14 08:59:58 I Elano get_multipickli "Unassigned don't find the mainteam name from G_parameter"
2023-01-14 09:00:27 I Elano get_multipickli "Unassigned don't find the mainteam name from G_parameter"
2023-01-14 09:00:37 I Elano get_multipickli "Unassigned don't find the mainteam name from G_parameter"
2023-01-14 09:01:08 I Elano get_multipickli "Unassigned don't find the mainteam name from G_parameter"
2023-01-14 09:01:13 I Elano get_multipickli "Unassigned don't find the mainteam name from G_parameter"
2023-01-14 09:01:19 I Elano get_multipickli "Unassigned don't find the mainteam name from G_parameter"
2023-01-14 09:01:25 I Elano get_multipickli "Unassigned don't find the mainteam name from G_parameter"
2023-01-14 09:01:30 I Elano get_multipickli "Unassigned don't find the mainteam name from G_parameter"
2023-01-14 09:03:23 I Elano get_multipickli "Unassigned don't find the mainteam name from G_parameter"
2023-01-14 09:10:38 I Elano get_multipickli "Unassigned don't find the mainteam name from G_parameter"
2023-01-14 09:10:45 I Elano get_multipickli "Unassigned don't find the mainteam name from G_parameter"
2023-01-14 09:10:51 I Elano get_multipickli "Unassigned don't find the mainteam name from G_parameter"
2023-01-14 09:11:01 I Elano get_multipickli "Unassigned don't find the mainteam name from G_parameter"
2023-01-14 09:11:06 I Elano get_multipickli "Unassigned don't find the mainteam name from G_parameter"
2023-01-14 09:11:17 I Elano Print           "DROP TABLE IF EXISTS allrequirements:successful"
2023-01-14 09:11:17 I Elano Print           "DROP TABLE IF EXISTS allcoverage:successful"
2023-01-14 09:11:17 I Elano Print           "CREATE TABLE IF NOT EXISTS requirements (                        rel TEXT, status TEXT, count INT, date TEXT) ENGINE=InnoDB DEFAULT CHARSET=utf8:successful"
2023-01-14 09:11:17 I Elano Print           "CREATE TABLE IF NOT EXISTS allrequirements (                        id INT, uniqueid TEXT, name TEXT, status TEXT, rel TEXT, upstream TEXT, downstream TEXT, team TEXT, test_status TEXT) ENGINE=InnoDB DEFAULT CHARSET=utf8:successful"
2023-01-14 09:11:17 I Elano Print           "CREATE TABLE IF NOT EXISTS coverage (                        team text, covered int, expected int, date text) ENGINE=InnoDB DEFAULT CHARSET=utf8:successful"
2023-01-14 09:11:17 I Elano Print           "CREATE TABLE IF NOT EXISTS allcoverage (                        id INT, uniqueid TEXT, name TEXT, status TEXT, rel TEXT, verify TEXT, missing TEXT) ENGINE=InnoDB DEFAULT CHARSET=utf8:successful"
2023-01-14 09:11:17 I Elano Print           "DELETE FROM requirements WHERE date='2023-01-14':successful"
2023-01-14 09:11:17 I Elano Print           "DELETE FROM coverage WHERE date='2023-01-14':successful"
2023-01-14 09:11:17 I Elano Print           "INSERT INTO requirements (rel, status, count, date) SELECT rel, status, count((@rn := @rn + 1)) as count, '2023-01-14' as date FROM allrequirements cross join (select @rn := 0) const GROUP BY rel, status:successful"
2023-01-14 09:11:17 I Elano Print           "CREATE TABLE IF NOT EXISTS feattest (rel TEXT, status TEXT, count TEXT, date TEXT) ENGINE=InnoDB DEFAULT CHARSET=utf8:successful"
2023-01-14 09:11:17 I Elano Print           "CREATE TABLE IF NOT EXISTS reqtest (rel TEXT, status TEXT, count TEXT, date TEXT) ENGINE=InnoDB DEFAULT CHARSET=utf8:successful"
2023-01-14 09:11:17 I Elano Print           "SELECT id FROM allfeatures:successful"
2023-01-14 09:11:17 I Elano Print           "SELECT id,upstream,downstream,team FROM allrequirements:successful"
2023-01-14 09:11:17 I Elano Print           "SELECT id FROM allcoverage:successful"
2023-01-14 09:11:17 I Elano Print           "SELECT * FROM testcases:successful"
