2023-01-14 09:31:02 I Polar Print           "Connet 20620 successfully!!!"
2023-01-14 09:31:02 I Polar Get_alltests    "Get project name:Polaris id:20620 all testplans"
2023-01-14 09:31:04 I Polar Get_alltests    "{}"
2023-01-14 09:31:04 I Polar Get_alltests    "Get project name:Polaris id:20620 all testplans successful!!!"
2023-01-14 09:31:04 I Polar tidy_alltestcas "0"
2023-01-14 09:31:04 I Polar Print           "DROP TABLE IF EXISTS testcases:successful"
2023-01-14 09:31:04 I Polar Print           "CREATE TABLE IF NOT EXISTS testcases (                             testplan_id INT,                             testplan_name TEXT,                             testgroup_id INT,                             testgroup_name TEXT,                             testcycle_id INT,                             testcycle_name TEXT,                             rel TEXT,                             id INT,                             uniqueid TEXT,                             name TEXT,                             status TEXT,                             upstream TEXT,                             downstream TEXT,                             executionDate TEXT) ENGINE=InnoDB DEFAULT CHARSET=utf8:successful"
2023-01-14 09:31:04 I Polar update_database "Insert testcases table successful"
2023-01-14 09:31:04 I Polar Print           "CREATE TABLE IF NOT EXISTS tests (                             testplan_id INT,                             testplan_name TEXT,                             testplan_status TEXT,                             rel TEXT, status TEXT,                             count INT, date TEXT) ENGINE=InnoDB DEFAULT CHARSET=utf8:successful"
2023-01-14 09:31:04 I Polar Print           "DELETE FROM tests WHERE date='2023-01-14':successful"
2023-01-14 09:31:04 I Polar Print           "SELECT testplan_id FROM tests GROUP BY testplan_id:successful"
2023-01-14 09:31:04 I Polar Print           "INSERT INTO tests (testplan_id, testplan_name, testplan_status, rel, status, count, date) SELECT testplan_id, testplan_name, 'Active' as testplan_status, rel, status, count((@rn := @rn + 1)) as count, '2023-01-14' as date FROM testcases cross join (select @rn := 0) const GROUP BY testplan_id, rel, status:successful"
2023-01-14 09:31:04 I Polar update_database "Insert tests table successful"
2023-01-14 09:31:04 I Polar Print           "CREATE TABLE IF NOT EXISTS testapproval (                                 rel TEXT, team TEXT, status TEXT, upstream TEXT, count INT, date TEXT                                 ) ENGINE=InnoDB DEFAULT CHARSET=utf8:successful"
2023-01-14 09:31:04 I Polar Print           "DROP TABLE IF EXISTS alltestapproval:successful"
2023-01-14 09:31:04 I Polar Print           "CREATE TABLE IF NOT EXISTS alltestapproval (                                 id INT, uniqueid TEXT, name TEXT, status TEXT, rel TEXT, team TEXT, upstream TEXT                                 ) ENGINE=InnoDB DEFAULT CHARSET=utf8:successful"
2023-01-14 09:31:04 I Polar Print           "DELETE FROM testapproval WHERE date='2023-01-14':successful"
2023-01-14 09:31:04 I Polar Print           "INSERT INTO testapproval (rel, team, status, count, date, upstream) SELECT rel, team, status, count((@rn := @rn + 1)) as count, '2023-01-14' as date, upstream FROM alltestapproval cross join (select @rn := 0) const GROUP BY rel, team, status, upstream:successful"
2023-01-14 09:31:10 I Polar Get_allfeatuers "[{'id': 9540548, 'name': 'User Audio Configuration', 'documentKey': 'Pol-FEAT-11', 'statusId': 156584, 'status': 'Proposal'}]"
2023-01-14 09:31:10 I Polar Print           "CREATE TABLE IF NOT EXISTS features (                                rel TEXT, status TEXT, count INT, date TEXT) ENGINE=InnoDB DEFAULT CHARSET=utf8:successful"
2023-01-14 09:31:10 I Polar Print           "CREATE TABLE IF NOT EXISTS allfeatures (                                id INT, uniqueid TEXT, name TEXT, status TEXT, rel TEXT,test_status TEXT) ENGINE=InnoDB DEFAULT CHARSET=utf8:successful"
2023-01-14 09:31:10 I Polar Print           "DELETE FROM features WHERE date='2023-01-14':successful"
2023-01-14 09:31:10 I Polar Print           "DELETE FROM allfeatures WHERE id=20976567:successful"
2023-01-14 09:31:10 I Polar Print           "DELETE FROM allfeatures WHERE id=20623227:successful"
2023-01-14 09:31:10 I Polar Print           "DELETE FROM allfeatures WHERE id=20497723:successful"
2023-01-14 09:31:10 I Polar Print           "DELETE FROM allfeatures WHERE id=20497687:successful"
2023-01-14 09:31:10 I Polar Print           "DELETE FROM allfeatures WHERE id=20495173:successful"
2023-01-14 09:31:10 I Polar Print           "DELETE FROM allfeatures WHERE id=20490902:successful"
2023-01-14 09:31:10 I Polar Print           "DELETE FROM allfeatures WHERE id=20490894:successful"
2023-01-14 09:31:10 I Polar Print           "DELETE FROM allfeatures WHERE id=20490889:successful"
2023-01-14 09:31:10 I Polar Print           "DELETE FROM allfeatures WHERE id=20485504:successful"
2023-01-14 09:31:10 I Polar Print           "DELETE FROM allfeatures WHERE id=20455724:successful"
2023-01-14 09:31:10 I Polar Print           "DELETE FROM allfeatures WHERE id=20455679:successful"
2023-01-14 09:31:10 I Polar Print           "DELETE FROM allfeatures WHERE id=20389169:successful"
2023-01-14 09:31:10 I Polar Print           "DELETE FROM allfeatures WHERE id=20227819:successful"
2023-01-14 09:31:10 I Polar Print           "DELETE FROM allfeatures WHERE id=20199518:successful"
2023-01-14 09:31:10 I Polar Print           "DELETE FROM allfeatures WHERE id=19616757:successful"
2023-01-14 09:31:10 I Polar Print           "DELETE FROM allfeatures WHERE id=9540548:successful"
2023-01-14 09:31:10 I Polar Print           "INSERT INTO features (rel, status, count, date)                                 SELECT rel, status, count((@rn := @rn + 1)) as count, '2023-01-14' as date FROM allfeatures cross join (select @rn := 0) const GROUP BY rel, status:successful"
2023-01-14 09:31:11 I Polar Get_allchangere "[]"
2023-01-14 09:31:11 I Polar Print           "CREATE TABLE IF NOT EXISTS changes (                                 rel TEXT, status TEXT, priority TEXT,                                 requester TEXT, date TEXT, count INT) ENGINE=InnoDB DEFAULT CHARSET=utf8:successful"
2023-01-14 09:31:11 I Polar Print           "CREATE TABLE IF NOT EXISTS allchanges (                                 id INT, uniqueid TEXT, name TEXT,                                 status TEXT, rel TEXT, priority TEXT,                                 requester TEXT) ENGINE=InnoDB DEFAULT CHARSET=utf8:successful"
2023-01-14 09:31:11 I Polar Print           "DELETE FROM changes WHERE date='2023-01-14':successful"
2023-01-14 09:31:11 I Polar Print           "INSERT INTO changes (                                 rel, status, priority, requester, date, count)                                 SELECT rel, status, priority, requester, '2023-01-14' as date, count((@rn := @rn + 1)) as count FROM allchanges                                 cross join (select @rn := 0) const GROUP BY rel, status, priority, requester:successful"
2023-01-14 09:31:13 I Polar Print           "CREATE TABLE IF NOT EXISTS designspec (                            rel TEXT, team TEXT, status TEXT, count INT, date text) ENGINE=InnoDB DEFAULT CHARSET=utf8:successful"
2023-01-14 09:31:13 I Polar Print           "CREATE TABLE IF NOT EXISTS alldesignspec (                             id INT, uniqueid TEXT, name TEXT, status TEXT, rel TEXT, team TEXT) ENGINE=InnoDB DEFAULT CHARSET=utf8:successful"
2023-01-14 09:31:13 I Polar Print           "DELETE FROM designspec WHERE date='2023-01-14':successful"
2023-01-14 09:31:13 I Polar Print           "INSERT INTO designspec (rel, team, status, count, date) SELECT rel, team, status, count((@rn := @rn + 1)) as count, '2023-01-14' as date FROM alldesignspec cross join (select @rn := 0) const GROUP BY rel, team, status:successful"
2023-01-14 09:31:17 I Polar Get_alluserstor "[]"
2023-01-14 09:31:17 I Polar Print           "CREATE TABLE IF NOT EXISTS userstories (                 rel TEXT, status TEXT, count INT, date TEXT) ENGINE=InnoDB DEFAULT CHARSET=utf8:successful"
2023-01-14 09:31:17 I Polar Print           "CREATE TABLE IF NOT EXISTS alluserstories (                 id INT, uniqueid TEXT, name TEXT, status TEXT, rel TEXT) ENGINE=InnoDB DEFAULT CHARSET=utf8:successful"
2023-01-14 09:31:17 I Polar Print           "DELETE FROM userstories WHERE date='2023-01-14':successful"
2023-01-14 09:31:17 I Polar Print           "INSERT INTO userstories (rel, status, count, date) SELECT rel, status, count((@rn := @rn + 1)) as count, '2023-01-14' as date FROM alluserstories cross join (select @rn := 0) const GROUP BY rel, status:successful"
2023-01-14 09:31:20 I Polar Get_alldefects  "[]"
2023-01-14 09:31:20 I Polar Print           "CREATE TABLE IF NOT EXISTS defects (                     rel TEXT, team TEXT, status TEXT, priority TEXT, count INT, date TEXT) ENGINE=InnoDB DEFAULT CHARSET=utf8:successful"
2023-01-14 09:31:20 I Polar Print           "CREATE TABLE IF NOT EXISTS alldefects (                     id INT, uniqueid TEXT, name TEXT, status TEXT, rel TEXT, team TEXT, priority TEXT, jira TEXT, upstream TEXT) ENGINE=InnoDB DEFAULT CHARSET=utf8:successful"
2023-01-14 09:31:20 I Polar Print           "DELETE FROM defects WHERE date='2023-01-14':successful"
2023-01-14 09:31:20 I Polar Print           "INSERT INTO defects (rel, team, status, count, date, priority) SELECT rel, team, status, count((@rn := @rn + 1)) as count, '2023-01-14' as date, priority FROM alldefects cross join (select @rn := 0) const GROUP BY rel, team, status, priority:successful"
2023-01-14 09:32:45 I Polar get_multipickli "Unassigned don't find the mainteam name from G_parameter"
2023-01-14 09:32:49 I Polar get_multipickli "Unassigned don't find the mainteam name from G_parameter"
2023-01-14 09:32:55 I Polar get_multipickli "Unassigned don't find the mainteam name from G_parameter"
2023-01-14 09:33:59 I Polar get_multipickli "Unassigned don't find the mainteam name from G_parameter"
2023-01-14 09:35:09 I Polar get_multipickli "Unassigned don't find the mainteam name from G_parameter"
2023-01-14 09:35:18 I Polar get_multipickli "Unassigned don't find the mainteam name from G_parameter"
2023-01-14 09:35:23 I Polar get_multipickli "Unassigned don't find the mainteam name from G_parameter"
2023-01-14 09:36:55 I Polar get_multipickli "Unassigned don't find the mainteam name from G_parameter"
2023-01-14 09:37:40 I Polar get_multipickli "Unassigned don't find the mainteam name from G_parameter"
2023-01-14 09:38:51 I Polar get_multipickli "Unassigned don't find the mainteam name from G_parameter"
2023-01-14 09:39:17 I Polar get_multipickli "Unassigned don't find the mainteam name from G_parameter"
2023-01-14 09:39:21 I Polar get_multipickli "Unassigned don't find the mainteam name from G_parameter"
2023-01-14 09:39:25 I Polar get_multipickli "Unassigned don't find the mainteam name from G_parameter"
2023-01-14 09:39:31 I Polar get_multipickli "Unassigned don't find the mainteam name from G_parameter"
2023-01-14 09:39:35 I Polar get_multipickli "Unassigned don't find the mainteam name from G_parameter"
2023-01-14 09:39:40 I Polar get_multipickli "Unassigned don't find the mainteam name from G_parameter"
2023-01-14 09:39:55 I Polar get_multipickli "Unassigned don't find the mainteam name from G_parameter"
2023-01-14 09:40:37 I Polar get_multipickli "Unassigned don't find the mainteam name from G_parameter"
2023-01-14 09:40:42 I Polar get_multipickli "Unassigned don't find the mainteam name from G_parameter"
2023-01-14 09:40:46 I Polar get_multipickli "Unassigned don't find the mainteam name from G_parameter"
2023-01-14 09:40:51 I Polar get_multipickli "Unassigned don't find the mainteam name from G_parameter"
2023-01-14 09:40:55 I Polar get_multipickli "Unassigned don't find the mainteam name from G_parameter"
2023-01-14 09:41:00 I Polar get_multipickli "Unassigned don't find the mainteam name from G_parameter"
2023-01-14 09:41:04 I Polar get_multipickli "Unassigned don't find the mainteam name from G_parameter"
2023-01-14 09:41:09 I Polar get_multipickli "Unassigned don't find the mainteam name from G_parameter"
2023-01-14 09:41:13 I Polar get_multipickli "Unassigned don't find the mainteam name from G_parameter"
2023-01-14 09:41:18 I Polar get_multipickli "Unassigned don't find the mainteam name from G_parameter"
2023-01-14 09:41:23 I Polar get_multipickli "Unassigned don't find the mainteam name from G_parameter"
2023-01-14 09:41:27 I Polar get_multipickli "Unassigned don't find the mainteam name from G_parameter"
2023-01-14 09:41:32 I Polar get_multipickli "Unassigned don't find the mainteam name from G_parameter"
2023-01-14 09:41:36 I Polar get_multipickli "Unassigned don't find the mainteam name from G_parameter"
2023-01-14 09:41:41 I Polar get_multipickli "Unassigned don't find the mainteam name from G_parameter"
2023-01-14 09:41:45 I Polar get_multipickli "Unassigned don't find the mainteam name from G_parameter"
2023-01-14 09:41:50 I Polar get_multipickli "Unassigned don't find the mainteam name from G_parameter"
2023-01-14 09:41:54 I Polar get_multipickli "Unassigned don't find the mainteam name from G_parameter"
2023-01-14 09:41:59 I Polar get_multipickli "Unassigned don't find the mainteam name from G_parameter"
2023-01-14 09:42:03 I Polar get_multipickli "Unassigned don't find the mainteam name from G_parameter"
2023-01-14 09:42:08 I Polar get_multipickli "Unassigned don't find the mainteam name from G_parameter"
2023-01-14 09:42:12 I Polar get_multipickli "Unassigned don't find the mainteam name from G_parameter"
2023-01-14 09:42:16 I Polar get_multipickli "Unassigned don't find the mainteam name from G_parameter"
2023-01-14 09:42:21 I Polar get_multipickli "Unassigned don't find the mainteam name from G_parameter"
2023-01-14 09:42:26 I Polar get_multipickli "Unassigned don't find the mainteam name from G_parameter"
2023-01-14 09:42:30 I Polar get_multipickli "Unassigned don't find the mainteam name from G_parameter"
2023-01-14 09:42:35 I Polar get_multipickli "Unassigned don't find the mainteam name from G_parameter"
2023-01-14 09:42:39 I Polar get_multipickli "Unassigned don't find the mainteam name from G_parameter"
2023-01-14 09:42:43 I Polar get_multipickli "Unassigned don't find the mainteam name from G_parameter"
2023-01-14 09:42:47 I Polar get_multipickli "Unassigned don't find the mainteam name from G_parameter"
2023-01-14 09:42:51 I Polar get_multipickli "Unassigned don't find the mainteam name from G_parameter"
2023-01-14 09:42:55 I Polar get_multipickli "Unassigned don't find the mainteam name from G_parameter"
2023-01-14 09:42:59 I Polar get_multipickli "Unassigned don't find the mainteam name from G_parameter"
2023-01-14 09:43:06 I Polar get_multipickli "Unassigned don't find the mainteam name from G_parameter"
2023-01-14 09:43:26 I Polar get_multipickli "Unassigned don't find the mainteam name from G_parameter"
2023-01-14 09:43:30 I Polar get_multipickli "Unassigned don't find the mainteam name from G_parameter"
2023-01-14 09:43:34 I Polar get_multipickli "Unassigned don't find the mainteam name from G_parameter"
2023-01-14 09:43:38 I Polar get_multipickli "Unassigned don't find the mainteam name from G_parameter"
2023-01-14 09:43:42 I Polar get_multipickli "Unassigned don't find the mainteam name from G_parameter"
2023-01-14 09:43:46 I Polar get_multipickli "Unassigned don't find the mainteam name from G_parameter"
2023-01-14 09:43:50 I Polar get_multipickli "Unassigned don't find the mainteam name from G_parameter"
2023-01-14 09:44:08 I Polar get_multipickli "Unassigned don't find the mainteam name from G_parameter"
2023-01-14 09:44:12 I Polar get_multipickli "Unassigned don't find the mainteam name from G_parameter"
2023-01-14 09:44:16 I Polar get_multipickli "Unassigned don't find the mainteam name from G_parameter"
2023-01-14 09:44:20 I Polar get_multipickli "Unassigned don't find the mainteam name from G_parameter"
2023-01-14 09:44:24 I Polar get_multipickli "Unassigned don't find the mainteam name from G_parameter"
2023-01-14 09:44:28 I Polar get_multipickli "Unassigned don't find the mainteam name from G_parameter"
2023-01-14 09:50:31 I Polar get_multipickli "ESW Platform Test don't find the mainteam name from G_parameter"
2023-01-14 09:50:34 I Polar get_multipickli "ESW Platform Test don't find the mainteam name from G_parameter"
2023-01-14 09:50:38 I Polar get_multipickli "ESW Platform Test don't find the mainteam name from G_parameter"
2023-01-14 09:50:54 I Polar get_multipickli "ESW Platform Test don't find the mainteam name from G_parameter"
2023-01-14 09:50:57 I Polar get_multipickli "ESW Platform Test don't find the mainteam name from G_parameter"
2023-01-14 09:51:00 I Polar get_multipickli "ESW Platform Test don't find the mainteam name from G_parameter"
2023-01-14 09:51:12 I Polar get_multipickli "Digital Experience – Android don't find the mainteam name from G_parameter"
2023-01-14 09:51:13 I Polar get_multipickli "Digital Experience – IOS don't find the mainteam name from G_parameter"
2023-01-14 09:51:15 I Polar get_multipickli "Digital Experience – SDK don't find the mainteam name from G_parameter"
2023-01-14 09:51:22 I Polar get_multipickli "Digital Experience – Android don't find the mainteam name from G_parameter"
2023-01-14 09:51:23 I Polar get_multipickli "Digital Experience – IOS don't find the mainteam name from G_parameter"
2023-01-14 09:51:26 I Polar get_multipickli "Unassigned don't find the mainteam name from G_parameter"
2023-01-14 09:51:29 I Polar get_multipickli "Digital Experience – Android don't find the mainteam name from G_parameter"
2023-01-14 09:51:29 I Polar get_multipickli "Digital Experience – IOS don't find the mainteam name from G_parameter"
2023-01-14 09:51:34 I Polar get_multipickli "Digital Experience – Android don't find the mainteam name from G_parameter"
2023-01-14 09:51:34 I Polar get_multipickli "Digital Experience – IOS don't find the mainteam name from G_parameter"
2023-01-14 09:51:37 I Polar get_multipickli "Digital Experience – Android don't find the mainteam name from G_parameter"
2023-01-14 09:51:37 I Polar get_multipickli "Digital Experience – IOS don't find the mainteam name from G_parameter"
2023-01-14 09:54:33 I Polar get_multipickli "Unassigned don't find the mainteam name from G_parameter"
2023-01-14 09:54:36 I Polar get_multipickli "Unassigned don't find the mainteam name from G_parameter"
2023-01-14 09:54:46 I Polar get_multipickli "Unassigned don't find the mainteam name from G_parameter"
2023-01-14 09:56:24 I Polar get_multipickli "Unassigned don't find the mainteam name from G_parameter"
2023-01-14 09:56:32 I Polar get_multipickli "Unassigned don't find the mainteam name from G_parameter"
2023-01-14 09:58:10 I Polar get_multipickli "Unassigned don't find the mainteam name from G_parameter"
2023-01-14 09:58:14 I Polar get_multipickli "Unassigned don't find the mainteam name from G_parameter"
2023-01-14 09:58:16 I Polar get_multipickli "Unassigned don't find the mainteam name from G_parameter"
2023-01-14 09:58:22 I Polar get_multipickli "Unassigned don't find the mainteam name from G_parameter"
2023-01-14 09:58:26 I Polar get_multipickli "Unassigned don't find the mainteam name from G_parameter"
2023-01-14 09:58:32 I Polar get_multipickli "Unassigned don't find the mainteam name from G_parameter"
2023-01-14 10:00:12 I Polar get_multipickli "Digital Experience – Android don't find the mainteam name from G_parameter"
2023-01-14 10:00:12 I Polar get_multipickli "Digital Experience – IOS don't find the mainteam name from G_parameter"
2023-01-14 10:00:27 I Polar get_multipickli "Digital Experience – Android don't find the mainteam name from G_parameter"
2023-01-14 10:00:27 I Polar get_multipickli "Digital Experience – IOS don't find the mainteam name from G_parameter"
2023-01-14 10:00:49 I Polar get_multipickli "Digital Experience – Android don't find the mainteam name from G_parameter"
2023-01-14 10:00:49 I Polar get_multipickli "Digital Experience – IOS don't find the mainteam name from G_parameter"
2023-01-14 10:01:01 I Polar get_multipickli "Digital Experience – Android don't find the mainteam name from G_parameter"
2023-01-14 10:01:01 I Polar get_multipickli "Digital Experience – IOS don't find the mainteam name from G_parameter"
2023-01-14 10:01:15 I Polar get_multipickli "Digital Experience – Android don't find the mainteam name from G_parameter"
2023-01-14 10:01:15 I Polar get_multipickli "Digital Experience – IOS don't find the mainteam name from G_parameter"
2023-01-14 10:01:15 I Polar get_multipickli "Digital Experience – SDK don't find the mainteam name from G_parameter"
2023-01-14 10:01:19 I Polar get_multipickli "Unassigned don't find the mainteam name from G_parameter"
2023-01-14 10:02:06 I Polar get_multipickli "Unassigned don't find the mainteam name from G_parameter"
2023-01-14 10:02:22 I Polar get_multipickli "Unassigned don't find the mainteam name from G_parameter"
2023-01-14 10:02:25 I Polar get_multipickli "Digital Experience – Android don't find the mainteam name from G_parameter"
2023-01-14 10:02:25 I Polar get_multipickli "Digital Experience – IOS don't find the mainteam name from G_parameter"
2023-01-14 10:02:26 I Polar get_multipickli "Digital Experience – Android don't find the mainteam name from G_parameter"
2023-01-14 10:02:26 I Polar get_multipickli "Digital Experience – IOS don't find the mainteam name from G_parameter"
2023-01-14 10:02:28 I Polar get_multipickli "Digital Experience – Android don't find the mainteam name from G_parameter"
2023-01-14 10:02:28 I Polar get_multipickli "Digital Experience – IOS don't find the mainteam name from G_parameter"
2023-01-14 10:02:29 I Polar get_multipickli "Digital Experience – Android don't find the mainteam name from G_parameter"
2023-01-14 10:02:29 I Polar get_multipickli "Digital Experience – IOS don't find the mainteam name from G_parameter"
2023-01-14 10:02:30 I Polar get_multipickli "Digital Experience – Android don't find the mainteam name from G_parameter"
2023-01-14 10:02:30 I Polar get_multipickli "Digital Experience – IOS don't find the mainteam name from G_parameter"
2023-01-14 10:02:32 I Polar get_multipickli "Digital Experience – Android don't find the mainteam name from G_parameter"
2023-01-14 10:02:32 I Polar get_multipickli "Digital Experience – IOS don't find the mainteam name from G_parameter"
2023-01-14 10:02:33 I Polar get_multipickli "Digital Experience – Android don't find the mainteam name from G_parameter"
2023-01-14 10:02:33 I Polar get_multipickli "Digital Experience – IOS don't find the mainteam name from G_parameter"
2023-01-14 10:02:37 I Polar get_multipickli "Unassigned don't find the mainteam name from G_parameter"
2023-01-14 10:02:39 I Polar get_multipickli "Digital Experience – Android don't find the mainteam name from G_parameter"
2023-01-14 10:02:39 I Polar get_multipickli "Digital Experience – IOS don't find the mainteam name from G_parameter"
2023-01-14 10:02:40 I Polar get_multipickli "Digital Experience – Android don't find the mainteam name from G_parameter"
2023-01-14 10:02:42 I Polar get_multipickli "Digital Experience – Android don't find the mainteam name from G_parameter"
2023-01-14 10:02:43 I Polar get_multipickli "Digital Experience – Android don't find the mainteam name from G_parameter"
2023-01-14 10:02:45 I Polar get_multipickli "Digital Experience – Android don't find the mainteam name from G_parameter"
2023-01-14 10:02:46 I Polar get_multipickli "Digital Experience – Android don't find the mainteam name from G_parameter"
2023-01-14 10:02:48 I Polar get_multipickli "Digital Experience – Android don't find the mainteam name from G_parameter"
2023-01-14 10:03:18 I Polar Print           "DROP TABLE IF EXISTS allrequirements:successful"
2023-01-14 10:03:18 I Polar Print           "DROP TABLE IF EXISTS allcoverage:successful"
2023-01-14 10:03:18 I Polar Print           "CREATE TABLE IF NOT EXISTS requirements (                        rel TEXT, status TEXT, count INT, date TEXT) ENGINE=InnoDB DEFAULT CHARSET=utf8:successful"
2023-01-14 10:03:18 I Polar Print           "CREATE TABLE IF NOT EXISTS allrequirements (                        id INT, uniqueid TEXT, name TEXT, status TEXT, rel TEXT, upstream TEXT, downstream TEXT, team TEXT, test_status TEXT) ENGINE=InnoDB DEFAULT CHARSET=utf8:successful"
2023-01-14 10:03:18 I Polar Print           "CREATE TABLE IF NOT EXISTS coverage (                        team text, covered int, expected int, date text) ENGINE=InnoDB DEFAULT CHARSET=utf8:successful"
2023-01-14 10:03:18 I Polar Print           "CREATE TABLE IF NOT EXISTS allcoverage (                        id INT, uniqueid TEXT, name TEXT, status TEXT, rel TEXT, verify TEXT, missing TEXT) ENGINE=InnoDB DEFAULT CHARSET=utf8:successful"
2023-01-14 10:03:18 I Polar Print           "DELETE FROM requirements WHERE date='2023-01-14':successful"
2023-01-14 10:03:18 I Polar Print           "DELETE FROM coverage WHERE date='2023-01-14':successful"
2023-01-14 10:03:18 I Polar Print           "INSERT INTO requirements (rel, status, count, date) SELECT rel, status, count((@rn := @rn + 1)) as count, '2023-01-14' as date FROM allrequirements cross join (select @rn := 0) const GROUP BY rel, status:successful"
2023-01-14 10:03:18 I Polar Print           "CREATE TABLE IF NOT EXISTS feattest (rel TEXT, status TEXT, count TEXT, date TEXT) ENGINE=InnoDB DEFAULT CHARSET=utf8:successful"
2023-01-14 10:03:18 I Polar Print           "CREATE TABLE IF NOT EXISTS reqtest (rel TEXT, status TEXT, count TEXT, date TEXT) ENGINE=InnoDB DEFAULT CHARSET=utf8:successful"
2023-01-14 10:03:18 I Polar Print           "SELECT id FROM allfeatures:successful"
2023-01-14 10:03:18 I Polar Print           "SELECT id,upstream,downstream,team FROM allrequirements:successful"
2023-01-14 10:03:18 I Polar Print           "SELECT id FROM allcoverage:successful"
2023-01-14 10:03:18 I Polar Print           "SELECT * FROM testcases:successful"
