2023-01-12 09:35:42 I Polar Print           "Connet 20620 successfully!!!"
2023-01-12 09:35:42 I Polar Get_alltests    "Get project name:Polaris id:20620 all testplans"
2023-01-12 09:35:45 I Polar Get_alltests    "{}"
2023-01-12 09:35:45 I Polar Get_alltests    "Get project name:Polaris id:20620 all testplans successful!!!"
2023-01-12 09:35:45 I Polar tidy_alltestcas "0"
2023-01-12 09:35:45 I Polar Print           "DROP TABLE IF EXISTS testcases:successful"
2023-01-12 09:35:45 I Polar Print           "CREATE TABLE IF NOT EXISTS testcases (                             testplan_id INT,                             testplan_name TEXT,                             testgroup_id INT,                             testgroup_name TEXT,                             testcycle_id INT,                             testcycle_name TEXT,                             rel TEXT,                             id INT,                             uniqueid TEXT,                             name TEXT,                             status TEXT,                             upstream TEXT,                             downstream TEXT,                             executionDate TEXT) ENGINE=InnoDB DEFAULT CHARSET=utf8:successful"
2023-01-12 09:35:45 I Polar update_database "Insert testcases table successful"
2023-01-12 09:35:45 I Polar Print           "CREATE TABLE IF NOT EXISTS tests (                             testplan_id INT,                             testplan_name TEXT,                             testplan_status TEXT,                             rel TEXT, status TEXT,                             count INT, date TEXT) ENGINE=InnoDB DEFAULT CHARSET=utf8:successful"
2023-01-12 09:35:45 I Polar Print           "DELETE FROM tests WHERE date='2023-01-12':successful"
2023-01-12 09:35:45 I Polar Print           "SELECT testplan_id FROM tests GROUP BY testplan_id:successful"
2023-01-12 09:35:45 I Polar Print           "INSERT INTO tests (testplan_id, testplan_name, testplan_status, rel, status, count, date) SELECT testplan_id, testplan_name, 'Active' as testplan_status, rel, status, count((@rn := @rn + 1)) as count, '2023-01-12' as date FROM testcases cross join (select @rn := 0) const GROUP BY testplan_id, rel, status:successful"
2023-01-12 09:35:45 I Polar update_database "Insert tests table successful"
2023-01-12 09:35:45 I Polar Print           "CREATE TABLE IF NOT EXISTS testapproval (                                 rel TEXT, team TEXT, status TEXT, upstream TEXT, count INT, date TEXT                                 ) ENGINE=InnoDB DEFAULT CHARSET=utf8:successful"
2023-01-12 09:35:45 I Polar Print           "DROP TABLE IF EXISTS alltestapproval:successful"
2023-01-12 09:35:45 I Polar Print           "CREATE TABLE IF NOT EXISTS alltestapproval (                                 id INT, uniqueid TEXT, name TEXT, status TEXT, rel TEXT, team TEXT, upstream TEXT                                 ) ENGINE=InnoDB DEFAULT CHARSET=utf8:successful"
2023-01-12 09:35:45 I Polar Print           "DELETE FROM testapproval WHERE date='2023-01-12':successful"
2023-01-12 09:35:45 I Polar Print           "INSERT INTO testapproval (rel, team, status, count, date, upstream) SELECT rel, team, status, count((@rn := @rn + 1)) as count, '2023-01-12' as date, upstream FROM alltestapproval cross join (select @rn := 0) const GROUP BY rel, team, status, upstream:successful"
2023-01-12 09:35:59 I Polar Get_allfeatuers "[{'id': 9540668, 'name': 'Call management, Bluetooth', 'documentKey': 'Pol-FEAT-87', 'statusId': 156410, 'status': 'Approved'}, {'id': 9540679, 'name': 'Sound Modes', 'documentKey': 'Pol-FEAT-98', 'statusId': 156410, 'status': 'Approved'}, {'id': 9540649, 'name': 'Change headset language pack', 'documentKey': 'Pol-FEAT-71', 'statusId': 156410, 'status': 'Approved'}, {'id': 9540548, 'name': 'User Audio Configuration', 'documentKey': 'Pol-FEAT-11', 'statusId': 156584, 'status': 'Proposal'}, {'id': 10094256, 'name': 'Dynamic Virtual Surround Sound audio, with headtracking (DVSS)', 'documentKey': 'Pol-FEAT-782', 'statusId': 156410, 'status': 'Approved'}, {'id': 10259002, 'name': 'Connected when in open cradle', 'documentKey': 'Pol-FEAT-796', 'statusId': 156410, 'status': 'Approved'}, {'id': 10147639, 'name': 'IMU sensor protocol', 'documentKey': 'Pol-FEAT-795', 'statusId': 156409, 'status': 'Draft'}, {'id': 10304158, 'name': 'Amazon Chime Certification (Professionals only)', 'documentKey': 'Pol-FEAT-801', 'statusId': 156410, 'status': 'Approved'}, {'id': 10304186, 'name': 'Avaya Certification (Professionals only)', 'documentKey': 'Pol-FEAT-804', 'statusId': 156410, 'status': 'Approved'}, {'id': 10304147, 'name': 'Cisco Webex Certification (Professionals only)', 'documentKey': 'Pol-FEAT-799', 'statusId': 156410, 'status': 'Approved'}, {'id': 10303909, 'name': 'Spotify Tap (Consumer only)', 'documentKey': 'Pol-FEAT-797', 'statusId': 156410, 'status': 'Approved'}, {'id': 10304179, 'name': 'Unify Certification (Professionals only)', 'documentKey': 'Pol-FEAT-803', 'statusId': 156410, 'status': 'Approved'}, {'id': 9540623, 'name': 'Quick Start Guide and Manuals', 'documentKey': 'Pol-FEAT-48', 'statusId': 156410, 'status': 'Approved'}, {'id': 10304116, 'name': 'Alcatel Certification (Professionals only)', 'documentKey': 'Pol-FEAT-798', 'statusId': 156412, 'status': 'Rejected'}, {'id': 10304167, 'name': 'Mitel Certification (Professionals only)', 'documentKey': 'Pol-FEAT-802', 'statusId': 156412, 'status': 'Rejected'}]"
2023-01-12 09:35:59 I Polar Print           "CREATE TABLE IF NOT EXISTS features (                                rel TEXT, status TEXT, count INT, date TEXT) ENGINE=InnoDB DEFAULT CHARSET=utf8:successful"
2023-01-12 09:35:59 I Polar Print           "CREATE TABLE IF NOT EXISTS allfeatures (                                id INT, uniqueid TEXT, name TEXT, status TEXT, rel TEXT,test_status TEXT) ENGINE=InnoDB DEFAULT CHARSET=utf8:successful"
2023-01-12 09:35:59 I Polar Print           "DELETE FROM features WHERE date='2023-01-12':successful"
2023-01-12 09:35:59 I Polar Print           "DELETE FROM allfeatures WHERE id=20976567:successful"
2023-01-12 09:35:59 I Polar Print           "DELETE FROM allfeatures WHERE id=20623227:successful"
2023-01-12 09:35:59 I Polar Print           "DELETE FROM allfeatures WHERE id=20497723:successful"
2023-01-12 09:35:59 I Polar Print           "DELETE FROM allfeatures WHERE id=20497687:successful"
2023-01-12 09:35:59 I Polar Print           "DELETE FROM allfeatures WHERE id=20495173:successful"
2023-01-12 09:35:59 I Polar Print           "DELETE FROM allfeatures WHERE id=20490902:successful"
2023-01-12 09:35:59 I Polar Print           "DELETE FROM allfeatures WHERE id=20490894:successful"
2023-01-12 09:35:59 I Polar Print           "DELETE FROM allfeatures WHERE id=20490889:successful"
2023-01-12 09:35:59 I Polar Print           "DELETE FROM allfeatures WHERE id=20485504:successful"
2023-01-12 09:35:59 I Polar Print           "DELETE FROM allfeatures WHERE id=20455724:successful"
2023-01-12 09:35:59 I Polar Print           "DELETE FROM allfeatures WHERE id=20455679:successful"
2023-01-12 09:35:59 I Polar Print           "DELETE FROM allfeatures WHERE id=20389169:successful"
2023-01-12 09:35:59 I Polar Print           "DELETE FROM allfeatures WHERE id=20227819:successful"
2023-01-12 09:35:59 I Polar Print           "DELETE FROM allfeatures WHERE id=20199518:successful"
2023-01-12 09:35:59 I Polar Print           "DELETE FROM allfeatures WHERE id=19616757:successful"
2023-01-12 09:35:59 I Polar Print           "DELETE FROM allfeatures WHERE id=9540668:successful"
2023-01-12 09:35:59 I Polar Print           "DELETE FROM allfeatures WHERE id=9540679:successful"
2023-01-12 09:35:59 I Polar Print           "DELETE FROM allfeatures WHERE id=9540649:successful"
2023-01-12 09:35:59 I Polar Print           "DELETE FROM allfeatures WHERE id=9540548:successful"
2023-01-12 09:35:59 I Polar Print           "DELETE FROM allfeatures WHERE id=10094256:successful"
2023-01-12 09:35:59 I Polar Print           "DELETE FROM allfeatures WHERE id=10259002:successful"
2023-01-12 09:35:59 I Polar Print           "DELETE FROM allfeatures WHERE id=10147639:successful"
2023-01-12 09:35:59 I Polar Print           "DELETE FROM allfeatures WHERE id=10304158:successful"
2023-01-12 09:35:59 I Polar Print           "DELETE FROM allfeatures WHERE id=10304186:successful"
2023-01-12 09:35:59 I Polar Print           "DELETE FROM allfeatures WHERE id=10304147:successful"
2023-01-12 09:35:59 I Polar Print           "DELETE FROM allfeatures WHERE id=10303909:successful"
2023-01-12 09:35:59 I Polar Print           "DELETE FROM allfeatures WHERE id=10304179:successful"
2023-01-12 09:35:59 I Polar Print           "DELETE FROM allfeatures WHERE id=9540623:successful"
2023-01-12 09:35:59 I Polar Print           "DELETE FROM allfeatures WHERE id=10304116:successful"
2023-01-12 09:35:59 I Polar Print           "DELETE FROM allfeatures WHERE id=10304167:successful"
2023-01-12 09:35:59 I Polar Print           "INSERT INTO features (rel, status, count, date)                                 SELECT rel, status, count((@rn := @rn + 1)) as count, '2023-01-12' as date FROM allfeatures cross join (select @rn := 0) const GROUP BY rel, status:successful"
2023-01-12 09:36:01 I Polar Get_allchangere "[]"
2023-01-12 09:36:01 I Polar Print           "CREATE TABLE IF NOT EXISTS changes (                                 rel TEXT, status TEXT, priority TEXT,                                 requester TEXT, date TEXT, count INT) ENGINE=InnoDB DEFAULT CHARSET=utf8:successful"
2023-01-12 09:36:01 I Polar Print           "CREATE TABLE IF NOT EXISTS allchanges (                                 id INT, uniqueid TEXT, name TEXT,                                 status TEXT, rel TEXT, priority TEXT,                                 requester TEXT) ENGINE=InnoDB DEFAULT CHARSET=utf8:successful"
2023-01-12 09:36:01 I Polar Print           "DELETE FROM changes WHERE date='2023-01-12':successful"
2023-01-12 09:36:01 I Polar Print           "INSERT INTO changes (                                 rel, status, priority, requester, date, count)                                 SELECT rel, status, priority, requester, '2023-01-12' as date, count((@rn := @rn + 1)) as count FROM allchanges                                 cross join (select @rn := 0) const GROUP BY rel, status, priority, requester:successful"
2023-01-12 09:36:03 I Polar Print           "CREATE TABLE IF NOT EXISTS designspec (                            rel TEXT, team TEXT, status TEXT, count INT, date text) ENGINE=InnoDB DEFAULT CHARSET=utf8:successful"
2023-01-12 09:36:03 I Polar Print           "CREATE TABLE IF NOT EXISTS alldesignspec (                             id INT, uniqueid TEXT, name TEXT, status TEXT, rel TEXT, team TEXT) ENGINE=InnoDB DEFAULT CHARSET=utf8:successful"
2023-01-12 09:36:03 I Polar Print           "DELETE FROM designspec WHERE date='2023-01-12':successful"
2023-01-12 09:36:03 I Polar Print           "INSERT INTO designspec (rel, team, status, count, date) SELECT rel, team, status, count((@rn := @rn + 1)) as count, '2023-01-12' as date FROM alldesignspec cross join (select @rn := 0) const GROUP BY rel, team, status:successful"
2023-01-12 09:36:08 I Polar Get_alluserstor "[]"
2023-01-12 09:36:08 I Polar Print           "CREATE TABLE IF NOT EXISTS userstories (                 rel TEXT, status TEXT, count INT, date TEXT) ENGINE=InnoDB DEFAULT CHARSET=utf8:successful"
2023-01-12 09:36:08 I Polar Print           "CREATE TABLE IF NOT EXISTS alluserstories (                 id INT, uniqueid TEXT, name TEXT, status TEXT, rel TEXT) ENGINE=InnoDB DEFAULT CHARSET=utf8:successful"
2023-01-12 09:36:08 I Polar Print           "DELETE FROM userstories WHERE date='2023-01-12':successful"
2023-01-12 09:36:08 I Polar Print           "INSERT INTO userstories (rel, status, count, date) SELECT rel, status, count((@rn := @rn + 1)) as count, '2023-01-12' as date FROM alluserstories cross join (select @rn := 0) const GROUP BY rel, status:successful"
2023-01-12 09:36:12 I Polar Get_alldefects  "[]"
2023-01-12 09:36:12 I Polar Print           "CREATE TABLE IF NOT EXISTS defects (                     rel TEXT, team TEXT, status TEXT, priority TEXT, count INT, date TEXT) ENGINE=InnoDB DEFAULT CHARSET=utf8:successful"
2023-01-12 09:36:12 I Polar Print           "CREATE TABLE IF NOT EXISTS alldefects (                     id INT, uniqueid TEXT, name TEXT, status TEXT, rel TEXT, team TEXT, priority TEXT, jira TEXT, upstream TEXT) ENGINE=InnoDB DEFAULT CHARSET=utf8:successful"
2023-01-12 09:36:12 I Polar Print           "DELETE FROM defects WHERE date='2023-01-12':successful"
2023-01-12 09:36:12 I Polar Print           "INSERT INTO defects (rel, team, status, count, date, priority) SELECT rel, team, status, count((@rn := @rn + 1)) as count, '2023-01-12' as date, priority FROM alldefects cross join (select @rn := 0) const GROUP BY rel, team, status, priority:successful"
2023-01-12 09:37:36 I Polar get_multipickli "Unassigned don't find the mainteam name from G_parameter"
2023-01-12 09:37:41 I Polar get_multipickli "Unassigned don't find the mainteam name from G_parameter"
2023-01-12 09:37:47 I Polar get_multipickli "Unassigned don't find the mainteam name from G_parameter"
2023-01-12 09:39:01 I Polar get_multipickli "Unassigned don't find the mainteam name from G_parameter"
2023-01-12 09:40:20 I Polar get_multipickli "Unassigned don't find the mainteam name from G_parameter"
2023-01-12 09:40:58 I Polar get_multipickli "Unassigned don't find the mainteam name from G_parameter"
2023-01-12 09:41:16 I Polar get_multipickli "Unassigned don't find the mainteam name from G_parameter"
2023-01-12 09:43:23 I Polar get_multipickli "Unassigned don't find the mainteam name from G_parameter"
2023-01-12 09:43:34 I Polar get_multipickli "Unassigned don't find the mainteam name from G_parameter"
2023-01-12 09:44:14 I Polar get_multipickli "Unassigned don't find the mainteam name from G_parameter"
2023-01-12 09:44:23 I Polar get_multipickli "Unassigned don't find the mainteam name from G_parameter"
2023-01-12 09:44:28 I Polar get_multipickli "Unassigned don't find the mainteam name from G_parameter"
2023-01-12 09:44:32 I Polar get_multipickli "Unassigned don't find the mainteam name from G_parameter"
2023-01-12 09:44:37 I Polar get_multipickli "Unassigned don't find the mainteam name from G_parameter"
2023-01-12 09:44:42 I Polar get_multipickli "Unassigned don't find the mainteam name from G_parameter"
2023-01-12 09:44:47 I Polar get_multipickli "Unassigned don't find the mainteam name from G_parameter"
2023-01-12 09:45:02 I Polar get_multipickli "Unassigned don't find the mainteam name from G_parameter"
2023-01-12 09:45:47 I Polar get_multipickli "Unassigned don't find the mainteam name from G_parameter"
2023-01-12 09:45:53 I Polar get_multipickli "Unassigned don't find the mainteam name from G_parameter"
2023-01-12 09:45:59 I Polar get_multipickli "Unassigned don't find the mainteam name from G_parameter"
2023-01-12 09:46:04 I Polar get_multipickli "Unassigned don't find the mainteam name from G_parameter"
2023-01-12 09:46:09 I Polar get_multipickli "Unassigned don't find the mainteam name from G_parameter"
2023-01-12 09:46:15 I Polar get_multipickli "Unassigned don't find the mainteam name from G_parameter"
2023-01-12 09:46:20 I Polar get_multipickli "Unassigned don't find the mainteam name from G_parameter"
2023-01-12 09:46:25 I Polar get_multipickli "Unassigned don't find the mainteam name from G_parameter"
2023-01-12 09:46:31 I Polar get_multipickli "Unassigned don't find the mainteam name from G_parameter"
2023-01-12 09:46:36 I Polar get_multipickli "Unassigned don't find the mainteam name from G_parameter"
2023-01-12 09:46:41 I Polar get_multipickli "Unassigned don't find the mainteam name from G_parameter"
2023-01-12 09:46:46 I Polar get_multipickli "Unassigned don't find the mainteam name from G_parameter"
2023-01-12 09:46:51 I Polar get_multipickli "Unassigned don't find the mainteam name from G_parameter"
2023-01-12 09:46:55 I Polar get_multipickli "Unassigned don't find the mainteam name from G_parameter"
2023-01-12 09:47:00 I Polar get_multipickli "Unassigned don't find the mainteam name from G_parameter"
2023-01-12 09:47:04 I Polar get_multipickli "Unassigned don't find the mainteam name from G_parameter"
2023-01-12 09:47:08 I Polar get_multipickli "Unassigned don't find the mainteam name from G_parameter"
2023-01-12 09:47:12 I Polar get_multipickli "Unassigned don't find the mainteam name from G_parameter"
2023-01-12 09:47:16 I Polar get_multipickli "Unassigned don't find the mainteam name from G_parameter"
2023-01-12 09:47:20 I Polar get_multipickli "Unassigned don't find the mainteam name from G_parameter"
2023-01-12 09:47:24 I Polar get_multipickli "Unassigned don't find the mainteam name from G_parameter"
2023-01-12 09:47:27 I Polar get_multipickli "Unassigned don't find the mainteam name from G_parameter"
2023-01-12 09:47:31 I Polar get_multipickli "Unassigned don't find the mainteam name from G_parameter"
2023-01-12 09:47:36 I Polar get_multipickli "Unassigned don't find the mainteam name from G_parameter"
2023-01-12 09:47:39 I Polar get_multipickli "Unassigned don't find the mainteam name from G_parameter"
2023-01-12 09:47:43 I Polar get_multipickli "Unassigned don't find the mainteam name from G_parameter"
2023-01-12 09:47:47 I Polar get_multipickli "Unassigned don't find the mainteam name from G_parameter"
2023-01-12 09:47:52 I Polar get_multipickli "Unassigned don't find the mainteam name from G_parameter"
2023-01-12 09:47:56 I Polar get_multipickli "Unassigned don't find the mainteam name from G_parameter"
2023-01-12 09:48:01 I Polar get_multipickli "Unassigned don't find the mainteam name from G_parameter"
2023-01-12 09:48:05 I Polar get_multipickli "Unassigned don't find the mainteam name from G_parameter"
2023-01-12 09:48:10 I Polar get_multipickli "Unassigned don't find the mainteam name from G_parameter"
2023-01-12 09:48:14 I Polar get_multipickli "Unassigned don't find the mainteam name from G_parameter"
2023-01-12 09:48:20 I Polar get_multipickli "Unassigned don't find the mainteam name from G_parameter"
2023-01-12 09:48:42 I Polar get_multipickli "Unassigned don't find the mainteam name from G_parameter"
2023-01-12 09:48:47 I Polar get_multipickli "Unassigned don't find the mainteam name from G_parameter"
2023-01-12 09:48:51 I Polar get_multipickli "Unassigned don't find the mainteam name from G_parameter"
2023-01-12 09:48:55 I Polar get_multipickli "Unassigned don't find the mainteam name from G_parameter"
2023-01-12 09:48:59 I Polar get_multipickli "Unassigned don't find the mainteam name from G_parameter"
2023-01-12 09:49:02 I Polar get_multipickli "Unassigned don't find the mainteam name from G_parameter"
2023-01-12 09:49:06 I Polar get_multipickli "Unassigned don't find the mainteam name from G_parameter"
2023-01-12 09:49:25 I Polar get_multipickli "Unassigned don't find the mainteam name from G_parameter"
2023-01-12 09:49:28 I Polar get_multipickli "Unassigned don't find the mainteam name from G_parameter"
2023-01-12 09:49:32 I Polar get_multipickli "Unassigned don't find the mainteam name from G_parameter"
2023-01-12 09:49:36 I Polar get_multipickli "Unassigned don't find the mainteam name from G_parameter"
2023-01-12 09:49:40 I Polar get_multipickli "Unassigned don't find the mainteam name from G_parameter"
2023-01-12 09:49:44 I Polar get_multipickli "Unassigned don't find the mainteam name from G_parameter"
2023-01-12 09:56:57 I Polar get_multipickli "ESW Platform Test don't find the mainteam name from G_parameter"
2023-01-12 09:56:59 I Polar get_multipickli "ESW Platform Test don't find the mainteam name from G_parameter"
2023-01-12 09:57:02 I Polar get_multipickli "ESW Platform Test don't find the mainteam name from G_parameter"
2023-01-12 09:57:19 I Polar get_multipickli "ESW Platform Test don't find the mainteam name from G_parameter"
2023-01-12 09:57:22 I Polar get_multipickli "ESW Platform Test don't find the mainteam name from G_parameter"
2023-01-12 09:57:25 I Polar get_multipickli "ESW Platform Test don't find the mainteam name from G_parameter"
2023-01-12 09:57:40 I Polar get_multipickli "Digital Experience – Android don't find the mainteam name from G_parameter"
2023-01-12 09:57:41 I Polar get_multipickli "Digital Experience – IOS don't find the mainteam name from G_parameter"
2023-01-12 09:57:43 I Polar get_multipickli "Digital Experience – SDK don't find the mainteam name from G_parameter"
2023-01-12 09:57:51 I Polar get_multipickli "Digital Experience – Android don't find the mainteam name from G_parameter"
2023-01-12 09:57:51 I Polar get_multipickli "Digital Experience – IOS don't find the mainteam name from G_parameter"
2023-01-12 09:57:54 I Polar get_multipickli "Unassigned don't find the mainteam name from G_parameter"
2023-01-12 09:57:57 I Polar get_multipickli "Digital Experience – Android don't find the mainteam name from G_parameter"
2023-01-12 09:57:57 I Polar get_multipickli "Digital Experience – IOS don't find the mainteam name from G_parameter"
2023-01-12 09:58:03 I Polar get_multipickli "Digital Experience – Android don't find the mainteam name from G_parameter"
2023-01-12 09:58:03 I Polar get_multipickli "Digital Experience – IOS don't find the mainteam name from G_parameter"
2023-01-12 09:58:05 I Polar get_multipickli "Digital Experience – Android don't find the mainteam name from G_parameter"
2023-01-12 09:58:05 I Polar get_multipickli "Digital Experience – IOS don't find the mainteam name from G_parameter"
2023-01-12 10:01:18 I Polar get_multipickli "Unassigned don't find the mainteam name from G_parameter"
2023-01-12 10:01:21 I Polar get_multipickli "Unassigned don't find the mainteam name from G_parameter"
2023-01-12 10:01:30 I Polar get_multipickli "Unassigned don't find the mainteam name from G_parameter"
2023-01-12 10:03:05 I Polar get_multipickli "Unassigned don't find the mainteam name from G_parameter"
2023-01-12 10:03:13 I Polar get_multipickli "Unassigned don't find the mainteam name from G_parameter"
2023-01-12 10:04:50 I Polar get_multipickli "Unassigned don't find the mainteam name from G_parameter"
2023-01-12 10:04:54 I Polar get_multipickli "Unassigned don't find the mainteam name from G_parameter"
2023-01-12 10:04:58 I Polar get_multipickli "Unassigned don't find the mainteam name from G_parameter"
2023-01-12 10:05:03 I Polar get_multipickli "Unassigned don't find the mainteam name from G_parameter"
2023-01-12 10:05:06 I Polar get_multipickli "Unassigned don't find the mainteam name from G_parameter"
2023-01-12 10:05:12 I Polar get_multipickli "Unassigned don't find the mainteam name from G_parameter"
2023-01-12 10:06:50 I Polar get_multipickli "Digital Experience – Android don't find the mainteam name from G_parameter"
2023-01-12 10:06:50 I Polar get_multipickli "Digital Experience – IOS don't find the mainteam name from G_parameter"
2023-01-12 10:07:05 I Polar get_multipickli "Digital Experience – Android don't find the mainteam name from G_parameter"
2023-01-12 10:07:05 I Polar get_multipickli "Digital Experience – IOS don't find the mainteam name from G_parameter"
2023-01-12 10:07:24 I Polar get_multipickli "Digital Experience – Android don't find the mainteam name from G_parameter"
2023-01-12 10:07:24 I Polar get_multipickli "Digital Experience – IOS don't find the mainteam name from G_parameter"
2023-01-12 10:07:33 I Polar get_multipickli "Digital Experience – Android don't find the mainteam name from G_parameter"
2023-01-12 10:07:33 I Polar get_multipickli "Digital Experience – IOS don't find the mainteam name from G_parameter"
2023-01-12 10:07:49 I Polar get_multipickli "Digital Experience – Android don't find the mainteam name from G_parameter"
2023-01-12 10:07:49 I Polar get_multipickli "Digital Experience – IOS don't find the mainteam name from G_parameter"
2023-01-12 10:07:49 I Polar get_multipickli "Digital Experience – SDK don't find the mainteam name from G_parameter"
2023-01-12 10:07:55 I Polar get_multipickli "Unassigned don't find the mainteam name from G_parameter"
2023-01-12 10:08:39 I Polar get_multipickli "Unassigned don't find the mainteam name from G_parameter"
2023-01-12 10:08:50 I Polar get_multipickli "Unassigned don't find the mainteam name from G_parameter"
2023-01-12 10:08:52 I Polar get_multipickli "Digital Experience – Android don't find the mainteam name from G_parameter"
2023-01-12 10:08:52 I Polar get_multipickli "Digital Experience – IOS don't find the mainteam name from G_parameter"
2023-01-12 10:08:53 I Polar get_multipickli "Digital Experience – Android don't find the mainteam name from G_parameter"
2023-01-12 10:08:53 I Polar get_multipickli "Digital Experience – IOS don't find the mainteam name from G_parameter"
2023-01-12 10:08:54 I Polar get_multipickli "Digital Experience – Android don't find the mainteam name from G_parameter"
2023-01-12 10:08:54 I Polar get_multipickli "Digital Experience – IOS don't find the mainteam name from G_parameter"
2023-01-12 10:08:55 I Polar get_multipickli "Digital Experience – Android don't find the mainteam name from G_parameter"
2023-01-12 10:08:55 I Polar get_multipickli "Digital Experience – IOS don't find the mainteam name from G_parameter"
2023-01-12 10:08:56 I Polar get_multipickli "Digital Experience – Android don't find the mainteam name from G_parameter"
2023-01-12 10:08:56 I Polar get_multipickli "Digital Experience – IOS don't find the mainteam name from G_parameter"
2023-01-12 10:08:58 I Polar get_multipickli "Digital Experience – Android don't find the mainteam name from G_parameter"
2023-01-12 10:08:58 I Polar get_multipickli "Digital Experience – IOS don't find the mainteam name from G_parameter"
2023-01-12 10:09:00 I Polar get_multipickli "Digital Experience – Android don't find the mainteam name from G_parameter"
2023-01-12 10:09:00 I Polar get_multipickli "Digital Experience – IOS don't find the mainteam name from G_parameter"
2023-01-12 10:09:03 I Polar get_multipickli "Unassigned don't find the mainteam name from G_parameter"
2023-01-12 10:09:04 I Polar get_multipickli "Digital Experience – Android don't find the mainteam name from G_parameter"
2023-01-12 10:09:04 I Polar get_multipickli "Digital Experience – IOS don't find the mainteam name from G_parameter"
2023-01-12 10:09:06 I Polar get_multipickli "Digital Experience – Android don't find the mainteam name from G_parameter"
2023-01-12 10:09:07 I Polar get_multipickli "Digital Experience – Android don't find the mainteam name from G_parameter"
2023-01-12 10:09:09 I Polar get_multipickli "Digital Experience – Android don't find the mainteam name from G_parameter"
2023-01-12 10:09:11 I Polar get_multipickli "Digital Experience – Android don't find the mainteam name from G_parameter"
2023-01-12 10:09:13 I Polar get_multipickli "Digital Experience – Android don't find the mainteam name from G_parameter"
2023-01-12 10:09:15 I Polar get_multipickli "Digital Experience – Android don't find the mainteam name from G_parameter"
2023-01-12 10:09:46 I Polar Print           "DROP TABLE IF EXISTS allrequirements:successful"
2023-01-12 10:09:46 I Polar Print           "DROP TABLE IF EXISTS allcoverage:successful"
2023-01-12 10:09:46 I Polar Print           "CREATE TABLE IF NOT EXISTS requirements (                        rel TEXT, status TEXT, count INT, date TEXT) ENGINE=InnoDB DEFAULT CHARSET=utf8:successful"
2023-01-12 10:09:46 I Polar Print           "CREATE TABLE IF NOT EXISTS allrequirements (                        id INT, uniqueid TEXT, name TEXT, status TEXT, rel TEXT, upstream TEXT, downstream TEXT, team TEXT, test_status TEXT) ENGINE=InnoDB DEFAULT CHARSET=utf8:successful"
2023-01-12 10:09:46 I Polar Print           "CREATE TABLE IF NOT EXISTS coverage (                        team text, covered int, expected int, date text) ENGINE=InnoDB DEFAULT CHARSET=utf8:successful"
2023-01-12 10:09:46 I Polar Print           "CREATE TABLE IF NOT EXISTS allcoverage (                        id INT, uniqueid TEXT, name TEXT, status TEXT, rel TEXT, verify TEXT, missing TEXT) ENGINE=InnoDB DEFAULT CHARSET=utf8:successful"
2023-01-12 10:09:46 I Polar Print           "DELETE FROM requirements WHERE date='2023-01-12':successful"
2023-01-12 10:09:46 I Polar Print           "DELETE FROM coverage WHERE date='2023-01-12':successful"
2023-01-12 10:09:47 I Polar Print           "INSERT INTO requirements (rel, status, count, date) SELECT rel, status, count((@rn := @rn + 1)) as count, '2023-01-12' as date FROM allrequirements cross join (select @rn := 0) const GROUP BY rel, status:successful"
2023-01-12 10:09:47 I Polar Print           "CREATE TABLE IF NOT EXISTS feattest (rel TEXT, status TEXT, count TEXT, date TEXT) ENGINE=InnoDB DEFAULT CHARSET=utf8:successful"
2023-01-12 10:09:47 I Polar Print           "CREATE TABLE IF NOT EXISTS reqtest (rel TEXT, status TEXT, count TEXT, date TEXT) ENGINE=InnoDB DEFAULT CHARSET=utf8:successful"
2023-01-12 10:09:47 I Polar Print           "SELECT id FROM allfeatures:successful"
2023-01-12 10:09:47 I Polar Print           "SELECT id,upstream,downstream,team FROM allrequirements:successful"
2023-01-12 10:09:47 I Polar Print           "SELECT id FROM allcoverage:successful"
2023-01-12 10:09:47 I Polar Print           "SELECT * FROM testcases:successful"
