2022-09-15 04:59:19 I Odin  Print           "Connet 20550 successfully!!!"
2022-09-15 04:59:19 I Odin  Get_alltests    "Get project name:Odin id:20550 all testplans"
2022-09-15 04:59:19 I Odin  Get_alltests    "{7979358: {'id': 7979358, 'name': 'Product Verification Test Plan', 'archived': False, 'index': '7979358:Product Verification Test Plan'}, 8559429: {'id': 8559429, 'name': 'UX Test Plan', 'archived': False, 'index': '8559429:UX Test Plan'}}"
2022-09-15 04:59:19 I Odin  Get_alltests    "Get project name:Odin id:20550 all testplans successful!!!"
2022-09-15 05:02:53 I Odin  tidy_alltestcas "101"
2022-09-15 05:04:06 I Odin  Print           "DROP TABLE IF EXISTS testcases:successful"
2022-09-15 05:04:06 I Odin  Print           "CREATE TABLE IF NOT EXISTS testcases (                             testplan_id INT,                             testplan_name TEXT,                             testgroup_id INT,                             testgroup_name TEXT,                             testcycle_id INT,                             testcycle_name TEXT,                             rel TEXT,                             id INT,                             uniqueid TEXT,                             name TEXT,                             status TEXT,                             upstream TEXT,                             downstream TEXT,                             executionDate TEXT) ENGINE=InnoDB DEFAULT CHARSET=utf8:successful"
2022-09-15 05:04:06 I Odin  update_database "Insert testcases table successful"
2022-09-15 05:04:06 I Odin  Print           "CREATE TABLE IF NOT EXISTS tests (                             testplan_id INT,                             testplan_name TEXT,                             testplan_status TEXT,                             rel TEXT, status TEXT,                             count INT, date TEXT) ENGINE=InnoDB DEFAULT CHARSET=utf8:successful"
2022-09-15 05:04:06 I Odin  Print           "DELETE FROM tests WHERE date='2022-09-15':successful"
2022-09-15 05:04:06 I Odin  Print           "SELECT testplan_id FROM tests GROUP BY testplan_id:successful"
2022-09-15 05:04:06 I Odin  Print           "SELECT testplan_name FROM tests WHERE testplan_id=7979358 LIMIT 1:successful"
2022-09-15 05:04:06 I Odin  Print           "UPDATE tests SET testplan_status='Active' WHERE testplan_id=7979358:successful"
2022-09-15 05:04:06 I Odin  Print           "SELECT testplan_name FROM tests WHERE testplan_id=8559429 LIMIT 1:successful"
2022-09-15 05:04:06 I Odin  Print           "UPDATE tests SET testplan_status='Active' WHERE testplan_id=8559429:successful"
2022-09-15 05:04:06 I Odin  Print           "INSERT INTO tests (testplan_id, testplan_name, testplan_status, rel, status, count, date) SELECT testplan_id, testplan_name, 'Active' as testplan_status, rel, status, count((@rn := @rn + 1)) as count, '2022-09-15' as date FROM testcases cross join (select @rn := 0) const GROUP BY testplan_id, rel, status:successful"
2022-09-15 05:04:06 I Odin  update_database "Insert tests table successful"
2022-09-15 05:04:06 I Odin  Print           "CREATE TABLE IF NOT EXISTS testapproval (                                 rel TEXT, team TEXT, status TEXT, upstream TEXT, count INT, date TEXT                                 ) ENGINE=InnoDB DEFAULT CHARSET=utf8:successful"
2022-09-15 05:04:06 I Odin  Print           "DROP TABLE IF EXISTS alltestapproval:successful"
2022-09-15 05:04:06 I Odin  Print           "CREATE TABLE IF NOT EXISTS alltestapproval (                                 id INT, uniqueid TEXT, name TEXT, status TEXT, rel TEXT, team TEXT, upstream TEXT                                 ) ENGINE=InnoDB DEFAULT CHARSET=utf8:successful"
2022-09-15 05:04:06 I Odin  Print           "DELETE FROM testapproval WHERE date='2022-09-15':successful"
2022-09-15 05:04:06 I Odin  Print           "INSERT INTO testapproval (rel, team, status, count, date, upstream) SELECT rel, team, status, count((@rn := @rn + 1)) as count, '2022-09-15' as date, upstream FROM alltestapproval cross join (select @rn := 0) const GROUP BY rel, team, status, upstream:successful"
2022-09-15 05:04:09 I Odin  Get_allfeatuers "[{'id': 7889124, 'name': 'Acoustic Protection Performance', 'documentKey': 'Od-FEAT-78', 'statusId': 156410, 'status': 'Approved'}, {'id': 7889127, 'name': 'Rx Noise Cancellation Performance', 'documentKey': 'Od-FEAT-79', 'statusId': 156584, 'status': 'Proposal'}, {'id': 9994365, 'name': 'Adjustable Value ANC', 'documentKey': 'Od-FEAT-305', 'statusId': 156409, 'status': 'Draft'}, {'id': 10019925, 'name': 'Virtual Surround Sound for communication', 'documentKey': 'Od-FEAT-307', 'statusId': 156409, 'status': 'Draft'}, {'id': 7888191, 'name': 'Platform', 'documentKey': 'Od-FEAT-44', 'statusId': 156409, 'status': 'Draft'}, {'id': 7888182, 'name': 'On-head detection', 'documentKey': 'Od-FEAT-41', 'statusId': 156584, 'status': 'Proposal'}, {'id': 7888137, 'name': 'Global Design Quality Standard', 'documentKey': 'Od-FEAT-26', 'statusId': 156410, 'status': 'Approved'}, {'id': 7888161, 'name': 'MFi certified', 'documentKey': 'Od-FEAT-34', 'statusId': 156410, 'status': 'Approved'}, {'id': 7888209, 'name': 'Regulatory approvals', 'documentKey': 'Od-FEAT-50', 'statusId': 156410, 'status': 'Approved'}, {'id': 9994408, 'name': 'TCO9 certification', 'documentKey': 'Od-FEAT-306', 'statusId': 156584, 'status': 'Proposal'}, {'id': 7888179, 'name': 'MySound for speech', 'documentKey': 'Od-FEAT-40', 'statusId': 156409, 'status': 'Draft'}, {'id': 8038648, 'name': 'Clean ui for OTH (Touch)', 'documentKey': 'Od-FEAT-275', 'statusId': 156409, 'status': 'Draft'}, {'id': 7888215, 'name': 'Secure and comfortable fit', 'documentKey': 'Od-FEAT-52', 'statusId': 156584, 'status': 'Proposal'}, {'id': 8167051, 'name': 'UI Configurable Buttons // MyControls', 'documentKey': 'Od-FEAT-284', 'statusId': 156412, 'status': 'Rejected'}]"
2022-09-15 05:04:09 I Odin  Print           "CREATE TABLE IF NOT EXISTS features (                                rel TEXT, status TEXT, count INT, date TEXT) ENGINE=InnoDB DEFAULT CHARSET=utf8:successful"
2022-09-15 05:04:09 I Odin  Print           "CREATE TABLE IF NOT EXISTS allfeatures (                                id INT, uniqueid TEXT, name TEXT, status TEXT, rel TEXT,test_status TEXT) ENGINE=InnoDB DEFAULT CHARSET=utf8:successful"
2022-09-15 05:04:09 I Odin  Print           "DELETE FROM features WHERE date='2022-09-15':successful"
2022-09-15 05:04:09 I Odin  Print           "DELETE FROM allfeatures WHERE id=19961485:successful"
2022-09-15 05:04:09 I Odin  Print           "DELETE FROM allfeatures WHERE id=19852323:successful"
2022-09-15 05:04:09 I Odin  Print           "DELETE FROM allfeatures WHERE id=17281075:successful"
2022-09-15 05:04:09 I Odin  Print           "DELETE FROM allfeatures WHERE id=16747580:successful"
2022-09-15 05:04:09 I Odin  Print           "DELETE FROM allfeatures WHERE id=16540015:successful"
2022-09-15 05:04:09 I Odin  Print           "DELETE FROM allfeatures WHERE id=16539943:successful"
2022-09-15 05:04:09 I Odin  Print           "DELETE FROM allfeatures WHERE id=16539914:successful"
2022-09-15 05:04:09 I Odin  Print           "DELETE FROM allfeatures WHERE id=15806998:successful"
2022-09-15 05:04:09 I Odin  Print           "DELETE FROM allfeatures WHERE id=15727115:successful"
2022-09-15 05:04:09 I Odin  Print           "DELETE FROM allfeatures WHERE id=15727112:successful"
2022-09-15 05:04:09 I Odin  Print           "DELETE FROM allfeatures WHERE id=15727109:successful"
2022-09-15 05:04:09 I Odin  Print           "DELETE FROM allfeatures WHERE id=15727106:successful"
2022-09-15 05:04:09 I Odin  Print           "DELETE FROM allfeatures WHERE id=15727102:successful"
2022-09-15 05:04:09 I Odin  Print           "DELETE FROM allfeatures WHERE id=15727092:successful"
2022-09-15 05:04:09 I Odin  Print           "DELETE FROM allfeatures WHERE id=15639185:successful"
2022-09-15 05:04:09 I Odin  Print           "DELETE FROM allfeatures WHERE id=15632120:successful"
2022-09-15 05:04:09 I Odin  Print           "DELETE FROM allfeatures WHERE id=15631971:successful"
2022-09-15 05:04:09 I Odin  Print           "DELETE FROM allfeatures WHERE id=15631674:successful"
2022-09-15 05:04:09 I Odin  Print           "DELETE FROM allfeatures WHERE id=15305113:successful"
2022-09-15 05:04:09 I Odin  Print           "DELETE FROM allfeatures WHERE id=15305106:successful"
2022-09-15 05:04:09 I Odin  Print           "DELETE FROM allfeatures WHERE id=15305098:successful"
2022-09-15 05:04:09 I Odin  Print           "DELETE FROM allfeatures WHERE id=15305092:successful"
2022-09-15 05:04:09 I Odin  Print           "DELETE FROM allfeatures WHERE id=15305088:successful"
2022-09-15 05:04:09 I Odin  Print           "DELETE FROM allfeatures WHERE id=15305083:successful"
2022-09-15 05:04:09 I Odin  Print           "DELETE FROM allfeatures WHERE id=15305078:successful"
2022-09-15 05:04:09 I Odin  Print           "DELETE FROM allfeatures WHERE id=15305073:successful"
2022-09-15 05:04:09 I Odin  Print           "DELETE FROM allfeatures WHERE id=15305069:successful"
2022-09-15 05:04:09 I Odin  Print           "DELETE FROM allfeatures WHERE id=15305051:successful"
2022-09-15 05:04:09 I Odin  Print           "DELETE FROM allfeatures WHERE id=15305045:successful"
2022-09-15 05:04:09 I Odin  Print           "DELETE FROM allfeatures WHERE id=15305040:successful"
2022-09-15 05:04:09 I Odin  Print           "DELETE FROM allfeatures WHERE id=15305026:successful"
2022-09-15 05:04:09 I Odin  Print           "DELETE FROM allfeatures WHERE id=15305018:successful"
2022-09-15 05:04:09 I Odin  Print           "DELETE FROM allfeatures WHERE id=15305004:successful"
2022-09-15 05:04:09 I Odin  Print           "DELETE FROM allfeatures WHERE id=15304999:successful"
2022-09-15 05:04:09 I Odin  Print           "DELETE FROM allfeatures WHERE id=15304994:successful"
2022-09-15 05:04:09 I Odin  Print           "DELETE FROM allfeatures WHERE id=15304989:successful"
2022-09-15 05:04:09 I Odin  Print           "DELETE FROM allfeatures WHERE id=15304981:successful"
2022-09-15 05:04:09 I Odin  Print           "DELETE FROM allfeatures WHERE id=15304975:successful"
2022-09-15 05:04:09 I Odin  Print           "DELETE FROM allfeatures WHERE id=15304966:successful"
2022-09-15 05:04:09 I Odin  Print           "DELETE FROM allfeatures WHERE id=15304943:successful"
2022-09-15 05:04:09 I Odin  Print           "DELETE FROM allfeatures WHERE id=15083052:successful"
2022-09-15 05:04:09 I Odin  Print           "DELETE FROM allfeatures WHERE id=7889124:successful"
2022-09-15 05:04:09 I Odin  Print           "DELETE FROM allfeatures WHERE id=7889127:successful"
2022-09-15 05:04:09 I Odin  Print           "DELETE FROM allfeatures WHERE id=9994365:successful"
2022-09-15 05:04:09 I Odin  Print           "DELETE FROM allfeatures WHERE id=10019925:successful"
2022-09-15 05:04:09 I Odin  Print           "DELETE FROM allfeatures WHERE id=7888191:successful"
2022-09-15 05:04:09 I Odin  Print           "DELETE FROM allfeatures WHERE id=7888182:successful"
2022-09-15 05:04:09 I Odin  Print           "DELETE FROM allfeatures WHERE id=7888137:successful"
2022-09-15 05:04:09 I Odin  Print           "DELETE FROM allfeatures WHERE id=7888161:successful"
2022-09-15 05:04:09 I Odin  Print           "DELETE FROM allfeatures WHERE id=7888209:successful"
2022-09-15 05:04:09 I Odin  Print           "DELETE FROM allfeatures WHERE id=9994408:successful"
2022-09-15 05:04:09 I Odin  Print           "DELETE FROM allfeatures WHERE id=7888179:successful"
2022-09-15 05:04:09 I Odin  Print           "DELETE FROM allfeatures WHERE id=8038648:successful"
2022-09-15 05:04:09 I Odin  Print           "DELETE FROM allfeatures WHERE id=7888215:successful"
2022-09-15 05:04:09 I Odin  Print           "DELETE FROM allfeatures WHERE id=8167051:successful"
2022-09-15 05:04:09 I Odin  Print           "INSERT INTO features (rel, status, count, date)                                 SELECT rel, status, count((@rn := @rn + 1)) as count, '2022-09-15' as date FROM allfeatures cross join (select @rn := 0) const GROUP BY rel, status:successful"
2022-09-15 05:04:11 I Odin  Get_allchangere "[]"
2022-09-15 05:04:11 I Odin  Print           "CREATE TABLE IF NOT EXISTS changes (                                 rel TEXT, status TEXT, priority TEXT,                                 requester TEXT, date TEXT, count INT) ENGINE=InnoDB DEFAULT CHARSET=utf8:successful"
2022-09-15 05:04:11 I Odin  Print           "CREATE TABLE IF NOT EXISTS allchanges (                                 id INT, uniqueid TEXT, name TEXT,                                 status TEXT, rel TEXT, priority TEXT,                                 requester TEXT) ENGINE=InnoDB DEFAULT CHARSET=utf8:successful"
2022-09-15 05:04:11 I Odin  Print           "DELETE FROM changes WHERE date='2022-09-15':successful"
2022-09-15 05:04:11 I Odin  Print           "INSERT INTO changes (                                 rel, status, priority, requester, date, count)                                 SELECT rel, status, priority, requester, '2022-09-15' as date, count((@rn := @rn + 1)) as count FROM allchanges                                 cross join (select @rn := 0) const GROUP BY rel, status, priority, requester:successful"
2022-09-15 05:04:12 I Odin  Print           "CREATE TABLE IF NOT EXISTS designspec (                            rel TEXT, team TEXT, status TEXT, count INT, date text) ENGINE=InnoDB DEFAULT CHARSET=utf8:successful"
2022-09-15 05:04:12 I Odin  Print           "CREATE TABLE IF NOT EXISTS alldesignspec (                             id INT, uniqueid TEXT, name TEXT, status TEXT, rel TEXT, team TEXT) ENGINE=InnoDB DEFAULT CHARSET=utf8:successful"
2022-09-15 05:04:12 I Odin  Print           "DELETE FROM designspec WHERE date='2022-09-15':successful"
2022-09-15 05:04:12 I Odin  Print           "INSERT INTO designspec (rel, team, status, count, date) SELECT rel, team, status, count((@rn := @rn + 1)) as count, '2022-09-15' as date FROM alldesignspec cross join (select @rn := 0) const GROUP BY rel, team, status:successful"
2022-09-15 05:04:14 I Odin  Get_alluserstor "[]"
2022-09-15 05:04:14 I Odin  Print           "CREATE TABLE IF NOT EXISTS userstories (                 rel TEXT, status TEXT, count INT, date TEXT) ENGINE=InnoDB DEFAULT CHARSET=utf8:successful"
2022-09-15 05:04:14 I Odin  Print           "CREATE TABLE IF NOT EXISTS alluserstories (                 id INT, uniqueid TEXT, name TEXT, status TEXT, rel TEXT) ENGINE=InnoDB DEFAULT CHARSET=utf8:successful"
2022-09-15 05:04:14 I Odin  Print           "DELETE FROM userstories WHERE date='2022-09-15':successful"
2022-09-15 05:04:14 I Odin  Print           "INSERT INTO userstories (rel, status, count, date) SELECT rel, status, count((@rn := @rn + 1)) as count, '2022-09-15' as date FROM alluserstories cross join (select @rn := 0) const GROUP BY rel, status:successful"
2022-09-15 05:04:15 I Odin  Get_alldefects  "[]"
2022-09-15 05:04:15 I Odin  Print           "CREATE TABLE IF NOT EXISTS defects (                     rel TEXT, team TEXT, status TEXT, priority TEXT, count INT, date TEXT) ENGINE=InnoDB DEFAULT CHARSET=utf8:successful"
2022-09-15 05:04:15 I Odin  Print           "CREATE TABLE IF NOT EXISTS alldefects (                     id INT, uniqueid TEXT, name TEXT, status TEXT, rel TEXT, team TEXT, priority TEXT, jira TEXT, upstream TEXT) ENGINE=InnoDB DEFAULT CHARSET=utf8:successful"
2022-09-15 05:04:15 I Odin  Print           "DELETE FROM defects WHERE date='2022-09-15':successful"
2022-09-15 05:04:15 I Odin  Print           "INSERT INTO defects (rel, team, status, count, date, priority) SELECT rel, team, status, count((@rn := @rn + 1)) as count, '2022-09-15' as date, priority FROM alldefects cross join (select @rn := 0) const GROUP BY rel, team, status, priority:successful"
2022-09-15 05:05:45 I Odin  get_multipickli "Unassigned don't find the mainteam name from G_parameter"
2022-09-15 05:05:47 I Odin  get_multipickli "Unassigned don't find the mainteam name from G_parameter"
2022-09-15 05:05:49 I Odin  get_multipickli "Unassigned don't find the mainteam name from G_parameter"
2022-09-15 05:05:50 I Odin  get_multipickli "Unassigned don't find the mainteam name from G_parameter"
2022-09-15 05:07:55 I Odin  get_multipickli "Unassigned don't find the mainteam name from G_parameter"
2022-09-15 05:09:59 I Odin  get_multipickli "Unassigned don't find the mainteam name from G_parameter"
2022-09-15 05:13:54 I Odin  get_multipickli "Unassigned don't find the mainteam name from G_parameter"
2022-09-15 05:15:37 I Odin  get_multipickli "Unassigned don't find the mainteam name from G_parameter"
2022-09-15 05:16:16 I Odin  get_multipickli "Unassigned don't find the mainteam name from G_parameter"
2022-09-15 05:18:22 I Odin  get_multipickli "Unassigned don't find the mainteam name from G_parameter"
2022-09-15 05:18:25 I Odin  get_multipickli "Unassigned don't find the mainteam name from G_parameter"
2022-09-15 05:18:26 I Odin  get_multipickli "Unassigned don't find the mainteam name from G_parameter"
2022-09-15 05:18:29 I Odin  get_multipickli "Unassigned don't find the mainteam name from G_parameter"
2022-09-15 05:19:48 I Odin  get_multipickli "Unassigned don't find the mainteam name from G_parameter"
2022-09-15 05:19:53 I Odin  get_multipickli "Unassigned don't find the mainteam name from G_parameter"
2022-09-15 05:19:55 I Odin  get_multipickli "Unassigned don't find the mainteam name from G_parameter"
2022-09-15 05:19:58 I Odin  get_multipickli "Unassigned don't find the mainteam name from G_parameter"
2022-09-15 05:20:01 I Odin  get_multipickli "Unassigned don't find the mainteam name from G_parameter"
2022-09-15 05:20:03 I Odin  get_multipickli "Unassigned don't find the mainteam name from G_parameter"
2022-09-15 05:24:53 I Odin  get_multipickli "Unassigned don't find the mainteam name from G_parameter"
2022-09-15 05:26:41 I Odin  get_multipickli "Unassigned don't find the mainteam name from G_parameter"
2022-09-15 05:27:01 I Odin  get_multipickli "Digital Experience – Android don't find the mainteam name from G_parameter"
2022-09-15 05:27:02 I Odin  get_multipickli "Digital Experience – IOS don't find the mainteam name from G_parameter"
2022-09-15 05:27:08 I Odin  get_multipickli "Digital Experience – Android don't find the mainteam name from G_parameter"
2022-09-15 05:27:08 I Odin  get_multipickli "Digital Experience – IOS don't find the mainteam name from G_parameter"
2022-09-15 05:27:11 I Odin  get_multipickli "Digital Experience – Android don't find the mainteam name from G_parameter"
2022-09-15 05:27:11 I Odin  get_multipickli "Digital Experience – IOS don't find the mainteam name from G_parameter"
2022-09-15 05:27:14 I Odin  get_multipickli "Digital Experience – Android don't find the mainteam name from G_parameter"
2022-09-15 05:27:14 I Odin  get_multipickli "Digital Experience – IOS don't find the mainteam name from G_parameter"
2022-09-15 05:27:43 I Odin  get_multipickli "ESW Platform Test don't find the mainteam name from G_parameter"
2022-09-15 05:28:44 I Odin  get_multipickli "Unassigned don't find the mainteam name from G_parameter"
2022-09-15 05:28:46 I Odin  get_multipickli "Unassigned don't find the mainteam name from G_parameter"
2022-09-15 05:28:48 I Odin  get_multipickli "Unassigned don't find the mainteam name from G_parameter"
2022-09-15 05:28:52 I Odin  get_multipickli "Unassigned don't find the mainteam name from G_parameter"
2022-09-15 05:28:52 I Odin  get_multipickli "Digital Experience – IOS don't find the mainteam name from G_parameter"
2022-09-15 05:28:54 I Odin  get_multipickli "Digital Experience – SDK don't find the mainteam name from G_parameter"
2022-09-15 05:31:11 I Odin  get_multipickli "Unassigned don't find the mainteam name from G_parameter"
2022-09-15 05:32:11 I Odin  get_multipickli "Digital Experience – Android don't find the mainteam name from G_parameter"
2022-09-15 05:32:11 I Odin  get_multipickli "Digital Experience – IOS don't find the mainteam name from G_parameter"
2022-09-15 05:32:28 I Odin  get_multipickli "Digital Experience – Android don't find the mainteam name from G_parameter"
2022-09-15 05:32:28 I Odin  get_multipickli "Digital Experience – IOS don't find the mainteam name from G_parameter"
2022-09-15 05:32:33 I Odin  get_multipickli "Digital Experience – Android don't find the mainteam name from G_parameter"
2022-09-15 05:32:33 I Odin  get_multipickli "Digital Experience – IOS don't find the mainteam name from G_parameter"
2022-09-15 05:32:49 I Odin  get_multipickli "Unassigned don't find the mainteam name from G_parameter"
2022-09-15 05:33:26 I Odin  get_multipickli "Digital Experience – Android don't find the mainteam name from G_parameter"
2022-09-15 05:33:26 I Odin  get_multipickli "Digital Experience – IOS don't find the mainteam name from G_parameter"
2022-09-15 05:33:33 I Odin  get_multipickli "Digital Experience – Android don't find the mainteam name from G_parameter"
2022-09-15 05:33:33 I Odin  get_multipickli "Digital Experience – IOS don't find the mainteam name from G_parameter"
2022-09-15 05:34:16 I Odin  get_multipickli "Digital Experience – Android don't find the mainteam name from G_parameter"
2022-09-15 05:34:16 I Odin  get_multipickli "Digital Experience – IOS don't find the mainteam name from G_parameter"
2022-09-15 05:34:20 I Odin  get_multipickli "Digital Experience – Android don't find the mainteam name from G_parameter"
2022-09-15 05:34:20 I Odin  get_multipickli "Digital Experience – IOS don't find the mainteam name from G_parameter"
2022-09-15 05:34:28 I Odin  get_multipickli "Digital Experience – Android don't find the mainteam name from G_parameter"
2022-09-15 05:34:28 I Odin  get_multipickli "Digital Experience – IOS don't find the mainteam name from G_parameter"
2022-09-15 05:34:31 I Odin  get_multipickli "Digital Experience – Android don't find the mainteam name from G_parameter"
2022-09-15 05:34:31 I Odin  get_multipickli "Digital Experience – IOS don't find the mainteam name from G_parameter"
2022-09-15 05:34:35 I Odin  get_multipickli "Digital Experience – Android don't find the mainteam name from G_parameter"
2022-09-15 05:34:35 I Odin  get_multipickli "Digital Experience – IOS don't find the mainteam name from G_parameter"
2022-09-15 05:34:38 I Odin  get_multipickli "Digital Experience – Android don't find the mainteam name from G_parameter"
2022-09-15 05:34:38 I Odin  get_multipickli "Digital Experience – IOS don't find the mainteam name from G_parameter"
2022-09-15 05:34:41 I Odin  get_multipickli "Digital Experience – Android don't find the mainteam name from G_parameter"
2022-09-15 05:34:41 I Odin  get_multipickli "Digital Experience – IOS don't find the mainteam name from G_parameter"
2022-09-15 05:34:50 I Odin  get_multipickli "Unassigned don't find the mainteam name from G_parameter"
2022-09-15 05:35:25 I Odin  get_multipickli "Unassigned don't find the mainteam name from G_parameter"
2022-09-15 05:35:44 I Odin  get_multipickli "Unassigned don't find the mainteam name from G_parameter"
2022-09-15 05:35:57 I Odin  get_multipickli "Unassigned don't find the mainteam name from G_parameter"
2022-09-15 05:36:42 I Odin  get_multipickli "Unassigned don't find the mainteam name from G_parameter"
2022-09-15 05:37:27 I Odin  get_multipickli "Unassigned don't find the mainteam name from G_parameter"
2022-09-15 05:37:30 I Odin  get_multipickli "Unassigned don't find the mainteam name from G_parameter"
2022-09-15 05:37:38 I Odin  get_multipickli "Unassigned don't find the mainteam name from G_parameter"
2022-09-15 05:37:41 I Odin  get_multipickli "Unassigned don't find the mainteam name from G_parameter"
2022-09-15 05:37:43 I Odin  get_multipickli "Unassigned don't find the mainteam name from G_parameter"
2022-09-15 05:37:47 I Odin  get_multipickli "Unassigned don't find the mainteam name from G_parameter"
2022-09-15 05:37:49 I Odin  get_multipickli "Unassigned don't find the mainteam name from G_parameter"
2022-09-15 05:38:08 I Odin  get_multipickli "Unassigned don't find the mainteam name from G_parameter"
2022-09-15 05:38:15 I Odin  get_multipickli "Unassigned don't find the mainteam name from G_parameter"
2022-09-15 05:38:18 I Odin  get_multipickli "Unassigned don't find the mainteam name from G_parameter"
2022-09-15 05:39:05 I Odin  get_multipickli "Unassigned don't find the mainteam name from G_parameter"
2022-09-15 05:39:28 I Odin  get_multipickli "Digital Experience – Android don't find the mainteam name from G_parameter"
2022-09-15 05:39:28 I Odin  get_multipickli "Digital Experience – IOS don't find the mainteam name from G_parameter"
2022-09-15 05:39:31 I Odin  get_multipickli "Digital Experience – Android don't find the mainteam name from G_parameter"
2022-09-15 05:39:31 I Odin  get_multipickli "Digital Experience – IOS don't find the mainteam name from G_parameter"
2022-09-15 05:40:57 I Odin  get_multipickli "ESW Platform Test don't find the mainteam name from G_parameter"
2022-09-15 05:41:19 I Odin  get_multipickli "Unassigned don't find the mainteam name from G_parameter"
2022-09-15 05:41:23 I Odin  Print           "DROP TABLE IF EXISTS allrequirements:successful"
2022-09-15 05:41:23 I Odin  Print           "DROP TABLE IF EXISTS allcoverage:successful"
2022-09-15 05:41:23 I Odin  Print           "CREATE TABLE IF NOT EXISTS requirements (                        rel TEXT, status TEXT, count INT, date TEXT) ENGINE=InnoDB DEFAULT CHARSET=utf8:successful"
2022-09-15 05:41:23 I Odin  Print           "CREATE TABLE IF NOT EXISTS allrequirements (                        id INT, uniqueid TEXT, name TEXT, status TEXT, rel TEXT, upstream TEXT, downstream TEXT, team TEXT, test_status TEXT) ENGINE=InnoDB DEFAULT CHARSET=utf8:successful"
2022-09-15 05:41:23 I Odin  Print           "CREATE TABLE IF NOT EXISTS coverage (                        team text, covered int, expected int, date text) ENGINE=InnoDB DEFAULT CHARSET=utf8:successful"
2022-09-15 05:41:23 I Odin  Print           "CREATE TABLE IF NOT EXISTS allcoverage (                        id INT, uniqueid TEXT, name TEXT, status TEXT, rel TEXT, verify TEXT, missing TEXT) ENGINE=InnoDB DEFAULT CHARSET=utf8:successful"
2022-09-15 05:41:23 I Odin  Print           "DELETE FROM requirements WHERE date='2022-09-15':successful"
2022-09-15 05:41:23 I Odin  Print           "DELETE FROM coverage WHERE date='2022-09-15':successful"
2022-09-15 05:41:23 I Odin  Print           "INSERT INTO requirements (rel, status, count, date) SELECT rel, status, count((@rn := @rn + 1)) as count, '2022-09-15' as date FROM allrequirements cross join (select @rn := 0) const GROUP BY rel, status:successful"
2022-09-15 05:41:23 I Odin  Print           "CREATE TABLE IF NOT EXISTS feattest (rel TEXT, status TEXT, count TEXT, date TEXT) ENGINE=InnoDB DEFAULT CHARSET=utf8:successful"
2022-09-15 05:41:23 I Odin  Print           "CREATE TABLE IF NOT EXISTS reqtest (rel TEXT, status TEXT, count TEXT, date TEXT) ENGINE=InnoDB DEFAULT CHARSET=utf8:successful"
2022-09-15 05:41:23 I Odin  Print           "SELECT id FROM allfeatures:successful"
2022-09-15 05:41:23 I Odin  Print           "SELECT id,upstream,downstream,team FROM allrequirements:successful"
2022-09-15 05:41:23 I Odin  Print           "SELECT id FROM allcoverage:successful"
2022-09-15 05:41:23 I Odin  Print           "SELECT * FROM testcases:successful"
